1 2 1
1 3 1
1 4 1
1 5 1
1 57 1
1 58 1
1 59 1
1 60 1
1 61 1
1 62 1
1 63 1
1 64 1
1 83 1
1 84 1
1 85 1
1 87 1
1 88 1
1 89 1
1 90 1
1 91 1
1 121 1
1 123 1
1 124 1
1 125 1
1 128 1
1 129 1
1 130 1
1 132 1
1 133 1
1 134 1
1 135 1
1 136 1
2 5 1
2 59 1
2 61 1
2 62 1
2 83 1
2 85 1
2 86 1
2 88 1
2 89 1
2 90 1
2 91 1
2 121 1
2 122 1
2 123 1
2 124 1
2 126 1
2 127 1
2 128 1
2 129 1
2 131 1
2 135 1
2 136 1
3 4 1
3 57 1
3 58 1
3 59 1
3 60 1
3 61 1
3 62 1
3 63 1
3 64 1
3 83 1
3 85 1
3 86 1
3 89 1
3 90 1
3 91 1
3 121 1
3 122 1
3 123 1
3 124 1
3 125 1
3 126 1
3 127 1
3 128 1
3 129 1
3 130 1
3 131 1
3 132 1
3 133 1
3 136 1
4 57 1
4 58 1
4 60 1
4 61 1
4 62 1
4 63 1
4 64 1
4 83 1
4 84 1
4 85 1
4 86 1
4 87 1
4 89 1
4 90 1
4 91 1
4 121 1
4 123 1
4 126 1
4 128 1
4 129 1
4 131 1
4 132 1
4 133 1
4 135 1
5 58 1
5 61 1
5 62 1
5 63 1
5 64 1
5 83 1
5 84 1
5 85 1
5 86 1
5 87 1
5 88 1
5 89 1
5 90 1
5 121 1
5 122 1
5 125 1
5 126 1
5 127 1
5 128 1
5 129 1
5 131 1
5 133 1
5 135 1
5 136 1
6 8 1
6 9 1
6 11 1
6 29 1
6 30 1
6 31 1
6 32 1
6 33 1
6 34 1
6 35 1
6 36 1
6 37 1
6 38 1
6 39 1
6 40 1
6 42 1
6 43 1
6 50 1
6 51 1
6 52 1
6 53 1
6 55 1
6 56 1
6 57 1
6 58 1
6 59 1
6 60 1
6 61 1
6 62 1
6 64 1
6 83 1
6 84 1
6 85 1
6 86 1
6 87 1
6 91 1
6 146 1
6 147 1
6 149 1
6 150 1
6 151 1
6 152 1
6 153 1
6 162 1
6 163 1
6 164 1
6 165 1
6 166 1
7 11 1
7 32 1
7 33 1
7 35 1
7 36 1
7 37 1
7 39 1
7 40 1
7 43 1
7 49 1
7 51 1
7 53 1
7 55 1
7 56 1
7 57 1
7 58 1
7 59 1
7 60 1
7 61 1
7 62 1
7 63 1
7 64 1
7 84 1
7 85 1
7 86 1
7 87 1
7 88 1
7 89 1
7 145 1
7 146 1
7 147 1
7 148 1
7 149 1
7 150 1
7 151 1
7 152 1
7 161 1
7 163 1
7 165 1
8 9 1
8 29 1
8 30 1
8 32 1
8 33 1
8 34 1
8 36 1
8 37 1
8 38 1
8 39 1
8 40 1
8 41 1
8 42 1
8 43 1
8 49 1
8 50 1
8 52 1
8 54 1
8 55 1
8 59 1
8 60 1
8 61 1
8 63 1
8 64 1
8 84 1
8 85 1
8 87 1
8 88 1
8 89 1
8 90 1
8 91 1
8 145 1
8 147 1
8 148 1
8 150 1
8 153 1
8 161 1
8 162 1
8 163 1
8 164 1
8 165 1
8 166 1
9 10 1
9 29 1
9 30 1
9 32 1
9 34 1
9 35 1
9 36 1
9 37 1
9 39 1
9 40 1
9 41 1
9 42 1
9 49 1
9 50 1
9 52 1
9 54 1
9 55 1
9 56 1
9 57 1
9 58 1
9 59 1
9 60 1
9 61 1
9 62 1
9 63 1
9 64 1
9 83 1
9 85 1
9 86 1
9 88 1
9 89 1
9 91 1
9 145 1
9 146 1
9 147 1
9 148 1
9 149 1
9 152 1
9 153 1
9 164 1
9 165 1
10 11 1
10 30 1
10 32 1
10 33 1
10 34 1
10 36 1
10 37 1
10 38 1
10 40 1
10 41 1
10 42 1
10 43 1
10 49 1
10 50 1
10 51 1
10 52 1
10 53 1
10 55 1
10 57 1
10 60 1
10 61 1
10 62 1
10 63 1
10 64 1
10 83 1
10 86 1
10 88 1
10 90 1
10 91 1
10 145 1
10 147 1
10 148 1
10 149 1
10 150 1
10 151 1
10 152 1
10 153 1
10 161 1
10 162 1
10 163 1
10 164 1
10 165 1
10 166 1
11 29 1
11 30 1
11 31 1
11 32 1
11 33 1
11 34 1
11 35 1
11 36 1
11 37 1
11 39 1
11 40 1
11 41 1
11 42 1
11 43 1
11 49 1
11 51 1
11 53 1
11 55 1
11 56 1
11 59 1
11 60 1
11 61 1
11 63 1
11 64 1
11 85 1
11 86 1
11 87 1
11 88 1
11 90 1
11 91 1
11 147 1
11 148 1
11 150 1
11 151 1
11 152 1
11 153 1
11 163 1
11 164 1
11 165 1
11 166 1
12 13 1
12 15 1
12 16 1
12 17 1
12 29 1
12 30 1
12 31 1
12 33 1
12 34 1
12 35 1
12 36 1
12 37 1
12 38 1
12 40 1
12 41 1
12 42 1
12 70 1
12 71 1
12 72 1
12 74 1
12 75 1
12 77 1
12 146 1
12 147 1
12 148 1
12 149 1
12 150 1
12 151 1
12 152 1
12 153 1
13 29 1
13 30 1
13 32 1
13 34 1
13 35 1
13 37 1
13 38 1
13 39 1
13 40 1
13 41 1
13 70 1
13 71 1
13 73 1
13 74 1
13 75 1
13 76 1
13 145 1
13 146 1
13 147 1
13 148 1
13 149 1
13 151 1
13 152 1
13 153 1
14 16 1
14 29 1
14 30 1
14 31 1
14 32 1
14 33 1
14 34 1
14 35 1
14 36 1
14 37 1
14 39 1
14 40 1
14 41 1
14 43 1
14 71 1
14 72 1
14 73 1
14 75 1
14 76 1
14 77 1
14 146 1
14 147 1
14 148 1
14 149 1
14 150 1
14 152 1
14 153 1
15 17 1
15 29 1
15 30 1
15 32 1
15 33 1
15 34 1
15 36 1
15 37 1
15 38 1
15 39 1
15 40 1
15 41 1
15 42 1
15 43 1
15 70 1
15 71 1
15 72 1
15 73 1
15 74 1
15 75 1
15 76 1
15 77 1
15 145 1
15 146 1
15 147 1
15 148 1
15 149 1
15 150 1
15 151 1
15 153 1
16 30 1
16 31 1
16 32 1
16 33 1
16 34 1
16 35 1
16 36 1
16 37 1
16 38 1
16 39 1
16 40 1
16 70 1
16 72 1
16 73 1
16 74 1
16 75 1
16 148 1
16 149 1
16 150 1
16 151 1
16 152 1
16 153 1
17 29 1
17 30 1
17 31 1
17 32 1
17 34 1
17 35 1
17 36 1
17 37 1
17 38 1
17 39 1
17 40 1
17 41 1
17 42 1
17 43 1
17 70 1
17 73 1
17 74 1
17 75 1
17 76 1
17 146 1
17 147 1
17 148 1
17 150 1
17 151 1
17 152 1
17 153 1
18 19 1
18 20 1
18 21 1
18 22 1
18 36 1
18 38 1
18 39 1
18 40 1
18 41 1
18 42 1
18 43 1
18 70 1
18 72 1
18 73 1
18 74 1
18 75 1
18 76 1
18 79 1
18 81 1
18 82 1
18 130 1
18 131 1
18 132 1
18 134 1
18 135 1
18 136 1
18 155 1
18 157 1
18 159 1
18 160 1
19 20 1
19 36 1
19 37 1
19 41 1
19 42 1
19 71 1
19 72 1
19 73 1
19 74 1
19 75 1
19 77 1
19 78 1
19 79 1
19 81 1
19 82 1
19 129 1
19 132 1
19 133 1
19 135 1
19 136 1
19 154 1
19 155 1
19 156 1
19 157 1
19 158 1
19 160 1
20 21 1
20 37 1
20 39 1
20 40 1
20 41 1
20 42 1
20 71 1
20 72 1
20 73 1
20 74 1
20 75 1
20 77 1
20 78 1
20 79 1
20 80 1
20 81 1
20 82 1
20 129 1
20 130 1
20 131 1
20 132 1
20 133 1
20 134 1
20 135 1
20 136 1
20 154 1
20 155 1
20 156 1
20 157 1
20 158 1
20 159 1
21 36 1
21 37 1
21 39 1
21 41 1
21 42 1
21 43 1
21 70 1
21 71 1
21 72 1
21 73 1
21 74 1
21 75 1
21 76 1
21 77 1
21 78 1
21 79 1
21 81 1
21 82 1
21 129 1
21 130 1
21 131 1
21 132 1
21 133 1
21 134 1
21 135 1
21 154 1
21 155 1
21 156 1
21 159 1
22 37 1
22 39 1
22 41 1
22 42 1
22 70 1
22 71 1
22 72 1
22 73 1
22 74 1
22 75 1
22 77 1
22 79 1
22 80 1
22 81 1
22 82 1
22 129 1
22 130 1
22 131 1
22 132 1
22 133 1
22 134 1
22 136 1
22 155 1
22 156 1
22 158 1
22 159 1
22 160 1
23 26 1
23 49 1
23 50 1
23 53 1
23 54 1
23 55 1
23 57 1
23 58 1
23 59 1
23 60 1
23 61 1
23 63 1
23 64 1
23 83 1
23 84 1
23 86 1
23 87 1
23 88 1
23 89 1
23 90 1
23 91 1
23 129 1
23 131 1
23 132 1
23 133 1
23 134 1
23 136 1
24 26 1
24 28 1
24 49 1
24 50 1
24 51 1
24 52 1
24 53 1
24 55 1
24 56 1
24 57 1
24 58 1
24 59 1
24 60 1
24 61 1
24 63 1
24 64 1
24 83 1
24 84 1
24 86 1
24 88 1
24 90 1
24 91 1
24 129 1
24 131 1
24 132 1
24 133 1
24 134 1
24 135 1
24 136 1
25 49 1
25 50 1
25 51 1
25 53 1
25 54 1
25 55 1
25 58 1
25 59 1
25 60 1
25 62 1
25 63 1
25 64 1
25 83 1
25 84 1
25 85 1
25 87 1
25 88 1
25 89 1
25 90 1
25 91 1
25 130 1
25 131 1
25 132 1
25 133 1
25 134 1
25 136 1
26 28 1
26 50 1
26 51 1
26 52 1
26 53 1
26 54 1
26 55 1
26 56 1
26 57 1
26 58 1
26 59 1
26 60 1
26 61 1
26 62 1
26 64 1
26 83 1
26 84 1
26 85 1
26 86 1
26 87 1
26 88 1
26 90 1
26 91 1
26 129 1
26 130 1
26 132 1
26 133 1
26 134 1
26 135 1
26 136 1
27 28 1
27 49 1
27 50 1
27 51 1
27 52 1
27 54 1
27 55 1
27 56 1
27 57 1
27 58 1
27 60 1
27 61 1
27 62 1
27 63 1
27 83 1
27 85 1
27 87 1
27 88 1
27 89 1
27 90 1
27 91 1
27 129 1
27 130 1
27 132 1
27 133 1
27 134 1
27 135 1
27 136 1
28 49 1
28 50 1
28 51 1
28 53 1
28 54 1
28 58 1
28 59 1
28 60 1
28 61 1
28 63 1
28 64 1
28 83 1
28 85 1
28 86 1
28 88 1
28 89 1
28 90 1
28 91 1
28 129 1
28 131 1
28 132 1
28 134 1
28 135 1
29 31 1
29 32 1
29 34 1
29 35 1
29 50 1
29 51 1
29 52 1
29 53 1
29 54 1
29 55 1
29 57 1
29 58 1
29 59 1
29 60 1
29 61 1
29 64 1
29 65 1
29 67 1
29 68 1
29 107 1
29 109 1
29 112 1
29 113 1
29 114 1
29 121 1
29 122 1
29 124 1
29 125 1
29 126 1
29 127 1
29 128 1
29 154 1
29 158 1
30 31 1
30 32 1
30 33 1
30 34 1
30 35 1
30 49 1
30 50 1
30 52 1
30 54 1
30 56 1
30 58 1
30 59 1
30 61 1
30 62 1
30 63 1
30 64 1
30 65 1
30 66 1
30 67 1
30 68 1
30 69 1
30 108 1
30 109 1
30 110 1
30 111 1
30 112 1
30 113 1
30 114 1
30 121 1
30 122 1
30 123 1
30 124 1
30 125 1
30 126 1
30 154 1
30 155 1
30 157 1
30 158 1
30 159 1
30 160 1
31 33 1
31 34 1
31 35 1
31 49 1
31 50 1
31 51 1
31 52 1
31 54 1
31 55 1
31 56 1
31 60 1
31 62 1
31 64 1
31 65 1
31 66 1
31 68 1
31 69 1
31 107 1
31 108 1
31 111 1
31 113 1
31 123 1
31 125 1
31 127 1
31 128 1
31 154 1
31 156 1
31 158 1
31 160 1
32 33 1
32 49 1
32 50 1
32 51 1
32 52 1
32 54 1
32 56 1
32 57 1
32 59 1
32 60 1
32 61 1
32 62 1
32 63 1
32 64 1
32 65 1
32 66 1
32 68 1
32 69 1
32 107 1
32 108 1
32 110 1
32 113 1
32 114 1
32 121 1
32 123 1
32 124 1
32 125 1
32 126 1
32 127 1
32 128 1
32 154 1
32 155 1
32 157 1
32 158 1
32 159 1
32 160 1
33 34 1
33 35 1
33 49 1
33 51 1
33 52 1
33 53 1
33 55 1
33 56 1
33 58 1
33 59 1
33 60 1
33 61 1
33 62 1
33 63 1
33 64 1
33 65 1
33 66 1
33 67 1
33 68 1
33 69 1
33 107 1
33 108 1
33 109 1
33 110 1
33 111 1
33 113 1
33 114 1
33 121 1
33 122 1
33 123 1
33 124 1
33 125 1
33 126 1
33 128 1
33 154 1
33 157 1
33 159 1
33 160 1
34 49 1
34 51 1
34 52 1
34 53 1
34 55 1
34 56 1
34 57 1
34 58 1
34 59 1
34 60 1
34 62 1
34 63 1
34 64 1
34 65 1
34 66 1
34 67 1
34 68 1
34 69 1
34 107 1
34 108 1
34 109 1
34 111 1
34 112 1
34 113 1
34 114 1
34 121 1
34 123 1
34 124 1
34 126 1
34 156 1
34 157 1
34 158 1
34 159 1
34 160 1
35 49 1
35 51 1
35 52 1
35 53 1
35 54 1
35 56 1
35 58 1
35 59 1
35 61 1
35 62 1
35 64 1
35 65 1
35 66 1
35 67 1
35 69 1
35 107 1
35 108 1
35 109 1
35 110 1
35 111 1
35 112 1
35 113 1
35 114 1
35 121 1
35 122 1
35 123 1
35 125 1
35 126 1
35 127 1
35 128 1
35 154 1
35 155 1
35 156 1
35 157 1
35 159 1
36 37 1
36 38 1
36 39 1
36 40 1
36 42 1
36 43 1
37 38 1
37 39 1
37 40 1
37 41 1
37 43 1
38 39 1
38 40 1
38 41 1
38 42 1
38 43 1
39 40 1
39 41 1
39 42 1
39 43 1
40 42 1
40 43 1
41 42 1
41 43 1
42 43 1
44 45 1
44 47 1
44 48 1
44 57 1
44 58 1
44 59 1
44 60 1
44 64 1
44 70 1
44 71 1
44 72 1
44 73 1
44 74 1
44 75 1
44 77 1
45 46 1
45 47 1
45 48 1
45 57 1
45 58 1
45 60 1
45 61 1
45 62 1
45 64 1
45 71 1
45 72 1
45 73 1
45 74 1
45 75 1
45 76 1
46 47 1
46 48 1
46 57 1
46 58 1
46 59 1
46 61 1
46 62 1
46 63 1
46 64 1
46 72 1
46 73 1
46 74 1
46 75 1
46 76 1
46 77 1
47 48 1
47 57 1
47 60 1
47 61 1
47 62 1
47 64 1
47 70 1
47 71 1
47 72 1
47 73 1
47 75 1
47 76 1
47 77 1
48 58 1
48 59 1
48 60 1
48 61 1
48 62 1
48 63 1
48 64 1
48 70 1
48 71 1
48 72 1
48 73 1
48 74 1
48 75 1
48 76 1
48 77 1
49 50 1
49 52 1
49 53 1
49 54 1
49 55 1
49 56 1
49 57 1
49 58 1
49 59 1
49 60 1
49 61 1
49 63 1
49 64 1
49 78 1
49 79 1
49 80 1
49 81 1
49 82 1
49 121 1
49 122 1
49 123 1
49 124 1
49 126 1
49 127 1
49 128 1
49 138 1
49 139 1
49 141 1
49 142 1
49 143 1
50 52 1
50 54 1
50 55 1
50 56 1
50 58 1
50 59 1
50 60 1
50 61 1
50 62 1
50 63 1
50 64 1
50 78 1
50 79 1
50 80 1
50 81 1
50 121 1
50 124 1
50 126 1
50 127 1
50 128 1
50 137 1
50 138 1
50 139 1
50 140 1
50 141 1
50 144 1
51 53 1
51 54 1
51 55 1
51 57 1
51 61 1
51 62 1
51 64 1
51 78 1
51 79 1
51 80 1
51 82 1
51 121 1
51 122 1
51 123 1
51 124 1
51 125 1
51 126 1
51 127 1
51 128 1
51 137 1
51 138 1
51 139 1
51 140 1
51 142 1
51 143 1
52 53 1
52 54 1
52 55 1
52 57 1
52 59 1
52 60 1
52 61 1
52 62 1
52 63 1
52 64 1
52 78 1
52 79 1
52 80 1
52 81 1
52 82 1
52 121 1
52 123 1
52 124 1
52 125 1
52 137 1
52 138 1
52 139 1
52 140 1
52 141 1
52 142 1
52 143 1
52 144 1
53 55 1
53 56 1
53 57 1
53 58 1
53 59 1
53 60 1
53 61 1
53 62 1
53 64 1
53 78 1
53 79 1
53 80 1
53 81 1
53 82 1
53 121 1
53 122 1
53 123 1
53 124 1
53 125 1
53 126 1
53 127 1
53 128 1
53 137 1
53 138 1
53 139 1
53 140 1
53 141 1
53 142 1
53 143 1
53 144 1
54 55 1
54 56 1
54 57 1
54 58 1
54 59 1
54 60 1
54 62 1
54 80 1
54 81 1
54 82 1
54 121 1
54 122 1
54 123 1
54 124 1
54 125 1
54 127 1
54 137 1
54 138 1
54 139 1
54 140 1
54 141 1
54 142 1
55 56 1
55 59 1
55 60 1
55 62 1
55 63 1
55 64 1
55 79 1
55 80 1
55 82 1
55 121 1
55 122 1
55 123 1
55 124 1
55 125 1
55 126 1
55 127 1
55 128 1
55 137 1
55 139 1
55 140 1
55 142 1
55 143 1
55 144 1
56 57 1
56 58 1
56 59 1
56 60 1
56 61 1
56 63 1
56 64 1
56 78 1
56 79 1
56 80 1
56 81 1
56 82 1
56 121 1
56 122 1
56 123 1
56 124 1
56 125 1
56 126 1
56 128 1
56 138 1
56 139 1
56 140 1
56 141 1
56 143 1
56 144 1
57 58 1
57 59 1
57 61 1
57 62 1
57 64 1
57 83 1
57 84 1
57 87 1
57 88 1
57 89 1
57 108 1
57 110 1
57 112 1
57 113 1
57 114 1
57 130 1
57 131 1
57 132 1
57 133 1
57 136 1
57 154 1
57 155 1
57 156 1
57 157 1
57 158 1
57 159 1
57 160 1
57 167 1
57 168 1
57 170 1
57 171 1
57 172 1
57 175 1
58 59 1
58 60 1
58 61 1
58 63 1
58 64 1
58 83 1
58 84 1
58 85 1
58 88 1
58 89 1
58 91 1
58 108 1
58 109 1
58 110 1
58 111 1
58 112 1
58 113 1
58 129 1
58 130 1
58 131 1
58 132 1
58 133 1
58 134 1
58 135 1
58 136 1
58 155 1
58 158 1
58 159 1
58 160 1
58 167 1
58 168 1
58 171 1
58 173 1
58 174 1
58 175 1
59 60 1
59 61 1
59 62 1
59 64 1
59 83 1
59 85 1
59 86 1
59 90 1
59 107 1
59 108 1
59 109 1
59 110 1
59 112 1
59 113 1
59 114 1
59 129 1
59 132 1
59 133 1
59 134 1
59 135 1
59 154 1
59 155 1
59 158 1
59 159 1
59 167 1
59 169 1
59 170 1
59 171 1
59 173 1
59 174 1
60 62 1
60 83 1
60 84 1
60 85 1
60 86 1
60 87 1
60 88 1
60 89 1
60 90 1
60 91 1
60 107 1
60 108 1
60 109 1
60 110 1
60 111 1
60 112 1
60 113 1
60 114 1
60 129 1
60 130 1
60 131 1
60 133 1
60 134 1
60 135 1
60 136 1
60 157 1
60 158 1
60 167 1
60 168 1
60 169 1
60 171 1
60 172 1
60 174 1
60 175 1
61 62 1
61 64 1
61 83 1
61 84 1
61 86 1
61 88 1
61 89 1
61 91 1
61 109 1
61 110 1
61 111 1
61 113 1
61 114 1
61 130 1
61 131 1
61 132 1
61 134 1
61 135 1
61 136 1
61 154 1
61 155 1
61 156 1
61 157 1
61 158 1
61 159 1
61 160 1
61 167 1
61 169 1
61 170 1
61 172 1
61 173 1
61 175 1
62 64 1
62 83 1
62 84 1
62 85 1
62 88 1
62 90 1
62 91 1
62 107 1
62 108 1
62 110 1
62 113 1
62 114 1
62 129 1
62 130 1
62 131 1
62 132 1
62 133 1
62 134 1
62 135 1
62 154 1
62 157 1
62 158 1
62 159 1
62 160 1
62 167 1
62 170 1
62 172 1
62 173 1
62 174 1
62 175 1
63 64 1
63 83 1
63 84 1
63 85 1
63 86 1
63 89 1
63 90 1
63 91 1
63 107 1
63 108 1
63 109 1
63 110 1
63 111 1
63 112 1
63 114 1
63 129 1
63 131 1
63 132 1
63 133 1
63 134 1
63 135 1
63 154 1
63 156 1
63 157 1
63 158 1
63 159 1
63 160 1
63 167 1
63 168 1
63 169 1
63 170 1
63 172 1
63 173 1
63 174 1
63 175 1
64 83 1
64 86 1
64 87 1
64 88 1
64 89 1
64 91 1
64 107 1
64 108 1
64 109 1
64 111 1
64 112 1
64 113 1
64 114 1
64 129 1
64 132 1
64 133 1
64 134 1
64 135 1
64 136 1
64 155 1
64 156 1
64 157 1
64 158 1
64 159 1
64 160 1
64 168 1
64 169 1
64 170 1
64 171 1
64 172 1
64 174 1
64 175 1
65 67 1
65 98 1
65 99 1
65 102 1
65 104 1
65 106 1
65 122 1
65 124 1
65 125 1
65 126 1
65 128 1
65 154 1
65 155 1
65 157 1
65 158 1
65 159 1
65 160 1
65 161 1
65 162 1
65 163 1
65 164 1
65 165 1
65 166 1
65 167 1
65 168 1
65 170 1
65 171 1
65 172 1
65 173 1
65 174 1
66 67 1
66 99 1
66 101 1
66 102 1
66 104 1
66 105 1
66 106 1
66 121 1
66 122 1
66 124 1
66 125 1
66 127 1
66 128 1
66 154 1
66 156 1
66 157 1
66 158 1
66 159 1
66 161 1
66 163 1
66 164 1
66 165 1
66 167 1
66 168 1
66 169 1
66 170 1
66 171 1
66 174 1
66 175 1
67 68 1
67 69 1
67 99 1
67 100 1
67 101 1
67 103 1
67 104 1
67 106 1
67 121 1
67 122 1
67 123 1
67 124 1
67 125 1
67 126 1
67 127 1
67 128 1
67 154 1
67 155 1
67 156 1
67 158 1
67 159 1
67 160 1
67 161 1
67 162 1
67 163 1
67 164 1
67 165 1
67 166 1
67 167 1
67 168 1
67 171 1
67 173 1
67 174 1
67 175 1
68 98 1
68 99 1
68 100 1
68 101 1
68 102 1
68 103 1
68 104 1
68 105 1
68 106 1
68 123 1
68 124 1
68 125 1
68 126 1
68 127 1
68 128 1
68 154 1
68 156 1
68 157 1
68 158 1
68 161 1
68 162 1
68 163 1
68 165 1
68 166 1
68 167 1
68 168 1
68 169 1
68 172 1
68 173 1
68 174 1
69 98 1
69 101 1
69 103 1
69 104 1
69 124 1
69 126 1
69 128 1
69 154 1
69 155 1
69 157 1
69 158 1
69 159 1
69 160 1
69 161 1
69 162 1
69 163 1
69 165 1
69 166 1
69 167 1
69 168 1
69 169 1
69 170 1
69 171 1
69 173 1
69 174 1
69 175 1
70 74 1
70 75 1
70 76 1
70 71 1
70 73 1
70 79 1
70 80 1
70 81 1
70 82 1
70 115 1
70 116 1
70 117 1
70 118 1
70 119 1
70 120 1
70 137 1
70 139 1
70 140 1
70 141 1
70 142 1
70 144 1
70 154 1
70 155 1
70 158 1
70 159 1
70 160 1
70 161 1
70 162 1
70 163 1
70 164 1
70 166 1
71 74 1
71 75 1
71 76 1
71 77 1
71 72 1
71 78 1
71 79 1
71 80 1
71 81 1
71 115 1
71 116 1
71 117 1
71 118 1
71 119 1
71 120 1
71 137 1
71 139 1
71 140 1
71 141 1
71 143 1
71 144 1
71 154 1
71 156 1
71 158 1
71 160 1
71 161 1
71 162 1
71 164 1
71 165 1
71 166 1
72 74 1
72 75 1
72 78 1
72 79 1
72 82 1
72 115 1
72 118 1
72 119 1
72 120 1
72 137 1
72 138 1
72 139 1
72 140 1
72 141 1
72 142 1
72 143 1
72 155 1
72 157 1
72 159 1
72 160 1
72 163 1
72 164 1
72 165 1
72 166 1
73 76 1
73 79 1
73 80 1
73 81 1
73 116 1
73 117 1
73 118 1
73 119 1
73 120 1
73 138 1
73 139 1
73 140 1
73 141 1
73 142 1
73 143 1
73 154 1
73 156 1
73 159 1
73 160 1
73 161 1
73 162 1
73 163 1
73 164 1
73 165 1
73 166 1
74 77 1
74 78 1
74 79 1
74 80 1
74 82 1
74 115 1
74 116 1
74 117 1
74 118 1
74 119 1
74 120 1
74 137 1
74 139 1
74 143 1
74 154 1
74 155 1
74 156 1
74 158 1
74 159 1
74 160 1
74 161 1
74 162 1
74 164 1
74 166 1
75 78 1
75 79 1
75 80 1
75 81 1
75 82 1
75 115 1
75 116 1
75 117 1
75 118 1
75 119 1
75 120 1
75 139 1
75 140 1
75 142 1
75 143 1
75 144 1
75 154 1
75 155 1
75 157 1
75 158 1
75 159 1
75 160 1
75 162 1
75 163 1
75 164 1
75 165 1
75 166 1
76 77 1
76 78 1
76 79 1
76 80 1
76 81 1
76 82 1
76 115 1
76 116 1
76 117 1
76 119 1
76 120 1
76 137 1
76 139 1
76 140 1
76 142 1
76 143 1
76 144 1
76 154 1
76 155 1
76 157 1
76 158 1
76 159 1
76 160 1
76 161 1
76 163 1
76 166 1
77 79 1
77 80 1
77 81 1
77 115 1
77 116 1
77 117 1
77 120 1
77 137 1
77 138 1
77 139 1
77 140 1
77 141 1
77 142 1
77 143 1
77 154 1
77 155 1
77 156 1
77 157 1
77 160 1
77 162 1
77 163 1
77 164 1
77 166 1
78 80 1
78 81 1
78 82 1
78 98 1
78 99 1
78 102 1
78 103 1
78 104 1
78 106 1
78 137 1
78 139 1
78 140 1
78 141 1
78 142 1
78 143 1
78 144 1
78 161 1
78 162 1
78 163 1
78 165 1
79 80 1
79 98 1
79 99 1
79 100 1
79 101 1
79 102 1
79 105 1
79 137 1
79 138 1
79 139 1
79 141 1
79 142 1
79 143 1
79 144 1
79 161 1
79 162 1
79 163 1
80 81 1
80 82 1
80 98 1
80 99 1
80 100 1
80 101 1
80 102 1
80 103 1
80 104 1
80 105 1
80 106 1
80 137 1
80 138 1
80 140 1
80 143 1
80 144 1
80 162 1
80 164 1
80 165 1
80 166 1
81 99 1
81 101 1
81 102 1
81 103 1
81 104 1
81 105 1
81 106 1
81 137 1
81 138 1
81 139 1
81 142 1
81 143 1
81 144 1
81 161 1
81 162 1
81 163 1
81 164 1
81 165 1
81 166 1
82 98 1
82 99 1
82 101 1
82 102 1
82 103 1
82 104 1
82 105 1
82 138 1
82 139 1
82 141 1
82 142 1
82 143 1
82 161 1
82 162 1
82 163 1
82 164 1
82 165 1
82 166 1
83 87 1
83 88 1
83 90 1
83 84 1
83 98 1
83 100 1
83 101 1
83 103 1
83 104 1
83 106 1
83 107 1
83 108 1
83 109 1
83 110 1
83 111 1
83 112 1
83 113 1
83 114 1
83 122 1
83 123 1
83 124 1
83 125 1
83 126 1
83 127 1
83 128 1
83 145 1
83 146 1
83 147 1
83 150 1
83 151 1
83 152 1
83 153 1
83 155 1
83 156 1
83 158 1
83 159 1
83 160 1
84 87 1
84 88 1
84 89 1
84 90 1
84 91 1
84 85 1
84 98 1
84 100 1
84 101 1
84 103 1
84 105 1
84 108 1
84 109 1
84 110 1
84 112 1
84 113 1
84 121 1
84 122 1
84 123 1
84 127 1
84 128 1
84 146 1
84 147 1
84 150 1
84 151 1
84 152 1
84 153 1
84 154 1
84 155 1
84 156 1
84 157 1
84 159 1
84 160 1
85 89 1
85 90 1
85 91 1
85 98 1
85 99 1
85 100 1
85 102 1
85 103 1
85 104 1
85 105 1
85 106 1
85 107 1
85 108 1
85 109 1
85 110 1
85 111 1
85 112 1
85 113 1
85 114 1
85 121 1
85 122 1
85 125 1
85 127 1
85 128 1
85 145 1
85 146 1
85 147 1
85 149 1
85 150 1
85 152 1
85 154 1
85 155 1
85 158 1
85 159 1
85 160 1
86 89 1
86 90 1
86 91 1
86 99 1
86 100 1
86 101 1
86 102 1
86 103 1
86 104 1
86 105 1
86 106 1
86 107 1
86 109 1
86 110 1
86 111 1
86 112 1
86 113 1
86 114 1
86 121 1
86 122 1
86 124 1
86 125 1
86 126 1
86 127 1
86 128 1
86 145 1
86 146 1
86 148 1
86 149 1
86 150 1
86 153 1
86 154 1
86 155 1
86 156 1
86 159 1
86 160 1
87 90 1
87 98 1
87 99 1
87 100 1
87 101 1
87 103 1
87 106 1
87 107 1
87 108 1
87 109 1
87 110 1
87 111 1
87 112 1
87 113 1
87 122 1
87 123 1
87 124 1
87 125 1
87 126 1
87 145 1
87 146 1
87 147 1
87 148 1
87 149 1
87 150 1
87 152 1
87 153 1
87 155 1
87 156 1
87 157 1
87 159 1
87 160 1
88 90 1
88 98 1
88 99 1
88 100 1
88 101 1
88 102 1
88 103 1
88 104 1
88 106 1
88 107 1
88 109 1
88 111 1
88 114 1
88 121 1
88 122 1
88 124 1
88 125 1
88 127 1
88 128 1
88 145 1
88 147 1
88 150 1
88 152 1
88 153 1
88 154 1
88 156 1
88 157 1
88 158 1
88 159 1
88 160 1
89 99 1
89 100 1
89 101 1
89 102 1
89 103 1
89 104 1
89 105 1
89 106 1
89 107 1
89 108 1
89 109 1
89 110 1
89 111 1
89 112 1
89 113 1
89 114 1
89 121 1
89 122 1
89 123 1
89 126 1
89 128 1
89 146 1
89 149 1
89 150 1
89 151 1
89 152 1
89 153 1
89 154 1
89 155 1
89 156 1
89 158 1
89 159 1
89 160 1
90 98 1
90 99 1
90 100 1
90 101 1
90 102 1
90 103 1
90 105 1
90 106 1
90 107 1
90 108 1
90 110 1
90 112 1
90 113 1
90 114 1
90 123 1
90 124 1
90 125 1
90 127 1
90 128 1
90 145 1
90 146 1
90 147 1
90 148 1
90 149 1
90 150 1
90 153 1
90 154 1
90 156 1
90 157 1
90 158 1
90 160 1
91 98 1
91 99 1
91 100 1
91 101 1
91 102 1
91 103 1
91 106 1
91 108 1
91 109 1
91 110 1
91 111 1
91 113 1
91 123 1
91 124 1
91 125 1
91 126 1
91 127 1
91 128 1
91 145 1
91 148 1
91 149 1
91 150 1
91 151 1
91 153 1
91 155 1
91 156 1
91 157 1
91 158 1
91 159 1
92 97 1
92 107 1
92 109 1
92 112 1
92 113 1
92 114 1
92 121 1
92 122 1
92 123 1
92 124 1
92 125 1
92 126 1
92 127 1
92 128 1
92 155 1
92 156 1
92 158 1
92 159 1
92 160 1
92 161 1
92 162 1
92 165 1
92 166 1
92 168 1
92 169 1
92 170 1
92 171 1
92 172 1
92 173 1
92 174 1
93 96 1
93 97 1
93 108 1
93 109 1
93 111 1
93 114 1
93 121 1
93 123 1
93 124 1
93 125 1
93 126 1
93 127 1
93 128 1
93 154 1
93 155 1
93 156 1
93 158 1
93 159 1
93 160 1
93 161 1
93 162 1
93 164 1
93 165 1
93 166 1
93 167 1
93 168 1
93 169 1
93 170 1
93 171 1
93 172 1
93 173 1
93 174 1
93 175 1
94 95 1
94 97 1
94 107 1
94 108 1
94 109 1
94 110 1
94 111 1
94 112 1
94 113 1
94 121 1
94 122 1
94 123 1
94 124 1
94 126 1
94 127 1
94 128 1
94 154 1
94 155 1
94 156 1
94 157 1
94 158 1
94 159 1
94 160 1
94 161 1
94 162 1
94 163 1
94 164 1
94 165 1
94 166 1
94 167 1
94 168 1
94 169 1
94 170 1
94 171 1
94 172 1
94 173 1
94 174 1
94 175 1
95 108 1
95 109 1
95 110 1
95 112 1
95 113 1
95 114 1
95 121 1
95 123 1
95 124 1
95 125 1
95 126 1
95 127 1
95 128 1
95 154 1
95 155 1
95 156 1
95 157 1
95 158 1
95 160 1
95 161 1
95 164 1
95 165 1
95 166 1
95 167 1
95 169 1
95 170 1
95 171 1
95 172 1
95 173 1
95 175 1
96 107 1
96 110 1
96 111 1
96 114 1
96 121 1
96 122 1
96 124 1
96 125 1
96 154 1
96 155 1
96 156 1
96 158 1
96 159 1
96 161 1
96 162 1
96 163 1
96 165 1
96 167 1
96 168 1
96 169 1
96 170 1
96 171 1
96 173 1
96 174 1
97 107 1
97 108 1
97 109 1
97 110 1
97 111 1
97 112 1
97 113 1
97 114 1
97 121 1
97 122 1
97 124 1
97 125 1
97 127 1
97 128 1
97 154 1
97 155 1
97 156 1
97 157 1
97 158 1
97 159 1
97 160 1
97 161 1
97 162 1
97 163 1
97 164 1
97 165 1
97 166 1
97 167 1
97 168 1
97 169 1
97 170 1
97 171 1
97 173 1
97 174 1
98 99 1
98 101 1
98 106 1
98 107 1
98 108 1
98 109 1
98 110 1
98 111 1
98 112 1
98 113 1
98 114 1
98 122 1
98 123 1
98 125 1
98 126 1
98 127 1
98 155 1
98 158 1
98 159 1
99 100 1
99 102 1
99 105 1
99 106 1
99 108 1
99 109 1
99 111 1
99 112 1
99 113 1
99 121 1
99 122 1
99 123 1
99 125 1
99 127 1
99 128 1
99 154 1
99 156 1
99 157 1
99 158 1
99 159 1
99 160 1
100 101 1
100 102 1
100 105 1
100 107 1
100 108 1
100 109 1
100 110 1
100 112 1
100 113 1
100 114 1
100 121 1
100 123 1
100 124 1
100 126 1
100 127 1
100 128 1
100 154 1
100 156 1
100 157 1
100 158 1
100 159 1
100 160 1
101 102 1
101 105 1
101 107 1
101 108 1
101 109 1
101 110 1
101 112 1
101 114 1
101 121 1
101 122 1
101 124 1
101 125 1
101 126 1
101 127 1
101 154 1
101 155 1
101 156 1
101 157 1
102 107 1
102 108 1
102 109 1
102 112 1
102 113 1
102 121 1
102 122 1
102 123 1
102 124 1
102 125 1
102 126 1
102 127 1
102 128 1
102 154 1
102 155 1
102 156 1
102 157 1
102 158 1
102 159 1
102 160 1
103 107 1
103 108 1
103 111 1
103 112 1
103 113 1
103 123 1
103 125 1
103 127 1
103 128 1
103 154 1
103 155 1
103 156 1
103 157 1
103 158 1
103 160 1
104 105 1
104 107 1
104 108 1
104 109 1
104 110 1
104 112 1
104 113 1
104 114 1
104 121 1
104 122 1
104 123 1
104 125 1
104 126 1
104 127 1
104 128 1
104 155 1
104 158 1
104 159 1
104 160 1
105 106 1
105 108 1
105 110 1
105 111 1
105 112 1
105 113 1
105 114 1
105 121 1
105 122 1
105 124 1
105 125 1
105 126 1
105 127 1
105 128 1
105 154 1
105 155 1
105 156 1
105 157 1
105 158 1
105 159 1
105 160 1
106 107 1
106 108 1
106 110 1
106 111 1
106 112 1
106 113 1
106 114 1
106 122 1
106 123 1
106 124 1
106 125 1
106 126 1
106 127 1
106 128 1
106 154 1
106 155 1
106 156 1
106 157 1
106 159 1
106 160 1
107 108 1
107 110 1
107 137 1
107 138 1
107 141 1
107 142 1
107 143 1
107 144 1
108 109 1
108 110 1
108 112 1
108 113 1
108 114 1
108 137 1
108 138 1
108 140 1
108 141 1
108 142 1
108 144 1
109 110 1
109 111 1
109 113 1
109 138 1
109 139 1
109 140 1
109 141 1
109 142 1
109 143 1
109 144 1
110 111 1
110 139 1
110 140 1
110 141 1
110 142 1
110 143 1
111 112 1
111 114 1
111 137 1
111 138 1
111 139 1
111 140 1
111 142 1
111 144 1
112 113 1
112 138 1
112 139 1
112 140 1
112 142 1
112 143 1
113 137 1
113 138 1
113 139 1
113 140 1
113 144 1
114 137 1
114 138 1
114 139 1
114 140 1
114 142 1
114 143 1
114 144 1
115 116 1
115 118 1
115 154 1
115 155 1
115 156 1
115 157 1
115 158 1
115 159 1
115 160 1
115 167 1
115 170 1
115 171 1
115 172 1
115 174 1
116 117 1
116 118 1
116 154 1
116 155 1
116 156 1
116 157 1
116 158 1
116 160 1
116 167 1
116 168 1
116 169 1
116 171 1
116 172 1
116 173 1
116 175 1
117 118 1
117 154 1
117 157 1
117 158 1
117 160 1
117 167 1
117 168 1
117 169 1
117 171 1
117 172 1
117 173 1
117 174 1
118 119 1
118 120 1
118 154 1
118 155 1
118 156 1
118 157 1
118 158 1
118 159 1
118 160 1
118 168 1
118 169 1
118 170 1
118 171 1
118 173 1
118 174 1
118 175 1
119 120 1
119 154 1
119 155 1
119 156 1
119 157 1
119 160 1
119 167 1
119 168 1
119 169 1
119 170 1
119 171 1
119 172 1
119 173 1
119 174 1
120 154 1
120 155 1
120 156 1
120 158 1
120 159 1
120 160 1
120 167 1
120 168 1
120 169 1
120 171 1
120 172 1
120 173 1
120 174 1
121 122 1
121 125 1
121 146 1
121 147 1
121 148 1
121 149 1
121 150 1
121 151 1
121 152 1
121 153 1
122 123 1
122 124 1
122 126 1
122 145 1
122 146 1
122 148 1
122 149 1
122 150 1
122 151 1
122 152 1
122 153 1
123 124 1
123 126 1
123 145 1
123 146 1
123 147 1
123 148 1
123 149 1
123 150 1
123 151 1
123 152 1
124 125 1
124 126 1
124 145 1
124 148 1
124 149 1
124 150 1
124 151 1
124 152 1
125 145 1
125 146 1
125 147 1
125 148 1
125 149 1
125 150 1
125 153 1
126 127 1
126 146 1
126 147 1
126 148 1
126 150 1
126 153 1
127 128 1
127 145 1
127 147 1
127 148 1
127 149 1
127 150 1
128 145 1
128 147 1
128 149 1
128 152 1
128 153 1
129 130 1
129 131 1
129 132 1
129 133 1
129 134 1
129 136 1
130 131 1
130 133 1
130 136 1
132 135 1
133 134 1
133 135 1
134 135 1
134 136 1
135 136 1
137 139 1
137 146 1
137 147 1
137 149 1
137 150 1
137 151 1
137 153 1
137 167 1
137 168 1
137 169 1
137 171 1
137 172 1
137 173 1
137 174 1
137 175 1
138 142 1
138 145 1
138 146 1
138 147 1
138 150 1
138 153 1
138 168 1
138 169 1
138 171 1
138 172 1
138 173 1
138 174 1
138 175 1
139 142 1
139 143 1
139 147 1
139 148 1
139 149 1
139 150 1
139 152 1
139 153 1
139 167 1
139 168 1
139 169 1
139 170 1
139 171 1
139 172 1
139 173 1
140 143 1
140 144 1
140 146 1
140 147 1
140 148 1
140 150 1
140 151 1
140 152 1
140 153 1
140 167 1
140 168 1
140 169 1
140 171 1
140 172 1
140 174 1
141 142 1
141 146 1
141 148 1
141 149 1
141 150 1
141 152 1
141 153 1
141 167 1
141 168 1
141 170 1
141 171 1
141 173 1
142 143 1
142 145 1
142 146 1
142 147 1
142 149 1
142 150 1
142 151 1
142 152 1
142 153 1
142 167 1
142 168 1
142 169 1
142 170 1
142 173 1
142 175 1
143 146 1
143 147 1
143 148 1
143 149 1
143 150 1
143 151 1
143 152 1
143 153 1
143 168 1
143 169 1
143 170 1
143 172 1
143 173 1
143 174 1
144 145 1
144 147 1
144 148 1
144 149 1
144 150 1
144 151 1
144 152 1
144 153 1
144 167 1
144 168 1
144 169 1
144 170 1
144 173 1
145 146 1
145 148 1
145 149 1
145 150 1
145 151 1
145 153 1
145 168 1
145 169 1
145 171 1
145 172 1
145 173 1
145 174 1
146 147 1
146 153 1
146 168 1
146 169 1
146 170 1
146 171 1
146 172 1
146 173 1
146 174 1
146 175 1
147 148 1
147 153 1
147 167 1
147 169 1
147 171 1
147 172 1
147 173 1
147 175 1
148 167 1
148 168 1
148 169 1
148 170 1
148 171 1
148 174 1
148 175 1
149 150 1
149 167 1
149 168 1
149 169 1
149 170 1
149 171 1
149 172 1
149 173 1
149 174 1
149 175 1
150 153 1
150 167 1
150 168 1
150 169 1
150 173 1
150 174 1
151 152 1
151 168 1
151 169 1
151 170 1
151 171 1
151 172 1
151 173 1
151 175 1
152 167 1
152 168 1
152 169 1
152 171 1
152 172 1
152 174 1
152 175 1
153 168 1
153 169 1
153 170 1
153 171 1
153 172 1
153 173 1
153 174 1
153 175 1
154 155 1
154 156 1
154 161 1
154 162 1
154 163 1
154 164 1
154 165 1
154 166 1
155 161 1
155 162 1
155 163 1
155 164 1
155 165 1
156 161 1
156 162 1
156 163 1
156 164 1
156 165 1
156 166 1
157 158 1
157 160 1
157 163 1
157 164 1
157 165 1
157 166 1
158 159 1
158 163 1
158 164 1
158 166 1
159 160 1
159 161 1
159 162 1
159 163 1
159 164 1
160 161 1
160 163 1
160 166 1
161 165 1
161 166 1
162 166 1
163 164 1
163 165 1
168 170 1
168 171 1
169 172 1
169 173 1
169 174 1
169 175 1
171 172 1
171 174 1
