1 2 1
1 3 1
1 4 1
1 5 1
1 7 1
1 9 1
1 10 1
1 11 1
1 17 1
1 18 1
1 19 1
1 20 1
1 21 1
1 22 1
1 23 1
1 119 1
1 120 1
1 123 1
1 124 1
1 126 1
1 127 1
1 128 1
1 129 1
1 130 1
1 131 1
1 143 1
1 144 1
1 145 1
1 146 1
1 147 1
1 148 1
2 7 1
2 8 1
2 9 1
2 10 1
2 11 1
2 17 1
2 18 1
2 19 1
2 20 1
2 21 1
2 22 1
2 119 1
2 120 1
2 121 1
2 122 1
2 123 1
2 126 1
2 127 1
2 128 1
2 130 1
2 132 1
2 133 1
2 142 1
2 143 1
2 145 1
2 146 1
2 147 1
3 5 1
3 7 1
3 8 1
3 9 1
3 10 1
3 11 1
3 17 1
3 18 1
3 19 1
3 21 1
3 22 1
3 23 1
3 119 1
3 120 1
3 121 1
3 123 1
3 124 1
3 125 1
3 126 1
3 127 1
3 128 1
3 129 1
3 130 1
3 131 1
3 132 1
3 141 1
3 142 1
3 143 1
3 144 1
3 145 1
3 146 1
3 148 1
4 6 1
4 7 1
4 8 1
4 9 1
4 17 1
4 19 1
4 21 1
4 23 1
4 119 1
4 120 1
4 121 1
4 123 1
4 124 1
4 127 1
4 128 1
4 129 1
4 130 1
4 132 1
4 133 1
4 141 1
4 142 1
4 143 1
4 144 1
4 145 1
4 148 1
5 6 1
5 7 1
5 8 1
5 9 1
5 18 1
5 19 1
5 20 1
5 22 1
5 119 1
5 120 1
5 121 1
5 124 1
5 127 1
5 128 1
5 129 1
5 132 1
5 143 1
5 144 1
5 146 1
5 147 1
5 148 1
6 7 1
6 8 1
6 9 1
6 10 1
6 11 1
6 17 1
6 18 1
6 19 1
6 20 1
6 21 1
6 22 1
6 23 1
6 58 1
6 60 1
6 62 1
6 63 1
6 64 1
6 65 1
6 66 1
6 67 1
6 68 1
6 71 1
6 72 1
6 73 1
6 74 1
6 83 1
6 85 1
6 86 1
6 87 1
6 88 1
6 90 1
6 91 1
6 100 1
6 101 1
6 102 1
6 103 1
6 105 1
6 106 1
6 107 1
6 108 1
6 109 1
6 110 1
6 111 1
6 112 1
6 113 1
6 114 1
6 116 1
6 117 1
6 118 1
7 17 1
7 19 1
7 21 1
7 22 1
7 58 1
7 59 1
7 62 1
7 63 1
7 65 1
7 66 1
7 69 1
7 71 1
7 72 1
7 73 1
7 83 1
7 84 1
7 85 1
7 87 1
7 88 1
7 89 1
7 100 1
7 102 1
7 103 1
7 104 1
7 106 1
7 107 1
7 108 1
7 109 1
7 110 1
7 111 1
7 112 1
7 113 1
7 114 1
7 115 1
7 116 1
7 118 1
8 10 1
8 17 1
8 19 1
8 20 1
8 22 1
8 23 1
8 58 1
8 60 1
8 61 1
8 63 1
8 64 1
8 65 1
8 66 1
8 68 1
8 69 1
8 71 1
8 73 1
8 74 1
8 84 1
8 85 1
8 86 1
8 87 1
8 88 1
8 89 1
8 91 1
8 100 1
8 101 1
8 102 1
8 105 1
8 106 1
8 107 1
8 108 1
8 110 1
8 112 1
8 113 1
8 115 1
8 116 1
9 18 1
9 19 1
9 20 1
9 22 1
9 58 1
9 59 1
9 61 1
9 62 1
9 64 1
9 65 1
9 66 1
9 67 1
9 68 1
9 69 1
9 70 1
9 71 1
9 73 1
9 74 1
9 83 1
9 84 1
9 85 1
9 86 1
9 87 1
9 88 1
9 89 1
9 90 1
9 100 1
9 101 1
9 103 1
9 104 1
9 107 1
9 108 1
9 109 1
9 112 1
9 113 1
9 114 1
9 115 1
9 116 1
9 117 1
9 118 1
10 17 1
10 18 1
10 19 1
10 20 1
10 21 1
10 23 1
10 58 1
10 59 1
10 60 1
10 61 1
10 62 1
10 63 1
10 64 1
10 65 1
10 66 1
10 68 1
10 69 1
10 70 1
10 74 1
10 85 1
10 86 1
10 90 1
10 91 1
10 100 1
10 101 1
10 103 1
10 104 1
10 105 1
10 106 1
10 107 1
10 108 1
10 109 1
10 111 1
10 113 1
10 115 1
10 116 1
10 117 1
11 18 1
11 19 1
11 20 1
11 22 1
11 23 1
11 58 1
11 60 1
11 61 1
11 63 1
11 64 1
11 66 1
11 68 1
11 70 1
11 72 1
11 73 1
11 74 1
11 85 1
11 86 1
11 87 1
11 88 1
11 89 1
11 101 1
11 105 1
11 107 1
11 108 1
11 111 1
11 112 1
11 113 1
11 114 1
11 116 1
11 117 1
11 118 1
12 13 1
12 14 1
12 15 1
12 16 1
12 33 1
12 34 1
12 35 1
12 36 1
12 38 1
12 51 1
12 52 1
12 53 1
12 54 1
12 55 1
12 56 1
12 57 1
12 66 1
12 67 1
12 70 1
12 72 1
12 73 1
12 74 1
12 75 1
12 76 1
12 77 1
12 79 1
12 81 1
12 82 1
12 92 1
12 93 1
12 94 1
12 95 1
12 96 1
12 97 1
12 98 1
12 99 1
12 100 1
12 101 1
12 103 1
12 104 1
12 106 1
12 108 1
12 109 1
12 111 1
12 113 1
12 116 1
12 118 1
13 33 1
13 34 1
13 35 1
13 36 1
13 37 1
13 38 1
13 51 1
13 52 1
13 53 1
13 54 1
13 55 1
13 56 1
13 57 1
13 66 1
13 70 1
13 71 1
13 72 1
13 73 1
13 74 1
13 75 1
13 76 1
13 78 1
13 79 1
13 82 1
13 92 1
13 93 1
13 94 1
13 96 1
13 97 1
13 98 1
13 99 1
13 101 1
13 103 1
13 104 1
13 105 1
13 106 1
13 107 1
13 108 1
13 109 1
13 110 1
13 111 1
13 112 1
13 114 1
13 115 1
13 117 1
13 118 1
14 33 1
14 34 1
14 35 1
14 36 1
14 37 1
14 51 1
14 52 1
14 53 1
14 54 1
14 55 1
14 56 1
14 66 1
14 67 1
14 69 1
14 70 1
14 71 1
14 72 1
14 73 1
14 74 1
14 75 1
14 77 1
14 78 1
14 79 1
14 80 1
14 81 1
14 92 1
14 93 1
14 94 1
14 95 1
14 96 1
14 97 1
14 99 1
14 100 1
14 102 1
14 103 1
14 104 1
14 105 1
14 106 1
14 107 1
14 108 1
14 109 1
14 110 1
14 111 1
14 114 1
14 115 1
14 117 1
14 118 1
15 34 1
15 35 1
15 36 1
15 37 1
15 38 1
15 53 1
15 54 1
15 55 1
15 56 1
15 57 1
15 66 1
15 68 1
15 69 1
15 72 1
15 73 1
15 74 1
15 75 1
15 79 1
15 82 1
15 92 1
15 93 1
15 94 1
15 95 1
15 96 1
15 98 1
15 99 1
15 100 1
15 102 1
15 103 1
15 105 1
15 107 1
15 108 1
15 110 1
15 112 1
15 113 1
15 114 1
15 116 1
15 117 1
15 118 1
16 33 1
16 34 1
16 35 1
16 38 1
16 52 1
16 53 1
16 54 1
16 55 1
16 56 1
16 57 1
16 67 1
16 70 1
16 71 1
16 72 1
16 73 1
16 75 1
16 77 1
16 78 1
16 79 1
16 81 1
16 82 1
16 93 1
16 94 1
16 96 1
16 97 1
16 98 1
16 99 1
16 100 1
16 101 1
16 106 1
16 107 1
16 108 1
16 110 1
16 112 1
16 113 1
16 115 1
16 116 1
16 117 1
17 18 1
17 19 1
17 20 1
17 21 1
17 22 1
17 23 1
17 24 1
17 25 1
17 28 1
17 29 1
17 30 1
17 31 1
17 32 1
17 75 1
17 76 1
17 77 1
17 78 1
17 80 1
17 82 1
17 100 1
17 102 1
17 103 1
17 111 1
17 112 1
17 114 1
17 117 1
17 157 1
17 158 1
17 159 1
17 162 1
17 171 1
17 172 1
17 175 1
17 177 1
17 178 1
18 24 1
18 25 1
18 26 1
18 27 1
18 28 1
18 29 1
18 30 1
18 31 1
18 76 1
18 77 1
18 78 1
18 79 1
18 81 1
18 82 1
18 101 1
18 103 1
18 104 1
18 111 1
18 112 1
18 115 1
18 116 1
18 118 1
18 157 1
18 158 1
18 159 1
18 160 1
18 161 1
18 162 1
18 171 1
18 172 1
18 173 1
18 174 1
18 175 1
18 176 1
18 177 1
19 24 1
19 26 1
19 27 1
19 28 1
19 30 1
19 32 1
19 75 1
19 76 1
19 77 1
19 79 1
19 80 1
19 81 1
19 82 1
19 102 1
19 104 1
19 111 1
19 112 1
19 113 1
19 114 1
19 115 1
19 116 1
19 117 1
19 118 1
19 155 1
19 157 1
19 158 1
19 159 1
19 160 1
19 162 1
19 172 1
19 173 1
19 174 1
19 177 1
19 178 1
20 25 1
20 26 1
20 28 1
20 30 1
20 31 1
20 32 1
20 75 1
20 76 1
20 77 1
20 78 1
20 79 1
20 80 1
20 100 1
20 101 1
20 102 1
20 103 1
20 111 1
20 112 1
20 113 1
20 114 1
20 115 1
20 116 1
20 117 1
20 118 1
20 155 1
20 156 1
20 157 1
20 158 1
20 159 1
20 160 1
20 172 1
20 173 1
20 175 1
20 177 1
20 178 1
21 24 1
21 25 1
21 26 1
21 27 1
21 28 1
21 29 1
21 30 1
21 31 1
21 32 1
21 75 1
21 77 1
21 78 1
21 79 1
21 80 1
21 81 1
21 82 1
21 100 1
21 102 1
21 103 1
21 104 1
21 111 1
21 112 1
21 115 1
21 116 1
21 118 1
21 155 1
21 156 1
21 157 1
21 160 1
21 161 1
21 162 1
21 171 1
21 172 1
21 173 1
21 175 1
21 177 1
21 178 1
22 24 1
22 25 1
22 26 1
22 27 1
22 28 1
22 29 1
22 30 1
22 31 1
22 32 1
22 77 1
22 80 1
22 81 1
22 82 1
22 100 1
22 104 1
22 111 1
22 113 1
22 115 1
22 116 1
22 117 1
22 155 1
22 157 1
22 158 1
22 159 1
22 160 1
22 161 1
22 171 1
22 172 1
22 173 1
22 174 1
22 175 1
22 177 1
22 178 1
23 24 1
23 28 1
23 29 1
23 30 1
23 31 1
23 75 1
23 78 1
23 79 1
23 81 1
23 82 1
23 100 1
23 101 1
23 103 1
23 104 1
23 111 1
23 112 1
23 113 1
23 114 1
23 115 1
23 117 1
23 155 1
23 156 1
23 157 1
23 158 1
23 159 1
23 160 1
23 161 1
23 171 1
23 172 1
23 173 1
23 174 1
23 175 1
23 176 1
23 177 1
24 25 1
24 26 1
24 27 1
24 28 1
24 29 1
24 30 1
24 31 1
24 32 1
24 76 1
24 77 1
24 80 1
24 81 1
24 82 1
24 83 1
24 84 1
24 85 1
24 87 1
24 88 1
24 89 1
24 90 1
24 91 1
24 92 1
24 95 1
24 97 1
24 98 1
24 99 1
24 119 1
24 120 1
24 122 1
24 123 1
24 124 1
24 145 1
24 146 1
24 148 1
25 75 1
25 76 1
25 77 1
25 81 1
25 83 1
25 84 1
25 85 1
25 87 1
25 89 1
25 90 1
25 91 1
25 92 1
25 93 1
25 94 1
25 95 1
25 96 1
25 98 1
25 119 1
25 120 1
25 121 1
25 123 1
25 141 1
25 143 1
25 144 1
25 145 1
25 146 1
25 147 1
25 148 1
26 75 1
26 76 1
26 77 1
26 78 1
26 79 1
26 80 1
26 81 1
26 83 1
26 84 1
26 86 1
26 87 1
26 88 1
26 89 1
26 90 1
26 91 1
26 93 1
26 94 1
26 95 1
26 97 1
26 119 1
26 121 1
26 123 1
26 124 1
26 141 1
26 142 1
26 143 1
26 145 1
26 146 1
26 148 1
27 75 1
27 76 1
27 77 1
27 79 1
27 80 1
27 81 1
27 82 1
27 83 1
27 85 1
27 86 1
27 87 1
27 88 1
27 89 1
27 91 1
27 92 1
27 93 1
27 94 1
27 95 1
27 96 1
27 97 1
27 98 1
27 99 1
27 119 1
27 120 1
27 122 1
27 123 1
27 124 1
27 141 1
27 143 1
27 145 1
27 146 1
27 147 1
28 75 1
28 76 1
28 78 1
28 79 1
28 80 1
28 83 1
28 84 1
28 85 1
28 86 1
28 88 1
28 90 1
28 92 1
28 95 1
28 96 1
28 97 1
28 98 1
28 99 1
28 119 1
28 120 1
28 121 1
28 122 1
28 124 1
28 141 1
28 142 1
28 144 1
28 145 1
28 146 1
28 147 1
28 148 1
29 77 1
29 78 1
29 79 1
29 80 1
29 81 1
29 83 1
29 84 1
29 85 1
29 86 1
29 89 1
29 90 1
29 91 1
29 92 1
29 95 1
29 97 1
29 119 1
29 121 1
29 122 1
29 124 1
29 142 1
29 144 1
29 145 1
29 146 1
29 147 1
29 148 1
30 75 1
30 76 1
30 77 1
30 78 1
30 79 1
30 81 1
30 83 1
30 84 1
30 85 1
30 86 1
30 87 1
30 88 1
30 91 1
30 92 1
30 93 1
30 95 1
30 96 1
30 97 1
30 119 1
30 120 1
30 121 1
30 122 1
30 123 1
30 124 1
30 141 1
30 143 1
30 145 1
30 146 1
30 147 1
30 148 1
31 75 1
31 76 1
31 77 1
31 78 1
31 81 1
31 82 1
31 84 1
31 86 1
31 87 1
31 88 1
31 89 1
31 90 1
31 91 1
31 94 1
31 95 1
31 96 1
31 98 1
31 122 1
31 123 1
31 124 1
31 141 1
31 142 1
31 143 1
31 144 1
31 145 1
31 146 1
31 147 1
31 148 1
32 75 1
32 76 1
32 78 1
32 79 1
32 80 1
32 81 1
32 82 1
32 84 1
32 86 1
32 88 1
32 89 1
32 90 1
32 91 1
32 93 1
32 96 1
32 97 1
32 99 1
32 120 1
32 121 1
32 122 1
32 123 1
32 124 1
32 143 1
32 144 1
32 145 1
32 146 1
32 147 1
32 148 1
33 34 1
33 35 1
33 36 1
33 37 1
33 38 1
33 54 1
33 55 1
33 56 1
33 83 1
33 88 1
33 91 1
33 101 1
33 102 1
33 103 1
33 111 1
33 113 1
33 114 1
33 115 1
33 117 1
33 118 1
33 171 1
33 172 1
33 173 1
33 174 1
33 175 1
33 176 1
33 177 1
33 178 1
34 36 1
34 37 1
34 51 1
34 52 1
34 53 1
34 55 1
34 56 1
34 57 1
34 83 1
34 86 1
34 87 1
34 88 1
34 91 1
34 100 1
34 101 1
34 102 1
34 103 1
34 104 1
34 111 1
34 113 1
34 114 1
34 115 1
34 116 1
34 118 1
34 171 1
34 172 1
34 173 1
34 175 1
34 176 1
34 177 1
34 178 1
35 36 1
35 37 1
35 38 1
35 52 1
35 53 1
35 54 1
35 57 1
35 83 1
35 84 1
35 85 1
35 87 1
35 88 1
35 90 1
35 100 1
35 101 1
35 102 1
35 103 1
35 111 1
35 112 1
35 113 1
35 114 1
35 115 1
35 116 1
35 117 1
35 118 1
35 171 1
35 173 1
35 174 1
35 175 1
35 176 1
35 178 1
36 37 1
36 38 1
36 52 1
36 55 1
36 56 1
36 83 1
36 84 1
36 85 1
36 86 1
36 87 1
36 88 1
36 90 1
36 91 1
36 100 1
36 101 1
36 102 1
36 103 1
36 104 1
36 112 1
36 113 1
36 114 1
36 115 1
36 116 1
36 117 1
36 118 1
36 172 1
36 173 1
36 174 1
36 176 1
36 177 1
37 38 1
37 51 1
37 52 1
37 53 1
37 54 1
37 55 1
37 56 1
37 57 1
37 83 1
37 88 1
37 89 1
37 90 1
37 91 1
37 100 1
37 102 1
37 103 1
37 104 1
37 112 1
37 113 1
37 114 1
37 115 1
37 116 1
37 117 1
37 118 1
37 173 1
37 174 1
37 176 1
37 177 1
38 52 1
38 53 1
38 54 1
38 55 1
38 56 1
38 83 1
38 84 1
38 85 1
38 86 1
38 88 1
38 89 1
38 90 1
38 91 1
38 100 1
38 102 1
38 103 1
38 104 1
38 112 1
38 113 1
38 114 1
38 115 1
38 116 1
38 117 1
38 118 1
38 172 1
38 173 1
38 174 1
38 175 1
38 176 1
38 177 1
38 178 1
39 40 1
39 41 1
39 42 1
39 43 1
39 44 1
39 45 1
39 76 1
39 78 1
39 79 1
39 81 1
39 82 1
39 92 1
39 93 1
39 94 1
39 95 1
39 96 1
39 97 1
39 119 1
39 120 1
39 121 1
39 123 1
39 125 1
39 126 1
39 128 1
39 129 1
39 130 1
39 131 1
39 134 1
39 136 1
39 138 1
39 139 1
39 150 1
39 151 1
39 152 1
39 153 1
39 154 1
39 163 1
39 164 1
39 166 1
39 168 1
39 169 1
39 170 1
39 171 1
39 172 1
39 177 1
39 178 1
40 41 1
40 42 1
40 43 1
40 44 1
40 45 1
40 75 1
40 76 1
40 77 1
40 78 1
40 79 1
40 80 1
40 81 1
40 82 1
40 92 1
40 93 1
40 94 1
40 96 1
40 97 1
40 98 1
40 99 1
40 120 1
40 121 1
40 122 1
40 123 1
40 124 1
40 126 1
40 127 1
40 128 1
40 129 1
40 130 1
40 131 1
40 133 1
40 134 1
40 135 1
40 137 1
40 138 1
40 139 1
40 140 1
40 149 1
40 150 1
40 151 1
40 152 1
40 154 1
40 163 1
40 164 1
40 165 1
40 166 1
40 167 1
40 168 1
40 169 1
40 170 1
40 171 1
40 172 1
40 174 1
40 175 1
40 177 1
41 42 1
41 43 1
41 44 1
41 45 1
41 76 1
41 77 1
41 79 1
41 80 1
41 81 1
41 82 1
41 93 1
41 94 1
41 97 1
41 120 1
41 122 1
41 123 1
41 125 1
41 127 1
41 128 1
41 129 1
41 130 1
41 132 1
41 133 1
41 134 1
41 135 1
41 136 1
41 139 1
41 140 1
41 150 1
41 151 1
41 153 1
41 154 1
41 163 1
41 165 1
41 166 1
41 167 1
41 171 1
41 172 1
41 173 1
41 174 1
41 175 1
41 176 1
41 178 1
42 43 1
42 44 1
42 45 1
42 77 1
42 78 1
42 80 1
42 81 1
42 82 1
42 93 1
42 95 1
42 97 1
42 98 1
42 119 1
42 120 1
42 122 1
42 123 1
42 124 1
42 125 1
42 127 1
42 129 1
42 130 1
42 131 1
42 132 1
42 134 1
42 135 1
42 136 1
42 137 1
42 139 1
42 149 1
42 150 1
42 151 1
42 152 1
42 153 1
42 154 1
42 164 1
42 165 1
42 166 1
42 167 1
42 170 1
42 171 1
42 172 1
42 174 1
42 175 1
42 176 1
42 177 1
42 178 1
43 44 1
43 45 1
43 75 1
43 76 1
43 77 1
43 78 1
43 79 1
43 80 1
43 81 1
43 82 1
43 92 1
43 94 1
43 96 1
43 98 1
43 99 1
43 119 1
43 120 1
43 121 1
43 122 1
43 124 1
43 125 1
43 126 1
43 128 1
43 129 1
43 130 1
43 131 1
43 133 1
43 136 1
43 137 1
43 138 1
43 139 1
43 140 1
43 149 1
43 150 1
43 151 1
43 153 1
43 154 1
43 163 1
43 165 1
43 166 1
43 167 1
43 168 1
43 169 1
43 170 1
43 171 1
43 172 1
43 173 1
43 175 1
43 176 1
43 178 1
44 45 1
44 75 1
44 76 1
44 77 1
44 78 1
44 80 1
44 92 1
44 93 1
44 94 1
44 95 1
44 96 1
44 97 1
44 98 1
44 99 1
44 119 1
44 121 1
44 123 1
44 124 1
44 125 1
44 126 1
44 127 1
44 128 1
44 129 1
44 132 1
44 133 1
44 134 1
44 135 1
44 136 1
44 137 1
44 138 1
44 139 1
44 140 1
44 149 1
44 150 1
44 153 1
44 154 1
44 163 1
44 164 1
44 165 1
44 166 1
44 167 1
44 168 1
44 169 1
44 170 1
44 172 1
44 173 1
44 174 1
44 175 1
44 177 1
44 178 1
45 76 1
45 77 1
45 78 1
45 79 1
45 80 1
45 81 1
45 92 1
45 93 1
45 94 1
45 95 1
45 96 1
45 97 1
45 99 1
45 120 1
45 121 1
45 122 1
45 124 1
45 127 1
45 129 1
45 131 1
45 132 1
45 133 1
45 134 1
45 136 1
45 140 1
45 149 1
45 150 1
45 151 1
45 152 1
45 153 1
45 154 1
45 163 1
45 164 1
45 165 1
45 166 1
45 168 1
45 169 1
45 170 1
45 171 1
45 172 1
45 173 1
45 174 1
45 175 1
45 176 1
45 178 1
46 47 1
46 48 1
46 49 1
46 50 1
46 92 1
46 93 1
46 95 1
46 96 1
46 97 1
46 99 1
46 135 1
46 136 1
46 138 1
46 139 1
46 140 1
46 141 1
46 142 1
46 144 1
46 145 1
46 146 1
46 147 1
46 149 1
46 150 1
46 151 1
46 152 1
46 153 1
46 154 1
47 48 1
47 49 1
47 50 1
47 92 1
47 94 1
47 95 1
47 97 1
47 99 1
47 139 1
47 140 1
47 141 1
47 142 1
47 143 1
47 144 1
47 146 1
47 147 1
47 148 1
47 149 1
47 150 1
47 151 1
47 152 1
47 154 1
48 49 1
48 50 1
48 95 1
48 98 1
48 99 1
48 134 1
48 135 1
48 136 1
48 137 1
48 138 1
48 139 1
48 140 1
48 141 1
48 142 1
48 145 1
48 146 1
48 147 1
48 148 1
48 149 1
48 151 1
48 152 1
48 154 1
49 50 1
49 92 1
49 93 1
49 94 1
49 95 1
49 99 1
49 134 1
49 135 1
49 136 1
49 137 1
49 138 1
49 139 1
49 141 1
49 142 1
49 143 1
49 145 1
49 146 1
49 148 1
49 149 1
49 151 1
49 153 1
49 154 1
50 92 1
50 93 1
50 94 1
50 95 1
50 96 1
50 97 1
50 98 1
50 99 1
50 135 1
50 137 1
50 138 1
50 139 1
50 141 1
50 142 1
50 143 1
50 144 1
50 145 1
50 146 1
50 147 1
50 149 1
50 150 1
50 151 1
50 152 1
50 153 1
51 52 1
51 54 1
51 55 1
51 56 1
51 57 1
51 76 1
51 77 1
51 80 1
51 81 1
51 82 1
52 54 1
52 55 1
52 56 1
52 57 1
52 77 1
52 78 1
52 79 1
52 81 1
53 54 1
53 55 1
53 56 1
53 57 1
53 75 1
53 76 1
53 77 1
53 78 1
53 79 1
53 80 1
53 81 1
53 82 1
54 55 1
54 56 1
54 57 1
54 76 1
54 78 1
54 80 1
54 81 1
54 82 1
55 56 1
55 75 1
55 76 1
55 77 1
55 79 1
55 80 1
55 81 1
55 82 1
56 57 1
56 76 1
56 77 1
56 78 1
56 80 1
56 81 1
57 75 1
57 76 1
57 80 1
57 82 1
58 59 1
58 60 1
58 61 1
58 62 1
58 63 1
58 64 1
58 65 1
58 75 1
58 76 1
58 77 1
58 78 1
58 79 1
58 119 1
58 120 1
58 121 1
58 122 1
58 123 1
58 134 1
58 135 1
58 136 1
58 137 1
58 138 1
58 141 1
58 142 1
58 143 1
58 144 1
58 146 1
58 148 1
59 61 1
59 62 1
59 63 1
59 64 1
59 65 1
59 75 1
59 76 1
59 77 1
59 78 1
59 79 1
59 81 1
59 82 1
59 119 1
59 120 1
59 122 1
59 123 1
59 124 1
59 134 1
59 135 1
59 137 1
59 138 1
59 139 1
59 140 1
59 143 1
59 144 1
59 146 1
59 147 1
59 148 1
60 61 1
60 62 1
60 63 1
60 64 1
60 65 1
60 76 1
60 77 1
60 78 1
60 80 1
60 81 1
60 119 1
60 120 1
60 121 1
60 122 1
60 123 1
60 124 1
60 138 1
60 139 1
60 140 1
60 142 1
60 143 1
60 147 1
60 148 1
61 62 1
61 63 1
61 64 1
61 65 1
61 75 1
61 76 1
61 77 1
61 79 1
61 80 1
61 82 1
61 119 1
61 123 1
61 124 1
61 134 1
61 135 1
61 136 1
61 137 1
61 138 1
61 141 1
61 142 1
61 143 1
61 144 1
61 145 1
61 146 1
61 147 1
61 148 1
62 63 1
62 64 1
62 65 1
62 76 1
62 77 1
62 78 1
62 79 1
62 80 1
62 81 1
62 120 1
62 121 1
62 122 1
62 123 1
62 124 1
62 134 1
62 135 1
62 136 1
62 137 1
62 139 1
62 140 1
62 141 1
62 142 1
62 145 1
62 146 1
62 147 1
63 64 1
63 65 1
63 75 1
63 76 1
63 77 1
63 79 1
63 81 1
63 82 1
63 119 1
63 120 1
63 121 1
63 122 1
63 123 1
63 134 1
63 135 1
63 136 1
63 137 1
63 141 1
63 142 1
63 143 1
63 144 1
63 145 1
63 146 1
63 147 1
64 65 1
64 75 1
64 77 1
64 78 1
64 79 1
64 81 1
64 82 1
64 120 1
64 121 1
64 122 1
64 123 1
64 124 1
64 134 1
64 135 1
64 136 1
64 137 1
64 139 1
64 142 1
64 143 1
64 144 1
64 145 1
64 147 1
64 148 1
65 75 1
65 76 1
65 78 1
65 79 1
65 80 1
65 81 1
65 82 1
65 119 1
65 120 1
65 121 1
65 122 1
65 123 1
65 124 1
65 136 1
65 137 1
65 138 1
65 139 1
65 140 1
65 141 1
65 142 1
65 144 1
65 145 1
65 147 1
65 148 1
66 70 1
66 72 1
66 73 1
66 74 1
66 93 1
66 94 1
66 95 1
66 96 1
66 97 1
66 98 1
66 99 1
66 134 1
66 137 1
66 138 1
66 139 1
66 140 1
66 149 1
66 153 1
67 71 1
67 72 1
67 73 1
67 74 1
67 92 1
67 93 1
67 95 1
67 97 1
67 99 1
67 134 1
67 135 1
67 136 1
67 137 1
67 138 1
67 139 1
67 151 1
67 152 1
67 153 1
67 154 1
68 70 1
68 71 1
68 72 1
68 73 1
68 74 1
68 92 1
68 93 1
68 94 1
68 95 1
68 96 1
68 97 1
68 98 1
68 134 1
68 135 1
68 136 1
68 137 1
68 138 1
68 139 1
68 140 1
68 149 1
68 151 1
68 152 1
68 153 1
68 154 1
69 70 1
69 71 1
69 72 1
69 73 1
69 74 1
69 92 1
69 93 1
69 94 1
69 95 1
69 96 1
69 97 1
69 99 1
69 135 1
69 136 1
69 137 1
69 138 1
69 139 1
69 140 1
69 149 1
69 150 1
69 151 1
69 152 1
69 154 1
70 93 1
70 94 1
70 97 1
70 99 1
70 134 1
70 137 1
70 139 1
70 140 1
70 150 1
70 151 1
70 153 1
70 154 1
71 94 1
71 96 1
71 97 1
71 98 1
71 99 1
71 134 1
71 135 1
71 136 1
71 138 1
71 140 1
71 149 1
71 150 1
71 151 1
71 152 1
71 154 1
72 92 1
72 93 1
72 94 1
72 96 1
72 97 1
72 98 1
72 99 1
72 134 1
72 135 1
72 136 1
72 138 1
72 139 1
72 140 1
72 149 1
72 151 1
72 152 1
72 154 1
73 93 1
73 94 1
73 96 1
73 98 1
73 99 1
73 134 1
73 135 1
73 136 1
73 137 1
73 138 1
73 139 1
73 140 1
73 149 1
73 151 1
73 152 1
73 153 1
74 92 1
74 93 1
74 94 1
74 95 1
74 96 1
74 97 1
74 98 1
74 134 1
74 135 1
74 137 1
74 138 1
74 139 1
74 140 1
74 149 1
74 150 1
74 151 1
74 152 1
74 153 1
75 79 1
75 80 1
75 81 1
75 106 1
75 107 1
75 108 1
75 109 1
75 111 1
75 112 1
75 114 1
75 115 1
75 116 1
75 117 1
75 118 1
75 119 1
75 121 1
75 122 1
75 123 1
75 124 1
75 141 1
75 142 1
75 143 1
75 144 1
75 145 1
75 147 1
75 148 1
75 149 1
75 151 1
75 152 1
75 153 1
75 154 1
76 79 1
76 80 1
76 81 1
76 82 1
76 78 1
76 105 1
76 106 1
76 107 1
76 108 1
76 110 1
76 111 1
76 115 1
76 116 1
76 117 1
76 119 1
76 120 1
76 121 1
76 123 1
76 124 1
76 143 1
76 144 1
76 145 1
76 146 1
76 148 1
76 149 1
76 150 1
76 151 1
76 152 1
76 153 1
77 79 1
77 80 1
77 81 1
77 82 1
77 78 1
77 106 1
77 107 1
77 108 1
77 111 1
77 112 1
77 113 1
77 114 1
77 115 1
77 117 1
77 118 1
77 119 1
77 120 1
77 121 1
77 122 1
77 123 1
77 124 1
77 141 1
77 142 1
77 145 1
77 146 1
77 147 1
77 148 1
77 149 1
77 150 1
77 151 1
77 152 1
78 79 1
78 80 1
78 81 1
78 82 1
78 105 1
78 106 1
78 107 1
78 108 1
78 110 1
78 111 1
78 112 1
78 114 1
78 115 1
78 118 1
78 119 1
78 120 1
78 122 1
78 123 1
78 141 1
78 142 1
78 143 1
78 144 1
78 145 1
78 146 1
78 147 1
78 148 1
78 150 1
78 151 1
78 152 1
78 153 1
78 154 1
79 105 1
79 106 1
79 108 1
79 109 1
79 110 1
79 112 1
79 113 1
79 114 1
79 115 1
79 116 1
79 117 1
79 118 1
79 119 1
79 120 1
79 121 1
79 122 1
79 123 1
79 124 1
79 141 1
79 143 1
79 144 1
79 146 1
79 148 1
79 149 1
79 150 1
79 152 1
79 153 1
79 154 1
80 105 1
80 106 1
80 107 1
80 109 1
80 110 1
80 111 1
80 115 1
80 116 1
80 117 1
80 119 1
80 120 1
80 121 1
80 122 1
80 123 1
80 124 1
80 141 1
80 142 1
80 143 1
80 144 1
80 145 1
80 146 1
80 147 1
80 148 1
80 149 1
80 150 1
80 151 1
80 154 1
81 106 1
81 107 1
81 110 1
81 111 1
81 112 1
81 114 1
81 115 1
81 116 1
81 117 1
81 118 1
81 119 1
81 121 1
81 123 1
81 124 1
81 142 1
81 143 1
81 144 1
81 146 1
81 148 1
81 150 1
81 151 1
81 152 1
81 153 1
81 154 1
82 105 1
82 107 1
82 108 1
82 109 1
82 111 1
82 112 1
82 113 1
82 114 1
82 115 1
82 116 1
82 118 1
82 119 1
82 120 1
82 122 1
82 123 1
82 141 1
82 142 1
82 145 1
82 146 1
82 147 1
82 148 1
82 151 1
82 152 1
82 153 1
82 154 1
83 87 1
83 88 1
83 89 1
83 90 1
83 91 1
83 125 1
83 126 1
83 127 1
83 128 1
83 129 1
83 130 1
83 131 1
83 132 1
83 133 1
83 156 1
83 157 1
83 158 1
83 159 1
83 161 1
83 162 1
83 163 1
83 165 1
83 167 1
83 168 1
83 169 1
83 170 1
83 171 1
83 173 1
83 174 1
83 175 1
83 177 1
83 178 1
84 87 1
84 88 1
84 89 1
84 90 1
84 91 1
84 125 1
84 126 1
84 127 1
84 128 1
84 129 1
84 130 1
84 132 1
84 133 1
84 155 1
84 156 1
84 157 1
84 158 1
84 159 1
84 160 1
84 162 1
84 163 1
84 164 1
84 165 1
84 166 1
84 167 1
84 168 1
84 169 1
84 171 1
84 173 1
84 174 1
84 176 1
85 87 1
85 88 1
85 89 1
85 90 1
85 91 1
85 125 1
85 126 1
85 128 1
85 130 1
85 131 1
85 132 1
85 133 1
85 155 1
85 156 1
85 157 1
85 161 1
85 163 1
85 164 1
85 166 1
85 167 1
85 168 1
85 169 1
85 170 1
85 172 1
85 173 1
85 174 1
85 176 1
85 178 1
86 87 1
86 88 1
86 89 1
86 90 1
86 91 1
86 125 1
86 126 1
86 127 1
86 128 1
86 129 1
86 130 1
86 132 1
86 133 1
86 155 1
86 157 1
86 158 1
86 159 1
86 161 1
86 162 1
86 163 1
86 165 1
86 167 1
86 168 1
86 169 1
86 170 1
86 171 1
86 172 1
86 174 1
86 175 1
86 176 1
86 178 1
87 127 1
87 128 1
87 129 1
87 131 1
87 133 1
87 156 1
87 157 1
87 158 1
87 159 1
87 160 1
87 163 1
87 165 1
87 166 1
87 167 1
87 168 1
87 170 1
87 171 1
87 172 1
87 173 1
87 175 1
87 177 1
87 178 1
88 125 1
88 126 1
88 127 1
88 129 1
88 132 1
88 133 1
88 155 1
88 158 1
88 159 1
88 160 1
88 162 1
88 163 1
88 165 1
88 167 1
88 169 1
88 170 1
88 173 1
88 174 1
88 175 1
88 176 1
88 177 1
88 178 1
89 125 1
89 126 1
89 127 1
89 128 1
89 129 1
89 130 1
89 131 1
89 132 1
89 133 1
89 155 1
89 157 1
89 158 1
89 161 1
89 163 1
89 165 1
89 167 1
89 168 1
89 169 1
89 170 1
89 171 1
89 173 1
89 174 1
89 175 1
89 176 1
89 178 1
90 125 1
90 126 1
90 127 1
90 129 1
90 130 1
90 131 1
90 133 1
90 155 1
90 156 1
90 158 1
90 159 1
90 160 1
90 162 1
90 164 1
90 165 1
90 166 1
90 167 1
90 169 1
90 170 1
90 171 1
90 172 1
90 173 1
90 177 1
90 178 1
91 125 1
91 126 1
91 127 1
91 128 1
91 129 1
91 130 1
91 131 1
91 132 1
91 156 1
91 157 1
91 158 1
91 159 1
91 161 1
91 163 1
91 164 1
91 165 1
91 166 1
91 167 1
91 168 1
91 170 1
91 171 1
91 174 1
91 176 1
91 177 1
91 178 1
92 96 1
92 97 1
92 98 1
92 99 1
92 116 1
92 117 1
92 118 1
92 119 1
92 120 1
92 121 1
92 125 1
92 130 1
92 131 1
92 132 1
92 133 1
92 141 1
92 142 1
92 143 1
92 144 1
92 145 1
92 148 1
92 165 1
92 166 1
92 167 1
93 96 1
93 97 1
93 98 1
93 99 1
93 111 1
93 114 1
93 115 1
93 116 1
93 117 1
93 118 1
93 119 1
93 121 1
93 122 1
93 125 1
93 126 1
93 127 1
93 128 1
93 130 1
93 131 1
93 132 1
93 144 1
93 145 1
93 146 1
93 164 1
93 167 1
93 169 1
93 170 1
94 96 1
94 97 1
94 98 1
94 99 1
94 111 1
94 112 1
94 113 1
94 114 1
94 115 1
94 118 1
94 119 1
94 120 1
94 121 1
94 122 1
94 123 1
94 124 1
94 125 1
94 127 1
94 129 1
94 132 1
94 144 1
94 145 1
94 146 1
94 147 1
94 148 1
94 165 1
94 166 1
94 167 1
94 168 1
94 169 1
94 170 1
95 96 1
95 97 1
95 99 1
95 111 1
95 113 1
95 114 1
95 115 1
95 116 1
95 117 1
95 118 1
95 119 1
95 120 1
95 121 1
95 122 1
95 124 1
95 125 1
95 126 1
95 127 1
95 128 1
95 132 1
95 133 1
95 141 1
95 145 1
95 146 1
95 148 1
95 163 1
95 164 1
95 165 1
95 166 1
95 167 1
95 168 1
95 169 1
95 170 1
96 111 1
96 113 1
96 114 1
96 119 1
96 120 1
96 121 1
96 122 1
96 123 1
96 124 1
96 125 1
96 127 1
96 128 1
96 129 1
96 130 1
96 131 1
96 133 1
96 141 1
96 143 1
96 144 1
96 145 1
96 146 1
96 147 1
96 163 1
96 164 1
96 165 1
96 166 1
96 167 1
96 168 1
96 170 1
97 111 1
97 113 1
97 114 1
97 117 1
97 118 1
97 119 1
97 120 1
97 122 1
97 124 1
97 125 1
97 126 1
97 127 1
97 129 1
97 130 1
97 131 1
97 132 1
97 133 1
97 141 1
97 143 1
97 145 1
97 146 1
97 147 1
97 163 1
97 165 1
97 166 1
97 167 1
97 168 1
97 169 1
98 112 1
98 113 1
98 114 1
98 115 1
98 117 1
98 118 1
98 120 1
98 122 1
98 123 1
98 124 1
98 125 1
98 128 1
98 130 1
98 131 1
98 132 1
98 141 1
98 144 1
98 145 1
98 146 1
98 147 1
98 148 1
98 163 1
98 164 1
98 165 1
98 166 1
98 167 1
98 168 1
98 169 1
98 170 1
99 111 1
99 113 1
99 114 1
99 115 1
99 116 1
99 117 1
99 118 1
99 119 1
99 120 1
99 121 1
99 123 1
99 124 1
99 125 1
99 126 1
99 127 1
99 128 1
99 129 1
99 130 1
99 131 1
99 133 1
99 141 1
99 142 1
99 144 1
99 145 1
99 146 1
99 148 1
99 163 1
99 164 1
99 165 1
99 166 1
99 170 1
100 102 1
100 103 1
100 104 1
100 163 1
100 164 1
100 165 1
100 166 1
100 167 1
100 168 1
100 170 1
101 102 1
101 103 1
101 104 1
101 164 1
101 165 1
101 166 1
101 167 1
101 169 1
102 163 1
102 165 1
102 167 1
102 168 1
102 170 1
103 163 1
103 164 1
103 165 1
103 167 1
103 168 1
103 169 1
104 163 1
104 166 1
104 167 1
104 169 1
105 106 1
105 108 1
105 171 1
105 172 1
105 173 1
105 174 1
105 176 1
105 178 1
106 107 1
106 171 1
106 172 1
106 173 1
106 174 1
106 175 1
106 176 1
106 177 1
106 178 1
107 171 1
107 172 1
107 174 1
107 176 1
107 177 1
107 178 1
108 109 1
108 171 1
108 172 1
108 173 1
108 174 1
108 175 1
108 176 1
108 178 1
109 110 1
109 171 1
109 173 1
109 174 1
109 175 1
109 177 1
109 178 1
110 171 1
110 172 1
110 173 1
110 174 1
110 176 1
110 177 1
111 112 1
112 113 1
113 114 1
115 116 1
116 117 1
117 118 1
119 120 1
119 126 1
119 129 1
119 130 1
119 131 1
119 132 1
119 133 1
119 141 1
119 143 1
119 145 1
119 146 1
119 148 1
119 150 1
119 153 1
119 154 1
119 155 1
119 156 1
119 157 1
119 158 1
119 159 1
119 161 1
119 162 1
119 165 1
119 166 1
119 167 1
119 169 1
119 170 1
120 121 1
120 125 1
120 127 1
120 129 1
120 133 1
120 141 1
120 144 1
120 145 1
120 146 1
120 147 1
120 149 1
120 151 1
120 152 1
120 153 1
120 154 1
120 156 1
120 157 1
120 159 1
120 160 1
120 161 1
120 162 1
120 163 1
120 164 1
120 165 1
120 166 1
120 168 1
120 169 1
121 122 1
121 125 1
121 127 1
121 128 1
121 129 1
121 130 1
121 131 1
121 132 1
121 141 1
121 142 1
121 143 1
121 145 1
121 146 1
121 147 1
121 148 1
121 149 1
121 150 1
121 151 1
121 152 1
121 153 1
121 154 1
121 155 1
121 156 1
121 157 1
121 158 1
121 160 1
121 161 1
121 162 1
121 163 1
121 164 1
121 165 1
121 166 1
121 169 1
121 170 1
122 123 1
122 125 1
122 126 1
122 127 1
122 128 1
122 130 1
122 131 1
122 132 1
122 133 1
122 141 1
122 143 1
122 144 1
122 145 1
122 146 1
122 147 1
122 149 1
122 151 1
122 152 1
122 153 1
122 154 1
122 156 1
122 158 1
122 161 1
122 162 1
122 163 1
122 166 1
122 167 1
122 169 1
123 124 1
123 126 1
123 127 1
123 128 1
123 129 1
123 130 1
123 133 1
123 141 1
123 142 1
123 143 1
123 144 1
123 145 1
123 146 1
123 147 1
123 148 1
123 149 1
123 151 1
123 152 1
123 154 1
123 155 1
123 156 1
123 157 1
123 158 1
123 159 1
123 160 1
123 161 1
123 162 1
123 163 1
123 164 1
123 165 1
123 166 1
123 167 1
123 168 1
123 170 1
124 125 1
124 126 1
124 128 1
124 129 1
124 130 1
124 132 1
124 133 1
124 141 1
124 142 1
124 143 1
124 144 1
124 145 1
124 146 1
124 147 1
124 148 1
124 149 1
124 150 1
124 151 1
124 152 1
124 154 1
124 155 1
124 156 1
124 158 1
124 161 1
124 162 1
124 164 1
124 165 1
124 166 1
124 167 1
124 168 1
124 169 1
124 170 1
125 126 1
125 141 1
125 142 1
125 144 1
125 146 1
125 148 1
125 163 1
125 164 1
125 165 1
125 167 1
125 168 1
125 169 1
126 127 1
126 128 1
126 141 1
126 143 1
126 144 1
126 146 1
126 147 1
126 148 1
126 163 1
126 164 1
126 165 1
126 166 1
126 170 1
127 128 1
127 141 1
127 143 1
127 144 1
127 145 1
127 146 1
127 147 1
127 148 1
127 163 1
127 164 1
127 165 1
127 166 1
127 169 1
127 170 1
128 129 1
128 141 1
128 142 1
128 143 1
128 144 1
128 145 1
128 146 1
128 147 1
128 148 1
128 163 1
128 164 1
128 166 1
128 167 1
128 168 1
128 169 1
128 170 1
129 130 1
129 141 1
129 142 1
129 144 1
129 145 1
129 146 1
129 147 1
129 164 1
129 165 1
129 166 1
129 167 1
129 168 1
129 169 1
130 131 1
130 141 1
130 142 1
130 143 1
130 145 1
130 146 1
130 163 1
130 164 1
130 165 1
130 166 1
130 167 1
130 168 1
130 169 1
131 132 1
131 141 1
131 142 1
131 143 1
131 144 1
131 146 1
131 147 1
131 163 1
131 164 1
131 165 1
131 166 1
131 167 1
131 168 1
131 169 1
131 170 1
132 133 1
132 141 1
132 142 1
132 143 1
132 144 1
132 145 1
132 146 1
132 147 1
132 148 1
132 163 1
132 164 1
132 166 1
132 168 1
132 169 1
132 170 1
133 141 1
133 143 1
133 144 1
133 145 1
133 146 1
133 147 1
133 163 1
133 164 1
133 165 1
133 166 1
133 169 1
134 135 1
135 136 1
136 137 1
137 138 1
138 139 1
139 140 1
141 146 1
149 155 1
149 156 1
149 157 1
149 158 1
149 159 1
149 160 1
149 162 1
150 155 1
150 156 1
150 157 1
150 158 1
150 160 1
150 161 1
150 162 1
151 155 1
151 156 1
151 157 1
151 158 1
151 159 1
151 160 1
151 161 1
152 153 1
152 155 1
152 156 1
152 159 1
152 160 1
152 161 1
152 162 1
153 155 1
153 157 1
153 158 1
153 159 1
153 160 1
153 162 1
154 155 1
154 156 1
154 157 1
154 158 1
154 159 1
154 160 1
154 161 1
154 162 1
158 162 1
171 176 1
172 174 1
176 178 1
