1 2 1
1 3 1
1 4 1
1 5 1
1 6 1
1 7 1
1 10 1
1 11 1
1 14 1
1 16 1
1 17 1
1 51 1
1 52 1
1 53 1
1 54 1
1 56 1
1 57 1
1 60 1
1 61 1
1 63 1
1 64 1
1 65 1
1 66 1
1 67 1
1 68 1
1 69 1
1 70 1
1 72 1
1 73 1
1 74 1
1 75 1
1 76 1
1 78 1
1 90 1
1 93 1
1 103 1
1 104 1
1 105 1
1 106 1
1 107 1
1 108 1
1 109 1
1 110 1
1 111 1
1 114 1
1 116 1
1 126 1
1 128 1
1 129 1
1 130 1
1 167 1
1 168 1
1 169 1
1 170 1
2 5 1
2 8 1
2 11 1
2 12 1
2 13 1
2 14 1
2 15 1
2 17 1
2 18 1
2 50 1
2 51 1
2 52 1
2 57 1
2 60 1
2 61 1
2 62 1
2 63 1
2 64 1
2 65 1
2 66 1
2 67 1
2 68 1
2 69 1
2 70 1
2 71 1
2 72 1
2 74 1
2 75 1
2 76 1
2 77 1
2 78 1
2 79 1
2 89 1
2 91 1
2 92 1
2 93 1
2 103 1
2 104 1
2 105 1
2 106 1
2 107 1
2 109 1
2 111 1
2 112 1
2 113 1
2 114 1
2 115 1
2 116 1
2 117 1
2 126 1
2 127 1
2 130 1
2 131 1
2 166 1
2 167 1
2 168 1
2 169 1
2 170 1
3 5 1
3 8 1
3 9 1
3 10 1
3 11 1
3 12 1
3 14 1
3 17 1
3 18 1
3 52 1
3 53 1
3 54 1
3 55 1
3 56 1
3 58 1
3 59 1
3 60 1
3 61 1
3 65 1
3 68 1
3 69 1
3 70 1
3 72 1
3 74 1
3 75 1
3 76 1
3 77 1
3 79 1
3 90 1
3 91 1
3 92 1
3 93 1
3 103 1
3 105 1
3 106 1
3 107 1
3 110 1
3 111 1
3 112 1
3 113 1
3 115 1
3 116 1
3 127 1
3 128 1
3 129 1
3 130 1
3 166 1
3 167 1
3 168 1
3 169 1
4 6 1
4 7 1
4 10 1
4 11 1
4 12 1
4 13 1
4 16 1
4 50 1
4 51 1
4 52 1
4 53 1
4 54 1
4 56 1
4 57 1
4 58 1
4 59 1
4 60 1
4 61 1
4 62 1
4 63 1
4 64 1
4 65 1
4 66 1
4 68 1
4 70 1
4 71 1
4 72 1
4 73 1
4 74 1
4 75 1
4 77 1
4 78 1
4 89 1
4 90 1
4 91 1
4 92 1
4 93 1
4 103 1
4 107 1
4 108 1
4 109 1
4 110 1
4 111 1
4 112 1
4 114 1
4 115 1
4 117 1
4 126 1
4 127 1
4 128 1
4 130 1
4 165 1
4 169 1
4 170 1
5 8 1
5 9 1
5 10 1
5 11 1
5 13 1
5 14 1
5 15 1
5 16 1
5 18 1
5 50 1
5 52 1
5 55 1
5 58 1
5 59 1
5 60 1
5 61 1
5 65 1
5 66 1
5 67 1
5 70 1
5 71 1
5 72 1
5 74 1
5 75 1
5 76 1
5 77 1
5 78 1
5 79 1
5 89 1
5 90 1
5 91 1
5 92 1
5 93 1
5 103 1
5 104 1
5 105 1
5 107 1
5 111 1
5 112 1
5 114 1
5 115 1
5 116 1
5 117 1
5 126 1
5 127 1
5 128 1
5 129 1
5 130 1
5 131 1
5 165 1
5 168 1
6 9 1
6 10 1
6 11 1
6 12 1
6 13 1
6 14 1
6 15 1
6 16 1
6 17 1
6 18 1
6 52 1
6 53 1
6 54 1
6 55 1
6 57 1
6 62 1
6 63 1
6 64 1
6 65 1
6 67 1
6 68 1
6 71 1
6 72 1
6 74 1
6 75 1
6 79 1
6 89 1
6 90 1
6 91 1
6 92 1
6 103 1
6 104 1
6 105 1
6 106 1
6 107 1
6 109 1
6 110 1
6 111 1
6 114 1
6 115 1
6 116 1
6 117 1
6 126 1
6 127 1
6 128 1
6 129 1
6 130 1
6 131 1
6 165 1
6 166 1
6 167 1
6 168 1
6 169 1
6 170 1
7 8 1
7 10 1
7 11 1
7 12 1
7 13 1
7 14 1
7 15 1
7 16 1
7 18 1
7 50 1
7 51 1
7 54 1
7 56 1
7 57 1
7 58 1
7 60 1
7 61 1
7 63 1
7 65 1
7 66 1
7 67 1
7 68 1
7 69 1
7 71 1
7 72 1
7 73 1
7 74 1
7 77 1
7 78 1
7 79 1
7 89 1
7 90 1
7 91 1
7 92 1
7 93 1
7 103 1
7 104 1
7 105 1
7 106 1
7 107 1
7 108 1
7 109 1
7 111 1
7 112 1
7 114 1
7 115 1
7 116 1
7 126 1
7 127 1
7 129 1
7 130 1
7 165 1
7 166 1
7 167 1
7 168 1
7 169 1
7 170 1
8 9 1
8 10 1
8 11 1
8 12 1
8 13 1
8 14 1
8 16 1
8 17 1
8 18 1
8 53 1
8 54 1
8 55 1
8 56 1
8 59 1
8 60 1
8 61 1
8 62 1
8 63 1
8 64 1
8 65 1
8 66 1
8 68 1
8 69 1
8 70 1
8 72 1
8 73 1
8 74 1
8 75 1
8 77 1
8 89 1
8 90 1
8 103 1
8 104 1
8 106 1
8 107 1
8 108 1
8 109 1
8 110 1
8 111 1
8 112 1
8 113 1
8 114 1
8 116 1
8 126 1
8 127 1
8 128 1
8 129 1
8 130 1
8 131 1
8 166 1
8 167 1
8 168 1
8 169 1
8 170 1
9 10 1
9 11 1
9 12 1
9 13 1
9 14 1
9 16 1
9 17 1
9 18 1
9 51 1
9 52 1
9 53 1
9 55 1
9 56 1
9 58 1
9 60 1
9 62 1
9 63 1
9 64 1
9 65 1
9 66 1
9 67 1
9 68 1
9 71 1
9 72 1
9 73 1
9 76 1
9 79 1
9 89 1
9 91 1
9 92 1
9 93 1
9 103 1
9 104 1
9 106 1
9 107 1
9 108 1
9 109 1
9 110 1
9 112 1
9 113 1
9 114 1
9 115 1
9 117 1
9 126 1
9 128 1
9 130 1
9 131 1
9 166 1
9 167 1
9 169 1
9 170 1
10 12 1
10 16 1
10 18 1
10 50 1
10 51 1
10 53 1
10 54 1
10 56 1
10 58 1
10 59 1
10 60 1
10 81 1
10 82 1
10 83 1
10 84 1
10 86 1
10 87 1
10 88 1
10 132 1
10 133 1
10 134 1
10 135 1
10 137 1
10 139 1
10 146 1
10 147 1
10 150 1
10 156 1
10 157 1
10 158 1
10 159 1
10 160 1
10 161 1
10 162 1
10 163 1
10 164 1
10 165 1
10 166 1
10 167 1
10 168 1
10 169 1
10 170 1
10 171 1
10 172 1
10 175 1
10 176 1
11 13 1
11 17 1
11 50 1
11 51 1
11 52 1
11 54 1
11 55 1
11 56 1
11 57 1
11 59 1
11 61 1
11 82 1
11 83 1
11 84 1
11 85 1
11 86 1
11 87 1
11 88 1
11 133 1
11 134 1
11 135 1
11 137 1
11 138 1
11 147 1
11 149 1
11 156 1
11 157 1
11 158 1
11 159 1
11 160 1
11 161 1
11 162 1
11 163 1
11 164 1
11 165 1
11 166 1
11 168 1
11 169 1
11 170 1
11 171 1
11 172 1
11 173 1
11 174 1
11 175 1
11 176 1
11 177 1
12 14 1
12 17 1
12 18 1
12 51 1
12 53 1
12 54 1
12 55 1
12 57 1
12 58 1
12 60 1
12 61 1
12 80 1
12 81 1
12 82 1
12 83 1
12 84 1
12 86 1
12 87 1
12 132 1
12 133 1
12 134 1
12 135 1
12 136 1
12 137 1
12 138 1
12 139 1
12 147 1
12 148 1
12 149 1
12 150 1
12 156 1
12 158 1
12 159 1
12 161 1
12 162 1
12 163 1
12 164 1
12 166 1
12 168 1
12 170 1
12 171 1
12 172 1
12 173 1
12 174 1
12 175 1
12 176 1
13 14 1
13 15 1
13 50 1
13 51 1
13 52 1
13 53 1
13 55 1
13 56 1
13 58 1
13 60 1
13 80 1
13 81 1
13 82 1
13 83 1
13 84 1
13 85 1
13 86 1
13 87 1
13 134 1
13 135 1
13 137 1
13 138 1
13 139 1
13 147 1
13 148 1
13 149 1
13 150 1
13 156 1
13 157 1
13 158 1
13 161 1
13 162 1
13 164 1
13 165 1
13 166 1
13 167 1
13 168 1
13 171 1
13 172 1
13 173 1
13 174 1
13 175 1
13 176 1
13 177 1
14 18 1
14 50 1
14 51 1
14 52 1
14 53 1
14 54 1
14 55 1
14 56 1
14 57 1
14 58 1
14 59 1
14 60 1
14 61 1
14 80 1
14 81 1
14 82 1
14 83 1
14 84 1
14 85 1
14 86 1
14 88 1
14 132 1
14 133 1
14 134 1
14 135 1
14 136 1
14 137 1
14 138 1
14 139 1
14 147 1
14 149 1
14 150 1
14 157 1
14 158 1
14 159 1
14 160 1
14 163 1
14 164 1
14 165 1
14 167 1
14 168 1
14 169 1
14 171 1
14 172 1
14 176 1
14 177 1
15 16 1
15 50 1
15 51 1
15 52 1
15 54 1
15 55 1
15 56 1
15 57 1
15 58 1
15 60 1
15 61 1
15 80 1
15 82 1
15 84 1
15 86 1
15 87 1
15 132 1
15 133 1
15 134 1
15 135 1
15 137 1
15 139 1
15 146 1
15 150 1
15 156 1
15 157 1
15 158 1
15 159 1
15 160 1
15 161 1
15 163 1
15 164 1
15 165 1
15 167 1
15 168 1
15 169 1
15 170 1
15 171 1
15 172 1
15 173 1
15 174 1
15 175 1
15 176 1
15 177 1
16 50 1
16 51 1
16 52 1
16 53 1
16 56 1
16 57 1
16 58 1
16 60 1
16 61 1
16 81 1
16 82 1
16 83 1
16 84 1
16 85 1
16 86 1
16 87 1
16 88 1
16 134 1
16 135 1
16 136 1
16 138 1
16 147 1
16 148 1
16 149 1
16 150 1
16 156 1
16 157 1
16 158 1
16 159 1
16 160 1
16 163 1
16 165 1
16 166 1
16 167 1
16 170 1
16 171 1
16 172 1
16 173 1
16 174 1
16 175 1
17 50 1
17 53 1
17 55 1
17 56 1
17 57 1
17 58 1
17 59 1
17 60 1
17 80 1
17 81 1
17 82 1
17 83 1
17 84 1
17 85 1
17 87 1
17 88 1
17 133 1
17 134 1
17 136 1
17 137 1
17 147 1
17 149 1
17 150 1
17 156 1
17 157 1
17 158 1
17 160 1
17 162 1
17 163 1
17 164 1
17 167 1
17 169 1
17 170 1
17 171 1
17 172 1
17 173 1
17 177 1
18 50 1
18 52 1
18 53 1
18 54 1
18 55 1
18 56 1
18 57 1
18 58 1
18 61 1
18 82 1
18 83 1
18 85 1
18 86 1
18 88 1
18 132 1
18 133 1
18 134 1
18 135 1
18 136 1
18 137 1
18 138 1
18 139 1
18 146 1
18 148 1
18 149 1
18 150 1
18 157 1
18 158 1
18 160 1
18 161 1
18 162 1
18 163 1
18 164 1
18 166 1
18 167 1
18 168 1
18 170 1
18 173 1
18 174 1
18 176 1
18 177 1
19 21 1
19 28 1
19 29 1
19 30 1
19 33 1
19 62 1
19 63 1
19 65 1
19 66 1
19 67 1
19 89 1
19 90 1
19 91 1
19 92 1
19 93 1
19 94 1
19 95 1
19 98 1
19 99 1
19 100 1
19 101 1
19 102 1
19 103 1
19 106 1
19 107 1
19 108 1
19 109 1
19 110 1
19 111 1
19 112 1
19 113 1
19 115 1
19 116 1
19 117 1
19 118 1
19 122 1
19 123 1
19 124 1
19 128 1
19 129 1
19 130 1
19 131 1
19 132 1
19 135 1
19 136 1
19 137 1
19 138 1
19 139 1
19 140 1
19 141 1
19 142 1
19 143 1
19 144 1
19 145 1
19 156 1
19 157 1
19 159 1
19 162 1
19 163 1
19 165 1
19 166 1
19 168 1
19 169 1
19 170 1
20 22 1
20 24 1
20 27 1
20 28 1
20 29 1
20 30 1
20 31 1
20 32 1
20 62 1
20 63 1
20 64 1
20 65 1
20 67 1
20 89 1
20 90 1
20 91 1
20 92 1
20 94 1
20 95 1
20 97 1
20 98 1
20 101 1
20 102 1
20 103 1
20 104 1
20 105 1
20 106 1
20 107 1
20 109 1
20 110 1
20 111 1
20 112 1
20 114 1
20 115 1
20 118 1
20 119 1
20 121 1
20 122 1
20 123 1
20 124 1
20 125 1
20 126 1
20 130 1
20 131 1
20 132 1
20 133 1
20 134 1
20 135 1
20 136 1
20 137 1
20 138 1
20 139 1
20 140 1
20 145 1
20 156 1
20 157 1
20 158 1
20 160 1
20 161 1
20 162 1
20 164 1
20 165 1
20 167 1
20 169 1
21 25 1
21 26 1
21 27 1
21 28 1
21 29 1
21 30 1
21 31 1
21 62 1
21 63 1
21 66 1
21 67 1
21 91 1
21 92 1
21 93 1
21 94 1
21 95 1
21 96 1
21 97 1
21 98 1
21 99 1
21 102 1
21 103 1
21 104 1
21 105 1
21 107 1
21 108 1
21 109 1
21 110 1
21 111 1
21 112 1
21 113 1
21 114 1
21 115 1
21 116 1
21 119 1
21 120 1
21 121 1
21 122 1
21 123 1
21 124 1
21 125 1
21 126 1
21 127 1
21 128 1
21 129 1
21 130 1
21 131 1
21 133 1
21 136 1
21 138 1
21 139 1
21 140 1
21 141 1
21 142 1
21 143 1
21 144 1
21 156 1
21 157 1
21 158 1
21 159 1
21 160 1
21 161 1
21 162 1
21 163 1
21 164 1
21 167 1
21 168 1
21 169 1
21 170 1
22 23 1
22 25 1
22 27 1
22 28 1
22 29 1
22 30 1
22 31 1
22 32 1
22 33 1
22 62 1
22 64 1
22 65 1
22 66 1
22 67 1
22 89 1
22 91 1
22 92 1
22 93 1
22 94 1
22 95 1
22 96 1
22 98 1
22 99 1
22 100 1
22 101 1
22 102 1
22 103 1
22 104 1
22 105 1
22 106 1
22 107 1
22 109 1
22 111 1
22 114 1
22 115 1
22 116 1
22 117 1
22 118 1
22 119 1
22 120 1
22 123 1
22 124 1
22 125 1
22 126 1
22 127 1
22 128 1
22 130 1
22 131 1
22 132 1
22 133 1
22 134 1
22 135 1
22 136 1
22 137 1
22 138 1
22 140 1
22 142 1
22 144 1
22 145 1
22 157 1
22 158 1
22 159 1
22 160 1
22 161 1
22 162 1
22 164 1
22 165 1
22 166 1
22 167 1
22 169 1
22 170 1
23 25 1
23 26 1
23 27 1
23 28 1
23 29 1
23 30 1
23 33 1
23 64 1
23 65 1
23 66 1
23 67 1
23 89 1
23 90 1
23 91 1
23 92 1
23 93 1
23 94 1
23 95 1
23 96 1
23 97 1
23 98 1
23 100 1
23 101 1
23 102 1
23 103 1
23 104 1
23 105 1
23 106 1
23 108 1
23 109 1
23 110 1
23 112 1
23 113 1
23 115 1
23 116 1
23 118 1
23 119 1
23 120 1
23 121 1
23 122 1
23 123 1
23 124 1
23 125 1
23 127 1
23 128 1
23 129 1
23 130 1
23 131 1
23 132 1
23 133 1
23 134 1
23 135 1
23 136 1
23 138 1
23 139 1
23 140 1
23 141 1
23 142 1
23 143 1
23 144 1
23 156 1
23 157 1
23 158 1
23 159 1
23 160 1
23 161 1
23 162 1
23 164 1
23 165 1
23 167 1
24 29 1
24 30 1
24 32 1
24 62 1
24 63 1
24 66 1
24 67 1
24 89 1
24 90 1
24 91 1
24 92 1
24 94 1
24 95 1
24 96 1
24 97 1
24 98 1
24 99 1
24 102 1
24 104 1
24 105 1
24 106 1
24 108 1
24 110 1
24 111 1
24 114 1
24 116 1
24 118 1
24 122 1
24 123 1
24 125 1
24 127 1
24 129 1
24 130 1
24 132 1
24 133 1
24 134 1
24 135 1
24 136 1
24 137 1
24 138 1
24 139 1
24 140 1
24 142 1
24 144 1
24 145 1
24 156 1
24 157 1
24 158 1
24 160 1
24 161 1
24 162 1
24 163 1
24 166 1
24 167 1
24 168 1
24 169 1
24 170 1
25 26 1
25 27 1
25 28 1
25 30 1
25 31 1
25 32 1
25 34 1
25 35 1
25 36 1
25 38 1
25 39 1
25 40 1
25 41 1
25 50 1
25 54 1
25 55 1
25 56 1
25 57 1
25 58 1
25 59 1
25 61 1
25 75 1
25 76 1
25 77 1
25 78 1
25 79 1
25 80 1
25 81 1
25 82 1
25 85 1
25 87 1
25 88 1
25 92 1
25 93 1
25 132 1
25 133 1
25 134 1
25 135 1
25 136 1
25 137 1
25 139 1
26 32 1
26 34 1
26 35 1
26 37 1
26 38 1
26 40 1
26 41 1
26 50 1
26 51 1
26 52 1
26 54 1
26 55 1
26 56 1
26 57 1
26 58 1
26 59 1
26 60 1
26 61 1
26 75 1
26 76 1
26 78 1
26 79 1
26 80 1
26 82 1
26 83 1
26 85 1
26 86 1
26 87 1
26 88 1
26 89 1
26 90 1
26 92 1
26 133 1
26 134 1
26 135 1
26 136 1
26 137 1
27 34 1
27 35 1
27 36 1
27 37 1
27 38 1
27 39 1
27 50 1
27 51 1
27 52 1
27 53 1
27 54 1
27 55 1
27 56 1
27 57 1
27 59 1
27 60 1
27 61 1
27 75 1
27 76 1
27 78 1
27 79 1
27 82 1
27 84 1
27 85 1
27 86 1
27 87 1
27 88 1
27 89 1
27 90 1
27 92 1
27 93 1
27 132 1
27 133 1
27 134 1
27 135 1
27 136 1
27 137 1
27 139 1
28 29 1
28 30 1
28 34 1
28 36 1
28 37 1
28 38 1
28 40 1
28 50 1
28 51 1
28 53 1
28 54 1
28 56 1
28 57 1
28 58 1
28 61 1
28 75 1
28 78 1
28 79 1
28 80 1
28 81 1
28 82 1
28 83 1
28 84 1
28 85 1
28 88 1
28 90 1
28 92 1
28 93 1
28 133 1
28 134 1
28 136 1
28 137 1
28 138 1
29 34 1
29 38 1
29 39 1
29 41 1
29 50 1
29 51 1
29 52 1
29 53 1
29 54 1
29 56 1
29 59 1
29 60 1
29 75 1
29 77 1
29 78 1
29 79 1
29 80 1
29 81 1
29 83 1
29 84 1
29 85 1
29 87 1
29 88 1
29 89 1
29 92 1
29 93 1
29 132 1
29 133 1
29 135 1
29 137 1
29 138 1
29 139 1
30 34 1
30 35 1
30 36 1
30 37 1
30 38 1
30 39 1
30 41 1
30 50 1
30 51 1
30 52 1
30 53 1
30 54 1
30 55 1
30 56 1
30 58 1
30 60 1
30 61 1
30 75 1
30 77 1
30 78 1
30 79 1
30 80 1
30 81 1
30 82 1
30 83 1
30 84 1
30 88 1
30 89 1
30 90 1
30 91 1
30 92 1
30 133 1
30 134 1
30 135 1
30 136 1
30 137 1
30 138 1
30 139 1
31 34 1
31 36 1
31 37 1
31 40 1
31 41 1
31 51 1
31 52 1
31 53 1
31 54 1
31 55 1
31 56 1
31 57 1
31 59 1
31 60 1
31 61 1
31 76 1
31 77 1
31 78 1
31 79 1
31 80 1
31 81 1
31 82 1
31 84 1
31 85 1
31 86 1
31 87 1
31 88 1
31 89 1
31 90 1
31 91 1
31 92 1
31 93 1
31 132 1
31 133 1
31 135 1
31 136 1
31 137 1
31 138 1
32 34 1
32 35 1
32 37 1
32 38 1
32 39 1
32 40 1
32 50 1
32 51 1
32 52 1
32 53 1
32 54 1
32 56 1
32 57 1
32 58 1
32 60 1
32 61 1
32 75 1
32 76 1
32 78 1
32 79 1
32 80 1
32 81 1
32 83 1
32 84 1
32 85 1
32 86 1
32 87 1
32 88 1
32 89 1
32 91 1
32 93 1
32 132 1
32 133 1
32 134 1
32 135 1
32 136 1
32 137 1
32 138 1
32 139 1
33 34 1
33 36 1
33 37 1
33 38 1
33 39 1
33 40 1
33 41 1
33 52 1
33 53 1
33 54 1
33 57 1
33 60 1
33 61 1
33 75 1
33 76 1
33 77 1
33 78 1
33 79 1
33 80 1
33 81 1
33 84 1
33 86 1
33 88 1
33 89 1
33 90 1
33 92 1
33 93 1
33 132 1
33 133 1
33 134 1
33 135 1
33 136 1
33 137 1
33 139 1
34 35 1
34 36 1
34 38 1
34 39 1
34 42 1
34 43 1
34 44 1
34 45 1
34 46 1
34 47 1
34 48 1
34 49 1
34 68 1
34 70 1
34 71 1
34 73 1
34 80 1
34 82 1
34 83 1
34 88 1
34 103 1
34 105 1
34 107 1
34 108 1
34 126 1
34 127 1
34 128 1
34 129 1
34 130 1
34 131 1
34 132 1
34 133 1
34 134 1
34 135 1
34 136 1
34 137 1
34 138 1
34 139 1
34 140 1
34 141 1
34 142 1
34 143 1
34 145 1
34 147 1
34 148 1
34 149 1
34 150 1
34 151 1
34 152 1
34 153 1
34 154 1
34 155 1
34 171 1
34 172 1
34 173 1
34 175 1
34 176 1
35 36 1
35 40 1
35 42 1
35 44 1
35 46 1
35 47 1
35 48 1
35 49 1
35 68 1
35 69 1
35 70 1
35 71 1
35 80 1
35 82 1
35 85 1
35 86 1
35 87 1
35 88 1
35 103 1
35 104 1
35 105 1
35 106 1
35 107 1
35 108 1
35 128 1
35 130 1
35 131 1
35 132 1
35 133 1
35 135 1
35 136 1
35 138 1
35 139 1
35 140 1
35 143 1
35 146 1
35 147 1
35 148 1
35 149 1
35 150 1
35 151 1
35 154 1
35 155 1
35 171 1
35 172 1
35 173 1
35 174 1
35 175 1
35 177 1
36 42 1
36 45 1
36 46 1
36 47 1
36 48 1
36 69 1
36 73 1
36 80 1
36 84 1
36 85 1
36 88 1
36 103 1
36 105 1
36 106 1
36 108 1
36 126 1
36 127 1
36 128 1
36 129 1
36 130 1
36 133 1
36 134 1
36 135 1
36 136 1
36 137 1
36 138 1
36 139 1
36 140 1
36 141 1
36 142 1
36 143 1
36 144 1
36 145 1
36 146 1
36 147 1
36 149 1
36 150 1
36 151 1
36 153 1
36 154 1
36 155 1
36 171 1
36 172 1
36 173 1
36 174 1
36 175 1
36 176 1
36 177 1
37 42 1
37 43 1
37 44 1
37 45 1
37 46 1
37 48 1
37 49 1
37 68 1
37 70 1
37 71 1
37 73 1
37 80 1
37 81 1
37 82 1
37 83 1
37 85 1
37 86 1
37 88 1
37 103 1
37 106 1
37 107 1
37 108 1
37 126 1
37 127 1
37 128 1
37 129 1
37 131 1
37 132 1
37 133 1
37 134 1
37 135 1
37 137 1
37 138 1
37 141 1
37 142 1
37 145 1
37 146 1
37 148 1
37 149 1
37 150 1
37 151 1
37 152 1
37 153 1
37 154 1
37 155 1
37 171 1
37 172 1
37 173 1
37 174 1
37 177 1
38 41 1
38 44 1
38 45 1
38 46 1
38 48 1
38 49 1
38 69 1
38 70 1
38 71 1
38 72 1
38 80 1
38 81 1
38 82 1
38 84 1
38 86 1
38 87 1
38 88 1
38 103 1
38 104 1
38 105 1
38 106 1
38 107 1
38 126 1
38 127 1
38 128 1
38 129 1
38 131 1
38 132 1
38 133 1
38 134 1
38 135 1
38 136 1
38 137 1
38 138 1
38 140 1
38 141 1
38 142 1
38 143 1
38 145 1
38 146 1
38 147 1
38 148 1
38 149 1
38 150 1
38 151 1
38 152 1
38 153 1
38 155 1
38 171 1
38 172 1
38 173 1
38 174 1
38 175 1
39 41 1
39 42 1
39 43 1
39 44 1
39 45 1
39 46 1
39 47 1
39 48 1
39 49 1
39 69 1
39 70 1
39 71 1
39 74 1
39 81 1
39 82 1
39 83 1
39 84 1
39 85 1
39 87 1
39 88 1
39 103 1
39 104 1
39 106 1
39 108 1
39 126 1
39 127 1
39 128 1
39 129 1
39 130 1
39 132 1
39 133 1
39 134 1
39 135 1
39 137 1
39 138 1
39 140 1
39 141 1
39 143 1
39 144 1
39 145 1
39 148 1
39 149 1
39 150 1
39 151 1
39 153 1
39 171 1
39 172 1
39 173 1
39 175 1
39 176 1
39 177 1
40 41 1
40 43 1
40 44 1
40 45 1
40 46 1
40 47 1
40 48 1
40 49 1
40 68 1
40 69 1
40 70 1
40 71 1
40 72 1
40 73 1
40 74 1
40 80 1
40 81 1
40 83 1
40 84 1
40 88 1
40 104 1
40 105 1
40 106 1
40 107 1
40 108 1
40 126 1
40 127 1
40 128 1
40 129 1
40 131 1
40 132 1
40 133 1
40 134 1
40 135 1
40 137 1
40 138 1
40 139 1
40 140 1
40 141 1
40 142 1
40 143 1
40 144 1
40 145 1
40 146 1
40 147 1
40 149 1
40 150 1
40 152 1
40 153 1
40 154 1
40 173 1
40 175 1
40 176 1
41 42 1
41 43 1
41 44 1
41 45 1
41 46 1
41 47 1
41 48 1
41 49 1
41 69 1
41 71 1
41 73 1
41 74 1
41 80 1
41 81 1
41 82 1
41 83 1
41 84 1
41 85 1
41 86 1
41 87 1
41 88 1
41 103 1
41 104 1
41 105 1
41 106 1
41 107 1
41 128 1
41 129 1
41 131 1
41 132 1
41 133 1
41 135 1
41 136 1
41 137 1
41 138 1
41 139 1
41 140 1
41 141 1
41 145 1
41 146 1
41 147 1
41 149 1
41 152 1
41 154 1
41 155 1
41 171 1
41 172 1
41 173 1
41 174 1
41 175 1
41 176 1
42 43 1
42 45 1
42 46 1
42 47 1
42 48 1
42 57 1
42 59 1
42 60 1
42 64 1
42 65 1
42 66 1
42 67 1
42 69 1
42 71 1
42 72 1
42 74 1
42 95 1
42 96 1
42 97 1
42 98 1
42 99 1
42 100 1
42 101 1
42 103 1
42 105 1
42 106 1
42 108 1
42 135 1
42 136 1
42 137 1
42 139 1
42 140 1
42 141 1
42 143 1
42 145 1
42 157 1
42 158 1
42 159 1
42 160 1
42 161 1
42 163 1
42 164 1
43 44 1
43 45 1
43 46 1
43 47 1
43 48 1
43 57 1
43 58 1
43 61 1
43 62 1
43 63 1
43 64 1
43 65 1
43 66 1
43 67 1
43 68 1
43 69 1
43 70 1
43 71 1
43 72 1
43 73 1
43 74 1
43 94 1
43 95 1
43 97 1
43 100 1
43 101 1
43 105 1
43 106 1
43 108 1
43 132 1
43 134 1
43 135 1
43 136 1
43 137 1
43 138 1
43 139 1
43 140 1
43 141 1
43 142 1
43 144 1
43 145 1
43 156 1
43 157 1
43 159 1
43 162 1
43 163 1
44 47 1
44 49 1
44 57 1
44 58 1
44 59 1
44 60 1
44 61 1
44 62 1
44 63 1
44 64 1
44 65 1
44 66 1
44 69 1
44 70 1
44 71 1
44 72 1
44 73 1
44 74 1
44 94 1
44 95 1
44 96 1
44 97 1
44 99 1
44 100 1
44 102 1
44 103 1
44 104 1
44 105 1
44 106 1
44 107 1
44 108 1
44 132 1
44 133 1
44 134 1
44 135 1
44 136 1
44 137 1
44 139 1
44 141 1
44 142 1
44 144 1
44 156 1
44 157 1
44 160 1
44 162 1
44 164 1
45 47 1
45 48 1
45 49 1
45 57 1
45 59 1
45 60 1
45 61 1
45 62 1
45 63 1
45 64 1
45 65 1
45 66 1
45 67 1
45 68 1
45 69 1
45 70 1
45 71 1
45 72 1
45 73 1
45 74 1
45 94 1
45 95 1
45 96 1
45 98 1
45 99 1
45 100 1
45 101 1
45 102 1
45 103 1
45 106 1
45 107 1
45 108 1
45 132 1
45 133 1
45 134 1
45 135 1
45 136 1
45 137 1
45 138 1
45 140 1
45 141 1
45 142 1
45 143 1
45 145 1
45 159 1
45 160 1
45 161 1
45 162 1
45 163 1
45 164 1
46 47 1
46 48 1
46 49 1
46 57 1
46 58 1
46 59 1
46 60 1
46 61 1
46 62 1
46 63 1
46 64 1
46 65 1
46 66 1
46 68 1
46 70 1
46 72 1
46 73 1
46 74 1
46 96 1
46 98 1
46 99 1
46 100 1
46 101 1
46 102 1
46 103 1
46 104 1
46 105 1
46 106 1
46 107 1
46 132 1
46 133 1
46 134 1
46 135 1
46 136 1
46 137 1
46 138 1
46 141 1
46 142 1
46 143 1
46 144 1
46 145 1
46 157 1
46 158 1
46 159 1
46 160 1
46 161 1
46 162 1
47 57 1
47 58 1
47 60 1
47 61 1
47 62 1
47 64 1
47 67 1
47 68 1
47 69 1
47 70 1
47 71 1
47 72 1
47 73 1
47 74 1
47 95 1
47 96 1
47 97 1
47 98 1
47 99 1
47 100 1
47 103 1
47 104 1
47 106 1
47 107 1
47 132 1
47 135 1
47 136 1
47 138 1
47 139 1
47 142 1
47 143 1
47 144 1
47 145 1
47 158 1
47 159 1
47 160 1
47 161 1
47 162 1
47 164 1
48 57 1
48 58 1
48 59 1
48 60 1
48 61 1
48 62 1
48 63 1
48 64 1
48 65 1
48 68 1
48 69 1
48 70 1
48 71 1
48 72 1
48 73 1
48 74 1
48 94 1
48 95 1
48 96 1
48 97 1
48 98 1
48 99 1
48 100 1
48 101 1
48 102 1
48 104 1
48 105 1
48 106 1
48 107 1
48 108 1
48 134 1
48 135 1
48 137 1
48 140 1
48 141 1
48 142 1
48 143 1
48 145 1
48 156 1
48 158 1
48 160 1
48 161 1
48 163 1
49 57 1
49 58 1
49 60 1
49 61 1
49 62 1
49 64 1
49 65 1
49 66 1
49 68 1
49 70 1
49 71 1
49 72 1
49 73 1
49 74 1
49 94 1
49 96 1
49 97 1
49 98 1
49 99 1
49 101 1
49 103 1
49 104 1
49 106 1
49 107 1
49 108 1
49 132 1
49 134 1
49 135 1
49 136 1
49 137 1
49 138 1
49 139 1
49 140 1
49 141 1
49 142 1
49 145 1
49 156 1
49 158 1
49 159 1
49 160 1
49 161 1
49 162 1
49 163 1
49 164 1
50 52 1
50 53 1
50 54 1
50 55 1
50 56 1
50 68 1
50 69 1
50 70 1
50 72 1
50 73 1
50 74 1
50 89 1
50 90 1
50 91 1
50 93 1
50 103 1
50 104 1
50 105 1
50 107 1
50 108 1
50 120 1
50 121 1
50 122 1
50 123 1
50 124 1
50 125 1
50 140 1
50 141 1
50 142 1
50 143 1
50 145 1
50 165 1
50 168 1
50 169 1
50 170 1
50 172 1
50 174 1
50 175 1
50 177 1
51 52 1
51 53 1
51 54 1
51 55 1
51 68 1
51 69 1
51 72 1
51 74 1
51 89 1
51 90 1
51 92 1
51 93 1
51 104 1
51 105 1
51 106 1
51 107 1
51 118 1
51 120 1
51 121 1
51 122 1
51 123 1
51 124 1
51 140 1
51 142 1
51 143 1
51 144 1
51 145 1
51 165 1
51 166 1
51 167 1
51 169 1
51 170 1
51 171 1
51 172 1
51 176 1
51 177 1
52 53 1
52 54 1
52 55 1
52 56 1
52 69 1
52 71 1
52 72 1
52 74 1
52 89 1
52 90 1
52 91 1
52 93 1
52 103 1
52 104 1
52 105 1
52 107 1
52 118 1
52 120 1
52 121 1
52 122 1
52 140 1
52 141 1
52 142 1
52 143 1
52 165 1
52 166 1
52 169 1
52 170 1
52 172 1
52 173 1
52 175 1
52 176 1
52 177 1
53 54 1
53 68 1
53 69 1
53 70 1
53 71 1
53 72 1
53 89 1
53 91 1
53 92 1
53 104 1
53 105 1
53 108 1
53 119 1
53 120 1
53 122 1
53 123 1
53 124 1
53 125 1
53 140 1
53 141 1
53 142 1
53 143 1
53 144 1
53 145 1
53 165 1
53 166 1
53 167 1
53 168 1
53 169 1
53 171 1
53 172 1
53 173 1
53 174 1
53 175 1
53 176 1
54 55 1
54 70 1
54 71 1
54 72 1
54 91 1
54 92 1
54 93 1
54 103 1
54 104 1
54 105 1
54 106 1
54 108 1
54 118 1
54 119 1
54 120 1
54 122 1
54 123 1
54 124 1
54 125 1
54 140 1
54 141 1
54 142 1
54 143 1
54 145 1
54 165 1
54 166 1
54 167 1
54 168 1
54 169 1
54 170 1
54 174 1
54 176 1
54 177 1
55 56 1
55 72 1
55 73 1
55 74 1
55 90 1
55 91 1
55 92 1
55 93 1
55 103 1
55 104 1
55 105 1
55 106 1
55 107 1
55 118 1
55 119 1
55 120 1
55 122 1
55 124 1
55 125 1
55 140 1
55 141 1
55 142 1
55 143 1
55 144 1
55 145 1
55 165 1
55 166 1
55 167 1
55 168 1
55 170 1
55 171 1
55 172 1
55 173 1
55 175 1
55 176 1
56 68 1
56 70 1
56 71 1
56 72 1
56 74 1
56 90 1
56 91 1
56 93 1
56 105 1
56 106 1
56 107 1
56 108 1
56 119 1
56 120 1
56 121 1
56 122 1
56 123 1
56 124 1
56 142 1
56 143 1
56 145 1
56 165 1
56 166 1
56 168 1
56 169 1
56 170 1
56 171 1
56 172 1
56 173 1
56 175 1
56 176 1
56 177 1
57 59 1
57 60 1
57 118 1
57 119 1
57 120 1
57 122 1
57 123 1
57 124 1
57 125 1
57 142 1
57 143 1
57 144 1
57 145 1
57 146 1
57 147 1
57 165 1
57 166 1
57 167 1
57 169 1
57 170 1
58 59 1
58 60 1
58 61 1
58 119 1
58 120 1
58 121 1
58 123 1
58 124 1
58 140 1
58 142 1
58 143 1
58 144 1
58 146 1
58 147 1
58 148 1
58 149 1
58 150 1
58 167 1
58 168 1
58 170 1
59 60 1
59 118 1
59 119 1
59 120 1
59 121 1
59 122 1
59 123 1
59 124 1
59 125 1
59 140 1
59 141 1
59 144 1
59 145 1
59 148 1
59 165 1
59 167 1
59 168 1
59 170 1
60 61 1
60 118 1
60 119 1
60 120 1
60 121 1
60 122 1
60 123 1
60 125 1
60 140 1
60 141 1
60 142 1
60 143 1
60 144 1
60 145 1
60 146 1
60 147 1
60 148 1
60 149 1
60 150 1
60 165 1
60 166 1
60 167 1
60 170 1
61 118 1
61 119 1
61 120 1
61 123 1
61 124 1
61 142 1
61 143 1
61 145 1
61 147 1
61 148 1
61 150 1
61 165 1
61 166 1
61 167 1
61 169 1
61 170 1
62 63 1
62 64 1
62 65 1
62 67 1
62 68 1
62 69 1
62 70 1
62 72 1
62 74 1
62 76 1
62 77 1
62 78 1
62 79 1
62 80 1
62 82 1
62 83 1
62 84 1
62 85 1
62 86 1
62 87 1
62 88 1
62 89 1
62 90 1
62 91 1
62 93 1
62 103 1
62 105 1
62 107 1
62 108 1
62 109 1
62 110 1
62 111 1
62 114 1
62 115 1
62 116 1
62 117 1
62 118 1
62 119 1
62 120 1
62 124 1
62 125 1
62 126 1
62 127 1
62 128 1
62 129 1
62 130 1
62 131 1
62 132 1
62 133 1
62 134 1
62 135 1
62 137 1
62 138 1
62 140 1
62 141 1
62 142 1
62 143 1
62 144 1
62 145 1
62 151 1
62 152 1
62 153 1
62 154 1
62 155 1
62 157 1
62 159 1
62 160 1
62 163 1
62 164 1
62 165 1
62 166 1
62 167 1
62 168 1
62 169 1
62 170 1
63 65 1
63 68 1
63 69 1
63 71 1
63 72 1
63 73 1
63 76 1
63 77 1
63 80 1
63 81 1
63 82 1
63 83 1
63 84 1
63 85 1
63 87 1
63 88 1
63 89 1
63 90 1
63 91 1
63 103 1
63 106 1
63 107 1
63 108 1
63 109 1
63 110 1
63 111 1
63 112 1
63 114 1
63 115 1
63 117 1
63 120 1
63 122 1
63 123 1
63 124 1
63 125 1
63 127 1
63 129 1
63 131 1
63 132 1
63 133 1
63 134 1
63 135 1
63 136 1
63 137 1
63 138 1
63 140 1
63 142 1
63 143 1
63 144 1
63 145 1
63 152 1
63 153 1
63 154 1
63 155 1
63 156 1
63 158 1
63 159 1
63 160 1
63 161 1
63 162 1
63 164 1
63 165 1
63 166 1
63 167 1
63 168 1
63 169 1
63 170 1
64 65 1
64 66 1
64 67 1
64 68 1
64 69 1
64 70 1
64 71 1
64 73 1
64 74 1
64 75 1
64 76 1
64 77 1
64 78 1
64 79 1
64 80 1
64 81 1
64 82 1
64 83 1
64 84 1
64 86 1
64 87 1
64 88 1
64 90 1
64 91 1
64 92 1
64 93 1
64 103 1
64 104 1
64 105 1
64 107 1
64 108 1
64 109 1
64 110 1
64 112 1
64 113 1
64 114 1
64 115 1
64 118 1
64 121 1
64 123 1
64 124 1
64 125 1
64 126 1
64 127 1
64 128 1
64 130 1
64 131 1
64 133 1
64 134 1
64 135 1
64 136 1
64 138 1
64 140 1
64 141 1
64 143 1
64 144 1
64 151 1
64 153 1
64 154 1
64 155 1
64 156 1
64 160 1
64 162 1
64 164 1
64 165 1
64 166 1
64 167 1
64 169 1
64 170 1
65 66 1
65 67 1
65 68 1
65 69 1
65 71 1
65 72 1
65 73 1
65 74 1
65 76 1
65 77 1
65 79 1
65 81 1
65 82 1
65 83 1
65 84 1
65 85 1
65 86 1
65 88 1
65 89 1
65 90 1
65 91 1
65 92 1
65 104 1
65 105 1
65 106 1
65 108 1
65 109 1
65 110 1
65 111 1
65 113 1
65 117 1
65 118 1
65 119 1
65 120 1
65 121 1
65 122 1
65 123 1
65 124 1
65 125 1
65 127 1
65 128 1
65 129 1
65 130 1
65 131 1
65 133 1
65 134 1
65 135 1
65 136 1
65 139 1
65 141 1
65 143 1
65 144 1
65 145 1
65 151 1
65 152 1
65 153 1
65 154 1
65 157 1
65 158 1
65 159 1
65 160 1
65 161 1
65 162 1
65 165 1
65 166 1
65 167 1
65 168 1
65 169 1
65 170 1
66 67 1
66 68 1
66 71 1
66 73 1
66 74 1
66 75 1
66 77 1
66 78 1
66 79 1
66 80 1
66 82 1
66 83 1
66 86 1
66 87 1
66 88 1
66 90 1
66 91 1
66 92 1
66 93 1
66 103 1
66 106 1
66 107 1
66 108 1
66 109 1
66 110 1
66 112 1
66 113 1
66 115 1
66 116 1
66 117 1
66 118 1
66 120 1
66 122 1
66 123 1
66 124 1
66 126 1
66 128 1
66 130 1
66 131 1
66 132 1
66 133 1
66 134 1
66 135 1
66 136 1
66 137 1
66 139 1
66 140 1
66 141 1
66 142 1
66 143 1
66 144 1
66 145 1
66 151 1
66 153 1
66 155 1
66 156 1
66 157 1
66 158 1
66 159 1
66 160 1
66 161 1
66 163 1
66 165 1
66 166 1
66 167 1
66 168 1
66 169 1
67 68 1
67 69 1
67 70 1
67 71 1
67 72 1
67 73 1
67 74 1
67 75 1
67 76 1
67 77 1
67 79 1
67 80 1
67 81 1
67 83 1
67 84 1
67 85 1
67 86 1
67 87 1
67 90 1
67 91 1
67 92 1
67 103 1
67 104 1
67 106 1
67 108 1
67 109 1
67 110 1
67 111 1
67 113 1
67 114 1
67 115 1
67 117 1
67 118 1
67 119 1
67 120 1
67 121 1
67 123 1
67 124 1
67 125 1
67 130 1
67 131 1
67 133 1
67 134 1
67 135 1
67 136 1
67 137 1
67 138 1
67 139 1
67 141 1
67 142 1
67 143 1
67 144 1
67 145 1
67 151 1
67 152 1
67 153 1
67 154 1
67 156 1
67 157 1
67 158 1
67 159 1
67 160 1
67 161 1
67 163 1
67 164 1
67 165 1
67 166 1
67 167 1
67 168 1
67 169 1
68 69 1
68 70 1
68 71 1
68 72 1
68 73 1
68 74 1
68 76 1
68 77 1
68 79 1
68 81 1
68 83 1
68 84 1
68 85 1
68 86 1
68 87 1
68 88 1
68 89 1
68 90 1
68 91 1
68 92 1
68 93 1
68 94 1
68 96 1
68 97 1
68 98 1
68 100 1
68 103 1
68 105 1
68 106 1
68 107 1
68 108 1
68 142 1
68 143 1
68 144 1
68 145 1
68 156 1
68 157 1
68 158 1
68 161 1
68 171 1
68 173 1
68 174 1
68 175 1
68 177 1
69 70 1
69 72 1
69 73 1
69 74 1
69 75 1
69 76 1
69 77 1
69 79 1
69 80 1
69 82 1
69 83 1
69 85 1
69 86 1
69 87 1
69 88 1
69 89 1
69 91 1
69 92 1
69 93 1
69 94 1
69 95 1
69 96 1
69 97 1
69 98 1
69 99 1
69 100 1
69 101 1
69 102 1
69 103 1
69 105 1
69 107 1
69 108 1
69 141 1
69 142 1
69 144 1
69 145 1
69 157 1
69 159 1
69 160 1
69 161 1
69 162 1
69 171 1
69 173 1
69 174 1
69 176 1
69 177 1
70 71 1
70 73 1
70 75 1
70 76 1
70 78 1
70 80 1
70 81 1
70 83 1
70 86 1
70 87 1
70 90 1
70 91 1
70 92 1
70 93 1
70 94 1
70 95 1
70 96 1
70 97 1
70 98 1
70 99 1
70 101 1
70 103 1
70 104 1
70 105 1
70 107 1
70 108 1
70 140 1
70 141 1
70 142 1
70 143 1
70 145 1
70 156 1
70 157 1
70 159 1
70 160 1
70 161 1
70 162 1
70 164 1
70 173 1
70 174 1
70 175 1
70 177 1
71 72 1
71 74 1
71 75 1
71 76 1
71 77 1
71 78 1
71 79 1
71 80 1
71 82 1
71 83 1
71 84 1
71 85 1
71 86 1
71 87 1
71 88 1
71 89 1
71 90 1
71 92 1
71 94 1
71 96 1
71 97 1
71 98 1
71 99 1
71 100 1
71 101 1
71 102 1
71 104 1
71 105 1
71 108 1
71 141 1
71 142 1
71 143 1
71 144 1
71 145 1
71 156 1
71 157 1
71 160 1
71 162 1
71 163 1
71 164 1
71 171 1
71 172 1
71 173 1
71 175 1
71 176 1
71 177 1
72 75 1
72 76 1
72 77 1
72 78 1
72 79 1
72 80 1
72 81 1
72 82 1
72 85 1
72 86 1
72 87 1
72 90 1
72 91 1
72 92 1
72 93 1
72 95 1
72 97 1
72 98 1
72 101 1
72 102 1
72 103 1
72 104 1
72 106 1
72 108 1
72 140 1
72 142 1
72 143 1
72 144 1
72 157 1
72 159 1
72 160 1
72 161 1
72 162 1
72 163 1
72 164 1
72 171 1
72 173 1
72 174 1
72 175 1
72 176 1
73 74 1
73 76 1
73 79 1
73 80 1
73 82 1
73 83 1
73 85 1
73 88 1
73 90 1
73 91 1
73 92 1
73 93 1
73 95 1
73 96 1
73 97 1
73 101 1
73 102 1
73 103 1
73 104 1
73 106 1
73 107 1
73 140 1
73 141 1
73 145 1
73 157 1
73 158 1
73 159 1
73 160 1
73 161 1
73 162 1
73 163 1
73 171 1
73 174 1
73 175 1
73 176 1
73 177 1
74 77 1
74 78 1
74 79 1
74 80 1
74 81 1
74 82 1
74 85 1
74 87 1
74 88 1
74 89 1
74 90 1
74 93 1
74 94 1
74 95 1
74 96 1
74 97 1
74 98 1
74 100 1
74 101 1
74 102 1
74 104 1
74 105 1
74 106 1
74 108 1
74 140 1
74 141 1
74 142 1
74 143 1
74 144 1
74 156 1
74 157 1
74 158 1
74 160 1
74 161 1
74 162 1
74 164 1
74 171 1
74 173 1
74 174 1
74 175 1
74 176 1
74 177 1
75 77 1
75 78 1
75 80 1
75 81 1
75 82 1
75 83 1
75 85 1
75 86 1
75 87 1
75 88 1
75 109 1
75 110 1
75 111 1
75 112 1
75 113 1
75 114 1
75 115 1
75 116 1
75 117 1
75 126 1
75 128 1
75 129 1
75 130 1
75 131 1
75 140 1
75 141 1
75 142 1
75 143 1
75 144 1
75 145 1
75 146 1
75 147 1
75 148 1
75 149 1
75 150 1
75 156 1
75 157 1
75 158 1
75 159 1
75 160 1
75 161 1
75 162 1
75 163 1
75 172 1
75 173 1
75 174 1
75 175 1
75 177 1
76 77 1
76 80 1
76 81 1
76 82 1
76 83 1
76 85 1
76 87 1
76 88 1
76 109 1
76 110 1
76 111 1
76 112 1
76 113 1
76 115 1
76 116 1
76 117 1
76 126 1
76 128 1
76 129 1
76 130 1
76 131 1
76 140 1
76 141 1
76 142 1
76 144 1
76 145 1
76 146 1
76 147 1
76 148 1
76 149 1
76 150 1
76 157 1
76 159 1
76 160 1
76 161 1
76 162 1
76 163 1
76 164 1
76 171 1
76 172 1
76 173 1
76 174 1
76 175 1
76 176 1
77 79 1
77 82 1
77 85 1
77 86 1
77 87 1
77 88 1
77 112 1
77 114 1
77 116 1
77 117 1
77 126 1
77 128 1
77 130 1
77 131 1
77 140 1
77 142 1
77 144 1
77 145 1
77 146 1
77 147 1
77 148 1
77 149 1
77 156 1
77 157 1
77 158 1
77 159 1
77 160 1
77 161 1
77 162 1
77 171 1
77 173 1
77 175 1
77 176 1
77 177 1
78 80 1
78 81 1
78 82 1
78 84 1
78 85 1
78 86 1
78 87 1
78 88 1
78 110 1
78 111 1
78 112 1
78 113 1
78 115 1
78 116 1
78 117 1
78 126 1
78 127 1
78 128 1
78 129 1
78 130 1
78 131 1
78 140 1
78 141 1
78 142 1
78 144 1
78 147 1
78 148 1
78 149 1
78 150 1
78 156 1
78 157 1
78 158 1
78 159 1
78 160 1
78 161 1
78 163 1
78 164 1
78 171 1
78 172 1
78 174 1
78 176 1
78 177 1
79 81 1
79 83 1
79 84 1
79 86 1
79 87 1
79 109 1
79 110 1
79 115 1
79 116 1
79 126 1
79 127 1
79 128 1
79 129 1
79 131 1
79 140 1
79 142 1
79 144 1
79 145 1
79 147 1
79 148 1
79 149 1
79 150 1
79 156 1
79 157 1
79 158 1
79 159 1
79 160 1
79 161 1
79 162 1
79 163 1
79 164 1
79 171 1
79 172 1
79 173 1
79 175 1
79 176 1
80 84 1
80 85 1
80 86 1
80 87 1
80 88 1
80 83 1
80 89 1
80 90 1
80 91 1
80 92 1
80 93 1
80 103 1
80 104 1
80 105 1
80 108 1
80 110 1
80 112 1
80 113 1
80 114 1
80 115 1
80 116 1
80 117 1
80 118 1
80 119 1
80 121 1
80 123 1
80 124 1
80 125 1
80 132 1
80 135 1
80 136 1
80 137 1
80 138 1
80 139 1
80 141 1
80 144 1
80 146 1
80 148 1
80 149 1
80 150 1
80 171 1
80 172 1
80 173 1
80 175 1
80 176 1
80 177 1
81 84 1
81 86 1
81 87 1
81 89 1
81 91 1
81 92 1
81 93 1
81 103 1
81 104 1
81 106 1
81 107 1
81 109 1
81 111 1
81 112 1
81 113 1
81 115 1
81 116 1
81 117 1
81 119 1
81 120 1
81 121 1
81 122 1
81 123 1
81 124 1
81 132 1
81 133 1
81 134 1
81 135 1
81 136 1
81 138 1
81 140 1
81 141 1
81 143 1
81 144 1
81 145 1
81 146 1
81 147 1
81 148 1
81 149 1
81 150 1
81 173 1
81 174 1
81 175 1
81 177 1
82 84 1
82 85 1
82 87 1
82 88 1
82 83 1
82 90 1
82 91 1
82 93 1
82 103 1
82 104 1
82 105 1
82 107 1
82 112 1
82 113 1
82 114 1
82 115 1
82 116 1
82 118 1
82 119 1
82 123 1
82 124 1
82 125 1
82 132 1
82 133 1
82 135 1
82 136 1
82 138 1
82 139 1
82 140 1
82 141 1
82 142 1
82 143 1
82 146 1
82 147 1
82 148 1
82 149 1
82 150 1
82 172 1
82 173 1
82 174 1
82 176 1
82 177 1
83 85 1
83 86 1
83 88 1
83 89 1
83 90 1
83 91 1
83 92 1
83 93 1
83 103 1
83 104 1
83 105 1
83 107 1
83 108 1
83 110 1
83 112 1
83 114 1
83 115 1
83 116 1
83 117 1
83 118 1
83 119 1
83 120 1
83 121 1
83 123 1
83 124 1
83 125 1
83 132 1
83 133 1
83 135 1
83 136 1
83 137 1
83 140 1
83 141 1
83 142 1
83 143 1
83 144 1
83 145 1
83 146 1
83 149 1
83 173 1
83 174 1
83 175 1
83 176 1
83 177 1
84 85 1
84 89 1
84 90 1
84 91 1
84 92 1
84 93 1
84 104 1
84 105 1
84 107 1
84 108 1
84 109 1
84 110 1
84 111 1
84 112 1
84 115 1
84 118 1
84 119 1
84 120 1
84 121 1
84 123 1
84 125 1
84 132 1
84 133 1
84 134 1
84 135 1
84 136 1
84 137 1
84 139 1
84 140 1
84 141 1
84 142 1
84 143 1
84 144 1
84 145 1
84 146 1
84 147 1
84 148 1
84 150 1
84 171 1
84 172 1
84 173 1
84 174 1
84 176 1
85 89 1
85 90 1
85 92 1
85 93 1
85 103 1
85 105 1
85 106 1
85 109 1
85 114 1
85 115 1
85 117 1
85 118 1
85 119 1
85 125 1
85 132 1
85 133 1
85 134 1
85 137 1
85 138 1
85 140 1
85 141 1
85 142 1
85 143 1
85 144 1
85 145 1
85 147 1
85 148 1
85 150 1
85 171 1
85 172 1
85 173 1
85 174 1
85 177 1
86 89 1
86 90 1
86 91 1
86 92 1
86 93 1
86 104 1
86 106 1
86 108 1
86 109 1
86 111 1
86 112 1
86 113 1
86 115 1
86 116 1
86 117 1
86 118 1
86 119 1
86 120 1
86 122 1
86 123 1
86 124 1
86 132 1
86 134 1
86 138 1
86 139 1
86 140 1
86 141 1
86 142 1
86 143 1
86 144 1
86 145 1
86 147 1
86 149 1
86 150 1
86 172 1
86 174 1
86 176 1
86 177 1
87 89 1
87 90 1
87 91 1
87 92 1
87 93 1
87 103 1
87 104 1
87 105 1
87 106 1
87 108 1
87 109 1
87 111 1
87 112 1
87 114 1
87 115 1
87 116 1
87 117 1
87 120 1
87 121 1
87 122 1
87 123 1
87 124 1
87 125 1
87 132 1
87 133 1
87 134 1
87 135 1
87 136 1
87 137 1
87 139 1
87 141 1
87 142 1
87 143 1
87 144 1
87 145 1
87 146 1
87 147 1
87 148 1
87 172 1
87 173 1
87 175 1
87 176 1
88 89 1
88 90 1
88 103 1
88 105 1
88 107 1
88 108 1
88 109 1
88 110 1
88 111 1
88 113 1
88 114 1
88 115 1
88 116 1
88 117 1
88 118 1
88 119 1
88 120 1
88 121 1
88 122 1
88 123 1
88 124 1
88 125 1
88 133 1
88 134 1
88 135 1
88 136 1
88 137 1
88 138 1
88 140 1
88 142 1
88 143 1
88 146 1
88 147 1
88 149 1
88 150 1
88 171 1
88 172 1
88 173 1
88 175 1
88 176 1
88 177 1
89 92 1
89 93 1
89 94 1
89 95 1
89 96 1
89 97 1
89 98 1
89 99 1
89 100 1
89 101 1
89 103 1
89 106 1
89 107 1
89 108 1
89 109 1
89 110 1
89 114 1
89 115 1
89 116 1
89 117 1
89 126 1
89 127 1
89 129 1
89 130 1
89 131 1
89 141 1
89 142 1
89 143 1
89 144 1
89 145 1
89 146 1
89 147 1
89 148 1
89 149 1
89 150 1
89 156 1
89 158 1
89 159 1
89 160 1
90 91 1
90 94 1
90 95 1
90 96 1
90 97 1
90 98 1
90 99 1
90 100 1
90 101 1
90 102 1
90 103 1
90 104 1
90 105 1
90 108 1
90 109 1
90 110 1
90 112 1
90 113 1
90 115 1
90 126 1
90 127 1
90 128 1
90 129 1
90 130 1
90 131 1
90 140 1
90 141 1
90 142 1
90 143 1
90 144 1
90 146 1
90 147 1
90 150 1
90 156 1
90 158 1
90 161 1
90 162 1
90 163 1
91 94 1
91 95 1
91 97 1
91 98 1
91 100 1
91 101 1
91 102 1
91 103 1
91 104 1
91 105 1
91 106 1
91 108 1
91 110 1
91 111 1
91 112 1
91 113 1
91 114 1
91 115 1
91 116 1
91 117 1
91 126 1
91 127 1
91 128 1
91 129 1
91 141 1
91 142 1
91 143 1
91 147 1
91 148 1
91 158 1
91 160 1
91 161 1
91 162 1
91 163 1
91 164 1
92 94 1
92 95 1
92 96 1
92 97 1
92 98 1
92 99 1
92 100 1
92 101 1
92 102 1
92 104 1
92 105 1
92 106 1
92 107 1
92 108 1
92 110 1
92 111 1
92 112 1
92 113 1
92 114 1
92 115 1
92 127 1
92 128 1
92 131 1
92 140 1
92 141 1
92 145 1
92 146 1
92 149 1
92 150 1
92 156 1
92 157 1
92 159 1
92 160 1
92 162 1
92 163 1
92 164 1
93 94 1
93 95 1
93 96 1
93 98 1
93 99 1
93 100 1
93 101 1
93 103 1
93 105 1
93 108 1
93 109 1
93 110 1
93 111 1
93 113 1
93 114 1
93 115 1
93 116 1
93 126 1
93 127 1
93 128 1
93 130 1
93 131 1
93 140 1
93 141 1
93 142 1
93 144 1
93 145 1
93 148 1
93 149 1
93 150 1
93 156 1
93 157 1
93 158 1
93 160 1
93 161 1
93 162 1
93 164 1
94 98 1
94 101 1
94 102 1
94 103 1
94 104 1
94 105 1
94 107 1
94 108 1
94 118 1
94 121 1
94 122 1
94 123 1
94 125 1
94 126 1
94 127 1
94 128 1
94 129 1
94 130 1
94 131 1
94 132 1
94 133 1
94 134 1
94 136 1
94 137 1
94 138 1
94 139 1
94 165 1
94 166 1
94 167 1
94 168 1
94 169 1
94 170 1
95 98 1
95 99 1
95 100 1
95 101 1
95 102 1
95 96 1
95 103 1
95 105 1
95 106 1
95 108 1
95 118 1
95 120 1
95 121 1
95 122 1
95 123 1
95 124 1
95 125 1
95 127 1
95 129 1
95 130 1
95 131 1
95 132 1
95 134 1
95 137 1
95 138 1
95 139 1
95 165 1
95 166 1
95 168 1
95 169 1
95 170 1
96 98 1
96 99 1
96 100 1
96 101 1
96 104 1
96 105 1
96 108 1
96 119 1
96 120 1
96 121 1
96 122 1
96 123 1
96 124 1
96 125 1
96 126 1
96 127 1
96 128 1
96 130 1
96 132 1
96 133 1
96 134 1
96 136 1
96 165 1
96 166 1
96 167 1
96 168 1
96 169 1
97 98 1
97 99 1
97 100 1
97 101 1
97 102 1
97 105 1
97 108 1
97 118 1
97 120 1
97 121 1
97 122 1
97 123 1
97 124 1
97 126 1
97 127 1
97 128 1
97 129 1
97 131 1
97 132 1
97 133 1
97 135 1
97 136 1
97 138 1
97 139 1
97 167 1
97 168 1
97 169 1
97 170 1
98 103 1
98 106 1
98 107 1
98 108 1
98 118 1
98 119 1
98 120 1
98 121 1
98 122 1
98 123 1
98 124 1
98 125 1
98 126 1
98 128 1
98 130 1
98 131 1
98 132 1
98 133 1
98 134 1
98 135 1
98 136 1
98 137 1
98 138 1
98 139 1
98 165 1
98 166 1
98 167 1
98 168 1
98 169 1
98 170 1
99 104 1
99 105 1
99 108 1
99 119 1
99 120 1
99 121 1
99 122 1
99 123 1
99 124 1
99 125 1
99 126 1
99 127 1
99 128 1
99 129 1
99 130 1
99 132 1
99 133 1
99 134 1
99 135 1
99 136 1
99 138 1
99 139 1
99 166 1
99 168 1
99 169 1
99 170 1
100 103 1
100 104 1
100 105 1
100 107 1
100 118 1
100 119 1
100 120 1
100 122 1
100 123 1
100 124 1
100 126 1
100 127 1
100 128 1
100 129 1
100 130 1
100 131 1
100 132 1
100 135 1
100 138 1
100 139 1
100 165 1
100 167 1
100 168 1
100 169 1
100 170 1
101 102 1
101 103 1
101 107 1
101 108 1
101 118 1
101 119 1
101 120 1
101 121 1
101 122 1
101 123 1
101 124 1
101 126 1
101 127 1
101 128 1
101 129 1
101 130 1
101 131 1
101 132 1
101 133 1
101 134 1
101 135 1
101 136 1
101 138 1
101 139 1
101 165 1
101 166 1
101 167 1
101 168 1
101 170 1
102 103 1
102 104 1
102 107 1
102 108 1
102 118 1
102 119 1
102 120 1
102 121 1
102 122 1
102 124 1
102 126 1
102 127 1
102 128 1
102 129 1
102 132 1
102 133 1
102 134 1
102 135 1
102 136 1
102 138 1
102 165 1
102 166 1
102 169 1
102 170 1
103 106 1
103 107 1
103 108 1
103 109 1
103 110 1
103 111 1
103 113 1
103 115 1
103 116 1
103 117 1
103 140 1
103 141 1
103 142 1
103 144 1
103 145 1
103 151 1
103 152 1
103 153 1
103 154 1
103 155 1
103 165 1
103 166 1
103 167 1
103 168 1
103 170 1
103 171 1
103 173 1
103 175 1
103 176 1
103 177 1
104 106 1
104 107 1
104 109 1
104 110 1
104 111 1
104 113 1
104 115 1
104 140 1
104 141 1
104 144 1
104 145 1
104 151 1
104 152 1
104 153 1
104 154 1
104 155 1
104 165 1
104 166 1
104 167 1
104 168 1
104 169 1
104 171 1
104 172 1
104 173 1
104 174 1
104 175 1
104 176 1
104 177 1
105 106 1
105 110 1
105 111 1
105 113 1
105 114 1
105 115 1
105 117 1
105 140 1
105 141 1
105 142 1
105 143 1
105 144 1
105 145 1
105 151 1
105 152 1
105 153 1
105 154 1
105 166 1
105 167 1
105 168 1
105 169 1
105 170 1
105 171 1
105 172 1
105 173 1
105 174 1
105 175 1
106 107 1
106 110 1
106 112 1
106 117 1
106 141 1
106 142 1
106 143 1
106 144 1
106 145 1
106 151 1
106 153 1
106 154 1
106 155 1
106 165 1
106 166 1
106 167 1
106 168 1
106 169 1
106 170 1
106 171 1
106 172 1
106 173 1
106 175 1
106 176 1
107 108 1
107 109 1
107 111 1
107 112 1
107 114 1
107 117 1
107 141 1
107 142 1
107 143 1
107 144 1
107 145 1
107 151 1
107 153 1
107 154 1
107 155 1
107 166 1
107 167 1
107 168 1
107 169 1
107 170 1
107 172 1
107 173 1
107 174 1
107 175 1
107 176 1
107 177 1
108 110 1
108 111 1
108 112 1
108 113 1
108 114 1
108 115 1
108 116 1
108 117 1
108 140 1
108 141 1
108 145 1
108 152 1
108 153 1
108 154 1
108 166 1
108 167 1
108 169 1
108 173 1
108 174 1
108 175 1
108 177 1
109 112 1
109 117 1
109 118 1
109 120 1
109 121 1
109 123 1
109 124 1
109 125 1
109 126 1
109 127 1
109 128 1
109 129 1
109 130 1
109 131 1
109 140 1
109 141 1
109 142 1
109 143 1
109 144 1
109 145 1
109 171 1
109 173 1
109 174 1
109 175 1
109 176 1
109 177 1
110 111 1
110 116 1
110 118 1
110 119 1
110 120 1
110 121 1
110 122 1
110 123 1
110 124 1
110 125 1
110 129 1
110 140 1
110 141 1
110 142 1
110 144 1
110 145 1
110 171 1
110 172 1
110 173 1
110 175 1
111 115 1
111 116 1
111 117 1
111 118 1
111 119 1
111 120 1
111 121 1
111 122 1
111 123 1
111 125 1
111 126 1
111 127 1
111 128 1
111 129 1
111 130 1
111 131 1
111 140 1
111 141 1
111 143 1
111 144 1
111 145 1
111 171 1
111 172 1
111 173 1
111 174 1
111 175 1
111 176 1
111 177 1
112 113 1
112 115 1
112 117 1
112 118 1
112 119 1
112 120 1
112 121 1
112 124 1
112 126 1
112 127 1
112 129 1
112 130 1
112 131 1
112 140 1
112 141 1
112 142 1
112 143 1
112 144 1
112 145 1
112 171 1
112 172 1
112 173 1
112 174 1
112 175 1
112 176 1
112 177 1
113 114 1
113 117 1
113 118 1
113 119 1
113 120 1
113 122 1
113 124 1
113 125 1
113 126 1
113 127 1
113 128 1
113 129 1
113 131 1
113 142 1
113 143 1
113 144 1
113 145 1
113 171 1
113 172 1
113 176 1
113 177 1
114 115 1
114 118 1
114 120 1
114 121 1
114 122 1
114 123 1
114 125 1
114 126 1
114 127 1
114 128 1
114 129 1
114 131 1
114 140 1
114 141 1
114 143 1
114 145 1
114 171 1
114 172 1
114 176 1
114 177 1
115 116 1
115 119 1
115 120 1
115 121 1
115 122 1
115 124 1
115 125 1
115 128 1
115 130 1
115 131 1
115 140 1
115 141 1
115 143 1
115 145 1
115 171 1
115 172 1
115 174 1
115 175 1
115 177 1
116 117 1
116 118 1
116 119 1
116 120 1
116 122 1
116 123 1
116 124 1
116 125 1
116 126 1
116 128 1
116 129 1
116 131 1
116 140 1
116 142 1
116 143 1
116 144 1
116 145 1
116 171 1
116 172 1
116 174 1
116 175 1
116 176 1
116 177 1
117 118 1
117 119 1
117 120 1
117 121 1
117 122 1
117 124 1
117 125 1
117 126 1
117 127 1
117 130 1
117 131 1
117 140 1
117 141 1
117 142 1
117 143 1
117 144 1
117 145 1
117 172 1
117 173 1
117 174 1
118 132 1
118 133 1
118 134 1
118 136 1
118 137 1
118 138 1
118 139 1
118 140 1
118 141 1
118 142 1
118 143 1
118 145 1
118 148 1
118 149 1
118 150 1
118 151 1
118 152 1
118 154 1
118 171 1
118 172 1
118 173 1
118 174 1
118 175 1
118 176 1
118 177 1
119 120 1
119 124 1
119 132 1
119 133 1
119 135 1
119 137 1
119 138 1
119 139 1
119 140 1
119 141 1
119 143 1
119 144 1
119 145 1
119 146 1
119 147 1
119 148 1
119 150 1
119 151 1
119 152 1
119 153 1
119 154 1
119 172 1
119 174 1
119 175 1
119 176 1
120 121 1
120 122 1
120 132 1
120 133 1
120 134 1
120 135 1
120 137 1
120 139 1
120 140 1
120 142 1
120 144 1
120 148 1
120 149 1
120 150 1
120 151 1
120 152 1
120 153 1
120 154 1
120 155 1
120 172 1
120 173 1
120 174 1
120 175 1
120 177 1
121 124 1
121 132 1
121 135 1
121 136 1
121 137 1
121 139 1
121 141 1
121 142 1
121 143 1
121 144 1
121 146 1
121 147 1
121 148 1
121 149 1
121 152 1
121 154 1
121 155 1
121 172 1
121 174 1
121 175 1
122 132 1
122 133 1
122 135 1
122 136 1
122 137 1
122 138 1
122 139 1
122 140 1
122 141 1
122 142 1
122 143 1
122 144 1
122 145 1
122 146 1
122 147 1
122 148 1
122 149 1
122 150 1
122 151 1
122 152 1
122 153 1
122 154 1
122 155 1
122 171 1
122 172 1
122 173 1
122 174 1
122 175 1
122 176 1
123 125 1
123 132 1
123 136 1
123 139 1
123 140 1
123 141 1
123 144 1
123 145 1
123 146 1
123 147 1
123 148 1
123 151 1
123 152 1
123 153 1
123 154 1
123 155 1
123 171 1
123 172 1
123 173 1
123 174 1
123 175 1
123 177 1
124 125 1
124 132 1
124 134 1
124 135 1
124 136 1
124 137 1
124 138 1
124 141 1
124 142 1
124 145 1
124 146 1
124 147 1
124 149 1
124 150 1
124 152 1
124 153 1
124 154 1
124 155 1
124 171 1
124 172 1
124 175 1
125 133 1
125 134 1
125 135 1
125 136 1
125 138 1
125 139 1
125 140 1
125 141 1
125 144 1
125 145 1
125 146 1
125 148 1
125 149 1
125 150 1
125 152 1
125 153 1
125 171 1
125 173 1
125 174 1
125 176 1
126 127 1
126 129 1
126 131 1
126 140 1
126 141 1
126 142 1
126 143 1
126 146 1
126 148 1
126 149 1
126 150 1
126 152 1
126 154 1
126 155 1
126 165 1
126 166 1
126 167 1
126 169 1
126 172 1
126 173 1
126 174 1
126 175 1
126 176 1
126 177 1
127 128 1
127 130 1
127 140 1
127 141 1
127 142 1
127 143 1
127 145 1
127 147 1
127 148 1
127 149 1
127 150 1
127 152 1
127 154 1
127 168 1
127 169 1
127 170 1
127 172 1
127 173 1
127 175 1
127 176 1
128 129 1
128 131 1
128 140 1
128 141 1
128 142 1
128 143 1
128 144 1
128 145 1
128 146 1
128 147 1
128 148 1
128 149 1
128 150 1
128 153 1
128 154 1
128 155 1
128 170 1
128 171 1
128 172 1
128 173 1
128 174 1
128 175 1
128 176 1
128 177 1
129 130 1
129 140 1
129 141 1
129 142 1
129 144 1
129 145 1
129 146 1
129 147 1
129 149 1
129 150 1
129 151 1
129 152 1
129 154 1
129 155 1
129 166 1
129 167 1
129 169 1
129 170 1
129 172 1
129 175 1
129 176 1
129 177 1
130 131 1
130 140 1
130 142 1
130 143 1
130 144 1
130 145 1
130 146 1
130 147 1
130 148 1
130 149 1
130 150 1
130 153 1
130 154 1
130 155 1
130 165 1
130 166 1
130 167 1
130 168 1
130 169 1
130 170 1
130 172 1
130 173 1
130 175 1
130 176 1
130 177 1
131 143 1
131 144 1
131 146 1
131 149 1
131 151 1
131 152 1
131 153 1
131 154 1
131 155 1
131 165 1
131 167 1
131 168 1
131 169 1
131 170 1
131 171 1
131 172 1
131 173 1
131 174 1
131 176 1
131 177 1
132 133 1
132 146 1
132 147 1
132 148 1
132 149 1
132 150 1
132 165 1
132 166 1
132 169 1
132 170 1
133 134 1
133 135 1
133 138 1
133 146 1
133 147 1
133 148 1
133 149 1
133 150 1
133 165 1
133 166 1
133 168 1
133 169 1
133 170 1
134 135 1
134 136 1
134 146 1
134 147 1
134 148 1
134 149 1
134 150 1
134 166 1
134 168 1
134 169 1
134 170 1
135 136 1
135 138 1
135 146 1
135 147 1
135 148 1
135 149 1
135 150 1
135 166 1
135 167 1
135 168 1
135 169 1
135 170 1
136 137 1
136 139 1
136 146 1
136 147 1
136 148 1
136 150 1
136 167 1
136 168 1
136 169 1
136 170 1
137 139 1
137 146 1
137 147 1
137 148 1
137 165 1
137 166 1
137 169 1
138 139 1
138 146 1
138 147 1
138 148 1
138 150 1
138 165 1
138 166 1
138 168 1
138 169 1
139 146 1
139 147 1
139 148 1
139 149 1
139 150 1
139 165 1
139 166 1
139 167 1
139 168 1
139 169 1
139 170 1
140 142 1
140 165 1
140 166 1
140 167 1
140 168 1
140 169 1
140 170 1
141 142 1
141 145 1
141 165 1
141 166 1
141 167 1
141 168 1
141 169 1
141 170 1
142 144 1
142 165 1
142 166 1
142 167 1
142 168 1
142 169 1
142 170 1
143 165 1
143 166 1
143 168 1
143 169 1
143 170 1
144 145 1
144 167 1
144 169 1
144 170 1
145 165 1
145 166 1
145 167 1
145 168 1
146 151 1
146 153 1
146 154 1
146 155 1
146 165 1
146 166 1
146 167 1
146 169 1
146 170 1
146 171 1
146 173 1
146 176 1
147 151 1
147 152 1
147 153 1
147 154 1
147 165 1
147 168 1
147 169 1
147 170 1
147 171 1
147 172 1
147 173 1
147 174 1
147 175 1
147 177 1
148 150 1
148 151 1
148 152 1
148 154 1
148 155 1
148 165 1
148 166 1
148 167 1
148 168 1
148 170 1
148 171 1
148 173 1
148 175 1
148 176 1
149 151 1
149 152 1
149 154 1
149 155 1
149 166 1
149 167 1
149 168 1
149 169 1
149 170 1
149 172 1
149 173 1
149 174 1
149 175 1
149 176 1
149 177 1
150 151 1
150 152 1
150 154 1
150 155 1
150 165 1
150 166 1
150 167 1
150 168 1
150 171 1
150 172 1
150 173 1
150 174 1
150 175 1
150 177 1
151 152 1
151 153 1
151 156 1
151 157 1
151 158 1
151 160 1
151 161 1
151 162 1
151 163 1
151 164 1
151 165 1
151 167 1
151 168 1
151 169 1
151 170 1
152 156 1
152 157 1
152 158 1
152 159 1
152 160 1
152 161 1
152 162 1
152 164 1
152 167 1
152 168 1
152 169 1
152 170 1
153 156 1
153 157 1
153 158 1
153 159 1
153 160 1
153 162 1
153 168 1
153 169 1
153 170 1
154 156 1
154 157 1
154 159 1
154 160 1
154 161 1
154 162 1
154 163 1
154 165 1
154 166 1
154 167 1
154 169 1
155 156 1
155 157 1
155 158 1
155 159 1
155 163 1
155 164 1
155 166 1
155 167 1
155 168 1
155 169 1
155 170 1
156 163 1
156 165 1
156 166 1
156 167 1
156 168 1
156 169 1
156 170 1
156 172 1
156 176 1
156 177 1
157 164 1
157 165 1
157 166 1
157 167 1
157 168 1
157 169 1
157 170 1
157 171 1
157 172 1
157 173 1
157 175 1
157 177 1
158 165 1
158 166 1
158 167 1
158 168 1
158 169 1
158 170 1
158 171 1
158 172 1
158 173 1
158 174 1
158 176 1
158 177 1
159 165 1
159 166 1
159 168 1
159 169 1
159 170 1
159 171 1
159 172 1
159 175 1
159 176 1
160 162 1
160 165 1
160 166 1
160 167 1
160 168 1
160 169 1
160 170 1
160 172 1
160 173 1
160 175 1
160 176 1
160 177 1
161 165 1
161 166 1
161 167 1
161 168 1
161 169 1
161 170 1
161 171 1
161 173 1
161 174 1
161 175 1
161 176 1
162 166 1
162 168 1
162 169 1
162 170 1
162 171 1
162 174 1
162 176 1
162 177 1
163 165 1
163 166 1
163 168 1
163 169 1
163 170 1
163 171 1
163 172 1
163 176 1
163 177 1
164 165 1
164 166 1
164 167 1
164 168 1
164 169 1
164 170 1
164 171 1
164 172 1
164 173 1
164 174 1
164 175 1
164 176 1
164 177 1
165 166 1
165 171 1
165 172 1
165 173 1
165 174 1
165 175 1
165 176 1
165 177 1
166 169 1
166 175 1
166 176 1
166 177 1
167 169 1
167 172 1
167 174 1
167 175 1
167 176 1
167 177 1
168 171 1
168 173 1
168 174 1
168 177 1
169 171 1
169 173 1
169 174 1
169 175 1
169 176 1
169 177 1
170 171 1
170 172 1
170 173 1
170 174 1
170 175 1
170 176 1
170 177 1
174 177 1
