1 2 1
1 3 1
1 4 1
1 5 1
1 7 1
1 8 1
1 33 1
1 34 1
1 35 1
1 36 1
1 37 1
1 38 1
1 39 1
1 40 1
1 62 1
1 63 1
1 64 1
1 65 1
1 66 1
1 67 1
1 68 1
1 69 1
1 70 1
1 71 1
1 72 1
1 74 1
1 75 1
1 76 1
1 77 1
1 78 1
1 79 1
1 80 1
1 81 1
1 82 1
1 83 1
1 84 1
1 85 1
1 86 1
1 87 1
1 97 1
1 98 1
1 99 1
1 100 1
1 101 1
1 102 1
1 103 1
1 104 1
1 141 1
1 142 1
1 143 1
1 144 1
1 145 1
1 146 1
1 162 1
1 163 1
1 164 1
1 165 1
1 166 1
1 167 1
1 174 1
1 175 1
1 177 1
1 178 1
1 179 1
1 180 1
1 181 1
2 33 1
2 35 1
2 36 1
2 37 1
2 38 1
2 39 1
2 40 1
2 62 1
2 63 1
2 64 1
2 65 1
2 66 1
2 67 1
2 68 1
2 69 1
2 70 1
2 71 1
2 72 1
2 74 1
2 75 1
2 76 1
2 77 1
2 78 1
2 79 1
2 80 1
2 82 1
2 83 1
2 84 1
2 85 1
2 86 1
2 87 1
2 97 1
2 98 1
2 99 1
2 100 1
2 101 1
2 102 1
2 103 1
2 104 1
2 141 1
2 142 1
2 143 1
2 144 1
2 145 1
2 146 1
2 162 1
2 163 1
2 164 1
2 165 1
2 166 1
2 167 1
2 174 1
2 177 1
2 178 1
2 179 1
2 180 1
2 181 1
3 7 1
3 34 1
3 35 1
3 36 1
3 38 1
3 39 1
3 40 1
3 62 1
3 63 1
3 64 1
3 66 1
3 67 1
3 68 1
3 69 1
3 70 1
3 71 1
3 72 1
3 73 1
3 74 1
3 75 1
3 76 1
3 77 1
3 78 1
3 79 1
3 80 1
3 81 1
3 82 1
3 83 1
3 84 1
3 85 1
3 86 1
3 87 1
3 97 1
3 98 1
3 99 1
3 100 1
3 101 1
3 102 1
3 103 1
3 104 1
3 141 1
3 142 1
3 143 1
3 144 1
3 145 1
3 146 1
3 162 1
3 163 1
3 164 1
3 165 1
3 167 1
3 174 1
3 175 1
3 176 1
3 178 1
3 179 1
3 180 1
3 181 1
4 33 1
4 34 1
4 35 1
4 36 1
4 37 1
4 38 1
4 39 1
4 62 1
4 63 1
4 64 1
4 65 1
4 66 1
4 67 1
4 68 1
4 69 1
4 70 1
4 71 1
4 73 1
4 74 1
4 75 1
4 76 1
4 77 1
4 78 1
4 79 1
4 80 1
4 81 1
4 82 1
4 83 1
4 85 1
4 86 1
4 87 1
4 97 1
4 98 1
4 99 1
4 101 1
4 102 1
4 104 1
4 141 1
4 142 1
4 144 1
4 145 1
4 146 1
4 162 1
4 163 1
4 164 1
4 165 1
4 166 1
4 167 1
4 174 1
4 175 1
4 176 1
4 177 1
4 178 1
4 179 1
4 180 1
4 181 1
5 7 1
5 34 1
5 37 1
5 38 1
5 39 1
5 40 1
5 62 1
5 63 1
5 64 1
5 65 1
5 66 1
5 68 1
5 70 1
5 71 1
5 73 1
5 74 1
5 76 1
5 77 1
5 78 1
5 79 1
5 80 1
5 81 1
5 82 1
5 83 1
5 84 1
5 85 1
5 86 1
5 87 1
5 97 1
5 98 1
5 99 1
5 100 1
5 101 1
5 102 1
5 103 1
5 104 1
5 141 1
5 142 1
5 143 1
5 145 1
5 162 1
5 163 1
5 164 1
5 165 1
5 166 1
5 167 1
5 174 1
5 175 1
5 176 1
5 177 1
5 178 1
5 179 1
5 180 1
5 181 1
6 33 1
6 34 1
6 35 1
6 36 1
6 37 1
6 38 1
6 39 1
6 40 1
6 62 1
6 63 1
6 65 1
6 66 1
6 67 1
6 68 1
6 69 1
6 70 1
6 71 1
6 72 1
6 73 1
6 74 1
6 75 1
6 77 1
6 78 1
6 79 1
6 82 1
6 83 1
6 84 1
6 85 1
6 86 1
6 87 1
6 97 1
6 98 1
6 99 1
6 101 1
6 102 1
6 104 1
6 141 1
6 142 1
6 143 1
6 144 1
6 145 1
6 146 1
6 164 1
6 165 1
6 166 1
6 174 1
6 175 1
6 176 1
6 177 1
6 179 1
6 180 1
6 181 1
7 33 1
7 34 1
7 35 1
7 36 1
7 37 1
7 38 1
7 39 1
7 40 1
7 63 1
7 64 1
7 65 1
7 66 1
7 67 1
7 68 1
7 69 1
7 70 1
7 71 1
7 72 1
7 73 1
7 74 1
7 75 1
7 76 1
7 77 1
7 78 1
7 79 1
7 80 1
7 81 1
7 82 1
7 83 1
7 84 1
7 85 1
7 86 1
7 87 1
7 97 1
7 98 1
7 99 1
7 100 1
7 102 1
7 103 1
7 104 1
7 143 1
7 144 1
7 145 1
7 146 1
7 162 1
7 164 1
7 165 1
7 166 1
7 167 1
7 175 1
7 176 1
7 177 1
7 178 1
7 179 1
7 180 1
7 181 1
8 33 1
8 34 1
8 35 1
8 36 1
8 39 1
8 40 1
8 63 1
8 64 1
8 65 1
8 66 1
8 67 1
8 68 1
8 69 1
8 70 1
8 71 1
8 72 1
8 73 1
8 74 1
8 75 1
8 76 1
8 77 1
8 78 1
8 79 1
8 81 1
8 82 1
8 83 1
8 84 1
8 85 1
8 86 1
8 97 1
8 98 1
8 99 1
8 100 1
8 101 1
8 102 1
8 103 1
8 104 1
8 141 1
8 142 1
8 143 1
8 144 1
8 145 1
8 146 1
8 162 1
8 163 1
8 164 1
8 165 1
8 166 1
8 167 1
8 174 1
8 175 1
8 176 1
8 177 1
8 179 1
8 180 1
8 181 1
9 11 1
9 13 1
9 14 1
9 16 1
9 53 1
9 54 1
9 55 1
9 57 1
9 58 1
9 59 1
9 60 1
9 61 1
9 62 1
9 63 1
9 64 1
9 65 1
9 66 1
9 67 1
9 68 1
9 69 1
9 70 1
9 105 1
9 106 1
9 107 1
9 108 1
9 109 1
9 110 1
9 132 1
9 133 1
9 134 1
9 135 1
9 136 1
9 137 1
9 138 1
9 140 1
10 53 1
10 55 1
10 57 1
10 59 1
10 60 1
10 61 1
10 62 1
10 63 1
10 64 1
10 65 1
10 66 1
10 67 1
10 68 1
10 69 1
10 70 1
10 105 1
10 106 1
10 107 1
10 108 1
10 109 1
10 110 1
10 132 1
10 133 1
10 134 1
10 135 1
10 136 1
10 138 1
10 139 1
10 140 1
11 16 1
11 53 1
11 54 1
11 56 1
11 57 1
11 58 1
11 59 1
11 60 1
11 62 1
11 63 1
11 64 1
11 65 1
11 66 1
11 67 1
11 68 1
11 69 1
11 70 1
11 105 1
11 106 1
11 107 1
11 108 1
11 109 1
11 110 1
11 133 1
11 134 1
11 135 1
11 136 1
11 137 1
11 138 1
11 139 1
11 140 1
12 14 1
12 15 1
12 16 1
12 53 1
12 54 1
12 55 1
12 57 1
12 58 1
12 59 1
12 60 1
12 61 1
12 62 1
12 63 1
12 64 1
12 66 1
12 68 1
12 69 1
12 70 1
12 105 1
12 106 1
12 108 1
12 109 1
12 110 1
12 132 1
12 133 1
12 134 1
12 135 1
12 136 1
12 137 1
12 139 1
12 140 1
13 14 1
13 53 1
13 54 1
13 55 1
13 56 1
13 58 1
13 59 1
13 61 1
13 63 1
13 64 1
13 65 1
13 66 1
13 67 1
13 68 1
13 69 1
13 70 1
13 105 1
13 106 1
13 107 1
13 108 1
13 109 1
13 110 1
13 132 1
13 133 1
13 134 1
13 135 1
13 136 1
13 137 1
13 138 1
13 139 1
13 140 1
14 16 1
14 53 1
14 55 1
14 56 1
14 57 1
14 58 1
14 59 1
14 60 1
14 61 1
14 62 1
14 63 1
14 64 1
14 65 1
14 66 1
14 67 1
14 68 1
14 69 1
14 70 1
14 107 1
14 108 1
14 109 1
14 110 1
14 132 1
14 133 1
14 135 1
14 136 1
14 138 1
14 139 1
14 140 1
15 53 1
15 54 1
15 55 1
15 56 1
15 57 1
15 58 1
15 59 1
15 60 1
15 62 1
15 64 1
15 65 1
15 66 1
15 67 1
15 69 1
15 70 1
15 105 1
15 106 1
15 108 1
15 109 1
15 110 1
15 132 1
15 133 1
15 134 1
15 135 1
15 136 1
15 137 1
15 138 1
15 139 1
15 140 1
16 53 1
16 54 1
16 55 1
16 56 1
16 57 1
16 58 1
16 59 1
16 60 1
16 61 1
16 62 1
16 63 1
16 64 1
16 65 1
16 66 1
16 67 1
16 68 1
16 69 1
16 70 1
16 105 1
16 106 1
16 108 1
16 109 1
16 110 1
16 132 1
16 133 1
16 134 1
16 135 1
16 136 1
16 137 1
16 138 1
16 139 1
16 140 1
17 18 1
17 19 1
17 20 1
17 21 1
17 23 1
17 24 1
17 25 1
17 33 1
17 34 1
17 35 1
17 36 1
17 37 1
17 39 1
17 40 1
17 53 1
17 54 1
17 55 1
17 56 1
17 57 1
17 58 1
17 59 1
17 60 1
17 61 1
17 80 1
17 81 1
17 82 1
17 83 1
17 84 1
17 85 1
17 86 1
17 87 1
17 141 1
17 142 1
17 143 1
17 144 1
17 145 1
17 146 1
17 147 1
17 149 1
17 150 1
17 151 1
17 152 1
17 153 1
17 162 1
17 164 1
17 165 1
17 166 1
17 167 1
18 21 1
18 33 1
18 34 1
18 35 1
18 36 1
18 37 1
18 38 1
18 40 1
18 53 1
18 54 1
18 55 1
18 56 1
18 58 1
18 59 1
18 60 1
18 80 1
18 81 1
18 82 1
18 83 1
18 84 1
18 85 1
18 86 1
18 87 1
18 141 1
18 142 1
18 143 1
18 144 1
18 145 1
18 146 1
18 147 1
18 148 1
18 149 1
18 150 1
18 151 1
18 152 1
18 153 1
18 162 1
18 163 1
18 164 1
18 165 1
18 166 1
18 167 1
19 23 1
19 33 1
19 36 1
19 37 1
19 38 1
19 39 1
19 40 1
19 53 1
19 54 1
19 56 1
19 57 1
19 58 1
19 59 1
19 60 1
19 61 1
19 80 1
19 81 1
19 82 1
19 83 1
19 84 1
19 85 1
19 86 1
19 141 1
19 144 1
19 145 1
19 146 1
19 147 1
19 148 1
19 149 1
19 150 1
19 151 1
19 152 1
19 162 1
19 163 1
19 164 1
19 165 1
19 166 1
19 167 1
20 33 1
20 34 1
20 35 1
20 37 1
20 38 1
20 40 1
20 53 1
20 54 1
20 55 1
20 56 1
20 57 1
20 58 1
20 59 1
20 60 1
20 80 1
20 81 1
20 82 1
20 83 1
20 84 1
20 85 1
20 86 1
20 87 1
20 141 1
20 142 1
20 144 1
20 145 1
20 146 1
20 148 1
20 149 1
20 151 1
20 152 1
20 162 1
20 163 1
20 164 1
20 165 1
20 167 1
21 33 1
21 34 1
21 36 1
21 37 1
21 38 1
21 39 1
21 40 1
21 53 1
21 54 1
21 55 1
21 56 1
21 58 1
21 59 1
21 60 1
21 61 1
21 81 1
21 83 1
21 84 1
21 85 1
21 86 1
21 87 1
21 142 1
21 143 1
21 144 1
21 145 1
21 146 1
21 147 1
21 149 1
21 150 1
21 151 1
21 152 1
21 153 1
21 162 1
21 163 1
21 164 1
21 165 1
21 166 1
21 167 1
22 33 1
22 34 1
22 35 1
22 36 1
22 37 1
22 39 1
22 40 1
22 53 1
22 54 1
22 55 1
22 56 1
22 58 1
22 59 1
22 60 1
22 61 1
22 80 1
22 81 1
22 83 1
22 85 1
22 86 1
22 141 1
22 142 1
22 143 1
22 144 1
22 146 1
22 147 1
22 149 1
22 150 1
22 151 1
22 162 1
22 163 1
22 164 1
22 165 1
22 166 1
22 167 1
23 25 1
23 33 1
23 35 1
23 36 1
23 37 1
23 38 1
23 40 1
23 53 1
23 54 1
23 56 1
23 59 1
23 60 1
23 61 1
23 81 1
23 82 1
23 83 1
23 84 1
23 85 1
23 86 1
23 87 1
23 141 1
23 142 1
23 143 1
23 144 1
23 145 1
23 146 1
23 147 1
23 149 1
23 150 1
23 151 1
23 152 1
23 162 1
23 164 1
23 165 1
23 167 1
24 25 1
24 33 1
24 34 1
24 35 1
24 36 1
24 37 1
24 38 1
24 39 1
24 40 1
24 54 1
24 55 1
24 56 1
24 57 1
24 58 1
24 59 1
24 60 1
24 80 1
24 81 1
24 82 1
24 83 1
24 84 1
24 85 1
24 86 1
24 87 1
24 141 1
24 143 1
24 144 1
24 145 1
24 146 1
24 147 1
24 148 1
24 149 1
24 150 1
24 151 1
24 152 1
24 153 1
24 162 1
24 163 1
24 164 1
24 165 1
24 166 1
24 167 1
25 33 1
25 34 1
25 35 1
25 36 1
25 37 1
25 38 1
25 39 1
25 40 1
25 53 1
25 54 1
25 55 1
25 57 1
25 58 1
25 59 1
25 60 1
25 61 1
25 81 1
25 82 1
25 83 1
25 85 1
25 86 1
25 87 1
25 141 1
25 142 1
25 143 1
25 145 1
25 146 1
25 147 1
25 149 1
25 150 1
25 151 1
25 153 1
25 162 1
25 163 1
25 164 1
25 165 1
25 167 1
26 27 1
26 29 1
26 30 1
26 31 1
26 32 1
26 63 1
26 64 1
26 65 1
26 66 1
26 67 1
26 69 1
26 70 1
26 141 1
26 143 1
26 144 1
26 145 1
26 146 1
26 168 1
26 170 1
26 171 1
26 172 1
26 182 1
26 183 1
26 184 1
26 185 1
27 29 1
27 30 1
27 32 1
27 62 1
27 63 1
27 64 1
27 65 1
27 66 1
27 67 1
27 69 1
27 70 1
27 141 1
27 142 1
27 143 1
27 144 1
27 145 1
27 146 1
27 168 1
27 169 1
27 170 1
27 171 1
27 172 1
27 173 1
27 182 1
27 183 1
27 184 1
27 185 1
27 186 1
28 31 1
28 62 1
28 63 1
28 64 1
28 65 1
28 66 1
28 67 1
28 68 1
28 69 1
28 70 1
28 141 1
28 142 1
28 143 1
28 144 1
28 145 1
28 146 1
28 168 1
28 169 1
28 170 1
28 171 1
28 172 1
28 173 1
28 182 1
28 183 1
28 185 1
28 186 1
29 62 1
29 63 1
29 64 1
29 65 1
29 66 1
29 67 1
29 68 1
29 69 1
29 70 1
29 142 1
29 143 1
29 144 1
29 145 1
29 146 1
29 168 1
29 169 1
29 170 1
29 171 1
29 172 1
29 173 1
29 182 1
29 183 1
29 185 1
29 186 1
30 31 1
30 62 1
30 63 1
30 64 1
30 65 1
30 66 1
30 67 1
30 68 1
30 69 1
30 70 1
30 141 1
30 142 1
30 143 1
30 144 1
30 145 1
30 146 1
30 168 1
30 169 1
30 170 1
30 172 1
30 173 1
30 182 1
30 183 1
30 184 1
30 185 1
30 186 1
31 62 1
31 63 1
31 64 1
31 65 1
31 66 1
31 67 1
31 69 1
31 70 1
31 142 1
31 143 1
31 144 1
31 168 1
31 169 1
31 170 1
31 171 1
31 172 1
31 173 1
31 182 1
31 183 1
31 184 1
31 185 1
31 186 1
32 62 1
32 63 1
32 64 1
32 65 1
32 66 1
32 67 1
32 68 1
32 69 1
32 70 1
32 141 1
32 142 1
32 143 1
32 144 1
32 145 1
32 146 1
32 168 1
32 169 1
32 170 1
32 171 1
32 173 1
32 182 1
32 183 1
32 184 1
32 185 1
32 186 1
33 34 1
33 35 1
33 36 1
33 38 1
33 39 1
33 40 1
33 48 1
33 49 1
33 50 1
33 52 1
33 53 1
33 54 1
33 55 1
33 56 1
33 57 1
33 58 1
33 59 1
33 60 1
33 61 1
33 62 1
33 63 1
33 65 1
33 67 1
33 68 1
33 70 1
33 111 1
33 112 1
33 113 1
33 114 1
33 115 1
33 116 1
33 124 1
33 126 1
33 127 1
33 128 1
33 129 1
33 130 1
33 131 1
34 40 1
34 48 1
34 49 1
34 50 1
34 51 1
34 52 1
34 53 1
34 54 1
34 55 1
34 56 1
34 58 1
34 59 1
34 60 1
34 61 1
34 62 1
34 63 1
34 64 1
34 65 1
34 66 1
34 67 1
34 68 1
34 70 1
34 112 1
34 113 1
34 114 1
34 115 1
34 116 1
34 124 1
34 125 1
34 126 1
34 127 1
34 129 1
34 130 1
34 131 1
35 36 1
35 48 1
35 49 1
35 50 1
35 51 1
35 52 1
35 53 1
35 54 1
35 55 1
35 56 1
35 57 1
35 58 1
35 59 1
35 60 1
35 61 1
35 63 1
35 64 1
35 68 1
35 69 1
35 70 1
35 111 1
35 112 1
35 113 1
35 114 1
35 115 1
35 116 1
35 124 1
35 125 1
35 126 1
35 127 1
35 128 1
35 129 1
35 130 1
35 131 1
36 49 1
36 50 1
36 51 1
36 52 1
36 53 1
36 54 1
36 55 1
36 56 1
36 57 1
36 58 1
36 59 1
36 60 1
36 61 1
36 62 1
36 64 1
36 65 1
36 66 1
36 67 1
36 68 1
36 69 1
36 70 1
36 111 1
36 112 1
36 113 1
36 114 1
36 115 1
36 116 1
36 125 1
36 127 1
36 128 1
36 129 1
36 131 1
37 38 1
37 40 1
37 48 1
37 49 1
37 50 1
37 51 1
37 52 1
37 53 1
37 54 1
37 55 1
37 56 1
37 57 1
37 58 1
37 60 1
37 61 1
37 62 1
37 64 1
37 65 1
37 66 1
37 67 1
37 68 1
37 70 1
37 111 1
37 112 1
37 113 1
37 114 1
37 115 1
37 116 1
37 124 1
37 125 1
37 126 1
37 127 1
37 128 1
37 129 1
37 130 1
37 131 1
38 48 1
38 50 1
38 51 1
38 52 1
38 53 1
38 54 1
38 55 1
38 56 1
38 57 1
38 58 1
38 59 1
38 61 1
38 62 1
38 63 1
38 64 1
38 65 1
38 66 1
38 67 1
38 68 1
38 70 1
38 111 1
38 112 1
38 114 1
38 115 1
38 116 1
38 124 1
38 125 1
38 126 1
38 127 1
38 128 1
38 129 1
38 130 1
38 131 1
39 40 1
39 48 1
39 49 1
39 50 1
39 51 1
39 52 1
39 53 1
39 54 1
39 55 1
39 56 1
39 57 1
39 58 1
39 59 1
39 60 1
39 61 1
39 63 1
39 64 1
39 65 1
39 67 1
39 68 1
39 69 1
39 70 1
39 111 1
39 112 1
39 113 1
39 114 1
39 115 1
39 116 1
39 125 1
39 126 1
39 127 1
39 128 1
39 129 1
39 130 1
39 131 1
40 48 1
40 49 1
40 50 1
40 51 1
40 52 1
40 54 1
40 55 1
40 56 1
40 58 1
40 59 1
40 60 1
40 61 1
40 62 1
40 63 1
40 64 1
40 65 1
40 66 1
40 67 1
40 68 1
40 69 1
40 70 1
40 111 1
40 112 1
40 113 1
40 115 1
40 116 1
40 124 1
40 126 1
40 128 1
40 129 1
40 131 1
41 43 1
41 47 1
41 53 1
41 54 1
41 55 1
41 56 1
41 57 1
41 58 1
41 59 1
41 61 1
41 72 1
41 73 1
41 75 1
41 76 1
41 77 1
41 78 1
41 79 1
41 80 1
41 81 1
41 82 1
41 83 1
41 84 1
41 85 1
41 86 1
41 87 1
41 88 1
41 89 1
41 90 1
41 91 1
41 92 1
41 93 1
41 94 1
41 95 1
41 96 1
41 154 1
41 156 1
41 157 1
41 159 1
41 160 1
41 161 1
41 182 1
41 183 1
41 184 1
41 185 1
41 186 1
42 43 1
42 44 1
42 45 1
42 46 1
42 47 1
42 53 1
42 55 1
42 56 1
42 57 1
42 58 1
42 59 1
42 60 1
42 71 1
42 73 1
42 74 1
42 75 1
42 76 1
42 77 1
42 78 1
42 79 1
42 80 1
42 81 1
42 82 1
42 83 1
42 84 1
42 85 1
42 86 1
42 87 1
42 88 1
42 89 1
42 91 1
42 92 1
42 93 1
42 94 1
42 96 1
42 154 1
42 155 1
42 156 1
42 157 1
42 158 1
42 159 1
42 160 1
42 161 1
42 182 1
42 183 1
42 185 1
42 186 1
43 44 1
43 47 1
43 53 1
43 54 1
43 55 1
43 56 1
43 57 1
43 58 1
43 59 1
43 60 1
43 61 1
43 71 1
43 72 1
43 73 1
43 74 1
43 75 1
43 77 1
43 79 1
43 80 1
43 81 1
43 83 1
43 84 1
43 85 1
43 86 1
43 87 1
43 88 1
43 89 1
43 90 1
43 91 1
43 92 1
43 93 1
43 94 1
43 95 1
43 96 1
43 154 1
43 155 1
43 156 1
43 158 1
43 159 1
43 160 1
43 161 1
43 182 1
43 183 1
43 184 1
43 185 1
44 45 1
44 47 1
44 53 1
44 54 1
44 55 1
44 56 1
44 57 1
44 58 1
44 59 1
44 60 1
44 71 1
44 72 1
44 73 1
44 74 1
44 76 1
44 77 1
44 78 1
44 79 1
44 80 1
44 81 1
44 82 1
44 83 1
44 84 1
44 85 1
44 86 1
44 87 1
44 90 1
44 91 1
44 92 1
44 93 1
44 94 1
44 95 1
44 96 1
44 154 1
44 155 1
44 156 1
44 158 1
44 159 1
44 160 1
44 161 1
44 182 1
44 183 1
44 184 1
44 185 1
44 186 1
45 46 1
45 47 1
45 53 1
45 54 1
45 56 1
45 57 1
45 58 1
45 59 1
45 60 1
45 61 1
45 71 1
45 72 1
45 73 1
45 74 1
45 75 1
45 76 1
45 77 1
45 78 1
45 79 1
45 80 1
45 81 1
45 82 1
45 84 1
45 85 1
45 86 1
45 87 1
45 88 1
45 89 1
45 91 1
45 92 1
45 93 1
45 94 1
45 95 1
45 96 1
45 154 1
45 155 1
45 156 1
45 157 1
45 158 1
45 159 1
45 160 1
45 161 1
45 182 1
45 183 1
45 185 1
45 186 1
46 47 1
46 53 1
46 54 1
46 55 1
46 56 1
46 57 1
46 58 1
46 59 1
46 60 1
46 61 1
46 71 1
46 72 1
46 73 1
46 74 1
46 75 1
46 76 1
46 78 1
46 79 1
46 80 1
46 81 1
46 83 1
46 84 1
46 87 1
46 88 1
46 89 1
46 90 1
46 91 1
46 92 1
46 93 1
46 94 1
46 95 1
46 96 1
46 154 1
46 155 1
46 156 1
46 161 1
46 182 1
46 183 1
46 184 1
46 185 1
46 186 1
47 53 1
47 54 1
47 56 1
47 57 1
47 58 1
47 59 1
47 60 1
47 61 1
47 71 1
47 72 1
47 73 1
47 74 1
47 75 1
47 77 1
47 78 1
47 79 1
47 80 1
47 81 1
47 82 1
47 83 1
47 84 1
47 85 1
47 86 1
47 87 1
47 88 1
47 89 1
47 90 1
47 91 1
47 93 1
47 94 1
47 95 1
47 96 1
47 154 1
47 155 1
47 156 1
47 157 1
47 158 1
47 159 1
47 161 1
47 183 1
47 184 1
47 185 1
47 186 1
48 49 1
48 50 1
48 51 1
48 52 1
48 147 1
48 148 1
48 149 1
48 150 1
48 152 1
48 162 1
48 163 1
48 164 1
48 165 1
48 166 1
48 167 1
48 168 1
48 169 1
48 170 1
48 171 1
48 172 1
48 173 1
49 51 1
49 52 1
49 147 1
49 148 1
49 149 1
49 150 1
49 152 1
49 153 1
49 162 1
49 163 1
49 165 1
49 166 1
49 167 1
49 168 1
49 171 1
49 172 1
49 173 1
50 51 1
50 147 1
50 148 1
50 149 1
50 150 1
50 151 1
50 152 1
50 153 1
50 162 1
50 163 1
50 164 1
50 165 1
50 166 1
50 167 1
50 168 1
50 169 1
50 172 1
50 173 1
51 52 1
51 147 1
51 148 1
51 149 1
51 150 1
51 151 1
51 152 1
51 153 1
51 162 1
51 163 1
51 164 1
51 165 1
51 166 1
51 167 1
51 168 1
51 169 1
51 170 1
51 172 1
51 173 1
52 147 1
52 148 1
52 149 1
52 150 1
52 151 1
52 152 1
52 153 1
52 163 1
52 164 1
52 166 1
52 167 1
52 169 1
52 170 1
52 171 1
52 173 1
53 55 1
53 57 1
53 59 1
53 60 1
53 61 1
53 62 1
53 63 1
53 64 1
53 65 1
53 67 1
53 68 1
53 70 1
53 71 1
53 72 1
53 73 1
53 74 1
53 75 1
53 76 1
53 77 1
53 78 1
53 79 1
53 132 1
53 133 1
53 134 1
53 135 1
53 136 1
53 137 1
53 138 1
53 139 1
53 140 1
53 141 1
53 142 1
53 143 1
53 144 1
53 145 1
53 146 1
53 147 1
53 148 1
53 149 1
53 150 1
53 151 1
53 153 1
53 162 1
53 163 1
53 165 1
53 166 1
53 167 1
54 55 1
54 56 1
54 57 1
54 58 1
54 59 1
54 60 1
54 61 1
54 62 1
54 63 1
54 64 1
54 65 1
54 66 1
54 67 1
54 69 1
54 70 1
54 71 1
54 72 1
54 73 1
54 74 1
54 75 1
54 76 1
54 77 1
54 78 1
54 132 1
54 133 1
54 134 1
54 136 1
54 137 1
54 138 1
54 139 1
54 140 1
54 141 1
54 142 1
54 143 1
54 144 1
54 145 1
54 146 1
54 147 1
54 148 1
54 149 1
54 150 1
54 151 1
54 153 1
54 162 1
54 163 1
54 164 1
54 165 1
54 166 1
54 167 1
55 58 1
55 59 1
55 60 1
55 61 1
55 62 1
55 63 1
55 64 1
55 65 1
55 66 1
55 67 1
55 68 1
55 69 1
55 70 1
55 71 1
55 72 1
55 73 1
55 74 1
55 75 1
55 76 1
55 77 1
55 78 1
55 79 1
55 132 1
55 133 1
55 134 1
55 135 1
55 136 1
55 137 1
55 138 1
55 139 1
55 140 1
55 141 1
55 142 1
55 143 1
55 144 1
55 145 1
55 146 1
55 147 1
55 148 1
55 149 1
55 150 1
55 151 1
55 152 1
55 153 1
55 162 1
55 163 1
55 164 1
55 165 1
55 166 1
55 167 1
56 57 1
56 61 1
56 62 1
56 63 1
56 64 1
56 65 1
56 66 1
56 67 1
56 68 1
56 69 1
56 70 1
56 72 1
56 73 1
56 74 1
56 76 1
56 77 1
56 78 1
56 79 1
56 132 1
56 133 1
56 134 1
56 135 1
56 136 1
56 137 1
56 138 1
56 139 1
56 140 1
56 141 1
56 144 1
56 145 1
56 147 1
56 148 1
56 149 1
56 150 1
56 151 1
56 152 1
56 153 1
56 162 1
56 163 1
56 164 1
56 165 1
56 166 1
56 167 1
57 59 1
57 60 1
57 61 1
57 62 1
57 64 1
57 65 1
57 66 1
57 67 1
57 68 1
57 70 1
57 71 1
57 72 1
57 73 1
57 75 1
57 76 1
57 77 1
57 78 1
57 79 1
57 132 1
57 133 1
57 134 1
57 135 1
57 137 1
57 138 1
57 140 1
57 141 1
57 143 1
57 144 1
57 145 1
57 146 1
57 147 1
57 148 1
57 149 1
57 150 1
57 151 1
57 152 1
57 153 1
57 162 1
57 163 1
57 165 1
57 166 1
57 167 1
58 59 1
58 60 1
58 62 1
58 63 1
58 64 1
58 65 1
58 66 1
58 67 1
58 68 1
58 69 1
58 70 1
58 72 1
58 73 1
58 74 1
58 75 1
58 76 1
58 77 1
58 78 1
58 79 1
58 132 1
58 133 1
58 134 1
58 136 1
58 137 1
58 138 1
58 139 1
58 140 1
58 141 1
58 142 1
58 143 1
58 144 1
58 145 1
58 146 1
58 147 1
58 148 1
58 149 1
58 150 1
58 151 1
58 152 1
58 153 1
58 162 1
58 163 1
58 164 1
58 165 1
58 166 1
58 167 1
59 60 1
59 61 1
59 62 1
59 63 1
59 64 1
59 65 1
59 66 1
59 67 1
59 68 1
59 69 1
59 70 1
59 71 1
59 72 1
59 73 1
59 74 1
59 75 1
59 76 1
59 77 1
59 78 1
59 132 1
59 133 1
59 134 1
59 135 1
59 136 1
59 137 1
59 138 1
59 139 1
59 140 1
59 141 1
59 142 1
59 143 1
59 144 1
59 145 1
59 146 1
59 147 1
59 148 1
59 149 1
59 150 1
59 151 1
59 153 1
59 162 1
59 163 1
59 164 1
59 165 1
59 167 1
60 61 1
60 62 1
60 63 1
60 64 1
60 65 1
60 66 1
60 67 1
60 68 1
60 69 1
60 70 1
60 71 1
60 73 1
60 74 1
60 75 1
60 76 1
60 77 1
60 78 1
60 79 1
60 132 1
60 133 1
60 134 1
60 135 1
60 136 1
60 137 1
60 139 1
60 140 1
60 141 1
60 142 1
60 143 1
60 144 1
60 145 1
60 146 1
60 148 1
60 149 1
60 150 1
60 151 1
60 152 1
60 153 1
60 162 1
60 163 1
60 164 1
60 165 1
60 166 1
60 167 1
61 62 1
61 63 1
61 64 1
61 66 1
61 67 1
61 68 1
61 69 1
61 70 1
61 71 1
61 72 1
61 74 1
61 75 1
61 76 1
61 77 1
61 78 1
61 79 1
61 132 1
61 133 1
61 134 1
61 135 1
61 136 1
61 137 1
61 140 1
61 141 1
61 142 1
61 143 1
61 144 1
61 145 1
61 146 1
61 147 1
61 148 1
61 149 1
61 150 1
61 151 1
61 152 1
61 153 1
61 162 1
61 163 1
61 164 1
61 165 1
61 166 1
62 63 1
62 65 1
62 67 1
62 69 1
62 70 1
62 80 1
62 81 1
62 82 1
62 83 1
62 84 1
62 85 1
62 86 1
62 87 1
62 97 1
62 98 1
62 99 1
62 100 1
62 101 1
62 102 1
62 104 1
62 105 1
62 107 1
62 109 1
62 110 1
62 132 1
62 134 1
62 135 1
62 136 1
62 137 1
62 138 1
62 139 1
62 140 1
62 141 1
62 142 1
62 143 1
62 144 1
62 146 1
62 147 1
62 148 1
62 150 1
62 151 1
62 152 1
62 153 1
62 162 1
62 163 1
62 164 1
62 165 1
62 166 1
62 167 1
62 182 1
62 183 1
62 184 1
62 185 1
62 186 1
63 65 1
63 66 1
63 70 1
63 80 1
63 81 1
63 82 1
63 83 1
63 84 1
63 85 1
63 87 1
63 97 1
63 98 1
63 99 1
63 100 1
63 101 1
63 102 1
63 103 1
63 104 1
63 105 1
63 106 1
63 107 1
63 109 1
63 132 1
63 133 1
63 134 1
63 135 1
63 136 1
63 137 1
63 138 1
63 139 1
63 140 1
63 141 1
63 142 1
63 144 1
63 145 1
63 146 1
63 147 1
63 149 1
63 150 1
63 151 1
63 152 1
63 153 1
63 162 1
63 163 1
63 164 1
63 165 1
63 166 1
63 167 1
63 182 1
63 183 1
63 184 1
63 185 1
63 186 1
64 65 1
64 66 1
64 67 1
64 68 1
64 70 1
64 80 1
64 81 1
64 82 1
64 83 1
64 84 1
64 85 1
64 86 1
64 87 1
64 97 1
64 98 1
64 100 1
64 101 1
64 102 1
64 103 1
64 104 1
64 105 1
64 106 1
64 108 1
64 109 1
64 110 1
64 132 1
64 133 1
64 134 1
64 135 1
64 136 1
64 137 1
64 138 1
64 139 1
64 140 1
64 142 1
64 143 1
64 144 1
64 145 1
64 146 1
64 147 1
64 148 1
64 149 1
64 150 1
64 151 1
64 152 1
64 153 1
64 162 1
64 163 1
64 164 1
64 165 1
64 167 1
64 182 1
64 183 1
64 184 1
64 185 1
65 66 1
65 67 1
65 69 1
65 70 1
65 80 1
65 81 1
65 84 1
65 85 1
65 86 1
65 87 1
65 97 1
65 98 1
65 99 1
65 100 1
65 101 1
65 102 1
65 103 1
65 104 1
65 105 1
65 106 1
65 107 1
65 108 1
65 109 1
65 110 1
65 132 1
65 133 1
65 134 1
65 135 1
65 136 1
65 137 1
65 138 1
65 139 1
65 140 1
65 141 1
65 142 1
65 143 1
65 144 1
65 145 1
65 146 1
65 147 1
65 148 1
65 149 1
65 150 1
65 151 1
65 152 1
65 153 1
65 162 1
65 163 1
65 164 1
65 165 1
65 166 1
65 167 1
65 182 1
65 183 1
65 184 1
65 185 1
65 186 1
66 67 1
66 68 1
66 69 1
66 70 1
66 80 1
66 81 1
66 82 1
66 83 1
66 84 1
66 85 1
66 86 1
66 87 1
66 97 1
66 98 1
66 99 1
66 100 1
66 101 1
66 102 1
66 103 1
66 104 1
66 105 1
66 107 1
66 108 1
66 109 1
66 110 1
66 132 1
66 133 1
66 134 1
66 135 1
66 136 1
66 137 1
66 138 1
66 139 1
66 140 1
66 141 1
66 142 1
66 144 1
66 145 1
66 146 1
66 147 1
66 148 1
66 149 1
66 150 1
66 151 1
66 153 1
66 162 1
66 163 1
66 164 1
66 165 1
66 166 1
66 167 1
66 182 1
66 183 1
66 184 1
66 185 1
66 186 1
67 68 1
67 69 1
67 80 1
67 81 1
67 82 1
67 83 1
67 85 1
67 86 1
67 87 1
67 97 1
67 98 1
67 99 1
67 101 1
67 102 1
67 103 1
67 104 1
67 105 1
67 106 1
67 107 1
67 108 1
67 109 1
67 132 1
67 133 1
67 134 1
67 135 1
67 136 1
67 137 1
67 138 1
67 139 1
67 140 1
67 141 1
67 142 1
67 144 1
67 145 1
67 146 1
67 147 1
67 148 1
67 150 1
67 152 1
67 153 1
67 162 1
67 163 1
67 164 1
67 165 1
67 166 1
67 182 1
67 183 1
67 184 1
67 185 1
67 186 1
68 69 1
68 70 1
68 80 1
68 81 1
68 82 1
68 83 1
68 84 1
68 85 1
68 86 1
68 87 1
68 97 1
68 99 1
68 100 1
68 101 1
68 102 1
68 103 1
68 104 1
68 105 1
68 106 1
68 107 1
68 108 1
68 109 1
68 110 1
68 132 1
68 133 1
68 134 1
68 135 1
68 136 1
68 137 1
68 138 1
68 140 1
68 141 1
68 142 1
68 143 1
68 144 1
68 145 1
68 146 1
68 148 1
68 149 1
68 150 1
68 151 1
68 152 1
68 153 1
68 162 1
68 163 1
68 164 1
68 165 1
68 166 1
68 167 1
68 182 1
68 183 1
68 184 1
68 186 1
69 70 1
69 80 1
69 81 1
69 82 1
69 83 1
69 84 1
69 85 1
69 86 1
69 87 1
69 97 1
69 99 1
69 100 1
69 102 1
69 103 1
69 104 1
69 105 1
69 106 1
69 107 1
69 108 1
69 109 1
69 110 1
69 132 1
69 133 1
69 134 1
69 135 1
69 136 1
69 137 1
69 138 1
69 139 1
69 140 1
69 141 1
69 142 1
69 143 1
69 144 1
69 145 1
69 146 1
69 147 1
69 148 1
69 149 1
69 150 1
69 151 1
69 152 1
69 153 1
69 162 1
69 163 1
69 164 1
69 165 1
69 167 1
69 183 1
69 184 1
69 185 1
69 186 1
70 80 1
70 81 1
70 82 1
70 83 1
70 84 1
70 85 1
70 86 1
70 87 1
70 97 1
70 99 1
70 100 1
70 101 1
70 102 1
70 103 1
70 104 1
70 105 1
70 106 1
70 107 1
70 108 1
70 109 1
70 132 1
70 133 1
70 134 1
70 135 1
70 136 1
70 137 1
70 138 1
70 140 1
70 141 1
70 142 1
70 143 1
70 144 1
70 145 1
70 146 1
70 147 1
70 149 1
70 150 1
70 151 1
70 152 1
70 153 1
70 164 1
70 165 1
70 166 1
70 167 1
70 182 1
70 183 1
70 185 1
71 72 1
71 74 1
71 76 1
71 77 1
71 79 1
71 97 1
71 99 1
71 100 1
71 101 1
71 102 1
71 103 1
71 104 1
71 117 1
71 118 1
71 119 1
71 120 1
71 122 1
71 123 1
71 125 1
71 126 1
71 127 1
71 128 1
71 129 1
71 130 1
71 131 1
71 174 1
71 175 1
71 176 1
71 177 1
71 178 1
71 179 1
71 180 1
71 181 1
72 74 1
72 75 1
72 76 1
72 77 1
72 78 1
72 97 1
72 98 1
72 100 1
72 101 1
72 102 1
72 103 1
72 104 1
72 117 1
72 118 1
72 119 1
72 120 1
72 121 1
72 122 1
72 123 1
72 124 1
72 125 1
72 126 1
72 127 1
72 128 1
72 129 1
72 130 1
72 131 1
72 174 1
72 175 1
72 176 1
72 177 1
72 178 1
72 179 1
72 180 1
72 181 1
73 74 1
73 76 1
73 78 1
73 79 1
73 97 1
73 98 1
73 99 1
73 100 1
73 101 1
73 102 1
73 103 1
73 104 1
73 117 1
73 119 1
73 120 1
73 121 1
73 122 1
73 123 1
73 124 1
73 125 1
73 126 1
73 127 1
73 128 1
73 129 1
73 130 1
73 131 1
73 174 1
73 175 1
73 176 1
73 177 1
73 178 1
73 179 1
73 180 1
73 181 1
74 75 1
74 76 1
74 77 1
74 78 1
74 97 1
74 98 1
74 99 1
74 100 1
74 101 1
74 102 1
74 103 1
74 104 1
74 117 1
74 118 1
74 119 1
74 120 1
74 121 1
74 122 1
74 123 1
74 124 1
74 125 1
74 126 1
74 127 1
74 128 1
74 129 1
74 130 1
74 174 1
74 175 1
74 176 1
74 177 1
74 178 1
74 179 1
74 180 1
74 181 1
75 77 1
75 78 1
75 97 1
75 98 1
75 99 1
75 100 1
75 101 1
75 102 1
75 103 1
75 104 1
75 117 1
75 118 1
75 119 1
75 120 1
75 121 1
75 122 1
75 123 1
75 124 1
75 125 1
75 127 1
75 128 1
75 129 1
75 130 1
75 131 1
75 174 1
75 175 1
75 176 1
75 177 1
75 178 1
75 179 1
76 77 1
76 97 1
76 98 1
76 99 1
76 100 1
76 103 1
76 104 1
76 117 1
76 118 1
76 119 1
76 120 1
76 121 1
76 122 1
76 123 1
76 124 1
76 125 1
76 126 1
76 128 1
76 129 1
76 131 1
76 174 1
76 175 1
76 177 1
76 178 1
76 179 1
76 180 1
76 181 1
77 78 1
77 79 1
77 97 1
77 98 1
77 99 1
77 100 1
77 101 1
77 102 1
77 103 1
77 104 1
77 117 1
77 118 1
77 119 1
77 120 1
77 121 1
77 122 1
77 123 1
77 124 1
77 125 1
77 126 1
77 127 1
77 128 1
77 129 1
77 130 1
77 131 1
77 174 1
77 175 1
77 176 1
77 177 1
77 178 1
77 179 1
77 180 1
77 181 1
78 79 1
78 98 1
78 99 1
78 100 1
78 101 1
78 102 1
78 103 1
78 104 1
78 117 1
78 118 1
78 119 1
78 120 1
78 121 1
78 122 1
78 124 1
78 125 1
78 126 1
78 128 1
78 129 1
78 130 1
78 131 1
78 174 1
78 176 1
78 177 1
78 178 1
78 180 1
78 181 1
79 97 1
79 98 1
79 99 1
79 100 1
79 102 1
79 103 1
79 104 1
79 117 1
79 118 1
79 119 1
79 120 1
79 121 1
79 122 1
79 123 1
79 124 1
79 125 1
79 126 1
79 127 1
79 128 1
79 129 1
79 130 1
79 131 1
79 174 1
79 175 1
79 176 1
79 177 1
79 178 1
79 179 1
79 180 1
79 181 1
80 85 1
80 86 1
80 87 1
80 133 1
80 134 1
80 135 1
80 136 1
80 137 1
80 138 1
80 139 1
80 140 1
80 142 1
80 143 1
80 144 1
80 145 1
80 146 1
80 168 1
80 169 1
80 170 1
80 171 1
80 172 1
80 173 1
81 84 1
81 86 1
81 132 1
81 133 1
81 134 1
81 135 1
81 136 1
81 137 1
81 138 1
81 139 1
81 141 1
81 142 1
81 143 1
81 144 1
81 146 1
81 168 1
81 169 1
81 170 1
81 171 1
81 172 1
81 173 1
82 84 1
82 85 1
82 86 1
82 87 1
82 132 1
82 133 1
82 134 1
82 135 1
82 136 1
82 137 1
82 138 1
82 139 1
82 140 1
82 141 1
82 142 1
82 143 1
82 144 1
82 145 1
82 146 1
82 168 1
82 169 1
82 170 1
82 171 1
82 173 1
83 85 1
83 132 1
83 133 1
83 134 1
83 135 1
83 136 1
83 137 1
83 138 1
83 139 1
83 140 1
83 141 1
83 142 1
83 143 1
83 144 1
83 145 1
83 146 1
83 168 1
83 169 1
83 170 1
83 171 1
83 172 1
83 173 1
84 87 1
84 132 1
84 134 1
84 135 1
84 137 1
84 138 1
84 139 1
84 140 1
84 141 1
84 142 1
84 145 1
84 146 1
84 168 1
84 169 1
84 170 1
84 171 1
84 172 1
84 173 1
85 132 1
85 133 1
85 134 1
85 135 1
85 136 1
85 137 1
85 138 1
85 139 1
85 140 1
85 141 1
85 142 1
85 143 1
85 144 1
85 145 1
85 146 1
85 168 1
85 169 1
85 170 1
85 171 1
85 172 1
85 173 1
86 132 1
86 133 1
86 134 1
86 135 1
86 136 1
86 137 1
86 138 1
86 139 1
86 140 1
86 141 1
86 142 1
86 143 1
86 144 1
86 145 1
86 146 1
86 168 1
86 169 1
86 172 1
86 173 1
87 132 1
87 133 1
87 134 1
87 135 1
87 136 1
87 137 1
87 138 1
87 139 1
87 140 1
87 141 1
87 143 1
87 144 1
87 145 1
87 146 1
87 168 1
87 169 1
87 170 1
87 171 1
87 172 1
87 173 1
88 92 1
88 93 1
88 94 1
88 95 1
88 89 1
88 147 1
88 148 1
88 149 1
88 150 1
88 151 1
88 152 1
88 153 1
88 182 1
88 183 1
88 184 1
88 186 1
89 92 1
89 93 1
89 94 1
89 96 1
89 91 1
89 148 1
89 149 1
89 151 1
89 152 1
89 153 1
89 182 1
89 183 1
89 184 1
89 185 1
89 186 1
90 92 1
90 95 1
90 147 1
90 148 1
90 149 1
90 150 1
90 151 1
90 152 1
90 153 1
90 182 1
90 184 1
90 185 1
90 186 1
91 93 1
91 94 1
91 95 1
91 96 1
91 148 1
91 149 1
91 150 1
91 151 1
91 152 1
91 153 1
91 182 1
91 183 1
91 184 1
91 185 1
91 186 1
92 94 1
92 96 1
92 147 1
92 148 1
92 149 1
92 150 1
92 151 1
92 152 1
92 153 1
92 182 1
92 183 1
92 184 1
92 185 1
92 186 1
93 147 1
93 148 1
93 149 1
93 150 1
93 151 1
93 152 1
93 153 1
93 182 1
93 183 1
93 184 1
93 185 1
93 186 1
94 147 1
94 148 1
94 149 1
94 150 1
94 151 1
94 152 1
94 153 1
94 182 1
94 183 1
94 184 1
95 147 1
95 148 1
95 149 1
95 150 1
95 151 1
95 152 1
95 153 1
95 182 1
95 183 1
95 184 1
95 185 1
95 186 1
96 147 1
96 148 1
96 149 1
96 150 1
96 151 1
96 152 1
96 153 1
96 182 1
96 183 1
96 185 1
96 186 1
97 102 1
97 103 1
97 104 1
97 124 1
97 125 1
97 126 1
97 127 1
97 128 1
97 129 1
97 130 1
97 131 1
97 182 1
97 183 1
97 184 1
97 185 1
97 186 1
98 101 1
98 103 1
98 124 1
98 125 1
98 126 1
98 127 1
98 129 1
98 130 1
98 131 1
98 185 1
98 186 1
99 101 1
99 102 1
99 103 1
99 104 1
99 124 1
99 125 1
99 126 1
99 127 1
99 128 1
99 129 1
99 130 1
99 131 1
99 182 1
99 183 1
99 185 1
99 186 1
100 101 1
100 102 1
100 103 1
100 104 1
100 124 1
100 125 1
100 126 1
100 127 1
100 128 1
100 129 1
100 130 1
100 131 1
100 182 1
100 183 1
100 184 1
100 185 1
100 186 1
101 103 1
101 124 1
101 126 1
101 127 1
101 128 1
101 129 1
101 131 1
101 182 1
101 183 1
101 184 1
101 185 1
102 104 1
102 124 1
102 125 1
102 126 1
102 127 1
102 128 1
102 129 1
102 130 1
102 131 1
102 182 1
102 184 1
102 185 1
103 104 1
103 124 1
103 125 1
103 126 1
103 127 1
103 128 1
103 130 1
103 131 1
103 182 1
103 183 1
103 184 1
103 185 1
103 186 1
104 124 1
104 125 1
104 126 1
104 127 1
104 129 1
104 131 1
104 183 1
104 184 1
104 185 1
104 186 1
105 108 1
105 109 1
105 117 1
105 118 1
105 119 1
105 120 1
105 121 1
105 122 1
105 147 1
105 148 1
105 150 1
105 151 1
105 152 1
105 153 1
106 108 1
106 110 1
106 117 1
106 118 1
106 119 1
106 120 1
106 122 1
106 123 1
106 147 1
106 148 1
106 149 1
106 150 1
106 151 1
106 153 1
107 108 1
107 110 1
107 117 1
107 119 1
107 120 1
107 121 1
107 122 1
107 123 1
107 147 1
107 148 1
107 149 1
107 150 1
107 151 1
107 152 1
107 153 1
108 117 1
108 118 1
108 119 1
108 120 1
108 121 1
108 122 1
108 123 1
108 147 1
108 148 1
108 149 1
108 150 1
108 151 1
108 152 1
108 153 1
109 117 1
109 118 1
109 119 1
109 120 1
109 121 1
109 122 1
109 123 1
109 147 1
109 148 1
109 149 1
109 150 1
109 151 1
109 152 1
109 153 1
110 117 1
110 118 1
110 119 1
110 120 1
110 121 1
110 123 1
110 147 1
110 148 1
110 149 1
110 151 1
110 152 1
110 153 1
111 114 1
111 116 1
111 113 1
112 115 1
113 116 1
114 115 1
115 116 1
117 121 1
118 119 1
118 120 1
120 121 1
120 123 1
121 123 1
124 168 1
124 169 1
124 170 1
124 171 1
124 172 1
124 173 1
124 174 1
124 175 1
124 176 1
124 177 1
124 179 1
124 180 1
124 181 1
125 168 1
125 169 1
125 170 1
125 172 1
125 173 1
125 175 1
125 176 1
125 177 1
125 178 1
125 179 1
125 181 1
126 127 1
126 128 1
126 168 1
126 169 1
126 170 1
126 172 1
126 173 1
126 174 1
126 175 1
126 176 1
126 177 1
126 178 1
126 179 1
126 180 1
126 181 1
127 168 1
127 169 1
127 170 1
127 171 1
127 172 1
127 173 1
127 174 1
127 175 1
127 176 1
127 178 1
127 179 1
127 180 1
127 181 1
128 129 1
128 131 1
128 168 1
128 169 1
128 170 1
128 171 1
128 172 1
128 173 1
128 174 1
128 176 1
128 177 1
128 178 1
128 179 1
128 180 1
128 181 1
129 130 1
129 168 1
129 169 1
129 170 1
129 172 1
129 173 1
129 174 1
129 175 1
129 176 1
129 177 1
129 178 1
129 179 1
129 180 1
129 181 1
130 131 1
130 168 1
130 169 1
130 170 1
130 171 1
130 173 1
130 174 1
130 175 1
130 176 1
130 177 1
130 178 1
130 179 1
130 180 1
130 181 1
131 168 1
131 169 1
131 170 1
131 171 1
131 172 1
131 173 1
131 174 1
131 175 1
131 177 1
131 179 1
131 180 1
131 181 1
132 133 1
132 138 1
132 139 1
132 140 1
133 138 1
133 139 1
134 135 1
134 139 1
134 140 1
136 137 1
136 139 1
136 140 1
137 138 1
138 139 1
138 140 1
141 142 1
141 148 1
141 149 1
141 150 1
141 151 1
141 152 1
141 153 1
142 147 1
142 148 1
142 149 1
142 150 1
142 151 1
142 152 1
142 153 1
143 144 1
143 147 1
143 148 1
143 149 1
143 150 1
143 151 1
143 153 1
144 145 1
144 147 1
144 148 1
144 149 1
144 150 1
144 151 1
144 152 1
144 153 1
145 146 1
145 148 1
145 149 1
145 150 1
145 151 1
145 153 1
146 147 1
146 148 1
146 149 1
146 150 1
146 151 1
146 152 1
146 153 1
147 148 1
147 150 1
147 152 1
147 153 1
147 168 1
147 169 1
147 170 1
147 171 1
148 168 1
148 169 1
148 170 1
148 171 1
148 172 1
148 173 1
149 150 1
149 152 1
149 168 1
149 169 1
149 170 1
149 171 1
149 172 1
149 173 1
150 151 1
150 168 1
150 169 1
150 170 1
150 171 1
150 173 1
151 153 1
151 168 1
151 170 1
151 172 1
151 173 1
152 168 1
152 169 1
152 170 1
152 171 1
152 172 1
152 173 1
153 168 1
153 170 1
153 171 1
153 172 1
154 157 1
154 182 1
154 183 1
154 184 1
154 185 1
154 186 1
155 158 1
155 182 1
155 183 1
155 184 1
155 185 1
155 186 1
156 182 1
156 183 1
156 185 1
156 186 1
157 159 1
157 160 1
157 182 1
157 183 1
157 184 1
157 186 1
158 182 1
158 183 1
158 184 1
158 185 1
158 186 1
159 160 1
159 182 1
159 183 1
159 184 1
159 185 1
159 186 1
160 182 1
160 183 1
160 185 1
160 186 1
161 183 1
161 184 1
161 185 1
161 186 1
162 163 1
162 169 1
162 170 1
162 171 1
162 172 1
163 165 1
163 168 1
163 169 1
163 170 1
163 171 1
163 172 1
163 173 1
164 168 1
164 169 1
164 170 1
164 171 1
164 172 1
164 173 1
165 170 1
165 171 1
165 172 1
165 173 1
166 167 1
166 168 1
166 170 1
166 171 1
166 173 1
167 168 1
167 169 1
167 170 1
167 171 1
167 172 1
167 173 1
168 170 1
168 174 1
168 175 1
168 176 1
168 177 1
168 178 1
168 180 1
168 181 1
169 170 1
169 173 1
169 174 1
169 175 1
169 176 1
169 177 1
169 179 1
169 180 1
169 181 1
170 174 1
170 175 1
170 176 1
170 177 1
170 178 1
170 179 1
170 181 1
171 174 1
171 175 1
171 176 1
171 177 1
171 178 1
171 179 1
171 181 1
172 175 1
172 176 1
172 177 1
172 178 1
172 179 1
172 180 1
172 181 1
173 174 1
173 175 1
173 176 1
173 177 1
173 178 1
173 179 1
173 180 1
173 181 1
174 175 1
174 180 1
175 177 1
177 178 1
177 180 1
179 181 1
183 185 1
184 186 1
