1 2 1
1 3 1
1 4 1
1 5 1
1 6 1
1 7 1
1 8 1
1 17 1
1 19 1
1 20 1
1 21 1
1 22 1
1 122 1
1 123 1
1 124 1
1 125 1
1 127 1
1 128 1
1 129 1
2 6 1
2 17 1
2 18 1
2 19 1
2 20 1
2 21 1
2 22 1
2 123 1
2 124 1
2 125 1
2 126 1
2 127 1
2 128 1
2 130 1
3 6 1
3 8 1
3 17 1
3 18 1
3 21 1
3 22 1
3 122 1
3 123 1
3 124 1
3 125 1
3 126 1
3 127 1
3 128 1
3 129 1
4 7 1
4 17 1
4 18 1
4 19 1
4 21 1
4 122 1
4 124 1
4 125 1
4 127 1
4 128 1
4 129 1
4 130 1
5 17 1
5 18 1
5 20 1
5 21 1
5 22 1
5 122 1
5 124 1
5 125 1
5 126 1
5 127 1
5 128 1
5 129 1
5 130 1
6 8 1
6 19 1
6 20 1
6 22 1
6 124 1
6 126 1
6 129 1
6 130 1
7 17 1
7 18 1
7 19 1
7 20 1
7 22 1
7 123 1
7 124 1
7 125 1
7 127 1
7 128 1
7 129 1
7 130 1
8 18 1
8 19 1
8 20 1
8 21 1
8 22 1
8 122 1
8 123 1
8 124 1
8 125 1
8 126 1
8 127 1
8 128 1
8 129 1
9 11 1
9 12 1
9 13 1
9 14 1
9 15 1
9 16 1
9 33 1
9 34 1
9 35 1
9 94 1
9 95 1
10 15 1
10 16 1
10 31 1
10 32 1
10 34 1
10 35 1
10 36 1
10 37 1
10 92 1
10 93 1
10 94 1
10 95 1
10 96 1
10 97 1
11 31 1
11 32 1
11 34 1
11 35 1
11 36 1
11 37 1
11 92 1
11 94 1
11 97 1
12 31 1
12 32 1
12 33 1
12 34 1
12 35 1
12 36 1
12 37 1
12 92 1
12 93 1
12 94 1
12 95 1
12 97 1
13 31 1
13 32 1
13 33 1
13 34 1
13 35 1
13 36 1
13 37 1
13 93 1
13 95 1
13 96 1
13 97 1
14 15 1
14 31 1
14 32 1
14 34 1
14 37 1
14 92 1
14 93 1
14 94 1
14 95 1
14 96 1
14 97 1
15 32 1
15 33 1
15 34 1
15 36 1
15 37 1
15 92 1
15 93 1
15 95 1
16 31 1
16 32 1
16 33 1
16 34 1
16 35 1
16 36 1
16 92 1
16 93 1
16 94 1
16 95 1
16 97 1
17 18 1
17 20 1
17 21 1
17 22 1
19 21 1
23 24 1
23 25 1
23 26 1
23 28 1
23 29 1
23 117 1
23 118 1
23 119 1
23 121 1
24 30 1
24 118 1
24 119 1
24 120 1
25 26 1
25 117 1
25 119 1
25 120 1
25 121 1
26 27 1
26 28 1
26 29 1
26 30 1
26 117 1
26 119 1
26 120 1
26 121 1
27 117 1
27 118 1
27 119 1
27 121 1
28 118 1
28 119 1
28 121 1
29 118 1
29 119 1
29 120 1
29 121 1
30 118 1
30 119 1
30 120 1
30 121 1
31 32 1
31 33 1
31 34 1
31 35 1
31 36 1
31 37 1
31 152 1
31 153 1
31 158 1
31 159 1
32 34 1
32 35 1
32 153 1
32 154 1
32 157 1
32 158 1
32 159 1
33 34 1
33 37 1
33 152 1
33 153 1
33 154 1
33 155 1
33 156 1
33 157 1
34 37 1
34 152 1
34 153 1
34 154 1
34 155 1
34 156 1
34 158 1
34 159 1
35 154 1
35 156 1
35 157 1
35 158 1
35 159 1
36 37 1
36 152 1
36 155 1
36 156 1
36 158 1
37 152 1
37 153 1
37 154 1
37 155 1
37 156 1
37 157 1
37 158 1
38 40 1
38 41 1
38 42 1
38 43 1
38 70 1
38 71 1
38 72 1
38 73 1
38 85 1
38 87 1
38 88 1
38 90 1
38 91 1
38 131 1
38 132 1
38 133 1
38 135 1
38 136 1
38 137 1
38 139 1
38 170 1
38 171 1
38 172 1
38 174 1
39 42 1
39 43 1
39 70 1
39 71 1
39 72 1
39 74 1
39 85 1
39 86 1
39 87 1
39 88 1
39 89 1
39 90 1
39 91 1
39 131 1
39 132 1
39 134 1
39 135 1
39 136 1
39 138 1
39 139 1
39 170 1
39 171 1
39 172 1
39 173 1
39 175 1
39 176 1
40 41 1
40 42 1
40 43 1
40 70 1
40 72 1
40 73 1
40 74 1
40 85 1
40 86 1
40 87 1
40 90 1
40 91 1
40 131 1
40 132 1
40 134 1
40 135 1
40 136 1
40 137 1
40 138 1
40 139 1
40 170 1
40 171 1
40 172 1
40 173 1
40 175 1
40 176 1
41 42 1
41 43 1
41 71 1
41 73 1
41 75 1
41 85 1
41 86 1
41 87 1
41 89 1
41 90 1
41 91 1
41 131 1
41 132 1
41 133 1
41 134 1
41 135 1
41 136 1
41 137 1
41 138 1
41 139 1
41 170 1
41 172 1
41 174 1
41 175 1
41 176 1
42 43 1
42 70 1
42 71 1
42 72 1
42 73 1
42 74 1
42 75 1
42 85 1
42 89 1
42 90 1
42 91 1
42 131 1
42 132 1
42 133 1
42 136 1
42 137 1
42 170 1
42 172 1
42 174 1
42 175 1
42 176 1
43 70 1
43 72 1
43 74 1
43 75 1
43 85 1
43 86 1
43 87 1
43 88 1
43 89 1
43 90 1
43 133 1
43 134 1
43 135 1
43 136 1
43 137 1
43 138 1
43 139 1
43 170 1
43 171 1
43 172 1
43 173 1
43 174 1
43 175 1
44 45 1
44 46 1
44 50 1
44 86 1
44 88 1
44 89 1
44 90 1
44 91 1
44 131 1
44 133 1
44 134 1
44 135 1
44 136 1
44 137 1
44 152 1
44 153 1
44 154 1
44 156 1
44 157 1
45 47 1
45 49 1
45 50 1
45 51 1
45 86 1
45 87 1
45 88 1
45 89 1
45 90 1
45 91 1
45 131 1
45 132 1
45 133 1
45 135 1
45 136 1
45 137 1
45 138 1
45 152 1
45 153 1
45 154 1
45 155 1
45 156 1
45 157 1
45 159 1
46 47 1
46 48 1
46 49 1
46 50 1
46 51 1
46 85 1
46 87 1
46 88 1
46 89 1
46 90 1
46 91 1
46 131 1
46 134 1
46 135 1
46 136 1
46 137 1
46 139 1
46 153 1
46 154 1
46 155 1
46 156 1
46 157 1
46 158 1
46 159 1
47 50 1
47 85 1
47 86 1
47 87 1
47 88 1
47 89 1
47 90 1
47 91 1
47 131 1
47 132 1
47 133 1
47 135 1
47 136 1
47 137 1
47 138 1
47 153 1
47 154 1
47 155 1
47 156 1
47 157 1
47 158 1
47 159 1
48 49 1
48 50 1
48 51 1
48 85 1
48 86 1
48 87 1
48 88 1
48 90 1
48 91 1
48 131 1
48 132 1
48 133 1
48 134 1
48 135 1
48 137 1
48 138 1
48 139 1
48 152 1
48 153 1
48 155 1
48 157 1
48 159 1
49 50 1
49 51 1
49 85 1
49 87 1
49 89 1
49 90 1
49 91 1
49 131 1
49 133 1
49 137 1
49 138 1
49 152 1
49 153 1
49 154 1
49 156 1
49 157 1
49 158 1
49 159 1
50 51 1
50 85 1
50 86 1
50 87 1
50 88 1
50 89 1
50 90 1
50 91 1
50 131 1
50 132 1
50 133 1
50 134 1
50 135 1
50 136 1
50 137 1
50 138 1
50 139 1
50 152 1
50 153 1
50 154 1
50 155 1
50 156 1
50 157 1
50 158 1
50 159 1
51 85 1
51 86 1
51 87 1
51 88 1
51 89 1
51 90 1
51 131 1
51 132 1
51 133 1
51 134 1
51 135 1
51 136 1
51 138 1
51 139 1
51 153 1
51 154 1
51 157 1
51 159 1
52 54 1
52 55 1
52 56 1
52 57 1
52 60 1
52 122 1
52 124 1
52 126 1
52 127 1
52 128 1
52 129 1
52 130 1
52 162 1
52 163 1
52 164 1
53 54 1
53 55 1
53 56 1
53 57 1
53 58 1
53 59 1
53 122 1
53 123 1
53 124 1
53 125 1
53 127 1
53 161 1
53 162 1
53 164 1
54 56 1
54 57 1
54 58 1
54 59 1
54 124 1
54 125 1
54 126 1
54 127 1
54 129 1
54 130 1
54 160 1
54 162 1
54 163 1
54 164 1
55 56 1
55 57 1
55 58 1
55 59 1
55 60 1
55 122 1
55 123 1
55 124 1
55 125 1
55 126 1
55 128 1
55 130 1
55 160 1
55 162 1
55 164 1
56 57 1
56 58 1
56 59 1
56 60 1
56 124 1
56 125 1
56 126 1
56 127 1
56 128 1
56 129 1
56 160 1
56 161 1
56 164 1
57 58 1
57 59 1
57 122 1
57 125 1
57 126 1
57 127 1
57 129 1
57 160 1
57 161 1
57 162 1
57 163 1
57 164 1
58 59 1
58 60 1
58 122 1
58 123 1
58 124 1
58 126 1
58 127 1
58 129 1
58 160 1
58 161 1
58 163 1
58 164 1
59 124 1
59 125 1
59 126 1
59 128 1
59 129 1
59 130 1
59 160 1
59 161 1
59 162 1
59 163 1
59 164 1
60 122 1
60 123 1
60 126 1
60 127 1
60 129 1
60 130 1
60 161 1
60 162 1
60 163 1
60 164 1
61 62 1
61 63 1
61 64 1
61 67 1
61 68 1
61 69 1
61 112 1
61 113 1
61 114 1
62 64 1
62 65 1
62 67 1
62 69 1
62 112 1
62 113 1
63 65 1
63 68 1
63 69 1
63 113 1
63 115 1
64 65 1
64 66 1
64 68 1
64 69 1
64 112 1
64 114 1
64 115 1
64 116 1
65 66 1
65 67 1
65 69 1
65 112 1
65 113 1
65 114 1
65 115 1
65 116 1
66 67 1
66 68 1
66 69 1
66 112 1
66 113 1
66 114 1
66 115 1
66 116 1
67 69 1
67 112 1
68 69 1
68 112 1
68 113 1
68 114 1
68 115 1
68 116 1
69 112 1
69 113 1
69 115 1
70 71 1
70 72 1
70 73 1
70 74 1
70 75 1
71 72 1
71 73 1
71 74 1
71 75 1
72 73 1
72 74 1
72 75 1
73 74 1
74 75 1
76 80 1
76 81 1
76 82 1
76 83 1
76 84 1
76 77 1
76 78 1
77 82 1
77 83 1
77 84 1
77 78 1
78 80 1
78 81 1
78 82 1
78 79 1
79 80 1
79 81 1
79 82 1
79 83 1
79 84 1
80 81 1
85 88 1
85 89 1
85 90 1
85 92 1
85 93 1
85 95 1
85 96 1
85 97 1
86 89 1
86 90 1
86 91 1
86 92 1
86 93 1
86 94 1
86 95 1
86 96 1
87 88 1
87 89 1
87 90 1
87 91 1
87 92 1
87 93 1
87 94 1
87 95 1
87 96 1
88 89 1
88 92 1
88 93 1
88 94 1
88 95 1
88 96 1
88 97 1
89 90 1
89 91 1
89 92 1
89 93 1
89 95 1
89 96 1
89 97 1
90 93 1
90 94 1
90 95 1
90 96 1
90 97 1
91 92 1
91 93 1
91 94 1
91 96 1
91 97 1
92 95 1
92 96 1
92 97 1
92 93 1
93 95 1
93 97 1
94 95 1
94 96 1
94 97 1
95 97 1
98 102 1
98 103 1
98 104 1
98 105 1
98 99 1
98 100 1
99 103 1
99 105 1
99 100 1
100 102 1
100 103 1
100 105 1
100 106 1
101 102 1
101 103 1
101 104 1
101 105 1
101 106 1
102 103 1
103 106 1
104 105 1
107 109 1
107 111 1
108 109 1
108 110 1
108 111 1
112 116 1
114 116 1
115 116 1
117 118 1
118 119 1
118 120 1
119 120 1
120 121 1
122 123 1
122 130 1
123 124 1
123 125 1
123 127 1
123 128 1
124 125 1
124 127 1
124 128 1
124 129 1
125 126 1
127 128 1
127 129 1
129 130 1
131 132 1
131 137 1
132 133 1
132 134 1
133 134 1
133 136 1
133 138 1
134 135 1
134 137 1
135 136 1
135 139 1
136 137 1
136 138 1
136 139 1
137 138 1
138 139 1
140 144 1
141 142 1
142 143 1
143 144 1
145 147 1
145 151 1
145 160 1
145 161 1
145 162 1
145 163 1
146 148 1
146 149 1
146 160 1
146 161 1
146 162 1
146 163 1
146 164 1
147 148 1
147 150 1
147 160 1
147 163 1
147 164 1
148 161 1
148 164 1
149 160 1
149 161 1
149 162 1
149 163 1
150 160 1
150 161 1
150 162 1
150 164 1
151 160 1
151 161 1
151 162 1
151 163 1
153 158 1
155 156 1
155 159 1
156 158 1
157 159 1
160 163 1
166 167 1
167 169 1
170 171 1
172 174 1
172 176 1
173 174 1
175 176 1
