1 3 1
1 4 1
1 5 1
1 6 1
1 7 1
1 8 1
1 10 1
1 11 1
1 12 1
1 13 1
1 14 1
1 15 1
1 16 1
1 17 1
1 18 1
1 20 1
1 21 1
1 22 1
1 23 1
1 25 1
1 26 1
1 27 1
1 29 1
1 42 1
1 43 1
1 44 1
1 45 1
1 46 1
1 47 1
1 48 1
1 50 1
1 51 1
1 52 1
1 53 1
1 72 1
1 74 1
1 75 1
1 78 1
1 85 1
1 87 1
1 88 1
1 89 1
1 90 1
1 91 1
1 92 1
1 102 1
1 103 1
1 104 1
1 106 1
1 107 1
1 108 1
1 109 1
1 111 1
1 112 1
1 113 1
1 114 1
1 115 1
1 116 1
1 124 1
1 125 1
1 126 1
1 127 1
1 128 1
1 131 1
1 132 1
1 133 1
1 134 1
1 135 1
1 136 1
1 137 1
1 158 1
1 159 1
1 160 1
1 162 1
2 3 1
2 7 1
2 11 1
2 13 1
2 15 1
2 16 1
2 19 1
2 20 1
2 22 1
2 23 1
2 24 1
2 25 1
2 26 1
2 27 1
2 28 1
2 30 1
2 31 1
2 41 1
2 42 1
2 43 1
2 44 1
2 45 1
2 47 1
2 48 1
2 50 1
2 51 1
2 52 1
2 72 1
2 73 1
2 75 1
2 77 1
2 78 1
2 86 1
2 87 1
2 89 1
2 90 1
2 91 1
2 92 1
2 103 1
2 105 1
2 106 1
2 107 1
2 109 1
2 110 1
2 111 1
2 112 1
2 113 1
2 114 1
2 116 1
2 124 1
2 127 1
2 128 1
2 129 1
2 130 1
2 131 1
2 132 1
2 133 1
2 134 1
2 135 1
2 158 1
2 159 1
2 160 1
2 161 1
2 162 1
3 7 1
3 9 1
3 10 1
3 11 1
3 12 1
3 13 1
3 14 1
3 15 1
3 16 1
3 17 1
3 18 1
3 19 1
3 20 1
3 21 1
3 22 1
3 23 1
3 24 1
3 25 1
3 26 1
3 27 1
3 28 1
3 29 1
3 30 1
3 31 1
3 42 1
3 43 1
3 44 1
3 45 1
3 46 1
3 47 1
3 48 1
3 49 1
3 50 1
3 53 1
3 54 1
3 73 1
3 75 1
3 76 1
3 78 1
3 85 1
3 86 1
3 87 1
3 88 1
3 92 1
3 102 1
3 104 1
3 105 1
3 106 1
3 107 1
3 108 1
3 109 1
3 110 1
3 113 1
3 115 1
3 116 1
3 124 1
3 125 1
3 126 1
3 128 1
3 130 1
3 131 1
3 134 1
3 135 1
3 137 1
3 158 1
3 160 1
3 161 1
4 9 1
4 10 1
4 12 1
4 13 1
4 14 1
4 15 1
4 17 1
4 18 1
4 19 1
4 21 1
4 23 1
4 24 1
4 25 1
4 26 1
4 27 1
4 29 1
4 30 1
4 31 1
4 41 1
4 42 1
4 43 1
4 44 1
4 45 1
4 46 1
4 47 1
4 48 1
4 49 1
4 51 1
4 52 1
4 53 1
4 54 1
4 55 1
4 72 1
4 73 1
4 74 1
4 75 1
4 76 1
4 77 1
4 78 1
4 86 1
4 89 1
4 90 1
4 91 1
4 92 1
4 103 1
4 104 1
4 105 1
4 107 1
4 108 1
4 111 1
4 112 1
4 113 1
4 114 1
4 115 1
4 124 1
4 125 1
4 126 1
4 127 1
4 128 1
4 129 1
4 130 1
4 131 1
4 132 1
4 133 1
4 134 1
4 135 1
4 136 1
4 137 1
4 158 1
4 159 1
4 160 1
5 7 1
5 9 1
5 10 1
5 11 1
5 12 1
5 15 1
5 18 1
5 19 1
5 23 1
5 24 1
5 25 1
5 26 1
5 27 1
5 28 1
5 29 1
5 31 1
5 42 1
5 43 1
5 44 1
5 46 1
5 47 1
5 48 1
5 49 1
5 50 1
5 52 1
5 53 1
5 54 1
5 55 1
5 72 1
5 75 1
5 76 1
5 78 1
5 86 1
5 88 1
5 90 1
5 92 1
5 102 1
5 105 1
5 106 1
5 107 1
5 108 1
5 109 1
5 110 1
5 112 1
5 114 1
5 115 1
5 116 1
5 124 1
5 125 1
5 127 1
5 128 1
5 129 1
5 132 1
5 134 1
5 135 1
5 136 1
5 137 1
5 158 1
5 159 1
5 160 1
5 161 1
5 162 1
6 9 1
6 11 1
6 12 1
6 13 1
6 14 1
6 15 1
6 16 1
6 17 1
6 21 1
6 22 1
6 23 1
6 26 1
6 27 1
6 28 1
6 29 1
6 30 1
6 31 1
6 41 1
6 43 1
6 44 1
6 45 1
6 46 1
6 47 1
6 48 1
6 49 1
6 50 1
6 51 1
6 52 1
6 53 1
6 72 1
6 73 1
6 74 1
6 76 1
6 78 1
6 85 1
6 86 1
6 87 1
6 89 1
6 90 1
6 91 1
6 102 1
6 103 1
6 105 1
6 106 1
6 107 1
6 108 1
6 109 1
6 110 1
6 112 1
6 114 1
6 115 1
6 124 1
6 126 1
6 127 1
6 128 1
6 130 1
6 131 1
6 132 1
6 133 1
6 134 1
6 135 1
6 137 1
6 158 1
6 160 1
6 161 1
7 9 1
7 11 1
7 12 1
7 13 1
7 15 1
7 16 1
7 17 1
7 18 1
7 20 1
7 22 1
7 23 1
7 24 1
7 25 1
7 26 1
7 29 1
7 30 1
7 31 1
7 42 1
7 43 1
7 45 1
7 46 1
7 47 1
7 51 1
7 52 1
7 53 1
7 54 1
7 55 1
7 72 1
7 74 1
7 76 1
7 77 1
7 78 1
7 85 1
7 86 1
7 87 1
7 88 1
7 90 1
7 91 1
7 92 1
7 105 1
7 107 1
7 108 1
7 110 1
7 111 1
7 112 1
7 113 1
7 114 1
7 115 1
7 116 1
7 124 1
7 125 1
7 126 1
7 127 1
7 128 1
7 130 1
7 131 1
7 132 1
7 133 1
7 134 1
7 135 1
7 158 1
7 159 1
7 161 1
7 162 1
8 9 1
8 10 1
8 11 1
8 12 1
8 14 1
8 15 1
8 18 1
8 19 1
8 20 1
8 21 1
8 22 1
8 23 1
8 24 1
8 25 1
8 27 1
8 28 1
8 29 1
8 31 1
8 41 1
8 42 1
8 44 1
8 45 1
8 46 1
8 47 1
8 49 1
8 50 1
8 51 1
8 53 1
8 54 1
8 55 1
8 72 1
8 73 1
8 74 1
8 76 1
8 77 1
8 78 1
8 86 1
8 87 1
8 88 1
8 89 1
8 91 1
8 92 1
8 102 1
8 103 1
8 104 1
8 105 1
8 106 1
8 108 1
8 109 1
8 110 1
8 111 1
8 112 1
8 113 1
8 114 1
8 115 1
8 116 1
8 125 1
8 126 1
8 127 1
8 128 1
8 129 1
8 130 1
8 133 1
8 134 1
8 136 1
8 158 1
8 159 1
8 161 1
8 162 1
9 10 1
9 12 1
9 13 1
9 15 1
9 16 1
9 17 1
9 49 1
9 52 1
9 54 1
9 55 1
9 79 1
9 80 1
9 82 1
9 84 1
9 146 1
9 148 1
9 149 1
9 150 1
9 151 1
9 152 1
10 14 1
10 49 1
10 50 1
10 52 1
10 54 1
10 79 1
10 83 1
10 146 1
10 147 1
10 148 1
10 151 1
10 152 1
11 12 1
11 17 1
11 49 1
11 51 1
11 52 1
11 53 1
11 54 1
11 55 1
11 79 1
11 80 1
11 81 1
11 82 1
11 84 1
11 146 1
11 148 1
11 149 1
11 150 1
11 151 1
11 152 1
12 16 1
12 49 1
12 50 1
12 52 1
12 53 1
12 79 1
12 80 1
12 81 1
12 82 1
12 84 1
12 146 1
12 147 1
12 149 1
12 150 1
12 152 1
13 17 1
13 49 1
13 50 1
13 52 1
13 53 1
13 54 1
13 55 1
13 79 1
13 81 1
13 83 1
13 146 1
13 148 1
13 149 1
13 150 1
13 151 1
13 152 1
14 15 1
14 49 1
14 50 1
14 51 1
14 52 1
14 53 1
14 54 1
14 55 1
14 79 1
14 80 1
14 82 1
14 83 1
14 84 1
14 146 1
14 149 1
14 150 1
15 49 1
15 50 1
15 51 1
15 52 1
15 53 1
15 54 1
15 55 1
15 79 1
15 80 1
15 81 1
15 84 1
15 146 1
15 150 1
15 151 1
15 152 1
16 49 1
16 50 1
16 51 1
16 54 1
16 55 1
16 79 1
16 80 1
16 81 1
16 82 1
16 83 1
16 146 1
16 147 1
16 148 1
16 150 1
16 151 1
16 152 1
17 49 1
17 50 1
17 51 1
17 52 1
17 53 1
17 54 1
17 55 1
17 79 1
17 81 1
17 82 1
17 83 1
17 84 1
17 146 1
17 147 1
17 148 1
17 149 1
17 150 1
17 151 1
17 152 1
18 19 1
18 21 1
18 22 1
18 33 1
18 38 1
18 39 1
18 40 1
18 63 1
18 64 1
18 65 1
18 66 1
18 67 1
18 68 1
18 71 1
18 85 1
18 87 1
18 89 1
18 91 1
18 92 1
18 102 1
18 103 1
18 104 1
18 106 1
19 22 1
19 32 1
19 33 1
19 34 1
19 35 1
19 37 1
19 38 1
19 39 1
19 63 1
19 64 1
19 65 1
19 66 1
19 68 1
19 69 1
19 70 1
19 85 1
19 87 1
19 88 1
19 89 1
19 91 1
19 92 1
19 102 1
19 103 1
19 104 1
19 105 1
20 33 1
20 35 1
20 36 1
20 37 1
20 38 1
20 40 1
20 63 1
20 64 1
20 65 1
20 66 1
20 68 1
20 70 1
20 71 1
20 85 1
20 86 1
20 87 1
20 88 1
20 90 1
20 91 1
20 92 1
20 102 1
20 103 1
20 104 1
20 105 1
20 106 1
21 22 1
21 33 1
21 34 1
21 35 1
21 37 1
21 39 1
21 40 1
21 63 1
21 64 1
21 65 1
21 66 1
21 67 1
21 69 1
21 85 1
21 87 1
21 88 1
21 89 1
21 90 1
21 91 1
21 102 1
21 103 1
21 104 1
21 105 1
21 106 1
21 107 1
22 32 1
22 33 1
22 34 1
22 36 1
22 37 1
22 39 1
22 40 1
22 63 1
22 64 1
22 65 1
22 66 1
22 68 1
22 70 1
22 85 1
22 86 1
22 87 1
22 88 1
22 89 1
22 90 1
22 91 1
22 92 1
22 102 1
22 104 1
22 106 1
22 107 1
23 24 1
23 25 1
23 26 1
23 28 1
23 29 1
23 31 1
23 57 1
23 58 1
23 59 1
23 60 1
23 62 1
23 85 1
23 89 1
23 90 1
23 92 1
23 94 1
23 95 1
23 97 1
23 99 1
23 100 1
23 101 1
23 118 1
23 119 1
23 120 1
23 122 1
23 123 1
23 124 1
23 126 1
23 127 1
23 128 1
23 129 1
23 130 1
23 131 1
23 132 1
23 138 1
23 139 1
23 140 1
23 141 1
23 142 1
23 144 1
23 145 1
23 164 1
23 165 1
23 166 1
23 167 1
23 168 1
23 169 1
24 25 1
24 27 1
24 30 1
24 56 1
24 57 1
24 58 1
24 59 1
24 61 1
24 86 1
24 87 1
24 88 1
24 89 1
24 90 1
24 91 1
24 92 1
24 94 1
24 95 1
24 96 1
24 97 1
24 98 1
24 99 1
24 101 1
24 117 1
24 118 1
24 119 1
24 121 1
24 122 1
24 123 1
24 125 1
24 126 1
24 127 1
24 130 1
24 131 1
24 132 1
24 138 1
24 140 1
24 142 1
24 143 1
24 144 1
24 145 1
24 163 1
24 164 1
24 166 1
24 167 1
24 168 1
24 169 1
25 56 1
25 57 1
25 58 1
25 59 1
25 60 1
25 61 1
25 62 1
25 86 1
25 87 1
25 89 1
25 90 1
25 92 1
25 93 1
25 94 1
25 95 1
25 96 1
25 97 1
25 98 1
25 99 1
25 117 1
25 118 1
25 119 1
25 121 1
25 122 1
25 123 1
25 125 1
25 127 1
25 128 1
25 129 1
25 130 1
25 131 1
25 138 1
25 139 1
25 140 1
25 141 1
25 142 1
25 143 1
25 144 1
25 145 1
25 163 1
25 164 1
25 165 1
25 166 1
25 168 1
25 169 1
26 30 1
26 31 1
26 57 1
26 58 1
26 60 1
26 61 1
26 62 1
26 85 1
26 87 1
26 89 1
26 90 1
26 92 1
26 93 1
26 94 1
26 96 1
26 97 1
26 99 1
26 100 1
26 101 1
26 117 1
26 119 1
26 120 1
26 121 1
26 122 1
26 123 1
26 125 1
26 127 1
26 128 1
26 129 1
26 130 1
26 138 1
26 139 1
26 140 1
26 141 1
26 142 1
26 143 1
26 144 1
26 163 1
26 164 1
26 165 1
26 166 1
26 168 1
26 169 1
27 28 1
27 30 1
27 56 1
27 57 1
27 59 1
27 60 1
27 61 1
27 86 1
27 87 1
27 89 1
27 91 1
27 92 1
27 93 1
27 94 1
27 95 1
27 96 1
27 97 1
27 99 1
27 100 1
27 101 1
27 117 1
27 118 1
27 119 1
27 120 1
27 121 1
27 123 1
27 124 1
27 125 1
27 126 1
27 127 1
27 128 1
27 129 1
27 130 1
27 131 1
27 132 1
27 139 1
27 140 1
27 141 1
27 144 1
27 145 1
27 165 1
27 166 1
27 167 1
27 168 1
27 169 1
28 29 1
28 31 1
28 58 1
28 59 1
28 60 1
28 61 1
28 62 1
28 85 1
28 86 1
28 87 1
28 88 1
28 89 1
28 90 1
28 95 1
28 96 1
28 97 1
28 99 1
28 100 1
28 119 1
28 120 1
28 121 1
28 123 1
28 125 1
28 126 1
28 127 1
28 128 1
28 129 1
28 130 1
28 131 1
28 132 1
28 138 1
28 139 1
28 141 1
28 142 1
28 144 1
28 163 1
28 164 1
28 165 1
28 166 1
28 167 1
28 168 1
28 169 1
29 30 1
29 56 1
29 57 1
29 58 1
29 60 1
29 61 1
29 62 1
29 85 1
29 86 1
29 87 1
29 88 1
29 89 1
29 91 1
29 92 1
29 93 1
29 95 1
29 97 1
29 99 1
29 100 1
29 101 1
29 117 1
29 118 1
29 120 1
29 121 1
29 122 1
29 123 1
29 124 1
29 125 1
29 126 1
29 128 1
29 129 1
29 130 1
29 131 1
29 132 1
29 138 1
29 139 1
29 140 1
29 141 1
29 143 1
29 144 1
29 145 1
29 163 1
29 164 1
29 165 1
29 166 1
29 168 1
29 169 1
30 31 1
30 57 1
30 58 1
30 61 1
30 86 1
30 87 1
30 88 1
30 89 1
30 91 1
30 93 1
30 94 1
30 95 1
30 96 1
30 97 1
30 98 1
30 100 1
30 117 1
30 121 1
30 122 1
30 123 1
30 124 1
30 125 1
30 127 1
30 128 1
30 129 1
30 130 1
30 131 1
30 132 1
30 138 1
30 139 1
30 141 1
30 143 1
30 144 1
30 163 1
30 164 1
30 165 1
30 166 1
30 167 1
30 168 1
31 56 1
31 57 1
31 58 1
31 59 1
31 60 1
31 62 1
31 85 1
31 86 1
31 87 1
31 89 1
31 90 1
31 94 1
31 95 1
31 96 1
31 97 1
31 99 1
31 100 1
31 119 1
31 120 1
31 121 1
31 122 1
31 123 1
31 124 1
31 125 1
31 126 1
31 127 1
31 129 1
31 130 1
31 138 1
31 139 1
31 140 1
31 141 1
31 142 1
31 144 1
31 145 1
31 164 1
31 165 1
31 166 1
31 168 1
31 169 1
32 33 1
32 38 1
32 39 1
32 40 1
32 41 1
32 43 1
32 44 1
32 45 1
32 46 1
32 48 1
32 56 1
32 57 1
32 58 1
32 59 1
32 60 1
32 61 1
32 62 1
32 93 1
32 94 1
32 95 1
32 97 1
32 98 1
32 99 1
32 100 1
32 101 1
32 108 1
32 109 1
32 110 1
32 111 1
32 112 1
32 113 1
32 115 1
32 116 1
32 124 1
32 125 1
32 126 1
32 127 1
32 128 1
32 130 1
32 131 1
32 132 1
32 160 1
32 161 1
33 42 1
33 43 1
33 44 1
33 46 1
33 48 1
33 56 1
33 57 1
33 58 1
33 59 1
33 60 1
33 61 1
33 62 1
33 94 1
33 96 1
33 98 1
33 99 1
33 100 1
33 101 1
33 108 1
33 109 1
33 111 1
33 112 1
33 114 1
33 115 1
33 116 1
33 124 1
33 125 1
33 127 1
33 128 1
33 129 1
33 130 1
33 131 1
33 158 1
33 159 1
33 160 1
33 161 1
33 162 1
34 36 1
34 38 1
34 42 1
34 43 1
34 44 1
34 45 1
34 46 1
34 47 1
34 48 1
34 56 1
34 57 1
34 58 1
34 59 1
34 60 1
34 61 1
34 62 1
34 94 1
34 98 1
34 99 1
34 100 1
34 108 1
34 110 1
34 111 1
34 113 1
34 114 1
34 115 1
34 116 1
34 124 1
34 126 1
34 127 1
34 128 1
34 158 1
34 159 1
34 160 1
34 161 1
34 162 1
35 41 1
35 42 1
35 43 1
35 44 1
35 45 1
35 46 1
35 47 1
35 48 1
35 56 1
35 57 1
35 58 1
35 59 1
35 60 1
35 61 1
35 62 1
35 93 1
35 95 1
35 96 1
35 97 1
35 98 1
35 99 1
35 100 1
35 101 1
35 108 1
35 110 1
35 113 1
35 115 1
35 125 1
35 127 1
35 128 1
35 129 1
35 130 1
35 131 1
35 132 1
35 159 1
35 160 1
35 161 1
35 162 1
36 41 1
36 43 1
36 44 1
36 45 1
36 47 1
36 48 1
36 57 1
36 58 1
36 59 1
36 60 1
36 61 1
36 93 1
36 94 1
36 95 1
36 96 1
36 97 1
36 98 1
36 99 1
36 100 1
36 101 1
36 109 1
36 110 1
36 113 1
36 114 1
36 115 1
36 116 1
36 124 1
36 125 1
36 127 1
36 128 1
36 129 1
36 130 1
36 132 1
36 158 1
36 159 1
36 162 1
37 41 1
37 44 1
37 45 1
37 46 1
37 48 1
37 56 1
37 59 1
37 93 1
37 95 1
37 96 1
37 98 1
37 100 1
37 101 1
37 108 1
37 109 1
37 110 1
37 111 1
37 112 1
37 113 1
37 114 1
37 115 1
37 116 1
37 124 1
37 125 1
37 126 1
37 127 1
37 129 1
37 130 1
37 132 1
37 158 1
37 159 1
37 161 1
37 162 1
38 41 1
38 45 1
38 46 1
38 48 1
38 56 1
38 58 1
38 59 1
38 60 1
38 61 1
38 62 1
38 93 1
38 95 1
38 96 1
38 98 1
38 99 1
38 101 1
38 108 1
38 110 1
38 112 1
38 113 1
38 115 1
38 116 1
38 124 1
38 125 1
38 127 1
38 128 1
38 129 1
38 130 1
38 131 1
38 158 1
38 160 1
38 162 1
39 40 1
39 41 1
39 43 1
39 44 1
39 45 1
39 46 1
39 47 1
39 48 1
39 56 1
39 58 1
39 59 1
39 95 1
39 96 1
39 98 1
39 99 1
39 101 1
39 109 1
39 110 1
39 111 1
39 112 1
39 114 1
39 115 1
39 116 1
39 124 1
39 125 1
39 127 1
39 129 1
39 130 1
39 131 1
39 132 1
39 158 1
39 159 1
39 160 1
39 162 1
40 41 1
40 42 1
40 44 1
40 46 1
40 47 1
40 48 1
40 56 1
40 57 1
40 58 1
40 59 1
40 60 1
40 61 1
40 62 1
40 94 1
40 95 1
40 96 1
40 97 1
40 98 1
40 108 1
40 109 1
40 110 1
40 114 1
40 115 1
40 124 1
40 125 1
40 127 1
40 128 1
40 129 1
40 130 1
40 131 1
40 132 1
40 158 1
40 159 1
40 160 1
40 161 1
41 42 1
41 43 1
41 44 1
41 47 1
41 48 1
41 49 1
41 50 1
41 51 1
41 52 1
41 53 1
41 54 1
41 55 1
41 138 1
41 140 1
41 142 1
41 144 1
41 145 1
42 43 1
42 45 1
42 47 1
42 48 1
42 49 1
42 50 1
42 51 1
42 52 1
42 53 1
42 54 1
42 139 1
42 140 1
42 141 1
42 143 1
42 144 1
42 145 1
43 44 1
43 45 1
43 46 1
43 48 1
43 51 1
43 52 1
43 53 1
43 54 1
43 55 1
43 138 1
43 139 1
43 141 1
43 142 1
43 144 1
43 145 1
44 45 1
44 46 1
44 48 1
44 49 1
44 50 1
44 53 1
44 54 1
44 55 1
44 138 1
44 139 1
44 141 1
44 142 1
44 143 1
44 144 1
44 145 1
45 47 1
45 48 1
45 49 1
45 50 1
45 51 1
45 52 1
45 53 1
45 54 1
45 55 1
45 139 1
45 141 1
45 142 1
45 143 1
45 144 1
45 145 1
46 47 1
46 48 1
46 49 1
46 51 1
46 52 1
46 53 1
46 55 1
46 138 1
46 139 1
46 140 1
46 141 1
46 142 1
46 143 1
46 145 1
47 48 1
47 49 1
47 50 1
47 51 1
47 53 1
47 54 1
47 138 1
47 140 1
47 142 1
47 143 1
47 144 1
47 145 1
48 50 1
48 51 1
48 52 1
48 53 1
48 138 1
48 139 1
48 141 1
48 143 1
48 144 1
49 50 1
49 51 1
49 53 1
49 54 1
49 55 1
49 105 1
49 107 1
49 133 1
49 134 1
49 136 1
49 138 1
49 139 1
49 140 1
49 142 1
49 144 1
49 145 1
49 179 1
49 180 1
49 182 1
49 183 1
49 184 1
49 186 1
50 53 1
50 54 1
50 55 1
50 102 1
50 103 1
50 104 1
50 105 1
50 107 1
50 133 1
50 134 1
50 135 1
50 136 1
50 137 1
50 138 1
50 141 1
50 143 1
50 144 1
50 181 1
50 182 1
50 184 1
50 185 1
50 186 1
51 52 1
51 53 1
51 54 1
51 102 1
51 106 1
51 107 1
51 133 1
51 134 1
51 135 1
51 136 1
51 137 1
51 138 1
51 139 1
51 140 1
51 141 1
51 142 1
51 144 1
51 145 1
51 179 1
51 180 1
51 181 1
51 182 1
51 183 1
51 185 1
51 186 1
52 53 1
52 54 1
52 55 1
52 102 1
52 103 1
52 104 1
52 106 1
52 107 1
52 133 1
52 134 1
52 135 1
52 136 1
52 137 1
52 139 1
52 141 1
52 143 1
52 179 1
52 180 1
52 182 1
52 184 1
52 185 1
52 186 1
53 54 1
53 55 1
53 102 1
53 103 1
53 104 1
53 105 1
53 106 1
53 107 1
53 133 1
53 135 1
53 136 1
53 139 1
53 141 1
53 143 1
53 144 1
53 179 1
53 181 1
53 182 1
53 184 1
53 185 1
54 55 1
54 102 1
54 104 1
54 105 1
54 106 1
54 133 1
54 134 1
54 136 1
54 137 1
54 140 1
54 141 1
54 142 1
54 144 1
54 145 1
54 179 1
54 180 1
54 182 1
54 184 1
54 186 1
55 102 1
55 103 1
55 105 1
55 106 1
55 133 1
55 134 1
55 135 1
55 137 1
55 138 1
55 139 1
55 140 1
55 141 1
55 142 1
55 143 1
55 144 1
55 145 1
55 179 1
55 180 1
55 182 1
55 183 1
55 184 1
55 185 1
55 186 1
56 60 1
56 62 1
56 63 1
56 64 1
56 66 1
56 67 1
56 68 1
56 69 1
56 70 1
56 71 1
56 80 1
56 81 1
56 84 1
56 85 1
56 87 1
56 89 1
56 90 1
56 91 1
56 92 1
57 58 1
57 59 1
57 61 1
57 63 1
57 66 1
57 67 1
57 69 1
57 71 1
57 80 1
57 82 1
57 83 1
57 86 1
57 87 1
57 90 1
57 91 1
57 92 1
58 60 1
58 61 1
58 62 1
58 67 1
58 68 1
58 70 1
58 71 1
58 79 1
58 80 1
58 81 1
58 82 1
58 83 1
58 84 1
58 85 1
58 86 1
58 87 1
58 89 1
58 91 1
58 92 1
59 63 1
59 64 1
59 65 1
59 66 1
59 67 1
59 68 1
59 69 1
59 71 1
59 79 1
59 80 1
59 82 1
59 83 1
59 85 1
59 86 1
59 87 1
59 88 1
59 89 1
59 90 1
59 91 1
59 92 1
60 62 1
60 63 1
60 65 1
60 66 1
60 69 1
60 71 1
60 79 1
60 80 1
60 82 1
60 83 1
60 84 1
60 85 1
60 86 1
60 88 1
60 89 1
60 90 1
60 91 1
61 63 1
61 65 1
61 66 1
61 68 1
61 70 1
61 71 1
61 80 1
61 81 1
61 83 1
61 84 1
61 85 1
61 86 1
61 88 1
61 90 1
61 91 1
61 92 1
62 64 1
62 65 1
62 66 1
62 68 1
62 69 1
62 70 1
62 79 1
62 80 1
62 81 1
62 82 1
62 83 1
62 84 1
62 85 1
62 88 1
62 90 1
62 91 1
62 92 1
63 64 1
63 65 1
63 67 1
63 69 1
63 70 1
63 71 1
63 86 1
63 87 1
63 88 1
63 90 1
63 91 1
63 92 1
63 108 1
63 109 1
63 111 1
63 113 1
63 115 1
63 124 1
63 126 1
63 127 1
63 128 1
63 132 1
63 138 1
63 139 1
63 140 1
63 142 1
63 147 1
63 148 1
63 149 1
63 151 1
63 152 1
63 171 1
63 173 1
63 174 1
63 175 1
63 177 1
64 65 1
64 66 1
64 68 1
64 69 1
64 70 1
64 71 1
64 85 1
64 86 1
64 88 1
64 89 1
64 90 1
64 91 1
64 92 1
64 108 1
64 109 1
64 110 1
64 111 1
64 112 1
64 113 1
64 114 1
64 115 1
64 116 1
64 125 1
64 126 1
64 128 1
64 129 1
64 130 1
64 131 1
64 132 1
64 139 1
64 140 1
64 141 1
64 142 1
64 144 1
64 145 1
64 146 1
64 147 1
64 149 1
64 150 1
64 170 1
64 171 1
64 172 1
64 173 1
64 174 1
64 176 1
64 177 1
64 178 1
65 67 1
65 69 1
65 70 1
65 71 1
65 85 1
65 86 1
65 87 1
65 88 1
65 89 1
65 90 1
65 91 1
65 92 1
65 108 1
65 109 1
65 110 1
65 111 1
65 114 1
65 115 1
65 124 1
65 125 1
65 126 1
65 127 1
65 128 1
65 129 1
65 130 1
65 131 1
65 132 1
65 138 1
65 139 1
65 140 1
65 141 1
65 142 1
65 143 1
65 144 1
65 146 1
65 147 1
65 148 1
65 149 1
65 150 1
65 152 1
65 170 1
65 171 1
65 172 1
65 174 1
66 67 1
66 68 1
66 71 1
66 86 1
66 87 1
66 88 1
66 90 1
66 91 1
66 92 1
66 109 1
66 111 1
66 112 1
66 113 1
66 114 1
66 115 1
66 116 1
66 124 1
66 125 1
66 126 1
66 127 1
66 128 1
66 129 1
66 130 1
66 131 1
66 139 1
66 140 1
66 141 1
66 142 1
66 143 1
66 145 1
66 146 1
66 147 1
66 148 1
66 149 1
66 150 1
66 170 1
66 171 1
66 172 1
66 173 1
66 176 1
66 177 1
66 178 1
67 68 1
67 70 1
67 71 1
67 85 1
67 88 1
67 90 1
67 91 1
67 92 1
67 109 1
67 111 1
67 113 1
67 114 1
67 115 1
67 116 1
67 124 1
67 128 1
67 130 1
67 131 1
67 132 1
67 139 1
67 140 1
67 141 1
67 143 1
67 145 1
67 146 1
67 147 1
67 148 1
67 149 1
67 150 1
67 151 1
67 170 1
67 172 1
67 173 1
67 174 1
67 175 1
67 176 1
67 177 1
68 69 1
68 70 1
68 71 1
68 86 1
68 87 1
68 89 1
68 109 1
68 111 1
68 112 1
68 113 1
68 114 1
68 115 1
68 116 1
68 125 1
68 126 1
68 128 1
68 129 1
68 130 1
68 131 1
68 132 1
68 138 1
68 139 1
68 140 1
68 141 1
68 142 1
68 143 1
68 144 1
68 145 1
68 146 1
68 147 1
68 150 1
68 152 1
68 170 1
68 172 1
68 173 1
68 174 1
68 175 1
68 177 1
68 178 1
69 70 1
69 71 1
69 85 1
69 86 1
69 87 1
69 88 1
69 89 1
69 90 1
69 91 1
69 108 1
69 109 1
69 112 1
69 113 1
69 115 1
69 116 1
69 125 1
69 128 1
69 129 1
69 131 1
69 139 1
69 140 1
69 142 1
69 143 1
69 144 1
69 145 1
69 146 1
69 147 1
69 148 1
69 149 1
69 151 1
69 152 1
69 170 1
69 172 1
69 173 1
69 175 1
69 178 1
70 71 1
70 85 1
70 87 1
70 88 1
70 89 1
70 90 1
70 91 1
70 92 1
70 108 1
70 109 1
70 110 1
70 112 1
70 113 1
70 114 1
70 124 1
70 125 1
70 126 1
70 128 1
70 129 1
70 132 1
70 138 1
70 139 1
70 140 1
70 141 1
70 142 1
70 143 1
70 145 1
70 146 1
70 147 1
70 148 1
70 150 1
70 151 1
70 152 1
70 170 1
70 173 1
70 174 1
70 175 1
70 177 1
71 85 1
71 86 1
71 87 1
71 88 1
71 89 1
71 90 1
71 91 1
71 92 1
71 108 1
71 109 1
71 111 1
71 113 1
71 114 1
71 115 1
71 116 1
71 124 1
71 125 1
71 126 1
71 127 1
71 128 1
71 129 1
71 130 1
71 131 1
71 138 1
71 139 1
71 141 1
71 142 1
71 143 1
71 144 1
71 145 1
71 146 1
71 148 1
71 149 1
71 151 1
71 152 1
71 170 1
71 171 1
71 172 1
71 173 1
71 174 1
71 175 1
71 176 1
71 177 1
71 178 1
72 73 1
72 75 1
72 76 1
72 77 1
72 78 1
72 109 1
72 110 1
72 111 1
72 112 1
72 113 1
72 114 1
72 115 1
72 116 1
72 117 1
72 118 1
72 119 1
72 120 1
72 121 1
72 122 1
72 124 1
72 125 1
72 127 1
72 128 1
72 129 1
72 130 1
72 132 1
72 138 1
72 139 1
72 140 1
72 141 1
72 142 1
72 143 1
72 144 1
72 145 1
72 158 1
72 159 1
72 161 1
72 162 1
73 74 1
73 75 1
73 76 1
73 108 1
73 110 1
73 111 1
73 113 1
73 115 1
73 116 1
73 119 1
73 120 1
73 123 1
73 126 1
73 127 1
73 128 1
73 130 1
73 131 1
73 132 1
73 138 1
73 139 1
73 141 1
73 142 1
73 144 1
73 159 1
73 161 1
73 162 1
74 75 1
74 76 1
74 77 1
74 78 1
74 108 1
74 109 1
74 110 1
74 112 1
74 114 1
74 115 1
74 116 1
74 117 1
74 118 1
74 119 1
74 120 1
74 121 1
74 124 1
74 125 1
74 126 1
74 127 1
74 128 1
74 129 1
74 130 1
74 132 1
74 139 1
74 140 1
74 142 1
74 143 1
74 144 1
74 145 1
74 159 1
74 160 1
74 161 1
74 162 1
75 76 1
75 77 1
75 109 1
75 110 1
75 111 1
75 112 1
75 113 1
75 114 1
75 115 1
75 118 1
75 119 1
75 120 1
75 121 1
75 122 1
75 123 1
75 125 1
75 127 1
75 128 1
75 129 1
75 131 1
75 132 1
75 138 1
75 139 1
75 141 1
75 142 1
75 143 1
75 144 1
75 145 1
75 158 1
75 160 1
75 161 1
76 77 1
76 108 1
76 109 1
76 110 1
76 111 1
76 112 1
76 113 1
76 114 1
76 115 1
76 117 1
76 119 1
76 120 1
76 121 1
76 122 1
76 123 1
76 124 1
76 125 1
76 126 1
76 131 1
76 138 1
76 141 1
76 142 1
76 143 1
76 144 1
76 158 1
76 159 1
76 160 1
76 162 1
77 78 1
77 108 1
77 109 1
77 110 1
77 111 1
77 112 1
77 113 1
77 115 1
77 116 1
77 117 1
77 118 1
77 119 1
77 120 1
77 121 1
77 122 1
77 123 1
77 125 1
77 126 1
77 127 1
77 128 1
77 129 1
77 130 1
77 138 1
77 139 1
77 142 1
77 144 1
77 145 1
77 158 1
77 160 1
77 161 1
78 108 1
78 109 1
78 111 1
78 114 1
78 115 1
78 116 1
78 117 1
78 119 1
78 120 1
78 121 1
78 122 1
78 123 1
78 124 1
78 125 1
78 126 1
78 128 1
78 129 1
78 131 1
78 132 1
78 140 1
78 142 1
78 143 1
78 145 1
78 158 1
78 159 1
78 160 1
78 161 1
78 162 1
79 82 1
79 83 1
79 84 1
79 103 1
79 104 1
79 105 1
79 106 1
79 107 1
79 124 1
79 125 1
79 127 1
79 128 1
79 129 1
79 130 1
79 131 1
79 159 1
79 161 1
79 162 1
80 82 1
80 83 1
80 81 1
80 103 1
80 105 1
80 106 1
80 107 1
80 126 1
80 128 1
80 129 1
80 130 1
80 132 1
80 158 1
80 160 1
80 161 1
80 162 1
81 82 1
81 83 1
81 84 1
81 104 1
81 105 1
81 106 1
81 124 1
81 125 1
81 126 1
81 128 1
81 129 1
81 130 1
81 158 1
81 159 1
81 161 1
81 162 1
82 102 1
82 103 1
82 104 1
82 105 1
82 106 1
82 124 1
82 125 1
82 126 1
82 127 1
82 128 1
82 129 1
82 130 1
82 131 1
82 132 1
82 159 1
82 160 1
82 161 1
82 162 1
83 84 1
83 102 1
83 103 1
83 104 1
83 105 1
83 106 1
83 107 1
83 124 1
83 125 1
83 127 1
83 128 1
83 129 1
83 130 1
83 158 1
83 159 1
83 160 1
84 103 1
84 104 1
84 105 1
84 106 1
84 124 1
84 125 1
84 126 1
84 127 1
84 128 1
84 129 1
84 130 1
84 132 1
84 159 1
84 160 1
84 162 1
85 89 1
85 90 1
85 91 1
85 92 1
85 93 1
85 94 1
85 95 1
85 96 1
85 97 1
85 98 1
85 101 1
85 138 1
85 139 1
85 140 1
85 141 1
85 142 1
85 143 1
85 144 1
85 145 1
86 89 1
86 90 1
86 91 1
86 92 1
86 93 1
86 94 1
86 97 1
86 99 1
86 100 1
86 138 1
86 139 1
86 140 1
86 143 1
86 145 1
87 89 1
87 90 1
87 91 1
87 92 1
87 94 1
87 96 1
87 97 1
87 100 1
87 101 1
87 139 1
87 140 1
87 143 1
88 90 1
88 91 1
88 93 1
88 94 1
88 95 1
88 96 1
88 97 1
88 98 1
88 99 1
88 100 1
88 101 1
88 138 1
88 140 1
88 144 1
88 145 1
89 93 1
89 94 1
89 97 1
89 98 1
89 99 1
89 101 1
89 139 1
89 140 1
89 141 1
89 143 1
89 144 1
89 145 1
90 93 1
90 94 1
90 95 1
90 96 1
90 97 1
90 100 1
90 101 1
90 138 1
90 139 1
90 140 1
90 141 1
90 142 1
90 144 1
90 145 1
91 93 1
91 94 1
91 96 1
91 97 1
91 98 1
91 99 1
91 101 1
91 141 1
91 142 1
92 94 1
92 95 1
92 96 1
92 97 1
92 98 1
92 99 1
92 100 1
92 101 1
92 138 1
92 140 1
92 141 1
92 142 1
92 143 1
92 144 1
93 97 1
93 98 1
93 99 1
93 101 1
93 96 1
93 102 1
93 103 1
93 104 1
93 106 1
93 146 1
93 147 1
93 149 1
93 151 1
93 152 1
93 170 1
93 171 1
93 172 1
93 173 1
93 174 1
93 175 1
93 176 1
93 177 1
94 99 1
94 100 1
94 96 1
94 102 1
94 103 1
94 106 1
94 107 1
94 146 1
94 147 1
94 148 1
94 149 1
94 151 1
94 152 1
94 170 1
94 171 1
94 172 1
94 173 1
94 174 1
94 175 1
94 176 1
94 177 1
94 178 1
95 97 1
95 98 1
95 100 1
95 96 1
95 102 1
95 104 1
95 105 1
95 106 1
95 107 1
95 147 1
95 148 1
95 149 1
95 150 1
95 151 1
95 152 1
95 170 1
95 172 1
95 173 1
95 174 1
95 175 1
95 176 1
95 177 1
95 178 1
96 97 1
96 98 1
96 99 1
96 103 1
96 105 1
96 106 1
96 147 1
96 149 1
96 150 1
96 151 1
96 152 1
96 171 1
96 173 1
96 174 1
96 176 1
96 177 1
96 178 1
97 100 1
97 102 1
97 103 1
97 104 1
97 105 1
97 107 1
97 148 1
97 149 1
97 150 1
97 151 1
97 170 1
97 171 1
97 175 1
97 176 1
97 177 1
98 102 1
98 104 1
98 105 1
98 106 1
98 107 1
98 148 1
98 150 1
98 151 1
98 152 1
98 170 1
98 171 1
98 173 1
98 174 1
98 175 1
98 176 1
98 177 1
98 178 1
99 102 1
99 103 1
99 105 1
99 106 1
99 107 1
99 146 1
99 147 1
99 150 1
99 151 1
99 152 1
99 170 1
99 171 1
99 172 1
99 173 1
99 174 1
99 175 1
99 176 1
99 178 1
100 101 1
100 104 1
100 105 1
100 106 1
100 146 1
100 147 1
100 149 1
100 150 1
100 151 1
100 152 1
100 171 1
100 172 1
100 173 1
100 175 1
100 176 1
100 178 1
101 102 1
101 103 1
101 104 1
101 107 1
101 147 1
101 149 1
101 150 1
101 151 1
101 152 1
101 170 1
101 171 1
101 172 1
101 173 1
101 174 1
101 175 1
101 177 1
101 178 1
102 105 1
102 106 1
102 103 1
102 104 1
102 158 1
102 159 1
102 161 1
102 162 1
103 105 1
103 106 1
103 107 1
103 159 1
103 160 1
103 161 1
103 162 1
104 106 1
104 158 1
104 159 1
104 160 1
104 161 1
104 162 1
105 158 1
105 159 1
105 160 1
106 107 1
106 158 1
106 159 1
106 160 1
106 162 1
107 161 1
108 112 1
108 113 1
108 114 1
108 115 1
108 116 1
108 146 1
108 147 1
108 149 1
108 150 1
108 151 1
108 179 1
108 180 1
108 183 1
108 184 1
108 185 1
108 186 1
109 112 1
109 113 1
109 114 1
109 116 1
109 146 1
109 149 1
109 151 1
109 179 1
109 180 1
109 183 1
109 184 1
109 186 1
110 112 1
110 113 1
110 114 1
110 115 1
110 116 1
110 146 1
110 149 1
110 150 1
110 151 1
110 152 1
110 179 1
110 180 1
110 181 1
110 182 1
110 183 1
110 184 1
110 185 1
110 186 1
111 112 1
111 113 1
111 114 1
111 115 1
111 116 1
111 146 1
111 149 1
111 150 1
111 151 1
111 180 1
111 182 1
111 183 1
111 184 1
112 114 1
112 146 1
112 147 1
112 148 1
112 149 1
112 150 1
112 151 1
112 152 1
112 179 1
112 180 1
112 181 1
112 182 1
112 184 1
112 185 1
113 115 1
113 146 1
113 147 1
113 148 1
113 149 1
113 150 1
113 151 1
113 179 1
113 181 1
113 182 1
113 183 1
113 184 1
113 185 1
113 186 1
114 116 1
114 146 1
114 147 1
114 148 1
114 149 1
114 150 1
114 151 1
114 152 1
114 181 1
114 182 1
114 183 1
114 184 1
114 185 1
115 146 1
115 147 1
115 148 1
115 149 1
115 150 1
115 152 1
115 179 1
115 180 1
115 181 1
115 182 1
115 183 1
115 185 1
115 186 1
116 146 1
116 147 1
116 148 1
116 151 1
116 152 1
116 179 1
116 180 1
116 182 1
116 183 1
116 184 1
116 185 1
116 186 1
117 118 1
117 146 1
117 147 1
117 148 1
117 149 1
117 151 1
117 152 1
117 171 1
117 172 1
117 173 1
117 174 1
117 175 1
117 176 1
117 178 1
118 119 1
118 122 1
118 148 1
118 149 1
118 150 1
118 152 1
118 171 1
118 174 1
118 175 1
118 176 1
118 177 1
119 150 1
119 151 1
119 152 1
119 170 1
119 171 1
119 172 1
119 173 1
119 174 1
119 175 1
119 176 1
120 121 1
120 146 1
120 147 1
120 148 1
120 149 1
120 150 1
120 152 1
120 170 1
120 171 1
120 172 1
120 173 1
120 174 1
120 175 1
120 176 1
120 177 1
120 178 1
121 146 1
121 147 1
121 148 1
121 150 1
121 151 1
121 152 1
121 173 1
121 174 1
121 175 1
121 176 1
122 123 1
122 146 1
122 147 1
122 148 1
122 149 1
122 150 1
122 151 1
122 170 1
122 172 1
122 174 1
122 175 1
122 176 1
122 177 1
123 146 1
123 147 1
123 148 1
123 150 1
123 151 1
123 152 1
123 170 1
123 171 1
123 172 1
123 173 1
123 174 1
123 176 1
123 177 1
123 178 1
124 125 1
124 126 1
124 128 1
124 129 1
124 132 1
124 153 1
124 154 1
124 156 1
124 157 1
125 126 1
125 130 1
125 154 1
125 155 1
125 156 1
125 157 1
126 127 1
126 128 1
126 153 1
126 154 1
126 155 1
126 156 1
126 157 1
127 128 1
127 129 1
127 153 1
127 154 1
127 156 1
127 157 1
128 129 1
128 130 1
128 153 1
128 154 1
128 155 1
128 157 1
129 153 1
129 155 1
129 156 1
130 131 1
130 132 1
130 153 1
130 154 1
130 156 1
131 153 1
131 154 1
131 157 1
132 153 1
132 154 1
132 155 1
132 156 1
133 136 1
133 137 1
133 146 1
133 147 1
133 148 1
133 149 1
133 150 1
133 155 1
133 156 1
133 170 1
133 171 1
133 172 1
133 174 1
133 175 1
133 176 1
133 177 1
133 178 1
133 179 1
133 182 1
133 183 1
133 184 1
133 185 1
134 135 1
134 137 1
134 146 1
134 148 1
134 149 1
134 150 1
134 151 1
134 153 1
134 154 1
134 156 1
134 157 1
134 170 1
134 171 1
134 172 1
134 173 1
134 174 1
134 177 1
134 178 1
134 179 1
134 182 1
134 183 1
134 184 1
134 186 1
135 136 1
135 147 1
135 148 1
135 150 1
135 151 1
135 152 1
135 153 1
135 155 1
135 156 1
135 157 1
135 170 1
135 171 1
135 172 1
135 173 1
135 174 1
135 177 1
135 178 1
135 179 1
135 180 1
135 181 1
135 182 1
135 183 1
135 184 1
135 185 1
136 146 1
136 148 1
136 149 1
136 150 1
136 151 1
136 152 1
136 153 1
136 154 1
136 155 1
136 157 1
136 170 1
136 171 1
136 173 1
136 174 1
136 175 1
136 177 1
136 178 1
136 179 1
136 180 1
136 181 1
136 182 1
136 183 1
136 184 1
136 185 1
136 186 1
137 146 1
137 147 1
137 148 1
137 151 1
137 152 1
137 154 1
137 155 1
137 156 1
137 170 1
137 171 1
137 172 1
137 173 1
137 174 1
137 176 1
137 177 1
137 178 1
137 179 1
137 180 1
137 181 1
137 182 1
137 183 1
137 185 1
137 186 1
138 139 1
138 142 1
138 145 1
138 146 1
138 147 1
138 148 1
138 150 1
138 151 1
138 152 1
139 147 1
139 148 1
139 151 1
139 152 1
140 141 1
140 146 1
140 147 1
140 148 1
140 149 1
140 151 1
141 142 1
141 146 1
141 147 1
141 148 1
141 149 1
141 150 1
141 151 1
141 152 1
142 143 1
142 144 1
142 146 1
142 147 1
142 149 1
142 150 1
142 151 1
142 152 1
143 144 1
143 145 1
143 147 1
143 148 1
143 149 1
143 150 1
143 152 1
144 145 1
144 146 1
144 147 1
144 148 1
144 149 1
144 150 1
144 151 1
144 152 1
145 147 1
145 148 1
145 151 1
145 152 1
146 147 1
146 149 1
146 151 1
146 179 1
146 180 1
146 184 1
146 185 1
146 186 1
147 148 1
147 151 1
147 152 1
147 180 1
147 181 1
147 182 1
147 183 1
147 185 1
147 186 1
148 149 1
148 150 1
148 179 1
148 180 1
148 181 1
148 182 1
148 184 1
148 185 1
149 179 1
149 180 1
149 181 1
149 182 1
149 183 1
149 184 1
149 185 1
149 186 1
150 151 1
150 179 1
150 180 1
150 181 1
150 182 1
150 183 1
150 184 1
150 186 1
151 152 1
151 179 1
151 180 1
151 181 1
151 182 1
151 183 1
151 184 1
151 185 1
152 180 1
152 182 1
152 183 1
152 184 1
153 154 1
153 156 1
153 165 1
153 166 1
153 168 1
153 169 1
153 170 1
153 171 1
153 172 1
153 173 1
153 174 1
153 176 1
153 177 1
154 155 1
154 157 1
154 164 1
154 165 1
154 167 1
154 168 1
154 170 1
154 171 1
154 172 1
154 173 1
154 176 1
154 177 1
154 178 1
155 164 1
155 165 1
155 166 1
155 167 1
155 168 1
155 169 1
155 170 1
155 171 1
155 172 1
155 174 1
155 175 1
155 176 1
155 177 1
155 178 1
156 157 1
156 163 1
156 164 1
156 165 1
156 170 1
156 171 1
156 172 1
156 173 1
156 174 1
156 177 1
157 163 1
157 164 1
157 165 1
157 166 1
157 167 1
157 168 1
157 169 1
157 170 1
157 171 1
157 172 1
157 173 1
157 174 1
157 177 1
157 178 1
158 161 1
158 163 1
158 164 1
158 165 1
158 166 1
158 167 1
158 168 1
158 169 1
158 170 1
158 171 1
158 172 1
158 173 1
158 175 1
158 176 1
158 177 1
158 178 1
159 161 1
159 162 1
159 164 1
159 167 1
159 168 1
159 169 1
159 170 1
159 171 1
159 172 1
159 173 1
159 176 1
159 177 1
159 178 1
160 161 1
160 162 1
160 163 1
160 165 1
160 166 1
160 167 1
160 169 1
160 170 1
160 172 1
160 173 1
160 174 1
160 175 1
160 176 1
160 177 1
160 178 1
161 163 1
161 164 1
161 165 1
161 166 1
161 168 1
161 169 1
161 170 1
161 171 1
161 172 1
161 173 1
161 174 1
161 175 1
161 176 1
161 177 1
162 163 1
162 165 1
162 167 1
162 168 1
162 169 1
162 170 1
162 171 1
162 172 1
162 173 1
162 174 1
162 178 1
163 168 1
164 165 1
164 167 1
164 169 1
165 167 1
165 168 1
166 167 1
168 169 1
170 176 1
170 178 1
170 179 1
170 180 1
170 184 1
170 185 1
170 186 1
171 172 1
171 174 1
171 183 1
171 184 1
171 186 1
172 179 1
172 180 1
172 181 1
172 182 1
172 183 1
172 184 1
172 185 1
173 176 1
173 180 1
173 181 1
173 182 1
173 184 1
173 185 1
174 176 1
174 181 1
174 182 1
174 183 1
174 184 1
174 186 1
175 176 1
175 179 1
175 181 1
175 183 1
175 184 1
175 186 1
176 177 1
176 179 1
176 181 1
176 183 1
176 184 1
176 185 1
176 186 1
177 178 1
177 179 1
177 180 1
177 186 1
178 182 1
178 186 1
179 184 1
180 181 1
181 182 1
181 183 1
183 186 1
184 186 1
