1 2 1
1 3 1
1 4 1
1 5 1
1 24 1
1 25 1
1 26 1
1 27 1
1 28 1
1 29 1
1 30 1
1 31 1
1 115 1
1 116 1
1 117 1
1 118 1
1 119 1
1 120 1
1 127 1
1 128 1
1 129 1
1 130 1
1 131 1
1 132 1
1 133 1
1 134 1
1 135 1
1 136 1
1 137 1
1 138 1
1 139 1
1 140 1
2 3 1
2 5 1
2 24 1
2 25 1
2 26 1
2 27 1
2 28 1
2 29 1
2 30 1
2 31 1
2 115 1
2 116 1
2 117 1
2 118 1
2 119 1
2 120 1
2 127 1
2 128 1
2 129 1
2 130 1
2 131 1
2 132 1
2 133 1
2 134 1
2 135 1
2 136 1
2 137 1
2 138 1
2 139 1
2 140 1
3 5 1
3 24 1
3 25 1
3 26 1
3 27 1
3 28 1
3 29 1
3 30 1
3 31 1
3 115 1
3 116 1
3 117 1
3 118 1
3 119 1
3 120 1
3 127 1
3 128 1
3 129 1
3 130 1
3 131 1
3 132 1
3 133 1
3 134 1
3 135 1
3 136 1
3 137 1
3 138 1
3 139 1
3 140 1
4 24 1
4 25 1
4 26 1
4 27 1
4 28 1
4 29 1
4 30 1
4 31 1
4 115 1
4 116 1
4 117 1
4 118 1
4 119 1
4 120 1
4 127 1
4 128 1
4 129 1
4 130 1
4 131 1
4 132 1
4 133 1
4 134 1
4 135 1
4 136 1
4 137 1
4 138 1
4 139 1
4 140 1
5 24 1
5 25 1
5 26 1
5 27 1
5 28 1
5 29 1
5 30 1
5 31 1
5 115 1
5 116 1
5 117 1
5 118 1
5 119 1
5 120 1
5 127 1
5 128 1
5 129 1
5 130 1
5 131 1
5 132 1
5 133 1
5 134 1
5 135 1
5 136 1
5 137 1
5 138 1
5 139 1
5 140 1
6 9 1
6 10 1
6 16 1
6 17 1
6 18 1
6 19 1
6 20 1
6 21 1
6 22 1
6 23 1
6 50 1
6 51 1
6 52 1
6 53 1
6 54 1
6 55 1
6 56 1
6 57 1
6 58 1
6 64 1
6 65 1
6 66 1
6 67 1
6 68 1
6 69 1
6 70 1
6 71 1
6 100 1
6 101 1
6 102 1
6 103 1
6 104 1
6 105 1
6 106 1
6 107 1
6 108 1
6 109 1
6 110 1
6 111 1
6 112 1
6 113 1
6 114 1
6 141 1
6 142 1
6 143 1
6 144 1
6 145 1
6 146 1
6 147 1
6 148 1
6 149 1
6 150 1
6 151 1
6 152 1
6 153 1
6 154 1
6 155 1
6 156 1
6 157 1
6 158 1
6 159 1
6 160 1
6 161 1
6 162 1
6 163 1
6 164 1
7 16 1
7 17 1
7 18 1
7 19 1
7 20 1
7 21 1
7 22 1
7 23 1
7 50 1
7 51 1
7 52 1
7 53 1
7 54 1
7 55 1
7 56 1
7 57 1
7 58 1
7 64 1
7 65 1
7 66 1
7 67 1
7 68 1
7 69 1
7 70 1
7 71 1
7 100 1
7 101 1
7 102 1
7 103 1
7 104 1
7 105 1
7 106 1
7 107 1
7 108 1
7 109 1
7 110 1
7 111 1
7 112 1
7 113 1
7 114 1
7 141 1
7 142 1
7 143 1
7 144 1
7 145 1
7 146 1
7 147 1
7 148 1
7 149 1
7 150 1
7 151 1
7 152 1
7 153 1
7 154 1
7 155 1
7 156 1
7 157 1
7 158 1
7 159 1
7 160 1
7 161 1
7 162 1
7 163 1
7 164 1
8 16 1
8 17 1
8 18 1
8 19 1
8 20 1
8 21 1
8 22 1
8 23 1
8 50 1
8 51 1
8 52 1
8 53 1
8 54 1
8 55 1
8 56 1
8 57 1
8 58 1
8 64 1
8 65 1
8 66 1
8 67 1
8 68 1
8 69 1
8 70 1
8 71 1
8 100 1
8 101 1
8 102 1
8 103 1
8 104 1
8 105 1
8 106 1
8 107 1
8 108 1
8 109 1
8 110 1
8 111 1
8 112 1
8 113 1
8 114 1
8 141 1
8 142 1
8 143 1
8 144 1
8 145 1
8 146 1
8 147 1
8 148 1
8 149 1
8 150 1
8 151 1
8 152 1
8 153 1
8 154 1
8 155 1
8 156 1
8 157 1
8 158 1
8 159 1
8 160 1
8 161 1
8 162 1
8 163 1
8 164 1
9 10 1
9 16 1
9 17 1
9 18 1
9 19 1
9 20 1
9 21 1
9 22 1
9 23 1
9 50 1
9 51 1
9 52 1
9 53 1
9 54 1
9 55 1
9 56 1
9 57 1
9 58 1
9 64 1
9 65 1
9 66 1
9 67 1
9 68 1
9 69 1
9 70 1
9 71 1
9 100 1
9 101 1
9 102 1
9 103 1
9 104 1
9 105 1
9 106 1
9 107 1
9 108 1
9 109 1
9 110 1
9 111 1
9 112 1
9 113 1
9 114 1
9 141 1
9 142 1
9 143 1
9 144 1
9 145 1
9 146 1
9 147 1
9 148 1
9 149 1
9 150 1
9 151 1
9 152 1
9 153 1
9 154 1
9 155 1
9 156 1
9 157 1
9 158 1
9 159 1
9 160 1
9 161 1
9 162 1
9 163 1
9 164 1
10 16 1
10 17 1
10 18 1
10 19 1
10 20 1
10 21 1
10 22 1
10 23 1
10 50 1
10 51 1
10 52 1
10 53 1
10 54 1
10 55 1
10 56 1
10 57 1
10 58 1
10 64 1
10 65 1
10 66 1
10 67 1
10 68 1
10 69 1
10 70 1
10 71 1
10 100 1
10 101 1
10 102 1
10 103 1
10 104 1
10 105 1
10 106 1
10 107 1
10 108 1
10 109 1
10 110 1
10 111 1
10 112 1
10 113 1
10 114 1
10 141 1
10 142 1
10 143 1
10 144 1
10 145 1
10 146 1
10 147 1
10 148 1
10 149 1
10 150 1
10 151 1
10 152 1
10 153 1
10 154 1
10 155 1
10 156 1
10 157 1
10 158 1
10 159 1
10 160 1
10 161 1
10 162 1
10 163 1
10 164 1
11 12 1
11 13 1
11 14 1
11 15 1
11 32 1
11 33 1
11 34 1
11 35 1
11 36 1
11 37 1
11 38 1
11 39 1
11 40 1
11 84 1
11 85 1
11 86 1
11 87 1
11 88 1
11 89 1
11 90 1
11 100 1
11 101 1
11 102 1
11 103 1
11 104 1
11 105 1
11 106 1
11 107 1
11 115 1
11 116 1
11 117 1
11 118 1
11 119 1
11 120 1
11 121 1
11 122 1
11 123 1
11 124 1
11 125 1
11 126 1
11 127 1
11 128 1
11 129 1
11 130 1
11 131 1
11 149 1
11 150 1
11 151 1
11 152 1
11 153 1
11 154 1
11 155 1
11 156 1
11 157 1
11 165 1
11 166 1
11 167 1
11 168 1
11 169 1
11 170 1
11 171 1
12 32 1
12 33 1
12 34 1
12 35 1
12 36 1
12 37 1
12 38 1
12 39 1
12 40 1
12 84 1
12 85 1
12 86 1
12 87 1
12 88 1
12 89 1
12 90 1
12 100 1
12 101 1
12 102 1
12 103 1
12 104 1
12 105 1
12 106 1
12 107 1
12 115 1
12 116 1
12 117 1
12 118 1
12 119 1
12 120 1
12 121 1
12 122 1
12 123 1
12 124 1
12 125 1
12 126 1
12 127 1
12 128 1
12 129 1
12 130 1
12 131 1
12 149 1
12 150 1
12 151 1
12 152 1
12 153 1
12 154 1
12 155 1
12 156 1
12 157 1
12 165 1
12 166 1
12 167 1
12 168 1
12 169 1
12 170 1
12 171 1
13 32 1
13 33 1
13 34 1
13 35 1
13 36 1
13 37 1
13 38 1
13 39 1
13 40 1
13 84 1
13 85 1
13 86 1
13 87 1
13 88 1
13 89 1
13 90 1
13 100 1
13 101 1
13 102 1
13 103 1
13 104 1
13 105 1
13 106 1
13 107 1
13 115 1
13 116 1
13 117 1
13 118 1
13 119 1
13 120 1
13 121 1
13 122 1
13 123 1
13 124 1
13 125 1
13 126 1
13 127 1
13 128 1
13 129 1
13 130 1
13 131 1
13 149 1
13 150 1
13 151 1
13 152 1
13 153 1
13 154 1
13 155 1
13 156 1
13 157 1
13 165 1
13 166 1
13 167 1
13 168 1
13 169 1
13 170 1
13 171 1
14 15 1
14 32 1
14 33 1
14 34 1
14 35 1
14 36 1
14 37 1
14 38 1
14 39 1
14 40 1
14 84 1
14 85 1
14 86 1
14 87 1
14 88 1
14 89 1
14 90 1
14 100 1
14 101 1
14 102 1
14 103 1
14 104 1
14 105 1
14 106 1
14 107 1
14 115 1
14 116 1
14 117 1
14 118 1
14 119 1
14 120 1
14 121 1
14 122 1
14 123 1
14 124 1
14 125 1
14 126 1
14 127 1
14 128 1
14 129 1
14 130 1
14 131 1
14 149 1
14 150 1
14 151 1
14 152 1
14 153 1
14 154 1
14 155 1
14 156 1
14 157 1
14 165 1
14 166 1
14 167 1
14 168 1
14 169 1
14 170 1
14 171 1
15 32 1
15 33 1
15 34 1
15 35 1
15 36 1
15 37 1
15 38 1
15 39 1
15 40 1
15 84 1
15 85 1
15 86 1
15 87 1
15 88 1
15 89 1
15 90 1
15 100 1
15 101 1
15 102 1
15 103 1
15 104 1
15 105 1
15 106 1
15 107 1
15 115 1
15 116 1
15 117 1
15 118 1
15 119 1
15 120 1
15 121 1
15 122 1
15 123 1
15 124 1
15 125 1
15 126 1
15 127 1
15 128 1
15 129 1
15 130 1
15 131 1
15 149 1
15 150 1
15 151 1
15 152 1
15 153 1
15 154 1
15 155 1
15 156 1
15 157 1
15 165 1
15 166 1
15 167 1
15 168 1
15 169 1
15 170 1
15 171 1
16 17 1
16 18 1
16 19 1
16 20 1
16 21 1
16 23 1
16 91 1
16 92 1
16 93 1
16 94 1
16 95 1
16 96 1
16 97 1
16 98 1
16 99 1
16 108 1
16 109 1
16 110 1
16 111 1
16 112 1
16 113 1
16 114 1
16 121 1
16 122 1
16 123 1
16 124 1
16 125 1
16 126 1
16 158 1
16 159 1
16 160 1
16 161 1
16 162 1
16 163 1
16 164 1
17 21 1
17 22 1
17 91 1
17 92 1
17 93 1
17 94 1
17 95 1
17 96 1
17 97 1
17 98 1
17 99 1
17 108 1
17 109 1
17 110 1
17 111 1
17 112 1
17 113 1
17 114 1
17 121 1
17 122 1
17 123 1
17 124 1
17 125 1
17 126 1
17 158 1
17 159 1
17 160 1
17 161 1
17 162 1
17 163 1
17 164 1
18 20 1
18 21 1
18 91 1
18 92 1
18 93 1
18 94 1
18 95 1
18 96 1
18 97 1
18 98 1
18 99 1
18 108 1
18 109 1
18 110 1
18 111 1
18 112 1
18 113 1
18 114 1
18 121 1
18 122 1
18 123 1
18 124 1
18 125 1
18 126 1
18 158 1
18 159 1
18 160 1
18 161 1
18 162 1
18 163 1
18 164 1
19 20 1
19 22 1
19 91 1
19 92 1
19 93 1
19 94 1
19 95 1
19 96 1
19 97 1
19 98 1
19 99 1
19 108 1
19 109 1
19 110 1
19 111 1
19 112 1
19 113 1
19 114 1
19 121 1
19 122 1
19 123 1
19 124 1
19 125 1
19 126 1
19 158 1
19 159 1
19 160 1
19 161 1
19 162 1
19 163 1
19 164 1
20 23 1
20 91 1
20 92 1
20 93 1
20 94 1
20 95 1
20 96 1
20 97 1
20 98 1
20 99 1
20 108 1
20 109 1
20 110 1
20 111 1
20 112 1
20 113 1
20 114 1
20 121 1
20 122 1
20 123 1
20 124 1
20 125 1
20 126 1
20 158 1
20 159 1
20 160 1
20 161 1
20 162 1
20 163 1
20 164 1
21 91 1
21 92 1
21 93 1
21 94 1
21 95 1
21 96 1
21 97 1
21 98 1
21 99 1
21 108 1
21 109 1
21 110 1
21 111 1
21 112 1
21 113 1
21 114 1
21 121 1
21 122 1
21 123 1
21 124 1
21 125 1
21 126 1
21 158 1
21 159 1
21 160 1
21 161 1
21 162 1
21 163 1
21 164 1
22 23 1
22 91 1
22 92 1
22 93 1
22 94 1
22 95 1
22 96 1
22 97 1
22 98 1
22 99 1
22 108 1
22 109 1
22 110 1
22 111 1
22 112 1
22 113 1
22 114 1
22 121 1
22 122 1
22 123 1
22 124 1
22 125 1
22 126 1
22 158 1
22 159 1
22 160 1
22 161 1
22 162 1
22 163 1
22 164 1
23 91 1
23 92 1
23 93 1
23 94 1
23 95 1
23 96 1
23 97 1
23 98 1
23 99 1
23 108 1
23 109 1
23 110 1
23 111 1
23 112 1
23 113 1
23 114 1
23 121 1
23 122 1
23 123 1
23 124 1
23 125 1
23 126 1
23 158 1
23 159 1
23 160 1
23 161 1
23 162 1
23 163 1
23 164 1
24 25 1
24 26 1
24 28 1
24 29 1
24 30 1
24 31 1
24 32 1
24 33 1
24 34 1
24 35 1
24 36 1
24 37 1
24 38 1
24 39 1
24 40 1
24 84 1
24 85 1
24 86 1
24 87 1
24 88 1
24 89 1
24 90 1
24 132 1
24 133 1
24 134 1
24 135 1
24 136 1
24 137 1
24 138 1
24 139 1
24 140 1
24 149 1
24 150 1
24 151 1
24 152 1
24 153 1
24 154 1
24 155 1
24 156 1
24 157 1
24 158 1
24 159 1
24 160 1
24 161 1
24 162 1
24 163 1
24 164 1
25 28 1
25 30 1
25 32 1
25 33 1
25 34 1
25 35 1
25 36 1
25 37 1
25 38 1
25 39 1
25 40 1
25 84 1
25 85 1
25 86 1
25 87 1
25 88 1
25 89 1
25 90 1
25 132 1
25 133 1
25 134 1
25 135 1
25 136 1
25 137 1
25 138 1
25 139 1
25 140 1
25 149 1
25 150 1
25 151 1
25 152 1
25 153 1
25 154 1
25 155 1
25 156 1
25 157 1
25 158 1
25 159 1
25 160 1
25 161 1
25 162 1
25 163 1
25 164 1
26 27 1
26 31 1
26 32 1
26 33 1
26 34 1
26 35 1
26 36 1
26 37 1
26 38 1
26 39 1
26 40 1
26 84 1
26 85 1
26 86 1
26 87 1
26 88 1
26 89 1
26 90 1
26 132 1
26 133 1
26 134 1
26 135 1
26 136 1
26 137 1
26 138 1
26 139 1
26 140 1
26 149 1
26 150 1
26 151 1
26 152 1
26 153 1
26 154 1
26 155 1
26 156 1
26 157 1
26 158 1
26 159 1
26 160 1
26 161 1
26 162 1
26 163 1
26 164 1
27 31 1
27 32 1
27 33 1
27 34 1
27 35 1
27 36 1
27 37 1
27 38 1
27 39 1
27 40 1
27 84 1
27 85 1
27 86 1
27 87 1
27 88 1
27 89 1
27 90 1
27 132 1
27 133 1
27 134 1
27 135 1
27 136 1
27 137 1
27 138 1
27 139 1
27 140 1
27 149 1
27 150 1
27 151 1
27 152 1
27 153 1
27 154 1
27 155 1
27 156 1
27 157 1
27 158 1
27 159 1
27 160 1
27 161 1
27 162 1
27 163 1
27 164 1
28 29 1
28 30 1
28 32 1
28 33 1
28 34 1
28 35 1
28 36 1
28 37 1
28 38 1
28 39 1
28 40 1
28 84 1
28 85 1
28 86 1
28 87 1
28 88 1
28 89 1
28 90 1
28 132 1
28 133 1
28 134 1
28 135 1
28 136 1
28 137 1
28 138 1
28 139 1
28 140 1
28 149 1
28 150 1
28 151 1
28 152 1
28 153 1
28 154 1
28 155 1
28 156 1
28 157 1
28 158 1
28 159 1
28 160 1
28 161 1
28 162 1
28 163 1
28 164 1
29 31 1
29 32 1
29 33 1
29 34 1
29 35 1
29 36 1
29 37 1
29 38 1
29 39 1
29 40 1
29 84 1
29 85 1
29 86 1
29 87 1
29 88 1
29 89 1
29 90 1
29 132 1
29 133 1
29 134 1
29 135 1
29 136 1
29 137 1
29 138 1
29 139 1
29 140 1
29 149 1
29 150 1
29 151 1
29 152 1
29 153 1
29 154 1
29 155 1
29 156 1
29 157 1
29 158 1
29 159 1
29 160 1
29 161 1
29 162 1
29 163 1
29 164 1
30 32 1
30 33 1
30 34 1
30 35 1
30 36 1
30 37 1
30 38 1
30 39 1
30 40 1
30 84 1
30 85 1
30 86 1
30 87 1
30 88 1
30 89 1
30 90 1
30 132 1
30 133 1
30 134 1
30 135 1
30 136 1
30 137 1
30 138 1
30 139 1
30 140 1
30 149 1
30 150 1
30 151 1
30 152 1
30 153 1
30 154 1
30 155 1
30 156 1
30 157 1
30 158 1
30 159 1
30 160 1
30 161 1
30 162 1
30 163 1
30 164 1
31 32 1
31 33 1
31 34 1
31 35 1
31 36 1
31 37 1
31 38 1
31 39 1
31 40 1
31 84 1
31 85 1
31 86 1
31 87 1
31 88 1
31 89 1
31 90 1
31 132 1
31 133 1
31 134 1
31 135 1
31 136 1
31 137 1
31 138 1
31 139 1
31 140 1
31 149 1
31 150 1
31 151 1
31 152 1
31 153 1
31 154 1
31 155 1
31 156 1
31 157 1
31 158 1
31 159 1
31 160 1
31 161 1
31 162 1
31 163 1
31 164 1
32 33 1
32 34 1
32 35 1
32 36 1
32 37 1
32 38 1
32 40 1
32 91 1
32 92 1
32 93 1
32 94 1
32 95 1
32 96 1
32 97 1
32 98 1
32 99 1
32 108 1
32 109 1
32 110 1
32 111 1
32 112 1
32 113 1
32 114 1
32 132 1
32 133 1
32 134 1
32 135 1
32 136 1
32 137 1
32 138 1
32 139 1
32 140 1
32 172 1
32 173 1
32 174 1
32 175 1
32 176 1
32 177 1
32 178 1
33 35 1
33 36 1
33 37 1
33 39 1
33 40 1
33 91 1
33 92 1
33 93 1
33 94 1
33 95 1
33 96 1
33 97 1
33 98 1
33 99 1
33 108 1
33 109 1
33 110 1
33 111 1
33 112 1
33 113 1
33 114 1
33 132 1
33 133 1
33 134 1
33 135 1
33 136 1
33 137 1
33 138 1
33 139 1
33 140 1
33 172 1
33 173 1
33 174 1
33 175 1
33 176 1
33 177 1
33 178 1
34 35 1
34 36 1
34 37 1
34 38 1
34 91 1
34 92 1
34 93 1
34 94 1
34 95 1
34 96 1
34 97 1
34 98 1
34 99 1
34 108 1
34 109 1
34 110 1
34 111 1
34 112 1
34 113 1
34 114 1
34 132 1
34 133 1
34 134 1
34 135 1
34 136 1
34 137 1
34 138 1
34 139 1
34 140 1
34 172 1
34 173 1
34 174 1
34 175 1
34 176 1
34 177 1
34 178 1
35 36 1
35 37 1
35 38 1
35 40 1
35 91 1
35 92 1
35 93 1
35 94 1
35 95 1
35 96 1
35 97 1
35 98 1
35 99 1
35 108 1
35 109 1
35 110 1
35 111 1
35 112 1
35 113 1
35 114 1
35 132 1
35 133 1
35 134 1
35 135 1
35 136 1
35 137 1
35 138 1
35 139 1
35 140 1
35 172 1
35 173 1
35 174 1
35 175 1
35 176 1
35 177 1
35 178 1
36 37 1
36 39 1
36 40 1
36 91 1
36 92 1
36 93 1
36 94 1
36 95 1
36 96 1
36 97 1
36 98 1
36 99 1
36 108 1
36 109 1
36 110 1
36 111 1
36 112 1
36 113 1
36 114 1
36 132 1
36 133 1
36 134 1
36 135 1
36 136 1
36 137 1
36 138 1
36 139 1
36 140 1
36 172 1
36 173 1
36 174 1
36 175 1
36 176 1
36 177 1
36 178 1
37 39 1
37 40 1
37 91 1
37 92 1
37 93 1
37 94 1
37 95 1
37 96 1
37 97 1
37 98 1
37 99 1
37 108 1
37 109 1
37 110 1
37 111 1
37 112 1
37 113 1
37 114 1
37 132 1
37 133 1
37 134 1
37 135 1
37 136 1
37 137 1
37 138 1
37 139 1
37 140 1
37 172 1
37 173 1
37 174 1
37 175 1
37 176 1
37 177 1
37 178 1
38 39 1
38 40 1
38 91 1
38 92 1
38 93 1
38 94 1
38 95 1
38 96 1
38 97 1
38 98 1
38 99 1
38 108 1
38 109 1
38 110 1
38 111 1
38 112 1
38 113 1
38 114 1
38 132 1
38 133 1
38 134 1
38 135 1
38 136 1
38 137 1
38 138 1
38 139 1
38 140 1
38 172 1
38 173 1
38 174 1
38 175 1
38 176 1
38 177 1
38 178 1
39 40 1
39 91 1
39 92 1
39 93 1
39 94 1
39 95 1
39 96 1
39 97 1
39 98 1
39 99 1
39 108 1
39 109 1
39 110 1
39 111 1
39 112 1
39 113 1
39 114 1
39 132 1
39 133 1
39 134 1
39 135 1
39 136 1
39 137 1
39 138 1
39 139 1
39 140 1
39 172 1
39 173 1
39 174 1
39 175 1
39 176 1
39 177 1
39 178 1
40 91 1
40 92 1
40 93 1
40 94 1
40 95 1
40 96 1
40 97 1
40 98 1
40 99 1
40 108 1
40 109 1
40 110 1
40 111 1
40 112 1
40 113 1
40 114 1
40 132 1
40 133 1
40 134 1
40 135 1
40 136 1
40 137 1
40 138 1
40 139 1
40 140 1
40 172 1
40 173 1
40 174 1
40 175 1
40 176 1
40 177 1
40 178 1
41 42 1
41 43 1
41 45 1
41 46 1
41 47 1
41 50 1
41 51 1
41 52 1
41 53 1
41 54 1
41 55 1
41 56 1
41 57 1
41 58 1
41 132 1
41 133 1
41 134 1
41 135 1
41 136 1
41 137 1
41 138 1
41 139 1
41 140 1
41 149 1
41 150 1
41 151 1
41 152 1
41 153 1
41 154 1
41 155 1
41 156 1
41 157 1
41 158 1
41 159 1
41 160 1
41 161 1
41 162 1
41 163 1
41 164 1
42 45 1
42 46 1
42 47 1
42 49 1
42 50 1
42 51 1
42 52 1
42 53 1
42 54 1
42 55 1
42 56 1
42 57 1
42 58 1
42 132 1
42 133 1
42 134 1
42 135 1
42 136 1
42 137 1
42 138 1
42 139 1
42 140 1
42 149 1
42 150 1
42 151 1
42 152 1
42 153 1
42 154 1
42 155 1
42 156 1
42 157 1
42 158 1
42 159 1
42 160 1
42 161 1
42 162 1
42 163 1
42 164 1
43 44 1
43 47 1
43 48 1
43 50 1
43 51 1
43 52 1
43 53 1
43 54 1
43 55 1
43 56 1
43 57 1
43 58 1
43 132 1
43 133 1
43 134 1
43 135 1
43 136 1
43 137 1
43 138 1
43 139 1
43 140 1
43 149 1
43 150 1
43 151 1
43 152 1
43 153 1
43 154 1
43 155 1
43 156 1
43 157 1
43 158 1
43 159 1
43 160 1
43 161 1
43 162 1
43 163 1
43 164 1
44 46 1
44 48 1
44 49 1
44 50 1
44 51 1
44 52 1
44 53 1
44 54 1
44 55 1
44 56 1
44 57 1
44 58 1
44 132 1
44 133 1
44 134 1
44 135 1
44 136 1
44 137 1
44 138 1
44 139 1
44 140 1
44 149 1
44 150 1
44 151 1
44 152 1
44 153 1
44 154 1
44 155 1
44 156 1
44 157 1
44 158 1
44 159 1
44 160 1
44 161 1
44 162 1
44 163 1
44 164 1
45 47 1
45 48 1
45 50 1
45 51 1
45 52 1
45 53 1
45 54 1
45 55 1
45 56 1
45 57 1
45 58 1
45 132 1
45 133 1
45 134 1
45 135 1
45 136 1
45 137 1
45 138 1
45 139 1
45 140 1
45 149 1
45 150 1
45 151 1
45 152 1
45 153 1
45 154 1
45 155 1
45 156 1
45 157 1
45 158 1
45 159 1
45 160 1
45 161 1
45 162 1
45 163 1
45 164 1
46 47 1
46 48 1
46 50 1
46 51 1
46 52 1
46 53 1
46 54 1
46 55 1
46 56 1
46 57 1
46 58 1
46 132 1
46 133 1
46 134 1
46 135 1
46 136 1
46 137 1
46 138 1
46 139 1
46 140 1
46 149 1
46 150 1
46 151 1
46 152 1
46 153 1
46 154 1
46 155 1
46 156 1
46 157 1
46 158 1
46 159 1
46 160 1
46 161 1
46 162 1
46 163 1
46 164 1
47 48 1
47 49 1
47 50 1
47 51 1
47 52 1
47 53 1
47 54 1
47 55 1
47 56 1
47 57 1
47 58 1
47 132 1
47 133 1
47 134 1
47 135 1
47 136 1
47 137 1
47 138 1
47 139 1
47 140 1
47 149 1
47 150 1
47 151 1
47 152 1
47 153 1
47 154 1
47 155 1
47 156 1
47 157 1
47 158 1
47 159 1
47 160 1
47 161 1
47 162 1
47 163 1
47 164 1
48 49 1
48 50 1
48 51 1
48 52 1
48 53 1
48 54 1
48 55 1
48 56 1
48 57 1
48 58 1
48 132 1
48 133 1
48 134 1
48 135 1
48 136 1
48 137 1
48 138 1
48 139 1
48 140 1
48 149 1
48 150 1
48 151 1
48 152 1
48 153 1
48 154 1
48 155 1
48 156 1
48 157 1
48 158 1
48 159 1
48 160 1
48 161 1
48 162 1
48 163 1
48 164 1
49 50 1
49 51 1
49 52 1
49 53 1
49 54 1
49 55 1
49 56 1
49 57 1
49 58 1
49 132 1
49 133 1
49 134 1
49 135 1
49 136 1
49 137 1
49 138 1
49 139 1
49 140 1
49 149 1
49 150 1
49 151 1
49 152 1
49 153 1
49 154 1
49 155 1
49 156 1
49 157 1
49 158 1
49 159 1
49 160 1
49 161 1
49 162 1
49 163 1
49 164 1
50 53 1
50 55 1
50 56 1
50 57 1
50 58 1
50 59 1
50 60 1
50 61 1
50 62 1
50 63 1
50 121 1
50 122 1
50 123 1
50 124 1
50 125 1
50 126 1
51 53 1
51 54 1
51 56 1
51 57 1
51 59 1
51 60 1
51 61 1
51 62 1
51 63 1
51 121 1
51 122 1
51 123 1
51 124 1
51 125 1
51 126 1
52 54 1
52 55 1
52 56 1
52 57 1
52 58 1
52 59 1
52 60 1
52 61 1
52 62 1
52 63 1
52 121 1
52 122 1
52 123 1
52 124 1
52 125 1
52 126 1
53 54 1
53 56 1
53 58 1
53 59 1
53 60 1
53 61 1
53 62 1
53 63 1
53 121 1
53 122 1
53 123 1
53 124 1
53 125 1
53 126 1
54 56 1
54 58 1
54 59 1
54 60 1
54 61 1
54 62 1
54 63 1
54 121 1
54 122 1
54 123 1
54 124 1
54 125 1
54 126 1
55 56 1
55 57 1
55 58 1
55 59 1
55 60 1
55 61 1
55 62 1
55 63 1
55 121 1
55 122 1
55 123 1
55 124 1
55 125 1
55 126 1
56 57 1
56 58 1
56 59 1
56 60 1
56 61 1
56 62 1
56 63 1
56 121 1
56 122 1
56 123 1
56 124 1
56 125 1
56 126 1
57 58 1
57 59 1
57 60 1
57 61 1
57 62 1
57 63 1
57 121 1
57 122 1
57 123 1
57 124 1
57 125 1
57 126 1
58 59 1
58 60 1
58 61 1
58 62 1
58 63 1
58 121 1
58 122 1
58 123 1
58 124 1
58 125 1
58 126 1
59 60 1
59 61 1
59 62 1
59 63 1
59 72 1
59 73 1
59 74 1
59 75 1
59 76 1
59 77 1
59 78 1
59 79 1
59 80 1
59 81 1
59 82 1
59 83 1
59 84 1
59 85 1
59 86 1
59 87 1
59 88 1
59 89 1
59 90 1
59 100 1
59 101 1
59 102 1
59 103 1
59 104 1
59 105 1
59 106 1
59 107 1
59 121 1
59 122 1
59 123 1
59 124 1
59 125 1
59 126 1
59 127 1
59 128 1
59 129 1
59 130 1
59 131 1
59 141 1
59 142 1
59 143 1
59 144 1
59 145 1
59 146 1
59 147 1
59 148 1
59 149 1
59 150 1
59 151 1
59 152 1
59 153 1
59 154 1
59 155 1
59 156 1
59 157 1
59 165 1
59 166 1
59 167 1
59 168 1
59 169 1
59 170 1
59 171 1
60 61 1
60 62 1
60 72 1
60 73 1
60 74 1
60 75 1
60 76 1
60 77 1
60 78 1
60 79 1
60 80 1
60 81 1
60 82 1
60 83 1
60 84 1
60 85 1
60 86 1
60 87 1
60 88 1
60 89 1
60 90 1
60 100 1
60 101 1
60 102 1
60 103 1
60 104 1
60 105 1
60 106 1
60 107 1
60 121 1
60 122 1
60 123 1
60 124 1
60 125 1
60 126 1
60 127 1
60 128 1
60 129 1
60 130 1
60 131 1
60 141 1
60 142 1
60 143 1
60 144 1
60 145 1
60 146 1
60 147 1
60 148 1
60 149 1
60 150 1
60 151 1
60 152 1
60 153 1
60 154 1
60 155 1
60 156 1
60 157 1
60 165 1
60 166 1
60 167 1
60 168 1
60 169 1
60 170 1
60 171 1
61 63 1
61 72 1
61 73 1
61 74 1
61 75 1
61 76 1
61 77 1
61 78 1
61 79 1
61 80 1
61 81 1
61 82 1
61 83 1
61 84 1
61 85 1
61 86 1
61 87 1
61 88 1
61 89 1
61 90 1
61 100 1
61 101 1
61 102 1
61 103 1
61 104 1
61 105 1
61 106 1
61 107 1
61 121 1
61 122 1
61 123 1
61 124 1
61 125 1
61 126 1
61 127 1
61 128 1
61 129 1
61 130 1
61 131 1
61 141 1
61 142 1
61 143 1
61 144 1
61 145 1
61 146 1
61 147 1
61 148 1
61 149 1
61 150 1
61 151 1
61 152 1
61 153 1
61 154 1
61 155 1
61 156 1
61 157 1
61 165 1
61 166 1
61 167 1
61 168 1
61 169 1
61 170 1
61 171 1
62 63 1
62 72 1
62 73 1
62 74 1
62 75 1
62 76 1
62 77 1
62 78 1
62 79 1
62 80 1
62 81 1
62 82 1
62 83 1
62 84 1
62 85 1
62 86 1
62 87 1
62 88 1
62 89 1
62 90 1
62 100 1
62 101 1
62 102 1
62 103 1
62 104 1
62 105 1
62 106 1
62 107 1
62 121 1
62 122 1
62 123 1
62 124 1
62 125 1
62 126 1
62 127 1
62 128 1
62 129 1
62 130 1
62 131 1
62 141 1
62 142 1
62 143 1
62 144 1
62 145 1
62 146 1
62 147 1
62 148 1
62 149 1
62 150 1
62 151 1
62 152 1
62 153 1
62 154 1
62 155 1
62 156 1
62 157 1
62 165 1
62 166 1
62 167 1
62 168 1
62 169 1
62 170 1
62 171 1
63 72 1
63 73 1
63 74 1
63 75 1
63 76 1
63 77 1
63 78 1
63 79 1
63 80 1
63 81 1
63 82 1
63 83 1
63 84 1
63 85 1
63 86 1
63 87 1
63 88 1
63 89 1
63 90 1
63 100 1
63 101 1
63 102 1
63 103 1
63 104 1
63 105 1
63 106 1
63 107 1
63 121 1
63 122 1
63 123 1
63 124 1
63 125 1
63 126 1
63 127 1
63 128 1
63 129 1
63 130 1
63 131 1
63 141 1
63 142 1
63 143 1
63 144 1
63 145 1
63 146 1
63 147 1
63 148 1
63 149 1
63 150 1
63 151 1
63 152 1
63 153 1
63 154 1
63 155 1
63 156 1
63 157 1
63 165 1
63 166 1
63 167 1
63 168 1
63 169 1
63 170 1
63 171 1
64 65 1
64 66 1
64 67 1
64 68 1
64 69 1
64 70 1
64 91 1
64 92 1
64 93 1
64 94 1
64 95 1
64 96 1
64 97 1
64 98 1
64 99 1
64 127 1
64 128 1
64 129 1
64 130 1
64 131 1
64 149 1
64 150 1
64 151 1
64 152 1
64 153 1
64 154 1
64 155 1
64 156 1
64 157 1
65 66 1
65 67 1
65 68 1
65 69 1
65 70 1
65 91 1
65 92 1
65 93 1
65 94 1
65 95 1
65 96 1
65 97 1
65 98 1
65 99 1
65 127 1
65 128 1
65 129 1
65 130 1
65 131 1
65 149 1
65 150 1
65 151 1
65 152 1
65 153 1
65 154 1
65 155 1
65 156 1
65 157 1
66 68 1
66 69 1
66 70 1
66 71 1
66 91 1
66 92 1
66 93 1
66 94 1
66 95 1
66 96 1
66 97 1
66 98 1
66 99 1
66 127 1
66 128 1
66 129 1
66 130 1
66 131 1
66 149 1
66 150 1
66 151 1
66 152 1
66 153 1
66 154 1
66 155 1
66 156 1
66 157 1
67 69 1
67 70 1
67 71 1
67 91 1
67 92 1
67 93 1
67 94 1
67 95 1
67 96 1
67 97 1
67 98 1
67 99 1
67 127 1
67 128 1
67 129 1
67 130 1
67 131 1
67 149 1
67 150 1
67 151 1
67 152 1
67 153 1
67 154 1
67 155 1
67 156 1
67 157 1
68 69 1
68 70 1
68 71 1
68 91 1
68 92 1
68 93 1
68 94 1
68 95 1
68 96 1
68 97 1
68 98 1
68 99 1
68 127 1
68 128 1
68 129 1
68 130 1
68 131 1
68 149 1
68 150 1
68 151 1
68 152 1
68 153 1
68 154 1
68 155 1
68 156 1
68 157 1
69 70 1
69 71 1
69 91 1
69 92 1
69 93 1
69 94 1
69 95 1
69 96 1
69 97 1
69 98 1
69 99 1
69 127 1
69 128 1
69 129 1
69 130 1
69 131 1
69 149 1
69 150 1
69 151 1
69 152 1
69 153 1
69 154 1
69 155 1
69 156 1
69 157 1
70 91 1
70 92 1
70 93 1
70 94 1
70 95 1
70 96 1
70 97 1
70 98 1
70 99 1
70 127 1
70 128 1
70 129 1
70 130 1
70 131 1
70 149 1
70 150 1
70 151 1
70 152 1
70 153 1
70 154 1
70 155 1
70 156 1
70 157 1
71 91 1
71 92 1
71 93 1
71 94 1
71 95 1
71 96 1
71 97 1
71 98 1
71 99 1
71 127 1
71 128 1
71 129 1
71 130 1
71 131 1
71 149 1
71 150 1
71 151 1
71 152 1
71 153 1
71 154 1
71 155 1
71 156 1
71 157 1
72 75 1
72 77 1
72 127 1
72 128 1
72 129 1
72 130 1
72 131 1
72 132 1
72 133 1
72 134 1
72 135 1
72 136 1
72 137 1
72 138 1
72 139 1
72 140 1
72 149 1
72 150 1
72 151 1
72 152 1
72 153 1
72 154 1
72 155 1
72 156 1
72 157 1
73 75 1
73 76 1
73 127 1
73 128 1
73 129 1
73 130 1
73 131 1
73 132 1
73 133 1
73 134 1
73 135 1
73 136 1
73 137 1
73 138 1
73 139 1
73 140 1
73 149 1
73 150 1
73 151 1
73 152 1
73 153 1
73 154 1
73 155 1
73 156 1
73 157 1
74 75 1
74 76 1
74 77 1
74 127 1
74 128 1
74 129 1
74 130 1
74 131 1
74 132 1
74 133 1
74 134 1
74 135 1
74 136 1
74 137 1
74 138 1
74 139 1
74 140 1
74 149 1
74 150 1
74 151 1
74 152 1
74 153 1
74 154 1
74 155 1
74 156 1
74 157 1
75 78 1
75 127 1
75 128 1
75 129 1
75 130 1
75 131 1
75 132 1
75 133 1
75 134 1
75 135 1
75 136 1
75 137 1
75 138 1
75 139 1
75 140 1
75 149 1
75 150 1
75 151 1
75 152 1
75 153 1
75 154 1
75 155 1
75 156 1
75 157 1
76 78 1
76 127 1
76 128 1
76 129 1
76 130 1
76 131 1
76 132 1
76 133 1
76 134 1
76 135 1
76 136 1
76 137 1
76 138 1
76 139 1
76 140 1
76 149 1
76 150 1
76 151 1
76 152 1
76 153 1
76 154 1
76 155 1
76 156 1
76 157 1
77 127 1
77 128 1
77 129 1
77 130 1
77 131 1
77 132 1
77 133 1
77 134 1
77 135 1
77 136 1
77 137 1
77 138 1
77 139 1
77 140 1
77 149 1
77 150 1
77 151 1
77 152 1
77 153 1
77 154 1
77 155 1
77 156 1
77 157 1
78 127 1
78 128 1
78 129 1
78 130 1
78 131 1
78 132 1
78 133 1
78 134 1
78 135 1
78 136 1
78 137 1
78 138 1
78 139 1
78 140 1
78 149 1
78 150 1
78 151 1
78 152 1
78 153 1
78 154 1
78 155 1
78 156 1
78 157 1
79 81 1
79 82 1
79 83 1
79 115 1
79 116 1
79 117 1
79 118 1
79 119 1
79 120 1
79 158 1
79 159 1
79 160 1
79 161 1
79 162 1
79 163 1
79 164 1
79 165 1
79 166 1
79 167 1
79 168 1
79 169 1
79 170 1
79 171 1
80 82 1
80 83 1
80 115 1
80 116 1
80 117 1
80 118 1
80 119 1
80 120 1
80 158 1
80 159 1
80 160 1
80 161 1
80 162 1
80 163 1
80 164 1
80 165 1
80 166 1
80 167 1
80 168 1
80 169 1
80 170 1
80 171 1
81 83 1
81 115 1
81 116 1
81 117 1
81 118 1
81 119 1
81 120 1
81 158 1
81 159 1
81 160 1
81 161 1
81 162 1
81 163 1
81 164 1
81 165 1
81 166 1
81 167 1
81 168 1
81 169 1
81 170 1
81 171 1
82 115 1
82 116 1
82 117 1
82 118 1
82 119 1
82 120 1
82 158 1
82 159 1
82 160 1
82 161 1
82 162 1
82 163 1
82 164 1
82 165 1
82 166 1
82 167 1
82 168 1
82 169 1
82 170 1
82 171 1
83 115 1
83 116 1
83 117 1
83 118 1
83 119 1
83 120 1
83 158 1
83 159 1
83 160 1
83 161 1
83 162 1
83 163 1
83 164 1
83 165 1
83 166 1
83 167 1
83 168 1
83 169 1
83 170 1
83 171 1
84 87 1
84 88 1
84 89 1
84 90 1
84 108 1
84 109 1
84 110 1
84 111 1
84 112 1
84 113 1
84 114 1
84 121 1
84 122 1
84 123 1
84 124 1
84 125 1
84 126 1
84 158 1
84 159 1
84 160 1
84 161 1
84 162 1
84 163 1
84 164 1
84 172 1
84 173 1
84 174 1
84 175 1
84 176 1
84 177 1
84 178 1
85 88 1
85 89 1
85 90 1
85 86 1
85 108 1
85 109 1
85 110 1
85 111 1
85 112 1
85 113 1
85 114 1
85 121 1
85 122 1
85 123 1
85 124 1
85 125 1
85 126 1
85 158 1
85 159 1
85 160 1
85 161 1
85 162 1
85 163 1
85 164 1
85 172 1
85 173 1
85 174 1
85 175 1
85 176 1
85 177 1
85 178 1
86 87 1
86 88 1
86 89 1
86 90 1
86 108 1
86 109 1
86 110 1
86 111 1
86 112 1
86 113 1
86 114 1
86 121 1
86 122 1
86 123 1
86 124 1
86 125 1
86 126 1
86 158 1
86 159 1
86 160 1
86 161 1
86 162 1
86 163 1
86 164 1
86 172 1
86 173 1
86 174 1
86 175 1
86 176 1
86 177 1
86 178 1
87 108 1
87 109 1
87 110 1
87 111 1
87 112 1
87 113 1
87 114 1
87 121 1
87 122 1
87 123 1
87 124 1
87 125 1
87 126 1
87 158 1
87 159 1
87 160 1
87 161 1
87 162 1
87 163 1
87 164 1
87 172 1
87 173 1
87 174 1
87 175 1
87 176 1
87 177 1
87 178 1
88 108 1
88 109 1
88 110 1
88 111 1
88 112 1
88 113 1
88 114 1
88 121 1
88 122 1
88 123 1
88 124 1
88 125 1
88 126 1
88 158 1
88 159 1
88 160 1
88 161 1
88 162 1
88 163 1
88 164 1
88 172 1
88 173 1
88 174 1
88 175 1
88 176 1
88 177 1
88 178 1
89 108 1
89 109 1
89 110 1
89 111 1
89 112 1
89 113 1
89 114 1
89 121 1
89 122 1
89 123 1
89 124 1
89 125 1
89 126 1
89 158 1
89 159 1
89 160 1
89 161 1
89 162 1
89 163 1
89 164 1
89 172 1
89 173 1
89 174 1
89 175 1
89 176 1
89 177 1
89 178 1
90 108 1
90 109 1
90 110 1
90 111 1
90 112 1
90 113 1
90 114 1
90 121 1
90 122 1
90 123 1
90 124 1
90 125 1
90 126 1
90 158 1
90 159 1
90 160 1
90 161 1
90 162 1
90 163 1
90 164 1
90 172 1
90 173 1
90 174 1
90 175 1
90 176 1
90 177 1
90 178 1
91 97 1
91 98 1
91 93 1
91 94 1
91 108 1
91 109 1
91 110 1
91 111 1
91 112 1
91 113 1
91 114 1
91 115 1
91 116 1
91 117 1
91 118 1
91 119 1
91 120 1
91 132 1
91 133 1
91 134 1
91 135 1
91 136 1
91 137 1
91 138 1
91 139 1
91 140 1
92 95 1
92 96 1
92 97 1
92 98 1
92 99 1
92 108 1
92 109 1
92 110 1
92 111 1
92 112 1
92 113 1
92 114 1
92 115 1
92 116 1
92 117 1
92 118 1
92 119 1
92 120 1
92 132 1
92 133 1
92 134 1
92 135 1
92 136 1
92 137 1
92 138 1
92 139 1
92 140 1
93 97 1
93 99 1
93 94 1
93 108 1
93 109 1
93 110 1
93 111 1
93 112 1
93 113 1
93 114 1
93 115 1
93 116 1
93 117 1
93 118 1
93 119 1
93 120 1
93 132 1
93 133 1
93 134 1
93 135 1
93 136 1
93 137 1
93 138 1
93 139 1
93 140 1
94 96 1
94 97 1
94 98 1
94 108 1
94 109 1
94 110 1
94 111 1
94 112 1
94 113 1
94 114 1
94 115 1
94 116 1
94 117 1
94 118 1
94 119 1
94 120 1
94 132 1
94 133 1
94 134 1
94 135 1
94 136 1
94 137 1
94 138 1
94 139 1
94 140 1
95 108 1
95 109 1
95 110 1
95 111 1
95 112 1
95 113 1
95 114 1
95 115 1
95 116 1
95 117 1
95 118 1
95 119 1
95 120 1
95 132 1
95 133 1
95 134 1
95 135 1
95 136 1
95 137 1
95 138 1
95 139 1
95 140 1
96 97 1
96 108 1
96 109 1
96 110 1
96 111 1
96 112 1
96 113 1
96 114 1
96 115 1
96 116 1
96 117 1
96 118 1
96 119 1
96 120 1
96 132 1
96 133 1
96 134 1
96 135 1
96 136 1
96 137 1
96 138 1
96 139 1
96 140 1
97 99 1
97 108 1
97 109 1
97 110 1
97 111 1
97 112 1
97 113 1
97 114 1
97 115 1
97 116 1
97 117 1
97 118 1
97 119 1
97 120 1
97 132 1
97 133 1
97 134 1
97 135 1
97 136 1
97 137 1
97 138 1
97 139 1
97 140 1
98 108 1
98 109 1
98 110 1
98 111 1
98 112 1
98 113 1
98 114 1
98 115 1
98 116 1
98 117 1
98 118 1
98 119 1
98 120 1
98 132 1
98 133 1
98 134 1
98 135 1
98 136 1
98 137 1
98 138 1
98 139 1
98 140 1
99 108 1
99 109 1
99 110 1
99 111 1
99 112 1
99 113 1
99 114 1
99 115 1
99 116 1
99 117 1
99 118 1
99 119 1
99 120 1
99 132 1
99 133 1
99 134 1
99 135 1
99 136 1
99 137 1
99 138 1
99 139 1
99 140 1
100 104 1
100 105 1
100 106 1
100 101 1
100 121 1
100 122 1
100 123 1
100 124 1
100 125 1
100 126 1
100 127 1
100 128 1
100 129 1
100 130 1
100 131 1
100 132 1
100 133 1
100 134 1
100 135 1
100 136 1
100 137 1
100 138 1
100 139 1
100 140 1
100 172 1
100 173 1
100 174 1
100 175 1
100 176 1
100 177 1
100 178 1
101 104 1
101 105 1
101 106 1
101 107 1
101 121 1
101 122 1
101 123 1
101 124 1
101 125 1
101 126 1
101 127 1
101 128 1
101 129 1
101 130 1
101 131 1
101 132 1
101 133 1
101 134 1
101 135 1
101 136 1
101 137 1
101 138 1
101 139 1
101 140 1
101 172 1
101 173 1
101 174 1
101 175 1
101 176 1
101 177 1
101 178 1
102 104 1
102 105 1
102 106 1
102 121 1
102 122 1
102 123 1
102 124 1
102 125 1
102 126 1
102 127 1
102 128 1
102 129 1
102 130 1
102 131 1
102 132 1
102 133 1
102 134 1
102 135 1
102 136 1
102 137 1
102 138 1
102 139 1
102 140 1
102 172 1
102 173 1
102 174 1
102 175 1
102 176 1
102 177 1
102 178 1
103 104 1
103 105 1
103 106 1
103 121 1
103 122 1
103 123 1
103 124 1
103 125 1
103 126 1
103 127 1
103 128 1
103 129 1
103 130 1
103 131 1
103 132 1
103 133 1
103 134 1
103 135 1
103 136 1
103 137 1
103 138 1
103 139 1
103 140 1
103 172 1
103 173 1
103 174 1
103 175 1
103 176 1
103 177 1
103 178 1
104 105 1
104 107 1
104 121 1
104 122 1
104 123 1
104 124 1
104 125 1
104 126 1
104 127 1
104 128 1
104 129 1
104 130 1
104 131 1
104 132 1
104 133 1
104 134 1
104 135 1
104 136 1
104 137 1
104 138 1
104 139 1
104 140 1
104 172 1
104 173 1
104 174 1
104 175 1
104 176 1
104 177 1
104 178 1
105 106 1
105 121 1
105 122 1
105 123 1
105 124 1
105 125 1
105 126 1
105 127 1
105 128 1
105 129 1
105 130 1
105 131 1
105 132 1
105 133 1
105 134 1
105 135 1
105 136 1
105 137 1
105 138 1
105 139 1
105 140 1
105 172 1
105 173 1
105 174 1
105 175 1
105 176 1
105 177 1
105 178 1
106 121 1
106 122 1
106 123 1
106 124 1
106 125 1
106 126 1
106 127 1
106 128 1
106 129 1
106 130 1
106 131 1
106 132 1
106 133 1
106 134 1
106 135 1
106 136 1
106 137 1
106 138 1
106 139 1
106 140 1
106 172 1
106 173 1
106 174 1
106 175 1
106 176 1
106 177 1
106 178 1
107 121 1
107 122 1
107 123 1
107 124 1
107 125 1
107 126 1
107 127 1
107 128 1
107 129 1
107 130 1
107 131 1
107 132 1
107 133 1
107 134 1
107 135 1
107 136 1
107 137 1
107 138 1
107 139 1
107 140 1
107 172 1
107 173 1
107 174 1
107 175 1
107 176 1
107 177 1
107 178 1
108 113 1
108 114 1
108 115 1
108 116 1
108 117 1
108 118 1
108 119 1
108 120 1
108 121 1
108 122 1
108 123 1
108 124 1
108 125 1
108 126 1
108 127 1
108 128 1
108 129 1
108 130 1
108 131 1
108 158 1
108 159 1
108 160 1
108 161 1
108 162 1
108 163 1
108 164 1
109 110 1
109 112 1
109 115 1
109 116 1
109 117 1
109 118 1
109 119 1
109 120 1
109 121 1
109 122 1
109 123 1
109 124 1
109 125 1
109 126 1
109 127 1
109 128 1
109 129 1
109 130 1
109 131 1
109 158 1
109 159 1
109 160 1
109 161 1
109 162 1
109 163 1
109 164 1
110 112 1
110 115 1
110 116 1
110 117 1
110 118 1
110 119 1
110 120 1
110 121 1
110 122 1
110 123 1
110 124 1
110 125 1
110 126 1
110 127 1
110 128 1
110 129 1
110 130 1
110 131 1
110 158 1
110 159 1
110 160 1
110 161 1
110 162 1
110 163 1
110 164 1
111 112 1
111 115 1
111 116 1
111 117 1
111 118 1
111 119 1
111 120 1
111 121 1
111 122 1
111 123 1
111 124 1
111 125 1
111 126 1
111 127 1
111 128 1
111 129 1
111 130 1
111 131 1
111 158 1
111 159 1
111 160 1
111 161 1
111 162 1
111 163 1
111 164 1
112 113 1
112 115 1
112 116 1
112 117 1
112 118 1
112 119 1
112 120 1
112 121 1
112 122 1
112 123 1
112 124 1
112 125 1
112 126 1
112 127 1
112 128 1
112 129 1
112 130 1
112 131 1
112 158 1
112 159 1
112 160 1
112 161 1
112 162 1
112 163 1
112 164 1
113 115 1
113 116 1
113 117 1
113 118 1
113 119 1
113 120 1
113 121 1
113 122 1
113 123 1
113 124 1
113 125 1
113 126 1
113 127 1
113 128 1
113 129 1
113 130 1
113 131 1
113 158 1
113 159 1
113 160 1
113 161 1
113 162 1
113 163 1
113 164 1
114 115 1
114 116 1
114 117 1
114 118 1
114 119 1
114 120 1
114 121 1
114 122 1
114 123 1
114 124 1
114 125 1
114 126 1
114 127 1
114 128 1
114 129 1
114 130 1
114 131 1
114 158 1
114 159 1
114 160 1
114 161 1
114 162 1
114 163 1
114 164 1
115 116 1
115 118 1
115 119 1
115 121 1
115 122 1
115 123 1
115 124 1
115 125 1
115 126 1
115 132 1
115 133 1
115 134 1
115 135 1
115 136 1
115 137 1
115 138 1
115 139 1
115 140 1
115 149 1
115 150 1
115 151 1
115 152 1
115 153 1
115 154 1
115 155 1
115 156 1
115 157 1
115 165 1
115 166 1
115 167 1
115 168 1
115 169 1
115 170 1
115 171 1
116 120 1
116 121 1
116 122 1
116 123 1
116 124 1
116 125 1
116 126 1
116 132 1
116 133 1
116 134 1
116 135 1
116 136 1
116 137 1
116 138 1
116 139 1
116 140 1
116 149 1
116 150 1
116 151 1
116 152 1
116 153 1
116 154 1
116 155 1
116 156 1
116 157 1
116 165 1
116 166 1
116 167 1
116 168 1
116 169 1
116 170 1
116 171 1
117 118 1
117 121 1
117 122 1
117 123 1
117 124 1
117 125 1
117 126 1
117 132 1
117 133 1
117 134 1
117 135 1
117 136 1
117 137 1
117 138 1
117 139 1
117 140 1
117 149 1
117 150 1
117 151 1
117 152 1
117 153 1
117 154 1
117 155 1
117 156 1
117 157 1
117 165 1
117 166 1
117 167 1
117 168 1
117 169 1
117 170 1
117 171 1
118 119 1
118 120 1
118 121 1
118 122 1
118 123 1
118 124 1
118 125 1
118 126 1
118 132 1
118 133 1
118 134 1
118 135 1
118 136 1
118 137 1
118 138 1
118 139 1
118 140 1
118 149 1
118 150 1
118 151 1
118 152 1
118 153 1
118 154 1
118 155 1
118 156 1
118 157 1
118 165 1
118 166 1
118 167 1
118 168 1
118 169 1
118 170 1
118 171 1
119 120 1
119 121 1
119 122 1
119 123 1
119 124 1
119 125 1
119 126 1
119 132 1
119 133 1
119 134 1
119 135 1
119 136 1
119 137 1
119 138 1
119 139 1
119 140 1
119 149 1
119 150 1
119 151 1
119 152 1
119 153 1
119 154 1
119 155 1
119 156 1
119 157 1
119 165 1
119 166 1
119 167 1
119 168 1
119 169 1
119 170 1
119 171 1
120 121 1
120 122 1
120 123 1
120 124 1
120 125 1
120 126 1
120 132 1
120 133 1
120 134 1
120 135 1
120 136 1
120 137 1
120 138 1
120 139 1
120 140 1
120 149 1
120 150 1
120 151 1
120 152 1
120 153 1
120 154 1
120 155 1
120 156 1
120 157 1
120 165 1
120 166 1
120 167 1
120 168 1
120 169 1
120 170 1
120 171 1
121 122 1
121 125 1
121 158 1
121 159 1
121 160 1
121 161 1
121 162 1
121 163 1
121 164 1
121 172 1
121 173 1
121 174 1
121 175 1
121 176 1
121 177 1
121 178 1
122 123 1
122 126 1
122 158 1
122 159 1
122 160 1
122 161 1
122 162 1
122 163 1
122 164 1
122 172 1
122 173 1
122 174 1
122 175 1
122 176 1
122 177 1
122 178 1
123 124 1
123 158 1
123 159 1
123 160 1
123 161 1
123 162 1
123 163 1
123 164 1
123 172 1
123 173 1
123 174 1
123 175 1
123 176 1
123 177 1
123 178 1
124 125 1
124 158 1
124 159 1
124 160 1
124 161 1
124 162 1
124 163 1
124 164 1
124 172 1
124 173 1
124 174 1
124 175 1
124 176 1
124 177 1
124 178 1
125 126 1
125 158 1
125 159 1
125 160 1
125 161 1
125 162 1
125 163 1
125 164 1
125 172 1
125 173 1
125 174 1
125 175 1
125 176 1
125 177 1
125 178 1
126 158 1
126 159 1
126 160 1
126 161 1
126 162 1
126 163 1
126 164 1
126 172 1
126 173 1
126 174 1
126 175 1
126 176 1
126 177 1
126 178 1
127 128 1
127 165 1
127 166 1
127 167 1
127 168 1
127 169 1
127 170 1
127 171 1
128 129 1
128 165 1
128 166 1
128 167 1
128 168 1
128 169 1
128 170 1
128 171 1
129 130 1
129 131 1
129 165 1
129 166 1
129 167 1
129 168 1
129 169 1
129 170 1
129 171 1
130 131 1
130 165 1
130 166 1
130 167 1
130 168 1
130 169 1
130 170 1
130 171 1
131 165 1
131 166 1
131 167 1
131 168 1
131 169 1
131 170 1
131 171 1
132 133 1
132 149 1
132 150 1
132 151 1
132 152 1
132 153 1
132 154 1
132 155 1
132 156 1
132 157 1
132 172 1
132 173 1
132 174 1
132 175 1
132 176 1
132 177 1
132 178 1
133 134 1
133 135 1
133 139 1
133 149 1
133 150 1
133 151 1
133 152 1
133 153 1
133 154 1
133 155 1
133 156 1
133 157 1
133 172 1
133 173 1
133 174 1
133 175 1
133 176 1
133 177 1
133 178 1
134 135 1
134 140 1
134 149 1
134 150 1
134 151 1
134 152 1
134 153 1
134 154 1
134 155 1
134 156 1
134 157 1
134 172 1
134 173 1
134 174 1
134 175 1
134 176 1
134 177 1
134 178 1
135 136 1
135 139 1
135 149 1
135 150 1
135 151 1
135 152 1
135 153 1
135 154 1
135 155 1
135 156 1
135 157 1
135 172 1
135 173 1
135 174 1
135 175 1
135 176 1
135 177 1
135 178 1
136 137 1
136 138 1
136 149 1
136 150 1
136 151 1
136 152 1
136 153 1
136 154 1
136 155 1
136 156 1
136 157 1
136 172 1
136 173 1
136 174 1
136 175 1
136 176 1
136 177 1
136 178 1
137 138 1
137 149 1
137 150 1
137 151 1
137 152 1
137 153 1
137 154 1
137 155 1
137 156 1
137 157 1
137 172 1
137 173 1
137 174 1
137 175 1
137 176 1
137 177 1
137 178 1
138 139 1
138 149 1
138 150 1
138 151 1
138 152 1
138 153 1
138 154 1
138 155 1
138 156 1
138 157 1
138 172 1
138 173 1
138 174 1
138 175 1
138 176 1
138 177 1
138 178 1
139 140 1
139 149 1
139 150 1
139 151 1
139 152 1
139 153 1
139 154 1
139 155 1
139 156 1
139 157 1
139 172 1
139 173 1
139 174 1
139 175 1
139 176 1
139 177 1
139 178 1
140 149 1
140 150 1
140 151 1
140 152 1
140 153 1
140 154 1
140 155 1
140 156 1
140 157 1
140 172 1
140 173 1
140 174 1
140 175 1
140 176 1
140 177 1
140 178 1
141 142 1
141 146 1
142 143 1
144 145 1
146 148 1
149 151 1
149 156 1
149 172 1
149 173 1
149 174 1
149 175 1
149 176 1
149 177 1
149 178 1
150 151 1
150 152 1
150 154 1
150 172 1
150 173 1
150 174 1
150 175 1
150 176 1
150 177 1
150 178 1
151 153 1
151 157 1
151 172 1
151 173 1
151 174 1
151 175 1
151 176 1
151 177 1
151 178 1
152 172 1
152 173 1
152 174 1
152 175 1
152 176 1
152 177 1
152 178 1
153 156 1
153 157 1
153 172 1
153 173 1
153 174 1
153 175 1
153 176 1
153 177 1
153 178 1
154 155 1
154 172 1
154 173 1
154 174 1
154 175 1
154 176 1
154 177 1
154 178 1
155 172 1
155 173 1
155 174 1
155 175 1
155 176 1
155 177 1
155 178 1
156 157 1
156 172 1
156 173 1
156 174 1
156 175 1
156 176 1
156 177 1
156 178 1
157 172 1
157 173 1
157 174 1
157 175 1
157 176 1
157 177 1
157 178 1
158 164 1
158 172 1
158 173 1
158 174 1
158 175 1
158 176 1
158 177 1
158 178 1
159 164 1
159 172 1
159 173 1
159 174 1
159 175 1
159 176 1
159 177 1
159 178 1
160 161 1
160 162 1
160 172 1
160 173 1
160 174 1
160 175 1
160 176 1
160 177 1
160 178 1
161 172 1
161 173 1
161 174 1
161 175 1
161 176 1
161 177 1
161 178 1
162 164 1
162 172 1
162 173 1
162 174 1
162 175 1
162 176 1
162 177 1
162 178 1
163 172 1
163 173 1
163 174 1
163 175 1
163 176 1
163 177 1
163 178 1
164 172 1
164 173 1
164 174 1
164 175 1
164 176 1
164 177 1
164 178 1
166 168 1
166 169 1
167 169 1
168 169 1
168 170 1
172 173 1
172 174 1
172 178 1
174 176 1
175 176 1
176 178 1
177 178 1
