1 2 1
1 5 1
1 6 1
1 23 1
1 25 1
1 26 1
1 27 1
1 28 1
1 81 1
1 83 1
1 85 1
1 113 1
1 114 1
1 115 1
1 136 1
1 137 1
1 138 1
1 139 1
1 140 1
1 141 1
1 142 1
2 4 1
2 6 1
2 24 1
2 25 1
2 26 1
2 28 1
2 80 1
2 81 1
2 82 1
2 83 1
2 85 1
2 86 1
2 114 1
2 117 1
2 118 1
2 136 1
2 137 1
2 138 1
2 140 1
2 141 1
2 142 1
2 143 1
3 6 1
3 24 1
3 25 1
3 27 1
3 80 1
3 81 1
3 82 1
3 83 1
3 84 1
3 85 1
3 86 1
3 114 1
3 115 1
3 116 1
3 117 1
3 118 1
3 138 1
3 139 1
3 140 1
3 141 1
3 142 1
3 143 1
4 6 1
4 23 1
4 24 1
4 26 1
4 80 1
4 81 1
4 82 1
4 83 1
4 84 1
4 85 1
4 87 1
4 113 1
4 118 1
4 136 1
4 137 1
4 140 1
4 141 1
4 142 1
4 143 1
5 23 1
5 24 1
5 25 1
5 26 1
5 27 1
5 28 1
5 80 1
5 82 1
5 83 1
5 86 1
5 87 1
5 114 1
5 115 1
5 117 1
5 136 1
5 137 1
5 138 1
5 139 1
5 140 1
5 141 1
5 143 1
6 23 1
6 24 1
6 26 1
6 27 1
6 80 1
6 81 1
6 82 1
6 83 1
6 84 1
6 85 1
6 86 1
6 87 1
6 114 1
6 115 1
6 116 1
6 117 1
6 118 1
6 139 1
6 141 1
6 142 1
7 9 1
7 10 1
7 11 1
7 12 1
7 14 1
7 66 1
7 68 1
7 69 1
7 70 1
7 71 1
7 73 1
7 80 1
7 81 1
7 82 1
7 83 1
7 84 1
7 85 1
7 86 1
7 87 1
7 88 1
7 90 1
7 91 1
7 92 1
7 94 1
7 97 1
7 99 1
7 100 1
7 101 1
7 102 1
7 103 1
7 122 1
7 123 1
7 125 1
7 126 1
7 128 1
7 129 1
7 130 1
7 131 1
7 133 1
7 135 1
7 136 1
7 139 1
7 140 1
7 141 1
7 142 1
7 143 1
7 160 1
7 161 1
7 162 1
7 163 1
7 165 1
7 166 1
7 167 1
8 11 1
8 14 1
8 66 1
8 68 1
8 69 1
8 70 1
8 72 1
8 73 1
8 80 1
8 81 1
8 82 1
8 83 1
8 85 1
8 86 1
8 87 1
8 88 1
8 90 1
8 92 1
8 95 1
8 96 1
8 98 1
8 99 1
8 100 1
8 101 1
8 102 1
8 119 1
8 120 1
8 121 1
8 122 1
8 124 1
8 125 1
8 127 1
8 132 1
8 133 1
8 134 1
8 135 1
8 136 1
8 137 1
8 138 1
8 139 1
8 140 1
8 142 1
8 143 1
8 160 1
8 161 1
8 163 1
8 164 1
8 166 1
9 12 1
9 14 1
9 66 1
9 68 1
9 69 1
9 70 1
9 72 1
9 80 1
9 82 1
9 85 1
9 86 1
9 88 1
9 90 1
9 91 1
9 92 1
9 93 1
9 97 1
9 98 1
9 100 1
9 102 1
9 119 1
9 120 1
9 121 1
9 122 1
9 123 1
9 124 1
9 125 1
9 126 1
9 128 1
9 129 1
9 130 1
9 132 1
9 135 1
9 137 1
9 138 1
9 141 1
9 142 1
9 143 1
9 160 1
9 161 1
9 162 1
9 164 1
9 166 1
9 167 1
10 14 1
10 66 1
10 67 1
10 69 1
10 70 1
10 72 1
10 73 1
10 81 1
10 82 1
10 83 1
10 84 1
10 85 1
10 86 1
10 88 1
10 89 1
10 91 1
10 92 1
10 93 1
10 94 1
10 96 1
10 98 1
10 99 1
10 100 1
10 102 1
10 120 1
10 121 1
10 123 1
10 124 1
10 125 1
10 127 1
10 128 1
10 129 1
10 131 1
10 132 1
10 133 1
10 134 1
10 135 1
10 137 1
10 138 1
10 142 1
10 161 1
10 162 1
10 163 1
10 164 1
10 165 1
10 166 1
10 167 1
11 66 1
11 67 1
11 69 1
11 70 1
11 71 1
11 72 1
11 80 1
11 81 1
11 82 1
11 83 1
11 84 1
11 86 1
11 87 1
11 88 1
11 90 1
11 91 1
11 93 1
11 94 1
11 96 1
11 99 1
11 100 1
11 101 1
11 102 1
11 119 1
11 120 1
11 121 1
11 122 1
11 123 1
11 124 1
11 125 1
11 126 1
11 127 1
11 128 1
11 129 1
11 130 1
11 131 1
11 132 1
11 133 1
11 134 1
11 135 1
11 137 1
11 138 1
11 139 1
11 141 1
11 142 1
11 143 1
11 160 1
11 161 1
11 162 1
11 165 1
11 166 1
12 67 1
12 68 1
12 71 1
12 72 1
12 80 1
12 82 1
12 83 1
12 84 1
12 85 1
12 87 1
12 88 1
12 89 1
12 90 1
12 91 1
12 93 1
12 94 1
12 95 1
12 96 1
12 98 1
12 99 1
12 100 1
12 101 1
12 102 1
12 120 1
12 121 1
12 122 1
12 125 1
12 126 1
12 127 1
12 128 1
12 130 1
12 131 1
12 133 1
12 134 1
12 135 1
12 137 1
12 138 1
12 139 1
12 140 1
12 141 1
12 143 1
12 160 1
12 161 1
12 162 1
12 164 1
12 166 1
12 167 1
13 14 1
13 67 1
13 68 1
13 69 1
13 70 1
13 71 1
13 72 1
13 80 1
13 81 1
13 83 1
13 85 1
13 86 1
13 87 1
13 88 1
13 89 1
13 91 1
13 92 1
13 93 1
13 94 1
13 99 1
13 100 1
13 102 1
13 103 1
13 119 1
13 120 1
13 122 1
13 126 1
13 127 1
13 129 1
13 131 1
13 134 1
13 135 1
13 136 1
13 137 1
13 138 1
13 139 1
13 140 1
13 141 1
13 142 1
13 160 1
13 163 1
13 164 1
14 66 1
14 67 1
14 68 1
14 69 1
14 71 1
14 80 1
14 82 1
14 83 1
14 85 1
14 86 1
14 87 1
14 88 1
14 89 1
14 90 1
14 91 1
14 92 1
14 94 1
14 95 1
14 96 1
14 97 1
14 98 1
14 99 1
14 100 1
14 101 1
14 103 1
14 119 1
14 120 1
14 121 1
14 122 1
14 123 1
14 124 1
14 125 1
14 126 1
14 127 1
14 128 1
14 129 1
14 130 1
14 131 1
14 132 1
14 133 1
14 135 1
14 136 1
14 139 1
14 141 1
14 142 1
14 143 1
14 160 1
14 161 1
14 162 1
14 163 1
14 164 1
14 165 1
14 166 1
14 167 1
15 66 1
15 67 1
15 70 1
15 71 1
15 72 1
15 73 1
15 80 1
15 83 1
15 84 1
15 85 1
15 86 1
15 87 1
15 88 1
15 91 1
15 93 1
15 94 1
15 95 1
15 96 1
15 97 1
15 98 1
15 99 1
15 100 1
15 101 1
15 119 1
15 120 1
15 121 1
15 122 1
15 124 1
15 125 1
15 126 1
15 131 1
15 133 1
15 137 1
15 138 1
15 139 1
15 140 1
15 141 1
15 143 1
15 160 1
15 162 1
15 163 1
15 164 1
15 165 1
15 166 1
15 167 1
16 17 1
16 19 1
16 22 1
16 23 1
16 24 1
16 25 1
16 26 1
16 97 1
16 98 1
16 99 1
16 101 1
16 102 1
16 115 1
16 116 1
16 117 1
16 121 1
16 123 1
16 125 1
16 126 1
16 127 1
16 128 1
16 136 1
16 137 1
16 138 1
16 139 1
16 141 1
16 143 1
16 144 1
16 145 1
16 146 1
16 147 1
16 148 1
16 149 1
16 150 1
16 151 1
16 160 1
16 161 1
16 163 1
16 164 1
16 165 1
17 20 1
17 24 1
17 25 1
17 26 1
17 97 1
17 100 1
17 102 1
17 113 1
17 114 1
17 115 1
17 116 1
17 117 1
17 119 1
17 124 1
17 125 1
17 126 1
17 127 1
17 128 1
17 129 1
17 130 1
17 136 1
17 137 1
17 139 1
17 140 1
17 141 1
17 143 1
17 144 1
17 145 1
17 147 1
17 148 1
17 149 1
17 150 1
17 160 1
17 161 1
17 162 1
17 163 1
17 164 1
17 165 1
17 166 1
17 167 1
18 22 1
18 24 1
18 25 1
18 28 1
18 97 1
18 98 1
18 99 1
18 100 1
18 101 1
18 102 1
18 103 1
18 113 1
18 114 1
18 115 1
18 116 1
18 117 1
18 119 1
18 120 1
18 122 1
18 123 1
18 124 1
18 125 1
18 126 1
18 128 1
18 130 1
18 136 1
18 137 1
18 138 1
18 139 1
18 140 1
18 141 1
18 142 1
18 143 1
18 144 1
18 148 1
18 149 1
18 150 1
18 151 1
18 160 1
18 161 1
18 162 1
18 163 1
18 165 1
18 167 1
19 21 1
19 22 1
19 24 1
19 25 1
19 26 1
19 27 1
19 28 1
19 97 1
19 98 1
19 99 1
19 100 1
19 101 1
19 102 1
19 113 1
19 114 1
19 115 1
19 116 1
19 118 1
19 119 1
19 120 1
19 121 1
19 122 1
19 123 1
19 127 1
19 128 1
19 130 1
19 136 1
19 137 1
19 141 1
19 142 1
19 143 1
19 144 1
19 145 1
19 147 1
19 149 1
19 150 1
19 151 1
19 161 1
19 163 1
19 164 1
19 165 1
19 167 1
20 21 1
20 23 1
20 25 1
20 26 1
20 27 1
20 98 1
20 99 1
20 100 1
20 101 1
20 102 1
20 103 1
20 113 1
20 114 1
20 115 1
20 117 1
20 118 1
20 121 1
20 124 1
20 126 1
20 127 1
20 128 1
20 129 1
20 130 1
20 136 1
20 137 1
20 138 1
20 139 1
20 140 1
20 142 1
20 143 1
20 144 1
20 145 1
20 147 1
20 148 1
20 149 1
20 150 1
20 160 1
20 161 1
20 162 1
20 163 1
20 165 1
20 167 1
21 23 1
21 24 1
21 26 1
21 27 1
21 28 1
21 97 1
21 98 1
21 100 1
21 101 1
21 102 1
21 113 1
21 114 1
21 116 1
21 117 1
21 118 1
21 119 1
21 120 1
21 121 1
21 123 1
21 124 1
21 127 1
21 130 1
21 136 1
21 137 1
21 138 1
21 139 1
21 140 1
21 141 1
21 142 1
21 143 1
21 145 1
21 146 1
21 147 1
21 148 1
21 149 1
21 150 1
21 160 1
21 161 1
21 162 1
21 163 1
21 164 1
21 166 1
22 25 1
22 26 1
22 28 1
22 98 1
22 99 1
22 100 1
22 101 1
22 102 1
22 103 1
22 114 1
22 115 1
22 116 1
22 120 1
22 122 1
22 124 1
22 125 1
22 127 1
22 136 1
22 137 1
22 139 1
22 141 1
22 143 1
22 147 1
22 149 1
22 150 1
22 151 1
22 160 1
22 161 1
22 163 1
22 165 1
23 24 1
23 25 1
23 26 1
23 27 1
23 28 1
23 56 1
23 58 1
23 60 1
23 97 1
23 99 1
23 100 1
23 102 1
23 113 1
23 114 1
23 116 1
23 117 1
23 118 1
23 126 1
23 128 1
23 152 1
23 154 1
23 155 1
23 156 1
23 158 1
23 159 1
24 25 1
24 28 1
24 56 1
24 57 1
24 58 1
24 59 1
24 97 1
24 98 1
24 99 1
24 100 1
24 102 1
24 114 1
24 115 1
24 116 1
24 117 1
24 118 1
24 127 1
24 128 1
24 152 1
24 153 1
24 154 1
24 155 1
24 156 1
24 157 1
24 158 1
25 57 1
25 58 1
25 59 1
25 60 1
25 100 1
25 101 1
25 102 1
25 103 1
25 116 1
25 117 1
25 118 1
25 126 1
25 127 1
25 128 1
25 129 1
25 130 1
25 153 1
25 154 1
25 155 1
25 158 1
25 159 1
26 56 1
26 57 1
26 58 1
26 59 1
26 98 1
26 100 1
26 102 1
26 103 1
26 113 1
26 114 1
26 115 1
26 116 1
26 117 1
26 118 1
26 127 1
26 128 1
26 129 1
26 152 1
26 154 1
26 155 1
26 156 1
26 157 1
26 158 1
27 56 1
27 57 1
27 58 1
27 59 1
27 60 1
27 97 1
27 98 1
27 99 1
27 101 1
27 103 1
27 113 1
27 114 1
27 115 1
27 116 1
27 117 1
27 118 1
27 126 1
27 128 1
27 129 1
27 152 1
27 154 1
27 155 1
27 156 1
27 157 1
27 158 1
28 56 1
28 57 1
28 59 1
28 60 1
28 97 1
28 100 1
28 101 1
28 102 1
28 103 1
28 113 1
28 115 1
28 116 1
28 117 1
28 118 1
28 127 1
28 129 1
28 130 1
28 154 1
28 155 1
28 156 1
28 157 1
28 159 1
29 30 1
29 31 1
29 33 1
29 34 1
29 52 1
29 53 1
29 54 1
29 55 1
29 68 1
29 69 1
29 70 1
29 71 1
29 73 1
29 76 1
29 77 1
29 78 1
29 79 1
29 114 1
29 116 1
29 117 1
29 118 1
29 168 1
29 169 1
29 171 1
29 172 1
30 31 1
30 32 1
30 33 1
30 34 1
30 35 1
30 49 1
30 50 1
30 51 1
30 52 1
30 55 1
30 66 1
30 68 1
30 69 1
30 70 1
30 71 1
30 72 1
30 74 1
30 76 1
30 77 1
30 79 1
30 114 1
30 115 1
30 116 1
30 117 1
30 118 1
30 169 1
30 171 1
30 172 1
31 33 1
31 34 1
31 49 1
31 51 1
31 53 1
31 54 1
31 66 1
31 67 1
31 68 1
31 69 1
31 70 1
31 71 1
31 73 1
31 74 1
31 76 1
31 77 1
31 78 1
31 79 1
31 115 1
31 117 1
31 118 1
31 170 1
31 171 1
32 36 1
32 51 1
32 52 1
32 53 1
32 55 1
32 67 1
32 68 1
32 69 1
32 70 1
32 71 1
32 72 1
32 73 1
32 74 1
32 75 1
32 76 1
32 77 1
32 78 1
32 79 1
32 113 1
32 115 1
32 116 1
32 117 1
32 118 1
32 169 1
32 172 1
33 36 1
33 49 1
33 51 1
33 52 1
33 54 1
33 55 1
33 66 1
33 67 1
33 68 1
33 69 1
33 70 1
33 71 1
33 72 1
33 73 1
33 74 1
33 76 1
33 77 1
33 78 1
33 113 1
33 114 1
33 116 1
33 117 1
33 118 1
33 168 1
33 169 1
33 170 1
34 49 1
34 50 1
34 51 1
34 52 1
34 53 1
34 55 1
34 66 1
34 68 1
34 69 1
34 71 1
34 72 1
34 73 1
34 77 1
34 78 1
34 113 1
34 115 1
34 118 1
34 169 1
34 170 1
35 36 1
35 49 1
35 50 1
35 51 1
35 52 1
35 53 1
35 54 1
35 66 1
35 67 1
35 70 1
35 73 1
35 74 1
35 75 1
35 76 1
35 77 1
35 79 1
35 113 1
35 114 1
35 115 1
35 117 1
35 118 1
35 169 1
35 170 1
35 171 1
36 49 1
36 52 1
36 53 1
36 54 1
36 55 1
36 66 1
36 67 1
36 68 1
36 69 1
36 70 1
36 71 1
36 72 1
36 73 1
36 74 1
36 76 1
36 77 1
36 78 1
36 79 1
36 113 1
36 114 1
36 115 1
36 117 1
36 169 1
36 170 1
36 171 1
36 172 1
37 38 1
37 40 1
37 66 1
37 67 1
37 69 1
37 71 1
37 72 1
37 73 1
37 144 1
37 145 1
37 146 1
37 147 1
37 149 1
37 150 1
37 151 1
38 39 1
38 41 1
38 66 1
38 67 1
38 68 1
38 69 1
38 71 1
38 144 1
38 145 1
38 146 1
38 150 1
39 40 1
39 41 1
39 66 1
39 68 1
39 69 1
39 70 1
39 71 1
39 73 1
39 145 1
39 146 1
39 147 1
39 149 1
39 150 1
39 151 1
40 41 1
40 68 1
40 69 1
40 70 1
40 71 1
40 73 1
40 144 1
40 147 1
40 148 1
40 151 1
41 68 1
41 70 1
41 71 1
41 144 1
41 145 1
41 146 1
41 147 1
41 148 1
41 149 1
41 150 1
41 151 1
42 43 1
42 45 1
42 46 1
42 47 1
42 48 1
42 49 1
42 50 1
42 51 1
42 52 1
42 54 1
42 104 1
42 106 1
42 107 1
42 110 1
42 126 1
42 129 1
42 130 1
43 45 1
43 46 1
43 47 1
43 49 1
43 50 1
43 54 1
43 109 1
43 110 1
43 112 1
43 127 1
43 129 1
44 45 1
44 46 1
44 47 1
44 49 1
44 51 1
44 52 1
44 53 1
44 54 1
44 55 1
44 107 1
44 108 1
44 110 1
44 111 1
44 126 1
44 127 1
44 128 1
44 129 1
44 130 1
45 46 1
45 47 1
45 48 1
45 49 1
45 50 1
45 51 1
45 53 1
45 54 1
45 55 1
45 105 1
45 106 1
45 107 1
45 109 1
45 110 1
45 112 1
45 129 1
45 130 1
46 48 1
46 49 1
46 51 1
46 52 1
46 54 1
46 55 1
46 108 1
46 109 1
46 111 1
46 112 1
46 128 1
46 129 1
47 48 1
47 49 1
47 54 1
47 55 1
47 104 1
47 107 1
47 108 1
47 109 1
47 110 1
47 112 1
47 127 1
47 129 1
47 130 1
48 49 1
48 51 1
48 52 1
48 53 1
48 54 1
48 55 1
48 104 1
48 105 1
48 106 1
48 107 1
48 108 1
48 109 1
48 112 1
48 126 1
48 129 1
49 51 1
49 52 1
49 53 1
49 54 1
49 56 1
49 57 1
49 58 1
49 59 1
49 60 1
49 80 1
49 81 1
49 82 1
49 83 1
49 87 1
49 88 1
49 89 1
49 90 1
49 91 1
49 94 1
49 96 1
49 120 1
49 121 1
49 123 1
49 125 1
50 51 1
50 52 1
50 53 1
50 54 1
50 56 1
50 57 1
50 58 1
50 59 1
50 60 1
50 80 1
50 82 1
50 83 1
50 84 1
50 85 1
50 91 1
50 92 1
50 93 1
50 94 1
50 96 1
50 119 1
50 120 1
50 123 1
50 124 1
50 125 1
51 54 1
51 58 1
51 60 1
51 80 1
51 83 1
51 84 1
51 86 1
51 89 1
51 90 1
51 91 1
51 93 1
51 94 1
51 95 1
51 120 1
51 121 1
51 122 1
51 123 1
51 124 1
52 53 1
52 54 1
52 55 1
52 56 1
52 57 1
52 58 1
52 59 1
52 80 1
52 81 1
52 82 1
52 83 1
52 84 1
52 85 1
52 86 1
52 87 1
52 88 1
52 89 1
52 91 1
52 92 1
52 93 1
52 94 1
52 96 1
52 120 1
52 121 1
52 122 1
52 123 1
52 124 1
53 54 1
53 56 1
53 57 1
53 58 1
53 59 1
53 60 1
53 80 1
53 81 1
53 82 1
53 84 1
53 85 1
53 86 1
53 87 1
53 89 1
53 90 1
53 95 1
53 96 1
53 119 1
53 121 1
53 125 1
54 56 1
54 58 1
54 59 1
54 60 1
54 80 1
54 81 1
54 82 1
54 83 1
54 84 1
54 86 1
54 87 1
54 89 1
54 90 1
54 91 1
54 92 1
54 93 1
54 95 1
54 96 1
54 122 1
54 123 1
54 124 1
55 56 1
55 57 1
55 58 1
55 59 1
55 60 1
55 83 1
55 84 1
55 85 1
55 90 1
55 91 1
55 94 1
55 95 1
55 120 1
55 121 1
55 122 1
55 125 1
56 58 1
56 60 1
56 61 1
56 62 1
56 63 1
56 64 1
56 65 1
56 74 1
56 76 1
56 77 1
56 78 1
56 79 1
56 119 1
56 121 1
56 125 1
56 152 1
56 153 1
56 155 1
56 156 1
56 157 1
56 158 1
57 58 1
57 59 1
57 60 1
57 61 1
57 62 1
57 63 1
57 74 1
57 75 1
57 76 1
57 77 1
57 78 1
57 79 1
57 119 1
57 120 1
57 121 1
57 123 1
57 125 1
57 152 1
57 153 1
57 154 1
57 155 1
57 156 1
57 157 1
57 158 1
57 159 1
58 60 1
58 61 1
58 62 1
58 64 1
58 65 1
58 75 1
58 76 1
58 77 1
58 78 1
58 79 1
58 119 1
58 121 1
58 123 1
58 124 1
58 153 1
58 155 1
58 156 1
58 157 1
58 159 1
59 60 1
59 63 1
59 64 1
59 65 1
59 74 1
59 78 1
59 79 1
59 121 1
59 123 1
59 124 1
59 152 1
59 153 1
59 156 1
59 158 1
60 61 1
60 63 1
60 65 1
60 74 1
60 79 1
60 119 1
60 120 1
60 124 1
60 125 1
60 152 1
60 154 1
60 156 1
60 158 1
60 159 1
61 62 1
61 126 1
61 152 1
61 153 1
61 154 1
61 155 1
61 156 1
61 158 1
62 63 1
62 64 1
62 127 1
62 128 1
62 129 1
62 130 1
62 155 1
62 156 1
62 157 1
62 159 1
63 126 1
63 127 1
63 128 1
63 129 1
63 130 1
63 153 1
63 154 1
63 155 1
63 156 1
63 157 1
64 65 1
64 127 1
64 128 1
64 129 1
64 130 1
64 152 1
64 153 1
64 154 1
64 155 1
64 156 1
64 157 1
64 159 1
65 126 1
65 127 1
65 128 1
65 129 1
65 130 1
65 152 1
65 154 1
65 155 1
65 159 1
66 70 1
66 73 1
66 74 1
66 75 1
66 76 1
66 78 1
66 79 1
66 80 1
66 81 1
66 82 1
66 83 1
66 84 1
66 85 1
66 87 1
66 104 1
66 106 1
66 107 1
66 108 1
66 109 1
66 110 1
66 112 1
66 160 1
66 161 1
66 163 1
66 165 1
66 166 1
66 167 1
67 70 1
67 71 1
67 72 1
67 74 1
67 75 1
67 76 1
67 77 1
67 78 1
67 82 1
67 83 1
67 84 1
67 86 1
67 87 1
67 104 1
67 106 1
67 108 1
67 109 1
67 110 1
67 111 1
67 112 1
67 160 1
67 161 1
67 163 1
67 164 1
67 165 1
67 166 1
67 167 1
68 70 1
68 71 1
68 72 1
68 73 1
68 76 1
68 77 1
68 79 1
68 80 1
68 81 1
68 84 1
68 86 1
68 104 1
68 105 1
68 106 1
68 108 1
68 109 1
68 110 1
68 111 1
68 112 1
68 161 1
68 163 1
68 164 1
68 166 1
68 167 1
69 73 1
69 74 1
69 75 1
69 76 1
69 77 1
69 78 1
69 79 1
69 81 1
69 82 1
69 83 1
69 84 1
69 86 1
69 104 1
69 105 1
69 108 1
69 109 1
69 110 1
69 111 1
69 112 1
69 160 1
69 162 1
69 163 1
69 164 1
69 165 1
69 166 1
69 167 1
70 71 1
70 74 1
70 75 1
70 76 1
70 77 1
70 78 1
70 80 1
70 82 1
70 83 1
70 84 1
70 86 1
70 87 1
70 105 1
70 106 1
70 107 1
70 108 1
70 110 1
70 112 1
70 160 1
70 161 1
70 162 1
70 163 1
70 164 1
70 166 1
71 74 1
71 75 1
71 76 1
71 77 1
71 78 1
71 81 1
71 82 1
71 84 1
71 85 1
71 87 1
71 104 1
71 105 1
71 106 1
71 109 1
71 110 1
71 112 1
71 162 1
71 165 1
71 167 1
72 75 1
72 77 1
72 78 1
72 79 1
72 81 1
72 82 1
72 83 1
72 85 1
72 86 1
72 87 1
72 104 1
72 105 1
72 106 1
72 108 1
72 109 1
72 111 1
72 112 1
72 160 1
72 161 1
72 162 1
72 166 1
72 167 1
73 75 1
73 77 1
73 78 1
73 79 1
73 81 1
73 82 1
73 83 1
73 85 1
73 86 1
73 87 1
73 105 1
73 107 1
73 111 1
73 112 1
73 160 1
73 161 1
73 163 1
73 164 1
73 165 1
73 167 1
74 77 1
74 78 1
74 79 1
74 104 1
74 105 1
74 106 1
74 108 1
74 109 1
74 110 1
74 111 1
74 144 1
74 145 1
74 146 1
74 147 1
74 148 1
74 168 1
74 169 1
74 171 1
74 172 1
75 77 1
75 78 1
75 79 1
75 104 1
75 105 1
75 107 1
75 108 1
75 110 1
75 112 1
75 145 1
75 147 1
75 148 1
75 150 1
75 151 1
75 168 1
75 169 1
75 171 1
75 172 1
76 77 1
76 78 1
76 79 1
76 104 1
76 105 1
76 106 1
76 107 1
76 108 1
76 109 1
76 110 1
76 111 1
76 144 1
76 145 1
76 146 1
76 147 1
76 148 1
76 151 1
76 168 1
76 169 1
76 170 1
76 171 1
76 172 1
77 104 1
77 105 1
77 106 1
77 108 1
77 109 1
77 111 1
77 112 1
77 144 1
77 145 1
77 148 1
77 149 1
77 151 1
77 168 1
77 169 1
77 170 1
77 171 1
77 172 1
78 104 1
78 105 1
78 106 1
78 107 1
78 108 1
78 109 1
78 110 1
78 112 1
78 144 1
78 146 1
78 147 1
78 148 1
78 149 1
78 150 1
78 168 1
78 169 1
78 170 1
78 171 1
78 172 1
79 104 1
79 107 1
79 108 1
79 110 1
79 111 1
79 112 1
79 144 1
79 145 1
79 146 1
79 147 1
79 149 1
79 150 1
79 151 1
79 168 1
79 169 1
79 170 1
79 171 1
80 84 1
80 85 1
80 86 1
80 87 1
80 81 1
80 98 1
80 99 1
80 100 1
80 101 1
80 102 1
80 103 1
80 131 1
80 133 1
80 134 1
80 135 1
80 136 1
80 137 1
80 139 1
80 140 1
80 141 1
80 142 1
80 143 1
80 152 1
80 155 1
80 158 1
80 159 1
81 84 1
81 85 1
81 86 1
81 87 1
81 97 1
81 98 1
81 99 1
81 100 1
81 101 1
81 102 1
81 131 1
81 132 1
81 135 1
81 136 1
81 137 1
81 139 1
81 140 1
81 141 1
81 143 1
81 153 1
81 154 1
81 156 1
81 158 1
82 85 1
82 86 1
82 87 1
82 97 1
82 98 1
82 100 1
82 101 1
82 102 1
82 131 1
82 132 1
82 133 1
82 134 1
82 136 1
82 137 1
82 138 1
82 139 1
82 140 1
82 142 1
82 152 1
82 153 1
82 154 1
82 155 1
82 156 1
82 157 1
82 158 1
82 159 1
83 84 1
83 85 1
83 86 1
83 87 1
83 100 1
83 131 1
83 132 1
83 134 1
83 135 1
83 138 1
83 139 1
83 140 1
83 141 1
83 142 1
83 143 1
83 152 1
83 154 1
83 155 1
83 156 1
83 158 1
83 159 1
84 97 1
84 98 1
84 99 1
84 100 1
84 101 1
84 102 1
84 103 1
84 131 1
84 132 1
84 133 1
84 134 1
84 135 1
84 136 1
84 137 1
84 138 1
84 139 1
84 142 1
84 143 1
84 152 1
84 153 1
84 154 1
84 155 1
84 156 1
84 157 1
84 158 1
85 86 1
85 87 1
85 97 1
85 98 1
85 99 1
85 100 1
85 102 1
85 131 1
85 133 1
85 135 1
85 136 1
85 137 1
85 138 1
85 141 1
85 142 1
85 143 1
85 153 1
85 154 1
85 155 1
85 156 1
85 157 1
85 159 1
86 97 1
86 100 1
86 101 1
86 102 1
86 131 1
86 132 1
86 134 1
86 135 1
86 136 1
86 138 1
86 140 1
86 141 1
86 142 1
86 154 1
86 156 1
86 157 1
86 158 1
87 97 1
87 98 1
87 99 1
87 100 1
87 101 1
87 102 1
87 103 1
87 132 1
87 133 1
87 134 1
87 135 1
87 136 1
87 137 1
87 138 1
87 140 1
87 142 1
87 152 1
87 154 1
87 156 1
87 157 1
87 159 1
88 92 1
88 93 1
88 94 1
88 95 1
88 96 1
88 89 1
88 97 1
88 100 1
88 101 1
88 102 1
88 104 1
88 106 1
88 107 1
88 108 1
88 111 1
88 112 1
88 113 1
88 114 1
88 115 1
88 116 1
88 117 1
88 118 1
88 136 1
88 137 1
88 138 1
88 140 1
88 141 1
89 93 1
89 94 1
89 95 1
89 96 1
89 91 1
89 97 1
89 99 1
89 100 1
89 101 1
89 103 1
89 104 1
89 105 1
89 106 1
89 110 1
89 111 1
89 112 1
89 113 1
89 114 1
89 115 1
89 117 1
89 138 1
89 140 1
89 141 1
89 142 1
90 92 1
90 93 1
90 94 1
90 95 1
90 96 1
90 97 1
90 98 1
90 101 1
90 102 1
90 103 1
90 104 1
90 106 1
90 107 1
90 108 1
90 109 1
90 110 1
90 111 1
90 113 1
90 115 1
90 116 1
90 117 1
90 118 1
90 136 1
90 137 1
90 138 1
90 139 1
90 142 1
90 143 1
91 93 1
91 94 1
91 97 1
91 98 1
91 100 1
91 102 1
91 106 1
91 109 1
91 111 1
91 113 1
91 114 1
91 115 1
91 116 1
91 118 1
91 136 1
91 137 1
91 139 1
91 140 1
91 141 1
91 142 1
91 143 1
92 95 1
92 97 1
92 98 1
92 101 1
92 103 1
92 104 1
92 105 1
92 107 1
92 108 1
92 111 1
92 112 1
92 113 1
92 114 1
92 115 1
92 118 1
92 136 1
92 137 1
92 138 1
92 141 1
92 142 1
92 143 1
93 97 1
93 100 1
93 102 1
93 103 1
93 104 1
93 105 1
93 106 1
93 107 1
93 108 1
93 109 1
93 110 1
93 111 1
93 113 1
93 117 1
93 118 1
93 138 1
93 140 1
93 141 1
93 142 1
93 143 1
94 95 1
94 97 1
94 102 1
94 104 1
94 105 1
94 106 1
94 107 1
94 109 1
94 110 1
94 112 1
94 113 1
94 114 1
94 116 1
94 118 1
94 136 1
94 137 1
94 138 1
94 140 1
94 141 1
94 142 1
95 97 1
95 98 1
95 99 1
95 100 1
95 101 1
95 102 1
95 104 1
95 106 1
95 107 1
95 109 1
95 110 1
95 112 1
95 116 1
95 117 1
95 136 1
95 137 1
95 138 1
95 139 1
95 140 1
95 141 1
95 142 1
96 97 1
96 99 1
96 100 1
96 102 1
96 103 1
96 104 1
96 105 1
96 106 1
96 108 1
96 111 1
96 112 1
96 113 1
96 114 1
96 115 1
96 117 1
96 136 1
96 137 1
96 138 1
96 139 1
96 140 1
96 141 1
96 143 1
97 100 1
97 101 1
97 102 1
97 103 1
97 98 1
97 99 1
97 114 1
97 115 1
97 117 1
97 119 1
97 120 1
97 121 1
97 122 1
97 123 1
97 124 1
97 125 1
97 152 1
97 153 1
97 155 1
97 156 1
97 158 1
97 159 1
98 100 1
98 102 1
98 103 1
98 113 1
98 114 1
98 115 1
98 116 1
98 117 1
98 118 1
98 120 1
98 121 1
98 124 1
98 125 1
98 152 1
98 155 1
98 156 1
98 157 1
98 158 1
98 159 1
99 101 1
99 102 1
99 103 1
99 113 1
99 116 1
99 117 1
99 118 1
99 121 1
99 122 1
99 124 1
99 155 1
99 157 1
99 158 1
99 159 1
100 102 1
100 113 1
100 114 1
100 116 1
100 117 1
100 118 1
100 119 1
100 120 1
100 121 1
100 122 1
100 123 1
100 125 1
100 152 1
100 153 1
100 154 1
100 155 1
100 157 1
100 158 1
100 159 1
101 114 1
101 115 1
101 119 1
101 120 1
101 121 1
101 122 1
101 123 1
101 124 1
101 125 1
101 152 1
101 153 1
101 156 1
101 157 1
101 158 1
101 159 1
102 113 1
102 115 1
102 116 1
102 118 1
102 119 1
102 120 1
102 122 1
102 123 1
102 124 1
102 152 1
102 153 1
102 154 1
102 155 1
102 156 1
102 157 1
102 158 1
102 159 1
103 113 1
103 114 1
103 115 1
103 117 1
103 118 1
103 119 1
103 120 1
103 121 1
103 122 1
103 124 1
103 125 1
103 155 1
103 156 1
103 157 1
103 158 1
104 105 1
104 109 1
104 115 1
104 116 1
104 117 1
104 118 1
104 160 1
104 161 1
104 162 1
104 165 1
104 166 1
104 168 1
104 169 1
104 170 1
104 172 1
105 106 1
105 111 1
105 115 1
105 117 1
105 118 1
105 162 1
105 163 1
105 164 1
105 165 1
105 168 1
105 169 1
105 170 1
105 171 1
105 172 1
106 108 1
106 113 1
106 115 1
106 116 1
106 160 1
106 161 1
106 163 1
106 164 1
106 165 1
106 166 1
106 167 1
106 169 1
106 171 1
106 172 1
107 108 1
107 114 1
107 116 1
107 118 1
107 160 1
107 161 1
107 162 1
107 164 1
107 166 1
107 167 1
107 168 1
107 169 1
107 170 1
107 171 1
108 110 1
108 113 1
108 114 1
108 115 1
108 118 1
108 160 1
108 161 1
108 162 1
108 163 1
108 165 1
108 167 1
108 168 1
108 169 1
108 170 1
108 171 1
109 110 1
109 113 1
109 114 1
109 115 1
109 116 1
109 117 1
109 118 1
109 160 1
109 161 1
109 163 1
109 164 1
109 165 1
109 167 1
109 170 1
109 172 1
110 111 1
110 114 1
110 115 1
110 116 1
110 117 1
110 118 1
110 161 1
110 162 1
110 165 1
110 166 1
110 167 1
110 168 1
110 169 1
110 170 1
110 172 1
111 112 1
111 113 1
111 114 1
111 116 1
111 117 1
111 118 1
111 160 1
111 161 1
111 165 1
111 166 1
111 167 1
111 169 1
111 170 1
111 171 1
112 114 1
112 115 1
112 116 1
112 118 1
112 160 1
112 162 1
112 163 1
112 164 1
112 165 1
112 166 1
112 167 1
112 168 1
112 169 1
112 170 1
112 172 1
113 114 1
114 115 1
114 116 1
114 118 1
115 116 1
115 118 1
117 118 1
119 132 1
119 133 1
119 153 1
119 154 1
119 155 1
119 156 1
119 157 1
119 159 1
119 160 1
119 161 1
119 162 1
119 163 1
119 164 1
119 165 1
119 166 1
119 167 1
119 168 1
119 170 1
119 172 1
120 121 1
120 125 1
120 131 1
120 132 1
120 133 1
120 135 1
120 153 1
120 154 1
120 156 1
120 157 1
120 159 1
120 160 1
120 162 1
120 164 1
120 166 1
120 167 1
120 168 1
120 169 1
120 171 1
120 172 1
121 123 1
121 125 1
121 134 1
121 135 1
121 152 1
121 155 1
121 156 1
121 157 1
121 159 1
121 160 1
121 161 1
121 162 1
121 163 1
121 165 1
121 166 1
121 167 1
121 168 1
121 169 1
121 170 1
121 172 1
122 131 1
122 132 1
122 133 1
122 135 1
122 152 1
122 153 1
122 154 1
122 155 1
122 156 1
122 157 1
122 158 1
122 161 1
122 162 1
122 163 1
122 164 1
122 165 1
122 166 1
122 167 1
122 169 1
122 170 1
122 171 1
123 124 1
123 131 1
123 132 1
123 134 1
123 135 1
123 152 1
123 153 1
123 155 1
123 157 1
123 158 1
123 159 1
123 161 1
123 162 1
123 163 1
123 164 1
123 165 1
123 167 1
123 168 1
123 169 1
123 170 1
123 171 1
124 131 1
124 133 1
124 134 1
124 135 1
124 154 1
124 155 1
124 157 1
124 158 1
124 159 1
124 160 1
124 161 1
124 162 1
124 163 1
124 165 1
124 166 1
124 167 1
124 168 1
124 170 1
125 132 1
125 133 1
125 134 1
125 135 1
125 152 1
125 153 1
125 154 1
125 156 1
125 157 1
125 158 1
125 159 1
125 160 1
125 161 1
125 162 1
125 163 1
125 164 1
125 165 1
125 166 1
125 167 1
125 168 1
125 170 1
125 171 1
125 172 1
126 127 1
126 128 1
126 129 1
126 144 1
126 145 1
126 146 1
126 147 1
126 148 1
126 149 1
126 150 1
126 151 1
127 128 1
127 130 1
127 144 1
127 145 1
127 147 1
127 148 1
127 149 1
127 150 1
127 151 1
128 129 1
128 146 1
128 148 1
128 149 1
128 150 1
128 151 1
129 130 1
129 146 1
129 147 1
129 149 1
129 150 1
129 151 1
130 144 1
130 146 1
130 147 1
130 148 1
130 149 1
130 150 1
130 151 1
131 132 1
131 134 1
131 135 1
131 168 1
131 169 1
131 170 1
131 171 1
131 172 1
132 170 1
133 134 1
133 135 1
133 169 1
134 169 1
134 171 1
135 168 1
135 169 1
135 170 1
135 171 1
135 172 1
136 138 1
136 142 1
136 143 1
137 139 1
138 141 1
138 142 1
140 142 1
141 142 1
144 150 1
144 154 1
144 159 1
145 146 1
145 152 1
145 153 1
145 154 1
145 156 1
146 150 1
146 154 1
146 155 1
146 156 1
146 157 1
146 158 1
146 159 1
147 152 1
147 153 1
147 155 1
147 156 1
147 157 1
147 159 1
148 153 1
148 155 1
148 156 1
148 157 1
148 158 1
149 150 1
149 156 1
149 157 1
149 158 1
149 159 1
150 153 1
150 155 1
150 157 1
150 158 1
150 159 1
151 152 1
151 153 1
151 155 1
151 156 1
151 159 1
153 157 1
153 159 1
154 157 1
155 156 1
158 159 1
160 163 1
160 166 1
160 167 1
160 169 1
160 171 1
161 167 1
161 169 1
161 170 1
161 171 1
161 172 1
162 165 1
162 167 1
162 169 1
162 170 1
162 171 1
162 172 1
163 166 1
163 168 1
163 169 1
163 170 1
163 171 1
163 172 1
164 168 1
164 169 1
164 170 1
165 168 1
165 169 1
165 170 1
165 171 1
165 172 1
166 168 1
166 169 1
166 171 1
166 172 1
167 172 1
168 171 1
169 172 1
170 171 1
