1 2 1
1 4 1
1 5 1
1 6 1
1 16 1
1 17 1
1 18 1
1 19 1
1 20 1
1 21 1
1 29 1
1 31 1
1 32 1
1 33 1
1 34 1
1 35 1
1 43 1
1 44 1
1 45 1
1 46 1
1 47 1
1 48 1
1 49 1
1 50 1
1 51 1
1 52 1
1 53 1
1 54 1
1 55 1
1 56 1
1 57 1
1 58 1
1 88 1
1 89 1
1 90 1
1 91 1
1 92 1
1 93 1
1 94 1
1 95 1
1 96 1
1 97 1
1 98 1
1 99 1
1 100 1
1 101 1
1 127 1
1 128 1
1 129 1
1 130 1
1 131 1
1 148 1
1 149 1
1 150 1
1 151 1
1 152 1
1 153 1
1 154 1
1 155 1
1 156 1
1 157 1
1 158 1
2 16 1
2 17 1
2 18 1
2 19 1
2 21 1
2 29 1
2 30 1
2 31 1
2 32 1
2 33 1
2 34 1
2 35 1
2 43 1
2 44 1
2 45 1
2 46 1
2 47 1
2 48 1
2 49 1
2 50 1
2 51 1
2 52 1
2 53 1
2 54 1
2 55 1
2 56 1
2 57 1
2 58 1
2 88 1
2 89 1
2 90 1
2 91 1
2 92 1
2 93 1
2 94 1
2 95 1
2 96 1
2 97 1
2 98 1
2 99 1
2 100 1
2 101 1
2 127 1
2 128 1
2 129 1
2 130 1
2 131 1
2 148 1
2 149 1
2 150 1
2 151 1
2 153 1
2 154 1
2 156 1
2 157 1
2 158 1
3 4 1
3 6 1
3 16 1
3 17 1
3 18 1
3 19 1
3 20 1
3 21 1
3 30 1
3 31 1
3 32 1
3 33 1
3 34 1
3 35 1
3 43 1
3 44 1
3 45 1
3 46 1
3 47 1
3 48 1
3 49 1
3 50 1
3 51 1
3 52 1
3 53 1
3 54 1
3 55 1
3 56 1
3 57 1
3 58 1
3 88 1
3 89 1
3 90 1
3 91 1
3 92 1
3 93 1
3 94 1
3 95 1
3 97 1
3 98 1
3 99 1
3 100 1
3 101 1
3 127 1
3 128 1
3 130 1
3 131 1
3 148 1
3 149 1
3 150 1
3 151 1
3 152 1
3 153 1
3 154 1
3 155 1
3 156 1
3 157 1
3 158 1
4 6 1
4 16 1
4 17 1
4 18 1
4 19 1
4 20 1
4 21 1
4 29 1
4 30 1
4 31 1
4 32 1
4 33 1
4 34 1
4 35 1
4 43 1
4 44 1
4 46 1
4 47 1
4 48 1
4 49 1
4 50 1
4 51 1
4 52 1
4 53 1
4 54 1
4 55 1
4 56 1
4 57 1
4 58 1
4 88 1
4 90 1
4 91 1
4 92 1
4 94 1
4 95 1
4 96 1
4 97 1
4 98 1
4 99 1
4 100 1
4 101 1
4 127 1
4 128 1
4 129 1
4 130 1
4 131 1
4 148 1
4 149 1
4 150 1
4 151 1
4 152 1
4 153 1
4 154 1
4 155 1
4 156 1
4 157 1
4 158 1
5 16 1
5 17 1
5 18 1
5 19 1
5 20 1
5 21 1
5 29 1
5 30 1
5 31 1
5 32 1
5 33 1
5 34 1
5 35 1
5 43 1
5 44 1
5 45 1
5 46 1
5 47 1
5 48 1
5 49 1
5 50 1
5 51 1
5 52 1
5 53 1
5 54 1
5 55 1
5 56 1
5 57 1
5 58 1
5 88 1
5 89 1
5 90 1
5 91 1
5 92 1
5 93 1
5 94 1
5 95 1
5 96 1
5 97 1
5 98 1
5 99 1
5 100 1
5 101 1
5 127 1
5 131 1
5 148 1
5 149 1
5 150 1
5 151 1
5 152 1
5 153 1
5 154 1
5 155 1
5 156 1
5 157 1
6 16 1
6 17 1
6 18 1
6 19 1
6 20 1
6 21 1
6 29 1
6 30 1
6 31 1
6 32 1
6 33 1
6 34 1
6 35 1
6 43 1
6 44 1
6 45 1
6 46 1
6 47 1
6 48 1
6 49 1
6 50 1
6 51 1
6 52 1
6 53 1
6 54 1
6 55 1
6 56 1
6 57 1
6 58 1
6 88 1
6 89 1
6 90 1
6 91 1
6 92 1
6 93 1
6 94 1
6 95 1
6 96 1
6 97 1
6 98 1
6 99 1
6 100 1
6 101 1
6 127 1
6 128 1
6 129 1
6 130 1
6 148 1
6 149 1
6 150 1
6 151 1
6 152 1
6 153 1
6 155 1
6 156 1
6 157 1
6 158 1
7 9 1
7 10 1
7 12 1
7 13 1
7 14 1
7 43 1
7 44 1
7 45 1
7 46 1
7 47 1
7 48 1
7 49 1
7 50 1
7 51 1
7 59 1
7 60 1
7 61 1
7 62 1
7 63 1
7 64 1
7 65 1
7 81 1
7 82 1
7 83 1
7 84 1
7 85 1
7 86 1
7 87 1
7 88 1
7 89 1
7 90 1
7 91 1
7 92 1
7 93 1
7 127 1
7 128 1
7 129 1
7 130 1
7 131 1
7 166 1
7 169 1
7 170 1
7 171 1
7 172 1
7 173 1
7 174 1
8 11 1
8 12 1
8 43 1
8 44 1
8 45 1
8 46 1
8 47 1
8 48 1
8 49 1
8 50 1
8 51 1
8 60 1
8 61 1
8 62 1
8 63 1
8 64 1
8 65 1
8 81 1
8 82 1
8 83 1
8 84 1
8 85 1
8 86 1
8 87 1
8 88 1
8 89 1
8 90 1
8 91 1
8 92 1
8 93 1
8 127 1
8 128 1
8 129 1
8 130 1
8 131 1
8 166 1
8 167 1
8 168 1
8 169 1
8 170 1
8 171 1
8 172 1
8 173 1
8 174 1
8 175 1
9 10 1
9 13 1
9 43 1
9 44 1
9 45 1
9 46 1
9 47 1
9 48 1
9 49 1
9 50 1
9 51 1
9 59 1
9 60 1
9 61 1
9 62 1
9 63 1
9 64 1
9 81 1
9 82 1
9 83 1
9 84 1
9 85 1
9 86 1
9 87 1
9 88 1
9 89 1
9 90 1
9 91 1
9 92 1
9 93 1
9 127 1
9 128 1
9 129 1
9 130 1
9 131 1
9 166 1
9 167 1
9 168 1
9 169 1
9 170 1
9 171 1
9 172 1
9 173 1
9 174 1
9 175 1
10 11 1
10 14 1
10 43 1
10 44 1
10 45 1
10 46 1
10 47 1
10 48 1
10 50 1
10 51 1
10 59 1
10 60 1
10 61 1
10 63 1
10 64 1
10 65 1
10 81 1
10 82 1
10 83 1
10 85 1
10 86 1
10 87 1
10 88 1
10 89 1
10 90 1
10 91 1
10 92 1
10 93 1
10 127 1
10 128 1
10 129 1
10 131 1
10 167 1
10 168 1
10 169 1
10 170 1
10 171 1
10 172 1
10 173 1
10 174 1
10 175 1
11 14 1
11 43 1
11 44 1
11 45 1
11 46 1
11 47 1
11 48 1
11 49 1
11 50 1
11 51 1
11 59 1
11 60 1
11 61 1
11 62 1
11 63 1
11 64 1
11 65 1
11 81 1
11 82 1
11 83 1
11 85 1
11 86 1
11 87 1
11 88 1
11 89 1
11 90 1
11 91 1
11 92 1
11 93 1
11 127 1
11 128 1
11 129 1
11 130 1
11 131 1
11 166 1
11 167 1
11 168 1
11 169 1
11 170 1
11 172 1
11 173 1
11 174 1
11 175 1
12 43 1
12 45 1
12 46 1
12 47 1
12 48 1
12 49 1
12 50 1
12 51 1
12 59 1
12 62 1
12 63 1
12 64 1
12 65 1
12 81 1
12 82 1
12 83 1
12 84 1
12 85 1
12 86 1
12 87 1
12 88 1
12 89 1
12 90 1
12 91 1
12 93 1
12 127 1
12 128 1
12 129 1
12 130 1
12 131 1
12 166 1
12 167 1
12 168 1
12 169 1
12 170 1
12 171 1
12 172 1
12 173 1
12 174 1
12 175 1
13 43 1
13 44 1
13 45 1
13 46 1
13 47 1
13 49 1
13 50 1
13 51 1
13 59 1
13 60 1
13 61 1
13 62 1
13 63 1
13 64 1
13 65 1
13 81 1
13 82 1
13 83 1
13 84 1
13 85 1
13 86 1
13 87 1
13 88 1
13 89 1
13 90 1
13 91 1
13 92 1
13 93 1
13 127 1
13 128 1
13 129 1
13 130 1
13 131 1
13 166 1
13 167 1
13 168 1
13 169 1
13 170 1
13 171 1
13 172 1
13 173 1
13 174 1
13 175 1
14 43 1
14 44 1
14 46 1
14 47 1
14 48 1
14 50 1
14 51 1
14 59 1
14 60 1
14 61 1
14 62 1
14 63 1
14 64 1
14 65 1
14 81 1
14 82 1
14 84 1
14 85 1
14 86 1
14 87 1
14 88 1
14 89 1
14 90 1
14 91 1
14 92 1
14 93 1
14 127 1
14 128 1
14 129 1
14 130 1
14 131 1
14 166 1
14 167 1
14 168 1
14 170 1
14 171 1
14 172 1
14 173 1
14 174 1
14 175 1
15 43 1
15 44 1
15 45 1
15 46 1
15 47 1
15 48 1
15 49 1
15 50 1
15 51 1
15 59 1
15 60 1
15 61 1
15 62 1
15 63 1
15 64 1
15 81 1
15 82 1
15 83 1
15 84 1
15 85 1
15 86 1
15 87 1
15 88 1
15 89 1
15 90 1
15 92 1
15 93 1
15 127 1
15 128 1
15 129 1
15 130 1
15 131 1
15 166 1
15 168 1
15 169 1
15 170 1
15 171 1
15 172 1
15 173 1
15 174 1
15 175 1
16 17 1
16 18 1
16 19 1
16 20 1
16 21 1
16 29 1
16 30 1
16 31 1
16 32 1
16 33 1
16 34 1
16 35 1
16 36 1
16 38 1
16 39 1
16 40 1
16 41 1
16 42 1
16 74 1
16 75 1
16 76 1
16 77 1
16 78 1
16 79 1
16 80 1
16 102 1
16 103 1
16 104 1
16 105 1
16 106 1
16 107 1
16 108 1
16 109 1
16 110 1
16 112 1
16 113 1
16 114 1
16 115 1
16 116 1
16 118 1
16 119 1
16 120 1
16 121 1
16 123 1
16 124 1
16 125 1
16 126 1
16 132 1
16 133 1
16 134 1
16 135 1
16 136 1
16 137 1
16 138 1
16 139 1
17 18 1
17 21 1
17 29 1
17 30 1
17 31 1
17 32 1
17 33 1
17 34 1
17 35 1
17 36 1
17 37 1
17 39 1
17 40 1
17 42 1
17 74 1
17 75 1
17 76 1
17 78 1
17 79 1
17 80 1
17 102 1
17 103 1
17 104 1
17 105 1
17 106 1
17 107 1
17 108 1
17 109 1
17 110 1
17 111 1
17 112 1
17 113 1
17 114 1
17 115 1
17 116 1
17 117 1
17 118 1
17 119 1
17 120 1
17 121 1
17 122 1
17 123 1
17 124 1
17 125 1
17 126 1
17 132 1
17 133 1
17 134 1
17 135 1
17 136 1
17 137 1
17 138 1
17 139 1
18 29 1
18 30 1
18 31 1
18 32 1
18 33 1
18 34 1
18 35 1
18 36 1
18 37 1
18 38 1
18 39 1
18 40 1
18 41 1
18 42 1
18 74 1
18 75 1
18 76 1
18 77 1
18 78 1
18 79 1
18 80 1
18 102 1
18 103 1
18 104 1
18 105 1
18 106 1
18 107 1
18 108 1
18 109 1
18 110 1
18 111 1
18 112 1
18 113 1
18 114 1
18 115 1
18 117 1
18 119 1
18 120 1
18 121 1
18 122 1
18 123 1
18 124 1
18 125 1
18 126 1
18 132 1
18 133 1
18 134 1
18 135 1
18 136 1
18 137 1
18 138 1
18 139 1
19 29 1
19 30 1
19 31 1
19 32 1
19 33 1
19 34 1
19 35 1
19 36 1
19 37 1
19 38 1
19 39 1
19 40 1
19 41 1
19 42 1
19 74 1
19 75 1
19 76 1
19 77 1
19 78 1
19 79 1
19 80 1
19 102 1
19 104 1
19 105 1
19 106 1
19 107 1
19 108 1
19 109 1
19 110 1
19 111 1
19 112 1
19 113 1
19 114 1
19 115 1
19 116 1
19 117 1
19 118 1
19 119 1
19 120 1
19 121 1
19 122 1
19 123 1
19 124 1
19 125 1
19 126 1
19 132 1
19 133 1
19 134 1
19 135 1
19 136 1
19 137 1
19 138 1
19 139 1
20 29 1
20 30 1
20 31 1
20 32 1
20 33 1
20 34 1
20 35 1
20 36 1
20 37 1
20 38 1
20 39 1
20 40 1
20 41 1
20 42 1
20 74 1
20 75 1
20 76 1
20 77 1
20 78 1
20 79 1
20 80 1
20 102 1
20 104 1
20 105 1
20 106 1
20 107 1
20 108 1
20 109 1
20 110 1
20 111 1
20 112 1
20 113 1
20 114 1
20 115 1
20 116 1
20 117 1
20 119 1
20 120 1
20 121 1
20 122 1
20 123 1
20 124 1
20 125 1
20 126 1
20 132 1
20 133 1
20 134 1
20 135 1
20 136 1
20 137 1
20 138 1
20 139 1
21 29 1
21 30 1
21 31 1
21 32 1
21 33 1
21 34 1
21 35 1
21 36 1
21 37 1
21 38 1
21 39 1
21 40 1
21 41 1
21 42 1
21 74 1
21 75 1
21 76 1
21 77 1
21 78 1
21 79 1
21 80 1
21 102 1
21 103 1
21 104 1
21 105 1
21 106 1
21 107 1
21 108 1
21 109 1
21 110 1
21 111 1
21 112 1
21 113 1
21 114 1
21 115 1
21 116 1
21 117 1
21 118 1
21 119 1
21 120 1
21 121 1
21 122 1
21 123 1
21 124 1
21 126 1
21 132 1
21 133 1
21 134 1
21 135 1
21 136 1
21 137 1
21 138 1
21 139 1
22 23 1
22 24 1
22 25 1
22 27 1
22 28 1
22 43 1
22 45 1
22 46 1
22 47 1
22 48 1
22 49 1
22 50 1
22 51 1
22 59 1
22 60 1
22 61 1
22 62 1
22 63 1
22 64 1
22 65 1
22 140 1
22 141 1
22 142 1
22 143 1
22 144 1
22 145 1
22 146 1
22 161 1
22 162 1
22 163 1
22 164 1
22 165 1
23 26 1
23 27 1
23 43 1
23 44 1
23 45 1
23 46 1
23 48 1
23 49 1
23 50 1
23 51 1
23 59 1
23 60 1
23 61 1
23 62 1
23 63 1
23 64 1
23 65 1
23 140 1
23 141 1
23 142 1
23 144 1
23 145 1
23 146 1
23 159 1
23 160 1
23 161 1
23 162 1
23 163 1
23 164 1
23 165 1
24 26 1
24 27 1
24 28 1
24 43 1
24 45 1
24 46 1
24 47 1
24 49 1
24 51 1
24 59 1
24 60 1
24 61 1
24 62 1
24 63 1
24 64 1
24 65 1
24 140 1
24 141 1
24 142 1
24 143 1
24 144 1
24 145 1
24 146 1
24 147 1
24 159 1
24 160 1
24 161 1
24 162 1
24 163 1
24 164 1
24 165 1
25 26 1
25 43 1
25 44 1
25 45 1
25 46 1
25 47 1
25 48 1
25 49 1
25 50 1
25 51 1
25 59 1
25 60 1
25 61 1
25 62 1
25 63 1
25 64 1
25 65 1
25 140 1
25 141 1
25 142 1
25 144 1
25 145 1
25 146 1
25 147 1
25 159 1
25 160 1
25 161 1
25 162 1
25 163 1
25 164 1
25 165 1
26 43 1
26 44 1
26 45 1
26 46 1
26 47 1
26 48 1
26 49 1
26 50 1
26 51 1
26 59 1
26 60 1
26 61 1
26 62 1
26 63 1
26 65 1
26 140 1
26 141 1
26 142 1
26 143 1
26 144 1
26 145 1
26 146 1
26 147 1
26 159 1
26 160 1
26 161 1
26 162 1
26 163 1
26 164 1
26 165 1
27 43 1
27 44 1
27 45 1
27 46 1
27 47 1
27 48 1
27 50 1
27 51 1
27 59 1
27 60 1
27 61 1
27 62 1
27 63 1
27 64 1
27 65 1
27 140 1
27 141 1
27 142 1
27 143 1
27 144 1
27 145 1
27 146 1
27 147 1
27 159 1
27 160 1
27 161 1
27 162 1
27 163 1
27 164 1
27 165 1
28 43 1
28 44 1
28 45 1
28 46 1
28 47 1
28 48 1
28 49 1
28 50 1
28 51 1
28 59 1
28 60 1
28 62 1
28 63 1
28 64 1
28 65 1
28 140 1
28 141 1
28 143 1
28 144 1
28 145 1
28 146 1
28 147 1
28 159 1
28 160 1
28 161 1
28 162 1
28 164 1
28 165 1
29 30 1
29 31 1
29 32 1
29 33 1
29 34 1
29 35 1
29 88 1
29 89 1
29 90 1
29 91 1
29 92 1
29 93 1
29 132 1
29 133 1
29 134 1
29 135 1
29 136 1
29 137 1
29 138 1
29 139 1
29 166 1
29 167 1
29 168 1
29 169 1
29 170 1
30 88 1
30 89 1
30 90 1
30 91 1
30 92 1
30 132 1
30 133 1
30 134 1
30 135 1
30 136 1
30 137 1
30 138 1
30 139 1
30 166 1
30 167 1
30 168 1
30 169 1
30 170 1
31 33 1
31 34 1
31 35 1
31 88 1
31 89 1
31 90 1
31 91 1
31 92 1
31 93 1
31 132 1
31 133 1
31 134 1
31 135 1
31 136 1
31 137 1
31 138 1
31 139 1
31 166 1
31 167 1
31 168 1
31 169 1
31 170 1
32 88 1
32 89 1
32 91 1
32 92 1
32 132 1
32 133 1
32 135 1
32 136 1
32 137 1
32 138 1
32 139 1
32 166 1
32 167 1
32 168 1
32 169 1
32 170 1
33 34 1
33 88 1
33 89 1
33 90 1
33 91 1
33 92 1
33 93 1
33 132 1
33 133 1
33 134 1
33 135 1
33 136 1
33 137 1
33 138 1
33 139 1
33 166 1
33 167 1
33 168 1
33 169 1
33 170 1
34 88 1
34 89 1
34 90 1
34 91 1
34 92 1
34 93 1
34 132 1
34 133 1
34 135 1
34 136 1
34 137 1
34 138 1
34 139 1
34 166 1
34 167 1
34 168 1
34 169 1
34 170 1
35 88 1
35 90 1
35 91 1
35 92 1
35 93 1
35 132 1
35 133 1
35 134 1
35 135 1
35 136 1
35 137 1
35 138 1
35 139 1
35 166 1
35 167 1
35 168 1
35 169 1
35 170 1
36 37 1
36 39 1
36 41 1
36 42 1
36 52 1
36 53 1
36 54 1
36 55 1
36 56 1
36 58 1
36 88 1
36 89 1
36 90 1
36 91 1
36 92 1
36 93 1
37 38 1
37 40 1
37 41 1
37 42 1
37 52 1
37 53 1
37 56 1
37 57 1
37 58 1
37 88 1
37 89 1
37 90 1
37 91 1
37 92 1
37 93 1
38 40 1
38 41 1
38 42 1
38 52 1
38 53 1
38 54 1
38 55 1
38 56 1
38 57 1
38 58 1
38 88 1
38 90 1
38 91 1
38 92 1
38 93 1
39 40 1
39 41 1
39 42 1
39 52 1
39 53 1
39 54 1
39 55 1
39 57 1
39 58 1
39 88 1
39 89 1
39 90 1
39 91 1
39 92 1
39 93 1
40 42 1
40 52 1
40 53 1
40 54 1
40 55 1
40 56 1
40 57 1
40 58 1
40 88 1
40 89 1
40 90 1
40 91 1
40 92 1
41 42 1
41 52 1
41 53 1
41 54 1
41 55 1
41 56 1
41 57 1
41 58 1
41 88 1
41 89 1
41 90 1
41 91 1
41 92 1
41 93 1
42 52 1
42 53 1
42 54 1
42 55 1
42 56 1
42 57 1
42 58 1
42 88 1
42 89 1
42 90 1
42 91 1
42 92 1
42 93 1
43 44 1
43 45 1
43 47 1
43 48 1
43 49 1
43 50 1
43 74 1
43 75 1
43 76 1
43 77 1
43 78 1
43 79 1
43 80 1
43 88 1
43 89 1
43 90 1
43 91 1
43 92 1
43 93 1
43 127 1
43 128 1
43 129 1
43 130 1
43 131 1
43 140 1
43 141 1
43 142 1
43 143 1
43 144 1
43 145 1
43 147 1
43 148 1
43 149 1
43 150 1
43 151 1
43 152 1
43 153 1
43 154 1
43 155 1
43 156 1
43 157 1
43 158 1
44 47 1
44 48 1
44 49 1
44 50 1
44 51 1
44 74 1
44 76 1
44 77 1
44 78 1
44 79 1
44 80 1
44 88 1
44 89 1
44 90 1
44 91 1
44 92 1
44 93 1
44 127 1
44 128 1
44 129 1
44 130 1
44 131 1
44 140 1
44 141 1
44 142 1
44 143 1
44 144 1
44 145 1
44 146 1
44 147 1
44 148 1
44 149 1
44 150 1
44 151 1
44 152 1
44 153 1
44 154 1
44 155 1
44 156 1
44 157 1
44 158 1
45 47 1
45 49 1
45 50 1
45 74 1
45 75 1
45 76 1
45 77 1
45 78 1
45 80 1
45 88 1
45 89 1
45 90 1
45 91 1
45 92 1
45 93 1
45 127 1
45 128 1
45 129 1
45 130 1
45 131 1
45 141 1
45 142 1
45 143 1
45 144 1
45 145 1
45 146 1
45 147 1
45 149 1
45 150 1
45 151 1
45 152 1
45 153 1
45 154 1
45 155 1
45 156 1
45 157 1
45 158 1
46 48 1
46 50 1
46 74 1
46 75 1
46 76 1
46 77 1
46 78 1
46 79 1
46 80 1
46 88 1
46 89 1
46 90 1
46 91 1
46 92 1
46 93 1
46 127 1
46 128 1
46 129 1
46 130 1
46 140 1
46 141 1
46 142 1
46 143 1
46 144 1
46 145 1
46 146 1
46 147 1
46 148 1
46 149 1
46 150 1
46 151 1
46 153 1
46 154 1
46 155 1
46 157 1
46 158 1
47 48 1
47 49 1
47 50 1
47 51 1
47 74 1
47 76 1
47 77 1
47 78 1
47 79 1
47 80 1
47 88 1
47 89 1
47 90 1
47 91 1
47 92 1
47 93 1
47 127 1
47 128 1
47 129 1
47 130 1
47 131 1
47 140 1
47 141 1
47 142 1
47 143 1
47 144 1
47 145 1
47 146 1
47 148 1
47 149 1
47 150 1
47 152 1
47 153 1
47 154 1
47 155 1
47 156 1
47 157 1
47 158 1
48 74 1
48 75 1
48 76 1
48 77 1
48 78 1
48 79 1
48 80 1
48 88 1
48 89 1
48 90 1
48 91 1
48 92 1
48 93 1
48 127 1
48 128 1
48 129 1
48 130 1
48 131 1
48 140 1
48 141 1
48 142 1
48 143 1
48 144 1
48 145 1
48 146 1
48 147 1
48 149 1
48 150 1
48 151 1
48 152 1
48 154 1
48 155 1
48 156 1
48 157 1
48 158 1
49 50 1
49 74 1
49 75 1
49 76 1
49 77 1
49 78 1
49 79 1
49 80 1
49 88 1
49 89 1
49 90 1
49 91 1
49 92 1
49 93 1
49 127 1
49 128 1
49 129 1
49 131 1
49 140 1
49 141 1
49 142 1
49 143 1
49 146 1
49 147 1
49 148 1
49 149 1
49 150 1
49 151 1
49 152 1
49 153 1
49 154 1
49 155 1
49 156 1
49 157 1
49 158 1
50 51 1
50 74 1
50 75 1
50 76 1
50 77 1
50 78 1
50 79 1
50 80 1
50 88 1
50 89 1
50 90 1
50 91 1
50 92 1
50 93 1
50 127 1
50 128 1
50 129 1
50 130 1
50 131 1
50 140 1
50 141 1
50 142 1
50 144 1
50 145 1
50 146 1
50 147 1
50 148 1
50 149 1
50 150 1
50 151 1
50 152 1
50 153 1
50 154 1
50 155 1
50 156 1
50 157 1
50 158 1
51 74 1
51 75 1
51 76 1
51 77 1
51 78 1
51 79 1
51 80 1
51 88 1
51 89 1
51 90 1
51 91 1
51 92 1
51 127 1
51 129 1
51 130 1
51 131 1
51 140 1
51 141 1
51 142 1
51 143 1
51 144 1
51 145 1
51 146 1
51 147 1
51 148 1
51 149 1
51 150 1
51 151 1
51 152 1
51 153 1
51 154 1
51 155 1
51 156 1
51 157 1
51 158 1
52 53 1
52 54 1
52 57 1
52 58 1
52 111 1
52 113 1
52 114 1
52 116 1
52 127 1
52 128 1
52 129 1
52 130 1
52 131 1
53 55 1
53 57 1
53 58 1
53 111 1
53 112 1
53 113 1
53 114 1
53 115 1
53 116 1
53 117 1
53 127 1
53 128 1
53 129 1
53 130 1
53 131 1
54 55 1
54 111 1
54 112 1
54 113 1
54 114 1
54 115 1
54 116 1
54 127 1
54 128 1
54 129 1
54 130 1
54 131 1
55 56 1
55 57 1
55 58 1
55 111 1
55 112 1
55 113 1
55 114 1
55 115 1
55 116 1
55 117 1
55 127 1
55 128 1
55 129 1
55 131 1
56 57 1
56 58 1
56 111 1
56 112 1
56 113 1
56 114 1
56 115 1
56 116 1
56 127 1
56 128 1
56 129 1
56 130 1
56 131 1
57 58 1
57 111 1
57 112 1
57 113 1
57 114 1
57 115 1
57 116 1
57 117 1
57 127 1
57 128 1
57 129 1
57 130 1
57 131 1
58 112 1
58 113 1
58 114 1
58 115 1
58 116 1
58 117 1
58 127 1
58 128 1
58 129 1
58 130 1
58 131 1
59 60 1
59 64 1
59 65 1
59 66 1
59 67 1
59 68 1
59 69 1
59 70 1
59 71 1
59 72 1
59 73 1
59 81 1
59 82 1
59 83 1
59 84 1
59 85 1
59 86 1
59 87 1
59 128 1
59 129 1
59 130 1
59 131 1
59 140 1
59 141 1
59 142 1
59 143 1
59 144 1
59 145 1
59 146 1
59 147 1
59 159 1
59 161 1
59 162 1
59 163 1
59 164 1
59 165 1
60 62 1
60 64 1
60 66 1
60 67 1
60 68 1
60 69 1
60 70 1
60 71 1
60 73 1
60 81 1
60 82 1
60 83 1
60 84 1
60 85 1
60 86 1
60 87 1
60 127 1
60 129 1
60 130 1
60 131 1
60 140 1
60 141 1
60 143 1
60 144 1
60 145 1
60 146 1
60 147 1
60 159 1
60 160 1
60 161 1
60 162 1
60 163 1
60 164 1
60 165 1
61 63 1
61 64 1
61 65 1
61 66 1
61 67 1
61 68 1
61 69 1
61 70 1
61 72 1
61 73 1
61 81 1
61 82 1
61 83 1
61 84 1
61 85 1
61 86 1
61 127 1
61 128 1
61 129 1
61 130 1
61 131 1
61 140 1
61 141 1
61 142 1
61 143 1
61 144 1
61 145 1
61 146 1
61 147 1
61 159 1
61 160 1
61 161 1
61 162 1
61 163 1
61 164 1
61 165 1
62 63 1
62 64 1
62 65 1
62 66 1
62 67 1
62 68 1
62 69 1
62 70 1
62 72 1
62 73 1
62 81 1
62 82 1
62 83 1
62 84 1
62 85 1
62 86 1
62 87 1
62 127 1
62 128 1
62 129 1
62 130 1
62 131 1
62 140 1
62 141 1
62 142 1
62 143 1
62 144 1
62 145 1
62 146 1
62 147 1
62 159 1
62 160 1
62 162 1
62 163 1
62 164 1
62 165 1
63 64 1
63 65 1
63 67 1
63 68 1
63 69 1
63 70 1
63 71 1
63 72 1
63 73 1
63 81 1
63 82 1
63 83 1
63 84 1
63 85 1
63 86 1
63 87 1
63 127 1
63 128 1
63 129 1
63 130 1
63 131 1
63 140 1
63 141 1
63 142 1
63 143 1
63 144 1
63 145 1
63 146 1
63 147 1
63 159 1
63 160 1
63 161 1
63 162 1
63 163 1
63 164 1
63 165 1
64 65 1
64 66 1
64 67 1
64 68 1
64 69 1
64 70 1
64 71 1
64 72 1
64 81 1
64 82 1
64 83 1
64 84 1
64 85 1
64 86 1
64 87 1
64 127 1
64 128 1
64 129 1
64 130 1
64 131 1
64 140 1
64 141 1
64 142 1
64 143 1
64 144 1
64 145 1
64 147 1
64 159 1
64 160 1
64 161 1
64 162 1
64 163 1
64 164 1
64 165 1
65 66 1
65 67 1
65 68 1
65 69 1
65 70 1
65 71 1
65 72 1
65 73 1
65 81 1
65 83 1
65 84 1
65 85 1
65 86 1
65 87 1
65 127 1
65 128 1
65 129 1
65 131 1
65 140 1
65 142 1
65 143 1
65 144 1
65 145 1
65 146 1
65 147 1
65 159 1
65 160 1
65 161 1
65 162 1
65 163 1
65 164 1
66 68 1
66 69 1
66 70 1
66 71 1
66 72 1
66 73 1
67 68 1
67 69 1
67 70 1
67 72 1
68 69 1
68 71 1
68 72 1
68 73 1
69 71 1
69 72 1
69 73 1
70 72 1
70 73 1
71 72 1
71 73 1
72 73 1
74 77 1
74 78 1
74 79 1
74 80 1
74 88 1
74 89 1
74 92 1
74 93 1
74 94 1
74 95 1
74 96 1
74 97 1
74 98 1
74 99 1
74 100 1
74 101 1
74 140 1
74 141 1
74 142 1
74 143 1
74 144 1
74 145 1
74 146 1
74 147 1
75 77 1
75 78 1
75 79 1
75 80 1
75 89 1
75 90 1
75 91 1
75 92 1
75 93 1
75 94 1
75 95 1
75 96 1
75 97 1
75 98 1
75 99 1
75 100 1
75 101 1
75 140 1
75 141 1
75 142 1
75 143 1
75 144 1
75 145 1
75 146 1
75 147 1
76 77 1
76 78 1
76 79 1
76 88 1
76 89 1
76 90 1
76 91 1
76 92 1
76 93 1
76 94 1
76 95 1
76 96 1
76 97 1
76 98 1
76 99 1
76 100 1
76 101 1
76 140 1
76 141 1
76 142 1
76 143 1
76 144 1
76 145 1
76 146 1
76 147 1
77 88 1
77 89 1
77 90 1
77 91 1
77 92 1
77 93 1
77 94 1
77 95 1
77 96 1
77 97 1
77 98 1
77 99 1
77 100 1
77 101 1
77 140 1
77 141 1
77 142 1
77 143 1
77 144 1
77 145 1
77 146 1
77 147 1
78 88 1
78 89 1
78 90 1
78 91 1
78 92 1
78 93 1
78 94 1
78 95 1
78 96 1
78 97 1
78 98 1
78 99 1
78 100 1
78 101 1
78 140 1
78 141 1
78 142 1
78 143 1
78 145 1
78 146 1
78 147 1
79 80 1
79 88 1
79 89 1
79 90 1
79 91 1
79 92 1
79 94 1
79 95 1
79 96 1
79 97 1
79 98 1
79 99 1
79 100 1
79 101 1
79 140 1
79 141 1
79 142 1
79 143 1
79 145 1
79 146 1
79 147 1
80 88 1
80 89 1
80 90 1
80 91 1
80 92 1
80 93 1
80 94 1
80 95 1
80 96 1
80 97 1
80 98 1
80 99 1
80 100 1
80 101 1
80 141 1
80 142 1
80 144 1
80 145 1
80 146 1
80 147 1
81 84 1
81 85 1
81 83 1
81 127 1
81 128 1
81 129 1
81 130 1
82 85 1
82 86 1
82 87 1
82 127 1
82 128 1
82 130 1
82 131 1
83 84 1
83 85 1
83 86 1
83 87 1
83 127 1
83 128 1
83 129 1
83 130 1
83 131 1
84 87 1
84 127 1
84 128 1
84 129 1
84 130 1
84 131 1
85 127 1
85 128 1
85 129 1
85 130 1
85 131 1
86 87 1
86 127 1
86 128 1
86 129 1
86 130 1
86 131 1
87 127 1
87 128 1
87 129 1
87 130 1
87 131 1
88 102 1
88 103 1
88 104 1
88 105 1
88 106 1
88 107 1
88 108 1
88 109 1
88 110 1
88 111 1
88 112 1
88 113 1
88 114 1
88 115 1
88 116 1
88 117 1
88 166 1
88 167 1
88 168 1
88 169 1
88 170 1
89 92 1
89 93 1
89 102 1
89 103 1
89 104 1
89 105 1
89 107 1
89 108 1
89 109 1
89 110 1
89 111 1
89 112 1
89 113 1
89 114 1
89 115 1
89 116 1
89 166 1
89 167 1
89 168 1
89 169 1
89 170 1
90 91 1
90 92 1
90 93 1
90 102 1
90 103 1
90 104 1
90 105 1
90 106 1
90 108 1
90 109 1
90 110 1
90 112 1
90 113 1
90 114 1
90 115 1
90 116 1
90 117 1
90 166 1
90 167 1
90 168 1
90 169 1
90 170 1
91 102 1
91 103 1
91 104 1
91 106 1
91 107 1
91 108 1
91 109 1
91 110 1
91 111 1
91 112 1
91 113 1
91 114 1
91 115 1
91 116 1
91 117 1
91 166 1
91 167 1
91 169 1
91 170 1
92 102 1
92 103 1
92 104 1
92 105 1
92 106 1
92 107 1
92 108 1
92 109 1
92 110 1
92 111 1
92 112 1
92 113 1
92 114 1
92 115 1
92 116 1
92 117 1
92 166 1
92 167 1
92 168 1
92 169 1
92 170 1
93 102 1
93 103 1
93 104 1
93 105 1
93 106 1
93 107 1
93 108 1
93 109 1
93 111 1
93 112 1
93 113 1
93 114 1
93 115 1
93 116 1
93 117 1
93 167 1
93 168 1
93 170 1
94 98 1
94 99 1
94 100 1
94 101 1
94 95 1
94 102 1
94 103 1
94 104 1
94 105 1
94 106 1
94 107 1
94 108 1
94 110 1
94 111 1
94 112 1
94 113 1
94 114 1
94 115 1
94 116 1
94 117 1
94 118 1
94 121 1
94 122 1
94 123 1
94 124 1
94 125 1
94 126 1
94 140 1
94 141 1
94 142 1
94 143 1
94 144 1
94 145 1
94 146 1
94 147 1
95 98 1
95 99 1
95 101 1
95 102 1
95 103 1
95 104 1
95 105 1
95 106 1
95 107 1
95 108 1
95 109 1
95 110 1
95 111 1
95 112 1
95 113 1
95 114 1
95 115 1
95 116 1
95 117 1
95 118 1
95 119 1
95 120 1
95 121 1
95 122 1
95 123 1
95 124 1
95 125 1
95 126 1
95 140 1
95 142 1
95 143 1
95 144 1
95 145 1
95 146 1
95 147 1
96 99 1
96 101 1
96 102 1
96 103 1
96 104 1
96 105 1
96 106 1
96 107 1
96 108 1
96 110 1
96 111 1
96 112 1
96 113 1
96 114 1
96 115 1
96 116 1
96 117 1
96 118 1
96 119 1
96 120 1
96 121 1
96 122 1
96 123 1
96 124 1
96 125 1
96 126 1
96 140 1
96 141 1
96 143 1
96 144 1
96 145 1
96 146 1
96 147 1
97 98 1
97 100 1
97 101 1
97 102 1
97 103 1
97 104 1
97 106 1
97 107 1
97 108 1
97 109 1
97 110 1
97 111 1
97 112 1
97 113 1
97 114 1
97 115 1
97 116 1
97 117 1
97 118 1
97 119 1
97 120 1
97 121 1
97 122 1
97 123 1
97 124 1
97 125 1
97 126 1
97 140 1
97 142 1
97 143 1
97 144 1
97 145 1
97 146 1
97 147 1
98 100 1
98 102 1
98 103 1
98 104 1
98 105 1
98 106 1
98 107 1
98 108 1
98 109 1
98 110 1
98 111 1
98 112 1
98 114 1
98 115 1
98 116 1
98 117 1
98 118 1
98 119 1
98 120 1
98 121 1
98 122 1
98 123 1
98 124 1
98 125 1
98 126 1
98 140 1
98 141 1
98 142 1
98 143 1
98 144 1
98 145 1
98 146 1
98 147 1
99 100 1
99 101 1
99 102 1
99 103 1
99 104 1
99 105 1
99 106 1
99 107 1
99 108 1
99 109 1
99 110 1
99 111 1
99 113 1
99 114 1
99 115 1
99 116 1
99 117 1
99 119 1
99 121 1
99 122 1
99 123 1
99 124 1
99 125 1
99 126 1
99 140 1
99 141 1
99 142 1
99 143 1
99 144 1
99 145 1
100 102 1
100 103 1
100 104 1
100 105 1
100 106 1
100 107 1
100 108 1
100 109 1
100 110 1
100 111 1
100 112 1
100 113 1
100 114 1
100 115 1
100 116 1
100 117 1
100 118 1
100 119 1
100 120 1
100 121 1
100 122 1
100 124 1
100 125 1
100 126 1
100 140 1
100 141 1
100 142 1
100 143 1
100 144 1
100 145 1
100 146 1
100 147 1
101 102 1
101 103 1
101 104 1
101 105 1
101 106 1
101 107 1
101 108 1
101 109 1
101 110 1
101 111 1
101 112 1
101 113 1
101 114 1
101 115 1
101 116 1
101 117 1
101 118 1
101 119 1
101 120 1
101 121 1
101 122 1
101 123 1
101 126 1
101 140 1
101 141 1
101 142 1
101 143 1
101 144 1
101 145 1
101 146 1
101 147 1
102 106 1
102 107 1
102 109 1
102 127 1
102 128 1
102 129 1
102 130 1
102 131 1
103 106 1
103 107 1
103 109 1
103 110 1
103 127 1
103 128 1
103 129 1
103 130 1
103 131 1
104 107 1
104 108 1
104 110 1
104 105 1
104 127 1
104 128 1
104 129 1
104 130 1
104 131 1
105 106 1
105 108 1
105 109 1
105 110 1
105 127 1
105 128 1
105 129 1
105 130 1
105 131 1
106 108 1
106 127 1
106 128 1
106 129 1
106 130 1
106 131 1
107 109 1
107 127 1
107 128 1
107 130 1
107 131 1
108 127 1
108 128 1
108 129 1
108 130 1
108 131 1
109 128 1
109 129 1
109 130 1
109 131 1
110 127 1
110 128 1
110 129 1
110 130 1
110 131 1
111 112 1
111 118 1
111 119 1
111 121 1
111 122 1
111 123 1
111 124 1
111 125 1
111 126 1
112 113 1
112 114 1
112 116 1
112 118 1
112 119 1
112 120 1
112 121 1
112 122 1
112 123 1
112 124 1
112 126 1
113 114 1
113 118 1
113 119 1
113 120 1
113 121 1
113 122 1
113 123 1
113 124 1
113 125 1
113 126 1
114 117 1
114 118 1
114 119 1
114 120 1
114 121 1
114 122 1
114 123 1
114 124 1
114 125 1
114 126 1
115 116 1
115 118 1
115 119 1
115 120 1
115 121 1
115 122 1
115 123 1
115 124 1
115 125 1
115 126 1
116 117 1
116 118 1
116 120 1
116 121 1
116 122 1
116 123 1
116 124 1
116 125 1
116 126 1
117 118 1
117 119 1
117 120 1
117 121 1
117 122 1
117 123 1
117 124 1
117 125 1
117 126 1
118 171 1
118 172 1
118 173 1
118 174 1
118 175 1
119 120 1
119 123 1
119 171 1
119 172 1
119 174 1
119 175 1
120 122 1
120 172 1
120 173 1
120 174 1
120 175 1
121 122 1
121 171 1
121 172 1
121 173 1
121 174 1
121 175 1
122 125 1
122 126 1
122 171 1
122 172 1
122 175 1
123 124 1
123 125 1
123 126 1
123 171 1
123 172 1
123 173 1
123 174 1
123 175 1
124 125 1
124 171 1
124 172 1
124 173 1
124 174 1
124 175 1
125 171 1
125 172 1
125 173 1
125 175 1
126 171 1
126 172 1
126 173 1
126 174 1
126 175 1
127 129 1
127 131 1
127 171 1
127 173 1
127 174 1
127 175 1
128 129 1
128 131 1
128 171 1
128 172 1
128 173 1
128 174 1
128 175 1
129 130 1
129 131 1
129 171 1
129 172 1
129 173 1
129 174 1
129 175 1
130 131 1
130 171 1
130 172 1
130 173 1
130 175 1
131 171 1
131 172 1
131 173 1
131 174 1
131 175 1
132 133 1
132 137 1
132 139 1
132 148 1
132 149 1
132 150 1
132 151 1
132 152 1
132 153 1
133 134 1
133 148 1
133 149 1
133 150 1
133 151 1
133 152 1
133 153 1
134 135 1
134 148 1
134 149 1
134 150 1
134 151 1
134 152 1
134 153 1
135 136 1
135 137 1
135 139 1
135 148 1
135 149 1
135 150 1
135 151 1
135 152 1
135 153 1
136 137 1
136 148 1
136 149 1
136 150 1
136 151 1
136 152 1
136 153 1
137 138 1
137 148 1
137 149 1
137 150 1
137 151 1
137 152 1
137 153 1
138 139 1
138 148 1
138 149 1
138 150 1
138 152 1
138 153 1
139 148 1
139 149 1
139 150 1
139 151 1
139 152 1
139 153 1
140 141 1
140 142 1
140 171 1
140 172 1
140 173 1
140 174 1
141 142 1
141 143 1
141 144 1
141 171 1
141 172 1
141 173 1
141 174 1
141 175 1
142 147 1
142 171 1
142 172 1
142 173 1
142 174 1
142 175 1
143 171 1
143 172 1
143 173 1
143 175 1
144 147 1
144 171 1
144 172 1
144 173 1
144 174 1
145 146 1
145 171 1
145 172 1
145 173 1
145 174 1
145 175 1
146 147 1
146 171 1
146 172 1
146 173 1
146 174 1
146 175 1
147 171 1
147 172 1
147 173 1
147 174 1
147 175 1
148 151 1
148 159 1
148 160 1
148 161 1
148 162 1
148 163 1
148 165 1
149 159 1
149 160 1
149 161 1
149 162 1
149 163 1
149 164 1
149 165 1
150 159 1
150 160 1
150 161 1
150 162 1
150 163 1
150 164 1
150 165 1
151 159 1
151 160 1
151 161 1
151 162 1
151 163 1
151 164 1
151 165 1
152 159 1
152 161 1
152 162 1
152 163 1
152 164 1
152 165 1
153 159 1
153 160 1
153 161 1
153 162 1
153 163 1
153 164 1
153 165 1
154 166 1
154 167 1
154 168 1
154 170 1
154 171 1
154 172 1
154 173 1
154 174 1
154 175 1
155 156 1
155 166 1
155 167 1
155 168 1
155 169 1
155 170 1
155 171 1
155 172 1
155 173 1
155 174 1
156 157 1
156 166 1
156 167 1
156 168 1
156 169 1
156 170 1
156 171 1
156 172 1
156 173 1
156 174 1
156 175 1
157 168 1
157 169 1
157 170 1
157 171 1
157 172 1
157 173 1
157 175 1
158 166 1
158 167 1
158 168 1
158 169 1
158 170 1
158 171 1
158 172 1
158 173 1
158 174 1
158 175 1
161 165 1
162 165 1
167 168 1
168 170 1
171 172 1
174 175 1
