1 4 1
1 6 1
1 8 1
3 4 1
3 5 1
4 6 1
5 6 1
5 8 1
9 12 1
9 13 1
14 16 1
14 17 1
14 18 1
14 20 1
14 21 1
14 22 1
15 19 1
16 21 1
17 21 1
20 22 1
23 24 1
23 25 1
23 26 1
24 27 1
28 29 1
28 31 1
28 32 1
28 33 1
28 34 1
28 35 1
28 36 1
29 33 1
29 34 1
29 36 1
30 36 1
33 35 1
33 36 1
37 38 1
37 39 1
37 41 1
37 42 1
37 43 1
37 44 1
38 39 1
38 40 1
38 41 1
38 42 1
38 43 1
38 44 1
39 41 1
39 42 1
39 43 1
40 41 1
40 42 1
40 43 1
40 44 1
41 42 1
41 44 1
42 43 1
42 44 1
45 46 1
45 47 1
45 48 1
45 50 1
46 48 1
46 49 1
46 50 1
47 48 1
47 49 1
47 50 1
48 49 1
48 50 1
49 50 1
51 52 1
51 53 1
51 54 1
52 53 1
52 54 1
53 54 1
54 55 1
56 58 1
56 59 1
56 60 1
56 61 1
56 62 1
57 58 1
57 59 1
57 60 1
57 61 1
57 62 1
58 59 1
58 60 1
58 61 1
58 62 1
59 60 1
59 61 1
60 61 1
60 62 1
63 64 1
63 65 1
63 66 1
63 67 1
63 69 1
63 70 1
64 66 1
64 67 1
64 68 1
64 69 1
64 70 1
65 66 1
65 67 1
65 68 1
65 70 1
66 67 1
66 68 1
66 69 1
66 70 1
67 68 1
67 70 1
68 69 1
69 70 1
71 75 1
71 76 1
71 77 1
71 78 1
72 75 1
72 76 1
72 77 1
72 78 1
72 79 1
73 75 1
73 77 1
73 78 1
73 79 1
73 74 1
74 75 1
74 76 1
74 77 1
74 78 1
74 79 1
75 77 1
75 79 1
77 79 1
80 82 1
80 83 1
81 83 1
82 83 1
85 89 1
85 90 1
85 91 1
85 92 1
85 93 1
85 88 1
86 91 1
86 92 1
86 93 1
86 88 1
87 90 1
87 91 1
87 92 1
88 89 1
88 90 1
88 91 1
88 93 1
91 92 1
94 97 1
94 98 1
95 97 1
95 98 1
100 104 1
100 105 1
100 108 1
100 101 1
100 102 1
101 104 1
101 105 1
101 106 1
101 107 1
101 108 1
102 104 1
102 105 1
102 107 1
102 108 1
102 103 1
103 104 1
103 105 1
103 106 1
103 107 1
103 108 1
104 105 1
106 108 1
109 110 1
109 112 1
109 114 1
109 115 1
110 111 1
110 113 1
111 115 1
112 113 1
113 114 1
113 115 1
114 115 1
116 117 1
117 118 1
118 119 1
118 120 1
118 121 1
119 120 1
120 121 1
121 122 1
123 124 1
123 126 1
124 125 1
125 128 1
125 130 1
127 128 1
128 129 1
131 132 1
132 133 1
133 134 1
133 135 1
133 136 1
134 135 1
137 138 1
138 139 1
138 140 1
138 141 1
138 142 1
138 143 1
139 140 1
139 143 1
140 141 1
141 142 1
142 143 1
144 146 1
144 147 1
144 150 1
145 146 1
145 147 1
146 147 1
146 149 1
147 149 1
148 150 1
152 155 1
153 154 1
153 155 1
154 156 1
154 157 1
156 157 1
158 161 1
160 161 1
160 164 1
161 162 1
161 164 1
166 168 1
166 169 1
170 173 1
170 176 1
171 174 1
171 176 1
173 178 1
174 177 1
175 176 1
175 177 1
176 178 1
