1 2 1
1 4 1
1 5 1
1 6 1
1 7 1
1 8 1
1 9 1
1 10 1
1 11 1
1 13 1
1 15 1
1 28 1
1 29 1
1 30 1
1 31 1
1 32 1
1 33 1
1 34 1
1 36 1
1 40 1
1 41 1
1 42 1
1 43 1
1 44 1
1 45 1
1 46 1
1 47 1
1 48 1
1 49 1
1 50 1
1 119 1
1 123 1
1 124 1
1 126 1
1 138 1
1 139 1
1 140 1
1 141 1
1 142 1
1 143 1
1 144 1
1 146 1
1 147 1
1 149 1
1 151 1
1 152 1
1 153 1
1 154 1
1 155 1
1 156 1
2 7 1
2 9 1
2 11 1
2 12 1
2 13 1
2 14 1
2 15 1
2 28 1
2 31 1
2 32 1
2 33 1
2 34 1
2 35 1
2 37 1
2 38 1
2 39 1
2 40 1
2 41 1
2 43 1
2 45 1
2 46 1
2 47 1
2 48 1
2 49 1
2 50 1
2 119 1
2 120 1
2 121 1
2 122 1
2 123 1
2 124 1
2 126 1
2 139 1
2 141 1
2 142 1
2 143 1
2 145 1
2 146 1
2 147 1
2 148 1
2 149 1
2 151 1
2 152 1
2 153 1
2 155 1
3 7 1
3 8 1
3 9 1
3 10 1
3 11 1
3 13 1
3 28 1
3 29 1
3 30 1
3 31 1
3 34 1
3 35 1
3 36 1
3 38 1
3 40 1
3 42 1
3 45 1
3 46 1
3 47 1
3 48 1
3 49 1
3 119 1
3 121 1
3 123 1
3 124 1
3 125 1
3 126 1
3 138 1
3 139 1
3 141 1
3 142 1
3 143 1
3 146 1
3 147 1
3 149 1
3 150 1
3 151 1
3 152 1
3 153 1
3 154 1
3 155 1
3 156 1
4 6 1
4 10 1
4 12 1
4 13 1
4 14 1
4 28 1
4 29 1
4 31 1
4 32 1
4 34 1
4 35 1
4 37 1
4 38 1
4 39 1
4 41 1
4 42 1
4 43 1
4 44 1
4 45 1
4 49 1
4 121 1
4 122 1
4 123 1
4 124 1
4 125 1
4 126 1
4 139 1
4 140 1
4 142 1
4 143 1
4 145 1
4 146 1
4 147 1
4 148 1
4 149 1
4 152 1
4 156 1
5 6 1
5 7 1
5 10 1
5 11 1
5 13 1
5 14 1
5 15 1
5 28 1
5 30 1
5 31 1
5 32 1
5 33 1
5 34 1
5 35 1
5 38 1
5 39 1
5 40 1
5 41 1
5 42 1
5 45 1
5 46 1
5 47 1
5 49 1
5 50 1
5 121 1
5 122 1
5 123 1
5 124 1
5 125 1
5 126 1
5 138 1
5 139 1
5 141 1
5 142 1
5 147 1
5 148 1
5 150 1
5 151 1
5 152 1
5 153 1
5 155 1
6 7 1
6 8 1
6 11 1
6 12 1
6 13 1
6 14 1
6 15 1
6 28 1
6 29 1
6 30 1
6 31 1
6 33 1
6 34 1
6 35 1
6 36 1
6 37 1
6 38 1
6 39 1
6 41 1
6 43 1
6 44 1
6 46 1
6 47 1
6 50 1
6 119 1
6 120 1
6 121 1
6 122 1
6 123 1
6 124 1
6 125 1
6 126 1
6 138 1
6 139 1
6 142 1
6 144 1
6 147 1
6 149 1
6 151 1
6 152 1
6 153 1
6 154 1
6 155 1
7 8 1
7 10 1
7 11 1
7 12 1
7 13 1
7 15 1
7 67 1
7 68 1
7 70 1
7 71 1
7 72 1
7 73 1
7 90 1
7 92 1
7 93 1
7 94 1
7 95 1
7 96 1
7 114 1
7 116 1
7 117 1
7 151 1
7 152 1
7 153 1
7 154 1
8 9 1
8 10 1
8 15 1
8 67 1
8 68 1
8 69 1
8 72 1
8 73 1
8 90 1
8 91 1
8 93 1
8 95 1
8 96 1
8 115 1
8 116 1
8 117 1
8 153 1
8 154 1
8 155 1
9 10 1
9 14 1
9 15 1
9 67 1
9 68 1
9 70 1
9 72 1
9 73 1
9 91 1
9 93 1
9 94 1
9 95 1
9 96 1
9 115 1
9 116 1
9 117 1
9 118 1
9 151 1
9 153 1
9 156 1
10 11 1
10 12 1
10 14 1
10 67 1
10 68 1
10 69 1
10 70 1
10 71 1
10 72 1
10 73 1
10 90 1
10 91 1
10 92 1
10 93 1
10 94 1
10 95 1
10 96 1
10 114 1
10 115 1
10 116 1
10 117 1
10 118 1
10 151 1
10 152 1
10 154 1
10 155 1
11 13 1
11 67 1
11 69 1
11 70 1
11 71 1
11 72 1
11 73 1
11 92 1
11 93 1
11 94 1
11 95 1
11 96 1
11 114 1
11 115 1
11 116 1
11 117 1
11 118 1
11 151 1
11 152 1
11 153 1
11 154 1
11 155 1
12 68 1
12 69 1
12 70 1
12 71 1
12 72 1
12 73 1
12 90 1
12 91 1
12 92 1
12 93 1
12 94 1
12 114 1
12 116 1
12 117 1
12 152 1
12 154 1
12 155 1
13 14 1
13 15 1
13 67 1
13 69 1
13 70 1
13 71 1
13 72 1
13 73 1
13 90 1
13 92 1
13 93 1
13 94 1
13 95 1
13 96 1
13 114 1
13 115 1
13 116 1
13 117 1
13 118 1
13 151 1
13 152 1
13 153 1
13 154 1
13 155 1
13 156 1
14 67 1
14 72 1
14 73 1
14 90 1
14 91 1
14 92 1
14 93 1
14 95 1
14 96 1
14 114 1
14 115 1
14 117 1
14 118 1
14 151 1
14 152 1
14 153 1
14 156 1
15 67 1
15 68 1
15 69 1
15 71 1
15 72 1
15 73 1
15 90 1
15 91 1
15 92 1
15 94 1
15 115 1
15 116 1
15 117 1
15 118 1
15 151 1
15 152 1
15 153 1
15 154 1
15 155 1
15 156 1
16 17 1
16 18 1
16 21 1
16 22 1
16 23 1
16 24 1
16 25 1
16 26 1
16 27 1
16 28 1
16 29 1
16 30 1
16 31 1
16 32 1
16 51 1
16 52 1
16 53 1
16 54 1
16 55 1
16 56 1
16 57 1
16 67 1
16 71 1
16 73 1
16 74 1
16 75 1
16 77 1
16 78 1
16 79 1
16 80 1
16 83 1
16 85 1
16 86 1
16 87 1
16 89 1
16 97 1
16 99 1
16 100 1
16 102 1
16 104 1
16 105 1
16 132 1
16 133 1
16 134 1
16 135 1
16 136 1
16 157 1
16 158 1
16 159 1
16 161 1
16 162 1
16 163 1
16 165 1
17 21 1
17 23 1
17 24 1
17 25 1
17 29 1
17 30 1
17 31 1
17 32 1
17 33 1
17 34 1
17 51 1
17 52 1
17 55 1
17 56 1
17 57 1
17 58 1
17 67 1
17 68 1
17 69 1
17 70 1
17 71 1
17 72 1
17 73 1
17 75 1
17 77 1
17 78 1
17 79 1
17 80 1
17 81 1
17 82 1
17 84 1
17 85 1
17 86 1
17 88 1
17 89 1
17 97 1
17 99 1
17 100 1
17 101 1
17 103 1
17 104 1
17 105 1
17 106 1
17 132 1
17 134 1
17 135 1
17 136 1
17 158 1
17 159 1
17 160 1
17 163 1
18 21 1
18 24 1
18 26 1
18 27 1
18 28 1
18 29 1
18 30 1
18 31 1
18 33 1
18 34 1
18 53 1
18 54 1
18 55 1
18 56 1
18 57 1
18 67 1
18 68 1
18 72 1
18 74 1
18 75 1
18 76 1
18 77 1
18 78 1
18 79 1
18 81 1
18 83 1
18 84 1
18 85 1
18 86 1
18 88 1
18 98 1
18 99 1
18 100 1
18 101 1
18 103 1
18 105 1
18 106 1
18 132 1
18 133 1
18 134 1
18 135 1
18 136 1
18 137 1
18 157 1
18 159 1
18 161 1
18 163 1
18 164 1
19 22 1
19 23 1
19 25 1
19 26 1
19 27 1
19 28 1
19 29 1
19 30 1
19 31 1
19 32 1
19 33 1
19 34 1
19 51 1
19 52 1
19 54 1
19 56 1
19 57 1
19 58 1
19 68 1
19 69 1
19 71 1
19 72 1
19 73 1
19 74 1
19 75 1
19 76 1
19 78 1
19 79 1
19 80 1
19 81 1
19 83 1
19 84 1
19 85 1
19 86 1
19 87 1
19 89 1
19 98 1
19 100 1
19 101 1
19 102 1
19 103 1
19 105 1
19 106 1
19 132 1
19 133 1
19 136 1
19 137 1
19 157 1
19 158 1
19 159 1
19 160 1
19 161 1
19 162 1
19 163 1
19 164 1
19 165 1
20 23 1
20 24 1
20 25 1
20 26 1
20 29 1
20 30 1
20 31 1
20 32 1
20 33 1
20 34 1
20 55 1
20 56 1
20 57 1
20 58 1
20 67 1
20 68 1
20 70 1
20 71 1
20 74 1
20 76 1
20 77 1
20 78 1
20 79 1
20 80 1
20 82 1
20 84 1
20 88 1
20 89 1
20 97 1
20 103 1
20 104 1
20 106 1
20 132 1
20 133 1
20 134 1
20 136 1
20 137 1
20 158 1
20 160 1
20 162 1
20 165 1
21 23 1
21 24 1
21 25 1
21 26 1
21 27 1
21 51 1
21 52 1
21 54 1
21 55 1
21 58 1
21 67 1
21 68 1
21 70 1
21 72 1
21 73 1
21 114 1
21 115 1
21 117 1
21 118 1
21 119 1
21 120 1
21 121 1
21 123 1
21 124 1
21 125 1
21 126 1
21 160 1
21 163 1
22 23 1
22 51 1
22 53 1
22 54 1
22 55 1
22 57 1
22 58 1
22 67 1
22 68 1
22 69 1
22 71 1
22 72 1
22 73 1
22 115 1
22 116 1
22 117 1
22 118 1
22 119 1
22 120 1
22 122 1
22 123 1
22 124 1
22 125 1
22 126 1
22 158 1
22 159 1
22 162 1
22 163 1
22 164 1
22 165 1
23 27 1
23 51 1
23 52 1
23 53 1
23 54 1
23 56 1
23 58 1
23 67 1
23 69 1
23 71 1
23 72 1
23 73 1
23 114 1
23 115 1
23 116 1
23 117 1
23 118 1
23 119 1
23 120 1
23 121 1
23 122 1
23 123 1
23 125 1
23 126 1
23 157 1
23 159 1
23 160 1
23 161 1
23 162 1
23 163 1
23 165 1
24 26 1
24 27 1
24 51 1
24 53 1
24 54 1
24 55 1
24 56 1
24 57 1
24 58 1
24 68 1
24 70 1
24 71 1
24 115 1
24 116 1
24 117 1
24 119 1
24 120 1
24 121 1
24 122 1
24 123 1
24 124 1
24 126 1
24 158 1
24 159 1
24 160 1
24 161 1
24 162 1
24 163 1
24 164 1
24 165 1
25 53 1
25 54 1
25 56 1
25 57 1
25 67 1
25 68 1
25 69 1
25 70 1
25 71 1
25 114 1
25 115 1
25 116 1
25 117 1
25 118 1
25 119 1
25 120 1
25 123 1
25 124 1
25 125 1
25 126 1
25 157 1
25 158 1
25 159 1
25 160 1
25 161 1
25 162 1
25 163 1
25 164 1
26 27 1
26 51 1
26 52 1
26 53 1
26 54 1
26 55 1
26 56 1
26 57 1
26 58 1
26 67 1
26 68 1
26 69 1
26 70 1
26 72 1
26 115 1
26 116 1
26 117 1
26 118 1
26 119 1
26 120 1
26 121 1
26 122 1
26 123 1
26 124 1
26 125 1
26 157 1
26 159 1
26 160 1
26 161 1
26 162 1
26 163 1
26 164 1
26 165 1
27 51 1
27 53 1
27 54 1
27 55 1
27 56 1
27 58 1
27 67 1
27 69 1
27 72 1
27 73 1
27 115 1
27 116 1
27 117 1
27 118 1
27 119 1
27 120 1
27 121 1
27 124 1
27 125 1
27 126 1
27 157 1
27 158 1
27 160 1
27 163 1
27 164 1
28 29 1
28 30 1
28 32 1
28 33 1
28 41 1
28 42 1
28 44 1
28 45 1
28 51 1
28 53 1
28 54 1
28 55 1
28 57 1
28 58 1
28 114 1
28 115 1
28 116 1
28 118 1
28 133 1
28 134 1
28 135 1
28 136 1
29 30 1
29 41 1
29 42 1
29 43 1
29 44 1
29 45 1
29 51 1
29 52 1
29 53 1
29 54 1
29 56 1
29 58 1
29 114 1
29 115 1
29 116 1
29 117 1
29 118 1
29 133 1
29 134 1
29 135 1
30 41 1
30 42 1
30 43 1
30 44 1
30 45 1
30 51 1
30 52 1
30 53 1
30 54 1
30 55 1
30 56 1
30 57 1
30 58 1
30 114 1
30 115 1
30 116 1
30 117 1
30 118 1
30 132 1
30 133 1
30 134 1
30 135 1
30 136 1
30 137 1
31 41 1
31 42 1
31 43 1
31 44 1
31 45 1
31 52 1
31 53 1
31 54 1
31 56 1
31 57 1
31 58 1
31 114 1
31 115 1
31 116 1
31 117 1
31 118 1
31 132 1
31 133 1
31 134 1
31 136 1
32 34 1
32 41 1
32 42 1
32 43 1
32 44 1
32 45 1
32 51 1
32 52 1
32 53 1
32 54 1
32 55 1
32 56 1
32 57 1
32 58 1
32 114 1
32 115 1
32 116 1
32 117 1
32 118 1
32 132 1
32 133 1
32 134 1
32 136 1
32 137 1
33 34 1
33 42 1
33 43 1
33 44 1
33 45 1
33 51 1
33 53 1
33 54 1
33 56 1
33 57 1
33 58 1
33 116 1
33 117 1
33 118 1
33 132 1
33 133 1
33 134 1
33 136 1
33 137 1
34 41 1
34 42 1
34 45 1
34 51 1
34 52 1
34 53 1
34 54 1
34 55 1
34 56 1
34 57 1
34 114 1
34 115 1
34 116 1
34 117 1
34 133 1
34 134 1
34 135 1
34 136 1
34 137 1
35 36 1
35 38 1
35 40 1
35 83 1
35 84 1
35 86 1
35 87 1
35 88 1
35 89 1
35 90 1
35 91 1
35 92 1
35 93 1
35 94 1
35 95 1
35 98 1
35 99 1
35 100 1
35 101 1
35 107 1
35 108 1
35 109 1
35 111 1
35 112 1
35 119 1
35 120 1
35 122 1
35 124 1
35 125 1
35 126 1
35 127 1
35 128 1
35 129 1
35 130 1
35 131 1
35 133 1
35 134 1
35 135 1
35 136 1
35 137 1
36 37 1
36 38 1
36 82 1
36 84 1
36 85 1
36 86 1
36 87 1
36 88 1
36 89 1
36 90 1
36 91 1
36 92 1
36 93 1
36 94 1
36 95 1
36 96 1
36 97 1
36 98 1
36 99 1
36 101 1
36 108 1
36 109 1
36 111 1
36 112 1
36 119 1
36 120 1
36 121 1
36 123 1
36 126 1
36 127 1
36 129 1
36 133 1
36 134 1
36 135 1
36 136 1
36 137 1
37 38 1
37 39 1
37 40 1
37 82 1
37 83 1
37 84 1
37 85 1
37 86 1
37 87 1
37 88 1
37 90 1
37 91 1
37 92 1
37 93 1
37 94 1
37 95 1
37 96 1
37 97 1
37 98 1
37 101 1
37 107 1
37 109 1
37 110 1
37 111 1
37 112 1
37 113 1
37 119 1
37 120 1
37 121 1
37 122 1
37 123 1
37 125 1
37 127 1
37 128 1
37 129 1
37 130 1
37 131 1
37 132 1
37 133 1
37 134 1
37 135 1
38 40 1
38 82 1
38 83 1
38 84 1
38 85 1
38 86 1
38 88 1
38 89 1
38 90 1
38 91 1
38 95 1
38 96 1
38 97 1
38 98 1
38 100 1
38 101 1
38 107 1
38 108 1
38 109 1
38 111 1
38 112 1
38 113 1
38 120 1
38 121 1
38 122 1
38 123 1
38 126 1
38 127 1
38 128 1
38 129 1
38 132 1
38 137 1
39 40 1
39 82 1
39 83 1
39 84 1
39 85 1
39 86 1
39 87 1
39 88 1
39 89 1
39 90 1
39 91 1
39 93 1
39 94 1
39 95 1
39 96 1
39 97 1
39 98 1
39 99 1
39 100 1
39 108 1
39 109 1
39 110 1
39 112 1
39 113 1
39 119 1
39 120 1
39 121 1
39 124 1
39 125 1
39 126 1
39 127 1
39 128 1
39 129 1
39 130 1
39 132 1
39 133 1
39 134 1
39 135 1
39 136 1
39 137 1
40 82 1
40 84 1
40 86 1
40 87 1
40 90 1
40 91 1
40 93 1
40 94 1
40 95 1
40 97 1
40 99 1
40 100 1
40 101 1
40 107 1
40 108 1
40 109 1
40 110 1
40 111 1
40 112 1
40 113 1
40 119 1
40 121 1
40 122 1
40 123 1
40 124 1
40 125 1
40 128 1
40 129 1
40 130 1
40 131 1
40 132 1
40 133 1
40 134 1
40 135 1
40 136 1
40 137 1
41 42 1
41 43 1
41 44 1
41 45 1
41 59 1
41 60 1
41 62 1
41 63 1
41 64 1
41 65 1
41 66 1
41 74 1
41 76 1
41 77 1
41 78 1
41 80 1
41 81 1
41 82 1
41 83 1
41 84 1
41 85 1
41 86 1
41 87 1
41 89 1
41 102 1
41 104 1
41 105 1
41 106 1
41 115 1
41 117 1
41 118 1
42 44 1
42 45 1
42 59 1
42 60 1
42 61 1
42 62 1
42 63 1
42 64 1
42 65 1
42 78 1
42 79 1
42 80 1
42 81 1
42 82 1
42 83 1
42 84 1
42 85 1
42 86 1
42 87 1
42 88 1
42 89 1
42 102 1
42 104 1
42 105 1
42 106 1
42 115 1
42 116 1
42 118 1
43 44 1
43 45 1
43 59 1
43 60 1
43 61 1
43 62 1
43 64 1
43 65 1
43 66 1
43 74 1
43 76 1
43 77 1
43 78 1
43 79 1
43 80 1
43 81 1
43 82 1
43 83 1
43 84 1
43 86 1
43 89 1
43 103 1
43 104 1
43 114 1
43 115 1
44 59 1
44 60 1
44 61 1
44 62 1
44 63 1
44 64 1
44 65 1
44 66 1
44 75 1
44 77 1
44 78 1
44 79 1
44 80 1
44 84 1
44 85 1
44 86 1
44 87 1
44 88 1
44 89 1
44 102 1
44 103 1
44 104 1
44 105 1
44 116 1
44 117 1
44 118 1
45 59 1
45 61 1
45 62 1
45 63 1
45 64 1
45 66 1
45 74 1
45 75 1
45 76 1
45 77 1
45 78 1
45 79 1
45 80 1
45 81 1
45 83 1
45 85 1
45 86 1
45 87 1
45 88 1
45 89 1
45 102 1
45 103 1
45 104 1
45 106 1
45 115 1
45 117 1
45 118 1
46 47 1
46 49 1
46 74 1
46 76 1
46 77 1
46 79 1
46 80 1
46 90 1
46 91 1
46 92 1
46 93 1
46 95 1
46 96 1
46 108 1
46 109 1
46 110 1
46 111 1
46 112 1
46 113 1
46 132 1
46 133 1
46 134 1
46 135 1
46 136 1
46 137 1
46 151 1
46 152 1
46 154 1
46 155 1
46 157 1
46 158 1
46 159 1
46 160 1
46 161 1
46 162 1
46 163 1
46 164 1
46 165 1
47 48 1
47 49 1
47 50 1
47 75 1
47 76 1
47 77 1
47 78 1
47 79 1
47 80 1
47 81 1
47 91 1
47 92 1
47 95 1
47 96 1
47 107 1
47 108 1
47 109 1
47 110 1
47 111 1
47 113 1
47 132 1
47 135 1
47 136 1
47 137 1
47 152 1
47 153 1
47 154 1
47 155 1
47 157 1
47 158 1
47 159 1
47 161 1
47 162 1
47 163 1
47 164 1
47 165 1
48 49 1
48 50 1
48 75 1
48 76 1
48 78 1
48 79 1
48 80 1
48 81 1
48 90 1
48 92 1
48 93 1
48 94 1
48 95 1
48 96 1
48 107 1
48 108 1
48 109 1
48 111 1
48 112 1
48 113 1
48 132 1
48 133 1
48 135 1
48 136 1
48 137 1
48 151 1
48 152 1
48 153 1
48 154 1
48 155 1
48 156 1
48 157 1
48 159 1
48 160 1
48 163 1
48 164 1
48 165 1
49 75 1
49 77 1
49 78 1
49 80 1
49 91 1
49 92 1
49 93 1
49 107 1
49 109 1
49 110 1
49 111 1
49 112 1
49 133 1
49 134 1
49 136 1
49 137 1
49 151 1
49 152 1
49 153 1
49 154 1
49 155 1
49 156 1
49 158 1
49 161 1
49 162 1
49 164 1
50 74 1
50 75 1
50 77 1
50 78 1
50 79 1
50 81 1
50 90 1
50 91 1
50 93 1
50 95 1
50 96 1
50 107 1
50 108 1
50 112 1
50 113 1
50 133 1
50 134 1
50 135 1
50 136 1
50 151 1
50 152 1
50 153 1
50 154 1
50 155 1
50 156 1
50 158 1
50 159 1
50 160 1
50 161 1
50 162 1
50 164 1
50 165 1
51 52 1
51 53 1
51 54 1
51 55 1
51 56 1
51 57 1
51 58 1
51 75 1
51 76 1
51 77 1
51 79 1
51 83 1
51 84 1
51 86 1
51 87 1
51 88 1
51 89 1
52 53 1
52 55 1
52 56 1
52 58 1
52 74 1
52 75 1
52 76 1
52 77 1
52 78 1
52 79 1
52 80 1
52 81 1
52 82 1
52 83 1
52 84 1
52 86 1
52 88 1
52 89 1
53 55 1
53 56 1
53 57 1
53 58 1
53 75 1
53 76 1
53 77 1
53 78 1
53 79 1
53 81 1
53 83 1
53 84 1
53 85 1
53 86 1
53 88 1
53 89 1
54 56 1
54 58 1
54 74 1
54 76 1
54 77 1
54 79 1
54 80 1
54 81 1
54 82 1
54 83 1
54 84 1
54 85 1
54 86 1
54 87 1
54 88 1
55 56 1
55 57 1
55 58 1
55 74 1
55 75 1
55 77 1
55 78 1
55 79 1
55 80 1
55 82 1
55 83 1
55 84 1
55 85 1
55 86 1
55 87 1
55 89 1
56 57 1
56 58 1
56 74 1
56 76 1
56 77 1
56 79 1
56 80 1
56 81 1
56 83 1
56 84 1
56 86 1
56 87 1
56 88 1
56 89 1
57 74 1
57 75 1
57 76 1
57 77 1
57 78 1
57 80 1
57 82 1
57 84 1
57 86 1
57 89 1
58 74 1
58 76 1
58 77 1
58 78 1
58 79 1
58 80 1
58 81 1
58 82 1
58 83 1
58 84 1
58 85 1
58 86 1
58 87 1
58 88 1
58 89 1
59 65 1
59 66 1
59 67 1
59 69 1
59 70 1
59 71 1
59 72 1
59 73 1
59 102 1
59 103 1
59 104 1
59 105 1
59 106 1
59 119 1
59 120 1
59 121 1
59 122 1
59 123 1
59 124 1
59 125 1
59 143 1
59 145 1
59 147 1
59 148 1
59 149 1
59 150 1
59 151 1
59 152 1
59 154 1
59 155 1
59 157 1
59 159 1
59 160 1
59 161 1
59 162 1
59 164 1
59 165 1
60 62 1
60 63 1
60 65 1
60 67 1
60 68 1
60 69 1
60 70 1
60 73 1
60 102 1
60 103 1
60 105 1
60 106 1
60 119 1
60 120 1
60 121 1
60 122 1
60 123 1
60 125 1
60 126 1
60 143 1
60 144 1
60 145 1
60 147 1
60 148 1
60 152 1
60 154 1
60 155 1
60 158 1
60 160 1
60 162 1
60 163 1
60 164 1
60 165 1
61 64 1
61 65 1
61 66 1
61 67 1
61 68 1
61 70 1
61 71 1
61 72 1
61 73 1
61 104 1
61 105 1
61 106 1
61 119 1
61 121 1
61 123 1
61 124 1
61 125 1
61 126 1
61 143 1
61 144 1
61 148 1
61 149 1
61 150 1
61 151 1
61 152 1
61 153 1
61 155 1
61 157 1
61 158 1
61 160 1
61 161 1
61 164 1
61 165 1
62 63 1
62 64 1
62 65 1
62 66 1
62 67 1
62 68 1
62 69 1
62 72 1
62 73 1
62 103 1
62 104 1
62 105 1
62 106 1
62 119 1
62 120 1
62 121 1
62 122 1
62 124 1
62 125 1
62 143 1
62 144 1
62 145 1
62 146 1
62 147 1
62 148 1
62 150 1
62 151 1
62 153 1
62 154 1
62 155 1
62 156 1
62 157 1
62 159 1
62 160 1
62 162 1
62 163 1
62 164 1
62 165 1
63 64 1
63 65 1
63 66 1
63 67 1
63 70 1
63 71 1
63 73 1
63 102 1
63 104 1
63 106 1
63 119 1
63 120 1
63 121 1
63 122 1
63 123 1
63 124 1
63 125 1
63 126 1
63 143 1
63 145 1
63 148 1
63 150 1
63 153 1
63 154 1
63 155 1
63 157 1
63 158 1
63 161 1
63 162 1
63 164 1
63 165 1
64 65 1
64 66 1
64 67 1
64 68 1
64 70 1
64 71 1
64 72 1
64 104 1
64 105 1
64 119 1
64 120 1
64 122 1
64 124 1
64 126 1
64 143 1
64 144 1
64 145 1
64 147 1
64 150 1
64 152 1
64 153 1
64 154 1
64 155 1
64 156 1
64 157 1
64 158 1
64 159 1
64 160 1
64 161 1
64 162 1
64 163 1
64 164 1
64 165 1
65 68 1
65 69 1
65 70 1
65 71 1
65 72 1
65 73 1
65 102 1
65 103 1
65 104 1
65 106 1
65 119 1
65 120 1
65 123 1
65 124 1
65 126 1
65 143 1
65 147 1
65 148 1
65 150 1
65 151 1
65 152 1
65 153 1
65 154 1
65 155 1
65 156 1
65 157 1
65 158 1
65 161 1
65 162 1
65 165 1
66 67 1
66 68 1
66 70 1
66 72 1
66 102 1
66 103 1
66 105 1
66 106 1
66 120 1
66 121 1
66 122 1
66 123 1
66 125 1
66 126 1
66 145 1
66 146 1
66 147 1
66 148 1
66 149 1
66 150 1
66 151 1
66 154 1
66 156 1
66 158 1
66 160 1
67 70 1
67 71 1
67 72 1
67 73 1
67 68 1
67 83 1
67 84 1
67 85 1
67 86 1
67 87 1
67 88 1
67 89 1
67 102 1
67 103 1
67 104 1
67 106 1
67 108 1
67 109 1
67 112 1
67 113 1
67 127 1
67 128 1
67 129 1
67 130 1
68 70 1
68 71 1
68 72 1
68 73 1
68 82 1
68 83 1
68 85 1
68 86 1
68 87 1
68 89 1
68 102 1
68 103 1
68 105 1
68 106 1
68 109 1
68 110 1
68 113 1
68 127 1
68 128 1
68 129 1
68 130 1
69 72 1
69 73 1
69 82 1
69 83 1
69 85 1
69 86 1
69 88 1
69 89 1
69 102 1
69 103 1
69 104 1
69 105 1
69 106 1
69 107 1
69 108 1
69 109 1
69 111 1
69 112 1
69 113 1
69 127 1
69 128 1
69 129 1
69 130 1
69 131 1
70 82 1
70 83 1
70 85 1
70 86 1
70 87 1
70 89 1
70 102 1
70 105 1
70 106 1
70 107 1
70 108 1
70 109 1
70 110 1
70 111 1
70 112 1
70 113 1
70 127 1
70 128 1
70 129 1
70 131 1
71 85 1
71 86 1
71 87 1
71 89 1
71 103 1
71 104 1
71 105 1
71 106 1
71 108 1
71 109 1
71 110 1
71 111 1
71 112 1
71 128 1
71 129 1
71 130 1
71 131 1
72 82 1
72 84 1
72 85 1
72 87 1
72 88 1
72 89 1
72 103 1
72 106 1
72 107 1
72 109 1
72 110 1
72 111 1
72 112 1
72 113 1
72 127 1
72 128 1
72 129 1
72 130 1
72 131 1
73 83 1
73 84 1
73 86 1
73 87 1
73 88 1
73 89 1
73 103 1
73 104 1
73 105 1
73 106 1
73 109 1
73 110 1
73 112 1
73 113 1
73 127 1
73 128 1
73 130 1
73 131 1
74 78 1
74 79 1
74 80 1
74 75 1
74 97 1
74 99 1
74 100 1
74 101 1
74 102 1
74 103 1
74 104 1
74 105 1
74 106 1
74 107 1
74 108 1
74 109 1
74 110 1
74 112 1
74 113 1
74 114 1
74 115 1
74 116 1
74 117 1
74 118 1
74 120 1
74 121 1
74 124 1
74 125 1
74 126 1
74 132 1
74 134 1
74 136 1
74 137 1
74 139 1
74 140 1
74 141 1
74 142 1
74 158 1
74 159 1
74 162 1
75 78 1
75 79 1
75 80 1
75 81 1
75 97 1
75 99 1
75 100 1
75 102 1
75 104 1
75 105 1
75 109 1
75 111 1
75 112 1
75 113 1
75 114 1
75 115 1
75 116 1
75 117 1
75 118 1
75 119 1
75 120 1
75 121 1
75 122 1
75 123 1
75 124 1
75 125 1
75 132 1
75 134 1
75 135 1
75 136 1
75 137 1
75 138 1
75 140 1
75 142 1
75 157 1
75 160 1
75 161 1
75 162 1
75 163 1
75 164 1
75 165 1
76 78 1
76 79 1
76 80 1
76 81 1
76 98 1
76 99 1
76 100 1
76 101 1
76 102 1
76 106 1
76 108 1
76 111 1
76 112 1
76 114 1
76 115 1
76 116 1
76 118 1
76 119 1
76 120 1
76 121 1
76 122 1
76 123 1
76 124 1
76 125 1
76 132 1
76 133 1
76 134 1
76 135 1
76 136 1
76 137 1
76 138 1
76 139 1
76 140 1
76 142 1
76 157 1
76 158 1
76 159 1
76 160 1
76 162 1
76 164 1
76 165 1
77 78 1
77 79 1
77 98 1
77 99 1
77 100 1
77 101 1
77 102 1
77 103 1
77 104 1
77 106 1
77 108 1
77 109 1
77 111 1
77 112 1
77 113 1
77 114 1
77 115 1
77 119 1
77 120 1
77 122 1
77 123 1
77 124 1
77 125 1
77 126 1
77 133 1
77 136 1
77 137 1
77 138 1
77 139 1
77 140 1
77 142 1
77 158 1
77 159 1
77 161 1
77 162 1
77 163 1
77 165 1
78 80 1
78 98 1
78 99 1
78 101 1
78 103 1
78 104 1
78 105 1
78 106 1
78 107 1
78 110 1
78 111 1
78 112 1
78 114 1
78 115 1
78 118 1
78 119 1
78 120 1
78 121 1
78 122 1
78 123 1
78 124 1
78 125 1
78 134 1
78 135 1
78 136 1
78 137 1
78 139 1
78 141 1
78 142 1
78 157 1
78 158 1
78 160 1
78 161 1
78 163 1
78 164 1
78 165 1
79 97 1
79 99 1
79 101 1
79 103 1
79 104 1
79 105 1
79 106 1
79 107 1
79 108 1
79 109 1
79 111 1
79 113 1
79 115 1
79 116 1
79 117 1
79 118 1
79 119 1
79 120 1
79 121 1
79 122 1
79 123 1
79 125 1
79 126 1
79 132 1
79 134 1
79 138 1
79 139 1
79 140 1
79 141 1
79 142 1
79 157 1
79 158 1
79 159 1
79 160 1
79 161 1
79 162 1
79 163 1
79 165 1
80 81 1
80 97 1
80 98 1
80 99 1
80 102 1
80 103 1
80 105 1
80 106 1
80 107 1
80 108 1
80 110 1
80 111 1
80 112 1
80 113 1
80 114 1
80 115 1
80 116 1
80 117 1
80 118 1
80 120 1
80 121 1
80 122 1
80 123 1
80 124 1
80 125 1
80 126 1
80 132 1
80 133 1
80 134 1
80 135 1
80 136 1
80 137 1
80 138 1
80 139 1
80 142 1
80 157 1
80 158 1
80 159 1
80 160 1
80 161 1
80 162 1
80 163 1
80 164 1
80 165 1
81 97 1
81 98 1
81 99 1
81 100 1
81 102 1
81 103 1
81 104 1
81 105 1
81 106 1
81 107 1
81 108 1
81 113 1
81 114 1
81 115 1
81 116 1
81 117 1
81 119 1
81 120 1
81 121 1
81 122 1
81 123 1
81 124 1
81 125 1
81 126 1
81 132 1
81 133 1
81 134 1
81 135 1
81 136 1
81 137 1
81 138 1
81 139 1
81 142 1
81 157 1
81 158 1
81 160 1
81 161 1
81 163 1
81 164 1
81 165 1
82 86 1
82 88 1
82 89 1
82 94 1
82 96 1
82 127 1
82 128 1
82 129 1
82 131 1
82 138 1
82 140 1
82 141 1
82 151 1
82 152 1
82 153 1
82 154 1
82 155 1
82 156 1
82 157 1
82 159 1
82 161 1
82 162 1
82 163 1
82 165 1
83 86 1
83 87 1
83 88 1
83 89 1
83 90 1
83 91 1
83 93 1
83 94 1
83 95 1
83 96 1
83 127 1
83 129 1
83 131 1
83 138 1
83 141 1
83 151 1
83 152 1
83 154 1
83 155 1
83 157 1
83 159 1
83 160 1
83 163 1
84 87 1
84 88 1
84 90 1
84 91 1
84 92 1
84 95 1
84 96 1
84 127 1
84 128 1
84 129 1
84 130 1
84 131 1
84 138 1
84 139 1
84 140 1
84 141 1
84 142 1
84 152 1
84 153 1
84 154 1
84 155 1
84 156 1
84 158 1
84 159 1
84 161 1
84 163 1
84 165 1
85 86 1
85 87 1
85 88 1
85 89 1
85 90 1
85 91 1
85 92 1
85 93 1
85 94 1
85 95 1
85 127 1
85 129 1
85 130 1
85 138 1
85 140 1
85 141 1
85 151 1
85 152 1
85 154 1
85 155 1
85 156 1
85 157 1
85 158 1
85 159 1
85 160 1
85 162 1
85 163 1
85 164 1
86 87 1
86 92 1
86 93 1
86 95 1
86 127 1
86 128 1
86 129 1
86 130 1
86 131 1
86 138 1
86 142 1
86 151 1
86 152 1
86 155 1
86 157 1
86 158 1
86 160 1
86 161 1
86 163 1
86 164 1
86 165 1
87 90 1
87 92 1
87 94 1
87 96 1
87 127 1
87 128 1
87 129 1
87 130 1
87 131 1
87 138 1
87 139 1
87 142 1
87 151 1
87 152 1
87 153 1
87 154 1
87 155 1
87 157 1
87 158 1
87 159 1
87 163 1
87 164 1
87 165 1
88 89 1
88 90 1
88 91 1
88 92 1
88 95 1
88 127 1
88 128 1
88 129 1
88 131 1
88 138 1
88 141 1
88 151 1
88 152 1
88 153 1
88 154 1
88 155 1
88 158 1
88 159 1
88 161 1
88 162 1
88 163 1
88 164 1
88 165 1
89 91 1
89 93 1
89 94 1
89 95 1
89 96 1
89 129 1
89 130 1
89 131 1
89 138 1
89 139 1
89 140 1
89 141 1
89 151 1
89 152 1
89 153 1
89 154 1
89 156 1
89 157 1
89 158 1
89 159 1
89 160 1
89 161 1
89 163 1
89 164 1
90 93 1
90 94 1
90 95 1
90 102 1
90 104 1
90 105 1
90 106 1
90 116 1
90 117 1
90 127 1
90 128 1
90 129 1
90 130 1
90 131 1
90 132 1
90 133 1
90 134 1
90 135 1
90 136 1
90 137 1
90 151 1
90 152 1
90 154 1
90 155 1
90 157 1
90 158 1
90 160 1
90 162 1
90 163 1
90 164 1
91 93 1
91 95 1
91 96 1
91 92 1
91 102 1
91 103 1
91 105 1
91 114 1
91 116 1
91 117 1
91 118 1
91 129 1
91 130 1
91 131 1
91 132 1
91 133 1
91 134 1
91 135 1
91 136 1
91 137 1
91 151 1
91 153 1
91 154 1
91 155 1
91 158 1
91 160 1
91 161 1
91 162 1
91 163 1
91 165 1
92 93 1
92 94 1
92 95 1
92 96 1
92 102 1
92 103 1
92 104 1
92 106 1
92 114 1
92 115 1
92 117 1
92 127 1
92 128 1
92 129 1
92 130 1
92 132 1
92 134 1
92 135 1
92 136 1
92 137 1
92 153 1
92 154 1
92 155 1
92 156 1
92 157 1
92 158 1
92 159 1
92 160 1
92 161 1
92 162 1
92 163 1
92 164 1
93 103 1
93 104 1
93 105 1
93 106 1
93 114 1
93 115 1
93 116 1
93 117 1
93 118 1
93 127 1
93 129 1
93 132 1
93 133 1
93 134 1
93 135 1
93 136 1
93 137 1
93 151 1
93 152 1
93 153 1
93 154 1
93 155 1
93 156 1
93 157 1
93 158 1
93 159 1
93 160 1
93 161 1
93 162 1
93 163 1
93 164 1
94 103 1
94 104 1
94 105 1
94 115 1
94 116 1
94 117 1
94 118 1
94 128 1
94 129 1
94 131 1
94 135 1
94 136 1
94 137 1
94 152 1
94 153 1
94 154 1
94 155 1
94 156 1
94 158 1
94 159 1
94 160 1
94 162 1
94 165 1
95 96 1
95 103 1
95 104 1
95 105 1
95 106 1
95 114 1
95 115 1
95 116 1
95 118 1
95 127 1
95 128 1
95 129 1
95 130 1
95 131 1
95 132 1
95 134 1
95 135 1
95 136 1
95 151 1
95 152 1
95 153 1
95 157 1
95 159 1
95 160 1
95 161 1
95 163 1
95 164 1
96 104 1
96 105 1
96 106 1
96 115 1
96 116 1
96 117 1
96 118 1
96 127 1
96 128 1
96 130 1
96 131 1
96 132 1
96 134 1
96 136 1
96 137 1
96 151 1
96 152 1
96 153 1
96 154 1
96 155 1
96 156 1
96 157 1
96 158 1
96 159 1
96 160 1
96 162 1
96 163 1
96 165 1
97 99 1
97 100 1
97 102 1
97 103 1
97 104 1
97 105 1
97 106 1
97 107 1
97 109 1
97 110 1
97 111 1
97 112 1
97 113 1
97 132 1
97 133 1
97 134 1
97 136 1
97 137 1
98 99 1
98 100 1
98 101 1
98 102 1
98 104 1
98 105 1
98 106 1
98 107 1
98 109 1
98 110 1
98 111 1
98 112 1
98 113 1
98 132 1
98 133 1
98 134 1
98 135 1
98 136 1
98 137 1
99 102 1
99 104 1
99 106 1
99 108 1
99 109 1
99 110 1
99 111 1
99 112 1
99 113 1
99 132 1
99 134 1
99 135 1
99 136 1
99 137 1
100 102 1
100 103 1
100 105 1
100 106 1
100 107 1
100 110 1
100 132 1
100 133 1
100 134 1
100 135 1
100 136 1
100 137 1
101 102 1
101 103 1
101 104 1
101 105 1
101 106 1
101 107 1
101 108 1
101 109 1
101 110 1
101 112 1
101 132 1
101 134 1
101 135 1
101 137 1
102 138 1
102 139 1
102 140 1
102 141 1
102 142 1
102 143 1
102 145 1
102 146 1
102 147 1
102 148 1
102 149 1
102 150 1
103 104 1
103 138 1
103 139 1
103 141 1
103 142 1
103 143 1
103 144 1
103 147 1
103 148 1
103 149 1
103 150 1
104 105 1
104 141 1
104 142 1
104 143 1
104 146 1
104 148 1
104 150 1
105 106 1
105 138 1
105 141 1
105 142 1
105 143 1
105 144 1
105 145 1
105 147 1
105 149 1
105 150 1
106 138 1
106 140 1
106 141 1
106 142 1
106 143 1
106 144 1
106 145 1
106 146 1
106 147 1
106 148 1
106 149 1
106 150 1
107 127 1
107 128 1
107 129 1
107 130 1
107 131 1
108 109 1
108 111 1
108 128 1
108 129 1
108 130 1
108 131 1
109 110 1
109 112 1
109 113 1
109 127 1
109 129 1
109 130 1
109 131 1
110 111 1
110 112 1
110 113 1
110 127 1
110 128 1
110 129 1
110 130 1
110 131 1
111 112 1
111 127 1
111 128 1
111 129 1
111 130 1
111 131 1
112 113 1
112 127 1
112 128 1
112 129 1
112 131 1
113 127 1
113 128 1
113 129 1
113 130 1
113 131 1
114 115 1
114 116 1
114 117 1
114 158 1
114 159 1
114 160 1
114 164 1
114 165 1
115 116 1
115 157 1
115 159 1
115 160 1
115 161 1
115 162 1
115 164 1
115 165 1
116 157 1
116 159 1
116 160 1
116 161 1
116 162 1
116 163 1
117 157 1
117 160 1
117 161 1
117 162 1
117 163 1
117 164 1
117 165 1
118 157 1
118 158 1
118 159 1
118 160 1
118 161 1
118 162 1
118 163 1
118 164 1
118 165 1
119 120 1
119 121 1
119 133 1
119 135 1
119 136 1
119 137 1
119 157 1
119 159 1
119 161 1
119 164 1
120 122 1
120 123 1
120 125 1
120 132 1
120 133 1
120 135 1
120 137 1
120 157 1
120 159 1
120 160 1
120 161 1
120 162 1
120 164 1
121 122 1
121 123 1
121 133 1
121 134 1
121 135 1
121 136 1
121 158 1
121 159 1
121 160 1
121 161 1
121 163 1
121 164 1
121 165 1
122 123 1
122 132 1
122 134 1
122 135 1
122 136 1
122 157 1
122 158 1
122 159 1
122 160 1
122 161 1
122 162 1
122 164 1
122 165 1
123 124 1
123 132 1
123 133 1
123 134 1
123 136 1
123 137 1
123 163 1
123 164 1
124 125 1
124 126 1
124 132 1
124 133 1
124 134 1
124 135 1
124 136 1
124 137 1
124 157 1
124 158 1
124 159 1
124 160 1
124 161 1
124 162 1
124 163 1
124 164 1
124 165 1
125 126 1
125 132 1
125 133 1
125 134 1
125 135 1
125 136 1
125 137 1
125 157 1
125 160 1
125 161 1
125 162 1
125 163 1
125 164 1
125 165 1
126 132 1
126 133 1
126 134 1
126 135 1
126 136 1
126 137 1
126 158 1
126 159 1
126 162 1
126 163 1
126 164 1
126 165 1
127 129 1
127 131 1
128 129 1
129 130 1
129 131 1
130 131 1
132 133 1
132 135 1
132 137 1
132 138 1
132 139 1
132 140 1
132 141 1
133 135 1
133 138 1
133 139 1
133 140 1
133 141 1
133 142 1
134 139 1
134 140 1
134 141 1
134 142 1
135 138 1
135 141 1
135 142 1
136 137 1
136 139 1
136 140 1
136 141 1
136 142 1
137 138 1
137 139 1
137 142 1
138 141 1
139 140 1
139 142 1
140 141 1
141 142 1
143 144 1
143 149 1
143 151 1
143 152 1
143 153 1
143 154 1
143 155 1
143 156 1
144 145 1
144 150 1
144 151 1
144 152 1
144 153 1
144 154 1
144 155 1
144 156 1
145 149 1
145 151 1
145 152 1
145 153 1
145 155 1
146 147 1
146 150 1
146 153 1
146 154 1
146 155 1
146 156 1
147 151 1
147 152 1
147 154 1
147 156 1
148 151 1
148 152 1
148 153 1
148 154 1
148 156 1
149 150 1
149 151 1
149 154 1
150 151 1
150 152 1
150 153 1
150 154 1
150 156 1
152 155 1
154 156 1
157 159 1
157 160 1
158 163 1
158 164 1
159 161 1
160 164 1
160 165 1
161 162 1
161 163 1
161 164 1
162 163 1
