1 2 1
1 3 1
1 4 1
1 5 1
1 6 1
1 12 1
1 13 1
1 14 1
1 15 1
1 16 1
1 17 1
1 73 1
1 75 1
1 76 1
1 77 1
2 6 1
2 13 1
2 14 1
2 15 1
2 16 1
2 17 1
2 18 1
2 73 1
2 74 1
2 75 1
2 76 1
2 77 1
2 78 1
3 5 1
3 12 1
3 14 1
3 15 1
3 16 1
3 17 1
3 18 1
3 73 1
3 75 1
3 76 1
3 78 1
4 5 1
4 12 1
4 13 1
4 14 1
4 15 1
4 18 1
4 74 1
4 75 1
4 77 1
5 12 1
5 13 1
5 15 1
5 16 1
5 17 1
5 18 1
5 73 1
5 76 1
5 77 1
6 12 1
6 15 1
6 16 1
6 17 1
6 73 1
6 74 1
6 76 1
6 77 1
6 78 1
7 8 1
7 9 1
7 19 1
7 22 1
7 23 1
7 24 1
7 26 1
7 49 1
7 50 1
7 51 1
7 53 1
7 55 1
7 64 1
7 65 1
7 66 1
7 67 1
7 68 1
7 69 1
7 71 1
7 72 1
7 117 1
7 118 1
7 119 1
7 121 1
7 122 1
7 123 1
8 19 1
8 20 1
8 21 1
8 22 1
8 23 1
8 25 1
8 26 1
8 49 1
8 50 1
8 51 1
8 52 1
8 53 1
8 54 1
8 55 1
8 64 1
8 66 1
8 67 1
8 68 1
8 71 1
8 72 1
8 115 1
8 116 1
8 117 1
8 119 1
8 120 1
8 121 1
8 122 1
8 123 1
9 21 1
9 22 1
9 23 1
9 25 1
9 26 1
9 49 1
9 50 1
9 51 1
9 52 1
9 53 1
9 54 1
9 55 1
9 64 1
9 65 1
9 66 1
9 67 1
9 68 1
9 69 1
9 116 1
9 117 1
9 118 1
9 119 1
9 120 1
9 121 1
9 123 1
10 19 1
10 21 1
10 23 1
10 24 1
10 25 1
10 26 1
10 52 1
10 53 1
10 54 1
10 55 1
10 64 1
10 65 1
10 66 1
10 67 1
10 68 1
10 69 1
10 70 1
10 71 1
10 72 1
10 115 1
10 116 1
10 119 1
10 120 1
10 122 1
10 123 1
11 21 1
11 22 1
11 23 1
11 24 1
11 49 1
11 50 1
11 51 1
11 53 1
11 54 1
11 64 1
11 65 1
11 68 1
11 72 1
11 115 1
11 116 1
11 117 1
11 119 1
11 123 1
12 13 1
12 15 1
12 16 1
12 27 1
12 28 1
12 29 1
12 31 1
12 64 1
12 65 1
12 66 1
12 67 1
12 68 1
12 69 1
12 70 1
12 71 1
12 72 1
12 73 1
12 74 1
12 75 1
12 76 1
12 77 1
12 78 1
12 93 1
12 94 1
12 95 1
12 96 1
12 115 1
12 117 1
12 118 1
12 119 1
12 121 1
12 122 1
12 124 1
12 126 1
12 127 1
12 128 1
12 142 1
12 143 1
12 145 1
12 146 1
12 147 1
12 148 1
13 14 1
13 16 1
13 27 1
13 31 1
13 64 1
13 67 1
13 68 1
13 69 1
13 70 1
13 71 1
13 72 1
13 73 1
13 75 1
13 76 1
13 77 1
13 92 1
13 93 1
13 115 1
13 116 1
13 118 1
13 119 1
13 120 1
13 121 1
13 122 1
13 124 1
13 125 1
13 126 1
13 127 1
13 128 1
13 129 1
13 142 1
13 143 1
13 144 1
13 145 1
13 146 1
13 147 1
14 15 1
14 17 1
14 18 1
14 27 1
14 29 1
14 31 1
14 65 1
14 66 1
14 67 1
14 68 1
14 69 1
14 70 1
14 71 1
14 72 1
14 73 1
14 74 1
14 76 1
14 77 1
14 78 1
14 92 1
14 93 1
14 94 1
14 96 1
14 115 1
14 116 1
14 117 1
14 119 1
14 120 1
14 121 1
14 122 1
14 123 1
14 124 1
14 125 1
14 126 1
14 127 1
14 128 1
14 129 1
14 145 1
14 146 1
15 16 1
15 27 1
15 29 1
15 30 1
15 31 1
15 64 1
15 65 1
15 66 1
15 67 1
15 68 1
15 69 1
15 70 1
15 72 1
15 73 1
15 76 1
15 92 1
15 93 1
15 94 1
15 95 1
15 96 1
15 115 1
15 116 1
15 118 1
15 119 1
15 120 1
15 121 1
15 122 1
15 123 1
15 124 1
15 125 1
15 126 1
15 127 1
15 129 1
15 142 1
15 144 1
15 145 1
15 146 1
15 147 1
15 148 1
16 27 1
16 28 1
16 30 1
16 31 1
16 64 1
16 65 1
16 66 1
16 67 1
16 68 1
16 70 1
16 71 1
16 72 1
16 73 1
16 74 1
16 75 1
16 76 1
16 77 1
16 78 1
16 92 1
16 94 1
16 95 1
16 96 1
16 115 1
16 116 1
16 117 1
16 118 1
16 119 1
16 120 1
16 121 1
16 122 1
16 123 1
16 124 1
16 127 1
16 129 1
16 142 1
16 144 1
16 145 1
16 146 1
16 147 1
17 27 1
17 28 1
17 29 1
17 64 1
17 65 1
17 66 1
17 67 1
17 68 1
17 69 1
17 70 1
17 71 1
17 72 1
17 73 1
17 74 1
17 75 1
17 77 1
17 78 1
17 92 1
17 93 1
17 94 1
17 95 1
17 96 1
17 115 1
17 116 1
17 117 1
17 118 1
17 119 1
17 120 1
17 121 1
17 122 1
17 123 1
17 124 1
17 125 1
17 126 1
17 127 1
17 129 1
17 144 1
17 146 1
17 147 1
18 27 1
18 28 1
18 30 1
18 64 1
18 65 1
18 66 1
18 67 1
18 69 1
18 70 1
18 71 1
18 72 1
18 74 1
18 76 1
18 93 1
18 94 1
18 95 1
18 96 1
18 116 1
18 117 1
18 118 1
18 119 1
18 120 1
18 121 1
18 123 1
18 124 1
18 126 1
18 128 1
18 129 1
18 144 1
18 145 1
18 147 1
18 148 1
19 20 1
19 21 1
19 22 1
19 24 1
19 25 1
19 26 1
19 37 1
19 38 1
19 39 1
19 40 1
19 42 1
19 43 1
19 44 1
19 45 1
19 46 1
19 47 1
19 57 1
19 58 1
19 59 1
19 61 1
19 63 1
19 64 1
19 67 1
19 68 1
19 69 1
19 71 1
19 72 1
19 88 1
19 90 1
19 91 1
19 96 1
19 107 1
19 109 1
19 110 1
19 111 1
19 113 1
19 116 1
19 117 1
19 123 1
20 22 1
20 24 1
20 37 1
20 38 1
20 41 1
20 42 1
20 44 1
20 45 1
20 46 1
20 47 1
20 48 1
20 56 1
20 58 1
20 59 1
20 60 1
20 61 1
20 63 1
20 64 1
20 67 1
20 68 1
20 69 1
20 70 1
20 71 1
20 72 1
20 87 1
20 88 1
20 89 1
20 90 1
20 91 1
20 92 1
20 93 1
20 95 1
20 96 1
20 106 1
20 107 1
20 108 1
20 109 1
20 110 1
20 113 1
20 114 1
20 116 1
20 117 1
20 118 1
20 119 1
20 120 1
20 121 1
20 122 1
20 123 1
21 24 1
21 26 1
21 37 1
21 38 1
21 39 1
21 41 1
21 42 1
21 43 1
21 44 1
21 56 1
21 57 1
21 58 1
21 60 1
21 61 1
21 62 1
21 64 1
21 65 1
21 66 1
21 67 1
21 68 1
21 71 1
21 72 1
21 87 1
21 88 1
21 89 1
21 92 1
21 93 1
21 94 1
21 106 1
21 107 1
21 109 1
21 110 1
21 111 1
21 112 1
21 113 1
21 117 1
21 118 1
21 120 1
21 121 1
21 122 1
21 123 1
22 24 1
22 25 1
22 37 1
22 38 1
22 39 1
22 40 1
22 41 1
22 42 1
22 43 1
22 44 1
22 45 1
22 47 1
22 48 1
22 56 1
22 57 1
22 58 1
22 63 1
22 64 1
22 66 1
22 67 1
22 69 1
22 70 1
22 71 1
22 72 1
22 87 1
22 88 1
22 89 1
22 91 1
22 92 1
22 93 1
22 95 1
22 96 1
22 106 1
22 107 1
22 108 1
22 110 1
22 113 1
22 114 1
22 115 1
22 116 1
22 117 1
22 118 1
22 121 1
22 123 1
23 24 1
23 37 1
23 38 1
23 39 1
23 42 1
23 43 1
23 44 1
23 45 1
23 46 1
23 56 1
23 57 1
23 58 1
23 60 1
23 61 1
23 62 1
23 63 1
23 64 1
23 65 1
23 66 1
23 67 1
23 68 1
23 69 1
23 70 1
23 72 1
23 87 1
23 89 1
23 91 1
23 92 1
23 93 1
23 94 1
23 95 1
23 96 1
23 106 1
23 107 1
23 108 1
23 110 1
23 111 1
23 112 1
23 113 1
23 114 1
23 115 1
23 116 1
23 117 1
23 119 1
23 121 1
23 122 1
23 123 1
24 25 1
24 37 1
24 38 1
24 40 1
24 41 1
24 42 1
24 43 1
24 44 1
24 46 1
24 47 1
24 56 1
24 58 1
24 60 1
24 61 1
24 63 1
24 65 1
24 67 1
24 68 1
24 70 1
24 71 1
24 72 1
24 87 1
24 89 1
24 90 1
24 91 1
24 92 1
24 93 1
24 94 1
24 95 1
24 96 1
24 106 1
24 108 1
24 109 1
24 111 1
24 113 1
24 114 1
24 115 1
24 116 1
24 117 1
24 118 1
24 119 1
24 120 1
24 121 1
24 122 1
24 123 1
25 37 1
25 38 1
25 40 1
25 41 1
25 42 1
25 43 1
25 44 1
25 45 1
25 47 1
25 48 1
25 56 1
25 57 1
25 58 1
25 60 1
25 61 1
25 63 1
25 66 1
25 67 1
25 68 1
25 70 1
25 72 1
25 87 1
25 88 1
25 90 1
25 91 1
25 93 1
25 94 1
25 95 1
25 96 1
25 106 1
25 108 1
25 109 1
25 110 1
25 111 1
25 112 1
25 113 1
25 114 1
25 116 1
25 117 1
25 118 1
25 119 1
25 120 1
25 121 1
25 122 1
25 123 1
26 37 1
26 38 1
26 39 1
26 42 1
26 43 1
26 44 1
26 45 1
26 46 1
26 47 1
26 48 1
26 57 1
26 58 1
26 59 1
26 60 1
26 61 1
26 62 1
26 64 1
26 65 1
26 66 1
26 68 1
26 69 1
26 71 1
26 72 1
26 87 1
26 88 1
26 89 1
26 91 1
26 92 1
26 93 1
26 94 1
26 95 1
26 96 1
26 107 1
26 108 1
26 109 1
26 110 1
26 111 1
26 113 1
26 115 1
26 116 1
26 117 1
26 118 1
26 119 1
26 120 1
26 121 1
26 122 1
26 123 1
27 28 1
27 29 1
27 31 1
27 32 1
27 33 1
27 34 1
27 65 1
27 66 1
27 67 1
27 69 1
27 70 1
27 71 1
27 72 1
27 149 1
27 150 1
27 151 1
27 152 1
27 154 1
28 29 1
28 31 1
28 32 1
28 33 1
28 35 1
28 36 1
28 64 1
28 68 1
28 69 1
28 70 1
28 71 1
28 72 1
28 149 1
28 150 1
28 151 1
28 152 1
28 153 1
28 155 1
28 157 1
29 34 1
29 35 1
29 36 1
29 64 1
29 65 1
29 66 1
29 68 1
29 69 1
29 70 1
29 71 1
29 72 1
29 149 1
29 150 1
29 152 1
29 153 1
29 154 1
29 155 1
29 156 1
29 157 1
30 31 1
30 32 1
30 33 1
30 35 1
30 64 1
30 65 1
30 67 1
30 68 1
30 69 1
30 70 1
30 71 1
30 149 1
30 150 1
30 152 1
30 153 1
30 154 1
30 155 1
30 157 1
31 34 1
31 35 1
31 36 1
31 64 1
31 65 1
31 66 1
31 67 1
31 69 1
31 70 1
31 71 1
31 149 1
31 151 1
31 152 1
31 153 1
31 154 1
31 155 1
31 156 1
32 36 1
32 50 1
32 51 1
32 53 1
32 54 1
32 55 1
32 80 1
32 81 1
32 82 1
32 83 1
32 84 1
32 85 1
32 86 1
32 87 1
32 88 1
32 90 1
32 106 1
32 109 1
32 110 1
32 111 1
32 112 1
32 114 1
32 116 1
32 117 1
32 120 1
32 121 1
32 122 1
32 123 1
32 142 1
32 143 1
32 144 1
32 146 1
32 147 1
32 148 1
32 167 1
32 168 1
32 169 1
32 170 1
32 171 1
33 34 1
33 35 1
33 36 1
33 49 1
33 51 1
33 52 1
33 54 1
33 55 1
33 79 1
33 82 1
33 85 1
33 87 1
33 89 1
33 106 1
33 107 1
33 108 1
33 110 1
33 111 1
33 114 1
33 115 1
33 117 1
33 119 1
33 120 1
33 121 1
33 122 1
33 123 1
33 142 1
33 143 1
33 145 1
33 146 1
33 148 1
33 166 1
33 167 1
33 170 1
33 171 1
34 35 1
34 36 1
34 51 1
34 52 1
34 53 1
34 54 1
34 55 1
34 79 1
34 80 1
34 81 1
34 83 1
34 85 1
34 86 1
34 87 1
34 90 1
34 91 1
34 107 1
34 108 1
34 109 1
34 110 1
34 112 1
34 113 1
34 114 1
34 115 1
34 116 1
34 117 1
34 121 1
34 122 1
34 123 1
34 142 1
34 143 1
34 144 1
34 145 1
34 146 1
34 148 1
34 164 1
34 165 1
34 166 1
34 167 1
34 168 1
34 170 1
34 171 1
35 49 1
35 50 1
35 53 1
35 54 1
35 55 1
35 79 1
35 80 1
35 81 1
35 83 1
35 84 1
35 85 1
35 87 1
35 88 1
35 89 1
35 90 1
35 91 1
35 107 1
35 108 1
35 109 1
35 110 1
35 112 1
35 113 1
35 114 1
35 115 1
35 116 1
35 117 1
35 118 1
35 119 1
35 120 1
35 121 1
35 122 1
35 144 1
35 145 1
35 146 1
35 147 1
35 148 1
35 164 1
35 165 1
35 166 1
35 167 1
35 169 1
35 170 1
35 171 1
36 49 1
36 50 1
36 51 1
36 52 1
36 55 1
36 79 1
36 81 1
36 83 1
36 84 1
36 85 1
36 86 1
36 88 1
36 89 1
36 90 1
36 108 1
36 109 1
36 110 1
36 112 1
36 113 1
36 114 1
36 115 1
36 118 1
36 119 1
36 120 1
36 121 1
36 122 1
36 123 1
36 143 1
36 144 1
36 145 1
36 148 1
36 164 1
36 166 1
36 167 1
36 168 1
36 169 1
36 170 1
36 171 1
37 39 1
37 40 1
37 41 1
37 43 1
37 44 1
37 45 1
37 46 1
37 47 1
37 48 1
37 88 1
37 89 1
37 90 1
37 97 1
37 98 1
37 99 1
37 100 1
37 101 1
37 102 1
37 105 1
37 142 1
37 143 1
37 144 1
37 145 1
37 146 1
37 147 1
37 148 1
37 159 1
37 160 1
37 162 1
37 163 1
38 39 1
38 41 1
38 43 1
38 45 1
38 46 1
38 47 1
38 48 1
38 87 1
38 90 1
38 91 1
38 97 1
38 98 1
38 99 1
38 100 1
38 101 1
38 102 1
38 104 1
38 105 1
38 142 1
38 144 1
38 145 1
38 146 1
38 158 1
38 159 1
39 41 1
39 42 1
39 43 1
39 44 1
39 45 1
39 47 1
39 48 1
39 87 1
39 88 1
39 89 1
39 90 1
39 91 1
39 98 1
39 100 1
39 101 1
39 102 1
39 103 1
39 105 1
39 142 1
39 143 1
39 145 1
39 146 1
39 147 1
39 148 1
39 158 1
39 159 1
39 160 1
39 162 1
40 43 1
40 44 1
40 45 1
40 46 1
40 47 1
40 48 1
40 87 1
40 88 1
40 90 1
40 91 1
40 97 1
40 99 1
40 100 1
40 101 1
40 103 1
40 104 1
40 105 1
40 143 1
40 146 1
40 147 1
40 148 1
40 158 1
40 159 1
40 160 1
40 161 1
40 162 1
40 163 1
41 42 1
41 43 1
41 44 1
41 45 1
41 48 1
41 87 1
41 88 1
41 91 1
41 97 1
41 99 1
41 100 1
41 101 1
41 102 1
41 103 1
41 104 1
41 105 1
41 143 1
41 144 1
41 147 1
41 148 1
41 159 1
41 161 1
41 162 1
41 163 1
42 43 1
42 44 1
42 45 1
42 46 1
42 48 1
42 87 1
42 89 1
42 90 1
42 91 1
42 97 1
42 100 1
42 101 1
42 102 1
42 104 1
42 105 1
42 142 1
42 143 1
42 144 1
42 146 1
42 158 1
42 159 1
42 160 1
42 161 1
42 162 1
42 163 1
43 45 1
43 46 1
43 47 1
43 48 1
43 87 1
43 88 1
43 90 1
43 91 1
43 98 1
43 101 1
43 102 1
43 103 1
43 105 1
43 106 1
43 107 1
43 109 1
43 110 1
43 112 1
43 113 1
43 149 1
43 152 1
43 153 1
43 154 1
43 155 1
43 156 1
43 157 1
43 164 1
43 165 1
43 168 1
43 169 1
43 171 1
44 46 1
44 87 1
44 88 1
44 89 1
44 90 1
44 91 1
44 97 1
44 100 1
44 101 1
44 102 1
44 104 1
44 105 1
44 108 1
44 109 1
44 111 1
44 112 1
44 113 1
44 114 1
44 149 1
44 150 1
44 151 1
44 152 1
44 154 1
44 155 1
44 156 1
44 157 1
44 164 1
44 165 1
44 166 1
44 168 1
44 171 1
45 46 1
45 47 1
45 48 1
45 87 1
45 88 1
45 89 1
45 90 1
45 91 1
45 98 1
45 99 1
45 100 1
45 101 1
45 104 1
45 105 1
45 106 1
45 107 1
45 108 1
45 109 1
45 110 1
45 112 1
45 113 1
45 149 1
45 152 1
45 153 1
45 154 1
45 157 1
45 165 1
45 166 1
45 167 1
45 168 1
45 169 1
45 170 1
45 171 1
46 87 1
46 88 1
46 89 1
46 90 1
46 99 1
46 100 1
46 101 1
46 102 1
46 105 1
46 108 1
46 110 1
46 112 1
46 114 1
46 149 1
46 150 1
46 151 1
46 152 1
46 153 1
46 155 1
46 156 1
46 157 1
46 164 1
46 167 1
46 168 1
46 169 1
46 170 1
46 171 1
47 48 1
47 88 1
47 90 1
47 97 1
47 98 1
47 99 1
47 101 1
47 102 1
47 103 1
47 106 1
47 107 1
47 108 1
47 109 1
47 110 1
47 111 1
47 112 1
47 113 1
47 114 1
47 149 1
47 150 1
47 154 1
47 164 1
47 165 1
47 167 1
47 168 1
47 169 1
47 171 1
48 87 1
48 90 1
48 97 1
48 98 1
48 100 1
48 101 1
48 102 1
48 105 1
48 106 1
48 107 1
48 108 1
48 109 1
48 110 1
48 111 1
48 112 1
48 113 1
48 114 1
48 149 1
48 150 1
48 151 1
48 152 1
48 153 1
48 154 1
48 155 1
48 156 1
48 157 1
48 164 1
48 165 1
48 166 1
48 167 1
48 169 1
48 171 1
49 50 1
49 53 1
49 54 1
49 55 1
49 73 1
49 75 1
49 76 1
49 77 1
49 92 1
49 93 1
49 94 1
49 95 1
49 96 1
49 130 1
49 131 1
49 132 1
49 133 1
49 135 1
49 136 1
50 51 1
50 52 1
50 53 1
50 54 1
50 73 1
50 77 1
50 78 1
50 93 1
50 95 1
50 96 1
50 131 1
50 133 1
50 134 1
50 135 1
50 136 1
51 52 1
51 55 1
51 73 1
51 74 1
51 75 1
51 76 1
51 92 1
51 93 1
51 95 1
51 96 1
51 130 1
51 131 1
51 132 1
51 133 1
51 134 1
51 135 1
51 136 1
52 54 1
52 75 1
52 77 1
52 78 1
52 93 1
52 94 1
52 95 1
52 96 1
52 130 1
52 131 1
52 133 1
52 134 1
52 135 1
52 136 1
53 55 1
53 73 1
53 75 1
53 76 1
53 77 1
53 78 1
53 94 1
53 95 1
53 96 1
53 130 1
53 131 1
53 132 1
53 133 1
53 134 1
54 73 1
54 75 1
54 76 1
54 77 1
54 95 1
54 96 1
54 131 1
54 132 1
54 133 1
54 134 1
54 136 1
55 73 1
55 74 1
55 75 1
55 77 1
55 78 1
55 93 1
55 94 1
55 95 1
55 96 1
55 131 1
55 132 1
55 133 1
55 135 1
56 57 1
56 58 1
56 59 1
56 60 1
56 61 1
56 62 1
56 73 1
56 74 1
56 75 1
56 78 1
56 80 1
56 81 1
56 82 1
56 83 1
56 84 1
56 85 1
56 124 1
56 125 1
56 126 1
56 127 1
56 128 1
56 129 1
56 130 1
56 131 1
56 132 1
56 134 1
56 135 1
56 136 1
57 58 1
57 59 1
57 60 1
57 63 1
57 74 1
57 75 1
57 76 1
57 78 1
57 79 1
57 81 1
57 83 1
57 86 1
57 124 1
57 125 1
57 126 1
57 128 1
57 129 1
57 130 1
57 131 1
57 132 1
57 136 1
58 59 1
58 60 1
58 61 1
58 62 1
58 63 1
58 73 1
58 74 1
58 75 1
58 76 1
58 77 1
58 78 1
58 79 1
58 80 1
58 81 1
58 85 1
58 86 1
58 124 1
58 126 1
58 127 1
58 128 1
58 132 1
58 133 1
58 134 1
58 136 1
59 62 1
59 73 1
59 74 1
59 75 1
59 76 1
59 78 1
59 82 1
59 83 1
59 84 1
59 85 1
59 86 1
59 124 1
59 125 1
59 126 1
59 128 1
59 129 1
59 130 1
59 131 1
59 132 1
59 134 1
59 135 1
59 136 1
60 61 1
60 74 1
60 75 1
60 76 1
60 77 1
60 78 1
60 79 1
60 80 1
60 82 1
60 83 1
60 85 1
60 86 1
60 124 1
60 125 1
60 126 1
60 128 1
60 130 1
60 131 1
60 132 1
60 133 1
60 134 1
61 63 1
61 73 1
61 75 1
61 77 1
61 79 1
61 80 1
61 81 1
61 82 1
61 83 1
61 84 1
61 85 1
61 86 1
61 127 1
61 129 1
61 130 1
61 132 1
61 133 1
61 134 1
61 136 1
62 73 1
62 74 1
62 75 1
62 77 1
62 78 1
62 79 1
62 80 1
62 81 1
62 82 1
62 83 1
62 84 1
62 85 1
62 86 1
62 124 1
62 128 1
62 129 1
62 130 1
62 131 1
62 132 1
62 133 1
62 134 1
62 135 1
63 73 1
63 74 1
63 75 1
63 76 1
63 77 1
63 79 1
63 80 1
63 81 1
63 82 1
63 83 1
63 84 1
63 85 1
63 86 1
63 125 1
63 127 1
63 128 1
63 129 1
63 130 1
63 131 1
63 132 1
63 133 1
63 134 1
63 136 1
64 68 1
64 69 1
64 70 1
64 71 1
64 72 1
64 66 1
64 92 1
64 93 1
64 95 1
64 96 1
65 68 1
65 70 1
65 71 1
65 72 1
65 92 1
65 94 1
65 95 1
65 96 1
66 68 1
66 69 1
66 70 1
66 71 1
66 67 1
66 92 1
66 94 1
66 95 1
66 96 1
67 92 1
67 93 1
67 95 1
67 96 1
68 71 1
68 92 1
68 93 1
68 94 1
68 95 1
68 96 1
69 93 1
69 94 1
69 96 1
70 72 1
70 92 1
70 93 1
70 94 1
70 95 1
71 92 1
71 93 1
71 96 1
72 95 1
72 96 1
73 78 1
73 75 1
73 93 1
73 94 1
73 95 1
73 96 1
73 98 1
73 99 1
73 100 1
73 101 1
73 103 1
73 104 1
73 105 1
73 115 1
73 116 1
73 117 1
73 118 1
73 119 1
73 120 1
73 121 1
73 122 1
73 123 1
73 142 1
73 143 1
73 144 1
73 145 1
73 146 1
73 147 1
73 148 1
74 78 1
74 92 1
74 93 1
74 96 1
74 98 1
74 99 1
74 105 1
74 115 1
74 117 1
74 119 1
74 120 1
74 121 1
74 122 1
74 123 1
74 143 1
74 144 1
74 145 1
74 146 1
74 148 1
75 76 1
75 77 1
75 78 1
75 93 1
75 95 1
75 97 1
75 98 1
75 99 1
75 100 1
75 101 1
75 102 1
75 103 1
75 105 1
75 116 1
75 117 1
75 118 1
75 120 1
75 121 1
75 123 1
75 142 1
75 143 1
75 145 1
75 146 1
75 147 1
75 148 1
76 92 1
76 93 1
76 94 1
76 95 1
76 96 1
76 97 1
76 98 1
76 99 1
76 101 1
76 102 1
76 103 1
76 104 1
76 105 1
76 115 1
76 116 1
76 117 1
76 118 1
76 120 1
76 121 1
76 122 1
76 123 1
76 142 1
76 143 1
76 144 1
76 145 1
76 146 1
76 147 1
76 148 1
77 92 1
77 93 1
77 95 1
77 98 1
77 99 1
77 100 1
77 101 1
77 102 1
77 103 1
77 104 1
77 115 1
77 116 1
77 117 1
77 118 1
77 119 1
77 121 1
77 122 1
77 123 1
77 142 1
77 143 1
77 144 1
77 145 1
78 92 1
78 93 1
78 96 1
78 98 1
78 99 1
78 100 1
78 102 1
78 104 1
78 105 1
78 115 1
78 116 1
78 118 1
78 119 1
78 120 1
78 122 1
78 142 1
78 143 1
78 144 1
78 145 1
78 147 1
79 83 1
79 84 1
79 85 1
79 86 1
79 80 1
79 81 1
79 92 1
79 93 1
79 94 1
79 95 1
79 96 1
79 124 1
79 125 1
79 126 1
79 127 1
79 128 1
79 129 1
79 142 1
79 144 1
79 145 1
79 146 1
79 148 1
80 83 1
80 84 1
80 85 1
80 92 1
80 95 1
80 124 1
80 125 1
80 127 1
80 128 1
80 129 1
80 143 1
80 144 1
80 145 1
80 147 1
80 148 1
81 83 1
81 84 1
81 92 1
81 95 1
81 124 1
81 125 1
81 126 1
81 127 1
81 129 1
81 142 1
81 143 1
81 144 1
81 145 1
81 147 1
82 83 1
82 84 1
82 85 1
82 86 1
82 92 1
82 93 1
82 94 1
82 95 1
82 96 1
82 124 1
82 125 1
82 126 1
82 127 1
82 129 1
82 142 1
82 143 1
82 144 1
82 145 1
82 148 1
83 85 1
83 92 1
83 93 1
83 95 1
83 96 1
83 124 1
83 125 1
83 126 1
83 127 1
83 128 1
83 129 1
83 143 1
83 144 1
83 145 1
83 147 1
83 148 1
84 92 1
84 94 1
84 95 1
84 125 1
84 127 1
84 128 1
84 129 1
84 142 1
84 143 1
84 145 1
84 147 1
84 148 1
85 86 1
85 94 1
85 95 1
85 96 1
85 124 1
85 125 1
85 126 1
85 127 1
85 128 1
85 129 1
85 142 1
85 143 1
85 144 1
85 146 1
85 148 1
86 94 1
86 95 1
86 124 1
86 125 1
86 126 1
86 127 1
86 128 1
86 129 1
86 142 1
86 144 1
86 145 1
86 146 1
86 147 1
86 148 1
87 89 1
87 90 1
87 91 1
87 124 1
87 127 1
87 140 1
87 141 1
87 143 1
87 145 1
87 146 1
87 147 1
87 148 1
88 90 1
88 124 1
88 125 1
88 127 1
88 128 1
88 129 1
88 137 1
88 138 1
88 139 1
88 140 1
88 141 1
88 142 1
88 143 1
88 144 1
88 145 1
88 146 1
88 147 1
88 148 1
89 91 1
89 124 1
89 125 1
89 126 1
89 127 1
89 137 1
89 138 1
89 139 1
89 141 1
89 143 1
89 144 1
89 145 1
89 147 1
89 148 1
90 91 1
90 124 1
90 125 1
90 126 1
90 128 1
90 129 1
90 137 1
90 138 1
90 140 1
90 141 1
90 142 1
90 143 1
90 144 1
90 145 1
90 146 1
90 147 1
90 148 1
91 124 1
91 125 1
91 126 1
91 127 1
91 128 1
91 129 1
91 137 1
91 139 1
91 140 1
91 141 1
91 143 1
91 145 1
91 146 1
91 147 1
91 148 1
92 95 1
92 96 1
92 108 1
92 109 1
92 110 1
92 111 1
92 112 1
92 114 1
92 115 1
92 117 1
92 118 1
92 119 1
92 120 1
92 121 1
92 122 1
92 123 1
92 139 1
92 141 1
92 164 1
92 165 1
92 166 1
92 167 1
92 168 1
92 169 1
92 170 1
93 106 1
93 107 1
93 108 1
93 109 1
93 112 1
93 113 1
93 115 1
93 116 1
93 117 1
93 118 1
93 119 1
93 122 1
93 137 1
93 138 1
93 139 1
93 140 1
93 141 1
93 165 1
93 167 1
93 168 1
93 171 1
94 95 1
94 106 1
94 107 1
94 108 1
94 110 1
94 111 1
94 112 1
94 113 1
94 114 1
94 117 1
94 118 1
94 119 1
94 120 1
94 121 1
94 122 1
94 137 1
94 138 1
94 139 1
94 140 1
94 165 1
94 166 1
94 167 1
94 168 1
94 170 1
94 171 1
95 108 1
95 111 1
95 112 1
95 113 1
95 114 1
95 115 1
95 116 1
95 117 1
95 122 1
95 123 1
95 137 1
95 139 1
95 141 1
95 165 1
95 166 1
95 167 1
95 168 1
95 169 1
95 170 1
96 106 1
96 107 1
96 108 1
96 109 1
96 111 1
96 112 1
96 113 1
96 114 1
96 115 1
96 116 1
96 118 1
96 119 1
96 123 1
96 137 1
96 138 1
96 139 1
96 164 1
96 165 1
96 166 1
96 168 1
96 169 1
96 170 1
96 171 1
97 98 1
97 100 1
97 101 1
97 105 1
97 137 1
97 138 1
97 140 1
97 141 1
98 99 1
98 100 1
98 102 1
98 103 1
98 104 1
98 105 1
98 137 1
98 138 1
98 139 1
98 140 1
98 141 1
99 100 1
99 101 1
99 102 1
99 137 1
99 138 1
99 139 1
99 140 1
99 141 1
100 101 1
100 105 1
100 137 1
100 138 1
100 139 1
100 140 1
100 141 1
101 102 1
101 104 1
101 137 1
101 138 1
101 139 1
101 140 1
102 103 1
102 137 1
102 139 1
102 140 1
103 104 1
103 138 1
103 139 1
103 140 1
104 105 1
104 137 1
104 138 1
105 137 1
105 138 1
105 139 1
105 140 1
106 107 1
106 111 1
106 114 1
106 142 1
106 143 1
106 144 1
106 145 1
106 147 1
106 148 1
106 150 1
106 151 1
106 152 1
106 153 1
106 154 1
106 155 1
106 156 1
106 157 1
106 158 1
106 160 1
106 161 1
106 162 1
106 163 1
107 109 1
107 113 1
107 114 1
107 142 1
107 143 1
107 146 1
107 147 1
107 148 1
107 149 1
107 151 1
107 152 1
107 153 1
107 154 1
107 155 1
107 156 1
107 157 1
107 158 1
107 159 1
107 161 1
107 163 1
108 109 1
108 110 1
108 111 1
108 112 1
108 142 1
108 143 1
108 144 1
108 145 1
108 146 1
108 148 1
108 149 1
108 150 1
108 151 1
108 152 1
108 154 1
108 156 1
108 157 1
108 158 1
108 160 1
108 161 1
108 162 1
109 111 1
109 112 1
109 143 1
109 144 1
109 145 1
109 146 1
109 147 1
109 148 1
109 149 1
109 150 1
109 151 1
109 152 1
109 153 1
109 154 1
109 155 1
109 156 1
109 157 1
109 158 1
109 159 1
109 160 1
109 161 1
109 162 1
109 163 1
110 111 1
110 112 1
110 114 1
110 142 1
110 143 1
110 144 1
110 145 1
110 147 1
110 148 1
110 149 1
110 150 1
110 151 1
110 152 1
110 153 1
110 154 1
110 156 1
110 157 1
110 158 1
110 159 1
110 161 1
110 162 1
110 163 1
111 142 1
111 143 1
111 144 1
111 145 1
111 146 1
111 147 1
111 148 1
111 149 1
111 150 1
111 151 1
111 153 1
111 154 1
111 156 1
111 159 1
111 162 1
111 163 1
112 142 1
112 143 1
112 145 1
112 147 1
112 148 1
112 149 1
112 150 1
112 152 1
112 153 1
112 155 1
112 156 1
112 157 1
112 159 1
112 160 1
112 161 1
112 162 1
112 163 1
113 114 1
113 142 1
113 143 1
113 144 1
113 145 1
113 150 1
113 151 1
113 153 1
113 154 1
113 156 1
113 160 1
113 161 1
113 162 1
113 163 1
114 142 1
114 145 1
114 147 1
114 148 1
114 149 1
114 150 1
114 151 1
114 152 1
114 153 1
114 154 1
114 155 1
114 156 1
114 158 1
114 160 1
114 161 1
114 163 1
115 117 1
115 119 1
115 122 1
115 123 1
115 149 1
115 150 1
115 151 1
115 152 1
115 153 1
115 155 1
115 157 1
115 164 1
115 166 1
115 167 1
115 168 1
115 170 1
115 171 1
116 117 1
116 120 1
116 123 1
116 150 1
116 151 1
116 153 1
116 154 1
116 155 1
116 156 1
116 164 1
116 169 1
116 170 1
117 118 1
117 119 1
117 120 1
117 121 1
117 123 1
117 149 1
117 150 1
117 152 1
117 153 1
117 154 1
117 156 1
117 166 1
117 167 1
117 168 1
117 170 1
118 123 1
118 149 1
118 150 1
118 151 1
118 152 1
118 153 1
118 154 1
118 155 1
118 156 1
118 164 1
118 165 1
118 166 1
118 167 1
118 168 1
118 169 1
118 170 1
118 171 1
119 120 1
119 121 1
119 122 1
119 149 1
119 151 1
119 152 1
119 154 1
119 155 1
119 156 1
119 157 1
119 167 1
119 168 1
119 169 1
119 170 1
119 171 1
120 121 1
120 149 1
120 150 1
120 151 1
120 153 1
120 154 1
120 156 1
120 164 1
120 165 1
120 166 1
120 167 1
120 168 1
120 169 1
120 170 1
121 122 1
121 149 1
121 150 1
121 152 1
121 155 1
121 156 1
121 157 1
121 164 1
121 166 1
121 167 1
121 168 1
121 169 1
121 170 1
121 171 1
122 149 1
122 150 1
122 151 1
122 152 1
122 153 1
122 154 1
122 156 1
122 165 1
122 166 1
122 168 1
122 169 1
122 170 1
122 171 1
123 149 1
123 150 1
123 155 1
123 156 1
123 164 1
123 166 1
123 167 1
123 168 1
123 169 1
123 170 1
123 171 1
124 125 1
124 127 1
124 128 1
124 129 1
124 164 1
124 165 1
124 166 1
124 167 1
124 168 1
124 170 1
124 171 1
125 129 1
125 166 1
125 167 1
125 168 1
125 169 1
125 170 1
125 171 1
126 129 1
126 164 1
126 165 1
126 168 1
126 169 1
126 170 1
126 171 1
127 128 1
127 129 1
127 165 1
127 167 1
127 168 1
127 169 1
127 170 1
127 171 1
128 129 1
128 164 1
128 165 1
128 166 1
128 167 1
128 168 1
128 169 1
128 170 1
128 171 1
129 164 1
129 165 1
129 166 1
129 167 1
129 168 1
129 169 1
129 170 1
130 131 1
130 133 1
131 132 1
131 136 1
132 136 1
133 134 1
135 136 1
137 138 1
137 139 1
137 140 1
137 165 1
137 166 1
137 167 1
137 168 1
137 169 1
137 170 1
138 139 1
138 165 1
138 166 1
138 167 1
138 168 1
138 170 1
138 171 1
139 140 1
139 164 1
139 165 1
139 166 1
139 168 1
139 169 1
139 170 1
140 165 1
140 166 1
140 167 1
140 169 1
140 170 1
141 165 1
141 166 1
141 167 1
141 168 1
141 169 1
141 171 1
142 143 1
142 144 1
142 146 1
142 147 1
142 158 1
142 160 1
142 161 1
142 162 1
142 163 1
143 145 1
143 146 1
143 147 1
143 158 1
143 159 1
143 160 1
143 161 1
143 162 1
143 163 1
144 148 1
144 158 1
144 159 1
144 160 1
144 161 1
145 158 1
145 159 1
145 161 1
145 162 1
145 163 1
146 159 1
146 160 1
146 162 1
147 158 1
147 161 1
147 162 1
148 162 1
148 163 1
149 150 1
149 152 1
149 155 1
149 156 1
149 157 1
150 155 1
150 156 1
151 152 1
151 153 1
151 156 1
153 155 1
153 156 1
154 155 1
158 162 1
159 160 1
159 162 1
164 166 1
164 167 1
165 168 1
165 171 1
166 168 1
166 170 1
166 171 1
167 169 1
168 169 1
170 171 1
