1 2 1
1 3 1
1 4 1
1 6 1
1 7 1
1 9 1
1 11 1
1 13 1
1 16 1
1 17 1
1 18 1
1 20 1
1 21 1
1 31 1
1 33 1
1 34 1
1 35 1
1 36 1
1 37 1
1 38 1
1 39 1
1 40 1
1 42 1
1 43 1
1 50 1
1 51 1
1 52 1
1 53 1
1 54 1
1 55 1
1 56 1
1 57 1
1 64 1
1 65 1
1 66 1
1 67 1
1 68 1
1 69 1
1 70 1
1 71 1
1 72 1
1 73 1
1 81 1
1 82 1
1 83 1
1 84 1
1 85 1
1 86 1
1 87 1
1 88 1
1 90 1
1 92 1
1 93 1
1 94 1
1 95 1
1 96 1
1 99 1
1 100 1
1 101 1
1 102 1
1 103 1
1 108 1
1 109 1
1 110 1
1 111 1
1 112 1
1 115 1
1 117 1
1 119 1
1 122 1
1 123 1
1 124 1
1 134 1
1 135 1
1 136 1
1 137 1
1 138 1
1 139 1
1 140 1
1 141 1
1 142 1
1 143 1
1 144 1
1 155 1
1 156 1
1 158 1
1 159 1
1 161 1
1 162 1
1 165 1
1 166 1
2 5 1
2 9 1
2 10 1
2 11 1
2 12 1
2 13 1
2 14 1
2 15 1
2 16 1
2 18 1
2 19 1
2 20 1
2 21 1
2 22 1
2 29 1
2 30 1
2 32 1
2 33 1
2 36 1
2 37 1
2 38 1
2 40 1
2 41 1
2 42 1
2 43 1
2 51 1
2 53 1
2 54 1
2 55 1
2 57 1
2 64 1
2 66 1
2 67 1
2 70 1
2 71 1
2 72 1
2 79 1
2 80 1
2 81 1
2 82 1
2 83 1
2 85 1
2 86 1
2 89 1
2 90 1
2 91 1
2 92 1
2 95 1
2 96 1
2 97 1
2 98 1
2 102 1
2 104 1
2 105 1
2 107 1
2 108 1
2 109 1
2 110 1
2 111 1
2 112 1
2 113 1
2 114 1
2 115 1
2 116 1
2 117 1
2 118 1
2 119 1
2 120 1
2 122 1
2 123 1
2 124 1
2 133 1
2 134 1
2 135 1
2 136 1
2 137 1
2 138 1
2 139 1
2 140 1
2 141 1
2 142 1
2 143 1
2 144 1
2 154 1
2 155 1
2 156 1
2 157 1
2 158 1
2 159 1
2 160 1
2 161 1
2 162 1
2 163 1
2 164 1
2 165 1
2 166 1
3 4 1
3 9 1
3 10 1
3 11 1
3 12 1
3 13 1
3 14 1
3 16 1
3 17 1
3 18 1
3 19 1
3 20 1
3 22 1
3 29 1
3 30 1
3 31 1
3 32 1
3 33 1
3 34 1
3 35 1
3 37 1
3 38 1
3 39 1
3 40 1
3 41 1
3 42 1
3 43 1
3 50 1
3 51 1
3 53 1
3 54 1
3 55 1
3 57 1
3 64 1
3 65 1
3 69 1
3 70 1
3 72 1
3 73 1
3 80 1
3 82 1
3 83 1
3 84 1
3 85 1
3 86 1
3 87 1
3 88 1
3 89 1
3 90 1
3 91 1
3 92 1
3 94 1
3 95 1
3 96 1
3 99 1
3 100 1
3 101 1
3 103 1
3 104 1
3 105 1
3 106 1
3 107 1
3 109 1
3 110 1
3 111 1
3 112 1
3 113 1
3 114 1
3 116 1
3 117 1
3 118 1
3 119 1
3 120 1
3 121 1
3 123 1
3 124 1
3 136 1
3 137 1
3 138 1
3 140 1
3 141 1
3 142 1
3 143 1
3 154 1
3 155 1
3 157 1
3 158 1
3 159 1
3 161 1
4 5 1
4 9 1
4 12 1
4 13 1
4 14 1
4 16 1
4 17 1
4 18 1
4 19 1
4 20 1
4 21 1
4 29 1
4 32 1
4 35 1
4 36 1
4 37 1
4 39 1
4 40 1
4 41 1
4 42 1
4 43 1
4 50 1
4 51 1
4 52 1
4 54 1
4 55 1
4 56 1
4 57 1
4 65 1
4 66 1
4 67 1
4 68 1
4 69 1
4 70 1
4 71 1
4 73 1
4 79 1
4 80 1
4 81 1
4 82 1
4 83 1
4 84 1
4 86 1
4 87 1
4 89 1
4 90 1
4 92 1
4 94 1
4 95 1
4 97 1
4 98 1
4 99 1
4 100 1
4 102 1
4 104 1
4 105 1
4 106 1
4 107 1
4 108 1
4 109 1
4 110 1
4 111 1
4 113 1
4 114 1
4 118 1
4 119 1
4 120 1
4 121 1
4 122 1
4 123 1
4 133 1
4 135 1
4 136 1
4 138 1
4 139 1
4 140 1
4 141 1
4 142 1
4 143 1
4 144 1
4 155 1
4 156 1
4 157 1
4 158 1
4 159 1
4 161 1
4 162 1
4 165 1
4 166 1
5 10 1
5 12 1
5 13 1
5 14 1
5 15 1
5 16 1
5 17 1
5 18 1
5 19 1
5 20 1
5 21 1
5 22 1
5 30 1
5 31 1
5 32 1
5 33 1
5 34 1
5 35 1
5 36 1
5 37 1
5 38 1
5 39 1
5 42 1
5 50 1
5 51 1
5 52 1
5 53 1
5 54 1
5 57 1
5 65 1
5 66 1
5 68 1
5 69 1
5 70 1
5 72 1
5 73 1
5 82 1
5 83 1
5 84 1
5 85 1
5 87 1
5 88 1
5 89 1
5 91 1
5 92 1
5 93 1
5 94 1
5 95 1
5 97 1
5 99 1
5 103 1
5 104 1
5 106 1
5 107 1
5 108 1
5 109 1
5 110 1
5 112 1
5 113 1
5 114 1
5 115 1
5 117 1
5 118 1
5 119 1
5 120 1
5 121 1
5 122 1
5 135 1
5 139 1
5 140 1
5 141 1
5 143 1
5 144 1
5 154 1
5 155 1
5 156 1
5 157 1
5 159 1
5 160 1
5 162 1
5 163 1
5 164 1
5 165 1
6 9 1
6 10 1
6 12 1
6 13 1
6 14 1
6 15 1
6 17 1
6 19 1
6 20 1
6 21 1
6 22 1
6 33 1
6 34 1
6 36 1
6 37 1
6 38 1
6 39 1
6 40 1
6 41 1
6 42 1
6 50 1
6 51 1
6 53 1
6 55 1
6 57 1
6 64 1
6 65 1
6 67 1
6 68 1
6 70 1
6 72 1
6 73 1
6 79 1
6 81 1
6 83 1
6 84 1
6 85 1
6 86 1
6 88 1
6 89 1
6 90 1
6 91 1
6 92 1
6 93 1
6 94 1
6 95 1
6 96 1
6 98 1
6 99 1
6 100 1
6 101 1
6 102 1
6 105 1
6 106 1
6 109 1
6 110 1
6 111 1
6 112 1
6 115 1
6 116 1
6 117 1
6 119 1
6 121 1
6 122 1
6 123 1
6 134 1
6 136 1
6 138 1
6 139 1
6 140 1
6 141 1
6 143 1
6 144 1
6 155 1
6 156 1
6 158 1
6 159 1
6 160 1
6 161 1
6 162 1
6 163 1
6 165 1
6 166 1
7 10 1
7 11 1
7 12 1
7 13 1
7 14 1
7 15 1
7 16 1
7 17 1
7 18 1
7 20 1
7 21 1
7 22 1
7 29 1
7 30 1
7 31 1
7 33 1
7 34 1
7 35 1
7 37 1
7 38 1
7 39 1
7 41 1
7 42 1
7 43 1
7 50 1
7 51 1
7 52 1
7 53 1
7 55 1
7 56 1
7 64 1
7 65 1
7 69 1
7 70 1
7 71 1
7 72 1
7 73 1
7 79 1
7 80 1
7 81 1
7 82 1
7 83 1
7 85 1
7 86 1
7 87 1
7 88 1
7 89 1
7 90 1
7 92 1
7 93 1
7 94 1
7 96 1
7 98 1
7 99 1
7 100 1
7 101 1
7 102 1
7 104 1
7 105 1
7 106 1
7 107 1
7 108 1
7 109 1
7 110 1
7 111 1
7 112 1
7 113 1
7 117 1
7 118 1
7 119 1
7 121 1
7 122 1
7 123 1
7 124 1
7 133 1
7 134 1
7 135 1
7 136 1
7 137 1
7 138 1
7 140 1
7 141 1
7 143 1
7 144 1
7 154 1
7 155 1
7 156 1
7 157 1
7 159 1
7 161 1
7 162 1
7 163 1
7 164 1
7 166 1
8 9 1
8 10 1
8 11 1
8 12 1
8 13 1
8 14 1
8 15 1
8 16 1
8 17 1
8 20 1
8 21 1
8 29 1
8 30 1
8 32 1
8 33 1
8 34 1
8 35 1
8 38 1
8 39 1
8 40 1
8 41 1
8 42 1
8 43 1
8 50 1
8 51 1
8 52 1
8 54 1
8 55 1
8 57 1
8 64 1
8 65 1
8 66 1
8 67 1
8 68 1
8 69 1
8 71 1
8 72 1
8 73 1
8 80 1
8 83 1
8 84 1
8 85 1
8 86 1
8 87 1
8 88 1
8 89 1
8 91 1
8 92 1
8 94 1
8 95 1
8 96 1
8 97 1
8 98 1
8 99 1
8 100 1
8 101 1
8 102 1
8 103 1
8 104 1
8 106 1
8 107 1
8 108 1
8 109 1
8 110 1
8 111 1
8 112 1
8 113 1
8 114 1
8 115 1
8 117 1
8 118 1
8 119 1
8 120 1
8 121 1
8 122 1
8 123 1
8 124 1
8 133 1
8 134 1
8 135 1
8 136 1
8 137 1
8 138 1
8 140 1
8 141 1
8 142 1
8 143 1
8 144 1
8 155 1
8 156 1
8 157 1
8 158 1
8 159 1
8 160 1
8 161 1
8 162 1
8 163 1
8 165 1
8 166 1
9 10 1
9 11 1
9 12 1
9 13 1
9 15 1
9 16 1
9 17 1
9 18 1
9 20 1
9 21 1
9 22 1
9 35 1
9 36 1
9 39 1
9 40 1
9 41 1
9 50 1
9 51 1
9 52 1
9 54 1
9 55 1
9 56 1
9 57 1
9 69 1
9 70 1
9 71 1
9 73 1
9 75 1
9 78 1
9 79 1
9 80 1
9 81 1
9 84 1
9 85 1
9 86 1
9 87 1
9 88 1
9 89 1
9 90 1
9 92 1
9 93 1
9 94 1
9 95 1
9 96 1
9 97 1
9 99 1
9 100 1
9 119 1
9 121 1
9 123 1
9 124 1
9 133 1
9 134 1
9 135 1
9 136 1
9 137 1
9 138 1
9 145 1
9 146 1
9 148 1
9 149 1
9 151 1
9 152 1
9 153 1
9 160 1
9 161 1
9 162 1
9 163 1
9 164 1
9 165 1
9 166 1
10 11 1
10 15 1
10 19 1
10 20 1
10 21 1
10 22 1
10 35 1
10 36 1
10 37 1
10 38 1
10 39 1
10 40 1
10 41 1
10 54 1
10 55 1
10 56 1
10 69 1
10 71 1
10 72 1
10 73 1
10 74 1
10 75 1
10 78 1
10 80 1
10 81 1
10 82 1
10 83 1
10 85 1
10 87 1
10 89 1
10 90 1
10 91 1
10 92 1
10 94 1
10 95 1
10 96 1
10 97 1
10 98 1
10 101 1
10 119 1
10 120 1
10 121 1
10 122 1
10 124 1
10 133 1
10 134 1
10 135 1
10 137 1
10 138 1
10 145 1
10 146 1
10 147 1
10 148 1
10 149 1
10 150 1
10 151 1
10 152 1
10 153 1
10 160 1
10 161 1
10 162 1
10 163 1
10 164 1
10 165 1
10 166 1
11 13 1
11 14 1
11 16 1
11 18 1
11 19 1
11 20 1
11 21 1
11 22 1
11 35 1
11 37 1
11 38 1
11 39 1
11 40 1
11 41 1
11 43 1
11 50 1
11 51 1
11 52 1
11 53 1
11 54 1
11 55 1
11 56 1
11 57 1
11 69 1
11 70 1
11 71 1
11 73 1
11 74 1
11 75 1
11 76 1
11 77 1
11 78 1
11 81 1
11 82 1
11 83 1
11 85 1
11 86 1
11 88 1
11 89 1
11 90 1
11 91 1
11 93 1
11 95 1
11 97 1
11 100 1
11 119 1
11 120 1
11 122 1
11 123 1
11 133 1
11 134 1
11 135 1
11 136 1
11 137 1
11 138 1
11 145 1
11 148 1
11 149 1
11 150 1
11 151 1
11 152 1
11 153 1
11 160 1
11 162 1
11 163 1
11 165 1
11 166 1
12 16 1
12 19 1
12 21 1
12 22 1
12 35 1
12 36 1
12 38 1
12 39 1
12 40 1
12 41 1
12 42 1
12 50 1
12 51 1
12 52 1
12 53 1
12 55 1
12 56 1
12 69 1
12 70 1
12 71 1
12 72 1
12 73 1
12 75 1
12 77 1
12 78 1
12 79 1
12 80 1
12 81 1
12 82 1
12 83 1
12 85 1
12 86 1
12 87 1
12 88 1
12 89 1
12 90 1
12 91 1
12 92 1
12 93 1
12 95 1
12 96 1
12 97 1
12 99 1
12 101 1
12 119 1
12 120 1
12 121 1
12 122 1
12 123 1
12 124 1
12 133 1
12 134 1
12 136 1
12 137 1
12 138 1
12 145 1
12 146 1
12 147 1
12 148 1
12 151 1
12 152 1
12 153 1
12 160 1
12 161 1
12 162 1
12 164 1
12 165 1
12 166 1
13 15 1
13 18 1
13 20 1
13 21 1
13 22 1
13 37 1
13 39 1
13 40 1
13 41 1
13 42 1
13 43 1
13 50 1
13 51 1
13 52 1
13 53 1
13 54 1
13 56 1
13 69 1
13 71 1
13 73 1
13 74 1
13 75 1
13 76 1
13 77 1
13 78 1
13 79 1
13 82 1
13 85 1
13 87 1
13 88 1
13 89 1
13 90 1
13 91 1
13 92 1
13 93 1
13 94 1
13 95 1
13 96 1
13 97 1
13 98 1
13 99 1
13 101 1
13 120 1
13 121 1
13 122 1
13 123 1
13 124 1
13 133 1
13 134 1
13 137 1
13 138 1
13 145 1
13 146 1
13 150 1
13 151 1
13 152 1
13 153 1
13 160 1
13 161 1
13 163 1
13 164 1
13 165 1
14 18 1
14 19 1
14 20 1
14 22 1
14 35 1
14 36 1
14 37 1
14 38 1
14 39 1
14 40 1
14 41 1
14 42 1
14 43 1
14 50 1
14 51 1
14 53 1
14 55 1
14 56 1
14 71 1
14 72 1
14 73 1
14 75 1
14 76 1
14 77 1
14 78 1
14 79 1
14 80 1
14 81 1
14 83 1
14 85 1
14 86 1
14 87 1
14 88 1
14 90 1
14 92 1
14 93 1
14 94 1
14 95 1
14 96 1
14 97 1
14 98 1
14 99 1
14 101 1
14 119 1
14 120 1
14 121 1
14 122 1
14 123 1
14 124 1
14 134 1
14 135 1
14 136 1
14 137 1
14 138 1
14 145 1
14 147 1
14 148 1
14 149 1
14 152 1
14 153 1
14 160 1
14 161 1
14 162 1
14 163 1
14 164 1
14 165 1
14 166 1
15 16 1
15 17 1
15 18 1
15 19 1
15 20 1
15 22 1
15 35 1
15 36 1
15 37 1
15 38 1
15 39 1
15 40 1
15 41 1
15 51 1
15 52 1
15 53 1
15 54 1
15 55 1
15 56 1
15 57 1
15 69 1
15 70 1
15 71 1
15 73 1
15 74 1
15 75 1
15 76 1
15 77 1
15 78 1
15 80 1
15 81 1
15 82 1
15 84 1
15 85 1
15 86 1
15 87 1
15 88 1
15 89 1
15 90 1
15 91 1
15 92 1
15 93 1
15 94 1
15 95 1
15 97 1
15 98 1
15 99 1
15 100 1
15 101 1
15 120 1
15 121 1
15 122 1
15 123 1
15 133 1
15 135 1
15 137 1
15 138 1
15 146 1
15 147 1
15 148 1
15 149 1
15 151 1
15 152 1
15 153 1
15 160 1
15 161 1
15 162 1
15 164 1
15 165 1
16 17 1
16 18 1
16 19 1
16 21 1
16 22 1
16 35 1
16 36 1
16 37 1
16 38 1
16 39 1
16 40 1
16 41 1
16 42 1
16 43 1
16 51 1
16 52 1
16 53 1
16 54 1
16 55 1
16 56 1
16 57 1
16 69 1
16 70 1
16 73 1
16 74 1
16 75 1
16 77 1
16 79 1
16 80 1
16 82 1
16 83 1
16 84 1
16 85 1
16 86 1
16 87 1
16 88 1
16 89 1
16 90 1
16 91 1
16 92 1
16 93 1
16 94 1
16 95 1
16 97 1
16 99 1
16 100 1
16 119 1
16 121 1
16 122 1
16 133 1
16 134 1
16 135 1
16 136 1
16 138 1
16 145 1
16 146 1
16 148 1
16 149 1
16 151 1
16 152 1
16 153 1
16 161 1
16 162 1
16 164 1
17 18 1
17 19 1
17 20 1
17 22 1
17 35 1
17 36 1
17 37 1
17 38 1
17 39 1
17 40 1
17 41 1
17 42 1
17 43 1
17 50 1
17 51 1
17 52 1
17 54 1
17 55 1
17 69 1
17 70 1
17 71 1
17 73 1
17 74 1
17 75 1
17 76 1
17 77 1
17 78 1
17 79 1
17 80 1
17 81 1
17 82 1
17 83 1
17 85 1
17 86 1
17 87 1
17 88 1
17 89 1
17 90 1
17 92 1
17 95 1
17 96 1
17 98 1
17 99 1
17 100 1
17 101 1
17 120 1
17 121 1
17 122 1
17 123 1
17 124 1
17 133 1
17 134 1
17 136 1
17 138 1
17 145 1
17 146 1
17 147 1
17 148 1
17 149 1
17 151 1
17 153 1
17 161 1
17 162 1
17 163 1
17 165 1
17 166 1
18 19 1
18 20 1
18 21 1
18 22 1
18 44 1
18 46 1
18 48 1
18 49 1
18 51 1
18 52 1
18 53 1
18 55 1
18 57 1
18 59 1
18 60 1
18 61 1
18 63 1
18 74 1
18 76 1
18 89 1
18 90 1
18 92 1
18 102 1
18 103 1
18 104 1
18 105 1
18 106 1
18 108 1
18 109 1
18 111 1
18 112 1
18 113 1
18 114 1
18 117 1
18 118 1
18 145 1
18 147 1
18 149 1
18 150 1
18 153 1
18 154 1
18 156 1
18 157 1
18 159 1
18 160 1
18 161 1
18 162 1
18 163 1
18 165 1
18 166 1
19 44 1
19 45 1
19 47 1
19 48 1
19 49 1
19 50 1
19 51 1
19 52 1
19 53 1
19 57 1
19 62 1
19 63 1
19 76 1
19 77 1
19 78 1
19 87 1
19 88 1
19 90 1
19 91 1
19 92 1
19 102 1
19 103 1
19 104 1
19 105 1
19 106 1
19 107 1
19 108 1
19 110 1
19 111 1
19 112 1
19 115 1
19 117 1
19 118 1
19 145 1
19 146 1
19 147 1
19 148 1
19 149 1
19 152 1
19 154 1
19 155 1
19 156 1
19 158 1
19 159 1
19 160 1
19 161 1
19 162 1
19 163 1
19 165 1
19 166 1
20 45 1
20 47 1
20 49 1
20 50 1
20 51 1
20 53 1
20 55 1
20 56 1
20 57 1
20 60 1
20 61 1
20 74 1
20 76 1
20 78 1
20 87 1
20 88 1
20 89 1
20 90 1
20 91 1
20 92 1
20 103 1
20 104 1
20 105 1
20 106 1
20 107 1
20 109 1
20 110 1
20 111 1
20 112 1
20 113 1
20 114 1
20 115 1
20 116 1
20 117 1
20 118 1
20 145 1
20 146 1
20 147 1
20 148 1
20 149 1
20 150 1
20 154 1
20 155 1
20 156 1
20 158 1
20 159 1
20 160 1
20 161 1
20 162 1
20 163 1
20 165 1
20 166 1
21 44 1
21 46 1
21 47 1
21 48 1
21 50 1
21 52 1
21 54 1
21 56 1
21 57 1
21 58 1
21 59 1
21 60 1
21 63 1
21 74 1
21 76 1
21 77 1
21 78 1
21 87 1
21 88 1
21 89 1
21 90 1
21 91 1
21 102 1
21 103 1
21 105 1
21 106 1
21 109 1
21 110 1
21 111 1
21 112 1
21 113 1
21 115 1
21 116 1
21 117 1
21 118 1
21 146 1
21 148 1
21 150 1
21 152 1
21 154 1
21 155 1
21 157 1
21 159 1
21 160 1
21 161 1
21 162 1
21 163 1
21 165 1
21 166 1
22 44 1
22 45 1
22 46 1
22 47 1
22 48 1
22 49 1
22 50 1
22 52 1
22 53 1
22 54 1
22 55 1
22 56 1
22 57 1
22 59 1
22 60 1
22 61 1
22 63 1
22 74 1
22 75 1
22 76 1
22 78 1
22 87 1
22 88 1
22 89 1
22 90 1
22 92 1
22 102 1
22 103 1
22 104 1
22 105 1
22 108 1
22 109 1
22 110 1
22 112 1
22 113 1
22 114 1
22 115 1
22 116 1
22 117 1
22 146 1
22 147 1
22 148 1
22 150 1
22 152 1
22 155 1
22 157 1
22 158 1
22 159 1
22 160 1
22 161 1
22 162 1
22 163 1
22 164 1
22 165 1
22 166 1
23 24 1
23 25 1
23 26 1
23 27 1
23 28 1
23 30 1
23 33 1
23 34 1
23 69 1
23 87 1
23 88 1
23 89 1
23 90 1
23 91 1
23 93 1
23 94 1
23 95 1
23 97 1
23 98 1
23 99 1
23 100 1
23 101 1
23 103 1
23 104 1
23 105 1
23 106 1
23 139 1
23 140 1
23 141 1
23 142 1
23 143 1
23 144 1
23 147 1
23 148 1
23 149 1
23 150 1
23 153 1
23 161 1
23 164 1
23 165 1
23 166 1
24 30 1
24 32 1
24 71 1
24 72 1
24 73 1
24 87 1
24 89 1
24 90 1
24 91 1
24 92 1
24 93 1
24 94 1
24 95 1
24 97 1
24 99 1
24 100 1
24 102 1
24 103 1
24 104 1
24 105 1
24 139 1
24 140 1
24 141 1
24 142 1
24 143 1
24 144 1
24 146 1
24 147 1
24 148 1
24 149 1
24 150 1
24 151 1
24 153 1
24 160 1
24 161 1
24 162 1
24 163 1
24 164 1
24 165 1
24 166 1
25 27 1
25 29 1
25 32 1
25 33 1
25 34 1
25 69 1
25 71 1
25 72 1
25 73 1
25 87 1
25 88 1
25 89 1
25 90 1
25 91 1
25 92 1
25 93 1
25 94 1
25 95 1
25 96 1
25 98 1
25 100 1
25 102 1
25 103 1
25 104 1
25 105 1
25 106 1
25 140 1
25 143 1
25 144 1
25 145 1
25 146 1
25 147 1
25 148 1
25 149 1
25 150 1
25 151 1
25 153 1
25 160 1
25 163 1
25 164 1
25 166 1
26 28 1
26 30 1
26 31 1
26 32 1
26 34 1
26 69 1
26 70 1
26 71 1
26 72 1
26 73 1
26 87 1
26 88 1
26 90 1
26 91 1
26 92 1
26 93 1
26 94 1
26 95 1
26 96 1
26 98 1
26 99 1
26 101 1
26 103 1
26 104 1
26 105 1
26 140 1
26 141 1
26 143 1
26 144 1
26 145 1
26 148 1
26 150 1
26 151 1
26 152 1
26 153 1
26 160 1
26 161 1
26 162 1
26 163 1
27 29 1
27 32 1
27 33 1
27 34 1
27 69 1
27 71 1
27 72 1
27 73 1
27 88 1
27 89 1
27 92 1
27 93 1
27 94 1
27 95 1
27 96 1
27 97 1
27 100 1
27 101 1
27 102 1
27 103 1
27 105 1
27 106 1
27 139 1
27 140 1
27 141 1
27 142 1
27 143 1
27 144 1
27 145 1
27 146 1
27 147 1
27 148 1
27 149 1
27 150 1
27 151 1
27 152 1
27 153 1
27 160 1
27 162 1
27 163 1
27 164 1
27 165 1
28 30 1
28 31 1
28 32 1
28 33 1
28 34 1
28 69 1
28 71 1
28 72 1
28 87 1
28 88 1
28 89 1
28 90 1
28 91 1
28 92 1
28 93 1
28 94 1
28 95 1
28 96 1
28 97 1
28 99 1
28 100 1
28 102 1
28 103 1
28 104 1
28 105 1
28 106 1
28 141 1
28 142 1
28 143 1
28 144 1
28 145 1
28 147 1
28 149 1
28 150 1
28 160 1
28 162 1
28 163 1
28 165 1
28 166 1
29 30 1
29 31 1
29 32 1
29 34 1
29 35 1
29 36 1
29 37 1
29 38 1
29 39 1
29 41 1
29 42 1
29 43 1
29 44 1
29 45 1
29 46 1
29 48 1
29 49 1
29 58 1
29 59 1
29 60 1
29 61 1
29 62 1
29 63 1
29 64 1
29 65 1
29 66 1
29 67 1
29 68 1
29 74 1
29 75 1
29 77 1
29 78 1
29 87 1
29 89 1
29 90 1
29 119 1
29 120 1
29 121 1
29 123 1
29 125 1
29 127 1
29 128 1
29 129 1
29 130 1
29 131 1
29 132 1
29 140 1
29 141 1
29 142 1
29 143 1
29 144 1
30 31 1
30 35 1
30 36 1
30 37 1
30 38 1
30 39 1
30 40 1
30 43 1
30 44 1
30 46 1
30 47 1
30 48 1
30 49 1
30 58 1
30 59 1
30 60 1
30 61 1
30 63 1
30 64 1
30 65 1
30 66 1
30 67 1
30 68 1
30 74 1
30 76 1
30 77 1
30 78 1
30 88 1
30 89 1
30 90 1
30 92 1
30 120 1
30 121 1
30 124 1
30 125 1
30 126 1
30 127 1
30 128 1
30 129 1
30 130 1
30 131 1
30 132 1
30 139 1
30 140 1
30 141 1
30 142 1
30 143 1
31 34 1
31 37 1
31 40 1
31 42 1
31 45 1
31 47 1
31 48 1
31 49 1
31 58 1
31 59 1
31 62 1
31 63 1
31 64 1
31 65 1
31 66 1
31 68 1
31 74 1
31 75 1
31 76 1
31 77 1
31 78 1
31 90 1
31 119 1
31 121 1
31 122 1
31 123 1
31 125 1
31 126 1
31 127 1
31 129 1
31 130 1
31 131 1
31 132 1
31 139 1
31 140 1
31 141 1
31 143 1
31 144 1
32 33 1
32 35 1
32 37 1
32 38 1
32 39 1
32 40 1
32 41 1
32 42 1
32 44 1
32 45 1
32 46 1
32 47 1
32 49 1
32 58 1
32 60 1
32 61 1
32 62 1
32 63 1
32 65 1
32 66 1
32 67 1
32 68 1
32 76 1
32 77 1
32 78 1
32 88 1
32 89 1
32 90 1
32 92 1
32 120 1
32 121 1
32 122 1
32 125 1
32 127 1
32 129 1
32 131 1
32 132 1
32 139 1
32 141 1
32 142 1
32 144 1
33 35 1
33 37 1
33 38 1
33 39 1
33 40 1
33 41 1
33 42 1
33 43 1
33 44 1
33 45 1
33 46 1
33 47 1
33 48 1
33 49 1
33 58 1
33 59 1
33 60 1
33 61 1
33 62 1
33 63 1
33 64 1
33 65 1
33 66 1
33 68 1
33 74 1
33 75 1
33 76 1
33 77 1
33 78 1
33 87 1
33 88 1
33 89 1
33 90 1
33 92 1
33 119 1
33 121 1
33 124 1
33 125 1
33 128 1
33 130 1
33 131 1
33 132 1
33 139 1
33 142 1
34 35 1
34 36 1
34 37 1
34 38 1
34 39 1
34 40 1
34 41 1
34 43 1
34 44 1
34 45 1
34 46 1
34 47 1
34 58 1
34 59 1
34 60 1
34 61 1
34 62 1
34 63 1
34 64 1
34 65 1
34 66 1
34 68 1
34 74 1
34 75 1
34 76 1
34 77 1
34 78 1
34 87 1
34 88 1
34 89 1
34 90 1
34 91 1
34 119 1
34 121 1
34 123 1
34 124 1
34 125 1
34 126 1
34 128 1
34 130 1
34 131 1
34 132 1
34 140 1
34 141 1
34 142 1
34 143 1
34 144 1
35 36 1
35 37 1
35 38 1
35 39 1
35 41 1
35 42 1
35 43 1
35 44 1
35 45 1
35 46 1
35 48 1
35 49 1
35 50 1
35 51 1
35 52 1
35 53 1
35 54 1
35 55 1
35 56 1
35 57 1
35 70 1
35 71 1
35 72 1
35 77 1
35 78 1
35 88 1
35 89 1
35 90 1
35 91 1
35 102 1
35 103 1
35 104 1
35 105 1
35 106 1
35 108 1
35 109 1
35 110 1
35 111 1
35 125 1
35 126 1
35 127 1
35 129 1
35 130 1
35 131 1
35 133 1
35 134 1
35 135 1
35 136 1
35 137 1
35 138 1
35 145 1
35 146 1
35 148 1
35 150 1
35 151 1
35 152 1
35 153 1
36 38 1
36 40 1
36 42 1
36 43 1
36 45 1
36 46 1
36 47 1
36 49 1
36 50 1
36 51 1
36 54 1
36 56 1
36 70 1
36 71 1
36 74 1
36 75 1
36 76 1
36 78 1
36 87 1
36 88 1
36 89 1
36 90 1
36 102 1
36 103 1
36 105 1
36 106 1
36 107 1
36 108 1
36 109 1
36 111 1
36 126 1
36 127 1
36 129 1
36 131 1
36 132 1
36 133 1
36 135 1
36 136 1
36 137 1
36 146 1
36 147 1
36 148 1
36 149 1
36 151 1
37 39 1
37 40 1
37 42 1
37 43 1
37 44 1
37 45 1
37 46 1
37 47 1
37 48 1
37 49 1
37 50 1
37 54 1
37 55 1
37 56 1
37 57 1
37 70 1
37 71 1
37 73 1
37 74 1
37 75 1
37 78 1
37 87 1
37 88 1
37 89 1
37 90 1
37 92 1
37 103 1
37 104 1
37 105 1
37 107 1
37 108 1
37 109 1
37 125 1
37 126 1
37 128 1
37 130 1
37 131 1
37 132 1
37 133 1
37 134 1
37 135 1
37 136 1
37 137 1
37 138 1
37 145 1
37 146 1
37 148 1
37 150 1
37 151 1
37 152 1
37 153 1
38 39 1
38 40 1
38 41 1
38 42 1
38 43 1
38 44 1
38 45 1
38 46 1
38 48 1
38 49 1
38 50 1
38 51 1
38 52 1
38 54 1
38 55 1
38 57 1
38 69 1
38 70 1
38 71 1
38 72 1
38 73 1
38 74 1
38 75 1
38 77 1
38 78 1
38 87 1
38 88 1
38 89 1
38 90 1
38 91 1
38 92 1
38 103 1
38 104 1
38 105 1
38 106 1
38 109 1
38 110 1
38 111 1
38 125 1
38 127 1
38 129 1
38 130 1
38 131 1
38 132 1
38 133 1
38 134 1
38 138 1
38 145 1
38 146 1
38 147 1
38 148 1
38 150 1
38 151 1
38 152 1
38 153 1
39 40 1
39 41 1
39 42 1
39 43 1
39 44 1
39 46 1
39 47 1
39 48 1
39 49 1
39 50 1
39 51 1
39 52 1
39 53 1
39 56 1
39 57 1
39 69 1
39 70 1
39 72 1
39 73 1
39 74 1
39 76 1
39 78 1
39 87 1
39 88 1
39 89 1
39 91 1
39 92 1
39 102 1
39 103 1
39 104 1
39 105 1
39 106 1
39 107 1
39 108 1
39 109 1
39 111 1
39 125 1
39 126 1
39 128 1
39 129 1
39 130 1
39 131 1
39 132 1
39 133 1
39 134 1
39 135 1
39 136 1
39 137 1
39 138 1
39 145 1
39 146 1
39 147 1
39 148 1
39 149 1
39 150 1
39 152 1
40 41 1
40 42 1
40 43 1
40 44 1
40 45 1
40 47 1
40 48 1
40 49 1
40 50 1
40 52 1
40 54 1
40 55 1
40 56 1
40 69 1
40 70 1
40 71 1
40 72 1
40 74 1
40 75 1
40 76 1
40 78 1
40 87 1
40 88 1
40 89 1
40 90 1
40 91 1
40 92 1
40 102 1
40 103 1
40 104 1
40 105 1
40 106 1
40 109 1
40 110 1
40 126 1
40 127 1
40 128 1
40 130 1
40 131 1
40 132 1
40 135 1
40 146 1
40 147 1
40 148 1
40 149 1
40 151 1
40 152 1
40 153 1
41 42 1
41 43 1
41 44 1
41 47 1
41 48 1
41 49 1
41 50 1
41 51 1
41 53 1
41 54 1
41 55 1
41 56 1
41 57 1
41 71 1
41 72 1
41 73 1
41 74 1
41 76 1
41 87 1
41 89 1
41 90 1
41 92 1
41 102 1
41 103 1
41 104 1
41 107 1
41 109 1
41 110 1
41 125 1
41 126 1
41 128 1
41 129 1
41 130 1
41 131 1
41 133 1
41 134 1
41 135 1
41 136 1
41 137 1
41 138 1
41 145 1
41 146 1
41 150 1
41 151 1
41 153 1
42 43 1
42 44 1
42 45 1
42 46 1
42 47 1
42 48 1
42 49 1
42 51 1
42 52 1
42 53 1
42 55 1
42 56 1
42 57 1
42 69 1
42 71 1
42 72 1
42 73 1
42 75 1
42 76 1
42 77 1
42 87 1
42 88 1
42 89 1
42 90 1
42 91 1
42 92 1
42 102 1
42 105 1
42 106 1
42 107 1
42 108 1
42 109 1
42 110 1
42 111 1
42 125 1
42 126 1
42 127 1
42 128 1
42 129 1
42 130 1
42 132 1
42 133 1
42 134 1
42 135 1
42 136 1
42 137 1
42 138 1
42 145 1
42 146 1
42 147 1
42 148 1
42 149 1
42 150 1
43 44 1
43 45 1
43 46 1
43 47 1
43 48 1
43 49 1
43 50 1
43 51 1
43 52 1
43 53 1
43 56 1
43 69 1
43 71 1
43 72 1
43 73 1
43 75 1
43 76 1
43 78 1
43 88 1
43 89 1
43 90 1
43 91 1
43 102 1
43 103 1
43 105 1
43 106 1
43 109 1
43 110 1
43 111 1
43 126 1
43 127 1
43 128 1
43 129 1
43 130 1
43 131 1
43 132 1
43 133 1
43 134 1
43 135 1
43 136 1
43 145 1
43 147 1
43 149 1
43 150 1
43 151 1
43 152 1
43 153 1
44 45 1
44 46 1
44 48 1
44 58 1
44 59 1
44 61 1
44 62 1
44 64 1
44 65 1
44 66 1
44 67 1
44 70 1
44 71 1
44 73 1
44 79 1
44 81 1
44 83 1
44 84 1
44 85 1
44 93 1
44 94 1
44 98 1
44 99 1
44 100 1
44 105 1
44 106 1
44 108 1
44 109 1
44 110 1
44 111 1
44 112 1
44 114 1
44 117 1
44 118 1
44 119 1
44 120 1
44 121 1
44 124 1
44 125 1
44 126 1
44 127 1
44 128 1
44 130 1
44 131 1
44 132 1
44 139 1
44 140 1
44 141 1
44 142 1
44 143 1
44 144 1
44 154 1
44 157 1
44 158 1
44 159 1
45 46 1
45 47 1
45 49 1
45 58 1
45 59 1
45 60 1
45 62 1
45 65 1
45 66 1
45 67 1
45 68 1
45 69 1
45 70 1
45 72 1
45 73 1
45 79 1
45 80 1
45 81 1
45 82 1
45 84 1
45 85 1
45 93 1
45 94 1
45 95 1
45 98 1
45 99 1
45 100 1
45 101 1
45 102 1
45 103 1
45 104 1
45 105 1
45 106 1
45 107 1
45 110 1
45 111 1
45 112 1
45 113 1
45 114 1
45 115 1
45 116 1
45 117 1
45 118 1
45 119 1
45 120 1
45 123 1
45 125 1
45 126 1
45 127 1
45 129 1
45 130 1
45 131 1
45 132 1
45 139 1
45 140 1
45 141 1
45 142 1
45 143 1
45 144 1
45 154 1
45 155 1
45 156 1
45 157 1
45 158 1
46 47 1
46 48 1
46 49 1
46 59 1
46 60 1
46 62 1
46 63 1
46 64 1
46 65 1
46 66 1
46 67 1
46 68 1
46 69 1
46 70 1
46 71 1
46 72 1
46 73 1
46 79 1
46 80 1
46 81 1
46 82 1
46 83 1
46 84 1
46 85 1
46 86 1
46 93 1
46 94 1
46 95 1
46 96 1
46 97 1
46 99 1
46 101 1
46 102 1
46 103 1
46 104 1
46 105 1
46 108 1
46 109 1
46 110 1
46 111 1
46 114 1
46 115 1
46 117 1
46 118 1
46 119 1
46 120 1
46 121 1
46 122 1
46 123 1
46 124 1
46 125 1
46 126 1
46 127 1
46 128 1
46 130 1
46 132 1
46 139 1
46 140 1
46 142 1
46 143 1
46 144 1
46 154 1
46 155 1
46 157 1
46 158 1
47 60 1
47 61 1
47 63 1
47 64 1
47 65 1
47 66 1
47 67 1
47 68 1
47 69 1
47 70 1
47 71 1
47 73 1
47 79 1
47 81 1
47 82 1
47 83 1
47 84 1
47 85 1
47 93 1
47 94 1
47 95 1
47 96 1
47 98 1
47 101 1
47 102 1
47 103 1
47 104 1
47 105 1
47 106 1
47 107 1
47 108 1
47 110 1
47 111 1
47 113 1
47 114 1
47 115 1
47 118 1
47 119 1
47 120 1
47 121 1
47 122 1
47 123 1
47 124 1
47 125 1
47 126 1
47 127 1
47 128 1
47 129 1
47 130 1
47 131 1
47 139 1
47 140 1
47 142 1
47 143 1
47 144 1
47 155 1
47 156 1
47 157 1
47 158 1
47 159 1
48 49 1
48 58 1
48 59 1
48 62 1
48 63 1
48 64 1
48 65 1
48 66 1
48 69 1
48 71 1
48 72 1
48 73 1
48 80 1
48 84 1
48 85 1
48 86 1
48 93 1
48 94 1
48 95 1
48 96 1
48 97 1
48 98 1
48 99 1
48 100 1
48 101 1
48 102 1
48 103 1
48 105 1
48 106 1
48 108 1
48 109 1
48 110 1
48 111 1
48 112 1
48 113 1
48 116 1
48 117 1
48 118 1
48 120 1
48 122 1
48 124 1
48 125 1
48 127 1
48 128 1
48 129 1
48 130 1
48 131 1
48 139 1
48 140 1
48 141 1
48 143 1
48 144 1
48 154 1
48 155 1
48 156 1
48 157 1
48 158 1
49 58 1
49 60 1
49 61 1
49 64 1
49 65 1
49 66 1
49 67 1
49 68 1
49 69 1
49 70 1
49 71 1
49 73 1
49 80 1
49 81 1
49 82 1
49 83 1
49 84 1
49 85 1
49 86 1
49 93 1
49 94 1
49 96 1
49 97 1
49 99 1
49 100 1
49 102 1
49 103 1
49 104 1
49 105 1
49 106 1
49 108 1
49 110 1
49 111 1
49 113 1
49 114 1
49 115 1
49 116 1
49 117 1
49 118 1
49 123 1
49 124 1
49 125 1
49 126 1
49 127 1
49 128 1
49 130 1
49 131 1
49 132 1
49 139 1
49 140 1
49 141 1
49 155 1
49 157 1
49 158 1
49 159 1
50 51 1
50 53 1
50 55 1
50 56 1
50 57 1
50 64 1
50 65 1
50 66 1
50 67 1
50 68 1
50 69 1
50 70 1
50 71 1
50 73 1
50 80 1
50 81 1
50 83 1
50 84 1
50 112 1
50 113 1
50 114 1
50 117 1
50 118 1
50 133 1
50 134 1
50 136 1
50 137 1
50 138 1
50 139 1
50 140 1
50 141 1
50 142 1
50 143 1
50 144 1
50 145 1
50 146 1
50 148 1
50 149 1
50 150 1
50 151 1
50 153 1
50 160 1
50 161 1
50 163 1
50 164 1
50 165 1
50 166 1
51 53 1
51 54 1
51 64 1
51 65 1
51 66 1
51 67 1
51 68 1
51 69 1
51 70 1
51 71 1
51 72 1
51 73 1
51 81 1
51 82 1
51 83 1
51 84 1
51 85 1
51 86 1
51 112 1
51 113 1
51 114 1
51 116 1
51 118 1
51 133 1
51 137 1
51 138 1
51 139 1
51 141 1
51 142 1
51 143 1
51 144 1
51 146 1
51 147 1
51 150 1
51 151 1
51 152 1
51 153 1
51 164 1
51 165 1
51 166 1
52 53 1
52 54 1
52 55 1
52 56 1
52 57 1
52 64 1
52 65 1
52 66 1
52 69 1
52 70 1
52 71 1
52 72 1
52 73 1
52 81 1
52 82 1
52 83 1
52 84 1
52 85 1
52 112 1
52 114 1
52 115 1
52 116 1
52 133 1
52 136 1
52 137 1
52 138 1
52 139 1
52 140 1
52 141 1
52 142 1
52 143 1
52 144 1
52 146 1
52 148 1
52 150 1
52 151 1
52 152 1
52 161 1
52 162 1
52 163 1
52 164 1
52 165 1
52 166 1
53 54 1
53 55 1
53 56 1
53 57 1
53 65 1
53 66 1
53 67 1
53 69 1
53 70 1
53 71 1
53 72 1
53 73 1
53 79 1
53 80 1
53 81 1
53 82 1
53 83 1
53 84 1
53 85 1
53 86 1
53 112 1
53 114 1
53 115 1
53 117 1
53 118 1
53 134 1
53 136 1
53 137 1
53 138 1
53 139 1
53 140 1
53 141 1
53 142 1
53 143 1
53 144 1
53 146 1
53 147 1
53 148 1
53 149 1
53 151 1
53 152 1
53 160 1
53 161 1
53 162 1
53 163 1
53 164 1
53 165 1
53 166 1
54 57 1
54 64 1
54 65 1
54 67 1
54 68 1
54 69 1
54 71 1
54 79 1
54 80 1
54 82 1
54 83 1
54 84 1
54 86 1
54 112 1
54 113 1
54 114 1
54 115 1
54 116 1
54 117 1
54 133 1
54 135 1
54 136 1
54 138 1
54 139 1
54 140 1
54 141 1
54 142 1
54 143 1
54 145 1
54 146 1
54 147 1
54 148 1
54 149 1
54 151 1
54 152 1
54 153 1
54 160 1
54 161 1
54 162 1
54 165 1
55 57 1
55 65 1
55 66 1
55 67 1
55 70 1
55 71 1
55 73 1
55 79 1
55 81 1
55 82 1
55 84 1
55 112 1
55 113 1
55 114 1
55 115 1
55 116 1
55 117 1
55 118 1
55 135 1
55 136 1
55 137 1
55 138 1
55 139 1
55 140 1
55 141 1
55 142 1
55 143 1
55 145 1
55 146 1
55 147 1
55 148 1
55 149 1
55 150 1
55 152 1
55 153 1
55 160 1
55 161 1
55 162 1
55 165 1
55 166 1
56 57 1
56 64 1
56 65 1
56 66 1
56 68 1
56 70 1
56 71 1
56 72 1
56 73 1
56 79 1
56 80 1
56 81 1
56 82 1
56 83 1
56 84 1
56 85 1
56 86 1
56 112 1
56 113 1
56 114 1
56 116 1
56 117 1
56 118 1
56 135 1
56 137 1
56 139 1
56 140 1
56 141 1
56 142 1
56 143 1
56 144 1
56 145 1
56 151 1
56 153 1
56 161 1
56 163 1
56 164 1
56 165 1
56 166 1
57 65 1
57 67 1
57 68 1
57 69 1
57 70 1
57 71 1
57 72 1
57 73 1
57 79 1
57 80 1
57 81 1
57 82 1
57 83 1
57 85 1
57 86 1
57 112 1
57 114 1
57 115 1
57 116 1
57 117 1
57 118 1
57 133 1
57 134 1
57 135 1
57 137 1
57 138 1
57 139 1
57 140 1
57 141 1
57 142 1
57 143 1
57 144 1
57 145 1
57 146 1
57 147 1
57 148 1
57 150 1
57 151 1
57 152 1
57 160 1
57 163 1
57 165 1
57 166 1
58 59 1
58 63 1
58 88 1
58 89 1
58 90 1
58 91 1
58 93 1
58 94 1
58 95 1
58 96 1
58 98 1
58 99 1
58 100 1
58 101 1
58 107 1
58 108 1
58 110 1
58 111 1
58 133 1
58 134 1
58 140 1
58 141 1
58 142 1
58 143 1
58 144 1
58 154 1
58 155 1
58 157 1
58 158 1
58 159 1
59 60 1
59 61 1
59 63 1
59 87 1
59 88 1
59 89 1
59 91 1
59 92 1
59 93 1
59 94 1
59 95 1
59 99 1
59 101 1
59 107 1
59 108 1
59 110 1
59 111 1
59 134 1
59 135 1
59 136 1
59 138 1
59 140 1
59 141 1
59 142 1
59 143 1
59 144 1
59 154 1
59 155 1
59 156 1
59 159 1
60 88 1
60 89 1
60 90 1
60 91 1
60 94 1
60 95 1
60 96 1
60 97 1
60 98 1
60 99 1
60 101 1
60 108 1
60 110 1
60 111 1
60 134 1
60 135 1
60 136 1
60 137 1
60 138 1
60 139 1
60 140 1
60 141 1
60 142 1
60 143 1
60 154 1
60 157 1
60 158 1
60 159 1
61 62 1
61 63 1
61 88 1
61 89 1
61 90 1
61 91 1
61 93 1
61 94 1
61 95 1
61 98 1
61 99 1
61 100 1
61 101 1
61 107 1
61 109 1
61 110 1
61 133 1
61 134 1
61 135 1
61 136 1
61 139 1
61 140 1
61 141 1
61 142 1
61 144 1
61 154 1
61 156 1
61 157 1
61 158 1
62 63 1
62 87 1
62 90 1
62 92 1
62 93 1
62 94 1
62 95 1
62 96 1
62 97 1
62 98 1
62 99 1
62 101 1
62 108 1
62 109 1
62 111 1
62 133 1
62 134 1
62 135 1
62 136 1
62 138 1
62 139 1
62 140 1
62 141 1
62 142 1
62 143 1
62 144 1
62 154 1
62 155 1
62 156 1
62 157 1
62 158 1
62 159 1
63 87 1
63 88 1
63 89 1
63 90 1
63 91 1
63 93 1
63 94 1
63 97 1
63 99 1
63 100 1
63 107 1
63 109 1
63 110 1
63 111 1
63 134 1
63 135 1
63 136 1
63 137 1
63 138 1
63 139 1
63 140 1
63 142 1
63 143 1
63 154 1
63 155 1
63 156 1
63 157 1
63 158 1
63 159 1
64 65 1
64 66 1
64 68 1
64 93 1
64 97 1
64 98 1
64 100 1
64 101 1
64 133 1
64 134 1
64 135 1
64 137 1
64 145 1
64 146 1
64 149 1
64 151 1
64 152 1
64 153 1
64 160 1
64 161 1
64 162 1
64 163 1
64 166 1
65 66 1
65 94 1
65 96 1
65 97 1
65 98 1
65 99 1
65 101 1
65 133 1
65 135 1
65 136 1
65 137 1
65 145 1
65 147 1
65 148 1
65 149 1
65 151 1
65 153 1
65 160 1
65 161 1
65 162 1
65 163 1
65 164 1
65 166 1
66 93 1
66 95 1
66 98 1
66 99 1
66 100 1
66 133 1
66 135 1
66 137 1
66 138 1
66 145 1
66 146 1
66 147 1
66 148 1
66 149 1
66 150 1
66 151 1
66 152 1
66 153 1
66 160 1
66 162 1
66 163 1
66 164 1
66 165 1
66 166 1
67 68 1
67 93 1
67 94 1
67 95 1
67 96 1
67 97 1
67 99 1
67 100 1
67 101 1
67 133 1
67 134 1
67 135 1
67 136 1
67 137 1
67 145 1
67 146 1
67 147 1
67 148 1
67 149 1
67 150 1
67 151 1
67 152 1
67 161 1
67 162 1
67 163 1
67 164 1
67 165 1
68 93 1
68 94 1
68 95 1
68 97 1
68 98 1
68 99 1
68 100 1
68 101 1
68 133 1
68 134 1
68 135 1
68 136 1
68 137 1
68 138 1
68 145 1
68 146 1
68 147 1
68 148 1
68 149 1
68 150 1
68 151 1
68 152 1
68 153 1
68 161 1
68 162 1
68 163 1
68 164 1
68 165 1
68 166 1
69 71 1
69 72 1
69 73 1
69 74 1
69 75 1
69 77 1
69 78 1
69 93 1
69 94 1
69 95 1
69 96 1
69 97 1
69 98 1
69 99 1
69 103 1
69 104 1
69 105 1
69 106 1
69 113 1
69 116 1
69 117 1
69 118 1
69 120 1
69 121 1
69 122 1
69 124 1
69 125 1
69 127 1
69 129 1
69 130 1
69 132 1
69 133 1
69 134 1
69 136 1
69 137 1
69 138 1
69 140 1
69 141 1
69 142 1
69 143 1
69 144 1
69 156 1
69 157 1
69 158 1
69 159 1
70 71 1
70 72 1
70 74 1
70 75 1
70 77 1
70 94 1
70 96 1
70 98 1
70 99 1
70 100 1
70 102 1
70 103 1
70 104 1
70 105 1
70 106 1
70 112 1
70 113 1
70 114 1
70 115 1
70 116 1
70 117 1
70 120 1
70 122 1
70 124 1
70 125 1
70 126 1
70 127 1
70 128 1
70 129 1
70 130 1
70 131 1
70 132 1
70 133 1
70 134 1
70 135 1
70 136 1
70 137 1
70 138 1
70 139 1
70 140 1
70 141 1
70 142 1
70 144 1
70 154 1
70 155 1
70 157 1
70 158 1
71 72 1
71 75 1
71 76 1
71 78 1
71 93 1
71 94 1
71 95 1
71 96 1
71 98 1
71 99 1
71 100 1
71 101 1
71 102 1
71 103 1
71 104 1
71 106 1
71 112 1
71 113 1
71 114 1
71 115 1
71 116 1
71 117 1
71 119 1
71 120 1
71 121 1
71 122 1
71 123 1
71 124 1
71 125 1
71 127 1
71 128 1
71 130 1
71 131 1
71 132 1
71 133 1
71 135 1
71 136 1
71 138 1
71 140 1
71 141 1
71 144 1
71 155 1
71 156 1
71 157 1
71 158 1
71 159 1
72 73 1
72 75 1
72 76 1
72 77 1
72 78 1
72 93 1
72 94 1
72 95 1
72 96 1
72 99 1
72 100 1
72 103 1
72 104 1
72 105 1
72 106 1
72 112 1
72 113 1
72 114 1
72 116 1
72 118 1
72 119 1
72 120 1
72 123 1
72 124 1
72 125 1
72 126 1
72 128 1
72 129 1
72 130 1
72 131 1
72 132 1
72 133 1
72 135 1
72 136 1
72 137 1
72 138 1
72 140 1
72 141 1
72 142 1
72 143 1
72 144 1
72 155 1
72 156 1
72 157 1
72 158 1
73 74 1
73 76 1
73 77 1
73 78 1
73 93 1
73 94 1
73 95 1
73 96 1
73 97 1
73 98 1
73 99 1
73 100 1
73 101 1
73 102 1
73 103 1
73 104 1
73 106 1
73 114 1
73 116 1
73 118 1
73 120 1
73 122 1
73 126 1
73 127 1
73 128 1
73 129 1
73 130 1
73 132 1
73 133 1
73 134 1
73 135 1
73 136 1
73 137 1
73 138 1
73 139 1
73 140 1
73 142 1
73 143 1
73 144 1
73 154 1
73 156 1
73 157 1
73 158 1
74 76 1
74 77 1
74 78 1
74 75 1
74 88 1
74 89 1
74 90 1
74 91 1
74 92 1
74 93 1
74 94 1
74 95 1
74 96 1
74 98 1
74 99 1
74 107 1
74 108 1
74 109 1
74 111 1
74 112 1
74 114 1
74 116 1
74 118 1
74 119 1
74 120 1
74 121 1
74 122 1
74 123 1
74 125 1
74 126 1
74 127 1
74 128 1
74 129 1
74 130 1
74 132 1
74 133 1
74 134 1
74 135 1
74 137 1
74 138 1
74 139 1
74 140 1
74 141 1
74 142 1
74 144 1
74 146 1
74 148 1
74 149 1
74 152 1
74 153 1
74 155 1
74 156 1
74 157 1
75 76 1
75 78 1
75 87 1
75 88 1
75 90 1
75 92 1
75 94 1
75 96 1
75 98 1
75 99 1
75 100 1
75 101 1
75 107 1
75 108 1
75 109 1
75 110 1
75 111 1
75 112 1
75 113 1
75 114 1
75 115 1
75 121 1
75 122 1
75 124 1
75 126 1
75 127 1
75 128 1
75 129 1
75 130 1
75 131 1
75 134 1
75 137 1
75 138 1
75 140 1
75 141 1
75 142 1
75 143 1
75 145 1
75 146 1
75 147 1
75 149 1
75 150 1
75 151 1
75 152 1
75 154 1
75 155 1
75 156 1
75 158 1
75 159 1
76 78 1
76 87 1
76 88 1
76 89 1
76 90 1
76 91 1
76 92 1
76 93 1
76 94 1
76 95 1
76 96 1
76 97 1
76 98 1
76 99 1
76 100 1
76 101 1
76 107 1
76 108 1
76 109 1
76 110 1
76 111 1
76 112 1
76 113 1
76 114 1
76 115 1
76 116 1
76 117 1
76 118 1
76 120 1
76 121 1
76 123 1
76 124 1
76 125 1
76 126 1
76 128 1
76 130 1
76 131 1
76 134 1
76 136 1
76 138 1
76 139 1
76 141 1
76 142 1
76 143 1
76 144 1
76 145 1
76 146 1
76 147 1
76 149 1
76 153 1
76 154 1
76 155 1
76 157 1
76 158 1
77 87 1
77 88 1
77 91 1
77 92 1
77 95 1
77 96 1
77 97 1
77 99 1
77 100 1
77 101 1
77 107 1
77 108 1
77 109 1
77 110 1
77 114 1
77 115 1
77 116 1
77 117 1
77 118 1
77 119 1
77 120 1
77 122 1
77 123 1
77 125 1
77 131 1
77 132 1
77 133 1
77 136 1
77 137 1
77 138 1
77 139 1
77 141 1
77 146 1
77 147 1
77 148 1
77 149 1
77 150 1
77 151 1
77 155 1
77 156 1
77 157 1
77 158 1
78 87 1
78 88 1
78 90 1
78 92 1
78 94 1
78 95 1
78 96 1
78 97 1
78 98 1
78 101 1
78 108 1
78 109 1
78 110 1
78 111 1
78 112 1
78 115 1
78 117 1
78 118 1
78 119 1
78 120 1
78 121 1
78 122 1
78 123 1
78 124 1
78 127 1
78 128 1
78 129 1
78 130 1
78 131 1
78 132 1
78 135 1
78 137 1
78 138 1
78 139 1
78 141 1
78 142 1
78 143 1
78 144 1
78 145 1
78 146 1
78 148 1
78 149 1
78 150 1
78 151 1
78 152 1
78 153 1
78 154 1
78 155 1
78 158 1
78 159 1
79 83 1
79 84 1
79 85 1
79 86 1
79 81 1
79 82 1
79 93 1
79 94 1
79 95 1
79 96 1
79 97 1
79 98 1
79 99 1
79 100 1
79 101 1
79 102 1
79 103 1
79 104 1
79 105 1
79 106 1
79 112 1
79 113 1
79 114 1
79 115 1
79 116 1
79 117 1
79 125 1
79 126 1
79 127 1
79 128 1
79 130 1
79 132 1
79 154 1
79 157 1
79 158 1
79 159 1
80 84 1
80 86 1
80 82 1
80 93 1
80 94 1
80 96 1
80 98 1
80 99 1
80 102 1
80 103 1
80 105 1
80 106 1
80 112 1
80 113 1
80 116 1
80 117 1
80 118 1
80 125 1
80 126 1
80 127 1
80 129 1
80 130 1
80 131 1
80 132 1
80 154 1
80 155 1
80 156 1
80 158 1
80 159 1
81 83 1
81 84 1
81 85 1
81 86 1
81 93 1
81 94 1
81 95 1
81 96 1
81 97 1
81 98 1
81 99 1
81 100 1
81 101 1
81 104 1
81 106 1
81 112 1
81 113 1
81 114 1
81 115 1
81 116 1
81 118 1
81 125 1
81 126 1
81 127 1
81 131 1
81 132 1
81 154 1
81 155 1
81 156 1
81 157 1
81 158 1
82 83 1
82 84 1
82 85 1
82 86 1
82 93 1
82 94 1
82 95 1
82 96 1
82 97 1
82 99 1
82 100 1
82 103 1
82 104 1
82 113 1
82 114 1
82 115 1
82 116 1
82 117 1
82 125 1
82 126 1
82 127 1
82 128 1
82 129 1
82 130 1
82 131 1
82 132 1
82 154 1
82 156 1
82 157 1
82 158 1
82 159 1
83 86 1
83 94 1
83 95 1
83 96 1
83 98 1
83 99 1
83 101 1
83 103 1
83 104 1
83 105 1
83 112 1
83 113 1
83 114 1
83 116 1
83 117 1
83 125 1
83 126 1
83 127 1
83 129 1
83 130 1
83 154 1
83 155 1
83 156 1
83 158 1
83 159 1
84 85 1
84 93 1
84 96 1
84 97 1
84 98 1
84 100 1
84 102 1
84 104 1
84 105 1
84 106 1
84 113 1
84 114 1
84 116 1
84 117 1
84 118 1
84 125 1
84 126 1
84 128 1
84 129 1
84 130 1
84 132 1
84 154 1
84 155 1
84 156 1
84 157 1
84 159 1
85 93 1
85 95 1
85 97 1
85 98 1
85 99 1
85 100 1
85 102 1
85 103 1
85 104 1
85 105 1
85 106 1
85 113 1
85 114 1
85 115 1
85 116 1
85 117 1
85 126 1
85 128 1
85 129 1
85 130 1
85 131 1
85 132 1
85 154 1
85 155 1
85 156 1
85 158 1
85 159 1
86 93 1
86 95 1
86 96 1
86 98 1
86 99 1
86 100 1
86 101 1
86 102 1
86 103 1
86 105 1
86 106 1
86 112 1
86 113 1
86 114 1
86 115 1
86 116 1
86 117 1
86 118 1
86 125 1
86 127 1
86 128 1
86 129 1
86 130 1
86 132 1
86 154 1
86 155 1
86 156 1
86 158 1
86 159 1
87 90 1
87 91 1
87 92 1
87 102 1
87 104 1
87 105 1
87 106 1
87 119 1
87 120 1
87 121 1
87 123 1
87 124 1
87 146 1
87 147 1
87 148 1
87 149 1
87 150 1
87 154 1
87 155 1
87 156 1
87 157 1
87 158 1
88 90 1
88 91 1
88 92 1
88 89 1
88 102 1
88 103 1
88 104 1
88 105 1
88 106 1
88 119 1
88 120 1
88 121 1
88 123 1
88 124 1
88 146 1
88 147 1
88 148 1
88 149 1
88 150 1
88 151 1
88 152 1
88 153 1
88 155 1
88 157 1
88 158 1
88 159 1
89 90 1
89 91 1
89 92 1
89 103 1
89 104 1
89 105 1
89 106 1
89 119 1
89 121 1
89 122 1
89 123 1
89 124 1
89 145 1
89 146 1
89 147 1
89 148 1
89 149 1
89 150 1
89 151 1
89 152 1
89 153 1
89 154 1
89 156 1
89 158 1
89 159 1
90 91 1
90 92 1
90 102 1
90 103 1
90 104 1
90 105 1
90 106 1
90 121 1
90 122 1
90 123 1
90 124 1
90 145 1
90 146 1
90 147 1
90 148 1
90 149 1
90 150 1
90 151 1
90 153 1
90 154 1
90 155 1
90 157 1
90 158 1
91 102 1
91 103 1
91 104 1
91 106 1
91 119 1
91 120 1
91 121 1
91 123 1
91 145 1
91 147 1
91 148 1
91 149 1
91 151 1
91 152 1
91 153 1
91 154 1
91 156 1
91 157 1
91 159 1
92 102 1
92 103 1
92 105 1
92 106 1
92 119 1
92 123 1
92 145 1
92 149 1
92 150 1
92 151 1
92 152 1
92 153 1
92 154 1
92 155 1
92 157 1
92 158 1
92 159 1
93 97 1
93 98 1
93 100 1
93 94 1
93 95 1
93 107 1
93 109 1
93 110 1
93 111 1
93 139 1
93 140 1
93 141 1
93 142 1
93 154 1
93 156 1
93 159 1
94 97 1
94 98 1
94 100 1
94 101 1
94 96 1
94 108 1
94 139 1
94 141 1
94 142 1
94 143 1
94 144 1
94 154 1
94 155 1
94 156 1
94 157 1
94 158 1
94 159 1
95 97 1
95 98 1
95 99 1
95 101 1
95 96 1
95 107 1
95 108 1
95 111 1
95 140 1
95 141 1
95 142 1
95 143 1
95 154 1
95 157 1
95 158 1
95 159 1
96 97 1
96 98 1
96 99 1
96 101 1
96 108 1
96 110 1
96 141 1
96 142 1
96 144 1
96 154 1
96 155 1
96 157 1
96 158 1
97 101 1
97 107 1
97 108 1
97 110 1
97 140 1
97 141 1
97 144 1
97 154 1
97 156 1
98 100 1
98 101 1
98 107 1
98 108 1
98 109 1
98 110 1
98 111 1
98 139 1
98 140 1
98 141 1
98 142 1
98 143 1
98 144 1
98 154 1
98 155 1
98 156 1
98 157 1
98 158 1
98 159 1
99 107 1
99 108 1
99 111 1
99 139 1
99 140 1
99 141 1
99 142 1
99 143 1
99 144 1
99 154 1
99 155 1
99 156 1
99 158 1
100 101 1
100 107 1
100 108 1
100 109 1
100 110 1
100 139 1
100 140 1
100 141 1
100 142 1
100 143 1
100 144 1
100 154 1
100 155 1
100 156 1
100 158 1
101 107 1
101 108 1
101 109 1
101 110 1
101 111 1
101 139 1
101 141 1
101 142 1
101 143 1
101 154 1
101 156 1
101 157 1
101 158 1
101 159 1
102 103 1
102 104 1
102 112 1
102 114 1
102 117 1
102 118 1
102 126 1
102 127 1
102 128 1
102 131 1
102 132 1
102 133 1
102 135 1
102 137 1
102 138 1
102 139 1
102 140 1
102 141 1
102 142 1
102 143 1
102 144 1
102 154 1
102 155 1
102 156 1
102 157 1
102 158 1
102 159 1
103 104 1
103 112 1
103 113 1
103 114 1
103 115 1
103 117 1
103 118 1
103 125 1
103 126 1
103 127 1
103 128 1
103 129 1
103 130 1
103 131 1
103 132 1
103 133 1
103 135 1
103 136 1
103 140 1
103 141 1
103 142 1
103 143 1
103 144 1
103 154 1
103 155 1
103 156 1
103 159 1
104 106 1
104 113 1
104 114 1
104 115 1
104 117 1
104 118 1
104 125 1
104 126 1
104 127 1
104 128 1
104 130 1
104 131 1
104 133 1
104 134 1
104 135 1
104 137 1
104 139 1
104 140 1
104 141 1
104 142 1
104 143 1
104 144 1
104 155 1
104 156 1
104 157 1
104 158 1
105 112 1
105 113 1
105 114 1
105 116 1
105 117 1
105 118 1
105 125 1
105 126 1
105 128 1
105 129 1
105 130 1
105 131 1
105 134 1
105 136 1
105 137 1
105 138 1
105 140 1
105 141 1
105 142 1
105 143 1
105 144 1
105 154 1
105 155 1
105 156 1
105 157 1
105 158 1
105 159 1
106 112 1
106 113 1
106 115 1
106 116 1
106 117 1
106 125 1
106 126 1
106 127 1
106 128 1
106 129 1
106 130 1
106 131 1
106 134 1
106 136 1
106 137 1
106 139 1
106 140 1
106 143 1
106 144 1
106 154 1
106 155 1
106 156 1
106 157 1
106 158 1
107 126 1
107 128 1
107 129 1
107 130 1
107 131 1
107 132 1
107 139 1
107 140 1
107 141 1
107 143 1
107 144 1
107 154 1
107 155 1
107 157 1
107 158 1
107 159 1
108 125 1
108 128 1
108 139 1
108 140 1
108 141 1
108 142 1
108 143 1
108 144 1
108 154 1
108 155 1
108 156 1
108 157 1
108 158 1
109 111 1
109 125 1
109 127 1
109 128 1
109 129 1
109 130 1
109 131 1
109 132 1
109 139 1
109 140 1
109 141 1
109 143 1
109 144 1
109 155 1
109 157 1
109 158 1
109 159 1
110 125 1
110 126 1
110 127 1
110 129 1
110 130 1
110 131 1
110 132 1
110 139 1
110 140 1
110 142 1
110 143 1
110 154 1
110 155 1
110 157 1
110 158 1
110 159 1
111 125 1
111 127 1
111 128 1
111 129 1
111 131 1
111 132 1
111 139 1
111 140 1
111 141 1
111 142 1
111 143 1
111 154 1
111 155 1
111 156 1
111 157 1
111 158 1
111 159 1
112 113 1
112 115 1
112 120 1
112 121 1
112 123 1
112 124 1
112 134 1
112 135 1
112 137 1
112 140 1
112 144 1
112 160 1
112 161 1
112 162 1
112 163 1
112 165 1
113 114 1
113 118 1
113 120 1
113 122 1
113 123 1
113 124 1
113 135 1
113 136 1
113 137 1
113 138 1
113 139 1
113 140 1
113 144 1
113 160 1
113 161 1
113 162 1
113 164 1
113 165 1
114 116 1
114 117 1
114 119 1
114 120 1
114 122 1
114 123 1
114 124 1
114 134 1
114 135 1
114 136 1
114 138 1
114 140 1
114 143 1
114 144 1
114 160 1
114 162 1
114 163 1
114 164 1
114 166 1
115 120 1
115 121 1
115 122 1
115 123 1
115 124 1
115 133 1
115 134 1
115 137 1
115 139 1
115 141 1
115 160 1
115 161 1
115 162 1
115 163 1
115 164 1
115 165 1
116 118 1
116 119 1
116 120 1
116 122 1
116 123 1
116 133 1
116 134 1
116 135 1
116 136 1
116 137 1
116 138 1
116 139 1
116 140 1
116 141 1
116 142 1
116 143 1
116 162 1
116 163 1
116 164 1
116 165 1
116 166 1
117 118 1
117 119 1
117 120 1
117 121 1
117 122 1
117 123 1
117 124 1
117 133 1
117 134 1
117 135 1
117 138 1
117 139 1
117 140 1
117 142 1
117 144 1
117 160 1
117 161 1
117 162 1
117 163 1
117 164 1
117 165 1
117 166 1
118 119 1
118 120 1
118 122 1
118 124 1
118 133 1
118 135 1
118 136 1
118 137 1
118 139 1
118 140 1
118 141 1
118 144 1
118 160 1
118 161 1
118 162 1
118 163 1
118 164 1
118 165 1
118 166 1
119 120 1
119 121 1
119 125 1
119 126 1
119 128 1
119 129 1
119 131 1
119 132 1
119 134 1
119 135 1
119 136 1
119 137 1
119 138 1
119 145 1
119 146 1
119 147 1
119 148 1
119 149 1
119 150 1
119 151 1
119 160 1
119 162 1
119 163 1
119 164 1
119 165 1
120 125 1
120 126 1
120 127 1
120 128 1
120 130 1
120 131 1
120 132 1
120 136 1
120 137 1
120 138 1
120 145 1
120 149 1
120 151 1
120 152 1
120 153 1
120 161 1
120 162 1
120 163 1
120 164 1
120 165 1
120 166 1
121 123 1
121 124 1
121 125 1
121 126 1
121 129 1
121 130 1
121 131 1
121 135 1
121 136 1
121 145 1
121 147 1
121 149 1
121 150 1
121 151 1
121 153 1
121 161 1
121 163 1
121 165 1
121 166 1
122 123 1
122 125 1
122 126 1
122 127 1
122 128 1
122 129 1
122 130 1
122 132 1
122 133 1
122 135 1
122 136 1
122 137 1
122 145 1
122 149 1
122 150 1
122 151 1
122 152 1
122 153 1
122 160 1
122 161 1
122 162 1
122 163 1
122 166 1
123 124 1
123 126 1
123 127 1
123 128 1
123 130 1
123 132 1
123 134 1
123 136 1
123 137 1
123 145 1
123 148 1
123 150 1
123 151 1
123 152 1
123 153 1
123 160 1
123 161 1
123 162 1
123 163 1
123 164 1
123 165 1
124 125 1
124 127 1
124 128 1
124 129 1
124 130 1
124 131 1
124 132 1
124 134 1
124 135 1
124 136 1
124 138 1
124 145 1
124 146 1
124 147 1
124 148 1
124 150 1
124 151 1
124 152 1
124 153 1
124 160 1
124 161 1
124 162 1
124 163 1
124 164 1
124 165 1
124 166 1
125 126 1
125 127 1
125 129 1
125 130 1
125 132 1
125 139 1
125 140 1
125 141 1
125 143 1
125 144 1
125 154 1
125 155 1
125 156 1
125 157 1
125 159 1
125 160 1
125 161 1
125 162 1
125 163 1
125 165 1
126 127 1
126 129 1
126 131 1
126 139 1
126 140 1
126 142 1
126 144 1
126 156 1
126 157 1
126 159 1
126 160 1
126 161 1
126 164 1
126 165 1
127 128 1
127 139 1
127 140 1
127 141 1
127 142 1
127 143 1
127 154 1
127 155 1
127 156 1
127 157 1
127 158 1
127 159 1
127 160 1
127 161 1
127 162 1
127 163 1
127 165 1
128 129 1
128 130 1
128 139 1
128 141 1
128 143 1
128 144 1
128 154 1
128 155 1
128 157 1
128 159 1
128 160 1
128 161 1
128 162 1
128 163 1
128 164 1
128 165 1
128 166 1
129 130 1
129 132 1
129 139 1
129 141 1
129 142 1
129 144 1
129 155 1
129 156 1
129 157 1
129 158 1
129 159 1
129 160 1
129 161 1
129 162 1
129 164 1
129 166 1
130 131 1
130 139 1
130 140 1
130 141 1
130 142 1
130 155 1
130 156 1
130 157 1
130 158 1
130 159 1
130 160 1
130 161 1
130 163 1
130 164 1
130 165 1
130 166 1
131 132 1
131 139 1
131 140 1
131 141 1
131 142 1
131 143 1
131 154 1
131 155 1
131 156 1
131 157 1
131 158 1
131 159 1
131 160 1
131 161 1
131 162 1
131 163 1
131 166 1
132 139 1
132 140 1
132 142 1
132 144 1
132 154 1
132 155 1
132 160 1
132 161 1
132 162 1
132 163 1
132 164 1
132 166 1
133 134 1
133 139 1
133 142 1
133 143 1
133 144 1
133 154 1
133 155 1
133 156 1
133 157 1
133 158 1
133 159 1
133 161 1
133 162 1
133 163 1
133 164 1
133 166 1
134 135 1
134 139 1
134 140 1
134 141 1
134 142 1
134 144 1
134 154 1
134 155 1
134 156 1
134 157 1
134 159 1
134 160 1
134 163 1
134 164 1
134 165 1
135 136 1
135 137 1
135 139 1
135 140 1
135 142 1
135 143 1
135 144 1
135 154 1
135 156 1
135 158 1
135 159 1
135 160 1
135 162 1
135 164 1
135 165 1
135 166 1
136 137 1
136 142 1
136 143 1
136 144 1
136 154 1
136 155 1
136 156 1
136 157 1
136 160 1
136 161 1
136 163 1
136 165 1
136 166 1
137 139 1
137 142 1
137 143 1
137 154 1
137 155 1
137 156 1
137 157 1
137 158 1
137 159 1
137 160 1
137 161 1
137 163 1
137 164 1
137 165 1
137 166 1
138 139 1
138 140 1
138 141 1
138 142 1
138 144 1
138 154 1
138 155 1
138 156 1
138 157 1
138 158 1
138 159 1
138 160 1
138 162 1
138 163 1
138 164 1
138 166 1
139 141 1
139 143 1
139 154 1
139 155 1
139 159 1
139 160 1
139 161 1
139 162 1
139 163 1
139 164 1
139 166 1
140 144 1
140 154 1
140 155 1
140 157 1
140 158 1
140 159 1
140 160 1
140 161 1
140 163 1
140 164 1
140 165 1
140 166 1
141 143 1
141 154 1
141 156 1
141 158 1
141 159 1
141 160 1
141 161 1
141 162 1
141 163 1
141 164 1
141 165 1
141 166 1
142 154 1
142 156 1
142 157 1
142 159 1
142 162 1
142 163 1
142 164 1
142 165 1
142 166 1
143 154 1
143 156 1
143 157 1
143 158 1
143 159 1
143 160 1
143 161 1
143 162 1
143 163 1
143 164 1
143 166 1
144 155 1
144 156 1
144 157 1
144 158 1
144 159 1
144 160 1
144 161 1
144 162 1
144 163 1
144 164 1
144 165 1
145 146 1
145 149 1
146 150 1
147 150 1
148 149 1
148 153 1
155 156 1
155 158 1
157 158 1
158 159 1
160 164 1
160 166 1
161 163 1
162 164 1
165 166 1
