1 2 1
1 3 1
1 5 1
1 6 1
1 7 1
1 8 1
1 9 1
1 11 1
1 14 1
1 48 1
1 49 1
1 50 1
1 51 1
1 52 1
1 54 1
1 55 1
1 70 1
1 71 1
1 72 1
1 73 1
1 76 1
1 111 1
1 113 1
1 114 1
1 116 1
1 123 1
1 124 1
1 125 1
1 126 1
1 128 1
2 6 1
2 11 1
2 13 1
2 14 1
2 51 1
2 52 1
2 53 1
2 55 1
2 56 1
2 70 1
2 71 1
2 72 1
2 75 1
2 76 1
2 78 1
2 113 1
2 115 1
2 116 1
2 123 1
2 125 1
2 126 1
2 127 1
2 128 1
3 7 1
3 8 1
3 9 1
3 10 1
3 11 1
3 12 1
3 13 1
3 14 1
3 49 1
3 50 1
3 51 1
3 53 1
3 54 1
3 56 1
3 70 1
3 71 1
3 72 1
3 73 1
3 76 1
3 77 1
3 78 1
3 111 1
3 114 1
3 116 1
3 125 1
3 127 1
4 5 1
4 7 1
4 8 1
4 9 1
4 10 1
4 13 1
4 50 1
4 55 1
4 56 1
4 70 1
4 71 1
4 72 1
4 73 1
4 76 1
4 111 1
4 115 1
4 122 1
4 124 1
4 125 1
4 127 1
5 7 1
5 8 1
5 10 1
5 11 1
5 12 1
5 49 1
5 50 1
5 51 1
5 55 1
5 56 1
5 70 1
5 71 1
5 72 1
5 74 1
5 75 1
5 77 1
5 78 1
5 112 1
5 122 1
5 123 1
5 125 1
5 126 1
5 127 1
5 128 1
6 7 1
6 8 1
6 9 1
6 11 1
6 12 1
6 13 1
6 14 1
6 40 1
6 41 1
6 58 1
6 59 1
6 61 1
6 63 1
6 80 1
6 83 1
6 85 1
6 86 1
6 87 1
6 89 1
6 90 1
6 92 1
6 94 1
6 97 1
6 101 1
6 145 1
6 149 1
6 167 1
6 169 1
6 170 1
6 174 1
6 175 1
7 14 1
7 40 1
7 41 1
7 42 1
7 43 1
7 44 1
7 57 1
7 58 1
7 59 1
7 61 1
7 62 1
7 63 1
7 64 1
7 79 1
7 80 1
7 82 1
7 83 1
7 84 1
7 88 1
7 90 1
7 92 1
7 93 1
7 95 1
7 96 1
7 97 1
7 98 1
7 100 1
7 101 1
7 102 1
7 103 1
7 145 1
7 147 1
7 148 1
7 169 1
7 171 1
7 174 1
7 175 1
8 14 1
8 41 1
8 42 1
8 43 1
8 44 1
8 45 1
8 46 1
8 47 1
8 57 1
8 58 1
8 59 1
8 63 1
8 64 1
8 79 1
8 82 1
8 83 1
8 84 1
8 88 1
8 89 1
8 90 1
8 94 1
8 95 1
8 97 1
8 98 1
8 99 1
8 100 1
8 101 1
8 102 1
8 104 1
8 147 1
8 148 1
8 150 1
8 167 1
8 168 1
8 169 1
8 170 1
8 171 1
8 173 1
8 174 1
8 175 1
9 12 1
9 40 1
9 45 1
9 46 1
9 57 1
9 58 1
9 59 1
9 64 1
9 79 1
9 82 1
9 83 1
9 85 1
9 90 1
9 93 1
9 94 1
9 95 1
9 97 1
9 100 1
9 102 1
9 103 1
9 146 1
9 147 1
9 148 1
9 149 1
9 150 1
9 167 1
9 170 1
9 171 1
9 173 1
10 12 1
10 14 1
10 41 1
10 43 1
10 44 1
10 45 1
10 46 1
10 47 1
10 57 1
10 58 1
10 59 1
10 60 1
10 64 1
10 80 1
10 81 1
10 83 1
10 84 1
10 86 1
10 87 1
10 88 1
10 93 1
10 94 1
10 95 1
10 98 1
10 99 1
10 100 1
10 101 1
10 102 1
10 103 1
10 104 1
10 145 1
10 147 1
10 148 1
10 168 1
10 169 1
10 170 1
10 171 1
10 172 1
10 174 1
10 175 1
11 40 1
11 41 1
11 43 1
11 45 1
11 47 1
11 58 1
11 59 1
11 60 1
11 61 1
11 63 1
11 79 1
11 80 1
11 82 1
11 83 1
11 85 1
11 87 1
11 88 1
11 90 1
11 92 1
11 93 1
11 98 1
11 99 1
11 101 1
11 102 1
11 103 1
11 104 1
11 149 1
11 150 1
11 168 1
11 171 1
11 172 1
11 175 1
12 13 1
12 41 1
12 42 1
12 43 1
12 45 1
12 46 1
12 47 1
12 57 1
12 59 1
12 60 1
12 61 1
12 63 1
12 80 1
12 82 1
12 84 1
12 85 1
12 86 1
12 90 1
12 91 1
12 92 1
12 94 1
12 98 1
12 101 1
12 102 1
12 103 1
12 145 1
12 146 1
12 147 1
12 149 1
12 150 1
12 167 1
12 168 1
12 170 1
12 171 1
12 172 1
12 174 1
12 175 1
13 41 1
13 42 1
13 43 1
13 44 1
13 45 1
13 46 1
13 47 1
13 59 1
13 63 1
13 79 1
13 86 1
13 88 1
13 89 1
13 94 1
13 95 1
13 96 1
13 99 1
13 101 1
13 102 1
13 103 1
13 104 1
13 149 1
13 150 1
13 167 1
13 168 1
13 169 1
13 171 1
13 172 1
13 175 1
14 40 1
14 41 1
14 57 1
14 58 1
14 61 1
14 79 1
14 81 1
14 82 1
14 83 1
14 85 1
14 86 1
14 89 1
14 91 1
14 92 1
14 94 1
14 95 1
14 99 1
14 100 1
14 101 1
14 103 1
14 104 1
14 145 1
14 146 1
14 147 1
14 148 1
14 169 1
15 16 1
15 17 1
15 18 1
15 19 1
15 21 1
15 41 1
15 42 1
15 43 1
15 45 1
15 47 1
15 111 1
15 112 1
15 113 1
15 115 1
15 116 1
16 22 1
16 41 1
16 42 1
16 43 1
16 44 1
16 45 1
16 111 1
16 112 1
16 114 1
16 115 1
16 116 1
17 21 1
17 22 1
17 40 1
17 41 1
17 42 1
17 43 1
17 45 1
17 111 1
17 112 1
17 113 1
17 114 1
17 115 1
17 116 1
18 19 1
18 42 1
18 43 1
18 44 1
18 45 1
18 111 1
18 112 1
19 21 1
19 40 1
19 41 1
19 43 1
19 44 1
19 46 1
19 47 1
19 112 1
19 113 1
19 114 1
19 115 1
19 116 1
20 22 1
20 40 1
20 41 1
20 42 1
20 45 1
20 47 1
20 112 1
20 115 1
20 116 1
21 22 1
21 40 1
21 41 1
21 44 1
21 45 1
21 46 1
21 112 1
22 40 1
22 41 1
22 42 1
22 44 1
22 47 1
22 112 1
22 113 1
22 114 1
22 115 1
22 116 1
23 24 1
23 26 1
23 27 1
23 28 1
23 30 1
23 105 1
23 106 1
23 107 1
23 108 1
23 111 1
23 113 1
23 114 1
23 115 1
23 116 1
23 167 1
23 168 1
23 169 1
23 171 1
23 172 1
23 173 1
23 175 1
24 105 1
24 106 1
24 108 1
24 109 1
24 110 1
24 111 1
24 112 1
24 114 1
24 115 1
24 116 1
24 169 1
24 170 1
24 171 1
24 173 1
24 174 1
25 26 1
25 29 1
25 106 1
25 107 1
25 108 1
25 109 1
25 112 1
25 115 1
25 116 1
25 168 1
25 172 1
25 175 1
26 29 1
26 105 1
26 106 1
26 107 1
26 108 1
26 109 1
26 110 1
26 111 1
26 113 1
26 114 1
26 115 1
26 169 1
26 172 1
26 173 1
26 174 1
26 175 1
27 30 1
27 107 1
27 108 1
27 111 1
27 114 1
27 115 1
27 167 1
27 168 1
27 169 1
27 170 1
27 171 1
27 172 1
27 173 1
27 174 1
28 29 1
28 30 1
28 106 1
28 107 1
28 109 1
28 110 1
28 112 1
28 113 1
28 114 1
28 116 1
28 169 1
28 170 1
28 172 1
28 173 1
28 175 1
29 105 1
29 109 1
29 111 1
29 112 1
29 113 1
29 114 1
29 116 1
29 168 1
29 171 1
29 174 1
30 105 1
30 106 1
30 107 1
30 108 1
30 111 1
30 113 1
30 114 1
30 115 1
30 116 1
30 168 1
30 171 1
31 32 1
31 33 1
31 34 1
31 35 1
31 36 1
31 37 1
31 38 1
31 39 1
31 40 1
31 41 1
31 42 1
31 43 1
31 45 1
31 46 1
31 47 1
31 57 1
31 58 1
31 59 1
31 60 1
31 62 1
31 64 1
31 73 1
31 74 1
31 75 1
31 76 1
31 77 1
31 107 1
31 108 1
31 109 1
31 110 1
31 122 1
31 123 1
31 124 1
31 125 1
31 126 1
31 127 1
31 128 1
31 138 1
31 144 1
31 155 1
31 156 1
31 168 1
31 169 1
31 170 1
31 171 1
31 175 1
32 39 1
32 40 1
32 43 1
32 45 1
32 46 1
32 47 1
32 57 1
32 58 1
32 59 1
32 60 1
32 61 1
32 63 1
32 64 1
32 73 1
32 74 1
32 75 1
32 76 1
32 77 1
32 78 1
32 105 1
32 108 1
32 109 1
32 122 1
32 123 1
32 125 1
32 126 1
32 127 1
32 139 1
32 141 1
32 142 1
32 151 1
32 153 1
32 154 1
32 156 1
32 169 1
32 170 1
32 171 1
32 172 1
32 175 1
33 34 1
33 38 1
33 39 1
33 41 1
33 43 1
33 44 1
33 46 1
33 47 1
33 57 1
33 59 1
33 60 1
33 61 1
33 62 1
33 63 1
33 64 1
33 70 1
33 73 1
33 74 1
33 76 1
33 77 1
33 105 1
33 108 1
33 109 1
33 110 1
33 122 1
33 123 1
33 124 1
33 126 1
33 128 1
33 137 1
33 138 1
33 139 1
33 140 1
33 141 1
33 152 1
33 154 1
33 155 1
33 156 1
33 158 1
33 167 1
33 168 1
33 169 1
33 172 1
33 174 1
33 175 1
34 35 1
34 37 1
34 38 1
34 41 1
34 42 1
34 43 1
34 44 1
34 47 1
34 57 1
34 58 1
34 62 1
34 64 1
34 70 1
34 71 1
34 72 1
34 73 1
34 75 1
34 77 1
34 109 1
34 122 1
34 123 1
34 124 1
34 126 1
34 127 1
34 128 1
34 138 1
34 139 1
34 141 1
34 142 1
34 143 1
34 144 1
34 152 1
34 154 1
34 155 1
34 157 1
34 168 1
34 171 1
34 172 1
34 173 1
35 37 1
35 38 1
35 40 1
35 41 1
35 42 1
35 43 1
35 44 1
35 45 1
35 46 1
35 47 1
35 57 1
35 58 1
35 59 1
35 61 1
35 63 1
35 64 1
35 70 1
35 71 1
35 72 1
35 73 1
35 78 1
35 110 1
35 122 1
35 123 1
35 124 1
35 125 1
35 126 1
35 127 1
35 137 1
35 138 1
35 139 1
35 140 1
35 143 1
35 151 1
35 153 1
35 154 1
35 155 1
35 156 1
35 157 1
35 158 1
35 167 1
35 169 1
35 171 1
35 172 1
35 174 1
36 40 1
36 42 1
36 43 1
36 45 1
36 47 1
36 58 1
36 60 1
36 61 1
36 62 1
36 63 1
36 64 1
36 70 1
36 72 1
36 74 1
36 76 1
36 77 1
36 106 1
36 107 1
36 108 1
36 109 1
36 110 1
36 122 1
36 123 1
36 125 1
36 126 1
36 127 1
36 137 1
36 138 1
36 139 1
36 140 1
36 142 1
36 151 1
36 152 1
36 154 1
36 155 1
36 156 1
36 157 1
36 158 1
36 168 1
36 169 1
36 170 1
36 171 1
36 173 1
37 40 1
37 41 1
37 42 1
37 44 1
37 47 1
37 58 1
37 59 1
37 60 1
37 61 1
37 62 1
37 70 1
37 72 1
37 74 1
37 75 1
37 77 1
37 78 1
37 105 1
37 106 1
37 109 1
37 110 1
37 123 1
37 124 1
37 126 1
37 128 1
37 137 1
37 138 1
37 139 1
37 143 1
37 144 1
37 151 1
37 152 1
37 153 1
37 155 1
37 157 1
37 169 1
37 171 1
37 172 1
37 174 1
38 40 1
38 44 1
38 45 1
38 46 1
38 47 1
38 57 1
38 60 1
38 61 1
38 63 1
38 64 1
38 70 1
38 71 1
38 74 1
38 75 1
38 76 1
38 78 1
38 105 1
38 106 1
38 107 1
38 124 1
38 125 1
38 126 1
38 137 1
38 141 1
38 142 1
38 143 1
38 151 1
38 152 1
38 154 1
38 155 1
38 156 1
38 158 1
38 167 1
38 168 1
38 169 1
38 170 1
38 171 1
38 174 1
39 40 1
39 41 1
39 43 1
39 45 1
39 46 1
39 47 1
39 58 1
39 59 1
39 60 1
39 61 1
39 63 1
39 71 1
39 73 1
39 74 1
39 75 1
39 76 1
39 77 1
39 78 1
39 106 1
39 108 1
39 109 1
39 110 1
39 122 1
39 123 1
39 124 1
39 126 1
39 128 1
39 138 1
39 139 1
39 140 1
39 141 1
39 142 1
39 143 1
39 144 1
39 153 1
39 155 1
39 156 1
39 157 1
39 167 1
39 168 1
39 169 1
39 170 1
39 172 1
39 173 1
40 41 1
40 42 1
40 43 1
40 44 1
40 99 1
40 100 1
40 101 1
40 102 1
40 103 1
40 104 1
40 106 1
40 107 1
40 108 1
40 110 1
40 112 1
40 114 1
40 115 1
40 117 1
40 118 1
40 121 1
41 44 1
41 45 1
41 47 1
41 98 1
41 99 1
41 101 1
41 104 1
41 105 1
41 106 1
41 108 1
41 109 1
41 110 1
41 112 1
41 113 1
41 114 1
41 115 1
41 117 1
41 118 1
41 119 1
41 121 1
42 43 1
42 44 1
42 45 1
42 46 1
42 47 1
42 97 1
42 99 1
42 100 1
42 101 1
42 103 1
42 105 1
42 106 1
42 108 1
42 110 1
42 112 1
42 113 1
42 116 1
42 119 1
42 121 1
43 44 1
43 45 1
43 47 1
43 97 1
43 100 1
43 101 1
43 102 1
43 104 1
43 105 1
43 106 1
43 108 1
43 112 1
43 113 1
43 114 1
43 115 1
43 116 1
43 117 1
43 118 1
44 46 1
44 47 1
44 97 1
44 98 1
44 99 1
44 100 1
44 101 1
44 102 1
44 104 1
44 107 1
44 111 1
44 112 1
44 113 1
44 114 1
44 115 1
44 116 1
44 117 1
44 120 1
45 46 1
45 47 1
45 97 1
45 98 1
45 99 1
45 102 1
45 103 1
45 104 1
45 105 1
45 106 1
45 107 1
45 108 1
45 110 1
45 111 1
45 113 1
45 114 1
45 116 1
45 117 1
45 118 1
45 119 1
46 47 1
46 97 1
46 100 1
46 101 1
46 109 1
46 110 1
46 111 1
46 112 1
46 113 1
46 115 1
46 116 1
46 119 1
47 98 1
47 100 1
47 102 1
47 103 1
47 104 1
47 105 1
47 106 1
47 107 1
47 110 1
47 112 1
47 113 1
47 116 1
47 117 1
47 119 1
47 120 1
47 121 1
48 49 1
48 50 1
48 53 1
48 55 1
48 65 1
48 67 1
48 69 1
48 70 1
48 71 1
48 72 1
48 74 1
48 75 1
48 76 1
48 151 1
48 154 1
48 155 1
48 157 1
48 158 1
49 50 1
49 51 1
49 54 1
49 55 1
49 56 1
49 65 1
49 66 1
49 69 1
49 70 1
49 71 1
49 72 1
49 74 1
49 75 1
49 76 1
49 78 1
49 151 1
49 152 1
49 154 1
49 155 1
49 156 1
49 157 1
50 52 1
50 53 1
50 55 1
50 56 1
50 66 1
50 67 1
50 68 1
50 69 1
50 72 1
50 74 1
50 75 1
50 76 1
50 77 1
50 78 1
50 151 1
50 152 1
50 153 1
50 154 1
50 155 1
50 156 1
50 158 1
51 53 1
51 54 1
51 55 1
51 56 1
51 65 1
51 66 1
51 67 1
51 69 1
51 70 1
51 71 1
51 72 1
51 73 1
51 74 1
51 75 1
51 76 1
51 78 1
51 151 1
51 155 1
51 156 1
51 158 1
52 53 1
52 56 1
52 65 1
52 67 1
52 69 1
52 70 1
52 71 1
52 72 1
52 74 1
52 75 1
52 76 1
52 77 1
52 78 1
52 152 1
52 153 1
52 154 1
52 156 1
52 157 1
52 158 1
53 54 1
53 55 1
53 56 1
53 65 1
53 66 1
53 67 1
53 71 1
53 72 1
53 74 1
53 76 1
53 78 1
53 151 1
53 153 1
53 154 1
53 155 1
53 157 1
53 158 1
54 55 1
54 56 1
54 67 1
54 68 1
54 70 1
54 71 1
54 73 1
54 74 1
54 76 1
54 78 1
54 151 1
54 152 1
54 154 1
54 156 1
54 157 1
55 56 1
55 66 1
55 68 1
55 70 1
55 71 1
55 72 1
55 73 1
55 74 1
55 76 1
55 77 1
55 151 1
55 152 1
55 153 1
55 154 1
55 155 1
55 156 1
55 158 1
56 67 1
56 68 1
56 69 1
56 70 1
56 72 1
56 73 1
56 74 1
56 75 1
56 76 1
56 77 1
56 152 1
56 154 1
56 155 1
56 156 1
56 157 1
57 59 1
57 60 1
57 62 1
57 63 1
57 79 1
57 80 1
57 81 1
57 86 1
57 159 1
57 160 1
57 163 1
57 176 1
57 178 1
57 180 1
57 181 1
57 182 1
57 184 1
58 59 1
58 60 1
58 61 1
58 62 1
58 63 1
58 64 1
58 80 1
58 83 1
58 84 1
58 85 1
58 86 1
58 87 1
58 159 1
58 164 1
58 165 1
58 166 1
58 176 1
58 180 1
58 181 1
58 184 1
59 61 1
59 62 1
59 79 1
59 82 1
59 86 1
59 87 1
59 159 1
59 160 1
59 165 1
59 166 1
59 177 1
59 178 1
59 179 1
59 180 1
59 182 1
59 184 1
60 61 1
60 62 1
60 63 1
60 64 1
60 80 1
60 81 1
60 82 1
60 84 1
60 85 1
60 86 1
60 160 1
60 161 1
60 162 1
60 164 1
60 165 1
60 166 1
60 177 1
60 178 1
60 179 1
60 180 1
60 181 1
60 182 1
60 183 1
60 184 1
61 62 1
61 63 1
61 64 1
61 79 1
61 82 1
61 83 1
61 84 1
61 86 1
61 159 1
61 162 1
61 163 1
61 165 1
61 176 1
61 177 1
61 178 1
61 179 1
61 180 1
61 181 1
61 183 1
61 184 1
62 63 1
62 64 1
62 79 1
62 84 1
62 85 1
62 87 1
62 159 1
62 164 1
62 166 1
62 176 1
62 177 1
62 178 1
62 179 1
62 180 1
62 184 1
63 79 1
63 81 1
63 82 1
63 84 1
63 85 1
63 86 1
63 87 1
63 162 1
63 165 1
63 166 1
63 176 1
63 178 1
63 179 1
63 180 1
63 181 1
63 182 1
64 79 1
64 82 1
64 83 1
64 84 1
64 85 1
64 86 1
64 159 1
64 160 1
64 161 1
64 162 1
64 163 1
64 164 1
64 165 1
64 166 1
64 176 1
64 177 1
64 179 1
64 181 1
64 182 1
64 183 1
64 184 1
65 66 1
65 68 1
65 69 1
65 118 1
65 119 1
65 138 1
65 141 1
65 143 1
66 67 1
66 68 1
66 69 1
66 117 1
66 118 1
66 137 1
66 140 1
66 141 1
66 142 1
66 143 1
67 69 1
67 117 1
67 119 1
67 137 1
67 138 1
67 139 1
67 140 1
67 141 1
67 142 1
68 137 1
68 138 1
68 139 1
68 140 1
68 144 1
69 117 1
69 119 1
69 121 1
69 137 1
69 138 1
69 141 1
69 142 1
69 143 1
70 71 1
70 73 1
70 74 1
70 75 1
70 76 1
70 77 1
70 151 1
70 155 1
70 156 1
70 158 1
70 167 1
70 168 1
70 174 1
71 72 1
71 74 1
71 75 1
71 76 1
71 77 1
71 78 1
71 153 1
71 154 1
71 155 1
71 156 1
71 167 1
71 169 1
71 171 1
71 173 1
71 174 1
71 175 1
72 73 1
72 75 1
72 76 1
72 77 1
72 78 1
72 151 1
72 152 1
72 154 1
72 156 1
72 168 1
72 169 1
72 171 1
72 172 1
72 173 1
72 175 1
73 74 1
73 75 1
73 76 1
73 77 1
73 151 1
73 152 1
73 153 1
73 154 1
73 155 1
73 157 1
73 168 1
73 169 1
73 170 1
73 174 1
73 175 1
74 75 1
74 77 1
74 78 1
74 153 1
74 154 1
74 155 1
74 156 1
74 157 1
74 167 1
74 168 1
74 169 1
74 171 1
74 172 1
74 173 1
75 76 1
75 77 1
75 151 1
75 152 1
75 153 1
75 154 1
75 155 1
75 167 1
75 168 1
75 169 1
75 170 1
75 171 1
75 173 1
76 77 1
76 78 1
76 152 1
76 153 1
76 156 1
76 157 1
76 168 1
76 169 1
76 170 1
76 171 1
76 173 1
76 174 1
77 78 1
77 151 1
77 153 1
77 155 1
77 156 1
77 157 1
77 167 1
77 170 1
77 171 1
77 172 1
77 174 1
77 175 1
78 153 1
78 154 1
78 155 1
78 156 1
78 157 1
78 167 1
78 168 1
78 169 1
78 170 1
78 171 1
78 172 1
78 173 1
78 174 1
78 175 1
79 83 1
79 85 1
79 86 1
79 87 1
79 82 1
79 98 1
79 99 1
79 101 1
79 102 1
79 104 1
79 152 1
79 156 1
79 157 1
79 158 1
80 83 1
80 84 1
80 85 1
80 87 1
80 97 1
80 98 1
80 100 1
80 102 1
80 152 1
80 153 1
80 154 1
80 155 1
80 156 1
81 83 1
81 84 1
81 85 1
81 86 1
81 87 1
81 82 1
81 98 1
81 99 1
81 102 1
81 104 1
81 151 1
81 152 1
81 155 1
81 156 1
82 83 1
82 84 1
82 85 1
82 87 1
82 97 1
82 98 1
82 99 1
82 101 1
82 102 1
82 103 1
82 153 1
82 154 1
82 156 1
82 158 1
83 85 1
83 97 1
83 99 1
83 100 1
83 101 1
83 102 1
83 104 1
83 151 1
83 152 1
83 153 1
83 154 1
83 155 1
83 156 1
83 158 1
84 97 1
84 100 1
84 101 1
84 103 1
84 152 1
84 153 1
84 154 1
84 155 1
84 156 1
84 158 1
85 86 1
85 87 1
85 98 1
85 101 1
85 104 1
85 151 1
85 152 1
85 153 1
85 154 1
85 155 1
85 157 1
85 158 1
86 99 1
86 100 1
86 101 1
86 104 1
86 151 1
86 152 1
86 154 1
86 158 1
87 97 1
87 100 1
87 103 1
87 104 1
87 151 1
87 154 1
87 155 1
87 157 1
88 92 1
88 94 1
88 95 1
88 96 1
88 91 1
88 118 1
88 119 1
88 120 1
89 92 1
89 93 1
89 96 1
89 118 1
89 121 1
90 92 1
90 93 1
90 94 1
90 96 1
90 117 1
90 121 1
91 92 1
91 93 1
91 94 1
91 95 1
91 96 1
91 117 1
91 119 1
91 120 1
92 94 1
92 117 1
92 120 1
93 117 1
93 119 1
93 121 1
94 95 1
94 96 1
94 117 1
94 119 1
94 120 1
94 121 1
95 118 1
95 120 1
96 118 1
96 119 1
96 121 1
97 101 1
97 103 1
97 104 1
97 99 1
97 138 1
97 139 1
97 140 1
97 142 1
97 143 1
97 185 1
97 186 1
97 187 1
97 190 1
98 102 1
98 104 1
98 99 1
98 138 1
98 139 1
98 140 1
98 141 1
98 142 1
98 143 1
98 144 1
98 187 1
98 188 1
98 191 1
99 101 1
99 102 1
99 103 1
99 100 1
99 137 1
99 139 1
99 142 1
99 143 1
99 185 1
99 187 1
99 189 1
99 190 1
99 191 1
100 102 1
100 137 1
100 138 1
100 139 1
100 141 1
100 142 1
100 185 1
100 187 1
100 188 1
100 189 1
101 103 1
101 138 1
101 139 1
101 140 1
101 141 1
101 142 1
101 185 1
101 186 1
101 189 1
101 191 1
102 103 1
102 104 1
102 137 1
102 138 1
102 139 1
102 140 1
102 141 1
102 142 1
102 143 1
102 144 1
102 186 1
102 189 1
102 191 1
103 137 1
103 138 1
103 139 1
103 140 1
103 142 1
103 143 1
103 144 1
103 186 1
103 188 1
103 190 1
104 139 1
104 140 1
104 141 1
104 186 1
104 189 1
104 190 1
104 191 1
105 108 1
105 110 1
105 151 1
105 152 1
105 153 1
105 156 1
105 157 1
105 158 1
105 160 1
105 161 1
105 162 1
105 163 1
105 165 1
106 108 1
106 109 1
106 110 1
106 152 1
106 154 1
106 155 1
106 156 1
106 157 1
106 159 1
106 160 1
106 161 1
106 162 1
106 165 1
106 166 1
107 110 1
107 151 1
107 152 1
107 153 1
107 154 1
107 155 1
107 156 1
107 157 1
107 159 1
107 160 1
107 161 1
107 162 1
107 163 1
107 164 1
107 165 1
108 151 1
108 152 1
108 155 1
108 156 1
108 157 1
108 160 1
108 162 1
108 164 1
108 165 1
108 166 1
109 151 1
109 153 1
109 155 1
109 156 1
109 159 1
109 163 1
109 164 1
110 151 1
110 155 1
110 156 1
110 157 1
110 159 1
110 161 1
110 165 1
111 114 1
111 115 1
111 151 1
111 152 1
111 157 1
111 176 1
111 179 1
111 181 1
111 182 1
111 183 1
111 184 1
112 114 1
112 115 1
112 116 1
112 151 1
112 152 1
112 153 1
112 156 1
112 179 1
112 181 1
112 182 1
112 183 1
112 184 1
113 114 1
113 115 1
113 116 1
113 151 1
113 155 1
113 156 1
113 157 1
113 176 1
113 178 1
113 181 1
113 182 1
113 183 1
114 115 1
114 152 1
114 153 1
114 154 1
114 157 1
114 158 1
114 178 1
114 181 1
114 183 1
114 184 1
115 116 1
115 152 1
115 153 1
115 154 1
115 155 1
115 156 1
115 158 1
115 176 1
115 178 1
115 179 1
115 181 1
115 182 1
115 183 1
116 155 1
116 156 1
116 157 1
116 158 1
116 176 1
116 177 1
116 179 1
116 180 1
116 181 1
116 183 1
116 184 1
117 118 1
117 151 1
117 152 1
117 154 1
117 155 1
118 119 1
118 151 1
118 152 1
118 154 1
118 155 1
118 158 1
119 120 1
119 151 1
119 152 1
119 157 1
119 158 1
120 121 1
120 152 1
120 153 1
120 155 1
120 156 1
121 152 1
121 153 1
121 155 1
121 156 1
121 158 1
122 123 1
123 124 1
124 125 1
124 126 1
125 126 1
125 128 1
126 127 1
129 130 1
129 132 1
129 138 1
129 139 1
129 141 1
129 143 1
129 151 1
129 152 1
129 154 1
129 155 1
129 156 1
129 157 1
129 168 1
129 173 1
129 174 1
129 185 1
129 186 1
129 187 1
129 190 1
129 191 1
130 131 1
130 135 1
130 137 1
130 140 1
130 143 1
130 145 1
130 147 1
130 148 1
130 149 1
130 151 1
130 152 1
130 157 1
130 167 1
130 168 1
130 172 1
130 175 1
130 185 1
130 186 1
130 188 1
130 189 1
130 190 1
131 132 1
131 137 1
131 140 1
131 143 1
131 144 1
131 146 1
131 149 1
131 150 1
131 151 1
131 153 1
131 157 1
131 167 1
131 171 1
131 173 1
131 174 1
131 186 1
131 190 1
132 137 1
132 140 1
132 141 1
132 142 1
132 143 1
132 144 1
132 145 1
132 146 1
132 147 1
132 148 1
132 149 1
132 150 1
132 151 1
132 152 1
132 153 1
132 157 1
132 158 1
132 167 1
132 168 1
132 172 1
132 175 1
132 189 1
132 190 1
132 191 1
133 134 1
133 138 1
133 141 1
133 142 1
133 143 1
133 144 1
133 146 1
133 149 1
133 150 1
133 153 1
133 154 1
133 155 1
133 157 1
133 167 1
133 168 1
133 169 1
133 170 1
133 171 1
133 172 1
133 175 1
133 185 1
133 186 1
133 187 1
133 188 1
133 189 1
133 190 1
134 137 1
134 139 1
134 140 1
134 142 1
134 147 1
134 149 1
134 150 1
134 151 1
134 152 1
134 153 1
134 154 1
134 155 1
134 156 1
134 158 1
134 168 1
134 169 1
134 171 1
134 172 1
134 173 1
134 175 1
134 185 1
134 186 1
134 187 1
134 189 1
135 136 1
135 139 1
135 141 1
135 143 1
135 144 1
135 145 1
135 146 1
135 147 1
135 148 1
135 149 1
135 150 1
135 152 1
135 153 1
135 154 1
135 155 1
135 156 1
135 158 1
135 167 1
135 169 1
135 170 1
135 172 1
135 173 1
135 175 1
135 186 1
135 187 1
135 188 1
135 189 1
135 190 1
135 191 1
136 137 1
136 138 1
136 141 1
136 142 1
136 143 1
136 144 1
136 147 1
136 149 1
136 151 1
136 152 1
136 154 1
136 155 1
136 157 1
136 167 1
136 168 1
136 169 1
136 170 1
136 173 1
136 174 1
136 185 1
136 187 1
136 189 1
136 190 1
136 191 1
137 138 1
137 142 1
137 143 1
137 169 1
137 170 1
137 172 1
137 173 1
137 174 1
138 139 1
138 167 1
138 168 1
138 169 1
138 171 1
138 173 1
138 174 1
138 175 1
139 140 1
139 167 1
139 170 1
139 171 1
139 172 1
139 175 1
140 141 1
140 143 1
140 169 1
140 170 1
140 172 1
140 175 1
141 142 1
141 167 1
141 168 1
141 173 1
141 174 1
141 175 1
142 143 1
142 169 1
142 171 1
142 173 1
142 174 1
142 175 1
143 144 1
143 170 1
143 171 1
143 172 1
143 173 1
144 167 1
145 146 1
145 149 1
145 150 1
145 154 1
145 157 1
145 158 1
146 147 1
146 148 1
146 150 1
146 151 1
146 152 1
146 153 1
146 157 1
146 158 1
147 148 1
147 151 1
147 152 1
147 153 1
147 154 1
147 155 1
147 156 1
147 157 1
148 149 1
148 150 1
148 151 1
148 153 1
148 154 1
148 155 1
148 156 1
148 158 1
149 152 1
149 156 1
149 158 1
150 153 1
150 154 1
150 155 1
150 156 1
150 157 1
150 158 1
151 158 1
151 167 1
151 168 1
151 169 1
151 170 1
151 171 1
151 172 1
151 173 1
151 175 1
152 153 1
152 157 1
152 167 1
152 169 1
152 173 1
152 174 1
153 154 1
153 156 1
153 167 1
153 169 1
153 171 1
153 172 1
153 175 1
154 155 1
154 158 1
154 168 1
154 172 1
154 173 1
154 174 1
155 168 1
155 171 1
155 172 1
155 173 1
156 157 1
156 167 1
156 168 1
156 170 1
156 171 1
156 172 1
156 173 1
157 168 1
157 171 1
157 172 1
157 173 1
157 174 1
158 168 1
158 172 1
158 173 1
158 174 1
158 175 1
159 165 1
159 166 1
159 176 1
159 178 1
159 179 1
160 176 1
160 178 1
160 181 1
160 182 1
160 183 1
160 184 1
161 162 1
161 166 1
161 176 1
161 177 1
161 178 1
161 179 1
161 182 1
161 183 1
161 184 1
162 165 1
162 177 1
162 178 1
162 179 1
162 180 1
163 164 1
163 176 1
163 177 1
163 180 1
163 181 1
163 182 1
163 183 1
163 184 1
164 165 1
164 166 1
164 176 1
164 177 1
164 178 1
164 179 1
164 184 1
165 176 1
165 178 1
165 179 1
165 181 1
165 182 1
165 184 1
166 176 1
166 177 1
166 179 1
166 181 1
166 184 1
168 174 1
169 170 1
169 172 1
170 171 1
170 172 1
170 174 1
171 172 1
176 177 1
176 182 1
176 185 1
176 186 1
176 187 1
176 189 1
177 178 1
177 179 1
177 181 1
177 187 1
177 188 1
177 189 1
177 191 1
178 186 1
178 187 1
178 189 1
178 191 1
179 185 1
179 186 1
179 187 1
179 190 1
179 191 1
180 182 1
180 184 1
180 185 1
180 188 1
180 190 1
181 182 1
181 184 1
181 185 1
181 186 1
181 187 1
181 188 1
181 189 1
182 185 1
182 187 1
182 188 1
182 189 1
182 190 1
182 191 1
183 185 1
183 186 1
183 187 1
183 188 1
183 189 1
183 190 1
183 191 1
184 185 1
184 186 1
184 188 1
184 191 1
185 188 1
187 190 1
188 189 1
188 190 1
