1 2 1
1 4 1
1 23 1
1 24 1
1 26 1
1 27 1
1 28 1
1 29 1
1 30 1
1 31 1
1 32 1
1 33 1
1 34 1
1 36 1
1 37 1
1 38 1
1 39 1
1 56 1
1 57 1
1 58 1
1 59 1
1 60 1
1 61 1
1 62 1
1 63 1
1 64 1
1 83 1
1 85 1
1 87 1
1 95 1
1 96 1
1 97 1
1 98 1
1 100 1
1 101 1
1 102 1
1 137 1
1 138 1
1 139 1
1 140 1
1 141 1
1 142 1
1 143 1
1 144 1
1 145 1
1 146 1
1 148 1
1 149 1
1 150 1
1 151 1
1 177 1
1 178 1
1 179 1
1 180 1
1 181 1
1 182 1
1 184 1
1 185 1
1 188 1
1 189 1
2 3 1
2 6 1
2 23 1
2 24 1
2 25 1
2 26 1
2 27 1
2 28 1
2 29 1
2 31 1
2 33 1
2 34 1
2 35 1
2 36 1
2 38 1
2 39 1
2 56 1
2 57 1
2 58 1
2 59 1
2 60 1
2 61 1
2 62 1
2 63 1
2 64 1
2 83 1
2 85 1
2 86 1
2 95 1
2 96 1
2 97 1
2 98 1
2 102 1
2 137 1
2 140 1
2 141 1
2 142 1
2 143 1
2 144 1
2 145 1
2 146 1
2 147 1
2 148 1
2 149 1
2 150 1
2 151 1
2 177 1
2 178 1
2 179 1
2 180 1
2 181 1
2 183 1
2 186 1
2 187 1
2 188 1
2 189 1
3 24 1
3 25 1
3 26 1
3 27 1
3 28 1
3 29 1
3 30 1
3 31 1
3 34 1
3 36 1
3 37 1
3 39 1
3 56 1
3 58 1
3 59 1
3 61 1
3 63 1
3 64 1
3 83 1
3 84 1
3 85 1
3 87 1
3 96 1
3 97 1
3 98 1
3 99 1
3 101 1
3 102 1
3 137 1
3 138 1
3 139 1
3 140 1
3 141 1
3 142 1
3 144 1
3 145 1
3 146 1
3 147 1
3 148 1
3 149 1
3 150 1
3 151 1
3 177 1
3 178 1
3 179 1
3 180 1
3 181 1
3 182 1
3 184 1
3 185 1
3 186 1
3 187 1
3 188 1
3 189 1
4 23 1
4 24 1
4 25 1
4 26 1
4 27 1
4 28 1
4 31 1
4 33 1
4 34 1
4 35 1
4 37 1
4 39 1
4 56 1
4 57 1
4 58 1
4 59 1
4 60 1
4 61 1
4 62 1
4 63 1
4 64 1
4 83 1
4 84 1
4 85 1
4 86 1
4 87 1
4 95 1
4 96 1
4 97 1
4 98 1
4 99 1
4 100 1
4 101 1
4 102 1
4 138 1
4 139 1
4 140 1
4 141 1
4 142 1
4 143 1
4 144 1
4 145 1
4 146 1
4 147 1
4 148 1
4 149 1
4 150 1
4 177 1
4 178 1
4 179 1
4 180 1
4 181 1
4 183 1
4 187 1
4 188 1
4 189 1
5 23 1
5 24 1
5 25 1
5 27 1
5 28 1
5 29 1
5 30 1
5 31 1
5 32 1
5 33 1
5 36 1
5 37 1
5 38 1
5 39 1
5 56 1
5 57 1
5 58 1
5 59 1
5 60 1
5 61 1
5 62 1
5 63 1
5 64 1
5 83 1
5 84 1
5 85 1
5 86 1
5 95 1
5 97 1
5 98 1
5 101 1
5 137 1
5 139 1
5 140 1
5 141 1
5 142 1
5 143 1
5 144 1
5 146 1
5 148 1
5 149 1
5 150 1
5 151 1
5 177 1
5 178 1
5 180 1
5 182 1
5 183 1
5 184 1
5 185 1
5 186 1
5 187 1
5 188 1
5 189 1
6 23 1
6 24 1
6 25 1
6 26 1
6 27 1
6 28 1
6 29 1
6 30 1
6 31 1
6 32 1
6 33 1
6 34 1
6 36 1
6 37 1
6 39 1
6 57 1
6 58 1
6 60 1
6 61 1
6 64 1
6 83 1
6 85 1
6 86 1
6 87 1
6 95 1
6 96 1
6 98 1
6 99 1
6 101 1
6 102 1
6 137 1
6 138 1
6 139 1
6 140 1
6 141 1
6 142 1
6 143 1
6 144 1
6 145 1
6 146 1
6 148 1
6 149 1
6 150 1
6 151 1
6 177 1
6 178 1
6 179 1
6 181 1
6 182 1
6 183 1
6 184 1
6 185 1
6 187 1
7 8 1
7 9 1
7 12 1
7 32 1
7 34 1
7 35 1
7 38 1
7 39 1
7 47 1
7 48 1
7 49 1
7 50 1
7 53 1
7 55 1
7 56 1
7 57 1
7 58 1
7 59 1
7 61 1
7 62 1
7 63 1
7 83 1
7 84 1
7 86 1
7 87 1
7 108 1
7 111 1
7 112 1
7 114 1
7 115 1
7 116 1
7 129 1
7 130 1
7 131 1
7 133 1
7 134 1
7 135 1
7 136 1
7 146 1
7 147 1
7 148 1
7 151 1
8 9 1
8 33 1
8 34 1
8 36 1
8 37 1
8 38 1
8 39 1
8 47 1
8 48 1
8 49 1
8 51 1
8 52 1
8 53 1
8 54 1
8 55 1
8 57 1
8 58 1
8 60 1
8 61 1
8 62 1
8 63 1
8 83 1
8 84 1
8 85 1
8 87 1
8 108 1
8 109 1
8 110 1
8 112 1
8 113 1
8 114 1
8 115 1
8 129 1
8 130 1
8 131 1
8 132 1
8 133 1
8 134 1
8 135 1
8 146 1
8 148 1
8 149 1
8 150 1
8 151 1
9 10 1
9 32 1
9 33 1
9 35 1
9 36 1
9 38 1
9 39 1
9 48 1
9 49 1
9 50 1
9 51 1
9 53 1
9 55 1
9 56 1
9 57 1
9 58 1
9 60 1
9 61 1
9 63 1
9 83 1
9 84 1
9 85 1
9 86 1
9 87 1
9 108 1
9 109 1
9 110 1
9 111 1
9 112 1
9 113 1
9 114 1
9 115 1
9 116 1
9 129 1
9 130 1
9 132 1
9 133 1
9 134 1
9 135 1
9 136 1
9 146 1
9 147 1
9 148 1
9 149 1
9 150 1
9 151 1
10 12 1
10 13 1
10 32 1
10 33 1
10 35 1
10 36 1
10 37 1
10 38 1
10 39 1
10 48 1
10 49 1
10 50 1
10 51 1
10 53 1
10 54 1
10 55 1
10 57 1
10 58 1
10 59 1
10 60 1
10 61 1
10 62 1
10 63 1
10 83 1
10 84 1
10 85 1
10 87 1
10 109 1
10 110 1
10 111 1
10 112 1
10 113 1
10 114 1
10 115 1
10 116 1
10 129 1
10 130 1
10 131 1
10 132 1
10 133 1
10 134 1
10 135 1
10 136 1
10 146 1
10 147 1
10 148 1
10 149 1
10 150 1
10 151 1
11 32 1
11 33 1
11 35 1
11 36 1
11 37 1
11 38 1
11 39 1
11 48 1
11 49 1
11 50 1
11 51 1
11 52 1
11 53 1
11 54 1
11 56 1
11 59 1
11 60 1
11 61 1
11 62 1
11 63 1
11 83 1
11 84 1
11 85 1
11 86 1
11 87 1
11 108 1
11 109 1
11 110 1
11 112 1
11 113 1
11 114 1
11 116 1
11 130 1
11 131 1
11 134 1
11 136 1
11 146 1
11 147 1
11 148 1
11 149 1
11 151 1
12 32 1
12 33 1
12 35 1
12 36 1
12 38 1
12 39 1
12 47 1
12 48 1
12 49 1
12 50 1
12 51 1
12 52 1
12 53 1
12 54 1
12 55 1
12 56 1
12 58 1
12 59 1
12 60 1
12 61 1
12 62 1
12 63 1
12 64 1
12 83 1
12 84 1
12 85 1
12 86 1
12 87 1
12 108 1
12 111 1
12 112 1
12 113 1
12 114 1
12 115 1
12 116 1
12 130 1
12 132 1
12 133 1
12 134 1
12 135 1
12 147 1
12 149 1
12 150 1
12 151 1
13 33 1
13 34 1
13 35 1
13 36 1
13 47 1
13 48 1
13 49 1
13 50 1
13 51 1
13 52 1
13 53 1
13 54 1
13 55 1
13 56 1
13 57 1
13 58 1
13 61 1
13 62 1
13 63 1
13 64 1
13 83 1
13 86 1
13 108 1
13 109 1
13 110 1
13 111 1
13 112 1
13 114 1
13 115 1
13 116 1
13 129 1
13 130 1
13 131 1
13 132 1
13 133 1
13 134 1
13 135 1
13 136 1
13 146 1
13 147 1
13 149 1
13 150 1
13 151 1
14 15 1
14 16 1
14 18 1
14 19 1
14 21 1
14 22 1
14 23 1
14 24 1
14 25 1
14 26 1
14 27 1
14 29 1
14 30 1
14 31 1
14 74 1
14 75 1
14 76 1
14 77 1
14 78 1
14 79 1
14 80 1
14 81 1
14 82 1
14 83 1
14 85 1
14 86 1
14 87 1
14 88 1
14 89 1
14 90 1
14 91 1
14 92 1
14 93 1
14 94 1
14 117 1
14 118 1
14 119 1
14 121 1
14 129 1
14 130 1
14 131 1
14 133 1
14 135 1
14 136 1
14 146 1
14 147 1
14 148 1
14 149 1
14 150 1
14 170 1
14 171 1
14 172 1
14 173 1
14 176 1
15 22 1
15 23 1
15 24 1
15 27 1
15 28 1
15 29 1
15 30 1
15 31 1
15 75 1
15 76 1
15 77 1
15 79 1
15 80 1
15 81 1
15 82 1
15 83 1
15 85 1
15 86 1
15 87 1
15 88 1
15 90 1
15 91 1
15 92 1
15 93 1
15 94 1
15 117 1
15 118 1
15 119 1
15 121 1
15 129 1
15 131 1
15 132 1
15 133 1
15 135 1
15 136 1
15 146 1
15 147 1
15 148 1
15 150 1
15 151 1
15 170 1
15 171 1
15 172 1
15 173 1
15 174 1
15 175 1
15 176 1
16 17 1
16 20 1
16 23 1
16 24 1
16 28 1
16 29 1
16 74 1
16 75 1
16 76 1
16 77 1
16 79 1
16 80 1
16 81 1
16 82 1
16 83 1
16 84 1
16 85 1
16 87 1
16 88 1
16 90 1
16 91 1
16 92 1
16 93 1
16 94 1
16 117 1
16 118 1
16 119 1
16 120 1
16 121 1
16 129 1
16 130 1
16 131 1
16 132 1
16 134 1
16 135 1
16 146 1
16 147 1
16 148 1
16 149 1
16 150 1
16 151 1
16 171 1
16 172 1
16 173 1
16 174 1
16 175 1
17 18 1
17 23 1
17 24 1
17 26 1
17 27 1
17 28 1
17 29 1
17 30 1
17 74 1
17 75 1
17 76 1
17 77 1
17 79 1
17 82 1
17 83 1
17 84 1
17 86 1
17 89 1
17 90 1
17 91 1
17 92 1
17 93 1
17 94 1
17 118 1
17 119 1
17 120 1
17 121 1
17 129 1
17 130 1
17 132 1
17 133 1
17 134 1
17 135 1
17 136 1
17 146 1
17 147 1
17 148 1
17 149 1
17 151 1
17 170 1
17 171 1
17 172 1
17 173 1
17 174 1
17 175 1
17 176 1
18 20 1
18 21 1
18 23 1
18 24 1
18 25 1
18 26 1
18 27 1
18 28 1
18 29 1
18 30 1
18 31 1
18 74 1
18 75 1
18 76 1
18 77 1
18 80 1
18 81 1
18 83 1
18 84 1
18 85 1
18 86 1
18 87 1
18 90 1
18 91 1
18 92 1
18 93 1
18 119 1
18 120 1
18 121 1
18 129 1
18 130 1
18 132 1
18 133 1
18 135 1
18 136 1
18 146 1
18 147 1
18 148 1
18 149 1
18 150 1
18 171 1
18 172 1
18 173 1
18 176 1
19 23 1
19 24 1
19 25 1
19 26 1
19 27 1
19 29 1
19 30 1
19 74 1
19 75 1
19 76 1
19 77 1
19 78 1
19 79 1
19 80 1
19 81 1
19 82 1
19 83 1
19 84 1
19 86 1
19 87 1
19 88 1
19 89 1
19 90 1
19 91 1
19 117 1
19 118 1
19 119 1
19 120 1
19 121 1
19 130 1
19 131 1
19 132 1
19 133 1
19 134 1
19 135 1
19 136 1
19 146 1
19 148 1
19 149 1
19 151 1
19 170 1
19 171 1
19 172 1
19 173 1
19 174 1
19 175 1
19 176 1
20 23 1
20 24 1
20 25 1
20 26 1
20 27 1
20 28 1
20 29 1
20 30 1
20 31 1
20 74 1
20 75 1
20 76 1
20 77 1
20 78 1
20 79 1
20 81 1
20 82 1
20 83 1
20 85 1
20 86 1
20 87 1
20 88 1
20 89 1
20 90 1
20 91 1
20 92 1
20 93 1
20 94 1
20 117 1
20 118 1
20 120 1
20 121 1
20 129 1
20 131 1
20 134 1
20 136 1
20 146 1
20 147 1
20 148 1
20 149 1
20 150 1
20 151 1
20 170 1
20 171 1
20 173 1
20 174 1
20 175 1
20 176 1
21 22 1
21 23 1
21 24 1
21 25 1
21 26 1
21 28 1
21 30 1
21 31 1
21 74 1
21 75 1
21 76 1
21 77 1
21 78 1
21 79 1
21 80 1
21 82 1
21 83 1
21 84 1
21 85 1
21 86 1
21 87 1
21 88 1
21 89 1
21 90 1
21 91 1
21 92 1
21 93 1
21 94 1
21 117 1
21 118 1
21 119 1
21 120 1
21 121 1
21 129 1
21 130 1
21 131 1
21 133 1
21 134 1
21 135 1
21 136 1
21 146 1
21 147 1
21 149 1
21 151 1
21 170 1
21 171 1
21 173 1
21 174 1
21 175 1
22 23 1
22 24 1
22 25 1
22 26 1
22 27 1
22 28 1
22 30 1
22 31 1
22 75 1
22 76 1
22 77 1
22 78 1
22 79 1
22 80 1
22 83 1
22 84 1
22 85 1
22 86 1
22 88 1
22 89 1
22 92 1
22 93 1
22 117 1
22 119 1
22 120 1
22 121 1
22 129 1
22 131 1
22 132 1
22 133 1
22 134 1
22 135 1
22 136 1
22 147 1
22 148 1
22 149 1
22 150 1
22 151 1
22 170 1
22 171 1
22 172 1
22 173 1
22 174 1
23 24 1
23 26 1
23 27 1
23 28 1
23 29 1
23 30 1
23 137 1
23 140 1
23 143 1
23 144 1
23 145 1
23 146 1
23 147 1
23 148 1
23 150 1
24 26 1
24 29 1
24 137 1
24 138 1
24 140 1
24 141 1
24 143 1
24 144 1
24 145 1
24 146 1
24 147 1
24 149 1
24 150 1
24 151 1
25 30 1
25 137 1
25 139 1
25 140 1
25 141 1
25 142 1
25 143 1
25 144 1
25 145 1
25 146 1
25 147 1
25 148 1
25 150 1
26 30 1
26 137 1
26 138 1
26 139 1
26 140 1
26 141 1
26 142 1
26 143 1
26 144 1
26 145 1
26 147 1
26 148 1
26 149 1
26 150 1
26 151 1
27 29 1
27 137 1
27 138 1
27 139 1
27 140 1
27 141 1
27 142 1
27 144 1
27 145 1
27 146 1
27 147 1
27 148 1
27 149 1
27 150 1
27 151 1
28 30 1
28 31 1
28 137 1
28 138 1
28 139 1
28 140 1
28 141 1
28 143 1
28 144 1
28 145 1
28 146 1
28 148 1
28 149 1
28 150 1
28 151 1
29 30 1
29 137 1
29 138 1
29 139 1
29 140 1
29 141 1
29 142 1
29 143 1
29 144 1
29 145 1
29 146 1
29 147 1
29 149 1
29 150 1
29 151 1
30 137 1
30 139 1
30 140 1
30 143 1
30 145 1
30 146 1
30 147 1
30 148 1
30 149 1
30 150 1
31 137 1
31 138 1
31 140 1
31 142 1
31 143 1
31 145 1
31 146 1
31 147 1
31 148 1
31 149 1
31 150 1
32 33 1
32 36 1
32 37 1
32 38 1
32 146 1
32 147 1
32 148 1
32 149 1
32 150 1
32 151 1
33 34 1
33 35 1
33 146 1
33 147 1
33 148 1
33 149 1
33 150 1
33 151 1
34 37 1
34 146 1
34 147 1
34 149 1
34 150 1
34 151 1
35 36 1
35 38 1
35 146 1
35 148 1
35 150 1
36 37 1
36 39 1
36 146 1
36 147 1
36 148 1
36 149 1
36 150 1
37 146 1
37 147 1
37 148 1
37 149 1
37 150 1
37 151 1
38 146 1
38 147 1
38 149 1
38 150 1
39 146 1
39 148 1
39 149 1
39 150 1
39 151 1
40 42 1
40 43 1
40 44 1
40 123 1
40 124 1
40 126 1
40 127 1
40 128 1
41 42 1
41 43 1
41 44 1
41 45 1
41 122 1
41 123 1
41 124 1
41 125 1
41 126 1
41 127 1
41 128 1
42 43 1
42 44 1
42 46 1
42 122 1
42 123 1
42 124 1
42 125 1
42 127 1
42 128 1
43 44 1
43 46 1
43 122 1
43 124 1
43 125 1
43 127 1
43 128 1
44 45 1
44 122 1
44 123 1
44 124 1
44 125 1
44 127 1
44 128 1
45 46 1
45 122 1
45 123 1
45 124 1
45 125 1
45 126 1
45 127 1
45 128 1
46 122 1
46 123 1
46 124 1
46 125 1
46 126 1
46 128 1
47 48 1
47 50 1
47 51 1
47 53 1
47 54 1
47 55 1
47 66 1
47 67 1
47 69 1
47 70 1
47 72 1
47 83 1
47 84 1
47 87 1
47 95 1
47 97 1
47 98 1
47 99 1
47 100 1
47 101 1
47 102 1
47 154 1
47 155 1
47 156 1
47 159 1
47 160 1
47 161 1
47 162 1
47 163 1
47 164 1
47 165 1
47 166 1
47 167 1
47 168 1
47 169 1
47 170 1
47 171 1
47 172 1
47 173 1
47 175 1
47 176 1
48 49 1
48 50 1
48 51 1
48 52 1
48 54 1
48 66 1
48 67 1
48 68 1
48 69 1
48 70 1
48 71 1
48 72 1
48 73 1
48 84 1
48 85 1
48 86 1
48 87 1
48 95 1
48 96 1
48 98 1
48 99 1
48 100 1
48 101 1
48 102 1
48 152 1
48 153 1
48 154 1
48 155 1
48 157 1
48 158 1
48 159 1
48 160 1
48 161 1
48 163 1
48 164 1
48 165 1
48 166 1
48 167 1
48 168 1
48 169 1
48 170 1
48 171 1
48 172 1
48 173 1
48 174 1
48 175 1
49 50 1
49 51 1
49 52 1
49 53 1
49 55 1
49 65 1
49 66 1
49 68 1
49 69 1
49 70 1
49 71 1
49 72 1
49 73 1
49 84 1
49 85 1
49 86 1
49 95 1
49 96 1
49 97 1
49 99 1
49 100 1
49 101 1
49 152 1
49 153 1
49 154 1
49 155 1
49 156 1
49 158 1
49 159 1
49 160 1
49 161 1
49 162 1
49 163 1
49 165 1
49 166 1
49 167 1
49 168 1
49 169 1
49 170 1
49 171 1
49 172 1
49 173 1
49 174 1
49 176 1
50 51 1
50 52 1
50 53 1
50 54 1
50 55 1
50 65 1
50 66 1
50 67 1
50 69 1
50 71 1
50 72 1
50 73 1
50 83 1
50 85 1
50 86 1
50 87 1
50 95 1
50 96 1
50 97 1
50 98 1
50 99 1
50 100 1
50 101 1
50 102 1
50 152 1
50 153 1
50 154 1
50 156 1
50 157 1
50 159 1
50 160 1
50 161 1
50 162 1
50 163 1
50 164 1
50 166 1
50 167 1
50 168 1
50 169 1
50 171 1
50 172 1
50 173 1
50 175 1
50 176 1
51 52 1
51 53 1
51 54 1
51 65 1
51 66 1
51 67 1
51 68 1
51 69 1
51 70 1
51 71 1
51 72 1
51 83 1
51 84 1
51 86 1
51 96 1
51 97 1
51 99 1
51 101 1
51 102 1
51 154 1
51 155 1
51 156 1
51 157 1
51 158 1
51 160 1
51 161 1
51 162 1
51 164 1
51 167 1
51 168 1
51 169 1
51 170 1
51 171 1
51 172 1
51 174 1
51 175 1
52 53 1
52 54 1
52 55 1
52 65 1
52 67 1
52 68 1
52 69 1
52 70 1
52 71 1
52 73 1
52 86 1
52 87 1
52 96 1
52 97 1
52 99 1
52 100 1
52 101 1
52 152 1
52 154 1
52 155 1
52 156 1
52 159 1
52 160 1
52 161 1
52 162 1
52 163 1
52 164 1
52 166 1
52 167 1
52 168 1
52 169 1
52 170 1
52 171 1
52 172 1
52 173 1
52 174 1
52 175 1
53 55 1
53 66 1
53 67 1
53 68 1
53 69 1
53 70 1
53 71 1
53 72 1
53 84 1
53 85 1
53 86 1
53 87 1
53 95 1
53 96 1
53 97 1
53 98 1
53 101 1
53 102 1
53 153 1
53 154 1
53 155 1
53 156 1
53 157 1
53 159 1
53 161 1
53 162 1
53 164 1
53 165 1
53 166 1
53 167 1
53 168 1
53 169 1
53 171 1
53 172 1
53 173 1
53 174 1
53 175 1
54 55 1
54 65 1
54 66 1
54 67 1
54 68 1
54 69 1
54 70 1
54 71 1
54 72 1
54 73 1
54 83 1
54 84 1
54 85 1
54 86 1
54 87 1
54 95 1
54 96 1
54 97 1
54 98 1
54 99 1
54 100 1
54 101 1
54 102 1
54 152 1
54 153 1
54 154 1
54 155 1
54 156 1
54 157 1
54 158 1
54 159 1
54 160 1
54 161 1
54 162 1
54 163 1
54 165 1
54 167 1
54 168 1
54 169 1
54 170 1
54 171 1
54 172 1
54 173 1
54 174 1
54 175 1
54 176 1
55 65 1
55 66 1
55 67 1
55 72 1
55 73 1
55 83 1
55 84 1
55 86 1
55 87 1
55 95 1
55 96 1
55 97 1
55 98 1
55 99 1
55 102 1
55 152 1
55 153 1
55 154 1
55 155 1
55 156 1
55 158 1
55 159 1
55 161 1
55 162 1
55 163 1
55 164 1
55 165 1
55 166 1
55 167 1
55 168 1
55 169 1
55 170 1
55 172 1
55 174 1
55 175 1
55 176 1
56 57 1
56 58 1
56 59 1
56 60 1
56 62 1
56 63 1
56 88 1
56 90 1
56 91 1
56 92 1
56 93 1
56 94 1
57 58 1
57 59 1
57 60 1
57 63 1
57 64 1
57 88 1
57 89 1
57 90 1
57 91 1
57 92 1
57 93 1
58 59 1
58 60 1
58 61 1
58 62 1
58 64 1
58 89 1
58 90 1
58 91 1
58 92 1
58 93 1
58 94 1
59 60 1
59 61 1
59 62 1
59 64 1
59 88 1
59 91 1
59 93 1
60 61 1
60 62 1
60 63 1
60 64 1
60 88 1
60 89 1
60 90 1
60 92 1
60 93 1
60 94 1
61 63 1
61 64 1
61 88 1
61 90 1
61 94 1
62 63 1
62 64 1
62 88 1
62 89 1
62 90 1
62 92 1
62 93 1
63 64 1
63 88 1
63 89 1
63 90 1
63 92 1
63 93 1
63 94 1
64 88 1
64 89 1
64 90 1
64 91 1
64 92 1
64 93 1
64 94 1
65 66 1
65 67 1
65 68 1
65 69 1
65 70 1
65 72 1
65 74 1
65 75 1
65 76 1
65 78 1
65 79 1
65 80 1
65 81 1
65 82 1
65 95 1
65 96 1
65 97 1
65 98 1
65 99 1
65 100 1
65 102 1
65 108 1
65 109 1
65 111 1
65 112 1
65 113 1
65 114 1
65 115 1
65 116 1
65 177 1
65 179 1
65 181 1
65 182 1
65 183 1
66 67 1
66 68 1
66 69 1
66 70 1
66 71 1
66 72 1
66 73 1
66 74 1
66 75 1
66 76 1
66 77 1
66 78 1
66 79 1
66 80 1
66 81 1
66 82 1
66 95 1
66 96 1
66 97 1
66 98 1
66 99 1
66 100 1
66 101 1
66 102 1
66 108 1
66 109 1
66 110 1
66 111 1
66 113 1
66 116 1
66 177 1
66 180 1
66 181 1
66 182 1
66 183 1
66 184 1
67 68 1
67 70 1
67 71 1
67 72 1
67 73 1
67 74 1
67 76 1
67 77 1
67 78 1
67 80 1
67 81 1
67 95 1
67 96 1
67 97 1
67 98 1
67 99 1
67 100 1
67 101 1
67 102 1
67 108 1
67 109 1
67 110 1
67 111 1
67 112 1
67 114 1
67 115 1
67 116 1
67 177 1
67 178 1
67 179 1
67 181 1
67 182 1
67 183 1
68 69 1
68 70 1
68 71 1
68 72 1
68 73 1
68 74 1
68 75 1
68 76 1
68 77 1
68 78 1
68 80 1
68 81 1
68 95 1
68 96 1
68 97 1
68 98 1
68 99 1
68 100 1
68 101 1
68 102 1
68 108 1
68 109 1
68 110 1
68 115 1
68 116 1
68 177 1
68 178 1
68 179 1
68 180 1
68 181 1
68 182 1
68 183 1
68 184 1
69 70 1
69 71 1
69 72 1
69 73 1
69 74 1
69 76 1
69 77 1
69 78 1
69 79 1
69 80 1
69 81 1
69 82 1
69 95 1
69 98 1
69 99 1
69 100 1
69 101 1
69 102 1
69 108 1
69 109 1
69 110 1
69 111 1
69 112 1
69 113 1
69 114 1
69 115 1
69 116 1
69 178 1
69 179 1
69 180 1
69 181 1
69 182 1
69 183 1
69 184 1
70 71 1
70 73 1
70 75 1
70 76 1
70 78 1
70 79 1
70 80 1
70 81 1
70 95 1
70 96 1
70 97 1
70 99 1
70 100 1
70 101 1
70 102 1
70 108 1
70 110 1
70 111 1
70 112 1
70 114 1
70 115 1
70 116 1
70 177 1
70 179 1
70 181 1
70 182 1
70 183 1
70 184 1
71 74 1
71 76 1
71 77 1
71 78 1
71 81 1
71 82 1
71 95 1
71 96 1
71 97 1
71 98 1
71 99 1
71 100 1
71 101 1
71 102 1
71 108 1
71 109 1
71 110 1
71 111 1
71 112 1
71 113 1
71 115 1
71 116 1
71 177 1
71 179 1
71 180 1
71 181 1
71 182 1
71 183 1
72 73 1
72 74 1
72 75 1
72 76 1
72 77 1
72 78 1
72 79 1
72 80 1
72 95 1
72 96 1
72 97 1
72 98 1
72 100 1
72 101 1
72 108 1
72 109 1
72 110 1
72 111 1
72 113 1
72 114 1
72 115 1
72 116 1
72 177 1
72 178 1
72 180 1
72 181 1
72 182 1
72 183 1
73 74 1
73 75 1
73 76 1
73 77 1
73 78 1
73 79 1
73 80 1
73 82 1
73 95 1
73 96 1
73 97 1
73 100 1
73 101 1
73 102 1
73 108 1
73 109 1
73 110 1
73 111 1
73 112 1
73 113 1
73 114 1
73 115 1
73 116 1
73 177 1
73 178 1
73 179 1
73 180 1
73 181 1
73 183 1
74 77 1
74 78 1
74 80 1
74 95 1
74 96 1
74 97 1
74 99 1
74 100 1
74 101 1
74 102 1
74 103 1
74 104 1
74 105 1
74 106 1
74 130 1
74 131 1
74 132 1
74 133 1
74 134 1
74 136 1
74 146 1
74 148 1
74 149 1
74 151 1
74 177 1
74 178 1
74 179 1
74 180 1
74 181 1
74 182 1
74 184 1
75 76 1
75 77 1
75 78 1
75 79 1
75 80 1
75 81 1
75 82 1
75 95 1
75 96 1
75 97 1
75 98 1
75 99 1
75 100 1
75 101 1
75 103 1
75 105 1
75 106 1
75 107 1
75 129 1
75 132 1
75 134 1
75 135 1
75 136 1
75 146 1
75 147 1
75 148 1
75 149 1
75 150 1
75 151 1
75 177 1
75 178 1
75 179 1
75 180 1
75 181 1
75 182 1
75 183 1
75 184 1
76 77 1
76 78 1
76 81 1
76 82 1
76 95 1
76 96 1
76 97 1
76 98 1
76 99 1
76 101 1
76 102 1
76 103 1
76 104 1
76 105 1
76 106 1
76 107 1
76 129 1
76 131 1
76 132 1
76 133 1
76 134 1
76 135 1
76 136 1
76 146 1
76 147 1
76 148 1
76 149 1
76 150 1
76 177 1
76 180 1
76 181 1
76 182 1
76 184 1
77 78 1
77 79 1
77 81 1
77 82 1
77 95 1
77 96 1
77 98 1
77 99 1
77 100 1
77 101 1
77 102 1
77 103 1
77 104 1
77 105 1
77 107 1
77 129 1
77 130 1
77 131 1
77 132 1
77 133 1
77 135 1
77 146 1
77 147 1
77 149 1
77 151 1
77 177 1
77 178 1
77 179 1
77 180 1
77 181 1
77 182 1
77 183 1
77 184 1
78 79 1
78 80 1
78 81 1
78 96 1
78 97 1
78 98 1
78 100 1
78 101 1
78 102 1
78 103 1
78 105 1
78 106 1
78 107 1
78 130 1
78 132 1
78 133 1
78 134 1
78 135 1
78 136 1
78 146 1
78 147 1
78 148 1
78 149 1
78 150 1
78 151 1
78 177 1
78 178 1
78 179 1
78 180 1
78 181 1
78 182 1
78 184 1
79 80 1
79 81 1
79 82 1
79 96 1
79 98 1
79 99 1
79 101 1
79 102 1
79 103 1
79 104 1
79 105 1
79 106 1
79 130 1
79 131 1
79 132 1
79 133 1
79 134 1
79 135 1
79 136 1
79 146 1
79 147 1
79 149 1
79 151 1
79 177 1
79 178 1
79 179 1
79 180 1
79 181 1
79 182 1
79 183 1
79 184 1
80 81 1
80 82 1
80 95 1
80 96 1
80 97 1
80 98 1
80 99 1
80 100 1
80 101 1
80 102 1
80 103 1
80 104 1
80 105 1
80 106 1
80 107 1
80 130 1
80 133 1
80 146 1
80 148 1
80 150 1
80 178 1
80 179 1
80 180 1
80 181 1
80 182 1
80 183 1
80 184 1
81 82 1
81 95 1
81 96 1
81 97 1
81 98 1
81 99 1
81 100 1
81 101 1
81 102 1
81 103 1
81 104 1
81 106 1
81 107 1
81 130 1
81 131 1
81 132 1
81 133 1
81 134 1
81 135 1
81 136 1
81 146 1
81 147 1
81 148 1
81 149 1
81 150 1
81 151 1
81 177 1
81 178 1
81 179 1
81 180 1
81 183 1
81 184 1
82 95 1
82 97 1
82 98 1
82 99 1
82 101 1
82 104 1
82 105 1
82 106 1
82 107 1
82 129 1
82 130 1
82 131 1
82 132 1
82 134 1
82 135 1
82 146 1
82 148 1
82 149 1
82 150 1
82 151 1
82 178 1
82 179 1
82 180 1
82 181 1
82 182 1
82 183 1
82 184 1
83 86 1
83 87 1
83 88 1
83 89 1
83 90 1
83 92 1
83 94 1
83 103 1
83 104 1
83 105 1
83 106 1
83 122 1
83 123 1
83 124 1
83 125 1
83 126 1
83 127 1
83 128 1
83 137 1
83 138 1
83 140 1
83 141 1
83 142 1
83 143 1
83 144 1
84 85 1
84 86 1
84 87 1
84 88 1
84 89 1
84 91 1
84 92 1
84 93 1
84 94 1
84 103 1
84 104 1
84 106 1
84 107 1
84 123 1
84 124 1
84 125 1
84 127 1
84 128 1
84 137 1
84 138 1
84 139 1
84 140 1
84 141 1
84 142 1
84 143 1
84 144 1
84 145 1
85 90 1
85 91 1
85 92 1
85 94 1
85 103 1
85 104 1
85 105 1
85 106 1
85 107 1
85 122 1
85 123 1
85 124 1
85 125 1
85 126 1
85 127 1
85 128 1
85 137 1
85 138 1
85 139 1
85 142 1
85 144 1
85 145 1
86 90 1
86 91 1
86 93 1
86 94 1
86 103 1
86 106 1
86 107 1
86 122 1
86 123 1
86 124 1
86 126 1
86 127 1
86 128 1
86 137 1
86 138 1
86 139 1
86 140 1
86 141 1
86 142 1
86 143 1
86 144 1
87 89 1
87 90 1
87 91 1
87 93 1
87 94 1
87 103 1
87 105 1
87 106 1
87 107 1
87 122 1
87 123 1
87 124 1
87 125 1
87 126 1
87 127 1
87 128 1
87 138 1
87 142 1
87 143 1
87 144 1
87 145 1
88 92 1
88 93 1
88 94 1
88 89 1
88 129 1
88 133 1
88 134 1
88 137 1
88 138 1
88 139 1
88 140 1
88 141 1
88 142 1
88 143 1
88 144 1
88 145 1
88 162 1
88 163 1
88 164 1
88 165 1
88 166 1
88 167 1
88 168 1
88 169 1
88 170 1
88 171 1
88 172 1
88 173 1
88 174 1
88 176 1
88 178 1
88 180 1
88 181 1
88 182 1
88 183 1
88 184 1
89 91 1
89 92 1
89 93 1
89 94 1
89 90 1
89 129 1
89 131 1
89 132 1
89 133 1
89 134 1
89 135 1
89 136 1
89 138 1
89 140 1
89 141 1
89 142 1
89 144 1
89 161 1
89 162 1
89 164 1
89 165 1
89 167 1
89 168 1
89 169 1
89 170 1
89 171 1
89 172 1
89 173 1
89 175 1
89 176 1
89 177 1
89 178 1
89 179 1
89 180 1
89 181 1
89 182 1
89 183 1
89 184 1
90 92 1
90 94 1
90 129 1
90 130 1
90 131 1
90 132 1
90 133 1
90 134 1
90 135 1
90 136 1
90 137 1
90 139 1
90 140 1
90 141 1
90 142 1
90 143 1
90 144 1
90 145 1
90 161 1
90 162 1
90 163 1
90 164 1
90 165 1
90 166 1
90 167 1
90 168 1
90 170 1
90 172 1
90 173 1
90 174 1
90 175 1
90 176 1
90 177 1
90 178 1
90 180 1
90 183 1
90 184 1
91 129 1
91 130 1
91 131 1
91 132 1
91 133 1
91 134 1
91 135 1
91 137 1
91 138 1
91 142 1
91 143 1
91 145 1
91 162 1
91 163 1
91 164 1
91 165 1
91 166 1
91 167 1
91 168 1
91 170 1
91 171 1
91 172 1
91 173 1
91 174 1
91 175 1
91 176 1
91 177 1
91 178 1
91 179 1
91 180 1
91 182 1
91 183 1
91 184 1
92 129 1
92 131 1
92 134 1
92 135 1
92 136 1
92 137 1
92 138 1
92 139 1
92 140 1
92 141 1
92 142 1
92 161 1
92 165 1
92 166 1
92 168 1
92 169 1
92 171 1
92 172 1
92 173 1
92 174 1
92 175 1
92 176 1
92 177 1
92 178 1
92 179 1
92 180 1
92 181 1
92 182 1
92 183 1
92 184 1
93 94 1
93 129 1
93 130 1
93 131 1
93 133 1
93 134 1
93 135 1
93 136 1
93 137 1
93 138 1
93 139 1
93 140 1
93 142 1
93 144 1
93 145 1
93 161 1
93 162 1
93 163 1
93 164 1
93 167 1
93 168 1
93 169 1
93 170 1
93 171 1
93 172 1
93 173 1
93 174 1
93 175 1
93 176 1
93 178 1
93 179 1
93 180 1
93 182 1
93 183 1
93 184 1
94 129 1
94 130 1
94 131 1
94 132 1
94 133 1
94 134 1
94 135 1
94 136 1
94 137 1
94 138 1
94 139 1
94 140 1
94 141 1
94 142 1
94 143 1
94 145 1
94 161 1
94 162 1
94 163 1
94 164 1
94 166 1
94 167 1
94 168 1
94 169 1
94 170 1
94 171 1
94 172 1
94 175 1
94 176 1
94 177 1
94 179 1
94 180 1
94 183 1
94 184 1
95 99 1
95 100 1
95 101 1
95 97 1
95 122 1
95 123 1
95 124 1
95 125 1
95 126 1
95 127 1
95 128 1
95 130 1
95 131 1
95 132 1
95 133 1
95 134 1
95 135 1
95 136 1
95 161 1
95 162 1
95 163 1
95 164 1
95 166 1
95 167 1
95 168 1
95 169 1
95 170 1
95 171 1
95 173 1
95 174 1
95 175 1
96 99 1
96 102 1
96 122 1
96 123 1
96 125 1
96 126 1
96 127 1
96 129 1
96 130 1
96 131 1
96 132 1
96 133 1
96 135 1
96 136 1
96 161 1
96 163 1
96 164 1
96 165 1
96 166 1
96 167 1
96 168 1
96 171 1
96 172 1
96 173 1
96 174 1
96 175 1
96 176 1
97 99 1
97 100 1
97 101 1
97 102 1
97 98 1
97 122 1
97 123 1
97 124 1
97 125 1
97 126 1
97 127 1
97 128 1
97 130 1
97 132 1
97 133 1
97 134 1
97 161 1
97 162 1
97 165 1
97 166 1
97 167 1
97 169 1
97 170 1
97 171 1
97 172 1
97 173 1
97 174 1
97 175 1
98 100 1
98 101 1
98 122 1
98 123 1
98 124 1
98 125 1
98 126 1
98 127 1
98 128 1
98 129 1
98 133 1
98 134 1
98 135 1
98 136 1
98 161 1
98 162 1
98 163 1
98 164 1
98 165 1
98 167 1
98 168 1
98 170 1
98 171 1
98 172 1
98 175 1
98 176 1
99 123 1
99 124 1
99 125 1
99 126 1
99 127 1
99 129 1
99 131 1
99 132 1
99 133 1
99 134 1
99 136 1
99 161 1
99 162 1
99 163 1
99 164 1
99 165 1
99 166 1
99 167 1
99 168 1
99 169 1
99 170 1
99 171 1
99 172 1
99 173 1
99 174 1
99 175 1
99 176 1
100 122 1
100 124 1
100 128 1
100 129 1
100 130 1
100 131 1
100 132 1
100 133 1
100 134 1
100 135 1
100 161 1
100 162 1
100 163 1
100 164 1
100 167 1
100 169 1
100 171 1
100 172 1
100 174 1
100 175 1
100 176 1
101 123 1
101 124 1
101 125 1
101 127 1
101 128 1
101 129 1
101 130 1
101 131 1
101 132 1
101 133 1
101 134 1
101 135 1
101 136 1
101 161 1
101 162 1
101 163 1
101 165 1
101 167 1
101 168 1
101 169 1
101 170 1
101 171 1
101 172 1
101 173 1
101 174 1
101 175 1
101 176 1
102 122 1
102 124 1
102 126 1
102 127 1
102 128 1
102 132 1
102 133 1
102 134 1
102 135 1
102 136 1
102 161 1
102 162 1
102 163 1
102 164 1
102 165 1
102 168 1
102 169 1
102 170 1
102 171 1
102 174 1
102 175 1
102 176 1
103 105 1
103 104 1
103 129 1
103 130 1
103 131 1
103 132 1
103 135 1
103 136 1
103 153 1
103 154 1
103 155 1
103 156 1
103 159 1
103 160 1
103 161 1
103 162 1
103 163 1
103 165 1
103 166 1
103 167 1
103 168 1
103 169 1
103 170 1
103 171 1
103 173 1
103 174 1
103 176 1
104 105 1
104 106 1
104 107 1
104 130 1
104 132 1
104 133 1
104 134 1
104 135 1
104 136 1
104 152 1
104 153 1
104 154 1
104 155 1
104 158 1
104 160 1
104 161 1
104 162 1
104 163 1
104 164 1
104 165 1
104 166 1
104 167 1
104 168 1
104 169 1
104 170 1
104 171 1
104 173 1
104 174 1
104 175 1
104 176 1
105 106 1
105 107 1
105 129 1
105 130 1
105 131 1
105 132 1
105 133 1
105 134 1
105 154 1
105 155 1
105 156 1
105 157 1
105 158 1
105 160 1
105 162 1
105 163 1
105 164 1
105 165 1
105 166 1
105 167 1
105 168 1
105 169 1
105 170 1
105 171 1
105 173 1
105 174 1
105 175 1
105 176 1
106 129 1
106 130 1
106 131 1
106 132 1
106 133 1
106 134 1
106 136 1
106 152 1
106 153 1
106 154 1
106 156 1
106 159 1
106 160 1
106 161 1
106 162 1
106 163 1
106 165 1
106 166 1
106 167 1
106 168 1
106 169 1
106 170 1
106 171 1
106 172 1
106 173 1
106 174 1
106 175 1
107 129 1
107 130 1
107 131 1
107 132 1
107 133 1
107 134 1
107 135 1
107 136 1
107 152 1
107 153 1
107 154 1
107 155 1
107 156 1
107 158 1
107 159 1
107 160 1
107 161 1
107 162 1
107 163 1
107 164 1
107 165 1
107 166 1
107 167 1
107 168 1
107 171 1
107 172 1
107 173 1
107 174 1
107 175 1
107 176 1
108 112 1
108 113 1
108 114 1
108 115 1
108 116 1
108 129 1
108 131 1
108 132 1
108 133 1
108 135 1
108 136 1
108 152 1
108 154 1
108 156 1
108 157 1
108 158 1
108 160 1
109 112 1
109 114 1
109 116 1
109 129 1
109 130 1
109 131 1
109 132 1
109 133 1
109 134 1
109 136 1
109 152 1
109 153 1
109 154 1
109 155 1
109 156 1
109 157 1
109 158 1
109 159 1
109 160 1
110 112 1
110 113 1
110 114 1
110 115 1
110 111 1
110 129 1
110 130 1
110 133 1
110 134 1
110 135 1
110 136 1
110 153 1
110 154 1
110 155 1
110 156 1
110 158 1
110 159 1
111 112 1
111 113 1
111 114 1
111 115 1
111 116 1
111 129 1
111 130 1
111 131 1
111 132 1
111 133 1
111 135 1
111 136 1
111 152 1
111 153 1
111 154 1
111 155 1
111 156 1
111 157 1
111 158 1
111 159 1
111 160 1
112 129 1
112 130 1
112 131 1
112 132 1
112 134 1
112 135 1
112 136 1
112 152 1
112 153 1
112 154 1
112 157 1
112 158 1
112 159 1
112 160 1
113 129 1
113 130 1
113 131 1
113 134 1
113 136 1
113 152 1
113 155 1
113 157 1
113 158 1
113 159 1
113 160 1
114 116 1
114 129 1
114 132 1
114 133 1
114 134 1
114 135 1
114 136 1
114 152 1
114 153 1
114 154 1
114 156 1
114 158 1
114 159 1
114 160 1
115 129 1
115 130 1
115 134 1
115 135 1
115 136 1
115 152 1
115 153 1
115 154 1
115 155 1
115 159 1
115 160 1
116 129 1
116 130 1
116 131 1
116 132 1
116 134 1
116 135 1
116 136 1
116 153 1
116 156 1
116 157 1
116 158 1
116 159 1
116 160 1
117 118 1
117 129 1
117 130 1
117 131 1
117 133 1
117 134 1
117 135 1
117 146 1
117 147 1
117 148 1
117 149 1
117 150 1
117 162 1
117 164 1
117 165 1
117 166 1
117 167 1
117 168 1
117 169 1
118 129 1
118 130 1
118 131 1
118 132 1
118 133 1
118 134 1
118 135 1
118 146 1
118 148 1
118 150 1
118 151 1
118 161 1
118 163 1
118 164 1
118 165 1
118 166 1
118 167 1
118 168 1
118 169 1
119 121 1
119 130 1
119 131 1
119 132 1
119 133 1
119 134 1
119 135 1
119 136 1
119 146 1
119 147 1
119 149 1
119 150 1
119 161 1
119 162 1
119 163 1
119 164 1
119 166 1
119 167 1
119 168 1
119 169 1
120 121 1
120 129 1
120 130 1
120 133 1
120 134 1
120 135 1
120 136 1
120 146 1
120 147 1
120 149 1
120 151 1
120 162 1
120 164 1
120 165 1
120 166 1
120 167 1
120 168 1
120 169 1
121 129 1
121 130 1
121 131 1
121 132 1
121 133 1
121 134 1
121 136 1
121 146 1
121 147 1
121 148 1
121 149 1
121 150 1
121 161 1
121 162 1
121 163 1
121 165 1
121 166 1
121 168 1
121 169 1
122 123 1
122 125 1
122 178 1
122 179 1
122 181 1
122 184 1
123 128 1
123 177 1
123 178 1
123 179 1
123 180 1
123 182 1
123 184 1
124 125 1
124 126 1
124 178 1
124 179 1
124 182 1
124 183 1
124 184 1
125 126 1
125 177 1
125 178 1
125 179 1
125 180 1
125 182 1
125 183 1
126 177 1
126 178 1
126 179 1
126 181 1
126 182 1
126 183 1
127 128 1
127 177 1
127 179 1
127 180 1
127 181 1
127 183 1
127 184 1
128 177 1
128 178 1
128 180 1
128 181 1
128 182 1
128 183 1
129 130 1
130 132 1
131 132 1
131 134 1
132 133 1
132 135 1
132 136 1
133 134 1
133 136 1
134 135 1
135 136 1
137 144 1
137 146 1
137 148 1
137 149 1
137 150 1
137 151 1
138 139 1
138 144 1
138 147 1
138 148 1
138 150 1
138 151 1
139 146 1
139 147 1
139 148 1
139 149 1
139 150 1
139 151 1
140 141 1
140 143 1
140 144 1
140 146 1
140 147 1
140 149 1
140 150 1
140 151 1
141 142 1
141 145 1
141 146 1
141 147 1
141 150 1
141 151 1
142 143 1
142 144 1
142 146 1
142 147 1
142 148 1
142 149 1
142 151 1
143 145 1
143 146 1
143 147 1
143 149 1
143 150 1
143 151 1
144 145 1
144 147 1
144 149 1
144 150 1
144 151 1
145 146 1
145 147 1
145 148 1
145 149 1
145 150 1
145 151 1
146 147 1
146 149 1
146 185 1
146 186 1
146 187 1
146 188 1
146 189 1
147 148 1
147 149 1
147 150 1
147 151 1
147 185 1
147 187 1
147 188 1
148 149 1
148 185 1
148 186 1
148 187 1
148 188 1
148 189 1
149 185 1
149 186 1
149 188 1
150 185 1
150 186 1
150 187 1
151 185 1
151 186 1
151 188 1
152 153 1
152 154 1
152 155 1
152 156 1
152 157 1
152 158 1
152 160 1
152 161 1
152 162 1
152 163 1
152 164 1
152 165 1
152 166 1
152 167 1
152 168 1
152 169 1
152 177 1
152 179 1
152 180 1
152 181 1
152 182 1
152 183 1
152 184 1
153 156 1
153 157 1
153 158 1
153 159 1
153 161 1
153 162 1
153 163 1
153 164 1
153 165 1
153 166 1
153 168 1
153 177 1
153 178 1
153 179 1
153 180 1
153 181 1
153 184 1
154 159 1
154 160 1
154 162 1
154 163 1
154 164 1
154 165 1
154 166 1
154 168 1
154 169 1
154 178 1
154 179 1
154 181 1
154 182 1
154 183 1
154 184 1
155 156 1
155 162 1
155 163 1
155 166 1
155 167 1
155 168 1
155 178 1
155 180 1
155 183 1
155 184 1
156 158 1
156 160 1
156 161 1
156 162 1
156 164 1
156 165 1
156 169 1
156 177 1
156 178 1
156 179 1
156 180 1
156 181 1
156 183 1
156 184 1
157 159 1
157 160 1
157 162 1
157 163 1
157 165 1
157 167 1
157 168 1
157 169 1
157 177 1
157 178 1
157 179 1
157 180 1
157 181 1
157 182 1
157 184 1
158 159 1
158 160 1
158 161 1
158 162 1
158 164 1
158 165 1
158 167 1
158 168 1
158 169 1
158 177 1
158 178 1
158 179 1
158 180 1
158 181 1
158 182 1
158 184 1
159 162 1
159 164 1
159 165 1
159 166 1
159 167 1
159 168 1
159 177 1
159 178 1
159 179 1
159 180 1
159 181 1
159 182 1
160 161 1
160 162 1
160 163 1
160 164 1
160 165 1
160 167 1
160 168 1
160 169 1
160 177 1
160 179 1
160 180 1
160 181 1
160 182 1
160 183 1
161 162 1
161 166 1
161 185 1
161 187 1
161 189 1
162 164 1
162 168 1
162 169 1
162 186 1
162 187 1
162 188 1
162 189 1
163 166 1
163 167 1
163 168 1
163 186 1
163 188 1
163 189 1
164 165 1
164 185 1
164 186 1
164 187 1
164 188 1
164 189 1
165 185 1
165 186 1
165 187 1
165 188 1
165 189 1
166 185 1
166 186 1
166 187 1
166 188 1
166 189 1
167 185 1
167 186 1
167 187 1
167 188 1
167 189 1
168 185 1
168 187 1
168 188 1
168 189 1
169 185 1
169 186 1
169 187 1
169 188 1
169 189 1
170 171 1
170 174 1
170 176 1
172 173 1
172 176 1
177 178 1
177 181 1
178 181 1
179 183 1
179 184 1
180 182 1
181 182 1
182 183 1
182 184 1
185 187 1
186 187 1
186 189 1
