1 2 1
1 3 1
1 4 1
1 5 1
1 7 1
1 45 1
1 47 1
1 48 1
1 49 1
1 51 1
1 52 1
1 79 1
1 80 1
1 82 1
1 83 1
1 149 1
1 151 1
1 152 1
1 153 1
1 154 1
1 155 1
1 156 1
1 157 1
2 4 1
2 5 1
2 6 1
2 45 1
2 47 1
2 49 1
2 79 1
2 80 1
2 81 1
2 82 1
2 83 1
2 85 1
2 151 1
2 152 1
2 153 1
2 156 1
2 157 1
3 5 1
3 8 1
3 45 1
3 46 1
3 47 1
3 49 1
3 50 1
3 52 1
3 79 1
3 80 1
3 81 1
3 82 1
3 83 1
3 84 1
3 85 1
3 149 1
3 151 1
3 152 1
3 153 1
3 154 1
3 155 1
3 156 1
4 5 1
4 6 1
4 8 1
4 45 1
4 46 1
4 47 1
4 49 1
4 50 1
4 52 1
4 79 1
4 80 1
4 81 1
4 82 1
4 84 1
4 85 1
4 149 1
4 150 1
4 151 1
4 152 1
4 153 1
4 154 1
4 155 1
4 156 1
5 6 1
5 7 1
5 8 1
5 46 1
5 47 1
5 50 1
5 51 1
5 52 1
5 80 1
5 81 1
5 82 1
5 84 1
5 149 1
5 150 1
5 151 1
5 153 1
5 154 1
5 155 1
5 156 1
5 157 1
6 45 1
6 46 1
6 47 1
6 49 1
6 50 1
6 51 1
6 79 1
6 80 1
6 81 1
6 82 1
6 84 1
6 149 1
6 150 1
6 151 1
6 152 1
6 153 1
6 154 1
6 155 1
6 156 1
7 45 1
7 46 1
7 48 1
7 50 1
7 52 1
7 79 1
7 80 1
7 82 1
7 83 1
7 84 1
7 149 1
7 150 1
7 151 1
7 152 1
7 153 1
7 154 1
7 157 1
8 45 1
8 46 1
8 47 1
8 48 1
8 50 1
8 51 1
8 52 1
8 80 1
8 81 1
8 83 1
8 84 1
8 85 1
8 149 1
8 150 1
8 152 1
8 153 1
8 154 1
8 155 1
8 156 1
8 157 1
9 12 1
9 15 1
9 17 1
9 37 1
9 38 1
9 39 1
9 40 1
9 41 1
9 42 1
9 43 1
9 44 1
9 65 1
9 66 1
9 68 1
9 70 1
9 71 1
9 72 1
9 73 1
9 74 1
9 77 1
9 78 1
9 137 1
9 138 1
9 139 1
9 161 1
9 162 1
9 164 1
9 165 1
9 166 1
9 167 1
9 168 1
9 169 1
9 170 1
9 171 1
9 172 1
10 11 1
10 14 1
10 15 1
10 37 1
10 38 1
10 39 1
10 40 1
10 41 1
10 42 1
10 43 1
10 44 1
10 65 1
10 66 1
10 67 1
10 70 1
10 71 1
10 73 1
10 74 1
10 75 1
10 77 1
10 78 1
10 137 1
10 138 1
10 139 1
10 140 1
10 158 1
10 159 1
10 160 1
10 161 1
10 162 1
10 163 1
10 164 1
10 166 1
10 167 1
10 168 1
10 171 1
10 172 1
11 14 1
11 17 1
11 39 1
11 40 1
11 41 1
11 42 1
11 44 1
11 65 1
11 66 1
11 67 1
11 68 1
11 70 1
11 71 1
11 73 1
11 74 1
11 75 1
11 76 1
11 77 1
11 78 1
11 137 1
11 138 1
11 139 1
11 141 1
11 158 1
11 160 1
11 161 1
11 162 1
11 163 1
11 165 1
11 166 1
11 167 1
11 168 1
11 169 1
11 171 1
12 13 1
12 15 1
12 16 1
12 39 1
12 42 1
12 44 1
12 65 1
12 66 1
12 68 1
12 70 1
12 72 1
12 74 1
12 75 1
12 76 1
12 77 1
12 78 1
12 137 1
12 138 1
12 139 1
12 141 1
12 159 1
12 160 1
12 162 1
12 163 1
12 164 1
12 166 1
12 167 1
12 168 1
12 170 1
12 172 1
13 16 1
13 37 1
13 38 1
13 39 1
13 42 1
13 44 1
13 65 1
13 68 1
13 70 1
13 71 1
13 72 1
13 73 1
13 75 1
13 76 1
13 77 1
13 78 1
13 137 1
13 138 1
13 139 1
13 140 1
13 141 1
13 158 1
13 159 1
13 160 1
13 161 1
13 162 1
13 163 1
13 165 1
13 166 1
13 167 1
13 168 1
13 169 1
13 170 1
13 171 1
14 37 1
14 38 1
14 40 1
14 41 1
14 42 1
14 43 1
14 44 1
14 66 1
14 67 1
14 69 1
14 70 1
14 71 1
14 72 1
14 73 1
14 75 1
14 76 1
14 77 1
14 137 1
14 138 1
14 139 1
14 140 1
14 141 1
14 158 1
14 159 1
14 160 1
14 161 1
14 162 1
14 163 1
14 164 1
14 165 1
14 166 1
14 169 1
14 170 1
14 171 1
14 172 1
15 16 1
15 37 1
15 38 1
15 39 1
15 40 1
15 41 1
15 42 1
15 44 1
15 65 1
15 66 1
15 67 1
15 68 1
15 69 1
15 71 1
15 72 1
15 73 1
15 74 1
15 75 1
15 76 1
15 77 1
15 78 1
15 137 1
15 138 1
15 140 1
15 141 1
15 159 1
15 160 1
15 161 1
15 162 1
15 164 1
15 165 1
15 167 1
15 168 1
15 169 1
15 170 1
16 37 1
16 39 1
16 43 1
16 44 1
16 66 1
16 67 1
16 68 1
16 71 1
16 73 1
16 74 1
16 75 1
16 76 1
16 78 1
16 137 1
16 138 1
16 139 1
16 140 1
16 160 1
16 161 1
16 162 1
16 164 1
16 165 1
16 166 1
16 168 1
16 169 1
16 172 1
17 37 1
17 38 1
17 39 1
17 40 1
17 41 1
17 43 1
17 44 1
17 65 1
17 67 1
17 69 1
17 70 1
17 71 1
17 72 1
17 73 1
17 75 1
17 76 1
17 77 1
17 78 1
17 138 1
17 139 1
17 141 1
17 158 1
17 159 1
17 161 1
17 162 1
17 163 1
17 164 1
17 165 1
17 166 1
17 167 1
17 168 1
17 169 1
17 170 1
17 172 1
18 19 1
18 22 1
18 38 1
18 39 1
18 40 1
18 42 1
18 43 1
18 44 1
18 53 1
18 55 1
18 56 1
18 70 1
18 71 1
18 72 1
18 73 1
18 74 1
18 75 1
18 76 1
18 77 1
18 87 1
18 88 1
18 89 1
18 92 1
18 93 1
18 94 1
18 104 1
18 105 1
18 110 1
18 118 1
18 119 1
18 120 1
18 121 1
18 122 1
18 137 1
18 138 1
18 139 1
18 140 1
18 141 1
18 160 1
18 161 1
18 163 1
19 20 1
19 37 1
19 39 1
19 41 1
19 44 1
19 53 1
19 55 1
19 56 1
19 57 1
19 70 1
19 71 1
19 72 1
19 75 1
19 76 1
19 77 1
19 78 1
19 86 1
19 87 1
19 88 1
19 90 1
19 91 1
19 93 1
19 94 1
19 105 1
19 107 1
19 108 1
19 110 1
19 118 1
19 119 1
19 120 1
19 121 1
19 137 1
19 138 1
19 139 1
19 140 1
19 141 1
19 158 1
19 159 1
19 160 1
19 161 1
19 162 1
19 163 1
20 22 1
20 37 1
20 38 1
20 39 1
20 41 1
20 42 1
20 43 1
20 44 1
20 54 1
20 57 1
20 70 1
20 71 1
20 72 1
20 73 1
20 74 1
20 75 1
20 76 1
20 77 1
20 78 1
20 86 1
20 87 1
20 89 1
20 91 1
20 92 1
20 93 1
20 94 1
20 104 1
20 106 1
20 109 1
20 110 1
20 118 1
20 119 1
20 120 1
20 138 1
20 139 1
20 140 1
20 141 1
20 158 1
20 159 1
20 160 1
20 161 1
21 37 1
21 38 1
21 39 1
21 41 1
21 42 1
21 44 1
21 54 1
21 56 1
21 57 1
21 73 1
21 74 1
21 75 1
21 77 1
21 78 1
21 86 1
21 87 1
21 88 1
21 89 1
21 90 1
21 91 1
21 92 1
21 93 1
21 94 1
21 104 1
21 105 1
21 107 1
21 108 1
21 110 1
21 120 1
21 121 1
21 122 1
21 138 1
21 139 1
21 140 1
21 141 1
21 158 1
21 159 1
21 160 1
21 161 1
21 162 1
22 37 1
22 38 1
22 39 1
22 40 1
22 41 1
22 42 1
22 43 1
22 54 1
22 55 1
22 57 1
22 71 1
22 72 1
22 73 1
22 74 1
22 75 1
22 77 1
22 78 1
22 87 1
22 88 1
22 91 1
22 92 1
22 93 1
22 105 1
22 106 1
22 109 1
22 118 1
22 119 1
22 120 1
22 121 1
22 122 1
22 137 1
22 140 1
22 158 1
22 161 1
22 162 1
23 24 1
23 25 1
23 28 1
23 29 1
23 31 1
23 118 1
23 119 1
23 122 1
23 123 1
23 124 1
23 125 1
23 127 1
24 25 1
24 27 1
24 29 1
24 30 1
24 118 1
24 119 1
24 120 1
24 122 1
24 123 1
24 124 1
24 125 1
24 126 1
24 127 1
25 27 1
25 28 1
25 29 1
25 30 1
25 118 1
25 119 1
25 120 1
25 121 1
25 122 1
25 123 1
25 124 1
25 125 1
25 126 1
25 127 1
26 118 1
26 119 1
26 120 1
26 121 1
26 123 1
26 125 1
26 126 1
27 119 1
27 122 1
27 123 1
27 125 1
28 118 1
28 119 1
28 120 1
28 121 1
28 122 1
28 123 1
28 126 1
28 127 1
29 31 1
29 118 1
29 119 1
29 120 1
29 121 1
29 122 1
29 123 1
29 124 1
29 125 1
29 127 1
30 118 1
30 119 1
30 120 1
30 122 1
30 123 1
30 124 1
30 125 1
30 126 1
31 118 1
31 119 1
31 121 1
31 123 1
31 124 1
31 125 1
31 126 1
31 127 1
32 33 1
32 34 1
32 35 1
32 36 1
32 38 1
32 39 1
32 40 1
32 41 1
32 42 1
32 43 1
32 44 1
33 37 1
33 38 1
33 39 1
33 41 1
33 42 1
33 43 1
33 44 1
34 38 1
34 39 1
34 40 1
34 41 1
34 42 1
34 43 1
35 36 1
35 38 1
35 40 1
35 42 1
35 44 1
36 38 1
36 39 1
36 40 1
36 41 1
36 42 1
36 43 1
37 38 1
37 40 1
37 41 1
37 44 1
37 58 1
37 59 1
37 60 1
37 61 1
37 62 1
37 63 1
37 64 1
37 95 1
37 96 1
37 99 1
37 100 1
37 101 1
37 102 1
37 103 1
37 104 1
37 105 1
37 106 1
37 107 1
37 108 1
37 110 1
37 118 1
37 119 1
37 120 1
37 121 1
37 122 1
37 160 1
37 161 1
37 162 1
37 163 1
38 40 1
38 42 1
38 44 1
38 58 1
38 59 1
38 61 1
38 62 1
38 63 1
38 95 1
38 98 1
38 100 1
38 101 1
38 103 1
38 104 1
38 105 1
38 106 1
38 109 1
38 110 1
38 118 1
38 119 1
38 120 1
38 122 1
38 158 1
38 159 1
38 161 1
38 162 1
38 163 1
39 40 1
39 44 1
39 59 1
39 60 1
39 62 1
39 63 1
39 96 1
39 98 1
39 99 1
39 101 1
39 102 1
39 103 1
39 104 1
39 105 1
39 106 1
39 107 1
39 108 1
39 109 1
39 110 1
39 118 1
39 119 1
39 120 1
39 121 1
39 122 1
39 158 1
39 159 1
39 162 1
40 41 1
40 42 1
40 43 1
40 44 1
40 58 1
40 59 1
40 60 1
40 62 1
40 63 1
40 64 1
40 95 1
40 96 1
40 97 1
40 98 1
40 99 1
40 100 1
40 101 1
40 103 1
40 104 1
40 105 1
40 106 1
40 107 1
40 118 1
40 119 1
40 120 1
40 121 1
40 159 1
40 160 1
40 161 1
40 162 1
40 163 1
41 43 1
41 44 1
41 58 1
41 62 1
41 64 1
41 95 1
41 96 1
41 97 1
41 98 1
41 99 1
41 100 1
41 101 1
41 102 1
41 103 1
41 107 1
41 108 1
41 109 1
41 110 1
41 118 1
41 120 1
41 121 1
41 122 1
41 160 1
42 43 1
42 44 1
42 58 1
42 59 1
42 60 1
42 61 1
42 62 1
42 63 1
42 64 1
42 95 1
42 96 1
42 98 1
42 99 1
42 100 1
42 101 1
42 103 1
42 107 1
42 108 1
42 109 1
42 110 1
42 118 1
42 119 1
42 120 1
42 121 1
42 122 1
42 158 1
42 159 1
42 161 1
42 162 1
42 163 1
43 44 1
43 58 1
43 59 1
43 61 1
43 62 1
43 63 1
43 64 1
43 95 1
43 97 1
43 98 1
43 99 1
43 100 1
43 101 1
43 105 1
43 108 1
43 110 1
43 118 1
43 119 1
43 120 1
43 121 1
43 122 1
43 158 1
43 159 1
43 160 1
43 162 1
44 58 1
44 59 1
44 60 1
44 61 1
44 62 1
44 63 1
44 64 1
44 95 1
44 96 1
44 97 1
44 98 1
44 99 1
44 101 1
44 103 1
44 105 1
44 106 1
44 107 1
44 109 1
44 110 1
44 118 1
44 158 1
44 159 1
44 160 1
44 161 1
44 162 1
44 163 1
45 46 1
45 47 1
45 48 1
45 50 1
45 65 1
45 66 1
45 67 1
45 68 1
45 69 1
45 95 1
45 96 1
45 97 1
45 98 1
45 99 1
45 101 1
45 102 1
45 103 1
45 104 1
45 106 1
45 108 1
45 110 1
45 111 1
45 112 1
45 113 1
45 114 1
45 115 1
45 116 1
45 117 1
45 137 1
45 140 1
46 47 1
46 52 1
46 65 1
46 66 1
46 67 1
46 68 1
46 69 1
46 95 1
46 96 1
46 97 1
46 98 1
46 99 1
46 100 1
46 101 1
46 103 1
46 104 1
46 105 1
46 108 1
46 109 1
46 112 1
46 113 1
46 114 1
46 116 1
46 137 1
46 139 1
46 141 1
47 51 1
47 66 1
47 67 1
47 68 1
47 69 1
47 95 1
47 96 1
47 97 1
47 98 1
47 99 1
47 100 1
47 101 1
47 102 1
47 104 1
47 105 1
47 106 1
47 107 1
47 108 1
47 109 1
47 110 1
47 111 1
47 112 1
47 113 1
47 137 1
47 139 1
47 141 1
48 49 1
48 65 1
48 66 1
48 67 1
48 68 1
48 69 1
48 96 1
48 97 1
48 98 1
48 99 1
48 100 1
48 102 1
48 103 1
48 105 1
48 107 1
48 108 1
48 111 1
48 114 1
48 116 1
48 117 1
48 137 1
48 138 1
48 139 1
48 140 1
48 141 1
49 50 1
49 51 1
49 52 1
49 65 1
49 67 1
49 69 1
49 95 1
49 97 1
49 98 1
49 100 1
49 102 1
49 103 1
49 104 1
49 105 1
49 106 1
49 107 1
49 108 1
49 109 1
49 110 1
49 111 1
49 112 1
49 113 1
49 117 1
49 137 1
49 140 1
49 141 1
50 65 1
50 66 1
50 67 1
50 69 1
50 95 1
50 96 1
50 97 1
50 98 1
50 100 1
50 102 1
50 103 1
50 104 1
50 106 1
50 107 1
50 108 1
50 109 1
50 111 1
50 112 1
50 113 1
50 114 1
50 116 1
50 137 1
50 139 1
50 140 1
50 141 1
51 52 1
51 66 1
51 67 1
51 69 1
51 95 1
51 96 1
51 97 1
51 98 1
51 99 1
51 100 1
51 103 1
51 104 1
51 105 1
51 106 1
51 107 1
51 109 1
51 110 1
51 111 1
51 112 1
51 113 1
51 114 1
51 115 1
51 116 1
51 117 1
51 137 1
51 138 1
51 139 1
51 141 1
52 65 1
52 66 1
52 67 1
52 68 1
52 95 1
52 96 1
52 97 1
52 98 1
52 99 1
52 100 1
52 101 1
52 103 1
52 104 1
52 106 1
52 107 1
52 108 1
52 109 1
52 110 1
52 112 1
52 114 1
52 115 1
52 117 1
52 137 1
52 138 1
52 140 1
52 141 1
53 54 1
53 56 1
53 57 1
53 80 1
53 81 1
53 82 1
53 83 1
53 84 1
53 85 1
53 96 1
53 97 1
53 98 1
53 99 1
53 100 1
53 101 1
53 102 1
53 103 1
53 123 1
53 125 1
53 126 1
53 127 1
53 128 1
53 129 1
53 130 1
53 131 1
53 132 1
53 133 1
53 134 1
53 136 1
53 137 1
53 138 1
53 139 1
53 140 1
53 158 1
53 162 1
53 165 1
53 166 1
53 167 1
53 169 1
53 170 1
53 171 1
53 173 1
53 175 1
53 176 1
53 177 1
54 55 1
54 57 1
54 79 1
54 80 1
54 81 1
54 82 1
54 83 1
54 95 1
54 96 1
54 98 1
54 100 1
54 101 1
54 102 1
54 123 1
54 124 1
54 125 1
54 127 1
54 128 1
54 129 1
54 132 1
54 133 1
54 134 1
54 135 1
54 136 1
54 140 1
54 141 1
54 158 1
54 160 1
54 161 1
54 163 1
54 165 1
54 166 1
54 167 1
54 168 1
54 169 1
54 170 1
54 171 1
54 172 1
54 173 1
54 176 1
54 177 1
55 56 1
55 79 1
55 81 1
55 82 1
55 83 1
55 84 1
55 85 1
55 95 1
55 96 1
55 97 1
55 98 1
55 99 1
55 100 1
55 101 1
55 102 1
55 103 1
55 123 1
55 124 1
55 126 1
55 127 1
55 131 1
55 132 1
55 133 1
55 134 1
55 135 1
55 137 1
55 139 1
55 140 1
55 141 1
55 158 1
55 160 1
55 161 1
55 163 1
55 164 1
55 165 1
55 166 1
55 168 1
55 169 1
55 170 1
55 171 1
55 172 1
55 173 1
55 174 1
55 176 1
55 177 1
56 57 1
56 80 1
56 82 1
56 83 1
56 84 1
56 85 1
56 95 1
56 96 1
56 97 1
56 98 1
56 99 1
56 100 1
56 101 1
56 102 1
56 103 1
56 123 1
56 124 1
56 126 1
56 128 1
56 129 1
56 130 1
56 131 1
56 132 1
56 133 1
56 134 1
56 135 1
56 137 1
56 138 1
56 139 1
56 140 1
56 141 1
56 158 1
56 159 1
56 160 1
56 161 1
56 162 1
56 165 1
56 166 1
56 167 1
56 168 1
56 169 1
56 170 1
56 171 1
56 174 1
56 175 1
56 177 1
57 79 1
57 80 1
57 82 1
57 84 1
57 85 1
57 96 1
57 98 1
57 99 1
57 100 1
57 102 1
57 103 1
57 123 1
57 124 1
57 125 1
57 126 1
57 127 1
57 128 1
57 129 1
57 130 1
57 131 1
57 133 1
57 134 1
57 135 1
57 136 1
57 138 1
57 139 1
57 140 1
57 141 1
57 158 1
57 159 1
57 161 1
57 162 1
57 163 1
57 164 1
57 165 1
57 166 1
57 167 1
57 168 1
57 169 1
57 172 1
57 173 1
57 174 1
57 175 1
57 176 1
57 177 1
58 59 1
58 61 1
58 130 1
58 131 1
58 133 1
58 134 1
58 135 1
58 136 1
58 174 1
58 175 1
58 176 1
59 60 1
59 62 1
59 63 1
59 129 1
59 131 1
59 132 1
59 133 1
59 135 1
59 136 1
59 173 1
59 174 1
59 176 1
59 177 1
60 61 1
60 63 1
60 64 1
60 130 1
60 132 1
60 133 1
60 134 1
60 136 1
60 173 1
60 174 1
60 175 1
60 176 1
61 62 1
61 63 1
61 64 1
61 128 1
61 129 1
61 130 1
61 131 1
61 132 1
61 133 1
61 134 1
61 135 1
61 136 1
61 173 1
61 174 1
61 175 1
61 177 1
62 63 1
62 64 1
62 128 1
62 130 1
62 134 1
62 135 1
62 136 1
62 173 1
62 175 1
62 176 1
62 177 1
63 128 1
63 131 1
63 132 1
63 135 1
63 136 1
63 173 1
63 175 1
63 177 1
64 129 1
64 132 1
64 133 1
64 134 1
64 135 1
64 173 1
64 174 1
64 176 1
64 177 1
65 67 1
65 68 1
65 69 1
65 70 1
65 71 1
65 73 1
65 74 1
65 75 1
65 76 1
65 77 1
65 86 1
65 87 1
65 89 1
65 90 1
65 92 1
65 93 1
65 94 1
65 118 1
65 119 1
65 121 1
65 122 1
65 142 1
65 143 1
65 144 1
65 145 1
65 146 1
65 148 1
66 67 1
66 69 1
66 70 1
66 75 1
66 76 1
66 77 1
66 78 1
66 86 1
66 87 1
66 89 1
66 90 1
66 91 1
66 92 1
66 93 1
66 94 1
66 118 1
66 119 1
66 120 1
66 122 1
66 142 1
66 144 1
66 145 1
66 146 1
66 147 1
67 68 1
67 70 1
67 71 1
67 72 1
67 73 1
67 74 1
67 76 1
67 77 1
67 78 1
67 86 1
67 87 1
67 88 1
67 89 1
67 90 1
67 91 1
67 92 1
67 119 1
67 121 1
67 142 1
67 144 1
67 145 1
67 146 1
67 147 1
68 69 1
68 70 1
68 74 1
68 75 1
68 77 1
68 78 1
68 86 1
68 87 1
68 89 1
68 90 1
68 92 1
68 93 1
68 94 1
68 118 1
68 119 1
68 120 1
68 122 1
68 142 1
68 144 1
68 146 1
68 148 1
69 71 1
69 72 1
69 73 1
69 74 1
69 75 1
69 76 1
69 77 1
69 78 1
69 86 1
69 87 1
69 88 1
69 90 1
69 91 1
69 93 1
69 94 1
69 121 1
69 122 1
69 142 1
69 143 1
69 144 1
69 146 1
69 147 1
69 148 1
70 76 1
70 78 1
70 71 1
70 114 1
70 115 1
70 116 1
70 117 1
70 149 1
70 151 1
70 152 1
70 153 1
70 155 1
70 156 1
70 157 1
71 74 1
71 75 1
71 76 1
71 77 1
71 78 1
71 72 1
71 111 1
71 112 1
71 114 1
71 115 1
71 116 1
71 117 1
71 149 1
71 150 1
71 151 1
71 152 1
71 153 1
71 154 1
71 155 1
71 156 1
72 76 1
72 78 1
72 111 1
72 112 1
72 113 1
72 114 1
72 115 1
72 116 1
72 117 1
72 149 1
72 151 1
72 152 1
72 153 1
72 154 1
72 155 1
73 75 1
73 76 1
73 77 1
73 78 1
73 111 1
73 112 1
73 113 1
73 114 1
73 115 1
73 117 1
73 149 1
73 151 1
73 152 1
73 153 1
73 154 1
73 155 1
73 156 1
73 157 1
74 111 1
74 112 1
74 113 1
74 114 1
74 117 1
74 149 1
74 150 1
74 151 1
74 152 1
74 153 1
74 154 1
74 155 1
74 156 1
74 157 1
75 77 1
75 111 1
75 112 1
75 113 1
75 114 1
75 116 1
75 117 1
75 149 1
75 151 1
75 152 1
75 153 1
75 154 1
75 155 1
75 157 1
76 77 1
76 78 1
76 113 1
76 114 1
76 115 1
76 116 1
76 117 1
76 149 1
76 150 1
76 152 1
76 153 1
76 154 1
76 157 1
77 111 1
77 115 1
77 117 1
77 149 1
77 150 1
77 151 1
77 152 1
77 154 1
77 155 1
78 113 1
78 114 1
78 116 1
78 117 1
78 152 1
78 153 1
78 154 1
78 155 1
78 156 1
78 157 1
79 83 1
79 111 1
79 112 1
79 113 1
79 114 1
79 115 1
79 116 1
79 118 1
79 119 1
79 120 1
79 121 1
79 129 1
79 130 1
79 131 1
79 134 1
79 135 1
79 136 1
79 150 1
79 151 1
79 152 1
79 153 1
79 154 1
79 155 1
79 157 1
80 84 1
80 111 1
80 112 1
80 114 1
80 115 1
80 116 1
80 117 1
80 119 1
80 120 1
80 122 1
80 129 1
80 130 1
80 131 1
80 132 1
80 136 1
80 149 1
80 150 1
80 151 1
80 152 1
80 153 1
80 154 1
80 156 1
80 157 1
81 83 1
81 85 1
81 111 1
81 112 1
81 113 1
81 115 1
81 116 1
81 117 1
81 118 1
81 119 1
81 120 1
81 122 1
81 128 1
81 129 1
81 130 1
81 131 1
81 132 1
81 133 1
81 134 1
81 135 1
81 149 1
81 150 1
81 151 1
81 153 1
81 155 1
81 156 1
81 157 1
82 85 1
82 111 1
82 112 1
82 113 1
82 114 1
82 115 1
82 116 1
82 117 1
82 118 1
82 121 1
82 122 1
82 128 1
82 129 1
82 131 1
82 133 1
82 134 1
82 136 1
82 149 1
82 150 1
82 151 1
82 152 1
82 154 1
82 155 1
82 156 1
83 84 1
83 111 1
83 112 1
83 113 1
83 115 1
83 116 1
83 117 1
83 118 1
83 121 1
83 128 1
83 129 1
83 130 1
83 131 1
83 132 1
83 133 1
83 134 1
83 135 1
83 149 1
83 151 1
83 152 1
83 153 1
83 154 1
83 155 1
83 156 1
84 111 1
84 112 1
84 113 1
84 115 1
84 117 1
84 118 1
84 120 1
84 121 1
84 122 1
84 130 1
84 131 1
84 133 1
84 134 1
84 136 1
84 150 1
84 152 1
84 153 1
84 154 1
84 155 1
85 111 1
85 112 1
85 114 1
85 115 1
85 116 1
85 117 1
85 118 1
85 120 1
85 121 1
85 122 1
85 128 1
85 129 1
85 130 1
85 131 1
85 132 1
85 133 1
85 134 1
85 136 1
85 149 1
85 151 1
85 152 1
85 153 1
85 154 1
85 156 1
85 157 1
86 90 1
86 91 1
86 92 1
86 93 1
86 94 1
86 87 1
86 88 1
86 89 1
87 92 1
87 88 1
88 93 1
89 91 1
89 92 1
89 94 1
90 91 1
90 94 1
91 93 1
92 94 1
93 94 1
95 99 1
95 100 1
95 101 1
95 102 1
95 103 1
95 97 1
95 142 1
95 143 1
95 144 1
95 146 1
95 147 1
95 148 1
95 149 1
95 150 1
95 151 1
95 152 1
95 153 1
95 154 1
95 155 1
95 157 1
95 173 1
95 174 1
95 175 1
95 176 1
95 177 1
96 99 1
96 100 1
96 101 1
96 102 1
96 103 1
96 143 1
96 144 1
96 145 1
96 148 1
96 149 1
96 150 1
96 151 1
96 152 1
96 153 1
96 154 1
96 155 1
96 156 1
96 157 1
96 173 1
96 174 1
96 176 1
96 177 1
97 99 1
97 100 1
97 101 1
97 103 1
97 98 1
97 143 1
97 145 1
97 147 1
97 149 1
97 155 1
97 156 1
97 157 1
97 173 1
97 175 1
97 176 1
97 177 1
98 99 1
98 100 1
98 102 1
98 103 1
98 142 1
98 143 1
98 144 1
98 145 1
98 146 1
98 147 1
98 148 1
98 149 1
98 151 1
98 152 1
98 153 1
98 154 1
98 155 1
98 156 1
98 157 1
98 173 1
98 174 1
98 175 1
98 176 1
98 177 1
99 100 1
99 103 1
99 143 1
99 144 1
99 145 1
99 146 1
99 147 1
99 149 1
99 150 1
99 151 1
99 152 1
99 153 1
99 155 1
99 156 1
99 173 1
99 174 1
99 175 1
99 176 1
99 177 1
100 101 1
100 103 1
100 142 1
100 143 1
100 144 1
100 145 1
100 146 1
100 147 1
100 149 1
100 151 1
100 152 1
100 153 1
100 154 1
100 155 1
100 156 1
100 157 1
100 173 1
100 175 1
100 176 1
100 177 1
101 103 1
101 142 1
101 143 1
101 144 1
101 145 1
101 146 1
101 147 1
101 148 1
101 149 1
101 150 1
101 151 1
101 152 1
101 153 1
101 154 1
101 155 1
101 157 1
101 173 1
101 175 1
101 176 1
101 177 1
102 143 1
102 144 1
102 145 1
102 146 1
102 148 1
102 149 1
102 152 1
102 153 1
102 154 1
102 155 1
102 156 1
102 157 1
102 173 1
102 174 1
102 175 1
102 176 1
102 177 1
103 144 1
103 145 1
103 147 1
103 148 1
103 150 1
103 151 1
103 152 1
103 154 1
103 155 1
103 156 1
103 173 1
103 174 1
103 175 1
103 176 1
104 108 1
104 109 1
104 105 1
104 106 1
104 119 1
104 120 1
104 121 1
104 122 1
104 173 1
104 174 1
104 177 1
105 107 1
105 109 1
105 110 1
105 106 1
105 118 1
105 119 1
105 121 1
105 122 1
105 174 1
105 175 1
105 176 1
105 177 1
106 107 1
106 110 1
106 118 1
106 119 1
106 121 1
106 174 1
106 175 1
106 176 1
106 177 1
107 108 1
107 118 1
107 119 1
107 120 1
107 121 1
107 122 1
107 174 1
107 175 1
107 176 1
107 177 1
108 110 1
108 118 1
108 119 1
108 120 1
108 121 1
108 122 1
108 173 1
108 174 1
108 175 1
108 176 1
108 177 1
109 110 1
109 118 1
109 119 1
109 120 1
109 121 1
109 122 1
109 173 1
109 176 1
109 177 1
110 119 1
110 120 1
110 121 1
110 174 1
110 177 1
111 117 1
111 118 1
111 120 1
111 121 1
111 137 1
111 138 1
111 141 1
111 173 1
111 174 1
111 176 1
111 177 1
112 116 1
112 117 1
112 119 1
112 120 1
112 121 1
112 122 1
112 138 1
112 139 1
112 141 1
112 173 1
112 174 1
112 175 1
112 176 1
112 177 1
113 119 1
113 120 1
113 121 1
113 122 1
113 137 1
113 139 1
113 141 1
113 173 1
113 174 1
113 175 1
113 176 1
113 177 1
114 115 1
114 118 1
114 119 1
114 138 1
114 139 1
114 140 1
114 141 1
114 173 1
114 175 1
114 176 1
115 116 1
115 118 1
115 119 1
115 120 1
115 121 1
115 137 1
115 138 1
115 139 1
115 141 1
115 173 1
115 174 1
115 175 1
115 176 1
115 177 1
116 117 1
116 118 1
116 119 1
116 122 1
116 137 1
116 138 1
116 139 1
116 140 1
116 141 1
116 173 1
116 174 1
116 175 1
117 119 1
117 121 1
117 137 1
117 138 1
117 139 1
117 140 1
117 173 1
117 176 1
118 121 1
118 122 1
118 128 1
118 129 1
118 130 1
118 131 1
118 132 1
118 134 1
118 135 1
118 136 1
118 142 1
118 143 1
118 145 1
118 146 1
118 148 1
118 175 1
118 177 1
119 120 1
119 128 1
119 129 1
119 130 1
119 133 1
119 135 1
119 136 1
119 142 1
119 143 1
119 144 1
119 145 1
119 146 1
119 147 1
119 148 1
119 173 1
119 174 1
119 177 1
120 122 1
120 129 1
120 131 1
120 132 1
120 133 1
120 134 1
120 135 1
120 136 1
120 142 1
120 143 1
120 144 1
120 145 1
120 146 1
120 176 1
121 122 1
121 128 1
121 129 1
121 130 1
121 131 1
121 133 1
121 134 1
121 135 1
121 136 1
121 142 1
121 143 1
121 145 1
121 146 1
121 148 1
121 173 1
121 175 1
121 176 1
121 177 1
122 128 1
122 129 1
122 130 1
122 131 1
122 132 1
122 133 1
122 134 1
122 135 1
122 136 1
122 142 1
122 143 1
122 144 1
122 146 1
122 147 1
122 173 1
122 174 1
122 175 1
122 176 1
123 124 1
123 126 1
123 128 1
123 129 1
123 132 1
123 133 1
123 134 1
123 136 1
123 137 1
123 138 1
123 139 1
123 140 1
123 149 1
123 150 1
123 151 1
123 153 1
123 154 1
123 155 1
123 156 1
124 125 1
124 129 1
124 130 1
124 134 1
124 135 1
124 136 1
124 137 1
124 138 1
124 141 1
124 152 1
124 154 1
124 155 1
124 156 1
124 157 1
125 126 1
125 130 1
125 131 1
125 132 1
125 133 1
125 135 1
125 141 1
125 150 1
125 152 1
125 156 1
125 157 1
126 129 1
126 130 1
126 132 1
126 133 1
126 134 1
126 135 1
126 137 1
126 138 1
126 141 1
126 149 1
126 150 1
126 151 1
126 152 1
126 153 1
126 155 1
126 157 1
127 129 1
127 130 1
127 132 1
127 133 1
127 134 1
127 135 1
127 137 1
127 140 1
127 141 1
127 149 1
127 150 1
127 155 1
127 156 1
127 157 1
128 133 1
128 134 1
128 135 1
128 136 1
128 173 1
128 174 1
128 175 1
128 177 1
129 130 1
129 135 1
129 174 1
129 176 1
129 177 1
130 133 1
130 173 1
130 175 1
130 177 1
131 132 1
131 173 1
131 174 1
132 133 1
132 173 1
132 174 1
132 176 1
132 177 1
133 134 1
133 173 1
133 174 1
133 175 1
133 177 1
134 135 1
134 136 1
134 174 1
134 175 1
134 176 1
134 177 1
135 136 1
135 173 1
135 174 1
135 175 1
135 176 1
136 175 1
136 176 1
137 138 1
137 139 1
139 141 1
142 144 1
142 146 1
143 144 1
143 148 1
145 147 1
149 151 1
149 164 1
149 165 1
149 166 1
149 167 1
149 169 1
149 170 1
149 171 1
149 172 1
150 153 1
150 154 1
150 169 1
150 170 1
150 171 1
150 172 1
151 155 1
151 156 1
151 157 1
151 164 1
151 165 1
151 167 1
151 168 1
151 169 1
151 170 1
151 171 1
151 172 1
152 165 1
152 166 1
152 168 1
152 169 1
152 170 1
152 171 1
152 172 1
153 155 1
153 156 1
153 157 1
153 164 1
153 165 1
153 166 1
153 167 1
153 168 1
153 169 1
153 171 1
153 172 1
154 164 1
154 165 1
154 167 1
154 169 1
154 170 1
154 171 1
154 172 1
155 157 1
155 164 1
155 165 1
155 167 1
155 169 1
155 170 1
155 171 1
156 157 1
156 164 1
156 168 1
156 170 1
156 171 1
156 172 1
157 164 1
157 165 1
157 166 1
157 167 1
157 168 1
157 170 1
157 171 1
158 159 1
158 160 1
158 162 1
158 163 1
158 164 1
158 165 1
158 167 1
158 168 1
158 169 1
158 171 1
159 162 1
159 163 1
159 165 1
159 166 1
159 167 1
159 168 1
159 169 1
159 170 1
159 171 1
160 162 1
160 165 1
160 166 1
160 167 1
160 168 1
160 169 1
160 170 1
160 171 1
160 172 1
161 162 1
161 165 1
161 166 1
161 167 1
161 169 1
161 170 1
161 172 1
162 163 1
162 164 1
162 166 1
162 167 1
162 169 1
162 170 1
162 172 1
163 164 1
163 165 1
163 166 1
163 167 1
163 168 1
163 170 1
163 171 1
163 172 1
164 165 1
164 166 1
164 167 1
164 170 1
164 172 1
165 166 1
165 167 1
165 169 1
165 172 1
166 168 1
166 169 1
166 170 1
166 172 1
167 169 1
168 169 1
168 171 1
169 170 1
171 172 1
173 174 1
173 176 1
174 175 1
175 176 1
176 177 1
