1 4 1
1 5 1
1 50 1
1 53 1
1 54 1
1 63 1
1 64 1
1 65 1
1 66 1
1 68 1
1 92 1
1 95 1
1 98 1
1 117 1
1 118 1
1 119 1
1 122 1
1 158 1
1 159 1
1 160 1
1 162 1
1 163 1
2 5 1
2 50 1
2 51 1
2 52 1
2 53 1
2 55 1
2 56 1
2 64 1
2 65 1
2 66 1
2 67 1
2 93 1
2 98 1
2 117 1
2 118 1
2 119 1
2 120 1
2 121 1
2 122 1
2 158 1
2 159 1
2 161 1
3 5 1
3 6 1
3 51 1
3 52 1
3 53 1
3 54 1
3 55 1
3 63 1
3 65 1
3 66 1
3 67 1
3 68 1
3 92 1
3 93 1
3 94 1
3 95 1
3 98 1
3 121 1
3 122 1
3 158 1
3 159 1
3 160 1
3 161 1
3 163 1
4 51 1
4 63 1
4 66 1
4 67 1
4 68 1
4 92 1
4 93 1
4 95 1
4 97 1
4 98 1
4 118 1
4 119 1
4 159 1
4 161 1
4 162 1
5 53 1
5 54 1
5 55 1
5 56 1
5 65 1
5 66 1
5 67 1
5 91 1
5 93 1
5 95 1
5 97 1
5 98 1
5 117 1
5 118 1
5 120 1
5 121 1
5 122 1
5 158 1
5 159 1
5 161 1
5 162 1
6 50 1
6 53 1
6 55 1
6 56 1
6 63 1
6 64 1
6 65 1
6 66 1
6 67 1
6 68 1
6 92 1
6 93 1
6 95 1
6 98 1
6 117 1
6 118 1
6 119 1
6 121 1
6 122 1
6 158 1
7 9 1
7 10 1
7 11 1
7 24 1
7 26 1
7 27 1
7 28 1
7 29 1
7 30 1
7 32 1
7 33 1
7 36 1
7 37 1
7 40 1
7 41 1
7 50 1
7 51 1
7 53 1
7 54 1
7 55 1
7 56 1
7 70 1
7 71 1
7 73 1
7 74 1
7 75 1
7 77 1
7 79 1
7 124 1
7 125 1
7 127 1
7 128 1
7 131 1
7 132 1
7 134 1
8 10 1
8 22 1
8 23 1
8 24 1
8 27 1
8 31 1
8 32 1
8 33 1
8 35 1
8 37 1
8 40 1
8 43 1
8 50 1
8 53 1
8 54 1
8 71 1
8 72 1
8 73 1
8 74 1
8 75 1
8 76 1
8 77 1
8 78 1
8 81 1
8 123 1
8 124 1
8 125 1
8 127 1
8 128 1
8 129 1
8 131 1
8 132 1
8 133 1
8 135 1
8 136 1
9 10 1
9 21 1
9 28 1
9 29 1
9 30 1
9 31 1
9 32 1
9 33 1
9 38 1
9 40 1
9 50 1
9 51 1
9 52 1
9 53 1
9 54 1
9 56 1
9 69 1
9 72 1
9 73 1
9 76 1
9 78 1
9 79 1
9 82 1
9 123 1
9 124 1
9 126 1
9 128 1
9 129 1
9 130 1
9 131 1
9 132 1
9 134 1
9 135 1
9 136 1
10 21 1
10 23 1
10 26 1
10 28 1
10 29 1
10 30 1
10 35 1
10 36 1
10 37 1
10 38 1
10 39 1
10 43 1
10 50 1
10 52 1
10 53 1
10 54 1
10 56 1
10 69 1
10 71 1
10 76 1
10 77 1
10 78 1
10 124 1
10 125 1
10 126 1
10 127 1
10 129 1
10 130 1
10 131 1
10 132 1
10 135 1
11 21 1
11 23 1
11 27 1
11 28 1
11 32 1
11 36 1
11 37 1
11 38 1
11 39 1
11 40 1
11 41 1
11 43 1
11 50 1
11 51 1
11 53 1
11 55 1
11 56 1
11 69 1
11 72 1
11 74 1
11 75 1
11 76 1
11 77 1
11 81 1
11 123 1
11 129 1
11 130 1
11 131 1
11 133 1
11 134 1
11 136 1
12 13 1
12 14 1
12 15 1
12 16 1
12 18 1
12 19 1
12 20 1
12 21 1
12 23 1
12 24 1
12 25 1
12 50 1
12 52 1
12 54 1
12 84 1
12 86 1
12 87 1
12 88 1
12 91 1
12 93 1
12 96 1
12 97 1
12 98 1
12 108 1
12 109 1
12 110 1
12 111 1
12 113 1
12 115 1
12 116 1
12 118 1
12 119 1
12 121 1
12 122 1
12 154 1
12 155 1
12 156 1
12 157 1
12 159 1
12 160 1
12 161 1
12 162 1
13 15 1
13 16 1
13 21 1
13 22 1
13 24 1
13 25 1
13 51 1
13 54 1
13 55 1
13 85 1
13 87 1
13 88 1
13 93 1
13 95 1
13 108 1
13 109 1
13 110 1
13 112 1
13 114 1
13 115 1
13 116 1
13 117 1
13 118 1
13 120 1
13 121 1
13 153 1
13 154 1
13 155 1
13 156 1
13 158 1
13 160 1
13 161 1
13 162 1
14 16 1
14 21 1
14 23 1
14 24 1
14 25 1
14 26 1
14 51 1
14 53 1
14 54 1
14 56 1
14 85 1
14 86 1
14 87 1
14 90 1
14 93 1
14 95 1
14 97 1
14 98 1
14 110 1
14 111 1
14 112 1
14 113 1
14 114 1
14 115 1
14 116 1
14 118 1
14 119 1
14 120 1
14 121 1
14 122 1
14 154 1
14 156 1
14 157 1
14 159 1
14 160 1
14 162 1
14 163 1
15 19 1
15 20 1
15 22 1
15 24 1
15 50 1
15 52 1
15 53 1
15 54 1
15 85 1
15 86 1
15 89 1
15 90 1
15 92 1
15 93 1
15 94 1
15 95 1
15 96 1
15 98 1
15 108 1
15 109 1
15 111 1
15 112 1
15 113 1
15 114 1
15 115 1
15 117 1
15 121 1
15 152 1
15 154 1
15 155 1
15 156 1
15 157 1
15 158 1
15 161 1
15 162 1
15 163 1
16 21 1
16 23 1
16 24 1
16 25 1
16 26 1
16 50 1
16 51 1
16 52 1
16 53 1
16 54 1
16 55 1
16 56 1
16 84 1
16 86 1
16 90 1
16 94 1
16 95 1
16 97 1
16 109 1
16 110 1
16 113 1
16 114 1
16 115 1
16 117 1
16 121 1
16 122 1
16 155 1
16 156 1
16 158 1
17 19 1
17 22 1
17 23 1
17 24 1
17 25 1
17 26 1
17 50 1
17 54 1
17 84 1
17 89 1
17 90 1
17 91 1
17 92 1
17 93 1
17 94 1
17 95 1
17 97 1
17 109 1
17 115 1
17 116 1
17 117 1
17 119 1
17 120 1
17 121 1
17 122 1
17 151 1
17 157 1
17 158 1
17 159 1
17 161 1
17 162 1
17 163 1
18 19 1
18 20 1
18 22 1
18 23 1
18 24 1
18 26 1
18 50 1
18 52 1
18 54 1
18 87 1
18 88 1
18 89 1
18 91 1
18 94 1
18 95 1
18 108 1
18 110 1
18 111 1
18 112 1
18 114 1
18 116 1
18 117 1
18 151 1
18 154 1
18 155 1
18 156 1
18 161 1
19 22 1
19 25 1
19 50 1
19 52 1
19 53 1
19 56 1
19 84 1
19 88 1
19 90 1
19 92 1
19 93 1
19 97 1
19 109 1
19 110 1
19 111 1
19 112 1
19 115 1
19 119 1
19 120 1
19 121 1
19 122 1
19 151 1
19 152 1
19 156 1
19 159 1
19 160 1
19 161 1
20 21 1
20 22 1
20 25 1
20 26 1
20 50 1
20 52 1
20 53 1
20 54 1
20 55 1
20 56 1
20 86 1
20 90 1
20 91 1
20 92 1
20 94 1
20 95 1
20 97 1
20 109 1
20 111 1
20 112 1
20 114 1
20 115 1
20 117 1
20 118 1
20 120 1
20 152 1
20 154 1
20 155 1
20 156 1
20 158 1
20 159 1
20 161 1
20 162 1
20 163 1
21 22 1
21 25 1
21 33 1
21 34 1
21 35 1
21 44 1
21 45 1
21 57 1
21 58 1
21 60 1
21 61 1
21 62 1
21 117 1
21 119 1
21 121 1
21 122 1
21 133 1
21 134 1
21 135 1
21 136 1
21 146 1
21 148 1
21 149 1
21 158 1
21 160 1
22 24 1
22 25 1
22 26 1
22 37 1
22 44 1
22 45 1
22 46 1
22 49 1
22 57 1
22 58 1
22 59 1
22 61 1
22 62 1
22 117 1
22 118 1
22 120 1
22 122 1
22 131 1
22 134 1
22 135 1
22 136 1
22 145 1
22 146 1
22 149 1
22 150 1
22 158 1
22 159 1
22 161 1
22 162 1
22 163 1
23 32 1
23 34 1
23 37 1
23 45 1
23 47 1
23 57 1
23 59 1
23 60 1
23 61 1
23 62 1
23 117 1
23 118 1
23 122 1
23 132 1
23 133 1
23 134 1
23 135 1
23 145 1
23 146 1
23 147 1
23 161 1
23 163 1
24 25 1
24 26 1
24 36 1
24 44 1
24 45 1
24 46 1
24 49 1
24 58 1
24 60 1
24 117 1
24 118 1
24 119 1
24 120 1
24 121 1
24 122 1
24 131 1
24 132 1
24 133 1
24 134 1
24 136 1
24 145 1
24 148 1
24 149 1
24 158 1
24 160 1
24 161 1
24 162 1
24 163 1
25 26 1
25 32 1
25 33 1
25 36 1
25 44 1
25 47 1
25 48 1
25 57 1
25 59 1
25 60 1
25 61 1
25 62 1
25 117 1
25 120 1
25 121 1
25 134 1
25 136 1
25 145 1
25 146 1
25 147 1
25 148 1
25 149 1
25 159 1
25 160 1
25 162 1
26 33 1
26 36 1
26 37 1
26 57 1
26 60 1
26 62 1
26 117 1
26 119 1
26 121 1
26 122 1
26 133 1
26 136 1
26 146 1
26 147 1
26 148 1
26 149 1
26 150 1
26 158 1
26 159 1
26 163 1
27 29 1
27 30 1
27 31 1
27 85 1
27 86 1
27 87 1
27 89 1
27 90 1
27 91 1
27 96 1
27 147 1
27 149 1
27 150 1
27 158 1
27 161 1
28 85 1
28 86 1
28 90 1
28 91 1
28 92 1
28 93 1
28 96 1
28 145 1
28 147 1
28 150 1
28 159 1
28 160 1
29 84 1
29 85 1
29 86 1
29 87 1
29 88 1
29 89 1
29 94 1
29 95 1
29 98 1
29 145 1
29 146 1
29 148 1
29 158 1
29 161 1
29 162 1
30 85 1
30 87 1
30 88 1
30 89 1
30 91 1
30 94 1
30 98 1
30 145 1
30 147 1
30 148 1
30 149 1
30 150 1
30 158 1
30 160 1
30 162 1
30 163 1
31 84 1
31 85 1
31 86 1
31 88 1
31 89 1
31 91 1
31 92 1
31 93 1
31 94 1
31 95 1
31 145 1
31 148 1
31 149 1
31 162 1
31 163 1
32 33 1
32 34 1
32 36 1
32 37 1
32 64 1
32 65 1
32 68 1
32 101 1
32 105 1
32 106 1
32 107 1
32 164 1
32 166 1
32 167 1
32 168 1
33 35 1
33 36 1
33 66 1
33 99 1
33 101 1
33 102 1
33 103 1
33 104 1
33 107 1
33 164 1
33 167 1
33 169 1
34 35 1
34 37 1
34 63 1
34 64 1
34 65 1
34 67 1
34 99 1
34 101 1
34 102 1
34 105 1
34 107 1
34 165 1
34 167 1
34 169 1
35 36 1
35 63 1
35 64 1
35 67 1
35 68 1
35 101 1
35 106 1
35 165 1
35 166 1
35 167 1
35 168 1
35 169 1
36 37 1
36 63 1
36 65 1
36 68 1
36 99 1
36 100 1
36 102 1
36 104 1
36 107 1
36 165 1
36 168 1
37 63 1
37 66 1
37 68 1
37 99 1
37 100 1
37 101 1
37 102 1
37 103 1
37 106 1
37 107 1
37 165 1
37 166 1
37 168 1
37 169 1
38 39 1
38 40 1
38 41 1
38 42 1
38 43 1
38 44 1
38 46 1
38 91 1
38 97 1
38 98 1
38 100 1
38 101 1
38 102 1
38 105 1
38 107 1
38 108 1
38 111 1
38 114 1
38 116 1
38 124 1
38 127 1
38 128 1
38 129 1
38 130 1
38 133 1
38 135 1
38 136 1
38 164 1
38 165 1
38 166 1
38 168 1
38 169 1
39 40 1
39 41 1
39 43 1
39 45 1
39 47 1
39 49 1
39 91 1
39 92 1
39 97 1
39 99 1
39 101 1
39 102 1
39 103 1
39 104 1
39 106 1
39 107 1
39 108 1
39 109 1
39 110 1
39 115 1
39 116 1
39 127 1
39 130 1
39 132 1
39 134 1
39 165 1
39 169 1
40 43 1
40 45 1
40 46 1
40 47 1
40 48 1
40 49 1
40 91 1
40 92 1
40 93 1
40 95 1
40 98 1
40 99 1
40 101 1
40 102 1
40 103 1
40 108 1
40 110 1
40 111 1
40 112 1
40 113 1
40 115 1
40 116 1
40 124 1
40 125 1
40 127 1
40 130 1
40 131 1
40 133 1
40 135 1
40 136 1
40 165 1
41 42 1
41 43 1
41 44 1
41 49 1
41 91 1
41 93 1
41 95 1
41 99 1
41 101 1
41 102 1
41 104 1
41 105 1
41 106 1
41 111 1
41 113 1
41 114 1
41 115 1
41 116 1
41 123 1
41 124 1
41 127 1
41 131 1
41 132 1
41 133 1
41 165 1
41 168 1
41 169 1
42 43 1
42 44 1
42 46 1
42 49 1
42 94 1
42 95 1
42 96 1
42 97 1
42 100 1
42 102 1
42 103 1
42 104 1
42 105 1
42 107 1
42 108 1
42 109 1
42 111 1
42 112 1
42 114 1
42 115 1
42 116 1
42 123 1
42 125 1
42 126 1
42 128 1
42 129 1
42 130 1
42 131 1
42 132 1
42 133 1
42 134 1
42 135 1
42 136 1
42 164 1
42 165 1
42 166 1
42 167 1
42 168 1
42 169 1
43 46 1
43 47 1
43 48 1
43 91 1
43 94 1
43 95 1
43 96 1
43 99 1
43 100 1
43 102 1
43 103 1
43 106 1
43 126 1
43 128 1
43 129 1
43 131 1
43 136 1
43 164 1
43 167 1
43 168 1
43 169 1
44 45 1
44 49 1
44 64 1
44 99 1
44 100 1
44 102 1
44 103 1
44 104 1
44 118 1
44 120 1
44 121 1
44 122 1
44 137 1
44 139 1
44 141 1
44 143 1
45 46 1
45 49 1
45 63 1
45 64 1
45 66 1
45 67 1
45 68 1
45 99 1
45 101 1
45 102 1
45 105 1
45 117 1
45 122 1
45 138 1
45 140 1
45 141 1
45 143 1
45 144 1
46 47 1
46 49 1
46 63 1
46 65 1
46 66 1
46 101 1
46 103 1
46 105 1
46 106 1
46 120 1
46 121 1
46 137 1
46 140 1
46 141 1
46 142 1
47 48 1
47 49 1
47 63 1
47 64 1
47 66 1
47 67 1
47 100 1
47 101 1
47 103 1
47 104 1
47 105 1
47 106 1
47 107 1
47 117 1
47 118 1
47 119 1
47 120 1
47 122 1
47 138 1
47 140 1
47 143 1
48 49 1
48 64 1
48 65 1
48 66 1
48 68 1
48 100 1
48 102 1
48 103 1
48 104 1
48 118 1
48 120 1
48 121 1
48 137 1
48 140 1
48 144 1
49 64 1
49 66 1
49 68 1
49 102 1
49 103 1
49 104 1
49 106 1
49 118 1
49 119 1
49 121 1
49 122 1
49 139 1
49 140 1
49 142 1
49 144 1
50 52 1
50 54 1
50 55 1
50 56 1
50 109 1
50 111 1
50 112 1
50 113 1
50 114 1
50 115 1
50 116 1
50 139 1
50 142 1
50 144 1
50 151 1
50 154 1
50 156 1
50 157 1
51 52 1
51 54 1
51 55 1
51 56 1
51 109 1
51 110 1
51 112 1
51 114 1
51 137 1
51 139 1
51 140 1
51 144 1
51 152 1
51 153 1
51 155 1
52 53 1
52 54 1
52 55 1
52 56 1
52 110 1
52 111 1
52 113 1
52 114 1
52 116 1
52 137 1
52 139 1
52 140 1
52 141 1
52 143 1
52 151 1
52 153 1
52 156 1
53 54 1
53 55 1
53 108 1
53 109 1
53 112 1
53 114 1
53 115 1
53 138 1
53 139 1
53 143 1
53 144 1
53 151 1
53 152 1
53 155 1
53 156 1
53 157 1
54 55 1
54 56 1
54 109 1
54 110 1
54 112 1
54 113 1
54 114 1
54 116 1
54 137 1
54 138 1
54 140 1
54 143 1
54 144 1
54 152 1
54 153 1
54 154 1
54 156 1
55 56 1
55 109 1
55 110 1
55 113 1
55 115 1
55 116 1
55 137 1
55 139 1
55 141 1
55 142 1
55 143 1
55 151 1
55 152 1
55 153 1
55 157 1
56 108 1
56 109 1
56 137 1
56 141 1
56 143 1
56 144 1
56 153 1
56 154 1
56 156 1
57 58 1
57 60 1
57 76 1
57 77 1
57 78 1
57 82 1
57 83 1
57 110 1
57 111 1
57 113 1
57 124 1
57 125 1
57 128 1
57 129 1
57 130 1
57 160 1
57 161 1
57 164 1
57 166 1
57 168 1
58 59 1
58 62 1
58 77 1
58 82 1
58 83 1
58 108 1
58 109 1
58 111 1
58 112 1
58 115 1
58 116 1
58 124 1
58 125 1
58 126 1
58 128 1
58 130 1
58 160 1
58 161 1
58 167 1
58 168 1
58 169 1
59 60 1
59 61 1
59 62 1
59 77 1
59 81 1
59 82 1
59 83 1
59 109 1
59 111 1
59 113 1
59 114 1
59 115 1
59 116 1
59 126 1
59 128 1
59 129 1
59 130 1
59 159 1
59 160 1
59 161 1
59 163 1
59 165 1
59 167 1
60 61 1
60 62 1
60 77 1
60 78 1
60 80 1
60 83 1
60 108 1
60 109 1
60 113 1
60 114 1
60 125 1
60 126 1
60 127 1
60 128 1
60 129 1
60 130 1
60 159 1
60 161 1
60 163 1
60 164 1
60 165 1
60 166 1
60 167 1
60 169 1
61 62 1
61 76 1
61 108 1
61 109 1
61 110 1
61 111 1
61 112 1
61 116 1
61 123 1
61 124 1
61 126 1
61 128 1
61 159 1
61 162 1
61 164 1
61 165 1
61 166 1
61 168 1
61 169 1
62 76 1
62 78 1
62 80 1
62 109 1
62 111 1
62 112 1
62 113 1
62 114 1
62 115 1
62 116 1
62 123 1
62 125 1
62 127 1
62 128 1
62 159 1
62 160 1
62 162 1
62 166 1
62 167 1
62 168 1
63 66 1
63 67 1
63 68 1
63 64 1
63 69 1
63 71 1
63 74 1
63 76 1
63 78 1
63 99 1
63 100 1
63 101 1
63 105 1
63 106 1
63 107 1
63 124 1
63 126 1
64 66 1
64 67 1
64 68 1
64 70 1
64 72 1
64 74 1
64 78 1
64 79 1
64 80 1
64 83 1
64 99 1
64 100 1
64 101 1
64 104 1
64 106 1
64 107 1
64 125 1
64 127 1
64 128 1
64 129 1
65 68 1
65 69 1
65 70 1
65 73 1
65 75 1
65 76 1
65 77 1
65 81 1
65 100 1
65 102 1
65 103 1
65 104 1
65 106 1
65 123 1
65 126 1
66 69 1
66 72 1
66 74 1
66 77 1
66 78 1
66 81 1
66 82 1
66 101 1
66 102 1
66 104 1
66 105 1
66 128 1
66 130 1
67 70 1
67 73 1
67 74 1
67 77 1
67 78 1
67 79 1
67 80 1
67 81 1
67 82 1
67 99 1
67 101 1
67 102 1
67 103 1
67 104 1
67 105 1
67 125 1
67 126 1
67 127 1
67 129 1
68 71 1
68 72 1
68 73 1
68 74 1
68 75 1
68 76 1
68 77 1
68 78 1
68 79 1
68 80 1
68 81 1
68 82 1
68 100 1
68 103 1
68 105 1
68 107 1
68 123 1
68 127 1
68 128 1
69 72 1
69 74 1
69 102 1
69 104 1
69 108 1
69 109 1
69 111 1
69 113 1
69 114 1
69 115 1
69 116 1
69 153 1
69 155 1
69 157 1
70 72 1
70 73 1
70 74 1
70 71 1
70 102 1
70 104 1
70 105 1
70 106 1
70 107 1
70 108 1
70 109 1
70 110 1
70 112 1
70 114 1
70 116 1
70 152 1
70 153 1
70 154 1
70 155 1
70 157 1
71 72 1
71 74 1
71 99 1
71 100 1
71 102 1
71 103 1
71 105 1
71 107 1
71 113 1
71 116 1
71 151 1
71 152 1
71 153 1
71 157 1
72 99 1
72 100 1
72 104 1
72 106 1
72 108 1
72 110 1
72 111 1
72 112 1
72 113 1
72 114 1
72 115 1
72 151 1
72 157 1
73 99 1
73 100 1
73 102 1
73 103 1
73 105 1
73 106 1
73 107 1
73 109 1
73 111 1
73 112 1
73 113 1
73 114 1
73 115 1
73 151 1
73 152 1
73 157 1
74 99 1
74 100 1
74 102 1
74 103 1
74 107 1
74 108 1
74 112 1
74 116 1
74 151 1
74 152 1
74 153 1
74 154 1
74 155 1
75 80 1
75 82 1
75 84 1
75 86 1
75 87 1
75 88 1
75 89 1
75 90 1
75 92 1
75 93 1
75 95 1
75 98 1
75 108 1
75 112 1
75 113 1
75 114 1
75 132 1
75 133 1
75 135 1
75 136 1
76 79 1
76 80 1
76 81 1
76 82 1
76 78 1
76 84 1
76 89 1
76 90 1
76 91 1
76 94 1
76 96 1
76 108 1
76 109 1
76 110 1
76 111 1
76 112 1
76 115 1
76 131 1
76 134 1
76 136 1
77 79 1
77 80 1
77 81 1
77 83 1
77 84 1
77 85 1
77 86 1
77 90 1
77 91 1
77 92 1
77 93 1
77 98 1
77 108 1
77 110 1
77 111 1
77 112 1
77 114 1
77 115 1
77 116 1
77 131 1
77 134 1
77 136 1
78 79 1
78 80 1
78 82 1
78 83 1
78 84 1
78 87 1
78 88 1
78 89 1
78 90 1
78 92 1
78 95 1
78 96 1
78 97 1
78 98 1
78 110 1
78 115 1
78 116 1
78 132 1
78 133 1
78 134 1
79 80 1
79 81 1
79 83 1
79 87 1
79 90 1
79 93 1
79 96 1
79 97 1
79 98 1
79 108 1
79 112 1
79 115 1
79 131 1
79 132 1
79 133 1
79 134 1
80 81 1
80 85 1
80 86 1
80 88 1
80 89 1
80 96 1
80 97 1
80 98 1
80 108 1
80 110 1
80 112 1
80 113 1
80 114 1
80 115 1
80 116 1
80 132 1
80 133 1
81 84 1
81 85 1
81 87 1
81 91 1
81 108 1
81 111 1
81 113 1
81 114 1
81 133 1
81 135 1
82 84 1
82 86 1
82 87 1
82 88 1
82 90 1
82 91 1
82 93 1
82 94 1
82 98 1
82 109 1
82 110 1
82 112 1
82 114 1
82 131 1
82 132 1
82 133 1
82 134 1
83 85 1
83 86 1
83 87 1
83 88 1
83 89 1
83 90 1
83 91 1
83 92 1
83 94 1
83 95 1
83 98 1
83 108 1
83 110 1
83 111 1
83 114 1
83 115 1
83 116 1
83 131 1
83 132 1
83 134 1
84 88 1
84 89 1
84 90 1
84 126 1
84 128 1
84 129 1
84 130 1
84 134 1
84 135 1
84 165 1
84 168 1
84 169 1
85 88 1
85 89 1
85 127 1
85 129 1
85 131 1
85 132 1
85 133 1
85 134 1
85 136 1
85 164 1
85 165 1
85 166 1
85 167 1
85 169 1
86 87 1
86 89 1
86 90 1
86 123 1
86 126 1
86 130 1
86 131 1
86 132 1
86 133 1
86 134 1
86 135 1
86 164 1
86 166 1
86 167 1
86 169 1
87 88 1
87 125 1
87 127 1
87 128 1
87 129 1
87 130 1
87 132 1
87 134 1
87 135 1
87 136 1
87 164 1
87 167 1
87 168 1
88 123 1
88 126 1
88 127 1
88 129 1
88 130 1
88 133 1
88 135 1
88 165 1
88 166 1
88 167 1
88 168 1
88 169 1
89 123 1
89 124 1
89 126 1
89 127 1
89 129 1
89 130 1
89 135 1
89 167 1
89 169 1
90 123 1
90 124 1
90 125 1
90 127 1
90 131 1
90 132 1
90 134 1
90 135 1
90 136 1
90 164 1
90 168 1
91 95 1
91 96 1
91 97 1
91 98 1
92 95 1
92 96 1
92 97 1
92 98 1
92 93 1
93 95 1
93 96 1
93 97 1
93 98 1
93 94 1
94 95 1
94 96 1
94 97 1
94 98 1
95 96 1
96 98 1
97 98 1
99 101 1
99 107 1
99 131 1
99 136 1
99 165 1
99 166 1
99 167 1
99 168 1
100 103 1
100 105 1
100 131 1
100 133 1
100 134 1
100 136 1
100 166 1
100 167 1
100 168 1
101 102 1
101 103 1
101 107 1
101 131 1
101 132 1
101 133 1
101 135 1
101 136 1
101 167 1
101 169 1
102 103 1
102 106 1
102 131 1
102 133 1
102 134 1
102 136 1
102 164 1
102 165 1
102 166 1
102 167 1
102 169 1
103 104 1
103 106 1
103 107 1
103 131 1
103 132 1
103 135 1
103 166 1
103 167 1
103 168 1
103 169 1
104 131 1
104 132 1
104 133 1
104 134 1
104 135 1
104 136 1
104 164 1
104 166 1
104 167 1
105 106 1
105 134 1
105 135 1
105 165 1
105 167 1
105 169 1
106 107 1
106 132 1
106 133 1
106 165 1
106 169 1
107 132 1
107 133 1
107 134 1
107 135 1
107 165 1
107 169 1
108 109 1
108 111 1
108 112 1
108 114 1
108 118 1
108 120 1
108 122 1
108 137 1
108 140 1
108 141 1
108 142 1
108 143 1
108 160 1
108 162 1
109 110 1
109 119 1
109 122 1
109 137 1
109 140 1
109 141 1
109 142 1
109 143 1
109 159 1
109 161 1
109 162 1
109 163 1
110 111 1
110 114 1
110 115 1
110 116 1
110 119 1
110 139 1
110 142 1
110 144 1
110 158 1
110 159 1
110 160 1
110 161 1
110 163 1
111 112 1
111 114 1
111 116 1
111 117 1
111 121 1
111 138 1
111 141 1
111 143 1
111 158 1
111 160 1
111 161 1
111 162 1
112 113 1
112 114 1
112 120 1
112 121 1
112 122 1
112 137 1
112 139 1
112 140 1
112 141 1
112 142 1
112 144 1
112 158 1
112 159 1
112 160 1
112 162 1
113 114 1
113 115 1
113 117 1
113 120 1
113 121 1
113 122 1
113 137 1
113 138 1
113 139 1
113 140 1
113 144 1
113 158 1
113 159 1
113 160 1
113 161 1
113 162 1
113 163 1
114 115 1
114 118 1
114 119 1
114 120 1
114 121 1
114 139 1
114 142 1
114 144 1
114 158 1
114 159 1
114 161 1
115 117 1
115 120 1
115 121 1
115 140 1
115 142 1
115 144 1
115 158 1
115 160 1
115 161 1
116 119 1
116 121 1
116 137 1
116 138 1
116 139 1
116 140 1
116 144 1
116 158 1
116 159 1
116 163 1
117 118 1
117 119 1
117 122 1
117 158 1
117 159 1
117 160 1
117 161 1
117 162 1
117 163 1
118 159 1
118 161 1
118 162 1
119 160 1
119 161 1
119 162 1
119 163 1
120 121 1
120 159 1
120 160 1
120 161 1
120 162 1
121 122 1
121 159 1
121 160 1
121 161 1
121 163 1
122 158 1
122 159 1
122 161 1
122 162 1
123 124 1
123 131 1
123 134 1
123 135 1
123 136 1
123 159 1
123 161 1
123 162 1
124 125 1
124 129 1
124 131 1
124 132 1
124 133 1
124 135 1
124 136 1
124 158 1
124 159 1
124 160 1
124 162 1
124 163 1
125 126 1
125 127 1
125 129 1
125 131 1
125 133 1
125 134 1
125 135 1
125 136 1
125 161 1
125 162 1
126 127 1
126 132 1
126 133 1
126 134 1
126 135 1
126 136 1
126 158 1
126 159 1
126 160 1
126 161 1
126 163 1
127 128 1
127 129 1
127 133 1
127 135 1
127 161 1
127 162 1
128 129 1
128 130 1
128 132 1
128 133 1
128 134 1
128 158 1
128 162 1
128 163 1
129 133 1
129 160 1
129 161 1
129 163 1
130 131 1
130 133 1
130 134 1
130 135 1
130 136 1
130 160 1
130 161 1
130 163 1
131 132 1
131 136 1
132 133 1
132 135 1
133 134 1
133 135 1
133 136 1
134 135 1
135 136 1
137 139 1
137 143 1
138 139 1
138 140 1
139 141 1
140 141 1
141 143 1
143 144 1
145 149 1
145 158 1
145 161 1
145 162 1
145 163 1
145 164 1
145 166 1
145 167 1
146 158 1
146 159 1
146 161 1
146 163 1
146 165 1
146 167 1
147 162 1
147 164 1
147 166 1
147 167 1
147 169 1
148 149 1
148 150 1
148 160 1
148 162 1
148 163 1
148 164 1
148 165 1
148 167 1
148 168 1
148 169 1
149 150 1
149 158 1
149 159 1
149 160 1
149 161 1
149 162 1
149 169 1
150 159 1
150 160 1
150 162 1
150 163 1
150 165 1
150 166 1
150 167 1
150 168 1
150 169 1
151 157 1
152 153 1
153 154 1
153 155 1
153 156 1
154 157 1
155 157 1
159 163 1
160 161 1
160 163 1
162 163 1
164 165 1
164 167 1
165 166 1
166 168 1
166 169 1
