1 2 1
1 3 1
1 4 1
1 5 1
1 7 1
1 8 1
1 9 1
1 10 1
1 12 1
1 13 1
1 14 1
1 23 1
1 24 1
1 25 1
1 26 1
1 30 1
1 31 1
1 138 1
1 140 1
1 141 1
1 144 1
1 145 1
1 146 1
2 5 1
2 7 1
2 8 1
2 9 1
2 12 1
2 13 1
2 14 1
2 23 1
2 25 1
2 27 1
2 29 1
2 30 1
2 31 1
2 139 1
2 140 1
2 141 1
2 143 1
2 144 1
2 145 1
2 146 1
3 6 1
3 8 1
3 9 1
3 10 1
3 12 1
3 14 1
3 23 1
3 24 1
3 25 1
3 26 1
3 28 1
3 29 1
3 31 1
3 138 1
3 142 1
3 143 1
3 144 1
3 145 1
3 146 1
4 8 1
4 9 1
4 10 1
4 11 1
4 13 1
4 23 1
4 24 1
4 26 1
4 27 1
4 28 1
4 31 1
4 138 1
4 140 1
4 141 1
4 144 1
4 145 1
4 146 1
5 7 1
5 8 1
5 10 1
5 11 1
5 12 1
5 14 1
5 23 1
5 24 1
5 25 1
5 26 1
5 27 1
5 29 1
5 30 1
5 138 1
5 139 1
5 140 1
5 141 1
5 142 1
5 144 1
5 145 1
5 146 1
6 7 1
6 8 1
6 9 1
6 10 1
6 11 1
6 12 1
6 23 1
6 25 1
6 26 1
6 27 1
6 28 1
6 29 1
6 30 1
6 31 1
6 138 1
6 140 1
6 141 1
6 142 1
6 143 1
6 144 1
7 8 1
7 9 1
7 10 1
7 11 1
7 12 1
7 13 1
7 14 1
7 81 1
7 82 1
7 83 1
7 84 1
7 133 1
7 134 1
7 135 1
7 136 1
8 80 1
8 81 1
8 82 1
8 83 1
8 84 1
8 134 1
9 80 1
9 81 1
9 82 1
9 84 1
9 134 1
9 135 1
9 136 1
9 137 1
10 80 1
10 81 1
10 83 1
10 84 1
10 133 1
10 134 1
10 135 1
10 136 1
10 137 1
11 80 1
11 81 1
11 82 1
11 83 1
11 133 1
11 134 1
11 136 1
11 137 1
12 13 1
12 80 1
12 81 1
12 82 1
12 83 1
12 84 1
12 133 1
12 136 1
12 137 1
13 14 1
13 80 1
13 81 1
13 82 1
13 83 1
13 84 1
13 133 1
13 135 1
13 136 1
13 137 1
14 80 1
14 81 1
14 82 1
14 84 1
14 135 1
14 136 1
14 137 1
15 16 1
15 19 1
15 21 1
15 22 1
15 107 1
15 108 1
15 109 1
15 111 1
15 113 1
15 120 1
15 122 1
15 123 1
15 124 1
15 147 1
15 148 1
15 149 1
15 150 1
15 151 1
15 152 1
15 153 1
15 154 1
15 155 1
15 161 1
15 162 1
15 163 1
15 164 1
15 167 1
16 107 1
16 108 1
16 109 1
16 110 1
16 111 1
16 112 1
16 113 1
16 120 1
16 121 1
16 122 1
16 147 1
16 148 1
16 149 1
16 150 1
16 151 1
16 152 1
16 153 1
16 154 1
16 155 1
16 161 1
16 162 1
16 163 1
16 166 1
16 167 1
17 18 1
17 19 1
17 20 1
17 21 1
17 107 1
17 110 1
17 111 1
17 112 1
17 113 1
17 121 1
17 123 1
17 124 1
17 125 1
17 147 1
17 149 1
17 152 1
17 153 1
17 154 1
17 161 1
17 163 1
17 164 1
17 165 1
17 166 1
17 167 1
18 22 1
18 107 1
18 108 1
18 109 1
18 112 1
18 121 1
18 123 1
18 124 1
18 125 1
18 147 1
18 148 1
18 150 1
18 151 1
18 152 1
18 153 1
18 154 1
18 155 1
18 161 1
18 165 1
18 166 1
19 107 1
19 108 1
19 109 1
19 110 1
19 112 1
19 113 1
19 120 1
19 122 1
19 124 1
19 125 1
19 148 1
19 149 1
19 151 1
19 152 1
19 154 1
19 155 1
19 161 1
19 163 1
19 164 1
19 165 1
19 166 1
19 167 1
20 22 1
20 107 1
20 108 1
20 109 1
20 110 1
20 111 1
20 112 1
20 120 1
20 122 1
20 123 1
20 124 1
20 125 1
20 147 1
20 148 1
20 151 1
20 152 1
20 153 1
20 155 1
20 162 1
20 163 1
20 166 1
20 167 1
21 107 1
21 108 1
21 110 1
21 111 1
21 112 1
21 113 1
21 120 1
21 121 1
21 122 1
21 123 1
21 124 1
21 125 1
21 148 1
21 150 1
21 152 1
21 153 1
21 154 1
21 155 1
21 161 1
21 163 1
21 164 1
21 165 1
21 166 1
21 167 1
22 107 1
22 108 1
22 109 1
22 112 1
22 120 1
22 121 1
22 124 1
22 147 1
22 148 1
22 150 1
22 151 1
22 152 1
22 153 1
22 154 1
22 162 1
22 164 1
22 165 1
22 167 1
23 24 1
23 25 1
23 26 1
23 28 1
23 29 1
23 30 1
23 73 1
23 74 1
23 75 1
23 76 1
23 77 1
23 78 1
23 79 1
24 25 1
24 30 1
24 31 1
24 73 1
24 74 1
24 75 1
24 76 1
24 77 1
24 78 1
24 79 1
25 31 1
25 73 1
25 74 1
25 76 1
25 77 1
25 78 1
26 29 1
26 73 1
26 74 1
26 76 1
26 77 1
26 78 1
26 79 1
27 73 1
27 74 1
27 76 1
27 77 1
27 78 1
27 79 1
28 30 1
28 31 1
28 73 1
28 74 1
28 75 1
28 77 1
28 79 1
29 30 1
29 73 1
29 74 1
29 75 1
29 76 1
29 77 1
29 78 1
30 31 1
30 73 1
30 74 1
30 75 1
30 77 1
30 78 1
30 79 1
31 74 1
31 75 1
31 77 1
32 33 1
32 37 1
32 38 1
32 39 1
32 40 1
32 60 1
32 61 1
32 62 1
32 63 1
32 64 1
32 80 1
32 81 1
32 82 1
32 83 1
32 84 1
33 35 1
33 61 1
33 62 1
33 63 1
33 64 1
33 81 1
33 82 1
33 84 1
34 60 1
34 63 1
34 81 1
34 84 1
35 37 1
35 60 1
35 61 1
35 62 1
35 64 1
35 80 1
35 81 1
35 82 1
35 84 1
36 37 1
36 59 1
36 60 1
36 61 1
36 62 1
36 63 1
36 80 1
36 82 1
36 83 1
36 84 1
37 39 1
37 60 1
37 61 1
37 62 1
37 63 1
37 64 1
37 80 1
37 82 1
37 83 1
37 84 1
38 39 1
38 40 1
38 59 1
38 62 1
38 64 1
38 80 1
38 81 1
38 82 1
38 83 1
38 84 1
39 59 1
39 60 1
39 63 1
39 82 1
39 83 1
39 84 1
40 60 1
40 61 1
40 62 1
40 63 1
40 80 1
40 81 1
40 82 1
40 84 1
41 42 1
41 45 1
41 46 1
41 65 1
41 67 1
41 68 1
41 69 1
41 70 1
41 71 1
41 72 1
41 73 1
41 74 1
41 75 1
41 76 1
41 77 1
41 79 1
41 138 1
41 139 1
41 140 1
41 141 1
41 142 1
41 143 1
41 145 1
42 44 1
42 65 1
42 66 1
42 67 1
42 68 1
42 69 1
42 70 1
42 73 1
42 74 1
42 76 1
42 79 1
42 138 1
42 140 1
42 142 1
42 143 1
42 144 1
42 145 1
42 146 1
43 45 1
43 46 1
43 65 1
43 66 1
43 67 1
43 69 1
43 72 1
43 73 1
43 74 1
43 75 1
43 76 1
43 77 1
43 78 1
43 79 1
43 138 1
43 139 1
43 140 1
43 141 1
43 142 1
43 143 1
43 145 1
44 45 1
44 46 1
44 65 1
44 66 1
44 68 1
44 69 1
44 70 1
44 71 1
44 72 1
44 73 1
44 75 1
44 76 1
44 77 1
44 138 1
44 139 1
44 140 1
44 142 1
44 144 1
44 145 1
44 146 1
45 46 1
45 65 1
45 67 1
45 68 1
45 69 1
45 70 1
45 71 1
45 72 1
45 73 1
45 74 1
45 75 1
45 76 1
45 77 1
45 79 1
45 138 1
45 139 1
45 141 1
45 142 1
45 143 1
45 144 1
45 145 1
46 65 1
46 68 1
46 69 1
46 70 1
46 71 1
46 72 1
46 73 1
46 74 1
46 76 1
46 77 1
46 78 1
46 139 1
46 140 1
46 141 1
46 144 1
46 145 1
46 146 1
47 48 1
47 50 1
47 51 1
47 52 1
47 99 1
47 100 1
47 102 1
47 104 1
47 105 1
47 106 1
47 107 1
47 108 1
47 109 1
47 110 1
47 111 1
47 112 1
48 50 1
48 51 1
48 99 1
48 100 1
48 102 1
48 103 1
48 105 1
48 106 1
48 107 1
48 108 1
48 110 1
48 111 1
48 112 1
48 113 1
49 50 1
49 51 1
49 52 1
49 99 1
49 102 1
49 103 1
49 104 1
49 105 1
49 106 1
49 107 1
49 108 1
49 111 1
49 112 1
49 113 1
50 51 1
50 52 1
50 99 1
50 101 1
50 102 1
50 103 1
50 104 1
50 105 1
50 108 1
50 109 1
50 111 1
50 112 1
50 113 1
51 99 1
51 100 1
51 102 1
51 104 1
51 106 1
51 108 1
51 109 1
51 111 1
51 112 1
51 113 1
52 99 1
52 101 1
52 102 1
52 104 1
52 106 1
52 108 1
52 109 1
52 110 1
52 111 1
53 54 1
53 55 1
53 56 1
53 57 1
53 58 1
53 81 1
53 82 1
53 83 1
53 84 1
53 99 1
53 100 1
53 101 1
53 102 1
53 103 1
53 104 1
53 106 1
53 147 1
53 148 1
53 149 1
53 150 1
53 151 1
53 152 1
53 153 1
53 154 1
54 56 1
54 57 1
54 80 1
54 81 1
54 82 1
54 83 1
54 84 1
54 100 1
54 101 1
54 102 1
54 104 1
54 105 1
54 106 1
54 147 1
54 148 1
54 149 1
54 150 1
54 151 1
54 152 1
54 153 1
54 154 1
54 155 1
55 56 1
55 57 1
55 58 1
55 80 1
55 81 1
55 82 1
55 83 1
55 84 1
55 99 1
55 100 1
55 101 1
55 102 1
55 103 1
55 104 1
55 106 1
55 147 1
55 148 1
55 151 1
55 152 1
55 155 1
56 57 1
56 58 1
56 80 1
56 81 1
56 83 1
56 84 1
56 100 1
56 102 1
56 103 1
56 104 1
56 106 1
56 147 1
56 148 1
56 151 1
56 154 1
56 155 1
57 81 1
57 82 1
57 83 1
57 84 1
57 99 1
57 100 1
57 101 1
57 102 1
57 103 1
57 104 1
57 105 1
57 106 1
57 147 1
57 148 1
57 149 1
57 151 1
57 152 1
57 154 1
57 155 1
58 80 1
58 81 1
58 82 1
58 83 1
58 84 1
58 101 1
58 102 1
58 103 1
58 104 1
58 106 1
58 147 1
58 149 1
58 150 1
58 152 1
58 153 1
58 154 1
58 155 1
59 60 1
59 61 1
59 62 1
59 64 1
59 73 1
59 74 1
59 75 1
59 76 1
59 77 1
59 78 1
59 79 1
59 93 1
59 95 1
59 121 1
59 122 1
59 123 1
59 124 1
59 125 1
59 168 1
59 170 1
59 171 1
59 172 1
60 61 1
60 62 1
60 63 1
60 64 1
60 73 1
60 74 1
60 77 1
60 78 1
60 79 1
60 93 1
60 94 1
60 97 1
60 98 1
60 120 1
60 121 1
60 123 1
60 124 1
60 125 1
60 168 1
60 169 1
60 171 1
60 172 1
61 62 1
61 63 1
61 64 1
61 73 1
61 75 1
61 76 1
61 77 1
61 78 1
61 79 1
61 93 1
61 94 1
61 96 1
61 97 1
61 98 1
61 120 1
61 122 1
61 123 1
61 124 1
61 125 1
61 168 1
61 169 1
61 171 1
62 63 1
62 64 1
62 73 1
62 74 1
62 75 1
62 76 1
62 77 1
62 78 1
62 93 1
62 94 1
62 95 1
62 97 1
62 98 1
62 121 1
62 123 1
62 125 1
62 168 1
62 171 1
62 172 1
63 64 1
63 75 1
63 76 1
63 77 1
63 78 1
63 79 1
63 93 1
63 94 1
63 95 1
63 96 1
63 120 1
63 121 1
63 122 1
63 123 1
63 124 1
63 168 1
63 171 1
63 172 1
64 73 1
64 76 1
64 77 1
64 79 1
64 93 1
64 94 1
64 95 1
64 96 1
64 97 1
64 98 1
64 122 1
64 123 1
64 124 1
64 168 1
64 169 1
64 170 1
64 171 1
64 172 1
65 66 1
65 68 1
65 69 1
65 71 1
65 72 1
65 114 1
65 115 1
65 116 1
65 117 1
65 118 1
65 119 1
66 67 1
66 68 1
66 70 1
66 71 1
66 114 1
66 116 1
66 117 1
66 118 1
66 119 1
67 68 1
67 69 1
67 70 1
67 71 1
67 72 1
67 114 1
67 115 1
67 116 1
67 119 1
68 69 1
68 71 1
68 72 1
68 114 1
68 117 1
68 118 1
68 119 1
69 70 1
69 72 1
69 114 1
69 115 1
69 116 1
69 117 1
69 118 1
69 119 1
70 71 1
70 114 1
70 115 1
70 116 1
70 118 1
71 116 1
71 117 1
72 115 1
72 116 1
72 117 1
73 76 1
73 77 1
73 78 1
73 79 1
73 100 1
73 101 1
73 102 1
73 103 1
73 105 1
73 106 1
73 156 1
73 157 1
73 158 1
73 159 1
73 160 1
74 76 1
74 77 1
74 78 1
74 79 1
74 99 1
74 100 1
74 101 1
74 102 1
74 103 1
74 104 1
74 106 1
74 156 1
74 157 1
74 160 1
75 76 1
75 78 1
75 79 1
75 100 1
75 102 1
75 103 1
75 105 1
75 106 1
75 157 1
75 158 1
75 159 1
75 160 1
76 77 1
76 99 1
76 101 1
76 102 1
76 103 1
76 104 1
76 105 1
76 106 1
76 156 1
76 157 1
76 158 1
76 159 1
77 99 1
77 100 1
77 102 1
77 103 1
77 104 1
77 105 1
77 106 1
77 156 1
77 157 1
77 158 1
77 159 1
78 79 1
78 99 1
78 100 1
78 102 1
78 103 1
78 105 1
78 106 1
78 156 1
78 157 1
78 158 1
78 159 1
78 160 1
79 100 1
79 101 1
79 102 1
79 103 1
79 104 1
79 156 1
79 159 1
80 82 1
80 83 1
80 84 1
80 85 1
80 88 1
80 90 1
80 91 1
80 92 1
80 120 1
80 121 1
80 122 1
80 123 1
80 124 1
81 82 1
81 83 1
81 84 1
81 85 1
81 86 1
81 87 1
81 88 1
81 90 1
81 91 1
81 120 1
81 121 1
81 123 1
82 85 1
82 86 1
82 87 1
82 88 1
82 89 1
82 90 1
82 91 1
82 92 1
82 120 1
82 121 1
82 122 1
82 123 1
82 124 1
82 125 1
83 85 1
83 86 1
83 87 1
83 88 1
83 90 1
83 91 1
83 92 1
83 121 1
83 122 1
83 123 1
83 124 1
83 125 1
84 85 1
84 86 1
84 87 1
84 88 1
84 90 1
84 91 1
84 120 1
84 121 1
84 122 1
84 123 1
84 124 1
84 125 1
85 89 1
85 90 1
85 91 1
85 92 1
85 87 1
85 93 1
85 94 1
85 95 1
85 96 1
85 97 1
85 98 1
85 108 1
85 109 1
85 110 1
85 112 1
85 113 1
86 90 1
86 91 1
86 92 1
86 93 1
86 94 1
86 95 1
86 96 1
86 97 1
86 98 1
86 107 1
86 108 1
86 109 1
86 111 1
86 112 1
86 113 1
87 89 1
87 90 1
87 91 1
87 93 1
87 94 1
87 95 1
87 96 1
87 97 1
87 98 1
87 107 1
87 108 1
87 109 1
87 110 1
87 111 1
87 112 1
87 113 1
88 90 1
88 91 1
88 92 1
88 93 1
88 94 1
88 95 1
88 96 1
88 97 1
88 98 1
88 108 1
88 109 1
88 113 1
89 93 1
89 94 1
89 98 1
89 107 1
89 108 1
89 109 1
89 110 1
90 91 1
90 93 1
90 94 1
90 95 1
90 96 1
90 97 1
90 98 1
90 107 1
90 108 1
90 110 1
90 111 1
90 113 1
91 93 1
91 95 1
91 97 1
91 98 1
91 107 1
91 108 1
91 110 1
92 94 1
92 95 1
92 96 1
92 97 1
92 110 1
92 112 1
92 113 1
93 96 1
93 97 1
93 98 1
93 100 1
93 102 1
93 103 1
93 104 1
93 105 1
93 106 1
93 107 1
93 109 1
93 110 1
93 111 1
93 112 1
93 157 1
93 158 1
93 159 1
93 160 1
94 98 1
94 99 1
94 101 1
94 102 1
94 103 1
94 104 1
94 105 1
94 106 1
94 107 1
94 108 1
94 109 1
94 110 1
94 111 1
94 112 1
94 156 1
94 157 1
94 158 1
94 159 1
94 160 1
95 96 1
95 99 1
95 100 1
95 101 1
95 102 1
95 103 1
95 104 1
95 105 1
95 106 1
95 107 1
95 108 1
95 109 1
95 110 1
95 111 1
95 112 1
95 113 1
95 156 1
95 157 1
95 158 1
95 159 1
95 160 1
96 98 1
96 99 1
96 104 1
96 105 1
96 107 1
96 110 1
96 111 1
96 112 1
96 156 1
96 157 1
96 158 1
96 160 1
97 100 1
97 101 1
97 102 1
97 103 1
97 104 1
97 106 1
97 107 1
97 108 1
97 109 1
97 110 1
97 111 1
97 113 1
97 156 1
97 159 1
98 100 1
98 104 1
98 106 1
98 107 1
98 108 1
98 110 1
98 112 1
98 113 1
98 156 1
98 157 1
98 159 1
98 160 1
99 105 1
99 101 1
99 138 1
99 139 1
99 140 1
99 141 1
99 142 1
99 144 1
99 145 1
99 146 1
99 161 1
99 163 1
99 164 1
99 165 1
99 166 1
100 106 1
100 139 1
100 140 1
100 142 1
100 144 1
100 145 1
100 146 1
100 161 1
100 162 1
100 163 1
100 164 1
100 165 1
100 166 1
101 103 1
101 104 1
101 105 1
101 106 1
101 102 1
101 138 1
101 139 1
101 140 1
101 141 1
101 142 1
101 143 1
101 144 1
101 145 1
101 146 1
101 161 1
101 162 1
101 163 1
101 167 1
102 103 1
102 104 1
102 105 1
102 106 1
102 138 1
102 139 1
102 141 1
102 142 1
102 143 1
102 144 1
102 145 1
102 161 1
102 162 1
102 163 1
102 164 1
102 165 1
102 166 1
103 138 1
103 139 1
103 140 1
103 141 1
103 143 1
103 144 1
103 146 1
103 161 1
103 162 1
103 164 1
103 165 1
103 166 1
103 167 1
104 106 1
104 138 1
104 139 1
104 140 1
104 141 1
104 142 1
104 143 1
104 144 1
104 145 1
104 146 1
104 161 1
104 164 1
104 165 1
104 166 1
104 167 1
105 138 1
105 139 1
105 140 1
105 141 1
105 142 1
105 143 1
105 145 1
105 161 1
105 164 1
105 166 1
105 167 1
106 138 1
106 139 1
106 140 1
106 141 1
106 142 1
106 143 1
106 145 1
106 146 1
106 161 1
106 162 1
106 163 1
106 164 1
106 165 1
106 167 1
107 108 1
107 110 1
107 115 1
107 116 1
107 117 1
107 118 1
107 156 1
107 157 1
107 158 1
107 170 1
107 171 1
107 172 1
108 109 1
108 110 1
108 111 1
108 112 1
108 113 1
108 114 1
108 115 1
108 116 1
108 117 1
108 118 1
108 119 1
108 157 1
108 158 1
108 159 1
108 160 1
108 169 1
108 171 1
108 172 1
109 110 1
109 114 1
109 117 1
109 118 1
109 119 1
109 156 1
109 157 1
109 158 1
109 159 1
109 160 1
109 168 1
109 169 1
109 170 1
109 171 1
109 172 1
110 111 1
110 115 1
110 116 1
110 118 1
110 119 1
110 157 1
110 158 1
110 159 1
110 160 1
110 168 1
110 170 1
110 171 1
110 172 1
111 114 1
111 115 1
111 116 1
111 117 1
111 118 1
111 119 1
111 156 1
111 157 1
111 159 1
111 160 1
111 169 1
111 170 1
111 171 1
112 115 1
112 116 1
112 117 1
112 118 1
112 156 1
112 157 1
112 158 1
112 159 1
112 160 1
112 168 1
112 169 1
112 170 1
112 172 1
113 114 1
113 116 1
113 117 1
113 118 1
113 119 1
113 156 1
113 157 1
113 158 1
113 159 1
113 160 1
113 169 1
113 170 1
113 171 1
113 172 1
114 115 1
114 117 1
114 133 1
114 134 1
114 135 1
114 136 1
114 137 1
115 116 1
115 134 1
115 135 1
115 136 1
115 137 1
116 117 1
116 135 1
116 136 1
116 137 1
117 119 1
117 133 1
117 135 1
117 136 1
118 119 1
118 133 1
118 134 1
118 135 1
118 136 1
118 137 1
119 134 1
119 136 1
119 137 1
120 121 1
120 162 1
120 164 1
120 165 1
120 166 1
120 167 1
121 162 1
121 164 1
121 165 1
121 166 1
121 167 1
122 161 1
122 162 1
122 163 1
122 164 1
122 167 1
123 124 1
123 125 1
123 161 1
123 163 1
123 165 1
123 166 1
123 167 1
124 161 1
124 163 1
124 164 1
124 165 1
124 166 1
124 167 1
125 161 1
125 162 1
125 163 1
125 164 1
125 165 1
125 166 1
125 167 1
126 131 1
126 148 1
126 149 1
126 151 1
126 152 1
126 153 1
126 154 1
126 156 1
126 157 1
126 158 1
126 159 1
126 160 1
126 162 1
126 163 1
126 164 1
126 165 1
126 166 1
127 128 1
127 130 1
127 147 1
127 148 1
127 149 1
127 150 1
127 151 1
127 154 1
127 155 1
127 157 1
127 158 1
127 160 1
127 162 1
127 164 1
127 165 1
127 167 1
128 129 1
128 131 1
128 132 1
128 147 1
128 148 1
128 149 1
128 150 1
128 151 1
128 153 1
128 154 1
128 157 1
128 158 1
128 159 1
128 160 1
128 161 1
128 162 1
128 163 1
128 164 1
128 167 1
129 130 1
129 131 1
129 149 1
129 150 1
129 151 1
129 152 1
129 153 1
129 154 1
129 155 1
129 156 1
129 157 1
129 158 1
129 159 1
129 160 1
129 161 1
129 162 1
129 163 1
129 164 1
129 165 1
129 166 1
129 167 1
130 131 1
130 147 1
130 148 1
130 149 1
130 150 1
130 151 1
130 152 1
130 153 1
130 154 1
130 157 1
130 158 1
130 160 1
130 161 1
130 162 1
130 163 1
130 164 1
130 165 1
130 166 1
130 167 1
131 132 1
131 147 1
131 148 1
131 150 1
131 151 1
131 152 1
131 154 1
131 155 1
131 156 1
131 158 1
131 159 1
131 162 1
131 167 1
132 147 1
132 148 1
132 149 1
132 152 1
132 154 1
132 155 1
132 156 1
132 157 1
132 159 1
132 163 1
132 164 1
132 165 1
132 166 1
133 134 1
135 136 1
136 137 1
138 139 1
138 156 1
138 157 1
139 140 1
139 156 1
139 158 1
139 159 1
139 160 1
140 143 1
140 145 1
140 156 1
140 158 1
140 159 1
140 160 1
141 142 1
141 144 1
141 146 1
141 156 1
141 157 1
141 158 1
141 159 1
142 156 1
142 157 1
142 159 1
142 160 1
143 157 1
143 158 1
143 160 1
144 145 1
144 157 1
144 158 1
144 159 1
145 159 1
146 156 1
146 157 1
146 158 1
146 159 1
146 160 1
147 150 1
147 153 1
148 151 1
151 152 1
151 153 1
152 154 1
153 155 1
157 158 1
158 159 1
158 160 1
161 162 1
161 165 1
161 168 1
161 169 1
161 170 1
161 171 1
161 172 1
162 163 1
162 164 1
162 168 1
162 170 1
162 171 1
162 172 1
163 165 1
163 167 1
163 168 1
163 169 1
163 170 1
163 171 1
164 168 1
164 169 1
164 170 1
164 171 1
164 172 1
165 169 1
165 170 1
165 171 1
166 168 1
166 169 1
166 171 1
166 172 1
167 168 1
167 169 1
167 170 1
167 171 1
167 172 1
168 169 1
168 170 1
168 171 1
169 170 1
169 171 1
171 172 1
