1 2 1
1 3 1
1 4 1
1 5 1
1 6 1
1 7 1
1 8 1
1 9 1
1 10 1
1 11 1
1 12 1
1 14 1
1 44 1
1 47 1
1 48 1
1 49 1
1 50 1
1 51 1
1 52 1
1 53 1
1 54 1
1 55 1
1 56 1
1 57 1
1 58 1
1 59 1
1 60 1
1 61 1
1 62 1
1 63 1
1 87 1
1 88 1
1 89 1
1 90 1
1 91 1
1 92 1
1 93 1
1 94 1
1 106 1
1 107 1
1 108 1
1 109 1
1 110 1
1 111 1
1 112 1
1 113 1
1 114 1
1 148 1
1 149 1
1 150 1
1 151 1
1 152 1
2 7 1
2 8 1
2 9 1
2 10 1
2 11 1
2 12 1
2 13 1
2 14 1
2 44 1
2 45 1
2 46 1
2 47 1
2 49 1
2 50 1
2 51 1
2 52 1
2 54 1
2 55 1
2 57 1
2 59 1
2 60 1
2 61 1
2 62 1
2 63 1
2 87 1
2 88 1
2 89 1
2 90 1
2 91 1
2 92 1
2 93 1
2 94 1
2 106 1
2 107 1
2 108 1
2 109 1
2 110 1
2 112 1
2 113 1
2 114 1
2 148 1
2 149 1
2 150 1
2 151 1
2 152 1
3 6 1
3 7 1
3 8 1
3 9 1
3 10 1
3 11 1
3 12 1
3 13 1
3 14 1
3 44 1
3 45 1
3 46 1
3 47 1
3 48 1
3 49 1
3 50 1
3 51 1
3 52 1
3 53 1
3 54 1
3 56 1
3 57 1
3 58 1
3 59 1
3 60 1
3 61 1
3 62 1
3 63 1
3 87 1
3 88 1
3 89 1
3 91 1
3 92 1
3 93 1
3 94 1
3 107 1
3 108 1
3 109 1
3 110 1
3 111 1
3 112 1
3 113 1
3 148 1
3 149 1
3 152 1
3 153 1
4 7 1
4 8 1
4 10 1
4 11 1
4 12 1
4 14 1
4 44 1
4 45 1
4 46 1
4 47 1
4 48 1
4 49 1
4 50 1
4 51 1
4 52 1
4 53 1
4 54 1
4 55 1
4 56 1
4 57 1
4 58 1
4 59 1
4 60 1
4 62 1
4 63 1
4 88 1
4 89 1
4 90 1
4 91 1
4 93 1
4 94 1
4 106 1
4 107 1
4 108 1
4 109 1
4 111 1
4 112 1
4 113 1
4 114 1
4 149 1
4 151 1
4 152 1
4 153 1
5 6 1
5 9 1
5 10 1
5 11 1
5 12 1
5 13 1
5 14 1
5 44 1
5 45 1
5 46 1
5 47 1
5 48 1
5 49 1
5 50 1
5 51 1
5 53 1
5 55 1
5 58 1
5 60 1
5 61 1
5 87 1
5 88 1
5 89 1
5 91 1
5 93 1
5 94 1
5 106 1
5 107 1
5 108 1
5 109 1
5 110 1
5 111 1
5 112 1
5 114 1
5 148 1
5 152 1
5 153 1
6 8 1
6 9 1
6 10 1
6 12 1
6 13 1
6 14 1
6 23 1
6 26 1
6 27 1
6 28 1
6 52 1
6 53 1
6 56 1
6 57 1
6 79 1
6 80 1
6 81 1
6 83 1
6 85 1
6 86 1
6 87 1
6 88 1
6 89 1
6 90 1
6 91 1
6 92 1
6 94 1
6 125 1
6 126 1
6 127 1
6 129 1
7 8 1
7 10 1
7 23 1
7 24 1
7 25 1
7 26 1
7 27 1
7 28 1
7 29 1
7 52 1
7 53 1
7 54 1
7 55 1
7 56 1
7 57 1
7 79 1
7 80 1
7 82 1
7 87 1
7 88 1
7 89 1
7 90 1
7 92 1
7 93 1
7 94 1
7 125 1
7 126 1
7 127 1
7 129 1
8 13 1
8 23 1
8 24 1
8 25 1
8 26 1
8 27 1
8 28 1
8 29 1
8 52 1
8 53 1
8 54 1
8 55 1
8 56 1
8 57 1
8 80 1
8 82 1
8 83 1
8 84 1
8 86 1
8 87 1
8 88 1
8 89 1
8 90 1
8 91 1
8 93 1
8 94 1
8 125 1
8 126 1
8 127 1
8 128 1
8 129 1
9 24 1
9 25 1
9 26 1
9 27 1
9 28 1
9 29 1
9 52 1
9 53 1
9 54 1
9 55 1
9 56 1
9 57 1
9 79 1
9 80 1
9 81 1
9 82 1
9 83 1
9 84 1
9 85 1
9 86 1
9 87 1
9 88 1
9 89 1
9 90 1
9 91 1
9 92 1
9 93 1
9 94 1
9 125 1
9 126 1
9 127 1
9 128 1
9 129 1
10 14 1
10 23 1
10 24 1
10 25 1
10 26 1
10 27 1
10 28 1
10 29 1
10 52 1
10 53 1
10 54 1
10 55 1
10 56 1
10 57 1
10 79 1
10 80 1
10 81 1
10 82 1
10 84 1
10 85 1
10 86 1
10 87 1
10 89 1
10 90 1
10 91 1
10 92 1
10 93 1
10 125 1
10 126 1
10 127 1
10 128 1
10 129 1
11 13 1
11 23 1
11 24 1
11 25 1
11 26 1
11 27 1
11 28 1
11 29 1
11 52 1
11 54 1
11 55 1
11 56 1
11 57 1
11 79 1
11 80 1
11 81 1
11 82 1
11 83 1
11 84 1
11 85 1
11 86 1
11 88 1
11 89 1
11 90 1
11 91 1
11 92 1
11 93 1
11 94 1
11 125 1
11 127 1
11 128 1
11 129 1
12 13 1
12 23 1
12 24 1
12 25 1
12 26 1
12 28 1
12 29 1
12 52 1
12 53 1
12 54 1
12 55 1
12 56 1
12 57 1
12 79 1
12 80 1
12 81 1
12 82 1
12 83 1
12 84 1
12 85 1
12 86 1
12 87 1
12 88 1
12 89 1
12 90 1
12 91 1
12 92 1
12 93 1
12 94 1
12 125 1
12 127 1
12 128 1
12 129 1
13 23 1
13 25 1
13 27 1
13 28 1
13 29 1
13 52 1
13 53 1
13 55 1
13 56 1
13 57 1
13 79 1
13 80 1
13 81 1
13 82 1
13 83 1
13 84 1
13 85 1
13 86 1
13 87 1
13 89 1
13 90 1
13 91 1
13 92 1
13 93 1
13 94 1
13 125 1
13 126 1
13 127 1
13 128 1
13 129 1
14 24 1
14 25 1
14 26 1
14 27 1
14 28 1
14 29 1
14 52 1
14 53 1
14 54 1
14 55 1
14 56 1
14 57 1
14 79 1
14 81 1
14 83 1
14 84 1
14 85 1
14 87 1
14 88 1
14 89 1
14 90 1
14 92 1
14 94 1
14 125 1
14 126 1
14 127 1
14 128 1
14 129 1
15 16 1
15 17 1
15 18 1
15 19 1
15 20 1
15 21 1
15 22 1
15 30 1
15 31 1
15 32 1
15 33 1
15 34 1
15 35 1
15 36 1
15 37 1
15 38 1
15 39 1
15 40 1
15 41 1
15 42 1
15 43 1
15 72 1
15 73 1
15 74 1
15 76 1
15 77 1
15 78 1
15 115 1
15 116 1
15 117 1
15 118 1
15 119 1
15 154 1
15 155 1
15 156 1
15 158 1
15 159 1
15 160 1
16 31 1
16 32 1
16 33 1
16 34 1
16 36 1
16 37 1
16 38 1
16 40 1
16 41 1
16 42 1
16 43 1
16 72 1
16 73 1
16 75 1
16 76 1
16 77 1
16 115 1
16 116 1
16 117 1
16 118 1
16 119 1
16 154 1
16 155 1
16 157 1
16 158 1
16 159 1
16 160 1
17 30 1
17 31 1
17 33 1
17 34 1
17 35 1
17 36 1
17 37 1
17 38 1
17 39 1
17 41 1
17 43 1
17 72 1
17 73 1
17 74 1
17 75 1
17 76 1
17 77 1
17 78 1
17 115 1
17 116 1
17 117 1
17 118 1
17 154 1
17 156 1
17 157 1
17 158 1
17 160 1
18 21 1
18 32 1
18 33 1
18 34 1
18 35 1
18 36 1
18 37 1
18 38 1
18 39 1
18 40 1
18 41 1
18 42 1
18 72 1
18 75 1
18 76 1
18 77 1
18 78 1
18 115 1
18 116 1
18 118 1
18 119 1
18 155 1
18 156 1
18 157 1
18 158 1
18 159 1
18 160 1
19 20 1
19 30 1
19 31 1
19 32 1
19 33 1
19 34 1
19 35 1
19 36 1
19 37 1
19 39 1
19 41 1
19 42 1
19 43 1
19 73 1
19 74 1
19 75 1
19 76 1
19 78 1
19 115 1
19 116 1
19 117 1
19 118 1
19 119 1
19 154 1
19 155 1
19 156 1
19 157 1
19 159 1
19 160 1
20 21 1
20 22 1
20 30 1
20 31 1
20 32 1
20 33 1
20 35 1
20 37 1
20 39 1
20 40 1
20 41 1
20 42 1
20 43 1
20 73 1
20 74 1
20 76 1
20 77 1
20 78 1
20 116 1
20 118 1
20 119 1
20 154 1
20 157 1
20 158 1
20 159 1
20 160 1
21 30 1
21 31 1
21 32 1
21 34 1
21 35 1
21 37 1
21 38 1
21 39 1
21 40 1
21 41 1
21 42 1
21 43 1
21 73 1
21 74 1
21 75 1
21 76 1
21 77 1
21 78 1
21 115 1
21 117 1
21 118 1
21 119 1
21 154 1
21 157 1
21 158 1
21 159 1
21 160 1
22 30 1
22 31 1
22 32 1
22 33 1
22 34 1
22 36 1
22 37 1
22 38 1
22 40 1
22 41 1
22 42 1
22 43 1
22 72 1
22 73 1
22 74 1
22 75 1
22 76 1
22 77 1
22 78 1
22 115 1
22 116 1
22 117 1
22 118 1
22 119 1
22 154 1
22 156 1
22 158 1
22 160 1
23 24 1
23 25 1
23 26 1
23 27 1
23 28 1
23 29 1
23 106 1
23 107 1
23 108 1
23 109 1
23 110 1
23 111 1
23 112 1
23 113 1
23 114 1
23 125 1
23 126 1
23 127 1
23 128 1
23 142 1
23 143 1
23 144 1
23 145 1
23 146 1
24 26 1
24 27 1
24 29 1
24 106 1
24 107 1
24 108 1
24 111 1
24 112 1
24 113 1
24 114 1
24 125 1
24 127 1
24 129 1
24 142 1
24 143 1
24 144 1
24 145 1
25 29 1
25 106 1
25 107 1
25 108 1
25 109 1
25 110 1
25 111 1
25 112 1
25 114 1
25 125 1
25 126 1
25 128 1
25 129 1
25 142 1
25 143 1
25 144 1
25 145 1
25 146 1
25 147 1
26 27 1
26 106 1
26 107 1
26 108 1
26 109 1
26 110 1
26 111 1
26 112 1
26 113 1
26 125 1
26 127 1
26 128 1
26 129 1
26 142 1
26 143 1
26 144 1
26 145 1
26 146 1
26 147 1
27 28 1
27 106 1
27 107 1
27 108 1
27 109 1
27 110 1
27 111 1
27 112 1
27 114 1
27 125 1
27 126 1
27 127 1
27 128 1
27 129 1
27 142 1
27 144 1
27 145 1
27 146 1
27 147 1
28 106 1
28 107 1
28 108 1
28 109 1
28 110 1
28 111 1
28 112 1
28 113 1
28 114 1
28 125 1
28 126 1
28 127 1
28 128 1
28 129 1
28 142 1
28 143 1
28 144 1
28 145 1
28 146 1
28 147 1
29 106 1
29 107 1
29 108 1
29 109 1
29 113 1
29 114 1
29 125 1
29 126 1
29 127 1
29 128 1
29 129 1
29 142 1
29 143 1
29 144 1
29 145 1
29 147 1
30 34 1
30 35 1
30 38 1
30 44 1
30 45 1
30 46 1
30 47 1
30 48 1
30 49 1
30 50 1
30 52 1
30 53 1
30 55 1
30 57 1
30 64 1
30 66 1
30 67 1
30 69 1
30 70 1
30 71 1
30 79 1
30 80 1
30 81 1
30 82 1
30 83 1
30 85 1
30 86 1
30 101 1
30 102 1
30 103 1
30 104 1
30 105 1
30 130 1
30 131 1
30 133 1
30 134 1
30 135 1
30 142 1
30 143 1
30 144 1
30 145 1
30 146 1
30 154 1
30 155 1
30 156 1
30 158 1
30 159 1
30 160 1
31 44 1
31 45 1
31 46 1
31 47 1
31 48 1
31 49 1
31 50 1
31 51 1
31 53 1
31 55 1
31 57 1
31 65 1
31 66 1
31 67 1
31 68 1
31 69 1
31 70 1
31 71 1
31 79 1
31 80 1
31 81 1
31 82 1
31 83 1
31 84 1
31 85 1
31 86 1
31 100 1
31 101 1
31 102 1
31 103 1
31 104 1
31 130 1
31 131 1
31 132 1
31 133 1
31 134 1
31 136 1
31 142 1
31 143 1
31 144 1
31 145 1
31 146 1
31 147 1
31 154 1
31 155 1
31 156 1
31 157 1
31 158 1
31 159 1
32 44 1
32 45 1
32 46 1
32 47 1
32 49 1
32 50 1
32 51 1
32 52 1
32 53 1
32 54 1
32 55 1
32 64 1
32 65 1
32 66 1
32 67 1
32 69 1
32 70 1
32 71 1
32 79 1
32 80 1
32 81 1
32 82 1
32 83 1
32 84 1
32 85 1
32 86 1
32 100 1
32 101 1
32 102 1
32 103 1
32 104 1
32 105 1
32 132 1
32 133 1
32 134 1
32 135 1
32 136 1
32 142 1
32 143 1
32 145 1
32 146 1
32 147 1
32 154 1
32 155 1
32 156 1
32 157 1
32 158 1
32 159 1
32 160 1
33 36 1
33 37 1
33 44 1
33 45 1
33 46 1
33 47 1
33 48 1
33 49 1
33 50 1
33 51 1
33 52 1
33 53 1
33 54 1
33 56 1
33 57 1
33 64 1
33 65 1
33 66 1
33 67 1
33 68 1
33 69 1
33 70 1
33 71 1
33 79 1
33 80 1
33 81 1
33 82 1
33 83 1
33 84 1
33 85 1
33 86 1
33 100 1
33 101 1
33 102 1
33 103 1
33 105 1
33 130 1
33 131 1
33 132 1
33 133 1
33 134 1
33 135 1
33 136 1
33 142 1
33 143 1
33 144 1
33 145 1
33 146 1
33 147 1
33 155 1
33 156 1
33 157 1
33 159 1
33 160 1
34 35 1
34 44 1
34 45 1
34 46 1
34 47 1
34 48 1
34 49 1
34 50 1
34 51 1
34 53 1
34 54 1
34 55 1
34 56 1
34 57 1
34 64 1
34 65 1
34 66 1
34 67 1
34 68 1
34 69 1
34 70 1
34 71 1
34 79 1
34 80 1
34 81 1
34 82 1
34 83 1
34 84 1
34 85 1
34 86 1
34 100 1
34 101 1
34 102 1
34 103 1
34 104 1
34 105 1
34 131 1
34 132 1
34 134 1
34 135 1
34 136 1
34 142 1
34 143 1
34 144 1
34 145 1
34 146 1
34 147 1
34 154 1
34 155 1
34 156 1
34 157 1
34 158 1
34 159 1
34 160 1
35 44 1
35 45 1
35 46 1
35 47 1
35 48 1
35 49 1
35 50 1
35 51 1
35 52 1
35 54 1
35 55 1
35 56 1
35 57 1
35 64 1
35 65 1
35 67 1
35 68 1
35 70 1
35 71 1
35 79 1
35 80 1
35 81 1
35 82 1
35 83 1
35 84 1
35 85 1
35 86 1
35 101 1
35 102 1
35 103 1
35 104 1
35 131 1
35 132 1
35 133 1
35 135 1
35 142 1
35 143 1
35 144 1
35 145 1
35 146 1
35 147 1
35 154 1
35 155 1
35 156 1
35 157 1
35 158 1
35 159 1
35 160 1
36 44 1
36 45 1
36 46 1
36 47 1
36 48 1
36 50 1
36 51 1
36 52 1
36 53 1
36 56 1
36 57 1
36 64 1
36 66 1
36 67 1
36 68 1
36 69 1
36 70 1
36 79 1
36 80 1
36 81 1
36 85 1
36 86 1
36 100 1
36 101 1
36 102 1
36 104 1
36 105 1
36 130 1
36 131 1
36 132 1
36 133 1
36 134 1
36 135 1
36 136 1
36 143 1
36 144 1
36 145 1
36 146 1
36 147 1
36 155 1
36 158 1
36 159 1
36 160 1
37 44 1
37 46 1
37 47 1
37 48 1
37 49 1
37 51 1
37 53 1
37 54 1
37 55 1
37 57 1
37 64 1
37 65 1
37 66 1
37 67 1
37 68 1
37 70 1
37 71 1
37 79 1
37 80 1
37 82 1
37 83 1
37 84 1
37 85 1
37 86 1
37 101 1
37 102 1
37 103 1
37 105 1
37 130 1
37 131 1
37 132 1
37 133 1
37 135 1
37 136 1
37 142 1
37 143 1
37 144 1
37 145 1
37 146 1
37 147 1
37 154 1
37 156 1
37 157 1
37 158 1
37 159 1
37 160 1
38 44 1
38 45 1
38 46 1
38 49 1
38 50 1
38 51 1
38 52 1
38 53 1
38 54 1
38 55 1
38 56 1
38 57 1
38 66 1
38 67 1
38 68 1
38 69 1
38 71 1
38 79 1
38 82 1
38 84 1
38 85 1
38 86 1
38 100 1
38 101 1
38 102 1
38 103 1
38 104 1
38 105 1
38 130 1
38 131 1
38 132 1
38 133 1
38 135 1
38 136 1
38 142 1
38 143 1
38 144 1
38 145 1
38 155 1
38 156 1
38 157 1
38 158 1
38 159 1
38 160 1
39 40 1
39 41 1
39 42 1
39 45 1
39 46 1
39 47 1
39 48 1
39 49 1
39 50 1
39 51 1
39 52 1
39 53 1
39 54 1
39 55 1
39 56 1
39 57 1
39 64 1
39 65 1
39 66 1
39 68 1
39 69 1
39 70 1
39 71 1
39 115 1
39 116 1
39 117 1
39 118 1
39 119 1
39 120 1
39 121 1
39 122 1
39 123 1
39 124 1
39 142 1
39 144 1
39 146 1
39 147 1
40 41 1
40 42 1
40 44 1
40 46 1
40 47 1
40 48 1
40 50 1
40 51 1
40 53 1
40 55 1
40 56 1
40 57 1
40 64 1
40 65 1
40 66 1
40 67 1
40 68 1
40 69 1
40 71 1
40 115 1
40 116 1
40 117 1
40 118 1
40 119 1
40 120 1
40 124 1
40 142 1
40 143 1
40 144 1
40 145 1
40 146 1
40 147 1
41 42 1
41 43 1
41 44 1
41 45 1
41 46 1
41 47 1
41 48 1
41 49 1
41 51 1
41 52 1
41 53 1
41 56 1
41 57 1
41 64 1
41 65 1
41 66 1
41 68 1
41 69 1
41 115 1
41 116 1
41 118 1
41 119 1
41 120 1
41 121 1
41 122 1
41 123 1
41 124 1
41 142 1
41 144 1
41 145 1
41 146 1
42 43 1
42 44 1
42 45 1
42 46 1
42 47 1
42 48 1
42 49 1
42 50 1
42 51 1
42 52 1
42 53 1
42 54 1
42 56 1
42 57 1
42 65 1
42 66 1
42 67 1
42 68 1
42 69 1
42 71 1
42 116 1
42 118 1
42 119 1
42 120 1
42 121 1
42 122 1
42 124 1
42 142 1
42 144 1
42 146 1
42 147 1
43 44 1
43 45 1
43 46 1
43 47 1
43 48 1
43 49 1
43 51 1
43 52 1
43 53 1
43 54 1
43 55 1
43 56 1
43 57 1
43 64 1
43 65 1
43 67 1
43 69 1
43 70 1
43 71 1
43 115 1
43 116 1
43 118 1
43 119 1
43 120 1
43 121 1
43 122 1
43 123 1
43 124 1
43 142 1
43 143 1
43 144 1
43 145 1
43 147 1
44 45 1
44 47 1
44 48 1
44 49 1
44 50 1
44 51 1
44 64 1
44 65 1
44 66 1
44 68 1
44 69 1
44 70 1
44 71 1
44 101 1
44 102 1
44 104 1
44 120 1
44 122 1
44 123 1
44 124 1
44 125 1
44 126 1
44 127 1
44 128 1
44 129 1
44 148 1
44 149 1
44 150 1
44 151 1
44 152 1
44 153 1
45 46 1
45 49 1
45 51 1
45 64 1
45 65 1
45 66 1
45 68 1
45 69 1
45 71 1
45 100 1
45 101 1
45 102 1
45 103 1
45 104 1
45 105 1
45 120 1
45 121 1
45 122 1
45 123 1
45 124 1
45 125 1
45 126 1
45 127 1
45 129 1
45 148 1
45 149 1
45 150 1
45 151 1
45 152 1
45 153 1
46 47 1
46 48 1
46 49 1
46 51 1
46 64 1
46 65 1
46 66 1
46 68 1
46 69 1
46 70 1
46 71 1
46 101 1
46 103 1
46 104 1
46 105 1
46 120 1
46 121 1
46 122 1
46 123 1
46 124 1
46 125 1
46 127 1
46 128 1
46 129 1
46 148 1
46 149 1
46 150 1
46 151 1
46 152 1
46 153 1
47 48 1
47 51 1
47 64 1
47 66 1
47 67 1
47 68 1
47 70 1
47 100 1
47 101 1
47 102 1
47 105 1
47 120 1
47 121 1
47 122 1
47 123 1
47 125 1
47 127 1
47 128 1
47 129 1
47 148 1
47 149 1
47 150 1
47 152 1
47 153 1
48 49 1
48 50 1
48 51 1
48 64 1
48 65 1
48 66 1
48 67 1
48 68 1
48 69 1
48 70 1
48 71 1
48 100 1
48 101 1
48 102 1
48 103 1
48 104 1
48 105 1
48 120 1
48 121 1
48 122 1
48 123 1
48 124 1
48 127 1
48 148 1
48 149 1
48 150 1
48 151 1
48 152 1
48 153 1
49 51 1
49 64 1
49 65 1
49 66 1
49 67 1
49 68 1
49 69 1
49 70 1
49 71 1
49 100 1
49 101 1
49 104 1
49 105 1
49 120 1
49 121 1
49 122 1
49 123 1
49 124 1
49 126 1
49 127 1
49 128 1
49 129 1
49 148 1
49 149 1
49 150 1
49 151 1
49 152 1
49 153 1
50 51 1
50 64 1
50 65 1
50 66 1
50 67 1
50 68 1
50 69 1
50 70 1
50 71 1
50 100 1
50 101 1
50 103 1
50 104 1
50 105 1
50 120 1
50 121 1
50 122 1
50 123 1
50 124 1
50 125 1
50 126 1
50 127 1
50 128 1
50 129 1
50 148 1
50 149 1
50 150 1
50 151 1
51 65 1
51 66 1
51 67 1
51 68 1
51 69 1
51 70 1
51 71 1
51 100 1
51 101 1
51 102 1
51 103 1
51 104 1
51 105 1
51 120 1
51 121 1
51 122 1
51 123 1
51 124 1
51 125 1
51 126 1
51 127 1
51 128 1
51 129 1
51 148 1
51 150 1
51 151 1
51 152 1
51 153 1
52 54 1
52 56 1
52 57 1
52 58 1
52 59 1
52 60 1
52 61 1
52 62 1
52 100 1
52 101 1
52 102 1
52 103 1
52 104 1
52 105 1
52 154 1
52 155 1
52 156 1
52 157 1
52 158 1
52 159 1
52 160 1
53 54 1
53 56 1
53 58 1
53 59 1
53 60 1
53 61 1
53 62 1
53 63 1
53 100 1
53 101 1
53 102 1
53 103 1
53 104 1
53 105 1
53 154 1
53 155 1
53 156 1
53 157 1
53 158 1
53 160 1
54 55 1
54 56 1
54 57 1
54 58 1
54 60 1
54 61 1
54 62 1
54 63 1
54 100 1
54 101 1
54 103 1
54 104 1
54 154 1
54 155 1
54 157 1
54 158 1
54 159 1
54 160 1
55 57 1
55 58 1
55 60 1
55 61 1
55 62 1
55 63 1
55 100 1
55 101 1
55 102 1
55 104 1
55 105 1
55 154 1
55 156 1
55 159 1
55 160 1
56 57 1
56 58 1
56 59 1
56 60 1
56 61 1
56 62 1
56 63 1
56 100 1
56 101 1
56 102 1
56 103 1
56 105 1
56 155 1
56 156 1
56 158 1
56 159 1
56 160 1
57 58 1
57 59 1
57 61 1
57 62 1
57 63 1
57 101 1
57 102 1
57 103 1
57 104 1
57 105 1
57 154 1
57 155 1
57 156 1
57 157 1
57 158 1
57 159 1
57 160 1
58 59 1
58 63 1
58 106 1
58 109 1
58 110 1
58 111 1
58 112 1
58 113 1
58 114 1
58 130 1
58 131 1
58 132 1
58 133 1
58 134 1
58 135 1
58 136 1
58 138 1
58 139 1
58 140 1
58 141 1
58 154 1
58 156 1
58 157 1
58 158 1
58 159 1
58 160 1
59 61 1
59 62 1
59 63 1
59 106 1
59 107 1
59 108 1
59 109 1
59 110 1
59 111 1
59 112 1
59 114 1
59 131 1
59 132 1
59 133 1
59 134 1
59 135 1
59 136 1
59 138 1
59 139 1
59 154 1
59 155 1
59 156 1
59 157 1
59 158 1
59 159 1
59 160 1
60 61 1
60 63 1
60 106 1
60 107 1
60 108 1
60 109 1
60 110 1
60 111 1
60 112 1
60 113 1
60 114 1
60 130 1
60 131 1
60 132 1
60 133 1
60 134 1
60 135 1
60 136 1
60 137 1
60 139 1
60 140 1
60 154 1
60 155 1
60 156 1
60 157 1
60 158 1
60 159 1
60 160 1
61 62 1
61 63 1
61 107 1
61 108 1
61 111 1
61 112 1
61 130 1
61 131 1
61 132 1
61 133 1
61 134 1
61 135 1
61 137 1
61 138 1
61 140 1
61 141 1
61 154 1
61 155 1
61 156 1
61 158 1
61 160 1
62 63 1
62 106 1
62 107 1
62 108 1
62 109 1
62 110 1
62 111 1
62 112 1
62 113 1
62 114 1
62 130 1
62 131 1
62 132 1
62 133 1
62 134 1
62 135 1
62 137 1
62 140 1
62 141 1
62 155 1
62 156 1
62 157 1
62 160 1
63 107 1
63 108 1
63 109 1
63 110 1
63 111 1
63 112 1
63 113 1
63 114 1
63 130 1
63 131 1
63 132 1
63 133 1
63 134 1
63 135 1
63 136 1
63 137 1
63 138 1
63 139 1
63 154 1
63 155 1
63 156 1
63 157 1
63 158 1
63 159 1
63 160 1
64 65 1
64 68 1
64 69 1
64 70 1
64 73 1
64 74 1
64 75 1
64 76 1
64 77 1
64 78 1
64 120 1
64 121 1
64 122 1
64 123 1
64 124 1
64 142 1
64 143 1
64 144 1
64 145 1
64 146 1
64 147 1
64 161 1
64 163 1
64 164 1
64 166 1
64 167 1
64 168 1
64 169 1
65 66 1
65 67 1
65 68 1
65 69 1
65 70 1
65 72 1
65 73 1
65 75 1
65 76 1
65 77 1
65 78 1
65 120 1
65 121 1
65 122 1
65 123 1
65 124 1
65 142 1
65 143 1
65 144 1
65 145 1
65 147 1
65 161 1
65 162 1
65 165 1
65 167 1
65 168 1
66 67 1
66 68 1
66 69 1
66 70 1
66 71 1
66 73 1
66 74 1
66 75 1
66 76 1
66 77 1
66 78 1
66 121 1
66 122 1
66 123 1
66 124 1
66 142 1
66 143 1
66 144 1
66 145 1
66 146 1
66 147 1
66 161 1
66 162 1
66 163 1
66 164 1
66 166 1
66 168 1
66 169 1
67 70 1
67 71 1
67 72 1
67 73 1
67 75 1
67 76 1
67 78 1
67 120 1
67 121 1
67 124 1
67 142 1
67 143 1
67 144 1
67 145 1
67 146 1
67 147 1
67 161 1
67 162 1
67 164 1
67 165 1
67 166 1
67 167 1
67 168 1
67 169 1
68 70 1
68 72 1
68 73 1
68 74 1
68 75 1
68 76 1
68 77 1
68 78 1
68 120 1
68 121 1
68 122 1
68 123 1
68 142 1
68 143 1
68 144 1
68 145 1
68 147 1
68 161 1
68 162 1
68 165 1
68 166 1
68 168 1
68 169 1
69 72 1
69 73 1
69 74 1
69 75 1
69 76 1
69 78 1
69 120 1
69 122 1
69 123 1
69 124 1
69 144 1
69 145 1
69 146 1
69 147 1
69 161 1
69 163 1
69 164 1
69 165 1
69 166 1
69 167 1
69 168 1
69 169 1
70 72 1
70 73 1
70 74 1
70 75 1
70 76 1
70 77 1
70 78 1
70 120 1
70 121 1
70 122 1
70 123 1
70 124 1
70 142 1
70 143 1
70 144 1
70 145 1
70 146 1
70 147 1
70 161 1
70 162 1
70 163 1
70 164 1
70 165 1
70 166 1
70 167 1
70 169 1
71 72 1
71 73 1
71 74 1
71 75 1
71 76 1
71 77 1
71 78 1
71 120 1
71 121 1
71 122 1
71 123 1
71 124 1
71 142 1
71 143 1
71 144 1
71 145 1
71 146 1
71 147 1
71 161 1
71 163 1
71 164 1
71 165 1
71 166 1
71 167 1
71 168 1
72 75 1
72 76 1
72 77 1
72 78 1
72 74 1
72 79 1
72 80 1
72 81 1
72 82 1
72 83 1
72 84 1
72 85 1
72 86 1
72 137 1
72 139 1
72 141 1
73 76 1
73 77 1
73 78 1
73 79 1
73 80 1
73 81 1
73 82 1
73 83 1
73 84 1
73 85 1
73 137 1
73 138 1
73 139 1
73 140 1
73 141 1
74 75 1
74 76 1
74 77 1
74 78 1
74 79 1
74 80 1
74 81 1
74 82 1
74 83 1
74 84 1
74 85 1
74 137 1
74 138 1
74 140 1
74 141 1
75 76 1
75 78 1
75 79 1
75 81 1
75 82 1
75 83 1
75 84 1
75 85 1
75 137 1
75 138 1
75 139 1
75 140 1
75 141 1
76 79 1
76 80 1
76 81 1
76 82 1
76 83 1
76 84 1
76 85 1
76 86 1
76 137 1
76 138 1
76 139 1
76 140 1
76 141 1
77 79 1
77 80 1
77 81 1
77 82 1
77 83 1
77 84 1
77 85 1
77 86 1
77 137 1
77 138 1
77 139 1
77 140 1
77 141 1
78 79 1
78 80 1
78 81 1
78 82 1
78 85 1
78 137 1
78 138 1
78 140 1
78 141 1
79 83 1
79 85 1
79 86 1
79 80 1
79 81 1
79 95 1
79 96 1
79 97 1
79 98 1
79 99 1
79 100 1
79 102 1
79 103 1
79 104 1
79 105 1
79 126 1
79 128 1
79 129 1
79 131 1
79 132 1
79 133 1
79 134 1
79 135 1
79 136 1
79 142 1
79 143 1
79 144 1
79 145 1
79 147 1
79 161 1
79 162 1
79 163 1
79 164 1
79 165 1
79 166 1
79 167 1
79 168 1
79 169 1
80 83 1
80 84 1
80 85 1
80 86 1
80 95 1
80 96 1
80 97 1
80 98 1
80 99 1
80 100 1
80 101 1
80 102 1
80 103 1
80 104 1
80 105 1
80 125 1
80 126 1
80 127 1
80 128 1
80 130 1
80 131 1
80 132 1
80 133 1
80 134 1
80 136 1
80 142 1
80 144 1
80 145 1
80 146 1
80 147 1
80 161 1
80 162 1
80 163 1
80 165 1
80 166 1
80 168 1
80 169 1
81 85 1
81 86 1
81 82 1
81 95 1
81 96 1
81 97 1
81 98 1
81 99 1
81 101 1
81 102 1
81 103 1
81 104 1
81 125 1
81 126 1
81 127 1
81 129 1
81 130 1
81 131 1
81 133 1
81 134 1
81 135 1
81 136 1
81 142 1
81 143 1
81 144 1
81 147 1
81 163 1
81 165 1
81 166 1
81 167 1
82 83 1
82 84 1
82 85 1
82 96 1
82 97 1
82 98 1
82 99 1
82 100 1
82 101 1
82 102 1
82 103 1
82 104 1
82 105 1
82 125 1
82 126 1
82 127 1
82 128 1
82 129 1
82 130 1
82 131 1
82 132 1
82 133 1
82 134 1
82 143 1
82 145 1
82 146 1
82 147 1
82 161 1
82 163 1
82 164 1
82 165 1
82 166 1
82 167 1
82 168 1
82 169 1
83 85 1
83 95 1
83 96 1
83 97 1
83 99 1
83 100 1
83 102 1
83 103 1
83 105 1
83 125 1
83 126 1
83 127 1
83 128 1
83 130 1
83 131 1
83 132 1
83 134 1
83 135 1
83 143 1
83 144 1
83 145 1
83 146 1
83 147 1
83 161 1
83 162 1
83 163 1
83 165 1
83 167 1
83 168 1
83 169 1
84 85 1
84 95 1
84 96 1
84 97 1
84 98 1
84 99 1
84 100 1
84 101 1
84 102 1
84 103 1
84 104 1
84 105 1
84 125 1
84 127 1
84 130 1
84 131 1
84 132 1
84 133 1
84 134 1
84 135 1
84 136 1
84 142 1
84 143 1
84 144 1
84 145 1
84 146 1
84 147 1
84 161 1
84 162 1
84 163 1
84 164 1
84 166 1
84 167 1
84 168 1
84 169 1
85 95 1
85 96 1
85 97 1
85 98 1
85 99 1
85 102 1
85 103 1
85 104 1
85 105 1
85 125 1
85 126 1
85 127 1
85 128 1
85 129 1
85 130 1
85 131 1
85 132 1
85 133 1
85 134 1
85 135 1
85 136 1
85 142 1
85 143 1
85 144 1
85 145 1
85 146 1
85 161 1
85 163 1
85 164 1
85 165 1
85 166 1
85 167 1
85 168 1
85 169 1
86 96 1
86 97 1
86 98 1
86 99 1
86 101 1
86 102 1
86 103 1
86 105 1
86 125 1
86 126 1
86 127 1
86 128 1
86 129 1
86 130 1
86 131 1
86 132 1
86 133 1
86 135 1
86 136 1
86 142 1
86 144 1
86 145 1
86 146 1
86 147 1
86 161 1
86 163 1
86 164 1
86 165 1
86 166 1
86 167 1
86 168 1
86 169 1
87 91 1
87 92 1
87 93 1
87 94 1
87 89 1
87 130 1
87 131 1
87 132 1
87 133 1
87 134 1
87 135 1
87 142 1
87 143 1
87 144 1
87 145 1
87 147 1
87 154 1
87 156 1
87 157 1
87 160 1
88 91 1
88 93 1
88 94 1
88 130 1
88 131 1
88 132 1
88 133 1
88 136 1
88 142 1
88 143 1
88 144 1
88 145 1
88 147 1
88 154 1
88 155 1
88 156 1
88 157 1
88 158 1
88 159 1
88 160 1
89 91 1
89 92 1
89 93 1
89 94 1
89 90 1
89 130 1
89 131 1
89 132 1
89 133 1
89 134 1
89 135 1
89 136 1
89 142 1
89 143 1
89 144 1
89 145 1
89 147 1
89 154 1
89 155 1
89 156 1
89 157 1
89 158 1
89 159 1
89 160 1
90 94 1
90 130 1
90 132 1
90 133 1
90 134 1
90 135 1
90 136 1
90 142 1
90 143 1
90 144 1
90 146 1
90 147 1
90 154 1
90 155 1
90 156 1
90 157 1
90 158 1
90 159 1
90 160 1
91 92 1
91 93 1
91 130 1
91 131 1
91 132 1
91 133 1
91 134 1
91 136 1
91 142 1
91 143 1
91 144 1
91 145 1
91 146 1
91 154 1
91 155 1
91 156 1
91 157 1
91 158 1
91 159 1
91 160 1
92 130 1
92 131 1
92 133 1
92 134 1
92 135 1
92 136 1
92 142 1
92 143 1
92 144 1
92 146 1
92 147 1
92 154 1
92 155 1
92 156 1
92 157 1
92 158 1
92 160 1
93 130 1
93 131 1
93 132 1
93 133 1
93 135 1
93 136 1
93 142 1
93 144 1
93 145 1
93 146 1
93 147 1
93 154 1
93 155 1
93 157 1
93 158 1
93 159 1
94 130 1
94 132 1
94 133 1
94 135 1
94 142 1
94 144 1
94 145 1
94 146 1
94 147 1
94 154 1
94 155 1
94 157 1
94 158 1
94 159 1
94 160 1
95 99 1
95 96 1
95 102 1
95 105 1
95 115 1
95 116 1
95 117 1
95 118 1
95 119 1
95 120 1
95 122 1
95 123 1
95 124 1
95 142 1
95 143 1
95 144 1
95 145 1
95 146 1
95 148 1
95 149 1
95 150 1
95 152 1
95 161 1
95 162 1
95 163 1
95 164 1
95 165 1
95 166 1
95 167 1
95 168 1
95 169 1
96 98 1
96 99 1
96 100 1
96 101 1
96 102 1
96 103 1
96 104 1
96 105 1
96 115 1
96 116 1
96 119 1
96 120 1
96 121 1
96 122 1
96 123 1
96 124 1
96 142 1
96 143 1
96 144 1
96 146 1
96 147 1
96 148 1
96 149 1
96 150 1
96 151 1
96 161 1
96 162 1
96 163 1
96 164 1
96 165 1
96 166 1
96 167 1
96 168 1
96 169 1
97 99 1
97 100 1
97 102 1
97 105 1
97 115 1
97 117 1
97 118 1
97 119 1
97 121 1
97 122 1
97 123 1
97 124 1
97 142 1
97 143 1
97 145 1
97 146 1
97 147 1
97 148 1
97 149 1
97 151 1
97 152 1
97 153 1
97 162 1
97 163 1
97 164 1
97 165 1
97 166 1
97 169 1
98 100 1
98 101 1
98 103 1
98 104 1
98 115 1
98 116 1
98 117 1
98 118 1
98 119 1
98 120 1
98 121 1
98 122 1
98 124 1
98 142 1
98 143 1
98 144 1
98 145 1
98 146 1
98 147 1
98 148 1
98 149 1
98 150 1
98 151 1
98 153 1
98 161 1
98 162 1
98 163 1
98 164 1
98 165 1
98 166 1
98 167 1
98 169 1
99 102 1
99 104 1
99 105 1
99 115 1
99 116 1
99 117 1
99 118 1
99 121 1
99 122 1
99 123 1
99 124 1
99 142 1
99 143 1
99 146 1
99 147 1
99 148 1
99 149 1
99 151 1
99 152 1
99 153 1
99 161 1
99 162 1
99 163 1
99 164 1
99 166 1
99 167 1
99 168 1
99 169 1
100 103 1
100 104 1
100 106 1
100 107 1
100 108 1
100 109 1
100 110 1
100 111 1
100 112 1
100 113 1
100 114 1
100 120 1
100 121 1
100 123 1
100 130 1
100 132 1
100 133 1
100 134 1
100 135 1
100 136 1
100 148 1
100 150 1
100 151 1
100 152 1
100 153 1
100 161 1
100 162 1
100 165 1
100 166 1
100 167 1
100 168 1
100 169 1
101 103 1
101 104 1
101 105 1
101 106 1
101 107 1
101 108 1
101 109 1
101 110 1
101 111 1
101 112 1
101 113 1
101 114 1
101 120 1
101 121 1
101 123 1
101 124 1
101 130 1
101 131 1
101 132 1
101 133 1
101 134 1
101 135 1
101 136 1
101 149 1
101 150 1
101 151 1
101 152 1
101 153 1
101 161 1
101 163 1
101 165 1
101 166 1
101 167 1
101 168 1
102 103 1
102 104 1
102 105 1
102 106 1
102 107 1
102 108 1
102 109 1
102 111 1
102 112 1
102 113 1
102 114 1
102 120 1
102 121 1
102 122 1
102 124 1
102 130 1
102 131 1
102 132 1
102 133 1
102 134 1
102 135 1
102 148 1
102 149 1
102 150 1
102 151 1
102 153 1
102 161 1
102 162 1
102 163 1
102 164 1
102 166 1
102 167 1
102 168 1
102 169 1
103 106 1
103 107 1
103 108 1
103 109 1
103 110 1
103 111 1
103 113 1
103 114 1
103 121 1
103 122 1
103 123 1
103 124 1
103 130 1
103 132 1
103 134 1
103 135 1
103 136 1
103 149 1
103 151 1
103 152 1
103 153 1
103 161 1
103 165 1
103 166 1
103 168 1
103 169 1
104 106 1
104 107 1
104 109 1
104 110 1
104 111 1
104 112 1
104 113 1
104 114 1
104 120 1
104 121 1
104 123 1
104 124 1
104 130 1
104 131 1
104 133 1
104 135 1
104 136 1
104 148 1
104 149 1
104 150 1
104 151 1
104 152 1
104 153 1
104 161 1
104 162 1
104 163 1
104 164 1
104 165 1
104 166 1
104 167 1
104 168 1
104 169 1
105 106 1
105 107 1
105 108 1
105 109 1
105 110 1
105 111 1
105 112 1
105 113 1
105 114 1
105 121 1
105 123 1
105 124 1
105 130 1
105 131 1
105 132 1
105 134 1
105 135 1
105 136 1
105 148 1
105 149 1
105 150 1
105 151 1
105 152 1
105 153 1
105 161 1
105 162 1
105 163 1
105 164 1
105 165 1
105 166 1
105 167 1
105 168 1
105 169 1
106 107 1
106 112 1
106 120 1
106 121 1
106 122 1
106 124 1
107 108 1
107 112 1
107 120 1
107 122 1
107 123 1
108 109 1
108 110 1
108 120 1
108 121 1
108 122 1
108 123 1
109 111 1
109 113 1
109 120 1
109 121 1
109 122 1
109 123 1
109 124 1
110 112 1
110 120 1
110 122 1
110 124 1
111 120 1
111 121 1
111 122 1
111 123 1
111 124 1
112 113 1
112 121 1
112 123 1
112 124 1
113 120 1
113 121 1
113 122 1
113 123 1
113 124 1
114 120 1
114 122 1
114 123 1
114 124 1
115 116 1
115 120 1
115 121 1
115 122 1
115 123 1
115 124 1
115 126 1
115 127 1
115 128 1
115 129 1
115 130 1
115 131 1
115 132 1
115 135 1
115 136 1
115 138 1
115 139 1
115 140 1
115 141 1
115 154 1
115 155 1
115 156 1
115 157 1
115 159 1
115 160 1
116 117 1
116 120 1
116 121 1
116 122 1
116 123 1
116 124 1
116 125 1
116 127 1
116 128 1
116 129 1
116 130 1
116 131 1
116 132 1
116 133 1
116 135 1
116 136 1
116 137 1
116 138 1
116 139 1
116 154 1
116 155 1
116 156 1
116 157 1
116 158 1
116 160 1
117 121 1
117 123 1
117 125 1
117 126 1
117 127 1
117 128 1
117 129 1
117 130 1
117 133 1
117 134 1
117 135 1
117 136 1
117 137 1
117 138 1
117 140 1
117 141 1
117 154 1
117 155 1
117 156 1
117 157 1
117 158 1
117 159 1
117 160 1
118 119 1
118 120 1
118 121 1
118 122 1
118 124 1
118 126 1
118 128 1
118 129 1
118 130 1
118 131 1
118 132 1
118 133 1
118 134 1
118 135 1
118 136 1
118 137 1
118 138 1
118 139 1
118 140 1
118 141 1
118 154 1
118 155 1
118 156 1
118 157 1
118 159 1
118 160 1
119 120 1
119 121 1
119 122 1
119 123 1
119 124 1
119 125 1
119 126 1
119 127 1
119 128 1
119 129 1
119 130 1
119 131 1
119 132 1
119 133 1
119 134 1
119 135 1
119 136 1
119 138 1
119 140 1
119 141 1
119 154 1
119 156 1
119 157 1
119 158 1
119 159 1
119 160 1
120 121 1
120 123 1
120 124 1
120 148 1
120 149 1
120 152 1
120 153 1
120 155 1
120 156 1
120 158 1
120 159 1
120 160 1
121 122 1
121 148 1
121 149 1
121 150 1
121 151 1
121 152 1
121 153 1
121 154 1
121 155 1
121 156 1
121 157 1
121 159 1
121 160 1
122 123 1
122 124 1
122 148 1
122 149 1
122 150 1
122 151 1
122 152 1
122 153 1
122 154 1
122 155 1
122 157 1
122 158 1
122 160 1
123 124 1
123 148 1
123 149 1
123 151 1
123 152 1
123 153 1
123 154 1
123 155 1
123 156 1
123 157 1
123 158 1
123 159 1
124 148 1
124 149 1
124 151 1
124 152 1
124 153 1
124 155 1
124 156 1
124 158 1
124 160 1
125 126 1
126 127 1
127 128 1
128 129 1
130 132 1
130 133 1
130 134 1
130 136 1
131 134 1
131 135 1
132 134 1
133 134 1
133 136 1
134 135 1
135 136 1
137 148 1
137 149 1
137 150 1
137 151 1
137 152 1
137 153 1
137 155 1
137 156 1
137 157 1
137 158 1
137 160 1
137 162 1
137 163 1
137 164 1
137 165 1
137 166 1
137 168 1
137 169 1
138 148 1
138 149 1
138 151 1
138 155 1
138 156 1
138 157 1
138 158 1
138 159 1
138 160 1
138 161 1
138 162 1
138 163 1
138 164 1
138 165 1
138 167 1
138 168 1
138 169 1
139 140 1
139 148 1
139 149 1
139 150 1
139 151 1
139 153 1
139 154 1
139 155 1
139 156 1
139 157 1
139 158 1
139 159 1
139 160 1
139 161 1
139 162 1
139 163 1
139 165 1
139 166 1
139 167 1
139 168 1
139 169 1
140 148 1
140 149 1
140 150 1
140 151 1
140 152 1
140 154 1
140 155 1
140 156 1
140 157 1
140 160 1
140 161 1
140 162 1
140 163 1
140 164 1
140 166 1
140 167 1
140 169 1
141 148 1
141 150 1
141 152 1
141 153 1
141 154 1
141 155 1
141 156 1
141 157 1
141 158 1
141 161 1
141 162 1
141 163 1
141 164 1
141 165 1
142 144 1
142 146 1
142 147 1
143 145 1
143 147 1
148 150 1
148 162 1
148 164 1
148 166 1
148 168 1
148 169 1
149 153 1
149 161 1
149 162 1
149 163 1
149 164 1
149 165 1
149 166 1
149 167 1
149 168 1
149 169 1
150 151 1
150 152 1
150 161 1
150 162 1
150 163 1
150 164 1
150 165 1
150 166 1
150 168 1
150 169 1
151 161 1
151 162 1
151 163 1
151 164 1
151 165 1
151 166 1
151 167 1
151 168 1
151 169 1
152 161 1
152 162 1
152 163 1
152 164 1
152 165 1
152 166 1
152 167 1
152 168 1
152 169 1
153 161 1
153 162 1
153 164 1
153 165 1
153 166 1
153 167 1
153 168 1
153 169 1
155 159 1
156 158 1
156 160 1
159 160 1
161 164 1
161 169 1
162 163 1
162 165 1
162 167 1
162 169 1
163 165 1
163 166 1
163 168 1
166 167 1
167 169 1
