1 2 1
1 4 1
1 5 1
1 99 1
1 102 1
1 103 1
2 99 1
2 100 1
2 101 1
2 102 1
3 98 1
3 100 1
4 5 1
4 98 1
4 99 1
4 100 1
4 102 1
5 98 1
5 99 1
5 100 1
5 102 1
5 103 1
5 104 1
6 7 1
6 8 1
6 9 1
6 74 1
6 76 1
6 84 1
6 85 1
6 88 1
6 89 1
6 90 1
6 91 1
6 94 1
6 95 1
6 97 1
6 98 1
6 101 1
6 103 1
7 9 1
7 72 1
7 74 1
7 83 1
7 85 1
7 94 1
7 95 1
7 96 1
7 98 1
7 99 1
7 100 1
7 103 1
7 104 1
8 73 1
8 84 1
8 86 1
8 87 1
8 90 1
8 91 1
8 95 1
8 96 1
8 97 1
8 98 1
8 101 1
8 102 1
9 72 1
9 73 1
9 74 1
9 75 1
9 86 1
9 87 1
9 88 1
9 89 1
9 91 1
9 92 1
9 96 1
9 98 1
9 99 1
9 104 1
10 74 1
10 84 1
10 85 1
10 87 1
10 92 1
10 94 1
10 95 1
10 97 1
10 98 1
10 99 1
10 101 1
10 102 1
10 103 1
10 104 1
11 12 1
11 13 1
11 14 1
11 60 1
11 68 1
11 70 1
11 71 1
11 72 1
11 75 1
11 76 1
11 77 1
11 81 1
11 114 1
11 115 1
11 116 1
11 118 1
11 120 1
12 15 1
12 60 1
12 61 1
12 63 1
12 69 1
12 71 1
12 73 1
12 75 1
12 77 1
12 78 1
12 80 1
12 114 1
12 115 1
12 116 1
12 117 1
12 118 1
12 120 1
13 15 1
13 59 1
13 60 1
13 61 1
13 63 1
13 66 1
13 67 1
13 68 1
13 69 1
13 70 1
13 72 1
13 75 1
13 77 1
13 78 1
13 79 1
13 80 1
13 81 1
13 82 1
13 114 1
13 115 1
13 117 1
13 120 1
14 16 1
14 60 1
14 62 1
14 63 1
14 64 1
14 66 1
14 67 1
14 70 1
14 71 1
14 73 1
14 74 1
14 80 1
14 82 1
14 114 1
14 116 1
14 119 1
14 120 1
15 62 1
15 63 1
15 64 1
15 69 1
15 70 1
15 71 1
15 73 1
15 74 1
15 75 1
15 76 1
15 79 1
15 82 1
15 114 1
15 117 1
15 119 1
15 120 1
16 64 1
16 65 1
16 66 1
16 67 1
16 68 1
16 69 1
16 70 1
16 72 1
16 73 1
16 74 1
16 77 1
16 79 1
16 80 1
16 81 1
16 82 1
16 114 1
16 115 1
16 116 1
16 117 1
16 118 1
16 120 1
17 19 1
17 20 1
17 21 1
17 36 1
17 37 1
17 39 1
17 41 1
17 42 1
17 43 1
17 44 1
17 49 1
17 62 1
17 63 1
17 81 1
17 92 1
17 93 1
17 94 1
17 95 1
17 97 1
17 98 1
17 102 1
18 36 1
18 37 1
18 43 1
18 44 1
18 45 1
18 46 1
18 47 1
18 48 1
18 60 1
18 61 1
18 63 1
18 77 1
18 78 1
18 79 1
18 91 1
18 92 1
18 93 1
18 94 1
18 96 1
18 98 1
18 99 1
18 103 1
19 20 1
19 36 1
19 39 1
19 42 1
19 43 1
19 45 1
19 49 1
19 82 1
19 91 1
19 92 1
19 93 1
19 98 1
19 100 1
19 102 1
20 37 1
20 39 1
20 41 1
20 43 1
20 44 1
20 47 1
20 48 1
20 49 1
20 59 1
20 62 1
20 78 1
20 79 1
20 82 1
20 91 1
20 95 1
20 97 1
20 99 1
20 100 1
20 102 1
21 36 1
21 37 1
21 39 1
21 43 1
21 44 1
21 45 1
21 59 1
21 61 1
21 78 1
21 79 1
21 80 1
21 81 1
21 82 1
21 94 1
21 95 1
21 97 1
21 98 1
21 100 1
21 101 1
21 102 1
21 104 1
22 23 1
22 24 1
22 25 1
22 27 1
22 28 1
22 32 1
22 33 1
22 34 1
22 36 1
22 37 1
22 38 1
22 40 1
22 41 1
22 44 1
22 51 1
22 55 1
22 56 1
22 57 1
22 59 1
22 61 1
22 62 1
22 63 1
22 97 1
22 100 1
22 101 1
22 102 1
22 103 1
22 104 1
22 116 1
22 118 1
22 120 1
22 138 1
22 140 1
23 28 1
23 29 1
23 33 1
23 35 1
23 37 1
23 39 1
23 41 1
23 50 1
23 51 1
23 52 1
23 54 1
23 55 1
23 58 1
23 59 1
23 62 1
23 63 1
23 98 1
23 100 1
23 101 1
23 104 1
23 115 1
23 117 1
23 118 1
23 119 1
23 138 1
23 139 1
23 140 1
23 141 1
24 25 1
24 26 1
24 29 1
24 33 1
24 36 1
24 37 1
24 43 1
24 50 1
24 51 1
24 52 1
24 57 1
24 59 1
24 60 1
24 98 1
24 103 1
24 115 1
24 116 1
24 118 1
24 138 1
24 139 1
24 140 1
24 141 1
25 27 1
25 28 1
25 32 1
25 33 1
25 35 1
25 36 1
25 37 1
25 40 1
25 42 1
25 43 1
25 44 1
25 52 1
25 53 1
25 54 1
25 55 1
25 59 1
25 60 1
25 63 1
25 97 1
25 98 1
25 99 1
25 100 1
25 102 1
25 104 1
25 114 1
25 116 1
25 120 1
25 138 1
25 139 1
25 140 1
26 27 1
26 29 1
26 30 1
26 33 1
26 35 1
26 37 1
26 39 1
26 40 1
26 41 1
26 43 1
26 50 1
26 51 1
26 52 1
26 53 1
26 55 1
26 58 1
26 59 1
26 61 1
26 100 1
26 101 1
26 102 1
26 103 1
26 104 1
26 116 1
26 118 1
26 138 1
26 139 1
26 140 1
26 141 1
27 28 1
27 30 1
27 31 1
27 32 1
27 33 1
27 34 1
27 35 1
27 38 1
27 39 1
27 41 1
27 44 1
27 64 1
27 65 1
27 66 1
27 67 1
27 70 1
27 71 1
27 91 1
27 92 1
27 97 1
27 101 1
27 102 1
27 103 1
27 104 1
27 114 1
27 115 1
27 116 1
27 117 1
27 119 1
27 120 1
27 128 1
27 131 1
27 132 1
27 134 1
27 136 1
27 137 1
27 138 1
27 148 1
28 29 1
28 30 1
28 31 1
28 32 1
28 33 1
28 35 1
28 36 1
28 37 1
28 39 1
28 40 1
28 41 1
28 43 1
28 66 1
28 67 1
28 69 1
28 71 1
28 94 1
28 96 1
28 98 1
28 99 1
28 102 1
28 114 1
28 115 1
28 116 1
28 117 1
28 118 1
28 128 1
28 129 1
28 130 1
28 132 1
28 133 1
28 135 1
28 136 1
28 137 1
28 138 1
28 139 1
28 140 1
28 148 1
28 149 1
28 151 1
28 153 1
29 31 1
29 32 1
29 33 1
29 34 1
29 35 1
29 37 1
29 39 1
29 41 1
29 64 1
29 67 1
29 69 1
29 70 1
29 71 1
29 92 1
29 93 1
29 94 1
29 97 1
29 98 1
29 99 1
29 100 1
29 102 1
29 103 1
29 104 1
29 115 1
29 119 1
29 120 1
29 129 1
29 130 1
29 131 1
29 132 1
29 133 1
29 136 1
29 139 1
29 140 1
29 150 1
29 151 1
29 152 1
30 31 1
30 33 1
30 34 1
30 35 1
30 36 1
30 38 1
30 39 1
30 41 1
30 42 1
30 43 1
30 44 1
30 64 1
30 65 1
30 66 1
30 67 1
30 68 1
30 69 1
30 71 1
30 91 1
30 94 1
30 95 1
30 96 1
30 99 1
30 102 1
30 103 1
30 114 1
30 116 1
30 118 1
30 119 1
30 120 1
30 129 1
30 132 1
30 133 1
30 135 1
30 139 1
30 140 1
30 141 1
30 148 1
30 150 1
30 151 1
30 153 1
31 32 1
31 33 1
31 34 1
31 36 1
31 37 1
31 38 1
31 44 1
31 64 1
31 66 1
31 68 1
31 69 1
31 92 1
31 94 1
31 95 1
31 96 1
31 98 1
31 99 1
31 101 1
31 115 1
31 116 1
31 117 1
31 128 1
31 129 1
31 132 1
31 133 1
31 135 1
31 136 1
31 137 1
31 138 1
31 149 1
31 151 1
32 33 1
32 36 1
32 38 1
32 41 1
32 43 1
32 65 1
32 71 1
32 92 1
32 94 1
32 95 1
32 97 1
32 98 1
32 100 1
32 102 1
32 103 1
32 104 1
32 115 1
32 116 1
32 117 1
32 119 1
32 129 1
32 131 1
32 132 1
32 136 1
32 137 1
32 139 1
32 140 1
32 141 1
32 149 1
32 151 1
32 153 1
33 34 1
33 35 1
33 36 1
33 38 1
33 39 1
33 40 1
33 42 1
33 43 1
33 44 1
33 65 1
33 66 1
33 68 1
33 70 1
33 71 1
33 91 1
33 92 1
33 94 1
33 98 1
33 99 1
33 102 1
33 115 1
33 116 1
33 117 1
33 119 1
33 120 1
33 128 1
33 129 1
33 130 1
33 132 1
33 133 1
33 136 1
33 137 1
33 138 1
33 141 1
33 148 1
33 149 1
33 151 1
34 37 1
34 38 1
34 39 1
34 44 1
34 64 1
34 65 1
34 66 1
34 68 1
34 69 1
34 70 1
34 92 1
34 96 1
34 101 1
34 103 1
34 104 1
34 114 1
34 116 1
34 117 1
34 118 1
34 119 1
34 120 1
34 129 1
34 131 1
34 133 1
34 135 1
34 137 1
34 139 1
34 141 1
34 148 1
34 149 1
35 37 1
35 39 1
35 40 1
35 41 1
35 43 1
35 65 1
35 69 1
35 70 1
35 92 1
35 93 1
35 94 1
35 97 1
35 101 1
35 114 1
35 116 1
35 118 1
35 119 1
35 120 1
35 129 1
35 131 1
35 132 1
35 134 1
35 135 1
35 136 1
35 138 1
35 139 1
35 141 1
35 151 1
35 152 1
36 37 1
36 39 1
36 41 1
36 42 1
36 43 1
36 45 1
36 46 1
36 49 1
36 52 1
36 53 1
36 54 1
36 56 1
36 145 1
36 146 1
37 38 1
37 39 1
37 41 1
37 43 1
37 44 1
37 45 1
37 48 1
37 49 1
37 50 1
37 51 1
37 52 1
37 53 1
37 54 1
37 55 1
37 143 1
37 144 1
37 147 1
38 40 1
38 41 1
38 42 1
38 43 1
38 44 1
38 45 1
38 47 1
38 49 1
38 50 1
38 51 1
38 52 1
38 53 1
38 55 1
38 58 1
38 142 1
38 143 1
38 147 1
39 40 1
39 41 1
39 44 1
39 52 1
39 53 1
39 56 1
39 58 1
39 144 1
40 42 1
40 43 1
40 44 1
40 45 1
40 55 1
40 56 1
40 142 1
40 143 1
40 144 1
40 145 1
40 146 1
41 42 1
41 43 1
41 46 1
41 48 1
41 51 1
41 54 1
41 56 1
41 57 1
41 58 1
41 142 1
41 143 1
41 146 1
41 147 1
42 43 1
42 44 1
42 45 1
42 48 1
42 50 1
42 51 1
42 53 1
42 55 1
42 56 1
42 57 1
42 58 1
42 142 1
42 145 1
42 146 1
42 147 1
43 45 1
43 46 1
43 48 1
43 49 1
43 50 1
43 51 1
43 54 1
43 56 1
43 142 1
43 143 1
43 146 1
44 45 1
44 46 1
44 47 1
44 48 1
44 49 1
44 53 1
44 143 1
45 46 1
45 47 1
45 48 1
45 49 1
45 73 1
45 75 1
45 76 1
45 122 1
45 123 1
45 124 1
45 126 1
45 127 1
45 128 1
45 129 1
45 130 1
45 159 1
45 161 1
45 162 1
45 163 1
45 164 1
46 47 1
46 48 1
46 73 1
46 74 1
46 75 1
46 76 1
46 122 1
46 123 1
46 124 1
46 125 1
46 126 1
46 131 1
46 132 1
46 133 1
46 137 1
46 139 1
46 140 1
46 141 1
46 159 1
46 160 1
46 162 1
47 49 1
47 73 1
47 74 1
47 75 1
47 76 1
47 123 1
47 125 1
47 129 1
47 131 1
47 134 1
47 135 1
47 136 1
47 137 1
47 140 1
47 141 1
47 161 1
47 164 1
48 74 1
48 75 1
48 121 1
48 122 1
48 124 1
48 125 1
48 126 1
48 127 1
48 131 1
48 132 1
48 133 1
48 134 1
48 136 1
48 137 1
48 138 1
48 139 1
48 160 1
48 161 1
48 163 1
48 164 1
49 74 1
49 122 1
49 124 1
49 126 1
49 127 1
49 131 1
49 132 1
49 133 1
49 137 1
49 139 1
49 140 1
49 141 1
49 162 1
49 164 1
50 51 1
50 52 1
50 54 1
50 55 1
50 56 1
50 57 1
50 58 1
50 67 1
50 70 1
50 75 1
50 76 1
50 83 1
50 84 1
50 86 1
50 89 1
50 90 1
50 114 1
50 117 1
50 118 1
50 119 1
50 132 1
50 142 1
50 144 1
50 147 1
51 52 1
51 54 1
51 56 1
51 57 1
51 58 1
51 64 1
51 67 1
51 68 1
51 69 1
51 72 1
51 73 1
51 85 1
51 86 1
51 88 1
51 90 1
51 116 1
51 117 1
51 118 1
51 119 1
51 128 1
51 131 1
51 132 1
51 133 1
51 135 1
51 136 1
51 143 1
51 144 1
51 145 1
51 146 1
52 55 1
52 56 1
52 57 1
52 58 1
52 65 1
52 68 1
52 72 1
52 73 1
52 74 1
52 75 1
52 76 1
52 83 1
52 85 1
52 87 1
52 90 1
52 114 1
52 115 1
52 117 1
52 119 1
52 128 1
52 131 1
52 132 1
52 134 1
52 136 1
52 143 1
52 145 1
53 54 1
53 55 1
53 56 1
53 57 1
53 58 1
53 64 1
53 68 1
53 69 1
53 71 1
53 72 1
53 74 1
53 83 1
53 85 1
53 86 1
53 89 1
53 90 1
53 115 1
53 118 1
53 119 1
53 120 1
53 132 1
53 135 1
53 142 1
53 143 1
53 144 1
53 146 1
54 56 1
54 58 1
54 65 1
54 66 1
54 67 1
54 69 1
54 70 1
54 72 1
54 73 1
54 76 1
54 83 1
54 84 1
54 85 1
54 87 1
54 90 1
54 114 1
54 115 1
54 116 1
54 119 1
54 120 1
54 130 1
54 131 1
54 133 1
54 136 1
54 142 1
54 143 1
54 144 1
54 145 1
54 146 1
54 147 1
55 57 1
55 58 1
55 64 1
55 65 1
55 67 1
55 71 1
55 72 1
55 75 1
55 85 1
55 88 1
55 90 1
55 117 1
55 118 1
55 119 1
55 120 1
55 130 1
55 133 1
55 134 1
55 142 1
55 145 1
55 146 1
56 57 1
56 58 1
56 64 1
56 65 1
56 66 1
56 69 1
56 70 1
56 71 1
56 74 1
56 75 1
56 86 1
56 87 1
56 88 1
56 114 1
56 116 1
56 117 1
56 120 1
56 128 1
56 129 1
56 134 1
56 135 1
56 136 1
56 142 1
56 144 1
56 145 1
56 147 1
57 64 1
57 67 1
57 69 1
57 70 1
57 71 1
57 73 1
57 74 1
57 83 1
57 86 1
57 115 1
57 117 1
57 129 1
57 132 1
57 134 1
57 136 1
57 145 1
57 146 1
57 147 1
58 67 1
58 68 1
58 69 1
58 70 1
58 75 1
58 76 1
58 83 1
58 87 1
58 88 1
58 89 1
58 115 1
58 117 1
58 118 1
58 128 1
58 132 1
58 133 1
58 134 1
58 135 1
58 142 1
58 144 1
58 145 1
59 62 1
59 63 1
59 73 1
59 74 1
59 75 1
59 76 1
59 79 1
59 82 1
59 85 1
59 86 1
59 88 1
59 90 1
59 92 1
59 93 1
59 96 1
59 128 1
59 130 1
59 131 1
59 135 1
59 136 1
60 62 1
60 63 1
60 74 1
60 78 1
60 79 1
60 81 1
60 85 1
60 87 1
60 89 1
60 90 1
60 91 1
60 93 1
60 94 1
60 95 1
60 96 1
60 129 1
61 62 1
61 63 1
61 74 1
61 76 1
61 77 1
61 78 1
61 82 1
61 83 1
61 87 1
61 89 1
61 92 1
61 94 1
61 95 1
61 96 1
61 129 1
61 130 1
61 131 1
61 132 1
61 133 1
61 136 1
62 63 1
62 74 1
62 75 1
62 77 1
62 79 1
62 83 1
62 84 1
62 85 1
62 87 1
62 88 1
62 91 1
62 96 1
62 128 1
62 129 1
62 130 1
62 135 1
62 136 1
63 72 1
63 75 1
63 77 1
63 78 1
63 79 1
63 80 1
63 82 1
63 84 1
63 87 1
63 88 1
63 93 1
63 94 1
63 95 1
63 129 1
63 131 1
63 132 1
63 133 1
63 134 1
63 135 1
64 69 1
64 70 1
64 71 1
64 66 1
64 67 1
64 115 1
64 116 1
64 117 1
64 118 1
64 120 1
64 159 1
64 161 1
64 163 1
64 164 1
65 68 1
65 70 1
65 71 1
65 114 1
65 115 1
65 116 1
65 117 1
65 118 1
65 119 1
65 160 1
65 161 1
65 162 1
66 68 1
66 70 1
66 71 1
66 67 1
66 114 1
66 115 1
66 116 1
66 117 1
66 119 1
66 120 1
67 68 1
67 69 1
67 70 1
67 71 1
67 114 1
67 160 1
68 114 1
68 115 1
68 117 1
68 118 1
68 120 1
68 161 1
69 71 1
69 114 1
69 115 1
69 117 1
69 161 1
70 116 1
70 117 1
70 119 1
70 159 1
70 161 1
70 162 1
70 164 1
71 120 1
71 159 1
71 160 1
71 161 1
71 164 1
72 74 1
72 75 1
72 76 1
72 83 1
72 85 1
72 87 1
72 88 1
72 89 1
72 92 1
72 93 1
72 94 1
72 95 1
72 105 1
72 106 1
72 108 1
72 109 1
72 111 1
72 121 1
72 122 1
72 124 1
72 126 1
72 138 1
72 141 1
72 144 1
72 146 1
73 74 1
73 76 1
73 83 1
73 85 1
73 86 1
73 89 1
73 90 1
73 92 1
73 93 1
73 94 1
73 95 1
73 96 1
73 107 1
73 108 1
73 109 1
73 110 1
73 111 1
73 123 1
73 127 1
73 138 1
73 139 1
73 140 1
73 142 1
73 143 1
74 76 1
74 83 1
74 85 1
74 89 1
74 96 1
74 108 1
74 110 1
74 113 1
74 122 1
74 127 1
74 137 1
74 138 1
74 141 1
74 145 1
74 147 1
75 83 1
75 84 1
75 85 1
75 87 1
75 93 1
75 94 1
75 95 1
75 96 1
75 106 1
75 107 1
75 110 1
75 113 1
75 121 1
75 124 1
75 127 1
75 138 1
75 140 1
75 143 1
75 144 1
75 145 1
75 146 1
75 147 1
76 84 1
76 86 1
76 88 1
76 89 1
76 91 1
76 93 1
76 95 1
76 96 1
76 105 1
76 107 1
76 108 1
76 109 1
76 110 1
76 113 1
76 122 1
76 124 1
76 127 1
76 138 1
76 142 1
76 144 1
76 145 1
76 146 1
77 80 1
77 81 1
77 82 1
77 79 1
77 91 1
77 92 1
77 94 1
77 107 1
77 108 1
77 111 1
77 112 1
77 122 1
77 123 1
77 124 1
77 127 1
77 129 1
77 131 1
77 133 1
77 135 1
77 136 1
77 140 1
78 81 1
78 82 1
78 91 1
78 92 1
78 94 1
78 107 1
78 110 1
78 111 1
78 112 1
78 113 1
78 121 1
78 122 1
78 126 1
78 129 1
78 130 1
78 134 1
78 135 1
78 136 1
78 137 1
78 138 1
78 141 1
79 80 1
79 81 1
79 82 1
79 91 1
79 92 1
79 93 1
79 94 1
79 95 1
79 96 1
79 105 1
79 110 1
79 111 1
79 112 1
79 113 1
79 125 1
79 126 1
79 127 1
79 128 1
79 129 1
79 136 1
79 137 1
79 138 1
79 139 1
79 141 1
80 96 1
80 106 1
80 107 1
80 109 1
80 110 1
80 111 1
80 112 1
80 113 1
80 121 1
80 122 1
80 124 1
80 129 1
80 130 1
80 131 1
80 132 1
80 136 1
81 91 1
81 95 1
81 96 1
81 105 1
81 107 1
81 109 1
81 110 1
81 112 1
81 113 1
81 121 1
81 122 1
81 124 1
81 125 1
81 126 1
81 127 1
81 128 1
81 130 1
81 131 1
81 133 1
81 134 1
81 136 1
81 137 1
81 139 1
81 141 1
82 95 1
82 107 1
82 108 1
82 111 1
82 121 1
82 122 1
82 123 1
82 125 1
82 126 1
82 127 1
82 128 1
82 130 1
82 134 1
82 135 1
82 136 1
82 138 1
82 140 1
82 141 1
83 89 1
83 90 1
83 85 1
83 86 1
83 105 1
83 106 1
83 110 1
83 112 1
83 113 1
83 125 1
83 126 1
83 127 1
83 139 1
83 140 1
83 149 1
83 150 1
83 151 1
83 152 1
83 153 1
84 87 1
84 88 1
84 90 1
84 105 1
84 106 1
84 107 1
84 110 1
84 112 1
84 123 1
84 124 1
84 126 1
84 138 1
84 139 1
84 141 1
84 148 1
84 149 1
84 153 1
85 87 1
85 90 1
85 86 1
85 106 1
85 108 1
85 111 1
85 112 1
85 122 1
85 123 1
85 124 1
85 125 1
85 126 1
85 127 1
85 138 1
85 141 1
85 150 1
85 153 1
86 87 1
86 88 1
86 89 1
86 90 1
86 105 1
86 106 1
86 109 1
86 110 1
86 111 1
86 113 1
86 122 1
86 140 1
86 141 1
86 148 1
86 153 1
87 90 1
87 105 1
87 106 1
87 107 1
87 108 1
87 110 1
87 112 1
87 123 1
87 124 1
87 125 1
87 127 1
87 137 1
87 138 1
87 148 1
87 150 1
87 151 1
87 152 1
87 153 1
88 90 1
88 105 1
88 106 1
88 107 1
88 108 1
88 109 1
88 111 1
88 112 1
88 113 1
88 123 1
88 124 1
88 126 1
88 127 1
88 138 1
88 139 1
88 140 1
88 141 1
88 149 1
88 153 1
89 90 1
89 105 1
89 108 1
89 109 1
89 110 1
89 111 1
89 112 1
89 121 1
89 122 1
89 123 1
89 127 1
89 137 1
89 138 1
89 139 1
89 140 1
89 141 1
89 148 1
89 152 1
89 153 1
90 106 1
90 107 1
90 109 1
90 110 1
90 111 1
90 113 1
90 124 1
90 125 1
90 126 1
90 139 1
90 140 1
90 149 1
91 94 1
91 95 1
91 96 1
91 115 1
91 116 1
91 117 1
91 118 1
91 119 1
91 148 1
91 149 1
91 152 1
91 153 1
91 156 1
91 157 1
92 94 1
92 96 1
92 114 1
92 115 1
92 119 1
92 148 1
92 149 1
92 150 1
92 151 1
92 152 1
92 153 1
92 154 1
92 156 1
93 94 1
93 95 1
93 96 1
93 115 1
93 116 1
93 118 1
93 119 1
93 120 1
93 148 1
93 150 1
93 152 1
93 155 1
93 156 1
94 96 1
94 116 1
94 119 1
94 120 1
94 151 1
94 155 1
94 156 1
95 116 1
95 117 1
95 118 1
95 148 1
95 149 1
95 150 1
95 151 1
95 153 1
96 114 1
96 115 1
96 117 1
96 118 1
96 148 1
96 149 1
96 150 1
96 154 1
96 158 1
97 98 1
97 100 1
97 101 1
97 102 1
97 108 1
97 109 1
97 111 1
97 113 1
97 149 1
97 150 1
97 153 1
98 105 1
98 106 1
98 110 1
98 111 1
98 112 1
98 148 1
98 150 1
98 151 1
98 152 1
98 153 1
99 100 1
99 109 1
99 148 1
99 149 1
99 150 1
100 101 1
100 105 1
100 106 1
100 109 1
100 110 1
100 111 1
100 113 1
100 151 1
101 102 1
101 104 1
101 107 1
101 110 1
101 111 1
101 148 1
101 150 1
101 151 1
101 153 1
102 103 1
102 107 1
102 109 1
102 110 1
102 111 1
102 112 1
102 151 1
102 152 1
102 153 1
103 104 1
103 105 1
103 108 1
103 111 1
103 150 1
103 151 1
103 152 1
104 105 1
104 106 1
104 107 1
104 108 1
104 109 1
104 110 1
104 148 1
104 149 1
104 153 1
105 107 1
105 110 1
105 111 1
105 112 1
105 148 1
105 159 1
105 161 1
105 163 1
106 107 1
106 113 1
106 148 1
106 149 1
106 150 1
106 152 1
106 153 1
106 164 1
107 148 1
107 149 1
107 159 1
107 160 1
107 164 1
108 109 1
108 110 1
108 148 1
108 149 1
108 159 1
108 160 1
108 162 1
109 110 1
109 111 1
109 113 1
109 149 1
109 150 1
109 151 1
109 152 1
109 153 1
109 159 1
109 160 1
109 163 1
110 111 1
110 150 1
110 159 1
110 162 1
110 163 1
110 164 1
111 113 1
111 149 1
111 151 1
111 152 1
111 160 1
112 113 1
112 151 1
112 152 1
112 153 1
112 159 1
112 161 1
112 163 1
113 148 1
113 149 1
113 160 1
113 161 1
113 162 1
114 115 1
114 116 1
114 119 1
114 121 1
114 122 1
114 124 1
114 142 1
114 143 1
114 144 1
114 145 1
114 146 1
114 154 1
114 158 1
115 116 1
115 121 1
115 122 1
115 123 1
115 124 1
115 142 1
115 145 1
115 147 1
115 157 1
116 117 1
116 121 1
116 122 1
116 124 1
116 126 1
116 142 1
116 143 1
116 144 1
116 147 1
116 158 1
117 118 1
117 120 1
117 122 1
117 123 1
117 126 1
117 142 1
117 143 1
117 146 1
117 147 1
117 155 1
117 157 1
117 158 1
118 119 1
118 125 1
118 126 1
118 142 1
118 143 1
118 144 1
118 154 1
118 155 1
118 158 1
119 120 1
119 122 1
119 124 1
119 143 1
119 145 1
119 156 1
119 158 1
120 123 1
120 126 1
120 127 1
120 143 1
120 144 1
120 145 1
120 155 1
120 157 1
121 123 1
121 124 1
121 127 1
121 137 1
121 138 1
121 139 1
121 141 1
122 123 1
122 125 1
122 137 1
122 138 1
122 139 1
122 140 1
122 141 1
123 124 1
123 125 1
123 140 1
123 141 1
124 127 1
124 139 1
125 126 1
125 138 1
125 139 1
125 141 1
126 127 1
126 137 1
127 137 1
127 138 1
127 139 1
127 141 1
128 130 1
128 131 1
128 142 1
128 143 1
128 145 1
128 149 1
128 150 1
128 151 1
128 152 1
128 159 1
128 160 1
128 164 1
129 142 1
129 143 1
129 144 1
129 147 1
129 153 1
129 159 1
129 160 1
129 161 1
129 163 1
130 136 1
130 142 1
130 148 1
130 149 1
130 150 1
130 152 1
130 153 1
130 163 1
130 164 1
131 132 1
131 136 1
131 142 1
131 143 1
131 145 1
131 147 1
131 148 1
131 150 1
131 151 1
131 153 1
131 159 1
131 160 1
131 164 1
132 133 1
132 142 1
132 145 1
132 146 1
132 147 1
132 149 1
132 150 1
132 151 1
132 152 1
132 159 1
132 161 1
133 134 1
133 145 1
133 147 1
133 150 1
133 159 1
133 160 1
133 161 1
133 162 1
134 135 1
134 142 1
134 144 1
134 147 1
134 148 1
134 150 1
134 153 1
134 159 1
134 160 1
134 162 1
134 163 1
135 136 1
135 145 1
135 146 1
135 147 1
135 149 1
135 152 1
135 159 1
135 160 1
135 162 1
135 163 1
135 164 1
136 145 1
136 147 1
136 148 1
136 150 1
136 159 1
136 161 1
136 162 1
136 164 1
137 140 1
137 141 1
137 143 1
137 146 1
137 147 1
137 159 1
137 160 1
137 162 1
138 140 1
138 143 1
138 146 1
138 161 1
138 164 1
139 141 1
139 145 1
139 146 1
139 147 1
139 159 1
139 162 1
139 163 1
140 142 1
140 145 1
140 146 1
140 147 1
140 162 1
140 163 1
140 164 1
141 143 1
141 144 1
141 162 1
141 163 1
142 148 1
142 151 1
143 144 1
143 148 1
144 147 1
144 148 1
144 149 1
144 153 1
145 149 1
145 150 1
145 151 1
146 148 1
146 150 1
146 151 1
147 148 1
147 150 1
147 153 1
148 149 1
148 154 1
148 157 1
148 158 1
149 154 1
149 156 1
149 157 1
149 158 1
150 156 1
150 157 1
150 158 1
151 155 1
151 157 1
151 158 1
152 154 1
152 156 1
152 157 1
152 158 1
153 155 1
153 156 1
153 158 1
155 157 1
155 158 1
156 157 1
159 161 1
159 163 1
160 162 1
161 162 1
161 164 1
