1 2 1
1 3 1
1 4 1
1 5 1
1 6 1
1 7 1
1 8 1
1 9 1
1 11 1
1 13 1
1 14 1
1 15 1
1 17 1
1 26 1
1 27 1
1 28 1
1 29 1
1 30 1
1 31 1
1 92 1
1 93 1
1 94 1
1 95 1
1 96 1
1 97 1
1 98 1
1 99 1
1 106 1
1 107 1
1 108 1
1 109 1
1 110 1
1 112 1
1 113 1
1 115 1
1 116 1
1 125 1
1 129 1
1 172 1
1 174 1
1 176 1
1 177 1
1 178 1
1 179 1
2 10 1
2 11 1
2 12 1
2 14 1
2 15 1
2 16 1
2 17 1
2 27 1
2 28 1
2 29 1
2 30 1
2 31 1
2 32 1
2 93 1
2 94 1
2 96 1
2 97 1
2 98 1
2 99 1
2 105 1
2 106 1
2 107 1
2 109 1
2 111 1
2 112 1
2 113 1
2 114 1
2 115 1
2 124 1
2 125 1
2 126 1
2 127 1
2 128 1
2 129 1
2 130 1
2 172 1
2 176 1
2 177 1
2 178 1
2 179 1
3 11 1
3 13 1
3 15 1
3 16 1
3 26 1
3 27 1
3 28 1
3 30 1
3 31 1
3 32 1
3 92 1
3 93 1
3 94 1
3 95 1
3 97 1
3 99 1
3 106 1
3 107 1
3 108 1
3 111 1
3 112 1
3 114 1
3 115 1
3 125 1
3 126 1
3 128 1
3 130 1
3 172 1
3 173 1
3 175 1
3 177 1
3 178 1
3 179 1
4 10 1
4 13 1
4 14 1
4 15 1
4 17 1
4 26 1
4 27 1
4 29 1
4 30 1
4 94 1
4 95 1
4 97 1
4 98 1
4 105 1
4 106 1
4 107 1
4 108 1
4 109 1
4 110 1
4 111 1
4 112 1
4 113 1
4 114 1
4 124 1
4 125 1
4 126 1
4 127 1
4 128 1
4 129 1
4 130 1
4 172 1
4 173 1
4 174 1
4 175 1
4 176 1
4 177 1
4 179 1
5 10 1
5 11 1
5 12 1
5 13 1
5 14 1
5 15 1
5 17 1
5 18 1
5 26 1
5 27 1
5 28 1
5 30 1
5 31 1
5 32 1
5 92 1
5 93 1
5 94 1
5 95 1
5 96 1
5 98 1
5 99 1
5 105 1
5 106 1
5 107 1
5 108 1
5 110 1
5 111 1
5 112 1
5 113 1
5 114 1
5 115 1
5 116 1
5 124 1
5 127 1
5 128 1
5 129 1
5 130 1
5 172 1
5 173 1
5 174 1
5 175 1
5 176 1
5 177 1
5 178 1
5 179 1
6 11 1
6 12 1
6 13 1
6 16 1
6 17 1
6 18 1
6 27 1
6 28 1
6 29 1
6 30 1
6 31 1
6 32 1
6 92 1
6 93 1
6 94 1
6 95 1
6 96 1
6 97 1
6 99 1
6 105 1
6 106 1
6 107 1
6 108 1
6 109 1
6 111 1
6 112 1
6 113 1
6 116 1
6 124 1
6 126 1
6 127 1
6 128 1
6 130 1
6 172 1
6 173 1
6 177 1
6 178 1
6 179 1
7 10 1
7 11 1
7 12 1
7 13 1
7 14 1
7 15 1
7 16 1
7 17 1
7 26 1
7 27 1
7 29 1
7 30 1
7 32 1
7 92 1
7 96 1
7 97 1
7 98 1
7 99 1
7 107 1
7 108 1
7 109 1
7 110 1
7 111 1
7 113 1
7 114 1
7 116 1
7 124 1
7 125 1
7 126 1
7 129 1
7 130 1
7 172 1
7 173 1
7 174 1
7 175 1
7 176 1
7 177 1
7 179 1
8 10 1
8 13 1
8 14 1
8 18 1
8 26 1
8 27 1
8 28 1
8 29 1
8 30 1
8 32 1
8 92 1
8 95 1
8 96 1
8 97 1
8 98 1
8 99 1
8 105 1
8 106 1
8 107 1
8 108 1
8 109 1
8 110 1
8 111 1
8 112 1
8 113 1
8 115 1
8 116 1
8 125 1
8 126 1
8 127 1
8 128 1
8 172 1
8 173 1
8 175 1
8 176 1
8 178 1
8 179 1
9 11 1
9 12 1
9 14 1
9 16 1
9 18 1
9 26 1
9 27 1
9 28 1
9 29 1
9 31 1
9 32 1
9 93 1
9 94 1
9 96 1
9 97 1
9 105 1
9 107 1
9 111 1
9 112 1
9 113 1
9 115 1
9 116 1
9 124 1
9 125 1
9 128 1
9 129 1
9 130 1
9 172 1
9 177 1
9 178 1
9 179 1
10 11 1
10 12 1
10 13 1
10 14 1
10 15 1
10 16 1
10 17 1
10 18 1
10 26 1
10 27 1
10 29 1
10 30 1
10 66 1
10 68 1
10 70 1
10 112 1
10 113 1
10 124 1
10 125 1
10 126 1
10 127 1
10 128 1
10 129 1
10 130 1
10 131 1
10 132 1
10 133 1
10 134 1
10 135 1
10 136 1
10 137 1
10 138 1
10 139 1
11 27 1
11 28 1
11 29 1
11 30 1
11 32 1
11 65 1
11 66 1
11 67 1
11 68 1
11 69 1
11 70 1
11 113 1
11 114 1
11 115 1
11 116 1
11 125 1
11 126 1
11 127 1
11 128 1
11 129 1
11 130 1
11 132 1
11 133 1
11 134 1
11 135 1
11 137 1
11 138 1
12 27 1
12 29 1
12 30 1
12 32 1
12 65 1
12 66 1
12 67 1
12 68 1
12 69 1
12 70 1
12 112 1
12 113 1
12 114 1
12 115 1
12 116 1
12 126 1
12 129 1
12 130 1
12 131 1
12 132 1
12 133 1
12 135 1
12 136 1
12 137 1
12 138 1
13 26 1
13 28 1
13 29 1
13 30 1
13 31 1
13 32 1
13 65 1
13 69 1
13 70 1
13 113 1
13 114 1
13 115 1
13 116 1
13 124 1
13 126 1
13 127 1
13 129 1
13 130 1
13 131 1
13 132 1
13 133 1
13 134 1
13 135 1
13 136 1
13 138 1
13 139 1
14 26 1
14 27 1
14 28 1
14 32 1
14 65 1
14 66 1
14 67 1
14 68 1
14 69 1
14 70 1
14 112 1
14 113 1
14 114 1
14 116 1
14 124 1
14 125 1
14 126 1
14 127 1
14 129 1
14 130 1
14 132 1
14 133 1
14 134 1
14 136 1
14 137 1
14 138 1
15 27 1
15 28 1
15 30 1
15 32 1
15 65 1
15 66 1
15 67 1
15 68 1
15 69 1
15 70 1
15 112 1
15 113 1
15 114 1
15 126 1
15 129 1
15 131 1
15 132 1
15 133 1
15 135 1
15 137 1
15 138 1
16 26 1
16 27 1
16 28 1
16 29 1
16 30 1
16 31 1
16 32 1
16 65 1
16 66 1
16 67 1
16 69 1
16 70 1
16 113 1
16 125 1
16 126 1
16 127 1
16 128 1
16 130 1
16 131 1
16 132 1
16 133 1
16 134 1
16 135 1
16 136 1
16 137 1
16 138 1
16 139 1
17 26 1
17 28 1
17 29 1
17 30 1
17 32 1
17 66 1
17 67 1
17 68 1
17 69 1
17 70 1
17 112 1
17 113 1
17 114 1
17 115 1
17 116 1
17 124 1
17 126 1
17 127 1
17 130 1
17 132 1
17 133 1
17 135 1
17 136 1
17 137 1
17 138 1
18 26 1
18 27 1
18 28 1
18 29 1
18 31 1
18 32 1
18 65 1
18 66 1
18 67 1
18 69 1
18 70 1
18 113 1
18 114 1
18 115 1
18 116 1
18 125 1
18 127 1
18 128 1
18 129 1
18 131 1
18 132 1
18 135 1
18 137 1
18 138 1
18 139 1
19 20 1
19 21 1
19 22 1
19 23 1
19 24 1
19 25 1
19 33 1
19 34 1
19 35 1
19 37 1
19 38 1
19 46 1
19 47 1
19 48 1
19 49 1
19 50 1
19 51 1
19 52 1
19 53 1
19 59 1
19 60 1
19 61 1
19 62 1
19 63 1
19 64 1
19 101 1
19 103 1
19 104 1
19 105 1
19 106 1
19 108 1
19 109 1
19 110 1
19 111 1
19 124 1
19 126 1
19 128 1
19 129 1
19 130 1
20 33 1
20 34 1
20 36 1
20 38 1
20 46 1
20 47 1
20 48 1
20 49 1
20 52 1
20 53 1
20 59 1
20 60 1
20 61 1
20 62 1
20 63 1
20 64 1
20 100 1
20 102 1
20 103 1
20 104 1
20 105 1
20 106 1
20 107 1
20 108 1
20 109 1
20 110 1
20 111 1
20 124 1
20 126 1
20 127 1
20 128 1
20 129 1
21 33 1
21 34 1
21 35 1
21 36 1
21 37 1
21 38 1
21 46 1
21 47 1
21 48 1
21 49 1
21 51 1
21 52 1
21 53 1
21 59 1
21 61 1
21 62 1
21 63 1
21 64 1
21 100 1
21 101 1
21 102 1
21 105 1
21 106 1
21 108 1
21 109 1
21 111 1
21 124 1
21 125 1
21 126 1
21 128 1
21 129 1
21 130 1
22 34 1
22 35 1
22 36 1
22 48 1
22 49 1
22 50 1
22 52 1
22 59 1
22 60 1
22 64 1
22 100 1
22 101 1
22 102 1
22 103 1
22 105 1
22 106 1
22 107 1
22 108 1
22 109 1
22 110 1
22 111 1
22 124 1
22 126 1
22 127 1
22 128 1
22 130 1
23 33 1
23 34 1
23 37 1
23 38 1
23 46 1
23 47 1
23 48 1
23 49 1
23 50 1
23 52 1
23 53 1
23 59 1
23 60 1
23 61 1
23 62 1
23 64 1
23 100 1
23 101 1
23 102 1
23 103 1
23 104 1
23 106 1
23 107 1
23 108 1
23 109 1
23 111 1
23 124 1
23 125 1
23 126 1
23 127 1
23 128 1
23 129 1
23 130 1
24 33 1
24 34 1
24 35 1
24 36 1
24 37 1
24 38 1
24 46 1
24 47 1
24 48 1
24 50 1
24 52 1
24 53 1
24 60 1
24 61 1
24 62 1
24 63 1
24 64 1
24 101 1
24 102 1
24 104 1
24 105 1
24 107 1
24 108 1
24 109 1
24 124 1
24 125 1
24 126 1
24 127 1
24 128 1
24 129 1
25 36 1
25 37 1
25 46 1
25 47 1
25 48 1
25 50 1
25 53 1
25 59 1
25 60 1
25 61 1
25 62 1
25 63 1
25 64 1
25 101 1
25 103 1
25 104 1
25 105 1
25 106 1
25 107 1
25 108 1
25 109 1
25 110 1
25 111 1
25 126 1
25 127 1
25 128 1
25 129 1
26 27 1
26 28 1
26 29 1
26 30 1
26 31 1
26 32 1
26 33 1
26 34 1
26 36 1
26 38 1
26 65 1
26 66 1
26 68 1
26 69 1
26 70 1
26 124 1
26 125 1
26 126 1
26 127 1
26 128 1
26 129 1
27 33 1
27 34 1
27 36 1
27 37 1
27 65 1
27 66 1
27 68 1
27 69 1
27 70 1
27 124 1
27 125 1
27 126 1
27 127 1
27 128 1
27 129 1
28 33 1
28 34 1
28 35 1
28 36 1
28 65 1
28 66 1
28 67 1
28 68 1
28 69 1
28 70 1
28 124 1
28 125 1
28 128 1
28 129 1
28 130 1
29 33 1
29 34 1
29 35 1
29 36 1
29 37 1
29 38 1
29 66 1
29 69 1
29 70 1
29 124 1
29 126 1
29 127 1
29 128 1
29 129 1
30 34 1
30 36 1
30 37 1
30 38 1
30 65 1
30 66 1
30 68 1
30 69 1
30 70 1
30 124 1
30 125 1
30 126 1
30 127 1
30 128 1
30 129 1
31 33 1
31 34 1
31 35 1
31 37 1
31 66 1
31 67 1
31 69 1
31 70 1
31 124 1
31 125 1
31 128 1
31 129 1
31 130 1
32 34 1
32 35 1
32 37 1
32 65 1
32 66 1
32 67 1
32 68 1
32 69 1
32 70 1
32 124 1
32 125 1
32 126 1
32 127 1
32 128 1
32 129 1
33 34 1
33 35 1
33 36 1
33 37 1
33 38 1
33 59 1
33 60 1
33 61 1
33 62 1
33 63 1
33 64 1
33 124 1
33 126 1
33 127 1
33 129 1
33 130 1
33 131 1
33 132 1
33 133 1
33 134 1
33 135 1
33 137 1
33 139 1
33 164 1
33 165 1
33 166 1
33 167 1
33 168 1
33 169 1
33 170 1
33 171 1
34 59 1
34 60 1
34 61 1
34 62 1
34 63 1
34 64 1
34 124 1
34 126 1
34 127 1
34 129 1
34 130 1
34 131 1
34 132 1
34 133 1
34 134 1
34 135 1
34 136 1
34 137 1
34 138 1
34 164 1
34 165 1
34 168 1
34 169 1
34 170 1
34 171 1
35 60 1
35 61 1
35 62 1
35 64 1
35 124 1
35 125 1
35 126 1
35 127 1
35 128 1
35 130 1
35 131 1
35 132 1
35 134 1
35 135 1
35 136 1
35 137 1
35 138 1
35 164 1
35 166 1
35 167 1
35 168 1
35 169 1
35 170 1
35 171 1
36 59 1
36 60 1
36 61 1
36 62 1
36 63 1
36 64 1
36 124 1
36 125 1
36 126 1
36 127 1
36 128 1
36 129 1
36 130 1
36 131 1
36 132 1
36 133 1
36 134 1
36 135 1
36 136 1
36 139 1
36 164 1
36 165 1
36 166 1
36 167 1
36 168 1
36 169 1
36 171 1
37 59 1
37 60 1
37 62 1
37 63 1
37 124 1
37 125 1
37 126 1
37 127 1
37 128 1
37 129 1
37 130 1
37 131 1
37 132 1
37 134 1
37 135 1
37 137 1
37 139 1
37 164 1
37 165 1
37 166 1
37 167 1
37 168 1
37 169 1
38 60 1
38 61 1
38 62 1
38 63 1
38 64 1
38 124 1
38 125 1
38 126 1
38 127 1
38 128 1
38 130 1
38 131 1
38 133 1
38 134 1
38 135 1
38 136 1
38 165 1
38 166 1
38 167 1
38 169 1
39 40 1
39 41 1
39 42 1
39 43 1
39 44 1
39 45 1
39 54 1
39 55 1
39 57 1
39 84 1
39 85 1
39 86 1
39 88 1
39 89 1
39 91 1
39 165 1
39 167 1
39 168 1
39 169 1
39 171 1
40 41 1
40 42 1
40 43 1
40 44 1
40 45 1
40 54 1
40 55 1
40 57 1
40 58 1
40 84 1
40 86 1
40 87 1
40 88 1
40 89 1
40 90 1
40 164 1
40 165 1
40 168 1
40 169 1
40 171 1
41 42 1
41 43 1
41 44 1
41 45 1
41 54 1
41 55 1
41 56 1
41 57 1
41 85 1
41 86 1
41 87 1
41 88 1
41 89 1
41 91 1
41 164 1
41 165 1
41 166 1
41 168 1
41 169 1
41 171 1
42 43 1
42 44 1
42 45 1
42 54 1
42 55 1
42 56 1
42 58 1
42 84 1
42 85 1
42 86 1
42 87 1
42 88 1
42 89 1
42 90 1
42 91 1
42 164 1
42 165 1
42 166 1
42 167 1
42 168 1
42 171 1
43 44 1
43 45 1
43 55 1
43 57 1
43 58 1
43 84 1
43 88 1
43 89 1
43 91 1
43 164 1
43 167 1
43 168 1
43 169 1
43 170 1
44 45 1
44 57 1
44 58 1
44 84 1
44 85 1
44 86 1
44 87 1
44 88 1
44 89 1
44 91 1
44 164 1
44 165 1
44 166 1
44 167 1
45 54 1
45 55 1
45 57 1
45 58 1
45 85 1
45 86 1
45 87 1
45 88 1
45 89 1
45 90 1
45 164 1
45 166 1
45 167 1
45 168 1
45 169 1
45 170 1
45 171 1
46 47 1
46 48 1
46 49 1
46 50 1
46 51 1
46 52 1
46 53 1
46 54 1
46 56 1
46 57 1
46 58 1
46 65 1
46 66 1
46 69 1
46 70 1
46 71 1
46 74 1
46 75 1
46 76 1
46 77 1
46 79 1
46 80 1
46 83 1
46 84 1
46 85 1
46 86 1
46 87 1
46 88 1
46 89 1
46 90 1
46 91 1
46 92 1
46 94 1
46 95 1
46 97 1
46 99 1
46 105 1
46 106 1
46 108 1
46 109 1
46 110 1
46 111 1
46 124 1
46 125 1
46 126 1
46 128 1
46 129 1
46 130 1
46 131 1
46 132 1
46 133 1
46 135 1
46 136 1
46 137 1
46 138 1
46 139 1
46 140 1
46 141 1
46 142 1
46 143 1
46 145 1
46 146 1
46 147 1
46 149 1
46 150 1
46 151 1
46 153 1
46 173 1
46 174 1
46 177 1
46 178 1
47 48 1
47 49 1
47 50 1
47 51 1
47 52 1
47 53 1
47 57 1
47 66 1
47 67 1
47 68 1
47 69 1
47 70 1
47 71 1
47 73 1
47 78 1
47 81 1
47 82 1
47 83 1
47 84 1
47 85 1
47 87 1
47 88 1
47 89 1
47 90 1
47 91 1
47 93 1
47 94 1
47 96 1
47 97 1
47 99 1
47 105 1
47 106 1
47 107 1
47 108 1
47 109 1
47 110 1
47 111 1
47 124 1
47 125 1
47 126 1
47 127 1
47 128 1
47 129 1
47 130 1
47 133 1
47 134 1
47 136 1
47 137 1
47 138 1
47 140 1
47 141 1
47 143 1
47 144 1
47 145 1
47 146 1
47 147 1
47 148 1
47 149 1
47 151 1
47 152 1
47 153 1
47 173 1
47 174 1
47 175 1
47 177 1
47 179 1
48 49 1
48 50 1
48 51 1
48 52 1
48 53 1
48 54 1
48 56 1
48 57 1
48 58 1
48 65 1
48 66 1
48 69 1
48 72 1
48 73 1
48 74 1
48 75 1
48 80 1
48 81 1
48 83 1
48 84 1
48 85 1
48 86 1
48 87 1
48 88 1
48 89 1
48 92 1
48 93 1
48 94 1
48 95 1
48 97 1
48 98 1
48 99 1
48 105 1
48 106 1
48 107 1
48 109 1
48 110 1
48 124 1
48 126 1
48 127 1
48 128 1
48 129 1
48 130 1
48 131 1
48 132 1
48 135 1
48 136 1
48 137 1
48 138 1
48 139 1
48 140 1
48 141 1
48 142 1
48 143 1
48 144 1
48 146 1
48 147 1
48 148 1
48 149 1
48 150 1
48 152 1
48 154 1
48 172 1
48 173 1
48 174 1
48 176 1
48 178 1
48 179 1
49 50 1
49 51 1
49 52 1
49 53 1
49 54 1
49 55 1
49 56 1
49 57 1
49 58 1
49 66 1
49 67 1
49 69 1
49 70 1
49 71 1
49 73 1
49 75 1
49 76 1
49 77 1
49 78 1
49 79 1
49 81 1
49 82 1
49 84 1
49 86 1
49 87 1
49 88 1
49 89 1
49 90 1
49 93 1
49 94 1
49 95 1
49 96 1
49 97 1
49 98 1
49 99 1
49 105 1
49 106 1
49 107 1
49 108 1
49 109 1
49 111 1
49 124 1
49 126 1
49 127 1
49 129 1
49 130 1
49 131 1
49 132 1
49 133 1
49 134 1
49 137 1
49 138 1
49 139 1
49 140 1
49 144 1
49 145 1
49 147 1
49 151 1
49 152 1
49 153 1
49 154 1
49 174 1
49 175 1
49 177 1
49 178 1
49 179 1
50 51 1
50 52 1
50 53 1
50 54 1
50 55 1
50 56 1
50 57 1
50 65 1
50 66 1
50 70 1
50 71 1
50 72 1
50 73 1
50 74 1
50 78 1
50 80 1
50 82 1
50 83 1
50 84 1
50 85 1
50 86 1
50 87 1
50 88 1
50 90 1
50 91 1
50 93 1
50 94 1
50 95 1
50 96 1
50 97 1
50 98 1
50 106 1
50 107 1
50 110 1
50 111 1
50 124 1
50 125 1
50 126 1
50 128 1
50 129 1
50 131 1
50 132 1
50 135 1
50 136 1
50 137 1
50 143 1
50 146 1
50 148 1
50 149 1
50 150 1
50 151 1
50 152 1
50 153 1
50 173 1
50 174 1
50 175 1
50 176 1
50 177 1
50 179 1
51 52 1
51 53 1
51 54 1
51 55 1
51 56 1
51 66 1
51 67 1
51 70 1
51 71 1
51 72 1
51 73 1
51 75 1
51 76 1
51 77 1
51 78 1
51 79 1
51 80 1
51 81 1
51 82 1
51 83 1
51 84 1
51 87 1
51 88 1
51 90 1
51 91 1
51 92 1
51 94 1
51 95 1
51 97 1
51 98 1
51 105 1
51 106 1
51 107 1
51 108 1
51 109 1
51 110 1
51 111 1
51 126 1
51 128 1
51 129 1
51 130 1
51 131 1
51 133 1
51 134 1
51 135 1
51 137 1
51 139 1
51 140 1
51 141 1
51 143 1
51 147 1
51 150 1
51 151 1
51 152 1
51 153 1
51 172 1
51 173 1
51 174 1
51 175 1
51 177 1
51 178 1
51 179 1
52 53 1
52 54 1
52 55 1
52 57 1
52 58 1
52 65 1
52 67 1
52 68 1
52 69 1
52 71 1
52 72 1
52 73 1
52 74 1
52 75 1
52 76 1
52 77 1
52 78 1
52 79 1
52 80 1
52 81 1
52 82 1
52 85 1
52 87 1
52 88 1
52 89 1
52 91 1
52 92 1
52 93 1
52 94 1
52 95 1
52 96 1
52 97 1
52 99 1
52 105 1
52 106 1
52 107 1
52 108 1
52 109 1
52 110 1
52 111 1
52 124 1
52 125 1
52 126 1
52 127 1
52 128 1
52 129 1
52 130 1
52 132 1
52 133 1
52 134 1
52 135 1
52 137 1
52 138 1
52 141 1
52 142 1
52 143 1
52 145 1
52 146 1
52 150 1
52 151 1
52 152 1
52 154 1
52 172 1
52 173 1
52 174 1
52 176 1
52 177 1
52 179 1
53 54 1
53 55 1
53 56 1
53 57 1
53 58 1
53 65 1
53 66 1
53 67 1
53 69 1
53 70 1
53 71 1
53 72 1
53 73 1
53 75 1
53 83 1
53 84 1
53 85 1
53 86 1
53 87 1
53 88 1
53 89 1
53 90 1
53 91 1
53 92 1
53 94 1
53 96 1
53 98 1
53 99 1
53 106 1
53 107 1
53 109 1
53 110 1
53 125 1
53 127 1
53 128 1
53 129 1
53 130 1
53 131 1
53 132 1
53 134 1
53 135 1
53 136 1
53 138 1
53 140 1
53 141 1
53 143 1
53 144 1
53 145 1
53 146 1
53 147 1
53 148 1
53 149 1
53 150 1
53 151 1
53 152 1
53 153 1
53 172 1
53 174 1
53 175 1
53 176 1
53 178 1
54 55 1
54 56 1
54 57 1
54 58 1
54 59 1
54 60 1
54 61 1
54 63 1
54 64 1
54 71 1
54 73 1
54 75 1
54 84 1
54 85 1
54 86 1
54 88 1
54 90 1
54 91 1
54 101 1
54 102 1
54 104 1
54 105 1
54 106 1
54 109 1
54 110 1
54 124 1
54 126 1
54 129 1
54 130 1
54 140 1
54 141 1
54 142 1
54 143 1
54 144 1
54 145 1
54 146 1
54 147 1
54 148 1
55 56 1
55 57 1
55 58 1
55 59 1
55 60 1
55 61 1
55 62 1
55 64 1
55 71 1
55 74 1
55 75 1
55 76 1
55 85 1
55 86 1
55 87 1
55 89 1
55 90 1
55 91 1
55 100 1
55 101 1
55 102 1
55 103 1
55 104 1
55 105 1
55 106 1
55 107 1
55 108 1
55 109 1
55 110 1
55 126 1
55 127 1
55 129 1
55 130 1
55 140 1
55 141 1
55 142 1
55 143 1
55 144 1
55 145 1
55 146 1
55 147 1
55 148 1
56 57 1
56 58 1
56 59 1
56 61 1
56 63 1
56 71 1
56 72 1
56 74 1
56 75 1
56 76 1
56 84 1
56 86 1
56 87 1
56 88 1
56 91 1
56 101 1
56 102 1
56 104 1
56 106 1
56 107 1
56 108 1
56 109 1
56 111 1
56 124 1
56 127 1
56 128 1
56 129 1
56 130 1
56 140 1
56 141 1
56 142 1
56 144 1
56 147 1
57 58 1
57 61 1
57 63 1
57 72 1
57 73 1
57 74 1
57 75 1
57 84 1
57 86 1
57 87 1
57 89 1
57 90 1
57 91 1
57 101 1
57 102 1
57 103 1
57 104 1
57 107 1
57 108 1
57 109 1
57 110 1
57 111 1
57 125 1
57 126 1
57 127 1
57 128 1
57 129 1
57 130 1
57 141 1
57 142 1
57 144 1
57 145 1
57 146 1
57 147 1
57 148 1
58 59 1
58 60 1
58 61 1
58 63 1
58 64 1
58 71 1
58 73 1
58 74 1
58 75 1
58 76 1
58 84 1
58 85 1
58 91 1
58 100 1
58 101 1
58 102 1
58 103 1
58 104 1
58 105 1
58 106 1
58 108 1
58 110 1
58 111 1
58 124 1
58 125 1
58 126 1
58 127 1
58 128 1
58 129 1
58 130 1
58 141 1
58 143 1
58 144 1
58 146 1
58 148 1
59 60 1
59 61 1
59 62 1
59 63 1
59 64 1
59 71 1
59 72 1
59 73 1
59 74 1
59 75 1
59 76 1
59 85 1
59 86 1
59 88 1
59 89 1
59 90 1
59 91 1
59 92 1
59 93 1
59 94 1
59 95 1
59 96 1
59 97 1
59 105 1
59 108 1
59 110 1
59 111 1
59 132 1
59 133 1
59 134 1
59 135 1
59 136 1
59 137 1
59 166 1
59 167 1
59 168 1
59 171 1
60 61 1
60 62 1
60 63 1
60 64 1
60 72 1
60 73 1
60 75 1
60 76 1
60 84 1
60 85 1
60 86 1
60 88 1
60 90 1
60 91 1
60 92 1
60 93 1
60 94 1
60 95 1
60 97 1
60 98 1
60 99 1
60 105 1
60 106 1
60 107 1
60 108 1
60 109 1
60 111 1
60 131 1
60 132 1
60 134 1
60 136 1
60 137 1
60 138 1
60 139 1
60 164 1
60 165 1
60 166 1
60 167 1
60 168 1
60 169 1
60 170 1
60 171 1
61 62 1
61 63 1
61 64 1
61 71 1
61 72 1
61 73 1
61 74 1
61 75 1
61 76 1
61 84 1
61 85 1
61 86 1
61 87 1
61 88 1
61 89 1
61 91 1
61 92 1
61 93 1
61 94 1
61 95 1
61 96 1
61 105 1
61 106 1
61 107 1
61 108 1
61 109 1
61 110 1
61 111 1
61 132 1
61 133 1
61 135 1
61 136 1
61 138 1
61 139 1
61 166 1
61 167 1
61 168 1
61 170 1
61 171 1
62 63 1
62 64 1
62 71 1
62 72 1
62 73 1
62 74 1
62 75 1
62 84 1
62 85 1
62 86 1
62 89 1
62 90 1
62 93 1
62 94 1
62 95 1
62 96 1
62 97 1
62 98 1
62 105 1
62 107 1
62 109 1
62 110 1
62 111 1
62 131 1
62 132 1
62 133 1
62 134 1
62 135 1
62 136 1
62 138 1
62 139 1
62 165 1
62 166 1
62 168 1
62 169 1
62 170 1
62 171 1
63 64 1
63 71 1
63 72 1
63 73 1
63 74 1
63 75 1
63 76 1
63 86 1
63 87 1
63 88 1
63 89 1
63 90 1
63 91 1
63 92 1
63 93 1
63 95 1
63 97 1
63 98 1
63 105 1
63 107 1
63 108 1
63 109 1
63 110 1
63 111 1
63 131 1
63 132 1
63 133 1
63 135 1
63 136 1
63 137 1
63 138 1
63 139 1
63 164 1
63 166 1
63 167 1
63 169 1
63 170 1
63 171 1
64 71 1
64 72 1
64 74 1
64 75 1
64 76 1
64 85 1
64 86 1
64 87 1
64 88 1
64 89 1
64 90 1
64 91 1
64 92 1
64 93 1
64 94 1
64 95 1
64 97 1
64 98 1
64 99 1
64 105 1
64 106 1
64 107 1
64 109 1
64 131 1
64 132 1
64 133 1
64 134 1
64 135 1
64 136 1
64 137 1
64 138 1
64 139 1
64 164 1
64 165 1
64 166 1
64 167 1
64 168 1
64 169 1
64 170 1
64 171 1
65 66 1
65 67 1
65 68 1
65 69 1
65 70 1
65 92 1
65 93 1
65 97 1
65 98 1
65 99 1
65 112 1
65 113 1
65 114 1
65 116 1
65 140 1
65 141 1
65 142 1
65 143 1
65 144 1
65 145 1
65 146 1
65 147 1
65 156 1
65 157 1
65 159 1
65 161 1
65 162 1
65 163 1
65 164 1
65 165 1
65 168 1
65 169 1
65 170 1
65 171 1
65 172 1
65 173 1
65 174 1
65 175 1
65 176 1
65 177 1
65 178 1
65 179 1
66 67 1
66 68 1
66 69 1
66 70 1
66 92 1
66 94 1
66 95 1
66 96 1
66 97 1
66 98 1
66 99 1
66 112 1
66 113 1
66 114 1
66 115 1
66 116 1
66 140 1
66 141 1
66 142 1
66 143 1
66 144 1
66 145 1
66 146 1
66 147 1
66 148 1
66 155 1
66 157 1
66 158 1
66 160 1
66 161 1
66 162 1
66 163 1
66 164 1
66 165 1
66 166 1
66 167 1
66 169 1
66 170 1
66 171 1
66 172 1
66 173 1
66 176 1
66 178 1
66 179 1
67 68 1
67 69 1
67 70 1
67 93 1
67 95 1
67 96 1
67 98 1
67 99 1
67 112 1
67 113 1
67 114 1
67 115 1
67 116 1
67 140 1
67 141 1
67 142 1
67 144 1
67 145 1
67 148 1
67 155 1
67 156 1
67 157 1
67 159 1
67 160 1
67 161 1
67 162 1
67 164 1
67 165 1
67 166 1
67 167 1
67 168 1
67 169 1
67 170 1
67 171 1
67 172 1
67 173 1
67 174 1
67 175 1
67 176 1
67 179 1
68 69 1
68 70 1
68 93 1
68 94 1
68 95 1
68 96 1
68 97 1
68 98 1
68 99 1
68 112 1
68 113 1
68 114 1
68 115 1
68 116 1
68 140 1
68 141 1
68 142 1
68 143 1
68 145 1
68 146 1
68 147 1
68 148 1
68 155 1
68 156 1
68 157 1
68 158 1
68 161 1
68 162 1
68 164 1
68 165 1
68 167 1
68 168 1
68 169 1
68 170 1
68 173 1
68 174 1
68 177 1
68 178 1
68 179 1
69 70 1
69 92 1
69 93 1
69 94 1
69 95 1
69 97 1
69 99 1
69 112 1
69 113 1
69 114 1
69 115 1
69 116 1
69 141 1
69 142 1
69 143 1
69 144 1
69 145 1
69 146 1
69 155 1
69 159 1
69 160 1
69 162 1
69 163 1
69 167 1
69 168 1
69 169 1
69 170 1
69 171 1
69 172 1
69 173 1
69 174 1
69 175 1
69 176 1
69 177 1
69 178 1
70 92 1
70 94 1
70 95 1
70 96 1
70 97 1
70 99 1
70 112 1
70 113 1
70 114 1
70 115 1
70 116 1
70 142 1
70 144 1
70 146 1
70 147 1
70 157 1
70 158 1
70 159 1
70 160 1
70 163 1
70 164 1
70 168 1
70 170 1
70 171 1
70 172 1
70 173 1
70 174 1
70 175 1
70 176 1
70 178 1
70 179 1
71 74 1
71 75 1
71 76 1
71 118 1
71 119 1
71 121 1
71 123 1
71 124 1
71 125 1
71 127 1
71 128 1
71 129 1
71 133 1
71 134 1
71 135 1
71 136 1
71 137 1
71 138 1
71 139 1
71 141 1
71 142 1
71 144 1
71 145 1
71 146 1
72 74 1
72 75 1
72 76 1
72 118 1
72 119 1
72 120 1
72 121 1
72 122 1
72 123 1
72 124 1
72 126 1
72 127 1
72 128 1
72 129 1
72 132 1
72 134 1
72 137 1
72 138 1
72 139 1
72 140 1
72 142 1
72 143 1
72 145 1
72 146 1
72 147 1
72 148 1
73 74 1
73 75 1
73 76 1
73 117 1
73 118 1
73 121 1
73 122 1
73 124 1
73 125 1
73 127 1
73 128 1
73 129 1
73 130 1
73 132 1
73 133 1
73 134 1
73 137 1
73 138 1
73 139 1
73 140 1
73 141 1
73 142 1
73 143 1
73 144 1
73 145 1
74 117 1
74 118 1
74 120 1
74 121 1
74 123 1
74 124 1
74 125 1
74 126 1
74 127 1
74 128 1
74 129 1
74 130 1
74 132 1
74 133 1
74 134 1
74 135 1
74 137 1
74 139 1
74 140 1
74 141 1
74 142 1
74 143 1
74 144 1
74 145 1
74 147 1
74 148 1
75 117 1
75 118 1
75 119 1
75 120 1
75 121 1
75 122 1
75 123 1
75 125 1
75 126 1
75 127 1
75 128 1
75 129 1
75 132 1
75 133 1
75 134 1
75 136 1
75 137 1
75 139 1
75 140 1
75 142 1
75 143 1
75 144 1
75 145 1
75 146 1
75 147 1
75 148 1
76 117 1
76 118 1
76 119 1
76 120 1
76 122 1
76 124 1
76 125 1
76 126 1
76 127 1
76 128 1
76 130 1
76 131 1
76 132 1
76 134 1
76 135 1
76 136 1
76 137 1
76 139 1
76 141 1
76 142 1
76 143 1
76 144 1
76 145 1
76 146 1
76 147 1
76 148 1
77 80 1
77 81 1
77 82 1
77 83 1
77 85 1
77 86 1
77 87 1
77 88 1
77 89 1
77 90 1
77 91 1
77 100 1
77 101 1
77 102 1
77 103 1
77 125 1
77 127 1
77 128 1
77 129 1
77 130 1
77 155 1
77 156 1
77 157 1
77 158 1
77 160 1
77 161 1
77 162 1
77 163 1
77 173 1
77 174 1
77 177 1
77 178 1
77 179 1
78 80 1
78 81 1
78 82 1
78 83 1
78 85 1
78 86 1
78 87 1
78 88 1
78 91 1
78 100 1
78 101 1
78 102 1
78 103 1
78 104 1
78 125 1
78 126 1
78 127 1
78 129 1
78 130 1
78 155 1
78 156 1
78 157 1
78 158 1
78 161 1
78 162 1
78 163 1
78 172 1
78 173 1
78 174 1
78 175 1
78 176 1
78 178 1
78 179 1
79 80 1
79 81 1
79 82 1
79 83 1
79 84 1
79 85 1
79 86 1
79 89 1
79 90 1
79 100 1
79 101 1
79 102 1
79 103 1
79 104 1
79 126 1
79 127 1
79 128 1
79 129 1
79 155 1
79 156 1
79 157 1
79 158 1
79 160 1
79 161 1
79 162 1
79 172 1
79 173 1
79 174 1
79 175 1
79 176 1
79 177 1
79 178 1
80 84 1
80 85 1
80 86 1
80 87 1
80 89 1
80 90 1
80 91 1
80 100 1
80 101 1
80 102 1
80 103 1
80 104 1
80 125 1
80 126 1
80 127 1
80 128 1
80 129 1
80 130 1
80 156 1
80 157 1
80 158 1
80 159 1
80 161 1
80 162 1
80 163 1
80 173 1
80 174 1
80 175 1
80 176 1
80 177 1
80 178 1
80 179 1
81 87 1
81 88 1
81 89 1
81 90 1
81 100 1
81 101 1
81 124 1
81 125 1
81 127 1
81 128 1
81 129 1
81 130 1
81 155 1
81 157 1
81 158 1
81 159 1
81 161 1
81 162 1
81 163 1
81 173 1
81 175 1
81 176 1
82 84 1
82 85 1
82 86 1
82 87 1
82 88 1
82 89 1
82 91 1
82 100 1
82 101 1
82 103 1
82 104 1
82 124 1
82 125 1
82 126 1
82 127 1
82 129 1
82 130 1
82 156 1
82 157 1
82 158 1
82 160 1
82 161 1
82 172 1
82 174 1
82 176 1
82 178 1
82 179 1
83 84 1
83 85 1
83 86 1
83 87 1
83 88 1
83 89 1
83 90 1
83 100 1
83 102 1
83 103 1
83 104 1
83 124 1
83 125 1
83 126 1
83 127 1
83 128 1
83 130 1
83 155 1
83 158 1
83 160 1
83 162 1
83 172 1
83 173 1
83 174 1
83 175 1
83 176 1
83 177 1
83 179 1
84 88 1
84 89 1
84 90 1
84 91 1
84 155 1
84 156 1
84 157 1
84 159 1
84 160 1
84 161 1
84 163 1
85 88 1
85 89 1
85 90 1
85 91 1
85 155 1
85 156 1
85 157 1
85 159 1
85 160 1
85 161 1
86 88 1
86 89 1
86 90 1
86 91 1
86 157 1
86 158 1
86 159 1
86 161 1
86 162 1
86 163 1
87 88 1
87 89 1
87 90 1
87 91 1
87 155 1
87 157 1
87 158 1
87 159 1
87 161 1
87 162 1
88 155 1
88 156 1
88 157 1
88 158 1
88 159 1
88 160 1
88 161 1
88 162 1
88 163 1
89 155 1
89 156 1
89 157 1
89 158 1
89 161 1
90 155 1
90 156 1
90 158 1
90 159 1
90 160 1
90 162 1
90 163 1
91 155 1
91 158 1
91 159 1
91 160 1
91 161 1
92 96 1
92 97 1
92 98 1
92 99 1
92 124 1
92 125 1
92 127 1
92 128 1
92 129 1
92 130 1
93 96 1
93 97 1
93 98 1
93 99 1
93 124 1
93 125 1
93 127 1
93 129 1
93 130 1
94 96 1
94 97 1
94 98 1
94 99 1
94 124 1
94 126 1
94 128 1
94 129 1
94 130 1
95 96 1
95 97 1
95 98 1
95 99 1
95 125 1
95 126 1
95 127 1
95 128 1
95 129 1
95 130 1
96 124 1
96 125 1
96 127 1
96 129 1
96 130 1
97 124 1
97 125 1
97 126 1
97 128 1
97 130 1
98 124 1
98 125 1
98 126 1
98 127 1
98 129 1
99 124 1
99 126 1
99 127 1
99 128 1
99 129 1
99 130 1
100 102 1
100 103 1
100 104 1
100 117 1
100 118 1
100 119 1
100 121 1
100 122 1
100 123 1
101 102 1
101 103 1
101 104 1
101 118 1
101 119 1
101 122 1
101 123 1
102 117 1
102 120 1
102 122 1
103 118 1
103 119 1
103 120 1
103 121 1
103 122 1
103 123 1
104 117 1
104 118 1
104 119 1
104 120 1
104 121 1
104 123 1
105 106 1
105 112 1
105 113 1
105 115 1
105 116 1
105 117 1
105 118 1
105 119 1
105 120 1
105 121 1
105 122 1
105 123 1
105 131 1
105 133 1
105 135 1
105 136 1
105 137 1
105 139 1
105 172 1
105 173 1
105 175 1
105 176 1
105 177 1
105 178 1
106 107 1
106 113 1
106 114 1
106 115 1
106 116 1
106 117 1
106 118 1
106 119 1
106 120 1
106 121 1
106 122 1
106 131 1
106 132 1
106 133 1
106 134 1
106 137 1
106 138 1
106 139 1
106 172 1
106 174 1
106 175 1
106 177 1
106 178 1
106 179 1
107 108 1
107 112 1
107 113 1
107 114 1
107 117 1
107 118 1
107 119 1
107 120 1
107 122 1
107 131 1
107 132 1
107 133 1
107 134 1
107 135 1
107 136 1
107 138 1
107 139 1
107 172 1
107 173 1
107 176 1
107 177 1
107 179 1
108 109 1
108 112 1
108 113 1
108 114 1
108 115 1
108 117 1
108 118 1
108 120 1
108 121 1
108 122 1
108 123 1
108 132 1
108 136 1
108 137 1
108 138 1
108 139 1
108 172 1
108 173 1
108 174 1
108 175 1
108 176 1
108 178 1
109 110 1
109 112 1
109 115 1
109 116 1
109 117 1
109 118 1
109 119 1
109 120 1
109 121 1
109 122 1
109 131 1
109 132 1
109 133 1
109 134 1
109 135 1
109 137 1
109 139 1
109 172 1
109 173 1
109 175 1
109 176 1
109 178 1
109 179 1
110 111 1
110 112 1
110 113 1
110 114 1
110 115 1
110 116 1
110 117 1
110 119 1
110 121 1
110 122 1
110 123 1
110 132 1
110 134 1
110 136 1
110 137 1
110 139 1
110 172 1
110 173 1
110 174 1
110 175 1
110 176 1
110 178 1
111 112 1
111 113 1
111 114 1
111 116 1
111 118 1
111 120 1
111 121 1
111 123 1
111 131 1
111 132 1
111 133 1
111 134 1
111 136 1
111 137 1
111 139 1
111 172 1
111 175 1
111 176 1
111 178 1
111 179 1
112 113 1
112 117 1
112 119 1
112 122 1
112 123 1
112 172 1
112 173 1
112 174 1
112 176 1
112 177 1
112 178 1
112 179 1
113 114 1
113 117 1
113 118 1
113 119 1
113 120 1
113 122 1
113 172 1
113 173 1
113 174 1
113 175 1
113 179 1
114 115 1
114 117 1
114 119 1
114 121 1
114 123 1
114 172 1
114 173 1
114 174 1
114 175 1
114 176 1
114 177 1
114 178 1
114 179 1
115 116 1
115 117 1
115 119 1
115 120 1
115 122 1
115 172 1
115 173 1
115 175 1
115 177 1
115 178 1
115 179 1
116 117 1
116 119 1
116 120 1
116 122 1
116 123 1
116 172 1
116 174 1
116 176 1
116 178 1
116 179 1
117 118 1
117 149 1
117 150 1
117 151 1
117 152 1
117 154 1
117 155 1
117 157 1
117 158 1
117 159 1
117 160 1
117 162 1
117 163 1
117 164 1
117 167 1
117 168 1
117 169 1
117 172 1
117 175 1
117 176 1
117 177 1
117 178 1
117 179 1
118 119 1
118 149 1
118 151 1
118 153 1
118 154 1
118 155 1
118 157 1
118 158 1
118 159 1
118 160 1
118 161 1
118 162 1
118 163 1
118 164 1
118 165 1
118 166 1
118 167 1
118 168 1
118 169 1
118 170 1
118 171 1
118 172 1
118 173 1
118 174 1
118 175 1
118 176 1
118 177 1
118 178 1
119 120 1
119 149 1
119 150 1
119 152 1
119 153 1
119 154 1
119 155 1
119 156 1
119 157 1
119 159 1
119 160 1
119 162 1
119 163 1
119 164 1
119 165 1
119 166 1
119 167 1
119 168 1
119 169 1
119 170 1
119 171 1
119 172 1
119 173 1
119 175 1
119 176 1
119 178 1
119 179 1
120 121 1
120 149 1
120 150 1
120 152 1
120 153 1
120 154 1
120 155 1
120 157 1
120 158 1
120 159 1
120 160 1
120 161 1
120 162 1
120 165 1
120 167 1
120 168 1
120 169 1
120 170 1
120 171 1
120 172 1
120 173 1
120 174 1
121 122 1
121 150 1
121 151 1
121 153 1
121 154 1
121 156 1
121 158 1
121 159 1
121 161 1
121 162 1
121 163 1
121 164 1
121 167 1
121 168 1
121 169 1
121 171 1
121 172 1
121 175 1
121 176 1
121 178 1
121 179 1
122 123 1
122 149 1
122 150 1
122 151 1
122 153 1
122 154 1
122 157 1
122 159 1
122 160 1
122 162 1
122 163 1
122 165 1
122 166 1
122 167 1
122 168 1
122 169 1
122 170 1
122 172 1
122 175 1
122 176 1
122 178 1
122 179 1
123 149 1
123 150 1
123 151 1
123 155 1
123 156 1
123 158 1
123 160 1
123 161 1
123 163 1
123 164 1
123 165 1
123 167 1
123 170 1
123 172 1
123 173 1
123 176 1
123 178 1
124 125 1
124 150 1
124 151 1
124 152 1
124 153 1
124 154 1
124 155 1
124 156 1
124 157 1
124 158 1
124 159 1
124 160 1
124 161 1
124 162 1
124 164 1
124 166 1
124 167 1
124 168 1
124 170 1
125 126 1
125 150 1
125 151 1
125 152 1
125 153 1
125 155 1
125 157 1
125 159 1
125 160 1
125 161 1
125 162 1
125 163 1
125 164 1
125 165 1
125 167 1
125 168 1
125 169 1
125 170 1
125 171 1
126 127 1
126 151 1
126 152 1
126 153 1
126 154 1
126 155 1
126 156 1
126 158 1
126 159 1
126 160 1
126 162 1
126 163 1
126 164 1
126 165 1
126 166 1
126 167 1
126 168 1
126 169 1
126 170 1
126 171 1
127 128 1
127 156 1
127 157 1
127 158 1
127 159 1
127 160 1
127 162 1
127 164 1
127 166 1
127 167 1
127 168 1
127 169 1
127 171 1
128 129 1
128 149 1
128 150 1
128 151 1
128 152 1
128 153 1
128 154 1
128 155 1
128 156 1
128 157 1
128 159 1
128 160 1
128 161 1
128 164 1
128 166 1
128 169 1
128 170 1
128 171 1
129 130 1
129 149 1
129 153 1
129 155 1
129 156 1
129 157 1
129 158 1
129 160 1
129 161 1
129 163 1
129 164 1
129 165 1
129 166 1
129 167 1
129 168 1
129 170 1
129 171 1
130 149 1
130 150 1
130 151 1
130 152 1
130 153 1
130 154 1
130 155 1
130 156 1
130 157 1
130 158 1
130 159 1
130 160 1
130 161 1
130 162 1
130 163 1
130 164 1
130 166 1
130 167 1
130 168 1
130 170 1
130 171 1
131 132 1
132 133 1
133 134 1
134 135 1
135 136 1
136 137 1
137 138 1
138 139 1
140 174 1
140 175 1
140 176 1
140 177 1
140 178 1
140 179 1
141 172 1
141 173 1
141 174 1
141 175 1
141 176 1
141 178 1
141 179 1
142 172 1
142 173 1
142 174 1
142 175 1
142 176 1
142 177 1
142 178 1
143 172 1
143 174 1
143 175 1
143 176 1
143 177 1
143 178 1
143 179 1
144 172 1
144 173 1
144 174 1
144 175 1
144 176 1
144 178 1
145 172 1
145 173 1
145 174 1
145 175 1
145 176 1
145 177 1
145 178 1
145 179 1
146 173 1
146 174 1
146 175 1
146 176 1
146 177 1
146 178 1
146 179 1
147 172 1
147 175 1
147 177 1
147 178 1
147 179 1
148 173 1
148 174 1
148 175 1
148 176 1
148 177 1
148 178 1
148 179 1
155 172 1
155 173 1
155 174 1
155 175 1
155 177 1
155 178 1
156 172 1
156 173 1
156 175 1
156 176 1
156 177 1
156 178 1
157 172 1
157 173 1
157 174 1
157 177 1
157 178 1
157 179 1
158 172 1
158 173 1
158 174 1
158 175 1
158 177 1
158 179 1
159 172 1
159 173 1
159 174 1
159 175 1
159 176 1
160 172 1
160 173 1
160 174 1
160 176 1
160 178 1
160 179 1
161 173 1
161 174 1
161 178 1
162 172 1
162 173 1
162 174 1
162 175 1
162 176 1
162 177 1
162 178 1
162 179 1
163 175 1
163 177 1
163 178 1
