1 2 1
1 33 1
1 35 1
1 36 1
1 37 1
1 38 1
1 127 1
1 128 1
1 132 1
1 133 1
1 134 1
1 135 1
1 137 1
1 138 1
1 139 1
1 140 1
1 141 1
1 166 1
1 167 1
1 168 1
1 170 1
2 3 1
2 4 1
2 6 1
2 8 1
2 33 1
2 34 1
2 36 1
2 37 1
2 38 1
2 127 1
2 128 1
2 129 1
2 130 1
2 131 1
2 132 1
2 134 1
2 137 1
2 141 1
2 166 1
2 167 1
2 170 1
3 5 1
3 7 1
3 8 1
3 33 1
3 34 1
3 35 1
3 36 1
3 37 1
3 38 1
3 127 1
3 129 1
3 130 1
3 131 1
3 132 1
3 133 1
3 134 1
3 136 1
3 137 1
3 138 1
3 139 1
3 140 1
3 141 1
3 167 1
3 168 1
3 169 1
4 5 1
4 6 1
4 33 1
4 34 1
4 35 1
4 36 1
4 127 1
4 128 1
4 129 1
4 130 1
4 132 1
4 133 1
4 134 1
4 135 1
4 136 1
4 137 1
4 139 1
4 166 1
4 167 1
4 168 1
4 169 1
4 170 1
5 6 1
5 33 1
5 34 1
5 35 1
5 36 1
5 38 1
5 127 1
5 128 1
5 130 1
5 131 1
5 132 1
5 133 1
5 134 1
5 135 1
5 136 1
5 137 1
5 139 1
5 140 1
5 141 1
5 167 1
5 169 1
5 170 1
6 33 1
6 34 1
6 35 1
6 36 1
6 37 1
6 38 1
6 130 1
6 131 1
6 132 1
6 134 1
6 136 1
6 137 1
6 138 1
6 139 1
6 140 1
6 141 1
6 167 1
6 168 1
6 169 1
6 170 1
7 33 1
7 34 1
7 35 1
7 36 1
7 38 1
7 127 1
7 128 1
7 129 1
7 132 1
7 133 1
7 134 1
7 136 1
7 137 1
7 138 1
7 139 1
7 140 1
7 141 1
7 166 1
7 169 1
7 170 1
8 33 1
8 34 1
8 38 1
8 128 1
8 129 1
8 131 1
8 133 1
8 134 1
8 135 1
8 136 1
8 138 1
8 139 1
8 140 1
8 141 1
8 166 1
8 167 1
8 168 1
8 170 1
9 11 1
9 14 1
9 15 1
9 26 1
9 27 1
9 28 1
9 29 1
9 30 1
9 32 1
9 67 1
9 68 1
9 69 1
9 70 1
9 71 1
9 72 1
9 73 1
9 74 1
9 85 1
9 89 1
9 90 1
9 91 1
9 92 1
9 93 1
9 157 1
9 158 1
9 160 1
9 161 1
9 162 1
9 165 1
10 13 1
10 24 1
10 25 1
10 26 1
10 27 1
10 28 1
10 29 1
10 30 1
10 31 1
10 32 1
10 69 1
10 70 1
10 71 1
10 72 1
10 73 1
10 74 1
10 85 1
10 86 1
10 88 1
10 157 1
10 158 1
10 160 1
10 161 1
10 162 1
10 163 1
10 164 1
10 165 1
11 12 1
11 13 1
11 14 1
11 15 1
11 16 1
11 24 1
11 25 1
11 26 1
11 27 1
11 28 1
11 30 1
11 31 1
11 32 1
11 68 1
11 69 1
11 70 1
11 71 1
11 73 1
11 86 1
11 88 1
11 89 1
11 90 1
11 91 1
11 92 1
11 93 1
11 155 1
11 156 1
11 158 1
11 159 1
11 160 1
11 162 1
11 163 1
12 24 1
12 25 1
12 27 1
12 28 1
12 30 1
12 31 1
12 67 1
12 68 1
12 69 1
12 70 1
12 71 1
12 72 1
12 85 1
12 86 1
12 88 1
12 89 1
12 90 1
12 91 1
12 92 1
12 155 1
12 156 1
12 157 1
12 158 1
12 159 1
12 160 1
12 162 1
12 164 1
12 165 1
13 15 1
13 16 1
13 24 1
13 25 1
13 26 1
13 27 1
13 29 1
13 31 1
13 68 1
13 70 1
13 71 1
13 72 1
13 73 1
13 74 1
13 85 1
13 86 1
13 87 1
13 88 1
13 89 1
13 90 1
13 91 1
13 92 1
13 93 1
13 156 1
13 157 1
13 158 1
13 159 1
13 161 1
13 162 1
13 163 1
13 165 1
14 15 1
14 16 1
14 25 1
14 26 1
14 27 1
14 28 1
14 29 1
14 32 1
14 67 1
14 68 1
14 69 1
14 70 1
14 71 1
14 72 1
14 73 1
14 74 1
14 85 1
14 86 1
14 88 1
14 89 1
14 91 1
14 155 1
14 156 1
14 157 1
14 158 1
14 159 1
14 160 1
14 161 1
14 163 1
14 165 1
15 24 1
15 25 1
15 27 1
15 28 1
15 29 1
15 67 1
15 71 1
15 72 1
15 73 1
15 74 1
15 85 1
15 86 1
15 88 1
15 89 1
15 90 1
15 92 1
15 93 1
15 155 1
15 156 1
15 158 1
15 159 1
15 160 1
15 161 1
15 162 1
15 164 1
16 24 1
16 25 1
16 28 1
16 29 1
16 30 1
16 31 1
16 32 1
16 67 1
16 68 1
16 69 1
16 72 1
16 86 1
16 87 1
16 88 1
16 89 1
16 90 1
16 91 1
16 93 1
16 156 1
16 157 1
16 158 1
16 160 1
16 163 1
16 164 1
16 165 1
17 18 1
17 22 1
17 23 1
17 34 1
17 35 1
17 36 1
17 37 1
17 38 1
17 60 1
17 61 1
17 63 1
17 64 1
17 65 1
17 66 1
17 67 1
17 68 1
17 69 1
17 71 1
17 73 1
17 94 1
17 95 1
17 97 1
17 98 1
17 99 1
17 102 1
17 112 1
17 113 1
17 114 1
17 121 1
17 123 1
17 124 1
17 125 1
17 126 1
17 127 1
17 128 1
17 129 1
17 133 1
17 134 1
17 135 1
17 136 1
17 138 1
17 139 1
17 140 1
17 156 1
17 157 1
17 158 1
17 160 1
17 166 1
17 167 1
17 169 1
17 170 1
18 19 1
18 21 1
18 22 1
18 23 1
18 33 1
18 34 1
18 36 1
18 37 1
18 38 1
18 60 1
18 62 1
18 63 1
18 65 1
18 67 1
18 69 1
18 70 1
18 71 1
18 72 1
18 73 1
18 74 1
18 94 1
18 96 1
18 97 1
18 99 1
18 100 1
18 101 1
18 112 1
18 121 1
18 122 1
18 123 1
18 124 1
18 125 1
18 126 1
18 127 1
18 128 1
18 130 1
18 131 1
18 132 1
18 133 1
18 135 1
18 136 1
18 138 1
18 139 1
18 140 1
18 141 1
18 156 1
18 157 1
18 158 1
18 166 1
18 168 1
18 170 1
19 20 1
19 23 1
19 33 1
19 34 1
19 35 1
19 36 1
19 37 1
19 62 1
19 63 1
19 64 1
19 65 1
19 66 1
19 67 1
19 70 1
19 71 1
19 72 1
19 73 1
19 74 1
19 94 1
19 95 1
19 97 1
19 98 1
19 100 1
19 101 1
19 102 1
19 110 1
19 111 1
19 112 1
19 113 1
19 114 1
19 121 1
19 122 1
19 123 1
19 124 1
19 125 1
19 126 1
19 128 1
19 129 1
19 130 1
19 131 1
19 132 1
19 133 1
19 135 1
19 137 1
19 138 1
19 139 1
19 140 1
19 141 1
19 155 1
19 156 1
19 158 1
19 159 1
19 166 1
19 167 1
19 168 1
19 169 1
20 23 1
20 36 1
20 37 1
20 38 1
20 60 1
20 61 1
20 63 1
20 64 1
20 65 1
20 66 1
20 67 1
20 68 1
20 69 1
20 70 1
20 71 1
20 72 1
20 94 1
20 95 1
20 96 1
20 97 1
20 100 1
20 101 1
20 102 1
20 110 1
20 111 1
20 112 1
20 113 1
20 114 1
20 122 1
20 123 1
20 124 1
20 125 1
20 127 1
20 128 1
20 129 1
20 130 1
20 131 1
20 132 1
20 133 1
20 135 1
20 136 1
20 138 1
20 140 1
20 141 1
20 155 1
20 157 1
20 159 1
20 160 1
20 166 1
20 169 1
20 170 1
21 36 1
21 37 1
21 38 1
21 60 1
21 61 1
21 62 1
21 63 1
21 65 1
21 67 1
21 68 1
21 69 1
21 70 1
21 71 1
21 72 1
21 73 1
21 74 1
21 94 1
21 95 1
21 96 1
21 98 1
21 99 1
21 100 1
21 101 1
21 102 1
21 110 1
21 112 1
21 113 1
21 114 1
21 124 1
21 125 1
21 128 1
21 129 1
21 131 1
21 132 1
21 133 1
21 134 1
21 135 1
21 136 1
21 138 1
21 139 1
21 140 1
21 155 1
21 156 1
21 157 1
21 158 1
21 159 1
21 160 1
21 167 1
21 169 1
22 23 1
22 35 1
22 37 1
22 38 1
22 61 1
22 62 1
22 63 1
22 65 1
22 66 1
22 68 1
22 69 1
22 70 1
22 71 1
22 72 1
22 74 1
22 95 1
22 96 1
22 99 1
22 100 1
22 101 1
22 102 1
22 112 1
22 114 1
22 121 1
22 122 1
22 123 1
22 125 1
22 127 1
22 128 1
22 129 1
22 130 1
22 131 1
22 132 1
22 133 1
22 134 1
22 135 1
22 138 1
22 139 1
22 140 1
22 141 1
22 156 1
22 157 1
22 158 1
22 159 1
22 160 1
22 167 1
22 168 1
22 169 1
22 170 1
23 33 1
23 34 1
23 35 1
23 36 1
23 37 1
23 60 1
23 62 1
23 63 1
23 65 1
23 66 1
23 67 1
23 68 1
23 69 1
23 72 1
23 73 1
23 94 1
23 95 1
23 96 1
23 98 1
23 100 1
23 101 1
23 102 1
23 111 1
23 112 1
23 113 1
23 121 1
23 122 1
23 123 1
23 125 1
23 126 1
23 127 1
23 128 1
23 129 1
23 131 1
23 132 1
23 133 1
23 134 1
23 135 1
23 136 1
23 137 1
23 138 1
23 139 1
23 140 1
23 141 1
23 155 1
23 156 1
23 157 1
23 158 1
23 159 1
23 160 1
23 166 1
23 167 1
23 168 1
23 170 1
24 25 1
24 26 1
24 28 1
24 29 1
24 53 1
24 54 1
24 55 1
24 58 1
24 111 1
24 114 1
24 121 1
24 122 1
24 123 1
24 125 1
24 126 1
25 27 1
25 30 1
25 52 1
25 54 1
25 55 1
25 56 1
25 57 1
25 58 1
25 59 1
25 110 1
25 112 1
25 121 1
25 123 1
25 124 1
25 125 1
25 126 1
26 27 1
26 32 1
26 52 1
26 53 1
26 54 1
26 57 1
26 59 1
26 110 1
26 111 1
26 112 1
26 113 1
26 114 1
26 122 1
26 123 1
26 124 1
26 125 1
26 126 1
27 30 1
27 31 1
27 52 1
27 53 1
27 54 1
27 56 1
27 57 1
27 58 1
27 59 1
27 110 1
27 112 1
27 113 1
27 114 1
27 121 1
27 122 1
27 123 1
27 124 1
27 125 1
27 126 1
28 32 1
28 52 1
28 53 1
28 54 1
28 55 1
28 56 1
28 57 1
28 58 1
28 59 1
28 111 1
28 112 1
28 113 1
28 121 1
28 122 1
28 123 1
28 125 1
29 30 1
29 32 1
29 52 1
29 53 1
29 54 1
29 55 1
29 58 1
29 59 1
29 110 1
29 111 1
29 113 1
29 121 1
29 122 1
29 123 1
29 124 1
29 125 1
29 126 1
30 32 1
30 52 1
30 53 1
30 54 1
30 55 1
30 56 1
30 58 1
30 59 1
30 111 1
30 113 1
30 114 1
30 121 1
30 123 1
30 125 1
30 126 1
31 32 1
31 52 1
31 53 1
31 54 1
31 55 1
31 57 1
31 58 1
31 59 1
31 111 1
31 112 1
31 113 1
31 121 1
31 122 1
31 123 1
31 124 1
31 125 1
31 126 1
32 52 1
32 53 1
32 54 1
32 55 1
32 58 1
32 59 1
32 110 1
32 112 1
32 121 1
32 122 1
32 123 1
32 124 1
32 125 1
32 126 1
33 34 1
33 37 1
33 85 1
33 87 1
33 88 1
33 90 1
33 103 1
33 104 1
33 105 1
33 107 1
33 108 1
33 109 1
33 135 1
33 136 1
33 137 1
33 138 1
33 139 1
33 140 1
33 141 1
33 147 1
33 148 1
33 149 1
33 152 1
33 153 1
33 154 1
34 35 1
34 36 1
34 38 1
34 85 1
34 86 1
34 87 1
34 88 1
34 89 1
34 90 1
34 91 1
34 92 1
34 93 1
34 104 1
34 105 1
34 106 1
34 108 1
34 109 1
34 134 1
34 135 1
34 136 1
34 137 1
34 138 1
34 139 1
34 140 1
34 147 1
34 148 1
34 149 1
34 150 1
34 152 1
34 153 1
35 38 1
35 85 1
35 86 1
35 87 1
35 88 1
35 89 1
35 90 1
35 91 1
35 92 1
35 93 1
35 103 1
35 105 1
35 107 1
35 108 1
35 109 1
35 134 1
35 135 1
35 137 1
35 138 1
35 139 1
35 140 1
35 141 1
35 147 1
35 148 1
35 149 1
35 150 1
35 151 1
35 153 1
36 37 1
36 85 1
36 86 1
36 87 1
36 88 1
36 89 1
36 90 1
36 92 1
36 93 1
36 104 1
36 106 1
36 107 1
36 108 1
36 109 1
36 134 1
36 135 1
36 136 1
36 139 1
36 140 1
36 147 1
36 148 1
36 150 1
36 152 1
36 154 1
37 85 1
37 87 1
37 89 1
37 90 1
37 91 1
37 103 1
37 105 1
37 107 1
37 108 1
37 109 1
37 134 1
37 135 1
37 136 1
37 137 1
37 138 1
37 139 1
37 141 1
37 148 1
37 151 1
37 152 1
37 154 1
38 85 1
38 88 1
38 90 1
38 91 1
38 103 1
38 105 1
38 106 1
38 107 1
38 108 1
38 109 1
38 134 1
38 135 1
38 136 1
38 138 1
38 141 1
38 148 1
38 149 1
38 150 1
38 153 1
38 154 1
39 40 1
39 41 1
39 42 1
39 43 1
39 44 1
39 46 1
39 48 1
39 49 1
39 75 1
39 76 1
39 77 1
39 78 1
39 79 1
39 110 1
39 112 1
39 113 1
39 114 1
39 116 1
39 117 1
39 119 1
39 120 1
39 122 1
39 124 1
39 125 1
39 126 1
39 127 1
39 128 1
39 131 1
39 132 1
39 133 1
39 134 1
39 135 1
39 137 1
39 138 1
39 139 1
39 140 1
39 141 1
40 42 1
40 44 1
40 46 1
40 47 1
40 48 1
40 49 1
40 50 1
40 75 1
40 76 1
40 77 1
40 78 1
40 110 1
40 111 1
40 112 1
40 113 1
40 114 1
40 115 1
40 117 1
40 118 1
40 120 1
40 121 1
40 122 1
40 124 1
40 125 1
40 126 1
40 128 1
40 129 1
40 130 1
40 131 1
40 132 1
40 133 1
40 134 1
40 135 1
40 136 1
40 137 1
40 140 1
40 141 1
41 44 1
41 45 1
41 46 1
41 48 1
41 49 1
41 50 1
41 75 1
41 76 1
41 77 1
41 78 1
41 79 1
41 110 1
41 111 1
41 112 1
41 113 1
41 116 1
41 117 1
41 118 1
41 120 1
41 121 1
41 122 1
41 124 1
41 125 1
41 126 1
41 127 1
41 128 1
41 129 1
41 130 1
41 131 1
41 132 1
41 133 1
41 134 1
41 136 1
41 137 1
41 139 1
41 140 1
41 141 1
42 44 1
42 45 1
42 46 1
42 48 1
42 50 1
42 51 1
42 75 1
42 76 1
42 77 1
42 78 1
42 79 1
42 110 1
42 111 1
42 112 1
42 113 1
42 114 1
42 115 1
42 117 1
42 118 1
42 119 1
42 120 1
42 121 1
42 122 1
42 124 1
42 125 1
42 126 1
42 127 1
42 128 1
42 129 1
42 130 1
42 132 1
42 135 1
42 136 1
42 138 1
42 139 1
42 140 1
42 141 1
43 45 1
43 46 1
43 47 1
43 48 1
43 49 1
43 50 1
43 51 1
43 75 1
43 77 1
43 78 1
43 110 1
43 111 1
43 112 1
43 113 1
43 114 1
43 115 1
43 117 1
43 118 1
43 119 1
43 120 1
43 123 1
43 124 1
43 126 1
43 127 1
43 128 1
43 130 1
43 131 1
43 133 1
43 134 1
43 135 1
43 136 1
43 138 1
43 140 1
43 141 1
44 45 1
44 46 1
44 50 1
44 51 1
44 76 1
44 77 1
44 79 1
44 110 1
44 111 1
44 113 1
44 114 1
44 115 1
44 116 1
44 117 1
44 118 1
44 120 1
44 123 1
44 124 1
44 125 1
44 126 1
44 127 1
44 128 1
44 129 1
44 130 1
44 131 1
44 132 1
44 134 1
44 135 1
44 136 1
44 137 1
44 138 1
44 139 1
44 141 1
45 46 1
45 47 1
45 49 1
45 51 1
45 94 1
45 96 1
45 97 1
45 99 1
45 100 1
45 101 1
45 102 1
45 127 1
45 129 1
45 130 1
45 131 1
45 132 1
45 134 1
45 135 1
45 136 1
45 139 1
46 47 1
46 48 1
46 51 1
46 94 1
46 96 1
46 98 1
46 99 1
46 100 1
46 101 1
46 130 1
46 132 1
46 134 1
46 135 1
46 137 1
46 139 1
46 140 1
46 141 1
47 49 1
47 94 1
47 95 1
47 96 1
47 97 1
47 98 1
47 99 1
47 100 1
47 102 1
47 127 1
47 128 1
47 130 1
47 131 1
47 132 1
47 133 1
47 134 1
47 135 1
47 136 1
47 137 1
47 139 1
48 96 1
48 97 1
48 98 1
48 99 1
48 100 1
48 102 1
48 127 1
48 128 1
48 129 1
48 130 1
48 131 1
48 133 1
48 134 1
48 135 1
48 137 1
48 138 1
48 139 1
48 140 1
48 141 1
49 51 1
49 94 1
49 95 1
49 96 1
49 98 1
49 99 1
49 100 1
49 101 1
49 102 1
49 127 1
49 128 1
49 129 1
49 130 1
49 131 1
49 132 1
49 133 1
49 136 1
49 137 1
49 138 1
49 139 1
49 141 1
50 94 1
50 95 1
50 96 1
50 98 1
50 99 1
50 100 1
50 101 1
50 102 1
50 127 1
50 128 1
50 129 1
50 131 1
50 135 1
50 138 1
50 139 1
50 141 1
51 94 1
51 96 1
51 97 1
51 98 1
51 100 1
51 101 1
51 102 1
51 127 1
51 129 1
51 130 1
51 131 1
51 132 1
51 133 1
51 136 1
51 137 1
51 138 1
51 139 1
51 140 1
51 141 1
52 57 1
52 60 1
52 61 1
52 63 1
52 64 1
52 65 1
52 67 1
52 68 1
52 69 1
52 74 1
52 103 1
52 104 1
52 106 1
52 107 1
52 108 1
52 127 1
52 128 1
52 129 1
52 130 1
52 131 1
52 133 1
52 134 1
52 136 1
52 137 1
52 138 1
52 143 1
52 144 1
52 145 1
52 146 1
53 54 1
53 58 1
53 60 1
53 62 1
53 65 1
53 66 1
53 67 1
53 69 1
53 70 1
53 71 1
53 72 1
53 73 1
53 74 1
53 103 1
53 104 1
53 105 1
53 106 1
53 107 1
53 108 1
53 109 1
53 127 1
53 130 1
53 131 1
53 133 1
53 134 1
53 135 1
53 136 1
53 138 1
53 139 1
53 140 1
53 141 1
53 142 1
53 143 1
53 144 1
53 146 1
54 55 1
54 57 1
54 61 1
54 64 1
54 65 1
54 66 1
54 68 1
54 70 1
54 71 1
54 72 1
54 73 1
54 74 1
54 103 1
54 105 1
54 106 1
54 107 1
54 108 1
54 127 1
54 129 1
54 131 1
54 132 1
54 133 1
54 135 1
54 136 1
54 137 1
54 139 1
54 140 1
54 141 1
54 143 1
54 144 1
54 145 1
54 146 1
55 57 1
55 58 1
55 59 1
55 60 1
55 61 1
55 62 1
55 64 1
55 66 1
55 67 1
55 68 1
55 69 1
55 71 1
55 72 1
55 73 1
55 74 1
55 103 1
55 104 1
55 105 1
55 106 1
55 108 1
55 109 1
55 127 1
55 128 1
55 129 1
55 130 1
55 131 1
55 132 1
55 133 1
55 135 1
55 136 1
55 137 1
55 138 1
55 139 1
55 140 1
55 141 1
55 142 1
55 143 1
55 145 1
55 146 1
56 58 1
56 60 1
56 62 1
56 63 1
56 64 1
56 65 1
56 66 1
56 67 1
56 68 1
56 69 1
56 70 1
56 71 1
56 72 1
56 73 1
56 74 1
56 103 1
56 104 1
56 105 1
56 108 1
56 109 1
56 127 1
56 128 1
56 129 1
56 131 1
56 132 1
56 133 1
56 135 1
56 137 1
56 138 1
56 139 1
56 140 1
56 141 1
56 142 1
56 145 1
57 60 1
57 61 1
57 62 1
57 63 1
57 64 1
57 65 1
57 67 1
57 69 1
57 70 1
57 71 1
57 72 1
57 73 1
57 74 1
57 103 1
57 104 1
57 105 1
57 108 1
57 127 1
57 128 1
57 130 1
57 131 1
57 133 1
57 135 1
57 137 1
57 138 1
57 139 1
57 141 1
57 142 1
57 144 1
57 145 1
57 146 1
58 59 1
58 60 1
58 61 1
58 62 1
58 63 1
58 64 1
58 65 1
58 66 1
58 67 1
58 69 1
58 70 1
58 72 1
58 73 1
58 74 1
58 103 1
58 104 1
58 106 1
58 107 1
58 108 1
58 109 1
58 128 1
58 129 1
58 131 1
58 132 1
58 133 1
58 134 1
58 135 1
58 136 1
58 139 1
58 140 1
58 141 1
58 142 1
58 144 1
58 145 1
58 146 1
59 60 1
59 61 1
59 62 1
59 63 1
59 64 1
59 65 1
59 67 1
59 68 1
59 70 1
59 74 1
59 104 1
59 105 1
59 106 1
59 107 1
59 108 1
59 109 1
59 128 1
59 129 1
59 130 1
59 131 1
59 132 1
59 133 1
59 134 1
59 135 1
59 138 1
59 139 1
59 142 1
59 143 1
59 145 1
59 146 1
60 63 1
60 64 1
60 66 1
60 75 1
60 78 1
60 79 1
60 103 1
60 104 1
60 106 1
60 107 1
60 109 1
60 110 1
60 111 1
60 112 1
60 113 1
60 114 1
60 122 1
60 123 1
60 124 1
60 125 1
60 126 1
60 156 1
60 158 1
60 159 1
60 160 1
61 62 1
61 63 1
61 64 1
61 65 1
61 66 1
61 76 1
61 77 1
61 78 1
61 79 1
61 103 1
61 104 1
61 105 1
61 106 1
61 108 1
61 109 1
61 110 1
61 111 1
61 112 1
61 114 1
61 122 1
61 123 1
61 124 1
61 125 1
61 126 1
61 156 1
61 157 1
61 158 1
61 159 1
61 160 1
62 63 1
62 65 1
62 66 1
62 75 1
62 76 1
62 77 1
62 79 1
62 104 1
62 105 1
62 106 1
62 107 1
62 108 1
62 109 1
62 110 1
62 111 1
62 113 1
62 114 1
62 121 1
62 123 1
62 124 1
62 125 1
62 126 1
62 155 1
62 156 1
62 157 1
62 158 1
62 159 1
62 160 1
63 75 1
63 76 1
63 77 1
63 78 1
63 79 1
63 103 1
63 104 1
63 105 1
63 107 1
63 110 1
63 111 1
63 112 1
63 113 1
63 114 1
63 121 1
63 122 1
63 123 1
63 124 1
63 125 1
63 126 1
63 155 1
63 156 1
63 160 1
64 65 1
64 66 1
64 75 1
64 77 1
64 78 1
64 79 1
64 103 1
64 104 1
64 105 1
64 106 1
64 107 1
64 108 1
64 110 1
64 111 1
64 112 1
64 114 1
64 121 1
64 123 1
64 124 1
64 125 1
64 126 1
64 156 1
64 158 1
65 66 1
65 75 1
65 76 1
65 77 1
65 78 1
65 103 1
65 104 1
65 106 1
65 107 1
65 108 1
65 109 1
65 110 1
65 112 1
65 114 1
65 121 1
65 122 1
65 124 1
65 125 1
65 126 1
65 156 1
65 157 1
65 158 1
65 159 1
65 160 1
66 75 1
66 76 1
66 77 1
66 78 1
66 79 1
66 103 1
66 104 1
66 105 1
66 108 1
66 109 1
66 111 1
66 112 1
66 113 1
66 121 1
66 123 1
66 124 1
66 125 1
66 126 1
66 155 1
66 156 1
66 158 1
66 160 1
67 69 1
67 70 1
67 73 1
67 75 1
67 76 1
67 78 1
67 79 1
67 95 1
67 96 1
67 97 1
67 98 1
67 99 1
67 100 1
67 101 1
67 110 1
67 111 1
67 112 1
67 113 1
67 148 1
67 149 1
67 150 1
67 152 1
67 153 1
67 154 1
68 74 1
68 75 1
68 78 1
68 79 1
68 95 1
68 96 1
68 97 1
68 98 1
68 99 1
68 102 1
68 113 1
68 114 1
68 147 1
68 148 1
68 149 1
68 151 1
68 152 1
69 72 1
69 73 1
69 75 1
69 76 1
69 77 1
69 78 1
69 94 1
69 95 1
69 96 1
69 97 1
69 98 1
69 99 1
69 100 1
69 101 1
69 102 1
69 110 1
69 111 1
69 112 1
69 114 1
69 147 1
69 150 1
69 151 1
69 152 1
69 153 1
69 154 1
70 73 1
70 75 1
70 76 1
70 77 1
70 78 1
70 79 1
70 94 1
70 95 1
70 96 1
70 97 1
70 98 1
70 99 1
70 100 1
70 101 1
70 102 1
70 110 1
70 111 1
70 112 1
70 113 1
70 114 1
70 147 1
70 148 1
70 149 1
70 150 1
70 152 1
70 153 1
70 154 1
71 72 1
71 74 1
71 75 1
71 76 1
71 77 1
71 78 1
71 94 1
71 95 1
71 96 1
71 97 1
71 99 1
71 100 1
71 101 1
71 102 1
71 110 1
71 111 1
71 113 1
71 114 1
71 147 1
71 149 1
71 150 1
71 152 1
71 153 1
72 74 1
72 76 1
72 77 1
72 78 1
72 79 1
72 95 1
72 98 1
72 99 1
72 101 1
72 102 1
72 110 1
72 111 1
72 112 1
72 113 1
72 114 1
72 149 1
72 150 1
72 151 1
72 152 1
72 153 1
72 154 1
73 75 1
73 76 1
73 77 1
73 78 1
73 79 1
73 94 1
73 95 1
73 96 1
73 97 1
73 99 1
73 100 1
73 102 1
73 110 1
73 111 1
73 112 1
73 113 1
73 114 1
73 148 1
73 149 1
73 150 1
73 151 1
73 153 1
73 154 1
74 75 1
74 76 1
74 77 1
74 78 1
74 79 1
74 96 1
74 97 1
74 100 1
74 101 1
74 102 1
74 110 1
74 111 1
74 112 1
74 114 1
74 148 1
74 149 1
74 150 1
74 151 1
74 152 1
74 153 1
74 154 1
75 77 1
75 79 1
75 127 1
75 128 1
75 129 1
75 130 1
75 131 1
75 132 1
75 133 1
75 147 1
75 152 1
75 153 1
75 154 1
76 77 1
76 78 1
76 79 1
76 130 1
76 132 1
76 133 1
76 147 1
76 148 1
76 149 1
76 150 1
76 151 1
76 152 1
76 154 1
77 79 1
77 128 1
77 129 1
77 130 1
77 131 1
77 132 1
77 133 1
77 147 1
77 148 1
77 149 1
77 150 1
77 153 1
77 154 1
78 127 1
78 130 1
78 132 1
78 133 1
78 147 1
78 149 1
78 150 1
78 151 1
78 152 1
78 153 1
78 154 1
79 127 1
79 128 1
79 129 1
79 130 1
79 131 1
79 132 1
79 133 1
79 147 1
79 148 1
79 149 1
79 150 1
79 151 1
79 152 1
79 153 1
79 154 1
80 82 1
80 94 1
80 95 1
80 96 1
80 99 1
80 100 1
80 101 1
80 102 1
80 110 1
80 111 1
80 112 1
80 113 1
80 114 1
80 127 1
80 129 1
80 130 1
80 131 1
80 135 1
80 136 1
80 137 1
80 138 1
80 139 1
80 140 1
80 141 1
80 142 1
80 143 1
80 145 1
80 146 1
81 84 1
81 94 1
81 95 1
81 97 1
81 98 1
81 100 1
81 101 1
81 102 1
81 110 1
81 111 1
81 112 1
81 113 1
81 114 1
81 127 1
81 129 1
81 130 1
81 132 1
81 133 1
81 134 1
81 135 1
81 136 1
81 137 1
81 138 1
81 139 1
81 140 1
81 142 1
81 143 1
81 146 1
82 83 1
82 84 1
82 94 1
82 95 1
82 96 1
82 97 1
82 98 1
82 99 1
82 101 1
82 102 1
82 110 1
82 111 1
82 112 1
82 113 1
82 114 1
82 127 1
82 128 1
82 129 1
82 130 1
82 131 1
82 132 1
82 133 1
82 136 1
82 137 1
82 139 1
82 141 1
82 143 1
82 144 1
83 94 1
83 96 1
83 97 1
83 98 1
83 99 1
83 101 1
83 102 1
83 110 1
83 111 1
83 112 1
83 113 1
83 114 1
83 127 1
83 128 1
83 129 1
83 130 1
83 131 1
83 133 1
83 135 1
83 136 1
83 137 1
83 138 1
83 140 1
83 141 1
83 142 1
83 143 1
83 144 1
83 145 1
83 146 1
84 94 1
84 95 1
84 96 1
84 99 1
84 100 1
84 101 1
84 102 1
84 110 1
84 111 1
84 112 1
84 113 1
84 114 1
84 128 1
84 129 1
84 130 1
84 131 1
84 132 1
84 133 1
84 134 1
84 137 1
84 138 1
84 139 1
84 140 1
84 143 1
84 144 1
84 145 1
85 89 1
85 90 1
85 93 1
85 86 1
85 87 1
85 115 1
85 118 1
85 119 1
85 121 1
85 122 1
85 124 1
85 126 1
85 156 1
85 157 1
85 158 1
85 159 1
85 160 1
85 162 1
85 163 1
85 164 1
85 165 1
86 90 1
86 92 1
86 93 1
86 115 1
86 116 1
86 117 1
86 118 1
86 119 1
86 122 1
86 123 1
86 124 1
86 125 1
86 126 1
86 155 1
86 157 1
86 158 1
86 159 1
86 161 1
86 163 1
86 164 1
86 165 1
87 92 1
87 115 1
87 117 1
87 118 1
87 119 1
87 120 1
87 122 1
87 123 1
87 124 1
87 125 1
87 126 1
87 155 1
87 156 1
87 157 1
87 158 1
87 159 1
87 160 1
87 161 1
87 162 1
87 165 1
88 91 1
88 93 1
88 115 1
88 116 1
88 117 1
88 118 1
88 119 1
88 120 1
88 121 1
88 122 1
88 123 1
88 124 1
88 125 1
88 157 1
88 158 1
88 160 1
88 161 1
88 162 1
88 163 1
88 164 1
89 90 1
89 115 1
89 116 1
89 117 1
89 118 1
89 119 1
89 120 1
89 121 1
89 123 1
89 124 1
89 125 1
89 155 1
89 156 1
89 157 1
89 159 1
89 160 1
89 161 1
89 162 1
89 163 1
89 164 1
89 165 1
90 92 1
90 93 1
90 115 1
90 116 1
90 117 1
90 118 1
90 120 1
90 121 1
90 122 1
90 123 1
90 125 1
90 126 1
90 155 1
90 156 1
90 157 1
90 158 1
90 159 1
90 160 1
90 162 1
90 163 1
90 165 1
91 92 1
91 93 1
91 117 1
91 118 1
91 120 1
91 121 1
91 123 1
91 124 1
91 125 1
91 126 1
91 155 1
91 157 1
91 159 1
91 160 1
91 161 1
91 163 1
91 165 1
92 93 1
92 115 1
92 116 1
92 118 1
92 119 1
92 123 1
92 124 1
92 155 1
92 156 1
92 158 1
92 159 1
92 162 1
92 163 1
92 164 1
92 165 1
93 115 1
93 116 1
93 117 1
93 118 1
93 120 1
93 121 1
93 124 1
93 125 1
93 155 1
93 156 1
93 159 1
93 161 1
93 162 1
93 163 1
94 102 1
94 95 1
94 96 1
94 97 1
94 127 1
94 128 1
94 130 1
94 131 1
94 134 1
94 135 1
94 138 1
94 139 1
94 140 1
94 141 1
94 142 1
94 143 1
94 144 1
94 145 1
94 146 1
95 101 1
95 97 1
95 127 1
95 128 1
95 129 1
95 130 1
95 131 1
95 132 1
95 133 1
95 134 1
95 135 1
95 136 1
95 137 1
95 138 1
95 141 1
95 142 1
95 143 1
95 144 1
96 99 1
96 101 1
96 102 1
96 127 1
96 128 1
96 129 1
96 130 1
96 131 1
96 132 1
96 134 1
96 135 1
96 137 1
96 138 1
96 139 1
96 140 1
96 141 1
96 142 1
96 143 1
96 144 1
96 145 1
97 98 1
97 101 1
97 102 1
97 127 1
97 130 1
97 132 1
97 136 1
97 137 1
97 138 1
97 139 1
97 140 1
97 141 1
97 142 1
97 143 1
97 146 1
98 99 1
98 101 1
98 127 1
98 128 1
98 129 1
98 130 1
98 132 1
98 134 1
98 135 1
98 136 1
98 137 1
98 138 1
98 139 1
98 142 1
98 144 1
98 146 1
99 100 1
99 101 1
99 102 1
99 128 1
99 129 1
99 131 1
99 132 1
99 133 1
99 134 1
99 135 1
99 136 1
99 137 1
99 138 1
99 139 1
99 142 1
99 143 1
99 144 1
99 146 1
100 102 1
100 127 1
100 129 1
100 130 1
100 131 1
100 132 1
100 133 1
100 134 1
100 136 1
100 137 1
100 138 1
100 140 1
100 141 1
100 143 1
100 144 1
100 145 1
101 127 1
101 129 1
101 130 1
101 131 1
101 133 1
101 134 1
101 136 1
101 137 1
101 138 1
101 139 1
101 140 1
101 142 1
101 143 1
101 144 1
101 145 1
101 146 1
102 127 1
102 129 1
102 130 1
102 131 1
102 132 1
102 137 1
102 138 1
102 139 1
102 140 1
102 142 1
102 144 1
102 145 1
103 107 1
103 109 1
103 104 1
103 148 1
103 149 1
103 152 1
103 153 1
103 154 1
104 107 1
104 108 1
104 147 1
104 150 1
104 153 1
104 154 1
105 106 1
105 107 1
105 108 1
105 109 1
105 147 1
105 148 1
105 149 1
105 150 1
105 151 1
105 152 1
105 153 1
105 154 1
106 148 1
106 149 1
106 150 1
106 151 1
106 153 1
106 154 1
107 147 1
107 149 1
107 150 1
107 153 1
107 154 1
108 109 1
108 150 1
108 151 1
108 153 1
108 154 1
109 148 1
109 149 1
109 150 1
109 151 1
109 152 1
109 154 1
110 112 1
110 113 1
110 114 1
110 116 1
110 117 1
110 118 1
110 119 1
110 120 1
111 113 1
111 116 1
111 118 1
111 119 1
111 120 1
112 113 1
112 115 1
112 116 1
112 117 1
112 118 1
112 120 1
113 115 1
113 117 1
113 119 1
114 115 1
114 116 1
114 117 1
114 118 1
114 120 1
115 121 1
115 122 1
115 124 1
115 125 1
115 126 1
115 142 1
115 143 1
115 145 1
115 147 1
115 148 1
115 150 1
115 151 1
115 152 1
115 153 1
115 154 1
116 117 1
116 121 1
116 123 1
116 125 1
116 142 1
116 143 1
116 144 1
116 145 1
116 146 1
116 147 1
116 148 1
116 149 1
116 154 1
117 118 1
117 120 1
117 121 1
117 124 1
117 125 1
117 126 1
117 142 1
117 144 1
117 145 1
117 146 1
117 149 1
117 150 1
117 151 1
117 152 1
117 154 1
118 120 1
118 121 1
118 122 1
118 123 1
118 124 1
118 125 1
118 126 1
118 142 1
118 143 1
118 144 1
118 145 1
118 146 1
118 151 1
118 152 1
118 153 1
118 154 1
119 120 1
119 121 1
119 122 1
119 123 1
119 124 1
119 125 1
119 142 1
119 143 1
119 144 1
119 145 1
119 147 1
119 148 1
119 150 1
119 151 1
119 152 1
119 154 1
120 121 1
120 122 1
120 123 1
120 124 1
120 125 1
120 126 1
120 142 1
120 145 1
120 146 1
120 147 1
120 148 1
120 149 1
120 150 1
120 151 1
120 152 1
120 154 1
121 123 1
121 125 1
121 126 1
121 166 1
121 167 1
121 169 1
121 170 1
122 123 1
122 166 1
122 167 1
122 170 1
123 124 1
123 126 1
123 166 1
123 167 1
123 168 1
123 169 1
123 170 1
124 166 1
124 167 1
124 168 1
124 170 1
125 126 1
125 166 1
125 167 1
125 170 1
126 166 1
126 167 1
126 170 1
127 128 1
127 131 1
127 132 1
127 149 1
127 150 1
127 151 1
127 152 1
127 153 1
127 154 1
127 155 1
127 156 1
127 158 1
127 161 1
127 162 1
127 163 1
127 164 1
127 165 1
128 130 1
128 133 1
128 147 1
128 148 1
128 149 1
128 150 1
128 151 1
128 152 1
128 154 1
128 155 1
128 157 1
128 158 1
128 160 1
128 161 1
128 162 1
129 131 1
129 133 1
129 147 1
129 150 1
129 151 1
129 152 1
129 153 1
129 154 1
129 155 1
129 156 1
129 157 1
129 158 1
129 160 1
129 161 1
129 164 1
130 132 1
130 133 1
130 147 1
130 148 1
130 149 1
130 150 1
130 151 1
130 153 1
130 154 1
130 155 1
130 156 1
130 157 1
130 158 1
130 160 1
130 162 1
130 163 1
130 165 1
131 147 1
131 148 1
131 149 1
131 150 1
131 152 1
131 153 1
131 154 1
131 155 1
131 156 1
131 157 1
131 159 1
131 160 1
131 161 1
131 162 1
131 163 1
132 133 1
132 147 1
132 148 1
132 149 1
132 150 1
132 151 1
132 153 1
132 154 1
132 155 1
132 157 1
132 158 1
132 159 1
132 160 1
132 161 1
132 165 1
133 147 1
133 148 1
133 150 1
133 151 1
133 152 1
133 153 1
133 154 1
133 156 1
133 157 1
133 158 1
133 159 1
133 160 1
133 161 1
133 162 1
133 163 1
133 164 1
134 135 1
134 136 1
134 137 1
134 161 1
134 162 1
134 163 1
134 164 1
134 165 1
135 139 1
135 164 1
135 165 1
136 137 1
136 138 1
136 139 1
136 140 1
136 141 1
136 161 1
136 162 1
136 163 1
136 164 1
136 165 1
137 138 1
137 140 1
137 164 1
137 165 1
138 140 1
138 162 1
138 163 1
138 164 1
138 165 1
139 140 1
139 141 1
139 161 1
139 162 1
139 165 1
140 161 1
140 163 1
140 164 1
140 165 1
141 162 1
141 163 1
141 164 1
142 144 1
142 147 1
142 149 1
142 150 1
142 151 1
142 152 1
142 154 1
143 148 1
143 149 1
143 150 1
143 151 1
143 152 1
143 153 1
143 154 1
144 145 1
144 146 1
144 147 1
144 148 1
144 149 1
144 151 1
144 152 1
144 153 1
144 154 1
145 147 1
145 148 1
145 149 1
145 150 1
145 151 1
145 152 1
145 153 1
145 154 1
146 147 1
146 148 1
146 150 1
146 152 1
146 153 1
146 154 1
147 149 1
147 150 1
147 153 1
147 161 1
147 162 1
147 163 1
147 164 1
147 165 1
147 167 1
147 170 1
148 149 1
148 151 1
148 153 1
148 161 1
148 163 1
148 165 1
148 166 1
148 168 1
148 169 1
148 170 1
149 151 1
149 153 1
149 154 1
149 161 1
149 162 1
149 163 1
149 164 1
149 166 1
149 167 1
149 169 1
149 170 1
150 153 1
150 161 1
150 162 1
150 164 1
150 165 1
150 166 1
150 167 1
150 168 1
150 169 1
150 170 1
151 153 1
151 162 1
151 165 1
151 166 1
151 170 1
152 161 1
152 163 1
152 164 1
152 165 1
152 166 1
152 167 1
152 170 1
153 161 1
153 162 1
153 163 1
153 164 1
153 165 1
153 166 1
153 167 1
153 168 1
153 169 1
153 170 1
154 164 1
154 166 1
154 167 1
154 168 1
154 169 1
155 156 1
155 157 1
155 159 1
156 157 1
156 158 1
156 159 1
157 159 1
157 160 1
158 160 1
159 160 1
161 162 1
161 165 1
162 165 1
163 165 1
164 165 1
166 167 1
166 168 1
166 169 1
166 170 1
167 168 1
167 169 1
167 170 1
168 169 1
169 170 1
