1 2 1
1 3 1
1 4 1
1 5 1
1 6 1
1 7 1
1 13 1
1 14 1
1 15 1
1 17 1
1 43 1
1 44 1
1 45 1
1 87 1
1 88 1
1 90 1
1 107 1
1 128 1
1 132 1
1 133 1
1 136 1
2 5 1
2 7 1
2 13 1
2 14 1
2 15 1
2 16 1
2 17 1
2 42 1
2 43 1
2 44 1
2 45 1
2 86 1
2 87 1
2 88 1
2 89 1
2 109 1
2 110 1
2 111 1
2 129 1
2 130 1
2 131 1
2 132 1
3 7 1
3 13 1
3 15 1
3 41 1
3 42 1
3 44 1
3 86 1
3 87 1
3 88 1
3 89 1
3 90 1
3 107 1
3 110 1
3 128 1
3 131 1
3 132 1
3 133 1
3 134 1
3 135 1
4 13 1
4 14 1
4 15 1
4 16 1
4 17 1
4 42 1
4 43 1
4 45 1
4 87 1
4 88 1
4 90 1
4 107 1
4 108 1
4 110 1
4 128 1
4 129 1
4 134 1
4 135 1
4 136 1
5 6 1
5 13 1
5 14 1
5 15 1
5 16 1
5 17 1
5 41 1
5 42 1
5 43 1
5 44 1
5 45 1
5 86 1
5 88 1
5 90 1
5 107 1
5 109 1
5 128 1
5 129 1
5 130 1
5 131 1
5 132 1
5 133 1
5 135 1
5 136 1
6 15 1
6 41 1
6 45 1
6 86 1
6 88 1
6 89 1
6 107 1
6 109 1
6 110 1
6 111 1
6 128 1
6 130 1
6 133 1
6 134 1
6 135 1
6 136 1
7 13 1
7 14 1
7 15 1
7 16 1
7 17 1
7 41 1
7 43 1
7 45 1
7 86 1
7 87 1
7 88 1
7 89 1
7 107 1
7 109 1
7 110 1
7 111 1
7 130 1
7 131 1
7 132 1
7 133 1
7 134 1
7 135 1
7 136 1
8 9 1
8 10 1
8 12 1
8 41 1
8 42 1
8 43 1
8 44 1
8 45 1
9 42 1
9 43 1
9 44 1
9 45 1
10 11 1
10 41 1
10 43 1
10 45 1
11 41 1
11 43 1
11 44 1
12 43 1
12 44 1
12 45 1
13 14 1
13 15 1
13 16 1
13 17 1
13 66 1
13 67 1
13 68 1
13 70 1
13 72 1
14 16 1
14 17 1
14 66 1
14 67 1
14 68 1
14 70 1
14 71 1
14 72 1
15 66 1
15 67 1
15 68 1
15 69 1
15 70 1
15 71 1
15 72 1
16 66 1
16 70 1
16 71 1
16 72 1
17 67 1
17 68 1
17 69 1
17 71 1
17 72 1
18 19 1
18 20 1
18 21 1
18 22 1
18 23 1
18 73 1
18 75 1
18 76 1
18 77 1
18 78 1
18 80 1
18 86 1
18 87 1
18 88 1
18 90 1
18 99 1
18 100 1
18 101 1
18 102 1
18 104 1
18 106 1
18 113 1
18 114 1
18 116 1
18 123 1
18 124 1
18 126 1
18 127 1
19 23 1
19 74 1
19 75 1
19 76 1
19 77 1
19 79 1
19 87 1
19 88 1
19 89 1
19 90 1
19 99 1
19 100 1
19 101 1
19 103 1
19 104 1
19 105 1
19 106 1
19 112 1
19 113 1
19 115 1
19 116 1
19 123 1
19 124 1
19 125 1
19 126 1
20 21 1
20 74 1
20 76 1
20 78 1
20 79 1
20 86 1
20 87 1
20 88 1
20 89 1
20 99 1
20 100 1
20 102 1
20 103 1
20 105 1
20 112 1
20 113 1
20 114 1
20 115 1
20 116 1
20 123 1
20 125 1
21 73 1
21 74 1
21 76 1
21 77 1
21 78 1
21 79 1
21 86 1
21 87 1
21 89 1
21 90 1
21 100 1
21 101 1
21 104 1
21 105 1
21 106 1
21 113 1
21 114 1
21 116 1
21 123 1
21 124 1
21 125 1
21 126 1
21 127 1
22 74 1
22 75 1
22 76 1
22 78 1
22 79 1
22 80 1
22 86 1
22 89 1
22 90 1
22 99 1
22 100 1
22 101 1
22 102 1
22 103 1
22 104 1
22 105 1
22 106 1
22 112 1
22 113 1
22 114 1
22 115 1
22 124 1
22 125 1
22 127 1
23 74 1
23 75 1
23 78 1
23 79 1
23 80 1
23 87 1
23 88 1
23 89 1
23 99 1
23 101 1
23 102 1
23 104 1
23 105 1
23 106 1
23 112 1
23 113 1
23 114 1
23 116 1
23 124 1
23 125 1
23 126 1
23 127 1
24 25 1
24 27 1
24 30 1
24 31 1
24 62 1
24 63 1
24 64 1
24 91 1
24 93 1
24 95 1
24 96 1
24 97 1
24 98 1
24 107 1
24 109 1
24 110 1
24 111 1
24 113 1
24 116 1
24 117 1
24 118 1
24 119 1
24 120 1
24 121 1
24 122 1
24 124 1
24 125 1
24 137 1
24 138 1
24 139 1
24 140 1
24 141 1
24 142 1
24 143 1
24 144 1
24 145 1
24 155 1
24 156 1
24 157 1
24 158 1
24 159 1
24 161 1
25 27 1
25 28 1
25 29 1
25 30 1
25 31 1
25 61 1
25 63 1
25 64 1
25 65 1
25 91 1
25 92 1
25 93 1
25 94 1
25 95 1
25 96 1
25 97 1
25 98 1
25 107 1
25 109 1
25 110 1
25 111 1
25 112 1
25 116 1
25 117 1
25 118 1
25 119 1
25 121 1
25 122 1
25 123 1
25 124 1
25 125 1
25 126 1
25 137 1
25 138 1
25 143 1
25 144 1
25 145 1
25 155 1
25 156 1
25 157 1
25 159 1
25 160 1
25 161 1
25 162 1
26 27 1
26 28 1
26 61 1
26 63 1
26 65 1
26 91 1
26 92 1
26 93 1
26 95 1
26 96 1
26 97 1
26 98 1
26 108 1
26 109 1
26 110 1
26 111 1
26 112 1
26 113 1
26 114 1
26 115 1
26 119 1
26 121 1
26 122 1
26 123 1
26 124 1
26 125 1
26 127 1
26 137 1
26 139 1
26 140 1
26 143 1
26 144 1
26 145 1
26 155 1
26 156 1
26 157 1
26 158 1
26 159 1
26 160 1
26 161 1
26 162 1
27 61 1
27 62 1
27 63 1
27 64 1
27 65 1
27 92 1
27 93 1
27 95 1
27 98 1
27 108 1
27 110 1
27 111 1
27 113 1
27 114 1
27 115 1
27 117 1
27 118 1
27 120 1
27 121 1
27 122 1
27 123 1
27 124 1
27 125 1
27 126 1
27 137 1
27 141 1
27 142 1
27 143 1
27 144 1
27 145 1
27 155 1
27 156 1
27 157 1
27 158 1
27 159 1
27 160 1
27 161 1
27 162 1
28 31 1
28 61 1
28 64 1
28 65 1
28 91 1
28 92 1
28 93 1
28 94 1
28 95 1
28 96 1
28 97 1
28 98 1
28 107 1
28 108 1
28 112 1
28 113 1
28 114 1
28 117 1
28 118 1
28 119 1
28 121 1
28 122 1
28 123 1
28 124 1
28 125 1
28 126 1
28 127 1
28 137 1
28 138 1
28 139 1
28 140 1
28 141 1
28 142 1
28 143 1
28 144 1
28 145 1
28 155 1
28 156 1
28 157 1
28 158 1
28 161 1
28 162 1
29 61 1
29 62 1
29 63 1
29 64 1
29 65 1
29 91 1
29 92 1
29 94 1
29 96 1
29 98 1
29 107 1
29 108 1
29 109 1
29 112 1
29 113 1
29 114 1
29 117 1
29 120 1
29 121 1
29 122 1
29 123 1
29 125 1
29 126 1
29 127 1
29 137 1
29 138 1
29 139 1
29 140 1
29 141 1
29 142 1
29 145 1
29 155 1
29 157 1
29 158 1
29 159 1
30 61 1
30 62 1
30 63 1
30 65 1
30 91 1
30 92 1
30 94 1
30 95 1
30 98 1
30 107 1
30 108 1
30 109 1
30 110 1
30 111 1
30 112 1
30 113 1
30 114 1
30 116 1
30 117 1
30 118 1
30 120 1
30 121 1
30 122 1
30 125 1
30 126 1
30 127 1
30 137 1
30 138 1
30 139 1
30 140 1
30 141 1
30 142 1
30 143 1
30 145 1
30 155 1
30 156 1
30 157 1
30 158 1
30 161 1
30 162 1
31 61 1
31 63 1
31 65 1
31 92 1
31 94 1
31 95 1
31 96 1
31 97 1
31 98 1
31 107 1
31 108 1
31 110 1
31 112 1
31 113 1
31 114 1
31 116 1
31 118 1
31 119 1
31 120 1
31 121 1
31 122 1
31 123 1
31 124 1
31 125 1
31 126 1
31 127 1
31 137 1
31 138 1
31 141 1
31 142 1
31 143 1
31 144 1
31 145 1
31 155 1
31 156 1
31 157 1
31 158 1
31 159 1
31 161 1
31 162 1
32 33 1
32 34 1
32 36 1
32 37 1
32 38 1
32 39 1
32 99 1
32 100 1
32 104 1
32 105 1
32 106 1
32 112 1
32 114 1
32 116 1
32 128 1
32 130 1
32 131 1
32 132 1
32 133 1
32 134 1
32 135 1
32 136 1
32 163 1
32 165 1
32 166 1
32 168 1
33 34 1
33 35 1
33 36 1
33 37 1
33 38 1
33 39 1
33 40 1
33 99 1
33 100 1
33 102 1
33 103 1
33 104 1
33 105 1
33 106 1
33 112 1
33 113 1
33 114 1
33 128 1
33 130 1
33 131 1
33 132 1
33 133 1
33 134 1
33 163 1
33 165 1
33 166 1
33 167 1
33 168 1
33 169 1
34 36 1
34 37 1
34 38 1
34 39 1
34 40 1
34 100 1
34 101 1
34 102 1
34 103 1
34 104 1
34 105 1
34 106 1
34 115 1
34 116 1
34 128 1
34 129 1
34 130 1
34 131 1
34 132 1
34 133 1
34 134 1
34 135 1
34 136 1
34 163 1
34 164 1
34 165 1
34 166 1
34 167 1
34 168 1
34 169 1
35 36 1
35 37 1
35 38 1
35 39 1
35 40 1
35 99 1
35 100 1
35 101 1
35 102 1
35 103 1
35 106 1
35 112 1
35 113 1
35 115 1
35 129 1
35 130 1
35 131 1
35 132 1
35 133 1
35 134 1
35 135 1
35 136 1
35 163 1
35 164 1
35 166 1
35 167 1
35 168 1
35 169 1
36 38 1
36 40 1
36 99 1
36 100 1
36 101 1
36 102 1
36 104 1
36 105 1
36 106 1
36 112 1
36 114 1
36 116 1
36 128 1
36 129 1
36 130 1
36 131 1
36 133 1
36 134 1
36 135 1
36 136 1
36 163 1
36 164 1
36 165 1
36 167 1
36 169 1
37 38 1
37 39 1
37 40 1
37 100 1
37 101 1
37 102 1
37 103 1
37 104 1
37 105 1
37 106 1
37 112 1
37 113 1
37 114 1
37 115 1
37 130 1
37 131 1
37 132 1
37 133 1
37 134 1
37 135 1
37 136 1
37 164 1
37 165 1
37 166 1
37 168 1
37 169 1
38 99 1
38 100 1
38 101 1
38 102 1
38 104 1
38 105 1
38 106 1
38 112 1
38 113 1
38 115 1
38 116 1
38 128 1
38 129 1
38 130 1
38 132 1
38 133 1
38 134 1
38 135 1
38 136 1
38 165 1
38 166 1
38 167 1
38 169 1
39 40 1
39 99 1
39 100 1
39 101 1
39 103 1
39 105 1
39 106 1
39 114 1
39 115 1
39 128 1
39 129 1
39 131 1
39 132 1
39 133 1
39 134 1
39 135 1
39 136 1
39 163 1
39 165 1
39 166 1
39 167 1
39 168 1
39 169 1
40 99 1
40 103 1
40 105 1
40 106 1
40 112 1
40 113 1
40 115 1
40 116 1
40 128 1
40 129 1
40 130 1
40 132 1
40 133 1
40 134 1
40 135 1
40 163 1
40 164 1
40 165 1
40 167 1
40 169 1
41 42 1
41 43 1
41 44 1
41 45 1
41 87 1
41 88 1
41 89 1
41 90 1
41 119 1
41 120 1
41 121 1
41 122 1
41 123 1
41 124 1
41 125 1
41 126 1
41 127 1
42 43 1
42 44 1
42 45 1
42 86 1
42 87 1
42 88 1
42 90 1
42 117 1
42 121 1
42 122 1
42 123 1
42 125 1
42 127 1
43 44 1
43 45 1
43 86 1
43 87 1
43 88 1
43 89 1
43 90 1
43 117 1
43 119 1
43 120 1
43 121 1
43 122 1
43 123 1
43 124 1
43 126 1
44 45 1
44 87 1
44 88 1
44 89 1
44 117 1
44 118 1
44 119 1
44 121 1
44 122 1
44 125 1
44 126 1
44 127 1
45 86 1
45 87 1
45 88 1
45 89 1
45 90 1
45 117 1
45 118 1
45 119 1
45 120 1
45 121 1
45 122 1
45 123 1
45 124 1
45 125 1
46 47 1
46 48 1
46 49 1
46 51 1
46 99 1
46 100 1
46 101 1
46 102 1
46 103 1
46 105 1
46 106 1
47 48 1
47 49 1
47 50 1
47 51 1
47 99 1
47 100 1
47 102 1
47 103 1
48 49 1
48 51 1
48 99 1
48 100 1
48 101 1
48 103 1
48 104 1
48 106 1
49 50 1
49 99 1
49 100 1
49 101 1
49 102 1
49 103 1
49 105 1
50 51 1
50 99 1
50 101 1
50 102 1
50 103 1
50 104 1
50 105 1
50 106 1
51 100 1
51 101 1
51 102 1
51 103 1
51 104 1
51 105 1
52 53 1
52 55 1
52 58 1
52 59 1
52 82 1
52 83 1
52 84 1
53 55 1
53 56 1
53 57 1
53 59 1
53 60 1
53 81 1
53 83 1
53 85 1
54 55 1
54 56 1
54 57 1
54 58 1
54 59 1
54 60 1
54 82 1
54 83 1
54 85 1
55 56 1
55 57 1
55 58 1
55 59 1
55 60 1
55 82 1
55 83 1
55 84 1
55 85 1
56 58 1
56 59 1
56 60 1
56 81 1
56 82 1
56 83 1
56 85 1
57 58 1
57 59 1
57 81 1
57 82 1
57 83 1
57 84 1
57 85 1
58 59 1
58 60 1
58 81 1
58 82 1
58 83 1
58 85 1
59 60 1
59 81 1
59 83 1
59 84 1
59 85 1
60 82 1
60 83 1
60 84 1
60 85 1
61 63 1
61 64 1
61 65 1
61 66 1
61 68 1
61 69 1
61 70 1
61 71 1
61 72 1
61 73 1
61 74 1
61 75 1
61 76 1
61 77 1
61 78 1
61 79 1
61 80 1
61 81 1
61 83 1
61 84 1
61 85 1
61 101 1
61 103 1
61 104 1
61 105 1
61 119 1
61 120 1
61 121 1
61 122 1
61 147 1
61 148 1
61 149 1
61 153 1
61 154 1
62 63 1
62 64 1
62 65 1
62 69 1
62 70 1
62 71 1
62 72 1
62 74 1
62 75 1
62 76 1
62 77 1
62 78 1
62 79 1
62 80 1
62 81 1
62 82 1
62 83 1
62 85 1
62 99 1
62 102 1
62 103 1
62 105 1
62 106 1
62 117 1
62 118 1
62 119 1
62 120 1
62 121 1
62 122 1
62 147 1
62 149 1
62 150 1
62 151 1
62 152 1
62 153 1
62 154 1
63 64 1
63 65 1
63 66 1
63 67 1
63 69 1
63 70 1
63 72 1
63 74 1
63 75 1
63 76 1
63 77 1
63 78 1
63 79 1
63 81 1
63 82 1
63 83 1
63 84 1
63 85 1
63 99 1
63 100 1
63 101 1
63 102 1
63 105 1
63 117 1
63 119 1
63 120 1
63 122 1
63 146 1
63 148 1
63 149 1
63 151 1
63 152 1
63 153 1
63 154 1
64 65 1
64 66 1
64 67 1
64 68 1
64 69 1
64 70 1
64 71 1
64 72 1
64 73 1
64 74 1
64 75 1
64 76 1
64 77 1
64 78 1
64 80 1
64 81 1
64 82 1
64 83 1
64 84 1
64 101 1
64 103 1
64 104 1
64 106 1
64 117 1
64 118 1
64 119 1
64 120 1
64 121 1
64 122 1
64 147 1
64 150 1
64 151 1
64 152 1
64 153 1
65 66 1
65 67 1
65 68 1
65 69 1
65 70 1
65 71 1
65 73 1
65 74 1
65 75 1
65 76 1
65 77 1
65 78 1
65 79 1
65 81 1
65 82 1
65 83 1
65 99 1
65 100 1
65 102 1
65 103 1
65 104 1
65 105 1
65 106 1
65 118 1
65 119 1
65 121 1
65 122 1
65 146 1
65 147 1
65 148 1
65 149 1
65 151 1
65 152 1
65 153 1
65 154 1
66 69 1
66 70 1
66 71 1
66 72 1
66 81 1
66 82 1
66 83 1
66 84 1
66 85 1
66 86 1
66 87 1
66 88 1
66 90 1
67 69 1
67 71 1
67 72 1
67 81 1
67 83 1
67 84 1
67 85 1
67 88 1
67 90 1
68 69 1
68 70 1
68 71 1
68 72 1
68 82 1
68 83 1
68 84 1
68 85 1
68 86 1
68 88 1
68 89 1
68 90 1
69 81 1
69 82 1
69 83 1
69 84 1
69 85 1
69 86 1
69 87 1
69 89 1
69 90 1
70 81 1
70 82 1
70 83 1
70 84 1
70 85 1
70 86 1
70 87 1
70 88 1
70 89 1
70 90 1
71 81 1
71 82 1
71 84 1
71 85 1
71 86 1
71 87 1
71 88 1
71 89 1
72 83 1
72 84 1
72 88 1
72 89 1
72 90 1
73 77 1
73 78 1
73 79 1
73 80 1
73 118 1
73 122 1
73 123 1
73 124 1
73 125 1
73 127 1
73 146 1
73 148 1
73 149 1
73 150 1
73 151 1
73 152 1
73 154 1
74 78 1
74 79 1
74 80 1
74 118 1
74 119 1
74 120 1
74 121 1
74 122 1
74 123 1
74 124 1
74 125 1
74 126 1
74 127 1
74 146 1
74 149 1
74 150 1
74 152 1
74 153 1
74 154 1
75 77 1
75 78 1
75 79 1
75 80 1
75 117 1
75 120 1
75 122 1
75 123 1
75 124 1
75 125 1
75 126 1
75 146 1
75 147 1
75 148 1
75 149 1
75 150 1
75 151 1
75 152 1
75 154 1
76 77 1
76 78 1
76 79 1
76 80 1
76 118 1
76 119 1
76 120 1
76 122 1
76 123 1
76 124 1
76 125 1
76 126 1
76 127 1
76 147 1
76 148 1
76 150 1
76 151 1
76 152 1
76 153 1
76 154 1
77 118 1
77 119 1
77 120 1
77 121 1
77 123 1
77 146 1
77 147 1
77 148 1
77 149 1
77 151 1
77 153 1
77 154 1
78 80 1
78 117 1
78 118 1
78 119 1
78 120 1
78 123 1
78 124 1
78 125 1
78 146 1
78 147 1
78 148 1
78 149 1
78 150 1
78 151 1
78 152 1
78 153 1
78 154 1
79 117 1
79 118 1
79 119 1
79 120 1
79 121 1
79 122 1
79 123 1
79 124 1
79 125 1
79 126 1
79 127 1
79 147 1
79 148 1
79 149 1
79 150 1
79 151 1
79 154 1
80 117 1
80 118 1
80 119 1
80 121 1
80 124 1
80 126 1
80 127 1
80 147 1
80 148 1
80 149 1
80 151 1
80 152 1
80 153 1
80 154 1
81 83 1
81 84 1
81 85 1
81 107 1
81 110 1
81 111 1
81 112 1
81 116 1
81 137 1
81 138 1
81 140 1
81 141 1
81 142 1
81 143 1
81 144 1
81 145 1
82 83 1
82 84 1
82 85 1
82 108 1
82 109 1
82 111 1
82 113 1
82 114 1
82 115 1
82 137 1
82 138 1
82 139 1
82 141 1
82 142 1
82 143 1
82 144 1
82 145 1
83 107 1
83 108 1
83 109 1
83 110 1
83 113 1
83 114 1
83 116 1
83 137 1
83 138 1
83 139 1
83 140 1
83 141 1
84 109 1
84 110 1
84 112 1
84 113 1
84 114 1
84 115 1
84 116 1
84 137 1
84 140 1
84 142 1
84 143 1
84 144 1
84 145 1
85 107 1
85 109 1
85 110 1
85 112 1
85 113 1
85 116 1
85 138 1
85 139 1
85 140 1
85 143 1
85 144 1
85 145 1
86 90 1
86 99 1
86 101 1
86 102 1
86 104 1
86 105 1
86 106 1
86 138 1
86 139 1
86 140 1
86 141 1
86 142 1
86 143 1
86 144 1
86 145 1
86 155 1
86 156 1
86 158 1
86 161 1
86 162 1
87 88 1
87 90 1
87 100 1
87 101 1
87 102 1
87 103 1
87 104 1
87 105 1
87 106 1
87 137 1
87 138 1
87 139 1
87 141 1
87 142 1
87 144 1
87 145 1
87 159 1
87 160 1
87 161 1
87 162 1
88 99 1
88 100 1
88 102 1
88 103 1
88 104 1
88 106 1
88 137 1
88 138 1
88 139 1
88 143 1
88 144 1
88 145 1
88 155 1
88 156 1
88 157 1
88 158 1
88 159 1
88 160 1
89 99 1
89 102 1
89 104 1
89 106 1
89 138 1
89 139 1
89 140 1
89 141 1
89 143 1
89 144 1
89 155 1
89 156 1
89 157 1
89 159 1
89 160 1
89 161 1
89 162 1
90 99 1
90 100 1
90 101 1
90 102 1
90 103 1
90 104 1
90 105 1
90 106 1
90 137 1
90 138 1
90 140 1
90 142 1
90 143 1
90 155 1
90 158 1
90 159 1
90 160 1
90 161 1
90 162 1
91 95 1
91 97 1
91 93 1
91 124 1
91 125 1
91 126 1
91 138 1
91 139 1
91 140 1
91 141 1
91 143 1
91 144 1
92 95 1
92 96 1
92 97 1
92 124 1
92 126 1
92 127 1
92 137 1
92 138 1
92 140 1
92 141 1
92 142 1
92 143 1
92 144 1
92 145 1
93 95 1
93 96 1
93 97 1
93 98 1
93 123 1
93 124 1
93 125 1
93 126 1
93 127 1
93 137 1
93 138 1
93 139 1
93 141 1
93 142 1
93 143 1
93 144 1
93 145 1
94 95 1
94 96 1
94 97 1
94 98 1
94 123 1
94 124 1
94 125 1
94 126 1
94 139 1
94 140 1
94 141 1
94 142 1
94 143 1
94 144 1
95 123 1
95 124 1
95 125 1
95 126 1
95 127 1
95 138 1
95 139 1
95 140 1
95 142 1
95 143 1
96 124 1
96 125 1
96 126 1
96 137 1
96 138 1
96 139 1
96 140 1
96 141 1
96 142 1
96 143 1
96 144 1
97 123 1
97 124 1
97 137 1
97 138 1
97 139 1
97 140 1
97 141 1
97 142 1
97 143 1
97 144 1
97 145 1
98 123 1
98 124 1
98 125 1
98 126 1
98 127 1
98 139 1
98 141 1
98 142 1
98 143 1
98 144 1
98 145 1
99 100 1
99 104 1
99 105 1
99 117 1
99 118 1
99 119 1
99 120 1
99 121 1
99 122 1
99 128 1
99 129 1
99 131 1
99 132 1
99 133 1
99 134 1
99 135 1
99 136 1
100 101 1
100 105 1
100 106 1
100 117 1
100 118 1
100 119 1
100 121 1
100 128 1
100 132 1
100 133 1
100 134 1
100 136 1
101 102 1
101 104 1
101 105 1
101 117 1
101 118 1
101 119 1
101 120 1
101 122 1
101 128 1
101 129 1
101 130 1
101 131 1
101 132 1
101 133 1
101 134 1
101 135 1
102 103 1
102 104 1
102 118 1
102 119 1
102 120 1
102 121 1
102 122 1
102 128 1
102 129 1
102 130 1
102 131 1
102 132 1
102 133 1
102 135 1
102 136 1
103 104 1
103 117 1
103 118 1
103 119 1
103 120 1
103 128 1
103 129 1
103 130 1
103 131 1
103 132 1
103 133 1
103 134 1
104 105 1
104 117 1
104 118 1
104 119 1
104 121 1
104 122 1
104 129 1
104 130 1
104 131 1
104 132 1
104 133 1
104 135 1
105 106 1
105 117 1
105 118 1
105 119 1
105 120 1
105 121 1
105 122 1
105 128 1
105 129 1
105 130 1
105 131 1
105 132 1
105 133 1
105 134 1
106 118 1
106 119 1
106 120 1
106 121 1
106 122 1
106 128 1
106 130 1
106 132 1
106 133 1
106 134 1
106 135 1
106 136 1
107 108 1
107 146 1
107 148 1
107 149 1
107 150 1
107 152 1
107 153 1
107 155 1
107 157 1
107 158 1
107 159 1
107 160 1
107 161 1
107 162 1
108 109 1
108 147 1
108 149 1
108 151 1
108 152 1
108 153 1
108 154 1
108 155 1
108 156 1
108 157 1
108 158 1
108 160 1
109 110 1
109 146 1
109 148 1
109 149 1
109 150 1
109 151 1
109 152 1
109 153 1
109 155 1
109 157 1
109 158 1
109 159 1
109 160 1
109 162 1
110 111 1
110 148 1
110 149 1
110 150 1
110 151 1
110 153 1
110 154 1
110 156 1
110 158 1
110 160 1
110 162 1
111 146 1
111 147 1
111 148 1
111 149 1
111 150 1
111 152 1
111 155 1
111 156 1
111 157 1
111 158 1
111 159 1
111 160 1
111 161 1
112 115 1
113 114 1
114 115 1
115 116 1
117 118 1
117 119 1
117 121 1
117 122 1
117 123 1
117 124 1
117 125 1
117 126 1
118 119 1
118 121 1
118 123 1
118 124 1
118 127 1
119 120 1
119 124 1
119 125 1
119 126 1
119 127 1
120 121 1
120 122 1
120 124 1
120 125 1
120 126 1
120 127 1
121 122 1
121 123 1
121 124 1
121 125 1
121 126 1
121 127 1
122 123 1
122 124 1
122 126 1
122 127 1
123 124 1
124 125 1
125 126 1
126 127 1
129 134 1
130 135 1
130 136 1
131 133 1
135 136 1
137 139 1
137 164 1
137 165 1
137 166 1
137 167 1
137 168 1
137 169 1
138 139 1
138 163 1
138 164 1
138 165 1
138 166 1
138 167 1
138 169 1
139 145 1
139 163 1
139 164 1
139 165 1
139 166 1
139 168 1
139 169 1
140 163 1
140 164 1
140 165 1
140 167 1
140 169 1
141 163 1
141 164 1
141 165 1
141 166 1
141 168 1
141 169 1
142 145 1
142 163 1
142 164 1
142 167 1
142 168 1
142 169 1
143 163 1
143 164 1
143 165 1
143 166 1
143 167 1
143 168 1
143 169 1
144 163 1
144 164 1
144 168 1
144 169 1
145 163 1
145 164 1
145 168 1
146 150 1
146 155 1
146 156 1
146 157 1
146 158 1
146 159 1
146 160 1
146 161 1
146 162 1
147 154 1
147 155 1
147 157 1
147 159 1
147 160 1
147 162 1
148 151 1
148 154 1
148 155 1
148 156 1
148 157 1
148 158 1
148 159 1
148 160 1
148 162 1
149 156 1
149 157 1
149 158 1
149 159 1
149 160 1
149 161 1
149 162 1
150 151 1
150 155 1
150 156 1
150 157 1
150 158 1
150 159 1
150 160 1
151 155 1
151 156 1
151 158 1
151 161 1
151 162 1
152 153 1
152 154 1
152 155 1
152 156 1
152 158 1
152 159 1
152 161 1
153 157 1
153 158 1
153 161 1
153 162 1
154 155 1
154 156 1
154 157 1
154 158 1
154 160 1
154 161 1
155 158 1
156 158 1
156 160 1
156 161 1
157 160 1
157 161 1
158 159 1
163 165 1
163 168 1
164 165 1
164 167 1
165 168 1
168 169 1
