1 2 1
1 3 1
1 4 1
1 5 1
1 6 1
1 7 1
1 8 1
1 9 1
1 99 1
1 100 1
1 101 1
1 102 1
1 103 1
1 104 1
1 106 1
1 107 1
1 110 1
1 112 1
1 113 1
1 147 1
1 149 1
1 150 1
1 151 1
1 165 1
1 166 1
1 167 1
1 168 1
1 169 1
1 171 1
1 172 1
1 173 1
2 100 1
2 101 1
2 102 1
2 103 1
2 105 1
2 106 1
2 109 1
2 111 1
2 112 1
2 146 1
2 147 1
2 148 1
2 149 1
2 150 1
2 165 1
2 166 1
2 167 1
2 168 1
2 169 1
2 170 1
2 171 1
2 172 1
2 173 1
3 99 1
3 100 1
3 101 1
3 102 1
3 103 1
3 104 1
3 105 1
3 106 1
3 107 1
3 108 1
3 109 1
3 110 1
3 111 1
3 113 1
3 147 1
3 148 1
3 149 1
3 150 1
3 165 1
3 166 1
3 167 1
3 168 1
3 169 1
3 170 1
3 171 1
3 172 1
3 173 1
4 99 1
4 101 1
4 104 1
4 105 1
4 106 1
4 107 1
4 108 1
4 109 1
4 112 1
4 113 1
4 146 1
4 147 1
4 148 1
4 149 1
4 151 1
4 165 1
4 167 1
4 168 1
4 169 1
4 170 1
4 171 1
4 172 1
5 7 1
5 99 1
5 100 1
5 101 1
5 103 1
5 105 1
5 107 1
5 108 1
5 109 1
5 110 1
5 111 1
5 112 1
5 113 1
5 146 1
5 147 1
5 148 1
5 149 1
5 150 1
5 151 1
5 167 1
5 168 1
5 169 1
5 171 1
5 172 1
5 173 1
6 99 1
6 100 1
6 103 1
6 104 1
6 105 1
6 107 1
6 108 1
6 109 1
6 110 1
6 111 1
6 113 1
6 146 1
6 147 1
6 150 1
6 165 1
6 166 1
6 167 1
6 168 1
6 169 1
6 170 1
6 171 1
6 172 1
6 173 1
7 99 1
7 104 1
7 107 1
7 108 1
7 109 1
7 110 1
7 111 1
7 113 1
7 146 1
7 148 1
7 149 1
7 150 1
7 165 1
7 166 1
7 168 1
7 169 1
7 170 1
7 171 1
7 173 1
8 99 1
8 101 1
8 102 1
8 103 1
8 104 1
8 105 1
8 108 1
8 109 1
8 110 1
8 111 1
8 112 1
8 113 1
8 146 1
8 148 1
8 150 1
8 166 1
8 168 1
8 169 1
8 171 1
8 172 1
9 99 1
9 100 1
9 101 1
9 102 1
9 103 1
9 105 1
9 108 1
9 111 1
9 112 1
9 113 1
9 148 1
9 149 1
9 150 1
9 151 1
9 165 1
9 166 1
9 167 1
9 168 1
9 169 1
9 170 1
9 173 1
10 12 1
10 13 1
10 14 1
10 15 1
10 16 1
10 47 1
10 50 1
10 51 1
10 52 1
10 120 1
10 121 1
10 122 1
10 123 1
10 125 1
10 126 1
10 127 1
10 128 1
10 129 1
10 139 1
10 140 1
10 141 1
10 142 1
10 143 1
10 144 1
10 160 1
10 161 1
10 162 1
10 163 1
10 164 1
11 14 1
11 48 1
11 49 1
11 120 1
11 121 1
11 122 1
11 123 1
11 124 1
11 125 1
11 128 1
11 129 1
11 138 1
11 140 1
11 142 1
11 145 1
11 160 1
11 162 1
11 163 1
11 164 1
12 13 1
12 16 1
12 49 1
12 51 1
12 52 1
12 120 1
12 123 1
12 125 1
12 126 1
12 127 1
12 128 1
12 140 1
12 141 1
12 142 1
12 143 1
12 144 1
12 145 1
12 161 1
12 162 1
12 163 1
12 164 1
13 14 1
13 48 1
13 50 1
13 51 1
13 52 1
13 120 1
13 121 1
13 122 1
13 124 1
13 125 1
13 126 1
13 128 1
13 129 1
13 138 1
13 139 1
13 140 1
13 141 1
13 143 1
13 144 1
13 145 1
13 160 1
13 162 1
13 164 1
14 47 1
14 50 1
14 51 1
14 52 1
14 120 1
14 121 1
14 122 1
14 123 1
14 124 1
14 125 1
14 128 1
14 129 1
14 138 1
14 139 1
14 141 1
14 142 1
14 143 1
14 144 1
14 145 1
14 161 1
14 163 1
14 164 1
15 47 1
15 48 1
15 49 1
15 52 1
15 120 1
15 122 1
15 123 1
15 124 1
15 125 1
15 127 1
15 129 1
15 138 1
15 139 1
15 140 1
15 141 1
15 142 1
15 144 1
15 145 1
15 160 1
15 161 1
15 162 1
15 164 1
16 47 1
16 48 1
16 49 1
16 50 1
16 51 1
16 52 1
16 120 1
16 121 1
16 123 1
16 124 1
16 126 1
16 128 1
16 139 1
16 141 1
16 142 1
16 144 1
16 160 1
16 161 1
16 162 1
16 163 1
16 164 1
17 19 1
17 20 1
17 22 1
17 88 1
17 89 1
17 90 1
17 91 1
17 92 1
17 114 1
17 118 1
17 119 1
17 120 1
17 121 1
17 160 1
17 161 1
17 163 1
17 164 1
18 22 1
18 88 1
18 89 1
18 90 1
18 91 1
18 92 1
18 114 1
18 115 1
18 116 1
18 117 1
18 118 1
18 119 1
18 120 1
18 121 1
18 122 1
18 123 1
18 124 1
18 160 1
18 162 1
18 163 1
18 164 1
19 88 1
19 89 1
19 90 1
19 91 1
19 92 1
19 114 1
19 116 1
19 117 1
19 118 1
19 119 1
19 121 1
19 122 1
19 123 1
19 124 1
19 160 1
19 161 1
19 162 1
19 163 1
19 164 1
20 88 1
20 89 1
20 90 1
20 91 1
20 114 1
20 115 1
20 116 1
20 117 1
20 119 1
20 120 1
20 121 1
20 122 1
20 123 1
20 124 1
20 160 1
20 161 1
20 162 1
20 163 1
20 164 1
21 88 1
21 89 1
21 90 1
21 92 1
21 115 1
21 116 1
21 118 1
21 119 1
21 121 1
21 124 1
21 160 1
21 161 1
21 163 1
21 164 1
22 88 1
22 89 1
22 90 1
22 91 1
22 92 1
22 114 1
22 115 1
22 116 1
22 118 1
22 119 1
22 121 1
22 122 1
22 124 1
22 160 1
22 161 1
22 162 1
22 163 1
22 164 1
23 88 1
23 89 1
23 91 1
23 92 1
23 114 1
23 116 1
23 117 1
23 119 1
23 121 1
23 122 1
23 123 1
23 124 1
23 160 1
23 161 1
23 162 1
23 163 1
23 164 1
24 25 1
24 26 1
24 27 1
24 28 1
24 60 1
24 61 1
24 62 1
24 63 1
24 64 1
24 66 1
24 75 1
24 76 1
24 77 1
24 78 1
24 79 1
24 80 1
24 88 1
24 89 1
24 90 1
24 91 1
24 92 1
24 93 1
24 94 1
24 95 1
24 96 1
24 97 1
24 98 1
24 99 1
24 100 1
24 101 1
24 102 1
24 103 1
24 125 1
24 126 1
24 129 1
24 146 1
24 147 1
24 148 1
24 149 1
24 151 1
25 60 1
25 61 1
25 62 1
25 63 1
25 66 1
25 75 1
25 76 1
25 78 1
25 79 1
25 89 1
25 90 1
25 91 1
25 93 1
25 94 1
25 95 1
25 96 1
25 97 1
25 101 1
25 102 1
25 103 1
25 104 1
25 105 1
25 125 1
25 126 1
25 127 1
25 129 1
25 146 1
25 147 1
25 150 1
26 60 1
26 61 1
26 62 1
26 63 1
26 64 1
26 75 1
26 77 1
26 78 1
26 80 1
26 88 1
26 89 1
26 90 1
26 91 1
26 95 1
26 99 1
26 100 1
26 101 1
26 102 1
26 104 1
26 126 1
26 129 1
26 146 1
26 147 1
26 148 1
26 151 1
27 28 1
27 60 1
27 61 1
27 63 1
27 64 1
27 65 1
27 66 1
27 75 1
27 76 1
27 77 1
27 79 1
27 80 1
27 88 1
27 89 1
27 90 1
27 92 1
27 93 1
27 94 1
27 95 1
27 96 1
27 97 1
27 98 1
27 99 1
27 100 1
27 101 1
27 102 1
27 103 1
27 125 1
27 128 1
27 146 1
27 147 1
27 148 1
27 149 1
27 151 1
28 29 1
28 60 1
28 61 1
28 62 1
28 65 1
28 66 1
28 75 1
28 76 1
28 77 1
28 78 1
28 79 1
28 88 1
28 90 1
28 93 1
28 94 1
28 95 1
28 97 1
28 98 1
28 99 1
28 101 1
28 102 1
28 103 1
28 104 1
28 105 1
28 127 1
28 128 1
28 129 1
28 146 1
28 148 1
28 149 1
28 150 1
29 60 1
29 61 1
29 63 1
29 64 1
29 65 1
29 66 1
29 76 1
29 77 1
29 78 1
29 79 1
29 88 1
29 89 1
29 90 1
29 92 1
29 93 1
29 94 1
29 95 1
29 96 1
29 97 1
29 98 1
29 99 1
29 100 1
29 101 1
29 102 1
29 103 1
29 104 1
29 105 1
29 125 1
29 127 1
29 128 1
29 129 1
29 146 1
29 147 1
29 148 1
29 149 1
29 151 1
30 31 1
30 32 1
30 33 1
30 34 1
30 35 1
30 36 1
30 37 1
30 39 1
30 41 1
30 43 1
30 44 1
30 46 1
30 54 1
30 55 1
30 56 1
30 57 1
30 59 1
30 99 1
30 100 1
30 102 1
30 103 1
30 104 1
30 106 1
30 107 1
30 108 1
30 110 1
30 111 1
30 112 1
30 130 1
30 133 1
30 134 1
30 135 1
30 137 1
31 36 1
31 38 1
31 40 1
31 43 1
31 44 1
31 45 1
31 46 1
31 53 1
31 54 1
31 56 1
31 57 1
31 58 1
31 59 1
31 100 1
31 101 1
31 102 1
31 106 1
31 107 1
31 109 1
31 110 1
31 111 1
31 113 1
31 131 1
31 136 1
32 34 1
32 39 1
32 40 1
32 41 1
32 42 1
32 43 1
32 44 1
32 45 1
32 46 1
32 53 1
32 54 1
32 58 1
32 59 1
32 99 1
32 100 1
32 102 1
32 103 1
32 104 1
32 106 1
32 108 1
32 109 1
32 110 1
32 111 1
32 113 1
32 130 1
32 131 1
32 132 1
32 133 1
32 136 1
32 137 1
33 34 1
33 39 1
33 40 1
33 41 1
33 42 1
33 45 1
33 46 1
33 53 1
33 54 1
33 55 1
33 56 1
33 57 1
33 58 1
33 59 1
33 99 1
33 100 1
33 101 1
33 102 1
33 104 1
33 105 1
33 107 1
33 108 1
33 109 1
33 110 1
33 111 1
33 112 1
33 113 1
33 130 1
33 131 1
33 134 1
33 135 1
33 136 1
33 137 1
34 37 1
34 39 1
34 40 1
34 41 1
34 42 1
34 43 1
34 44 1
34 45 1
34 46 1
34 53 1
34 54 1
34 55 1
34 56 1
34 57 1
34 58 1
34 59 1
34 99 1
34 100 1
34 101 1
34 102 1
34 104 1
34 105 1
34 106 1
34 107 1
34 108 1
34 110 1
34 112 1
34 131 1
34 132 1
34 134 1
34 135 1
34 136 1
34 137 1
35 37 1
35 38 1
35 39 1
35 42 1
35 44 1
35 54 1
35 56 1
35 57 1
35 58 1
35 59 1
35 99 1
35 101 1
35 102 1
35 105 1
35 106 1
35 108 1
35 109 1
35 110 1
35 111 1
35 112 1
35 113 1
35 131 1
35 132 1
35 133 1
35 137 1
36 39 1
36 40 1
36 41 1
36 42 1
36 43 1
36 45 1
36 46 1
36 53 1
36 54 1
36 55 1
36 56 1
36 57 1
36 58 1
36 59 1
36 99 1
36 102 1
36 103 1
36 105 1
36 106 1
36 108 1
36 109 1
36 111 1
36 112 1
36 113 1
36 130 1
36 131 1
36 133 1
36 134 1
36 136 1
36 137 1
37 39 1
37 44 1
37 45 1
37 53 1
37 55 1
37 56 1
37 58 1
37 59 1
37 99 1
37 100 1
37 101 1
37 102 1
37 104 1
37 105 1
37 107 1
37 109 1
37 110 1
37 111 1
37 112 1
37 130 1
37 132 1
37 133 1
37 135 1
37 136 1
37 137 1
38 39 1
38 40 1
38 41 1
38 42 1
38 43 1
38 45 1
38 46 1
38 53 1
38 54 1
38 55 1
38 57 1
38 58 1
38 59 1
38 99 1
38 100 1
38 101 1
38 102 1
38 103 1
38 104 1
38 105 1
38 106 1
38 107 1
38 108 1
38 109 1
38 110 1
38 112 1
38 113 1
38 130 1
38 131 1
38 132 1
38 133 1
38 134 1
38 135 1
38 136 1
38 137 1
39 41 1
39 42 1
39 43 1
39 47 1
39 49 1
39 51 1
39 77 1
39 78 1
39 80 1
39 146 1
39 147 1
39 149 1
39 150 1
39 154 1
39 156 1
39 157 1
39 158 1
40 41 1
40 42 1
40 43 1
40 47 1
40 48 1
40 49 1
40 51 1
40 75 1
40 79 1
40 80 1
40 146 1
40 147 1
40 149 1
40 150 1
40 151 1
40 152 1
40 153 1
40 156 1
40 157 1
40 159 1
41 42 1
41 43 1
41 44 1
41 45 1
41 46 1
41 47 1
41 48 1
41 49 1
41 50 1
41 51 1
41 52 1
41 75 1
41 76 1
41 77 1
41 79 1
41 80 1
41 146 1
41 147 1
41 148 1
41 149 1
41 151 1
41 152 1
41 153 1
41 154 1
41 155 1
41 156 1
41 157 1
41 159 1
42 45 1
42 46 1
42 48 1
42 50 1
42 52 1
42 75 1
42 76 1
42 77 1
42 78 1
42 79 1
42 80 1
42 147 1
42 148 1
42 149 1
42 150 1
42 151 1
42 152 1
42 153 1
42 156 1
42 157 1
42 158 1
43 44 1
43 45 1
43 46 1
43 48 1
43 49 1
43 50 1
43 51 1
43 52 1
43 75 1
43 76 1
43 77 1
43 78 1
43 79 1
43 80 1
43 147 1
43 148 1
43 149 1
43 150 1
43 152 1
43 156 1
43 157 1
43 158 1
43 159 1
44 45 1
44 46 1
44 48 1
44 49 1
44 50 1
44 52 1
44 75 1
44 76 1
44 77 1
44 78 1
44 79 1
44 80 1
44 146 1
44 147 1
44 148 1
44 149 1
44 152 1
44 153 1
44 154 1
44 158 1
44 159 1
45 46 1
45 47 1
45 49 1
45 51 1
45 52 1
45 76 1
45 77 1
45 79 1
45 80 1
45 146 1
45 147 1
45 148 1
45 149 1
45 151 1
45 153 1
45 154 1
45 156 1
45 157 1
45 158 1
46 47 1
46 48 1
46 49 1
46 50 1
46 75 1
46 76 1
46 77 1
46 78 1
46 79 1
46 80 1
46 146 1
46 148 1
46 149 1
46 151 1
46 152 1
46 153 1
46 154 1
46 155 1
46 156 1
46 157 1
46 158 1
46 159 1
47 48 1
47 49 1
47 50 1
47 51 1
47 52 1
47 54 1
47 55 1
47 56 1
47 57 1
47 59 1
47 67 1
47 68 1
47 69 1
47 72 1
47 73 1
47 74 1
47 82 1
47 83 1
47 84 1
47 85 1
47 86 1
47 87 1
47 106 1
47 107 1
47 108 1
47 110 1
47 111 1
47 112 1
47 121 1
47 122 1
47 123 1
47 124 1
48 50 1
48 52 1
48 53 1
48 54 1
48 55 1
48 56 1
48 57 1
48 59 1
48 68 1
48 69 1
48 71 1
48 74 1
48 81 1
48 82 1
48 83 1
48 85 1
48 86 1
48 87 1
48 107 1
48 108 1
48 109 1
48 110 1
48 111 1
48 112 1
48 113 1
48 120 1
48 121 1
48 122 1
48 123 1
48 124 1
49 50 1
49 51 1
49 52 1
49 53 1
49 54 1
49 56 1
49 57 1
49 59 1
49 67 1
49 68 1
49 69 1
49 71 1
49 73 1
49 74 1
49 82 1
49 83 1
49 84 1
49 85 1
49 86 1
49 87 1
49 106 1
49 107 1
49 108 1
49 109 1
49 110 1
49 111 1
49 112 1
49 113 1
49 122 1
49 123 1
49 124 1
50 51 1
50 52 1
50 56 1
50 57 1
50 58 1
50 59 1
50 67 1
50 69 1
50 70 1
50 71 1
50 72 1
50 73 1
50 74 1
50 82 1
50 83 1
50 84 1
50 86 1
50 87 1
50 106 1
50 107 1
50 109 1
50 110 1
50 111 1
50 112 1
50 113 1
50 120 1
50 121 1
50 122 1
50 123 1
50 124 1
51 52 1
51 53 1
51 54 1
51 55 1
51 56 1
51 57 1
51 58 1
51 59 1
51 68 1
51 69 1
51 70 1
51 71 1
51 73 1
51 82 1
51 84 1
51 85 1
51 86 1
51 87 1
51 108 1
51 109 1
51 110 1
51 112 1
51 120 1
51 121 1
51 122 1
51 124 1
52 53 1
52 54 1
52 55 1
52 57 1
52 58 1
52 59 1
52 67 1
52 68 1
52 69 1
52 70 1
52 71 1
52 72 1
52 73 1
52 74 1
52 82 1
52 84 1
52 107 1
52 109 1
52 110 1
52 111 1
52 112 1
52 113 1
52 121 1
52 122 1
52 123 1
52 124 1
53 54 1
53 56 1
53 57 1
53 59 1
53 75 1
53 77 1
53 78 1
53 79 1
53 80 1
53 88 1
53 89 1
53 91 1
53 92 1
54 55 1
54 56 1
54 57 1
54 58 1
54 59 1
54 75 1
54 76 1
54 78 1
54 79 1
54 80 1
54 88 1
54 89 1
55 56 1
55 57 1
55 59 1
55 75 1
55 76 1
55 80 1
55 89 1
55 90 1
55 92 1
56 57 1
56 58 1
56 59 1
56 75 1
56 77 1
56 78 1
56 79 1
56 88 1
56 89 1
56 90 1
56 91 1
56 92 1
57 58 1
57 59 1
57 75 1
57 76 1
57 77 1
57 79 1
57 88 1
57 89 1
57 91 1
57 92 1
58 75 1
58 76 1
58 77 1
58 78 1
58 80 1
58 88 1
58 90 1
58 91 1
59 75 1
59 76 1
59 78 1
59 79 1
59 80 1
59 88 1
59 89 1
59 90 1
59 92 1
60 61 1
60 62 1
60 63 1
60 64 1
60 65 1
60 66 1
60 99 1
60 101 1
60 102 1
60 103 1
60 104 1
60 152 1
60 153 1
60 154 1
60 156 1
60 157 1
60 158 1
60 159 1
60 160 1
60 161 1
60 163 1
60 164 1
60 165 1
60 166 1
60 167 1
60 168 1
60 169 1
60 170 1
60 171 1
60 172 1
60 173 1
61 62 1
61 63 1
61 64 1
61 100 1
61 101 1
61 103 1
61 104 1
61 105 1
61 152 1
61 153 1
61 155 1
61 156 1
61 158 1
61 161 1
61 162 1
61 163 1
61 164 1
61 165 1
61 166 1
61 167 1
61 169 1
61 170 1
62 63 1
62 64 1
62 65 1
62 66 1
62 99 1
62 104 1
62 105 1
62 152 1
62 153 1
62 154 1
62 156 1
62 157 1
62 158 1
62 160 1
62 162 1
62 163 1
62 164 1
62 166 1
62 167 1
62 168 1
62 170 1
62 171 1
62 172 1
62 173 1
63 64 1
63 65 1
63 66 1
63 99 1
63 100 1
63 101 1
63 103 1
63 104 1
63 152 1
63 153 1
63 155 1
63 156 1
63 157 1
63 158 1
63 160 1
63 161 1
63 162 1
63 163 1
63 164 1
63 165 1
63 166 1
63 167 1
63 168 1
63 169 1
63 171 1
63 172 1
63 173 1
64 65 1
64 66 1
64 100 1
64 101 1
64 103 1
64 104 1
64 152 1
64 153 1
64 155 1
64 156 1
64 157 1
64 158 1
64 161 1
64 162 1
64 163 1
64 164 1
64 165 1
64 167 1
64 168 1
64 170 1
64 171 1
64 172 1
64 173 1
65 66 1
65 99 1
65 100 1
65 101 1
65 102 1
65 103 1
65 104 1
65 105 1
65 152 1
65 153 1
65 156 1
65 157 1
65 158 1
65 159 1
65 160 1
65 161 1
65 163 1
65 164 1
65 165 1
65 166 1
65 167 1
65 169 1
65 170 1
65 171 1
65 173 1
66 100 1
66 101 1
66 103 1
66 104 1
66 152 1
66 153 1
66 155 1
66 156 1
66 157 1
66 158 1
66 159 1
66 161 1
66 162 1
66 163 1
66 164 1
66 166 1
66 167 1
66 168 1
66 169 1
66 170 1
66 172 1
67 68 1
67 69 1
67 71 1
67 72 1
67 73 1
67 81 1
67 82 1
67 83 1
67 84 1
67 86 1
67 87 1
67 93 1
67 95 1
67 97 1
67 98 1
67 115 1
67 116 1
67 117 1
67 118 1
67 119 1
67 130 1
67 131 1
67 132 1
67 133 1
67 135 1
67 137 1
67 146 1
67 147 1
67 148 1
67 150 1
67 151 1
68 71 1
68 72 1
68 73 1
68 81 1
68 82 1
68 83 1
68 86 1
68 93 1
68 95 1
68 96 1
68 97 1
68 98 1
68 114 1
68 115 1
68 118 1
68 119 1
68 131 1
68 132 1
68 134 1
68 136 1
68 148 1
68 149 1
68 151 1
69 71 1
69 72 1
69 73 1
69 74 1
69 81 1
69 83 1
69 84 1
69 86 1
69 93 1
69 94 1
69 97 1
69 98 1
69 114 1
69 115 1
69 116 1
69 117 1
69 119 1
69 130 1
69 131 1
69 132 1
69 134 1
69 135 1
69 136 1
69 147 1
69 149 1
69 151 1
70 71 1
70 72 1
70 74 1
70 81 1
70 82 1
70 83 1
70 84 1
70 85 1
70 86 1
70 87 1
70 93 1
70 94 1
70 95 1
70 97 1
70 98 1
70 114 1
70 115 1
70 117 1
70 118 1
70 119 1
70 130 1
70 131 1
70 132 1
70 134 1
70 135 1
70 136 1
70 137 1
70 146 1
70 147 1
70 149 1
70 150 1
70 151 1
71 72 1
71 73 1
71 74 1
71 81 1
71 82 1
71 83 1
71 84 1
71 85 1
71 86 1
71 87 1
71 93 1
71 94 1
71 95 1
71 96 1
71 97 1
71 98 1
71 114 1
71 115 1
71 116 1
71 117 1
71 119 1
71 130 1
71 131 1
71 132 1
71 133 1
71 134 1
71 135 1
71 136 1
71 137 1
71 146 1
71 148 1
71 150 1
72 73 1
72 81 1
72 82 1
72 83 1
72 85 1
72 86 1
72 87 1
72 93 1
72 94 1
72 95 1
72 97 1
72 98 1
72 114 1
72 117 1
72 119 1
72 130 1
72 131 1
72 132 1
72 133 1
72 134 1
72 135 1
72 137 1
72 147 1
72 148 1
72 149 1
72 150 1
72 151 1
73 74 1
73 81 1
73 82 1
73 83 1
73 84 1
73 85 1
73 86 1
73 87 1
73 93 1
73 94 1
73 95 1
73 96 1
73 97 1
73 98 1
73 115 1
73 116 1
73 117 1
73 119 1
73 131 1
73 132 1
73 133 1
73 134 1
73 136 1
73 137 1
73 146 1
73 149 1
73 151 1
74 81 1
74 82 1
74 83 1
74 85 1
74 86 1
74 87 1
74 93 1
74 94 1
74 95 1
74 96 1
74 97 1
74 98 1
74 114 1
74 115 1
74 118 1
74 119 1
74 131 1
74 132 1
74 134 1
74 135 1
74 136 1
74 146 1
74 147 1
74 148 1
74 149 1
74 150 1
75 78 1
75 79 1
75 80 1
75 108 1
75 110 1
75 111 1
75 112 1
75 113 1
75 114 1
75 115 1
75 116 1
75 117 1
75 119 1
75 152 1
75 153 1
75 155 1
75 159 1
76 78 1
76 79 1
76 80 1
76 107 1
76 108 1
76 109 1
76 112 1
76 113 1
76 114 1
76 115 1
76 116 1
76 117 1
76 118 1
76 152 1
76 153 1
76 155 1
76 157 1
76 159 1
77 78 1
77 79 1
77 106 1
77 107 1
77 108 1
77 109 1
77 110 1
77 111 1
77 112 1
77 113 1
77 115 1
77 116 1
77 117 1
77 118 1
77 119 1
77 153 1
77 155 1
78 79 1
78 80 1
78 106 1
78 108 1
78 109 1
78 110 1
78 111 1
78 112 1
78 113 1
78 114 1
78 116 1
78 117 1
78 118 1
78 119 1
78 152 1
78 153 1
78 154 1
78 157 1
78 159 1
79 106 1
79 107 1
79 111 1
79 112 1
79 113 1
79 114 1
79 115 1
79 116 1
79 117 1
79 118 1
79 153 1
79 154 1
79 157 1
79 158 1
80 106 1
80 107 1
80 108 1
80 109 1
80 112 1
80 113 1
80 115 1
80 116 1
80 117 1
80 118 1
80 119 1
80 152 1
80 153 1
80 157 1
80 158 1
80 159 1
81 84 1
81 85 1
81 86 1
81 87 1
81 89 1
81 90 1
81 92 1
81 99 1
81 101 1
81 103 1
81 104 1
81 105 1
81 106 1
81 107 1
81 109 1
81 110 1
81 111 1
81 112 1
81 130 1
81 134 1
81 135 1
81 137 1
82 84 1
82 85 1
82 86 1
82 89 1
82 90 1
82 91 1
82 92 1
82 99 1
82 100 1
82 101 1
82 102 1
82 103 1
82 104 1
82 105 1
82 108 1
82 109 1
82 110 1
82 112 1
82 113 1
82 130 1
82 132 1
82 134 1
82 135 1
82 136 1
83 84 1
83 85 1
83 86 1
83 87 1
83 88 1
83 89 1
83 90 1
83 91 1
83 92 1
83 100 1
83 101 1
83 102 1
83 104 1
83 106 1
83 107 1
83 108 1
83 109 1
83 111 1
83 112 1
83 132 1
83 133 1
83 134 1
83 135 1
83 136 1
83 137 1
84 87 1
84 88 1
84 89 1
84 90 1
84 91 1
84 92 1
84 99 1
84 100 1
84 101 1
84 103 1
84 105 1
84 106 1
84 109 1
84 110 1
84 111 1
84 112 1
84 130 1
84 131 1
84 132 1
84 134 1
84 135 1
84 136 1
85 90 1
85 91 1
85 99 1
85 100 1
85 101 1
85 102 1
85 104 1
85 107 1
85 109 1
85 110 1
85 111 1
85 112 1
85 130 1
85 131 1
85 132 1
85 133 1
85 134 1
85 136 1
85 137 1
86 88 1
86 89 1
86 91 1
86 92 1
86 99 1
86 100 1
86 102 1
86 104 1
86 105 1
86 106 1
86 107 1
86 108 1
86 109 1
86 110 1
86 112 1
86 130 1
86 132 1
86 133 1
86 135 1
86 137 1
87 88 1
87 89 1
87 90 1
87 91 1
87 99 1
87 100 1
87 101 1
87 102 1
87 104 1
87 105 1
87 106 1
87 107 1
87 109 1
87 110 1
87 112 1
87 113 1
87 130 1
87 131 1
87 132 1
87 133 1
87 134 1
87 135 1
87 136 1
87 137 1
88 90 1
88 91 1
88 92 1
88 93 1
88 94 1
88 95 1
88 97 1
88 98 1
88 99 1
88 100 1
88 101 1
88 102 1
88 103 1
88 107 1
88 110 1
88 111 1
88 112 1
88 113 1
88 125 1
88 126 1
88 127 1
88 128 1
88 130 1
88 132 1
88 133 1
88 135 1
88 136 1
88 137 1
88 160 1
88 161 1
88 162 1
88 163 1
89 90 1
89 91 1
89 92 1
89 94 1
89 95 1
89 96 1
89 98 1
89 99 1
89 100 1
89 102 1
89 103 1
89 104 1
89 105 1
89 106 1
89 108 1
89 110 1
89 111 1
89 112 1
89 113 1
89 125 1
89 126 1
89 128 1
89 129 1
89 130 1
89 131 1
89 132 1
89 133 1
89 135 1
89 136 1
89 137 1
89 161 1
89 162 1
89 163 1
89 164 1
90 93 1
90 94 1
90 95 1
90 96 1
90 98 1
90 100 1
90 101 1
90 102 1
90 103 1
90 105 1
90 106 1
90 108 1
90 110 1
90 111 1
90 112 1
90 113 1
90 125 1
90 126 1
90 127 1
90 128 1
90 129 1
90 130 1
90 132 1
90 134 1
90 135 1
90 137 1
90 160 1
90 162 1
91 93 1
91 94 1
91 95 1
91 96 1
91 97 1
91 98 1
91 99 1
91 101 1
91 102 1
91 103 1
91 104 1
91 105 1
91 106 1
91 109 1
91 110 1
91 111 1
91 112 1
91 113 1
91 125 1
91 127 1
91 130 1
91 132 1
91 133 1
91 134 1
91 136 1
91 161 1
91 162 1
91 164 1
92 96 1
92 100 1
92 103 1
92 107 1
92 108 1
92 109 1
92 110 1
92 112 1
92 125 1
92 126 1
92 127 1
92 128 1
92 129 1
92 130 1
92 131 1
92 132 1
92 134 1
92 135 1
92 136 1
92 137 1
92 160 1
92 162 1
93 96 1
93 97 1
93 98 1
93 94 1
93 121 1
93 122 1
93 123 1
93 124 1
94 96 1
94 97 1
94 98 1
94 120 1
94 121 1
94 122 1
94 123 1
94 124 1
95 96 1
95 98 1
95 120 1
95 121 1
95 122 1
95 123 1
96 120 1
96 121 1
96 122 1
96 123 1
96 124 1
97 123 1
97 124 1
98 121 1
98 122 1
98 124 1
99 102 1
99 104 1
99 105 1
99 100 1
99 101 1
99 125 1
99 126 1
99 127 1
99 128 1
99 129 1
99 146 1
99 147 1
99 148 1
100 102 1
100 103 1
100 104 1
100 105 1
100 126 1
100 127 1
100 128 1
100 129 1
100 146 1
100 147 1
100 148 1
100 149 1
100 150 1
101 102 1
101 103 1
101 104 1
101 105 1
101 127 1
101 128 1
101 129 1
101 146 1
101 147 1
101 148 1
101 149 1
101 150 1
102 127 1
102 129 1
102 146 1
102 147 1
102 148 1
102 149 1
102 151 1
103 128 1
103 129 1
103 147 1
103 148 1
103 149 1
103 150 1
103 151 1
104 125 1
104 126 1
104 127 1
104 128 1
104 147 1
104 148 1
104 150 1
104 151 1
105 126 1
105 127 1
105 128 1
105 146 1
105 147 1
105 148 1
105 149 1
105 150 1
106 107 1
106 111 1
106 130 1
106 131 1
106 133 1
106 134 1
106 135 1
106 166 1
106 168 1
106 169 1
106 171 1
106 172 1
106 173 1
107 108 1
107 109 1
107 130 1
107 131 1
107 132 1
107 133 1
107 135 1
107 136 1
107 137 1
107 165 1
107 166 1
107 167 1
107 168 1
107 169 1
107 170 1
107 171 1
107 172 1
107 173 1
108 109 1
108 111 1
108 130 1
108 131 1
108 133 1
108 134 1
108 135 1
108 136 1
108 137 1
108 165 1
108 167 1
108 168 1
108 169 1
108 172 1
109 110 1
109 130 1
109 131 1
109 132 1
109 133 1
109 135 1
109 136 1
109 165 1
109 166 1
109 168 1
109 169 1
109 170 1
109 171 1
110 111 1
110 130 1
110 132 1
110 134 1
110 135 1
110 137 1
110 165 1
110 166 1
110 167 1
110 168 1
110 169 1
110 170 1
110 171 1
110 172 1
110 173 1
111 112 1
111 130 1
111 133 1
111 134 1
111 135 1
111 136 1
111 165 1
111 167 1
111 168 1
111 170 1
111 171 1
111 173 1
112 113 1
112 131 1
112 132 1
112 135 1
112 136 1
112 137 1
112 165 1
112 166 1
112 167 1
112 168 1
112 169 1
112 170 1
112 171 1
112 172 1
113 130 1
113 131 1
113 132 1
113 133 1
113 134 1
113 135 1
113 136 1
113 137 1
113 165 1
113 167 1
113 168 1
113 170 1
113 171 1
113 172 1
113 173 1
114 115 1
114 146 1
114 148 1
114 149 1
114 151 1
114 161 1
114 162 1
114 163 1
114 164 1
114 166 1
114 168 1
114 169 1
114 170 1
114 171 1
114 172 1
114 173 1
115 146 1
115 147 1
115 149 1
115 151 1
115 161 1
115 164 1
115 166 1
115 167 1
115 168 1
115 170 1
115 173 1
116 117 1
116 119 1
116 146 1
116 147 1
116 148 1
116 149 1
116 150 1
116 162 1
116 164 1
116 165 1
116 166 1
116 168 1
116 170 1
116 172 1
117 118 1
117 146 1
117 149 1
117 160 1
117 161 1
117 162 1
117 163 1
117 165 1
117 166 1
117 167 1
117 169 1
117 170 1
117 171 1
117 172 1
118 119 1
118 146 1
118 147 1
118 148 1
118 149 1
118 150 1
118 151 1
118 160 1
118 161 1
118 162 1
118 164 1
118 165 1
118 166 1
118 167 1
118 169 1
118 170 1
118 171 1
118 173 1
119 146 1
119 147 1
119 150 1
119 160 1
119 162 1
119 163 1
119 164 1
119 165 1
119 166 1
119 168 1
119 172 1
120 121 1
120 125 1
120 126 1
120 127 1
120 129 1
120 130 1
120 131 1
120 132 1
120 133 1
120 134 1
120 135 1
120 136 1
120 137 1
120 152 1
120 153 1
120 154 1
120 155 1
120 156 1
120 157 1
121 122 1
121 125 1
121 126 1
121 128 1
121 129 1
121 130 1
121 131 1
121 132 1
121 135 1
121 136 1
121 137 1
121 152 1
121 153 1
121 154 1
121 155 1
121 156 1
121 158 1
121 159 1
122 123 1
122 125 1
122 127 1
122 128 1
122 129 1
122 130 1
122 135 1
122 136 1
122 137 1
122 153 1
122 154 1
122 155 1
122 156 1
122 157 1
122 159 1
123 126 1
123 127 1
123 128 1
123 129 1
123 130 1
123 132 1
123 136 1
123 152 1
123 154 1
123 155 1
123 156 1
123 157 1
123 159 1
124 125 1
124 127 1
124 128 1
124 129 1
124 130 1
124 131 1
124 132 1
124 133 1
124 134 1
124 135 1
124 137 1
124 152 1
124 153 1
124 154 1
124 156 1
124 157 1
124 159 1
125 126 1
125 128 1
125 146 1
125 147 1
125 148 1
125 150 1
125 151 1
126 127 1
126 146 1
126 147 1
126 148 1
126 150 1
126 151 1
127 146 1
127 149 1
127 151 1
128 129 1
128 148 1
128 149 1
128 150 1
128 151 1
129 146 1
129 149 1
129 150 1
129 151 1
130 131 1
130 132 1
130 146 1
130 147 1
130 148 1
130 149 1
130 150 1
130 151 1
130 152 1
130 153 1
130 155 1
130 156 1
130 157 1
130 158 1
130 159 1
131 132 1
131 135 1
131 146 1
131 147 1
131 149 1
131 151 1
131 152 1
131 153 1
131 155 1
131 158 1
131 159 1
132 133 1
132 135 1
132 146 1
132 147 1
132 148 1
132 149 1
132 151 1
132 152 1
132 153 1
132 154 1
132 155 1
132 158 1
132 159 1
133 134 1
133 146 1
133 147 1
133 150 1
133 151 1
133 152 1
133 153 1
133 154 1
133 155 1
133 158 1
134 135 1
134 136 1
134 149 1
134 154 1
134 156 1
134 157 1
134 158 1
134 159 1
135 136 1
135 146 1
135 147 1
135 148 1
135 149 1
135 150 1
135 152 1
135 153 1
135 154 1
135 155 1
135 156 1
135 157 1
135 158 1
135 159 1
136 137 1
136 146 1
136 147 1
136 148 1
136 149 1
136 150 1
136 151 1
136 155 1
136 158 1
136 159 1
137 146 1
137 149 1
137 151 1
137 152 1
137 154 1
137 155 1
137 156 1
137 158 1
137 159 1
138 147 1
138 148 1
138 149 1
138 150 1
138 151 1
139 146 1
139 147 1
139 148 1
139 149 1
139 150 1
139 151 1
140 146 1
140 148 1
140 149 1
140 150 1
140 151 1
141 145 1
141 146 1
141 147 1
141 148 1
141 149 1
141 150 1
141 151 1
142 144 1
142 147 1
142 148 1
142 149 1
142 150 1
142 151 1
143 144 1
143 146 1
143 147 1
143 148 1
143 149 1
143 151 1
144 146 1
144 147 1
144 148 1
144 149 1
144 150 1
144 151 1
145 147 1
145 148 1
145 150 1
145 151 1
148 149 1
150 151 1
152 158 1
152 167 1
152 168 1
152 169 1
152 171 1
152 173 1
153 165 1
153 166 1
153 167 1
153 168 1
153 171 1
154 169 1
154 170 1
154 171 1
154 172 1
154 173 1
155 165 1
155 166 1
155 167 1
155 168 1
155 169 1
155 170 1
155 172 1
155 173 1
156 165 1
156 166 1
156 167 1
156 168 1
156 169 1
156 172 1
156 173 1
157 165 1
157 166 1
157 167 1
157 168 1
157 169 1
157 171 1
157 172 1
158 165 1
158 166 1
158 167 1
158 168 1
158 169 1
158 170 1
158 171 1
158 172 1
158 173 1
159 165 1
159 167 1
159 168 1
159 170 1
159 171 1
159 172 1
159 173 1
162 163 1
166 170 1
168 169 1
168 170 1
168 172 1
168 173 1
