1 2 1
1 3 1
1 4 1
1 5 1
1 6 1
1 40 1
1 41 1
1 42 1
1 43 1
1 44 1
1 47 1
1 48 1
1 49 1
1 50 1
1 52 1
1 69 1
1 70 1
1 74 1
1 117 1
1 118 1
1 119 1
1 120 1
1 121 1
1 122 1
1 123 1
2 4 1
2 6 1
2 7 1
2 40 1
2 42 1
2 46 1
2 47 1
2 48 1
2 49 1
2 50 1
2 51 1
2 52 1
2 53 1
2 70 1
2 71 1
2 72 1
2 73 1
2 74 1
2 117 1
2 119 1
2 123 1
3 5 1
3 6 1
3 40 1
3 41 1
3 42 1
3 44 1
3 45 1
3 46 1
3 48 1
3 49 1
3 50 1
3 51 1
3 52 1
3 69 1
3 70 1
3 71 1
3 72 1
3 73 1
3 74 1
3 117 1
3 119 1
3 120 1
3 121 1
3 122 1
3 123 1
4 6 1
4 40 1
4 43 1
4 44 1
4 45 1
4 46 1
4 48 1
4 49 1
4 50 1
4 51 1
4 52 1
4 53 1
4 70 1
4 72 1
4 74 1
4 117 1
4 118 1
4 119 1
4 121 1
4 122 1
4 123 1
5 43 1
5 44 1
5 45 1
5 46 1
5 47 1
5 48 1
5 49 1
5 50 1
5 51 1
5 52 1
5 69 1
5 71 1
5 73 1
5 74 1
5 117 1
5 118 1
5 119 1
5 120 1
5 121 1
5 123 1
6 40 1
6 42 1
6 43 1
6 45 1
6 48 1
6 50 1
6 52 1
6 53 1
6 69 1
6 70 1
6 71 1
6 72 1
6 73 1
6 74 1
6 117 1
6 118 1
6 120 1
6 121 1
6 123 1
7 41 1
7 42 1
7 43 1
7 44 1
7 45 1
7 46 1
7 47 1
7 49 1
7 50 1
7 51 1
7 53 1
7 69 1
7 70 1
7 71 1
7 72 1
7 117 1
7 118 1
7 119 1
7 120 1
7 121 1
7 122 1
8 10 1
8 12 1
8 13 1
8 14 1
8 15 1
8 16 1
8 17 1
8 18 1
8 75 1
8 77 1
8 78 1
8 109 1
8 110 1
8 111 1
8 112 1
8 113 1
8 114 1
8 115 1
8 116 1
8 142 1
8 143 1
8 144 1
8 146 1
8 147 1
8 148 1
8 149 1
8 150 1
8 151 1
8 152 1
8 155 1
8 156 1
8 157 1
8 165 1
8 166 1
8 168 1
8 170 1
8 171 1
9 13 1
9 14 1
9 16 1
9 18 1
9 76 1
9 77 1
9 79 1
9 109 1
9 110 1
9 112 1
9 113 1
9 114 1
9 115 1
9 142 1
9 143 1
9 144 1
9 145 1
9 147 1
9 148 1
9 149 1
9 150 1
9 152 1
9 153 1
9 154 1
9 155 1
9 157 1
9 166 1
9 167 1
9 168 1
9 170 1
10 11 1
10 12 1
10 13 1
10 14 1
10 15 1
10 16 1
10 17 1
10 19 1
10 20 1
10 75 1
10 76 1
10 77 1
10 78 1
10 79 1
10 109 1
10 110 1
10 112 1
10 113 1
10 114 1
10 116 1
10 142 1
10 143 1
10 144 1
10 145 1
10 150 1
10 152 1
10 153 1
10 154 1
10 155 1
10 156 1
10 158 1
10 165 1
10 168 1
10 169 1
10 170 1
10 171 1
11 12 1
11 13 1
11 15 1
11 16 1
11 17 1
11 18 1
11 19 1
11 20 1
11 75 1
11 76 1
11 78 1
11 79 1
11 111 1
11 113 1
11 114 1
11 116 1
11 144 1
11 146 1
11 148 1
11 149 1
11 151 1
11 152 1
11 153 1
11 155 1
11 156 1
11 158 1
11 165 1
11 168 1
11 170 1
11 171 1
12 13 1
12 14 1
12 16 1
12 17 1
12 20 1
12 76 1
12 77 1
12 78 1
12 79 1
12 109 1
12 111 1
12 114 1
12 142 1
12 149 1
12 150 1
12 151 1
12 152 1
12 154 1
12 155 1
12 157 1
12 158 1
12 165 1
12 166 1
12 168 1
12 169 1
12 170 1
12 171 1
13 14 1
13 15 1
13 18 1
13 19 1
13 28 1
13 29 1
13 30 1
13 32 1
13 33 1
13 35 1
13 36 1
13 37 1
13 38 1
13 49 1
13 51 1
13 52 1
13 62 1
13 63 1
13 64 1
13 65 1
13 66 1
13 67 1
13 68 1
13 70 1
13 71 1
13 72 1
13 73 1
13 75 1
13 76 1
13 77 1
13 78 1
13 79 1
13 90 1
13 92 1
13 93 1
13 102 1
13 103 1
13 105 1
13 106 1
13 108 1
13 110 1
13 111 1
13 112 1
13 115 1
13 116 1
13 124 1
13 125 1
13 126 1
13 127 1
13 130 1
13 131 1
13 132 1
13 146 1
13 147 1
13 149 1
14 16 1
14 18 1
14 19 1
14 27 1
14 28 1
14 29 1
14 30 1
14 33 1
14 34 1
14 36 1
14 37 1
14 38 1
14 47 1
14 49 1
14 50 1
14 51 1
14 52 1
14 53 1
14 62 1
14 63 1
14 64 1
14 65 1
14 66 1
14 67 1
14 68 1
14 69 1
14 70 1
14 71 1
14 72 1
14 73 1
14 74 1
14 76 1
14 78 1
14 79 1
14 90 1
14 91 1
14 92 1
14 93 1
14 102 1
14 103 1
14 104 1
14 105 1
14 106 1
14 109 1
14 110 1
14 111 1
14 112 1
14 114 1
14 115 1
14 124 1
14 125 1
14 126 1
14 127 1
14 128 1
14 130 1
14 131 1
14 132 1
14 142 1
14 143 1
14 144 1
14 145 1
14 146 1
14 147 1
14 148 1
15 16 1
15 18 1
15 27 1
15 29 1
15 30 1
15 31 1
15 32 1
15 33 1
15 37 1
15 38 1
15 47 1
15 48 1
15 49 1
15 51 1
15 52 1
15 53 1
15 63 1
15 64 1
15 65 1
15 66 1
15 68 1
15 69 1
15 72 1
15 73 1
15 74 1
15 75 1
15 76 1
15 78 1
15 89 1
15 90 1
15 91 1
15 92 1
15 93 1
15 102 1
15 103 1
15 105 1
15 106 1
15 107 1
15 108 1
15 109 1
15 110 1
15 115 1
15 116 1
15 124 1
15 127 1
15 128 1
15 129 1
15 130 1
15 131 1
15 132 1
15 142 1
15 143 1
15 144 1
15 145 1
15 146 1
15 148 1
15 149 1
16 27 1
16 28 1
16 29 1
16 31 1
16 32 1
16 33 1
16 35 1
16 36 1
16 38 1
16 47 1
16 48 1
16 49 1
16 50 1
16 53 1
16 62 1
16 65 1
16 67 1
16 68 1
16 69 1
16 72 1
16 73 1
16 74 1
16 75 1
16 76 1
16 78 1
16 79 1
16 91 1
16 92 1
16 93 1
16 102 1
16 103 1
16 105 1
16 106 1
16 107 1
16 108 1
16 110 1
16 111 1
16 112 1
16 113 1
16 114 1
16 116 1
16 124 1
16 126 1
16 128 1
16 129 1
16 130 1
16 131 1
16 132 1
16 142 1
16 143 1
16 145 1
16 146 1
16 147 1
16 148 1
16 149 1
17 19 1
17 27 1
17 28 1
17 29 1
17 30 1
17 31 1
17 32 1
17 33 1
17 34 1
17 35 1
17 36 1
17 37 1
17 38 1
17 47 1
17 49 1
17 51 1
17 52 1
17 53 1
17 62 1
17 64 1
17 65 1
17 67 1
17 68 1
17 69 1
17 70 1
17 71 1
17 72 1
17 73 1
17 74 1
17 75 1
17 76 1
17 77 1
17 78 1
17 79 1
17 89 1
17 90 1
17 93 1
17 103 1
17 104 1
17 105 1
17 106 1
17 108 1
17 109 1
17 110 1
17 111 1
17 114 1
17 115 1
17 116 1
17 126 1
17 127 1
17 129 1
17 130 1
17 132 1
17 142 1
17 144 1
17 145 1
17 148 1
17 149 1
18 20 1
18 27 1
18 28 1
18 29 1
18 30 1
18 32 1
18 33 1
18 34 1
18 37 1
18 38 1
18 39 1
18 47 1
18 49 1
18 50 1
18 52 1
18 53 1
18 62 1
18 64 1
18 65 1
18 66 1
18 67 1
18 68 1
18 69 1
18 71 1
18 73 1
18 74 1
18 75 1
18 76 1
18 77 1
18 78 1
18 79 1
18 89 1
18 91 1
18 92 1
18 103 1
18 104 1
18 105 1
18 106 1
18 107 1
18 108 1
18 109 1
18 111 1
18 112 1
18 113 1
18 115 1
18 116 1
18 124 1
18 125 1
18 126 1
18 127 1
18 128 1
18 129 1
18 130 1
18 142 1
18 143 1
18 144 1
18 145 1
18 146 1
18 147 1
18 148 1
18 149 1
19 27 1
19 28 1
19 29 1
19 30 1
19 31 1
19 33 1
19 34 1
19 35 1
19 36 1
19 37 1
19 38 1
19 50 1
19 51 1
19 53 1
19 63 1
19 65 1
19 66 1
19 67 1
19 70 1
19 71 1
19 72 1
19 73 1
19 74 1
19 75 1
19 76 1
19 77 1
19 78 1
19 89 1
19 90 1
19 93 1
19 102 1
19 103 1
19 104 1
19 106 1
19 109 1
19 111 1
19 112 1
19 113 1
19 114 1
19 115 1
19 116 1
19 124 1
19 127 1
19 128 1
19 129 1
19 130 1
19 131 1
19 132 1
19 143 1
19 144 1
19 145 1
19 146 1
19 147 1
19 149 1
20 27 1
20 28 1
20 29 1
20 30 1
20 31 1
20 33 1
20 35 1
20 36 1
20 38 1
20 47 1
20 48 1
20 51 1
20 52 1
20 53 1
20 62 1
20 63 1
20 64 1
20 67 1
20 68 1
20 69 1
20 70 1
20 71 1
20 72 1
20 73 1
20 74 1
20 76 1
20 77 1
20 79 1
20 89 1
20 90 1
20 91 1
20 92 1
20 93 1
20 102 1
20 103 1
20 105 1
20 106 1
20 107 1
20 108 1
20 109 1
20 110 1
20 111 1
20 113 1
20 115 1
20 116 1
20 124 1
20 125 1
20 126 1
20 127 1
20 128 1
20 129 1
20 130 1
20 131 1
20 142 1
20 143 1
20 144 1
20 145 1
20 146 1
20 147 1
20 148 1
20 149 1
21 23 1
21 24 1
21 25 1
21 26 1
21 27 1
21 28 1
21 29 1
21 30 1
21 31 1
21 103 1
21 106 1
21 107 1
21 108 1
21 110 1
21 111 1
21 112 1
21 113 1
21 114 1
21 115 1
21 116 1
21 175 1
21 176 1
22 23 1
22 27 1
22 28 1
22 29 1
22 30 1
22 31 1
22 32 1
22 33 1
22 102 1
22 103 1
22 104 1
22 105 1
22 106 1
22 107 1
22 109 1
22 110 1
22 111 1
22 112 1
22 113 1
22 114 1
22 115 1
22 116 1
22 172 1
22 173 1
22 174 1
22 175 1
23 24 1
23 26 1
23 27 1
23 31 1
23 32 1
23 33 1
23 102 1
23 103 1
23 104 1
23 107 1
23 108 1
23 109 1
23 110 1
23 111 1
23 112 1
23 113 1
23 114 1
23 115 1
23 116 1
23 172 1
23 173 1
23 174 1
23 175 1
23 176 1
24 26 1
24 27 1
24 29 1
24 30 1
24 32 1
24 102 1
24 103 1
24 104 1
24 105 1
24 106 1
24 108 1
24 109 1
24 111 1
24 112 1
24 113 1
24 114 1
24 115 1
24 116 1
24 172 1
24 173 1
24 175 1
24 176 1
25 27 1
25 28 1
25 29 1
25 30 1
25 31 1
25 32 1
25 33 1
25 102 1
25 103 1
25 104 1
25 105 1
25 107 1
25 109 1
25 111 1
25 114 1
25 115 1
25 116 1
25 175 1
25 176 1
26 27 1
26 31 1
26 32 1
26 102 1
26 103 1
26 104 1
26 106 1
26 108 1
26 110 1
26 111 1
26 112 1
26 113 1
26 114 1
26 115 1
26 116 1
26 172 1
26 173 1
26 174 1
26 175 1
27 31 1
27 42 1
27 43 1
27 44 1
27 45 1
27 46 1
27 77 1
27 78 1
27 79 1
27 142 1
27 144 1
27 145 1
27 146 1
27 147 1
27 148 1
27 150 1
27 151 1
27 153 1
27 154 1
27 155 1
27 156 1
27 157 1
27 158 1
28 30 1
28 40 1
28 41 1
28 43 1
28 44 1
28 45 1
28 46 1
28 78 1
28 79 1
28 142 1
28 143 1
28 144 1
28 145 1
28 149 1
28 150 1
28 151 1
28 152 1
28 153 1
28 154 1
28 156 1
28 157 1
28 158 1
29 31 1
29 32 1
29 33 1
29 40 1
29 41 1
29 42 1
29 44 1
29 45 1
29 75 1
29 76 1
29 77 1
29 78 1
29 144 1
29 146 1
29 147 1
29 148 1
29 149 1
29 150 1
29 151 1
29 152 1
29 153 1
29 154 1
29 155 1
29 156 1
29 157 1
29 158 1
30 33 1
30 41 1
30 42 1
30 43 1
30 44 1
30 45 1
30 75 1
30 77 1
30 78 1
30 79 1
30 142 1
30 143 1
30 144 1
30 145 1
30 146 1
30 147 1
30 148 1
30 149 1
30 151 1
30 152 1
30 153 1
30 154 1
30 157 1
31 40 1
31 41 1
31 42 1
31 44 1
31 45 1
31 46 1
31 75 1
31 76 1
31 77 1
31 78 1
31 79 1
31 142 1
31 146 1
31 148 1
31 149 1
31 151 1
31 152 1
31 153 1
31 154 1
31 155 1
31 156 1
31 157 1
32 41 1
32 42 1
32 44 1
32 46 1
32 76 1
32 77 1
32 142 1
32 143 1
32 144 1
32 145 1
32 146 1
32 147 1
32 148 1
32 149 1
32 150 1
32 151 1
32 152 1
32 153 1
32 155 1
32 156 1
32 157 1
32 158 1
33 41 1
33 42 1
33 44 1
33 45 1
33 75 1
33 77 1
33 78 1
33 79 1
33 142 1
33 143 1
33 144 1
33 145 1
33 146 1
33 148 1
33 150 1
33 151 1
33 152 1
33 153 1
33 155 1
33 156 1
33 158 1
34 36 1
34 37 1
34 62 1
34 64 1
34 65 1
34 66 1
34 67 1
34 68 1
34 75 1
34 76 1
34 77 1
34 79 1
34 80 1
34 81 1
34 84 1
34 85 1
34 86 1
34 87 1
34 89 1
34 90 1
34 91 1
34 93 1
34 102 1
34 103 1
34 104 1
34 105 1
34 107 1
34 108 1
34 133 1
34 135 1
34 137 1
34 138 1
34 139 1
34 140 1
34 141 1
34 142 1
34 144 1
34 145 1
34 146 1
34 147 1
34 148 1
34 149 1
35 36 1
35 39 1
35 63 1
35 66 1
35 68 1
35 75 1
35 77 1
35 78 1
35 80 1
35 82 1
35 83 1
35 84 1
35 85 1
35 86 1
35 87 1
35 88 1
35 89 1
35 90 1
35 92 1
35 93 1
35 102 1
35 103 1
35 105 1
35 107 1
35 138 1
35 139 1
35 141 1
35 142 1
35 143 1
35 144 1
35 145 1
35 146 1
35 149 1
36 37 1
36 39 1
36 62 1
36 63 1
36 64 1
36 65 1
36 66 1
36 68 1
36 75 1
36 76 1
36 77 1
36 79 1
36 82 1
36 83 1
36 84 1
36 86 1
36 87 1
36 88 1
36 89 1
36 90 1
36 92 1
36 93 1
36 102 1
36 103 1
36 104 1
36 105 1
36 106 1
36 108 1
36 135 1
36 137 1
36 138 1
36 139 1
36 140 1
36 141 1
36 144 1
36 145 1
36 146 1
36 148 1
36 149 1
37 39 1
37 62 1
37 63 1
37 64 1
37 65 1
37 66 1
37 67 1
37 68 1
37 75 1
37 76 1
37 77 1
37 79 1
37 80 1
37 81 1
37 82 1
37 83 1
37 84 1
37 85 1
37 86 1
37 87 1
37 88 1
37 90 1
37 92 1
37 93 1
37 103 1
37 104 1
37 105 1
37 106 1
37 107 1
37 108 1
37 133 1
37 134 1
37 135 1
37 136 1
37 137 1
37 138 1
37 140 1
37 141 1
37 142 1
37 143 1
37 144 1
37 145 1
37 146 1
37 149 1
38 62 1
38 63 1
38 64 1
38 65 1
38 66 1
38 67 1
38 68 1
38 75 1
38 76 1
38 77 1
38 78 1
38 79 1
38 81 1
38 82 1
38 83 1
38 85 1
38 86 1
38 87 1
38 88 1
38 90 1
38 91 1
38 102 1
38 103 1
38 104 1
38 105 1
38 106 1
38 133 1
38 134 1
38 135 1
38 137 1
38 138 1
38 140 1
38 141 1
38 142 1
38 143 1
38 144 1
38 146 1
38 147 1
38 148 1
39 62 1
39 63 1
39 64 1
39 65 1
39 66 1
39 67 1
39 75 1
39 76 1
39 77 1
39 78 1
39 79 1
39 81 1
39 83 1
39 84 1
39 86 1
39 88 1
39 89 1
39 90 1
39 93 1
39 102 1
39 103 1
39 104 1
39 105 1
39 106 1
39 107 1
39 108 1
39 133 1
39 134 1
39 136 1
39 137 1
39 138 1
39 139 1
39 140 1
39 142 1
39 143 1
39 144 1
39 145 1
39 147 1
39 148 1
39 149 1
40 41 1
40 45 1
40 70 1
40 71 1
40 72 1
40 73 1
40 74 1
40 75 1
40 76 1
40 77 1
40 79 1
40 95 1
40 97 1
40 98 1
40 99 1
40 100 1
40 101 1
40 102 1
40 103 1
40 105 1
40 106 1
40 107 1
40 108 1
40 117 1
40 118 1
40 119 1
40 120 1
40 122 1
40 124 1
40 126 1
40 127 1
40 129 1
40 130 1
40 132 1
41 42 1
41 44 1
41 46 1
41 69 1
41 70 1
41 71 1
41 73 1
41 75 1
41 76 1
41 77 1
41 78 1
41 79 1
41 94 1
41 95 1
41 96 1
41 98 1
41 100 1
41 101 1
41 103 1
41 105 1
41 106 1
41 107 1
41 108 1
41 117 1
41 118 1
41 119 1
41 120 1
41 121 1
41 122 1
41 123 1
41 124 1
41 125 1
41 126 1
41 127 1
41 128 1
41 129 1
41 130 1
41 131 1
41 132 1
42 45 1
42 70 1
42 72 1
42 74 1
42 75 1
42 76 1
42 77 1
42 78 1
42 94 1
42 95 1
42 96 1
42 98 1
42 99 1
42 100 1
42 102 1
42 103 1
42 105 1
42 106 1
42 107 1
42 108 1
42 117 1
42 118 1
42 120 1
42 122 1
42 124 1
42 125 1
42 126 1
42 127 1
42 128 1
42 129 1
42 130 1
42 131 1
43 45 1
43 46 1
43 69 1
43 71 1
43 72 1
43 73 1
43 74 1
43 75 1
43 76 1
43 78 1
43 79 1
43 94 1
43 95 1
43 96 1
43 97 1
43 99 1
43 100 1
43 102 1
43 103 1
43 104 1
43 105 1
43 106 1
43 107 1
43 108 1
43 117 1
43 118 1
43 120 1
43 121 1
43 122 1
43 123 1
43 124 1
43 126 1
43 127 1
43 128 1
43 129 1
43 130 1
43 131 1
43 132 1
44 46 1
44 69 1
44 70 1
44 71 1
44 72 1
44 73 1
44 76 1
44 77 1
44 79 1
44 94 1
44 95 1
44 96 1
44 97 1
44 98 1
44 99 1
44 100 1
44 103 1
44 104 1
44 105 1
44 106 1
44 107 1
44 108 1
44 117 1
44 118 1
44 119 1
44 121 1
44 123 1
44 125 1
44 126 1
44 127 1
44 128 1
44 132 1
45 46 1
45 69 1
45 70 1
45 74 1
45 77 1
45 79 1
45 94 1
45 96 1
45 99 1
45 100 1
45 101 1
45 102 1
45 103 1
45 104 1
45 105 1
45 107 1
45 108 1
45 118 1
45 119 1
45 120 1
45 121 1
45 124 1
45 125 1
45 126 1
45 127 1
45 128 1
45 129 1
45 131 1
45 132 1
46 69 1
46 71 1
46 72 1
46 74 1
46 75 1
46 77 1
46 78 1
46 79 1
46 94 1
46 95 1
46 96 1
46 100 1
46 101 1
46 102 1
46 103 1
46 104 1
46 105 1
46 107 1
46 108 1
46 118 1
46 119 1
46 120 1
46 121 1
46 122 1
46 124 1
46 125 1
46 127 1
46 128 1
46 129 1
46 130 1
46 131 1
46 132 1
47 48 1
47 51 1
47 52 1
47 53 1
47 62 1
47 64 1
47 65 1
47 68 1
47 172 1
47 174 1
47 175 1
47 176 1
48 51 1
48 53 1
48 62 1
48 63 1
48 64 1
48 65 1
48 66 1
48 67 1
48 68 1
48 172 1
48 173 1
48 175 1
48 176 1
49 62 1
49 63 1
49 64 1
49 65 1
49 66 1
49 68 1
49 172 1
49 173 1
49 175 1
49 176 1
50 53 1
50 62 1
50 63 1
50 65 1
50 66 1
50 67 1
50 172 1
50 173 1
50 174 1
50 175 1
50 176 1
51 53 1
51 62 1
51 63 1
51 64 1
51 65 1
51 66 1
51 68 1
51 172 1
51 173 1
51 174 1
51 175 1
51 176 1
52 53 1
52 62 1
52 63 1
52 64 1
52 66 1
52 68 1
52 172 1
52 174 1
52 175 1
53 62 1
53 63 1
53 64 1
53 65 1
53 66 1
53 67 1
53 68 1
53 175 1
54 55 1
54 56 1
54 59 1
54 60 1
54 61 1
54 68 1
54 102 1
54 103 1
54 104 1
54 105 1
54 106 1
54 107 1
54 108 1
54 151 1
54 153 1
54 154 1
54 156 1
54 158 1
54 165 1
54 166 1
54 168 1
54 169 1
54 170 1
54 171 1
55 56 1
55 58 1
55 59 1
55 61 1
55 62 1
55 64 1
55 65 1
55 66 1
55 67 1
55 68 1
55 103 1
55 104 1
55 105 1
55 106 1
55 107 1
55 108 1
55 150 1
55 151 1
55 152 1
55 153 1
55 154 1
55 156 1
55 157 1
55 158 1
55 165 1
55 166 1
55 167 1
55 168 1
55 169 1
55 170 1
55 171 1
56 60 1
56 62 1
56 64 1
56 65 1
56 66 1
56 68 1
56 102 1
56 103 1
56 104 1
56 105 1
56 150 1
56 151 1
56 154 1
56 155 1
56 156 1
56 158 1
56 165 1
56 166 1
56 167 1
56 168 1
56 169 1
56 171 1
57 58 1
57 59 1
57 60 1
57 61 1
57 64 1
57 65 1
57 66 1
57 68 1
57 103 1
57 105 1
57 107 1
57 150 1
57 151 1
57 152 1
57 154 1
57 156 1
57 158 1
57 165 1
57 166 1
57 167 1
57 169 1
57 170 1
57 171 1
58 60 1
58 61 1
58 63 1
58 64 1
58 67 1
58 68 1
58 102 1
58 104 1
58 106 1
58 107 1
58 108 1
58 150 1
58 151 1
58 152 1
58 153 1
58 154 1
58 156 1
58 157 1
58 158 1
58 166 1
58 167 1
58 169 1
58 170 1
58 171 1
59 60 1
59 62 1
59 63 1
59 64 1
59 66 1
59 67 1
59 102 1
59 105 1
59 106 1
59 107 1
59 150 1
59 151 1
59 152 1
59 154 1
59 155 1
59 156 1
59 157 1
59 165 1
59 166 1
59 167 1
59 168 1
59 169 1
59 171 1
60 61 1
60 63 1
60 65 1
60 66 1
60 67 1
60 68 1
60 102 1
60 103 1
60 104 1
60 105 1
60 106 1
60 108 1
60 151 1
60 152 1
60 153 1
60 154 1
60 155 1
60 156 1
60 165 1
60 166 1
60 167 1
60 168 1
60 169 1
60 170 1
60 171 1
61 62 1
61 65 1
61 66 1
61 67 1
61 68 1
61 103 1
61 104 1
61 105 1
61 107 1
61 108 1
61 150 1
61 152 1
61 153 1
61 154 1
61 156 1
61 158 1
61 165 1
61 166 1
61 167 1
61 169 1
61 170 1
61 171 1
62 63 1
62 64 1
62 67 1
62 68 1
62 90 1
62 91 1
62 92 1
62 93 1
62 94 1
62 95 1
62 96 1
62 97 1
62 99 1
62 100 1
62 101 1
62 160 1
63 65 1
63 66 1
63 67 1
63 68 1
63 89 1
63 90 1
63 91 1
63 92 1
63 95 1
63 96 1
63 98 1
63 101 1
63 159 1
63 161 1
63 162 1
63 163 1
64 65 1
64 66 1
64 89 1
64 91 1
64 92 1
64 93 1
64 96 1
64 97 1
64 100 1
64 101 1
64 159 1
64 160 1
64 161 1
64 162 1
64 163 1
65 66 1
65 67 1
65 89 1
65 90 1
65 91 1
65 92 1
65 93 1
65 94 1
65 96 1
65 97 1
65 99 1
65 100 1
65 101 1
65 159 1
65 160 1
65 161 1
65 162 1
66 67 1
66 89 1
66 92 1
66 93 1
66 94 1
66 95 1
66 96 1
66 98 1
66 99 1
66 100 1
66 101 1
66 160 1
66 161 1
66 163 1
67 89 1
67 90 1
67 93 1
67 94 1
67 95 1
67 96 1
67 97 1
67 99 1
67 101 1
67 159 1
67 161 1
67 162 1
67 163 1
67 164 1
68 90 1
68 91 1
68 92 1
68 93 1
68 94 1
68 96 1
68 98 1
68 99 1
68 159 1
68 160 1
68 161 1
68 162 1
68 164 1
69 72 1
69 74 1
69 75 1
69 76 1
69 77 1
69 78 1
69 79 1
69 103 1
69 104 1
69 105 1
69 106 1
69 107 1
69 108 1
69 110 1
69 111 1
69 112 1
69 113 1
69 114 1
69 116 1
69 117 1
69 118 1
69 119 1
69 120 1
69 121 1
69 122 1
69 123 1
69 150 1
69 151 1
69 152 1
69 153 1
69 154 1
69 155 1
69 156 1
69 159 1
69 160 1
69 161 1
69 162 1
69 163 1
69 164 1
70 72 1
70 75 1
70 76 1
70 77 1
70 79 1
70 102 1
70 103 1
70 104 1
70 105 1
70 106 1
70 107 1
70 108 1
70 109 1
70 111 1
70 112 1
70 113 1
70 115 1
70 116 1
70 118 1
70 121 1
70 122 1
70 123 1
70 150 1
70 152 1
70 153 1
70 154 1
70 155 1
70 156 1
70 157 1
70 158 1
70 160 1
70 161 1
70 162 1
70 163 1
70 164 1
71 72 1
71 73 1
71 74 1
71 75 1
71 76 1
71 77 1
71 79 1
71 102 1
71 103 1
71 104 1
71 106 1
71 108 1
71 109 1
71 110 1
71 112 1
71 113 1
71 114 1
71 115 1
71 116 1
71 117 1
71 118 1
71 119 1
71 120 1
71 121 1
71 122 1
71 151 1
71 152 1
71 153 1
71 154 1
71 155 1
71 156 1
71 158 1
71 160 1
71 161 1
71 162 1
71 163 1
71 164 1
72 74 1
72 75 1
72 77 1
72 78 1
72 79 1
72 102 1
72 104 1
72 105 1
72 106 1
72 107 1
72 108 1
72 109 1
72 110 1
72 112 1
72 114 1
72 116 1
72 117 1
72 118 1
72 119 1
72 120 1
72 121 1
72 122 1
72 151 1
72 152 1
72 153 1
72 155 1
72 156 1
72 157 1
72 158 1
72 159 1
72 163 1
72 164 1
73 75 1
73 76 1
73 78 1
73 103 1
73 104 1
73 105 1
73 106 1
73 108 1
73 109 1
73 110 1
73 111 1
73 112 1
73 113 1
73 114 1
73 115 1
73 116 1
73 117 1
73 121 1
73 122 1
73 151 1
73 152 1
73 153 1
73 154 1
73 155 1
73 156 1
73 158 1
73 159 1
73 160 1
73 161 1
73 163 1
73 164 1
74 75 1
74 77 1
74 78 1
74 79 1
74 103 1
74 104 1
74 105 1
74 106 1
74 108 1
74 110 1
74 111 1
74 112 1
74 113 1
74 114 1
74 115 1
74 116 1
74 117 1
74 119 1
74 120 1
74 122 1
74 123 1
74 150 1
74 151 1
74 154 1
74 155 1
74 157 1
74 158 1
74 160 1
74 161 1
74 162 1
74 164 1
75 78 1
75 76 1
75 90 1
75 91 1
75 92 1
75 93 1
75 109 1
75 110 1
75 113 1
75 116 1
75 125 1
75 128 1
75 129 1
75 130 1
75 131 1
75 132 1
76 78 1
76 79 1
76 89 1
76 90 1
76 92 1
76 93 1
76 109 1
76 110 1
76 111 1
76 112 1
76 113 1
76 115 1
76 116 1
76 124 1
76 125 1
76 127 1
76 128 1
76 129 1
76 131 1
76 132 1
77 89 1
77 90 1
77 109 1
77 111 1
77 112 1
77 113 1
77 114 1
77 124 1
77 125 1
77 126 1
77 127 1
77 129 1
77 130 1
77 131 1
77 132 1
78 92 1
78 93 1
78 113 1
78 114 1
78 115 1
78 116 1
78 124 1
78 127 1
78 128 1
78 129 1
78 130 1
78 131 1
79 90 1
79 91 1
79 92 1
79 109 1
79 112 1
79 113 1
79 115 1
79 116 1
79 127 1
79 129 1
79 130 1
79 131 1
80 84 1
80 85 1
80 88 1
80 109 1
80 110 1
80 111 1
80 113 1
80 116 1
80 117 1
80 118 1
80 119 1
80 120 1
80 121 1
80 122 1
80 124 1
80 126 1
80 127 1
80 128 1
80 129 1
80 132 1
80 172 1
80 173 1
80 174 1
80 175 1
80 176 1
81 85 1
81 86 1
81 82 1
81 110 1
81 112 1
81 114 1
81 117 1
81 118 1
81 119 1
81 120 1
81 121 1
81 122 1
81 124 1
81 125 1
81 127 1
81 128 1
81 129 1
81 130 1
81 131 1
81 132 1
81 173 1
81 175 1
81 176 1
82 84 1
82 87 1
82 109 1
82 111 1
82 113 1
82 114 1
82 115 1
82 118 1
82 119 1
82 121 1
82 122 1
82 124 1
82 125 1
82 126 1
82 127 1
82 129 1
82 130 1
82 131 1
82 132 1
82 172 1
82 173 1
82 175 1
82 176 1
83 85 1
83 87 1
83 88 1
83 111 1
83 113 1
83 114 1
83 115 1
83 116 1
83 117 1
83 118 1
83 120 1
83 121 1
83 123 1
83 124 1
83 125 1
83 126 1
83 127 1
83 128 1
83 129 1
83 130 1
83 132 1
83 172 1
83 173 1
83 175 1
83 176 1
84 85 1
84 88 1
84 109 1
84 110 1
84 112 1
84 113 1
84 115 1
84 116 1
84 117 1
84 118 1
84 119 1
84 120 1
84 121 1
84 122 1
84 123 1
84 125 1
84 127 1
84 128 1
84 129 1
84 131 1
84 172 1
84 173 1
84 175 1
84 176 1
85 87 1
85 109 1
85 110 1
85 111 1
85 112 1
85 113 1
85 114 1
85 116 1
85 117 1
85 118 1
85 121 1
85 122 1
85 124 1
85 125 1
85 126 1
85 127 1
85 128 1
85 131 1
85 132 1
85 172 1
85 174 1
85 175 1
85 176 1
86 87 1
86 88 1
86 109 1
86 110 1
86 111 1
86 112 1
86 113 1
86 114 1
86 117 1
86 118 1
86 119 1
86 120 1
86 121 1
86 122 1
86 124 1
86 125 1
86 126 1
86 128 1
86 130 1
86 132 1
86 172 1
86 173 1
86 174 1
86 175 1
87 88 1
87 109 1
87 110 1
87 111 1
87 114 1
87 115 1
87 116 1
87 117 1
87 118 1
87 119 1
87 122 1
87 123 1
87 125 1
87 126 1
87 127 1
87 128 1
87 130 1
87 131 1
87 132 1
87 173 1
87 174 1
87 175 1
87 176 1
88 111 1
88 112 1
88 114 1
88 116 1
88 118 1
88 119 1
88 120 1
88 121 1
88 122 1
88 123 1
88 124 1
88 125 1
88 126 1
88 127 1
88 130 1
88 131 1
88 132 1
88 172 1
88 173 1
88 174 1
88 176 1
89 92 1
89 93 1
89 90 1
89 95 1
89 96 1
89 97 1
89 98 1
89 100 1
89 165 1
89 166 1
89 167 1
89 169 1
89 170 1
90 91 1
90 92 1
90 94 1
90 95 1
90 96 1
90 97 1
90 99 1
90 100 1
90 101 1
90 166 1
90 167 1
90 168 1
90 169 1
90 171 1
91 94 1
91 95 1
91 96 1
91 98 1
91 100 1
91 101 1
91 166 1
91 167 1
91 168 1
91 169 1
91 170 1
92 94 1
92 95 1
92 96 1
92 97 1
92 98 1
92 99 1
92 100 1
92 101 1
92 165 1
92 166 1
92 168 1
92 169 1
92 170 1
92 171 1
93 94 1
93 96 1
93 97 1
93 98 1
93 99 1
93 100 1
93 101 1
93 165 1
93 166 1
93 167 1
93 169 1
93 170 1
93 171 1
94 99 1
94 101 1
94 95 1
94 96 1
94 97 1
95 100 1
96 98 1
96 99 1
96 101 1
96 97 1
97 98 1
98 101 1
102 103 1
102 105 1
102 124 1
102 125 1
102 126 1
102 127 1
102 128 1
102 129 1
102 130 1
102 131 1
102 132 1
102 143 1
102 145 1
102 146 1
102 147 1
102 148 1
103 104 1
103 105 1
103 106 1
103 108 1
103 124 1
103 125 1
103 126 1
103 127 1
103 128 1
103 129 1
103 130 1
103 131 1
103 132 1
103 142 1
103 143 1
103 144 1
103 146 1
103 147 1
103 149 1
104 106 1
104 125 1
104 126 1
104 127 1
104 128 1
104 130 1
104 131 1
104 132 1
104 142 1
104 143 1
104 144 1
104 146 1
104 147 1
104 148 1
104 149 1
105 106 1
105 107 1
105 108 1
105 125 1
105 126 1
105 127 1
105 128 1
105 129 1
105 130 1
105 131 1
105 132 1
105 142 1
105 143 1
105 144 1
105 145 1
105 146 1
105 147 1
105 148 1
106 107 1
106 124 1
106 125 1
106 126 1
106 127 1
106 128 1
106 129 1
106 130 1
106 131 1
106 142 1
106 143 1
106 144 1
106 145 1
106 146 1
106 147 1
106 148 1
106 149 1
107 124 1
107 126 1
107 127 1
107 128 1
107 129 1
107 131 1
107 142 1
107 143 1
107 145 1
107 146 1
107 147 1
107 148 1
107 149 1
108 124 1
108 125 1
108 126 1
108 130 1
108 131 1
108 132 1
108 142 1
108 144 1
108 145 1
108 146 1
108 147 1
108 148 1
108 149 1
109 110 1
109 112 1
109 114 1
109 115 1
109 150 1
109 151 1
109 153 1
109 155 1
109 157 1
109 158 1
110 111 1
110 150 1
110 151 1
110 152 1
110 153 1
110 154 1
110 155 1
110 156 1
110 157 1
110 158 1
111 114 1
111 115 1
111 116 1
111 150 1
111 151 1
111 154 1
111 155 1
111 156 1
111 157 1
111 158 1
112 114 1
112 150 1
112 151 1
112 152 1
112 154 1
112 155 1
112 157 1
112 158 1
113 114 1
113 115 1
113 116 1
113 151 1
113 152 1
113 154 1
113 155 1
113 156 1
113 157 1
113 158 1
114 115 1
114 150 1
114 151 1
114 152 1
114 153 1
114 155 1
114 156 1
114 158 1
115 116 1
115 150 1
115 151 1
115 152 1
115 153 1
115 154 1
115 155 1
115 157 1
115 158 1
116 150 1
116 152 1
116 153 1
116 155 1
116 156 1
116 157 1
116 158 1
117 123 1
117 125 1
117 127 1
117 129 1
117 130 1
117 131 1
117 132 1
117 159 1
117 160 1
117 161 1
117 162 1
117 163 1
117 164 1
117 172 1
117 174 1
117 175 1
117 176 1
118 120 1
118 122 1
118 124 1
118 125 1
118 127 1
118 129 1
118 130 1
118 131 1
118 159 1
118 160 1
118 162 1
118 163 1
118 164 1
118 172 1
118 173 1
118 174 1
118 175 1
119 122 1
119 124 1
119 127 1
119 128 1
119 129 1
119 130 1
119 131 1
119 132 1
119 159 1
119 161 1
119 162 1
119 163 1
119 164 1
119 173 1
119 174 1
119 176 1
120 121 1
120 122 1
120 126 1
120 128 1
120 129 1
120 130 1
120 131 1
120 132 1
120 160 1
120 161 1
120 162 1
120 163 1
120 164 1
120 172 1
120 173 1
120 175 1
121 123 1
121 124 1
121 125 1
121 126 1
121 127 1
121 130 1
121 132 1
121 162 1
121 163 1
121 164 1
121 172 1
121 173 1
121 174 1
121 175 1
122 124 1
122 127 1
122 128 1
122 129 1
122 130 1
122 159 1
122 160 1
122 161 1
122 163 1
122 164 1
122 173 1
122 174 1
122 175 1
122 176 1
123 124 1
123 125 1
123 126 1
123 127 1
123 128 1
123 129 1
123 130 1
123 131 1
123 132 1
123 159 1
123 160 1
123 163 1
123 164 1
123 172 1
123 173 1
123 174 1
123 175 1
123 176 1
124 128 1
124 129 1
124 132 1
124 173 1
124 174 1
124 176 1
125 126 1
125 127 1
125 131 1
125 132 1
125 172 1
125 173 1
125 175 1
125 176 1
126 130 1
126 172 1
126 173 1
126 174 1
126 175 1
127 128 1
127 129 1
127 132 1
127 172 1
127 173 1
127 174 1
127 175 1
127 176 1
128 129 1
128 130 1
128 132 1
128 172 1
128 173 1
128 174 1
128 176 1
129 131 1
129 132 1
129 172 1
129 173 1
129 174 1
129 175 1
129 176 1
130 131 1
130 132 1
130 172 1
130 174 1
130 175 1
131 132 1
131 172 1
131 173 1
131 174 1
132 172 1
132 173 1
132 174 1
133 134 1
133 135 1
133 137 1
133 138 1
133 139 1
134 136 1
134 137 1
134 139 1
134 140 1
135 136 1
135 137 1
135 138 1
135 139 1
136 138 1
137 138 1
137 141 1
139 140 1
142 144 1
142 145 1
142 146 1
142 149 1
142 172 1
142 173 1
142 174 1
142 175 1
143 145 1
143 146 1
143 147 1
143 172 1
143 173 1
143 175 1
143 176 1
144 146 1
144 149 1
144 172 1
144 173 1
144 174 1
145 149 1
145 174 1
145 175 1
145 176 1
146 149 1
146 172 1
146 174 1
146 175 1
147 149 1
147 173 1
147 174 1
147 175 1
147 176 1
148 149 1
148 172 1
148 173 1
148 175 1
148 176 1
149 172 1
149 174 1
149 175 1
149 176 1
150 151 1
150 153 1
150 155 1
150 158 1
150 166 1
150 167 1
150 168 1
150 169 1
150 170 1
151 154 1
151 157 1
151 165 1
151 167 1
151 169 1
151 170 1
151 171 1
152 154 1
152 157 1
152 158 1
152 165 1
152 166 1
152 167 1
152 168 1
152 169 1
152 170 1
152 171 1
153 157 1
153 158 1
153 165 1
153 166 1
153 167 1
153 168 1
153 170 1
153 171 1
154 157 1
154 158 1
154 165 1
154 166 1
154 168 1
155 157 1
155 158 1
155 166 1
155 168 1
155 169 1
155 170 1
155 171 1
156 165 1
156 170 1
156 171 1
157 158 1
157 165 1
157 166 1
157 167 1
157 168 1
157 169 1
157 170 1
158 165 1
158 166 1
158 167 1
158 168 1
158 169 1
158 170 1
159 162 1
159 165 1
159 166 1
159 167 1
159 168 1
159 169 1
159 170 1
159 171 1
160 161 1
160 162 1
160 163 1
160 164 1
160 166 1
160 167 1
160 168 1
160 169 1
160 170 1
160 171 1
161 162 1
161 166 1
161 167 1
161 168 1
161 169 1
161 170 1
162 163 1
162 166 1
162 168 1
162 169 1
162 170 1
162 171 1
163 165 1
163 166 1
163 167 1
163 168 1
163 169 1
163 170 1
163 171 1
164 165 1
164 166 1
164 167 1
164 168 1
164 169 1
164 170 1
164 171 1
165 167 1
165 169 1
165 170 1
165 171 1
166 167 1
166 169 1
166 170 1
167 168 1
167 169 1
167 170 1
167 171 1
168 170 1
168 171 1
169 170 1
169 171 1
170 171 1
172 173 1
172 175 1
173 176 1
174 176 1
175 176 1
