1 2 1
1 3 1
1 5 1
1 8 1
1 31 1
1 32 1
1 33 1
1 34 1
1 36 1
1 45 1
1 46 1
1 48 1
1 49 1
1 50 1
1 59 1
1 60 1
1 61 1
1 62 1
1 67 1
1 69 1
1 100 1
1 102 1
1 103 1
1 132 1
1 133 1
1 134 1
1 135 1
1 136 1
1 137 1
1 138 1
2 3 1
2 32 1
2 33 1
2 34 1
2 45 1
2 48 1
2 57 1
2 58 1
2 60 1
2 62 1
2 63 1
2 64 1
2 65 1
2 66 1
2 69 1
2 97 1
2 99 1
2 100 1
2 101 1
2 102 1
2 130 1
2 131 1
2 132 1
2 133 1
2 134 1
2 137 1
3 6 1
3 31 1
3 32 1
3 34 1
3 36 1
3 45 1
3 49 1
3 50 1
3 58 1
3 60 1
3 62 1
3 64 1
3 65 1
3 69 1
3 96 1
3 97 1
3 98 1
3 99 1
3 101 1
3 102 1
3 103 1
3 130 1
3 132 1
3 133 1
3 134 1
4 5 1
4 31 1
4 34 1
4 36 1
4 47 1
4 48 1
4 49 1
4 50 1
4 57 1
4 59 1
4 62 1
4 63 1
4 64 1
4 66 1
4 96 1
4 97 1
4 98 1
4 99 1
4 103 1
4 130 1
4 132 1
4 135 1
4 136 1
4 137 1
4 138 1
5 33 1
5 35 1
5 36 1
5 46 1
5 50 1
5 58 1
5 59 1
5 61 1
5 62 1
5 64 1
5 65 1
5 67 1
5 68 1
5 96 1
5 98 1
5 100 1
5 102 1
5 103 1
5 130 1
5 131 1
5 133 1
5 134 1
5 135 1
5 136 1
6 8 1
6 31 1
6 32 1
6 33 1
6 35 1
6 36 1
6 48 1
6 50 1
6 59 1
6 63 1
6 65 1
6 67 1
6 68 1
6 69 1
6 97 1
6 98 1
6 99 1
6 100 1
6 103 1
6 131 1
6 132 1
6 134 1
6 135 1
6 138 1
7 31 1
7 32 1
7 33 1
7 35 1
7 45 1
7 46 1
7 48 1
7 49 1
7 58 1
7 59 1
7 61 1
7 65 1
7 66 1
7 67 1
7 69 1
7 98 1
7 99 1
7 100 1
7 102 1
7 130 1
7 131 1
7 132 1
7 134 1
7 136 1
7 137 1
7 138 1
8 31 1
8 32 1
8 33 1
8 35 1
8 48 1
8 50 1
8 57 1
8 58 1
8 60 1
8 61 1
8 62 1
8 63 1
8 64 1
8 65 1
8 67 1
8 69 1
8 96 1
8 97 1
8 98 1
8 99 1
8 100 1
8 102 1
8 103 1
8 130 1
8 131 1
8 133 1
8 134 1
8 135 1
8 136 1
8 138 1
9 10 1
9 12 1
9 13 1
9 14 1
9 25 1
9 26 1
9 27 1
9 28 1
9 30 1
9 87 1
9 89 1
9 91 1
9 92 1
9 93 1
9 94 1
9 95 1
9 121 1
9 122 1
9 123 1
9 124 1
9 125 1
9 127 1
9 129 1
9 140 1
9 141 1
9 142 1
9 143 1
9 146 1
9 154 1
9 155 1
9 157 1
10 26 1
10 27 1
10 28 1
10 29 1
10 30 1
10 87 1
10 91 1
10 93 1
10 94 1
10 121 1
10 122 1
10 123 1
10 124 1
10 128 1
10 139 1
10 140 1
10 141 1
10 142 1
10 143 1
10 146 1
10 153 1
10 154 1
10 155 1
10 156 1
11 13 1
11 15 1
11 24 1
11 26 1
11 27 1
11 28 1
11 88 1
11 89 1
11 90 1
11 92 1
11 93 1
11 94 1
11 95 1
11 121 1
11 122 1
11 123 1
11 124 1
11 126 1
11 128 1
11 129 1
11 139 1
11 140 1
11 141 1
11 143 1
11 146 1
11 153 1
11 154 1
11 155 1
11 157 1
12 13 1
12 25 1
12 27 1
12 29 1
12 30 1
12 87 1
12 88 1
12 89 1
12 90 1
12 91 1
12 93 1
12 94 1
12 121 1
12 122 1
12 123 1
12 124 1
12 127 1
12 128 1
12 129 1
12 139 1
12 140 1
12 141 1
12 142 1
12 145 1
12 153 1
12 155 1
12 156 1
12 157 1
13 24 1
13 25 1
13 26 1
13 27 1
13 28 1
13 29 1
13 30 1
13 87 1
13 88 1
13 89 1
13 90 1
13 92 1
13 121 1
13 124 1
13 126 1
13 128 1
13 139 1
13 141 1
13 142 1
13 143 1
13 144 1
13 146 1
13 154 1
13 156 1
14 28 1
14 29 1
14 30 1
14 87 1
14 88 1
14 89 1
14 91 1
14 92 1
14 95 1
14 121 1
14 122 1
14 123 1
14 124 1
14 125 1
14 127 1
14 128 1
14 139 1
14 140 1
14 141 1
14 142 1
14 144 1
14 145 1
14 156 1
14 157 1
15 24 1
15 25 1
15 26 1
15 27 1
15 28 1
15 29 1
15 30 1
15 87 1
15 88 1
15 89 1
15 90 1
15 91 1
15 92 1
15 93 1
15 94 1
15 95 1
15 121 1
15 122 1
15 123 1
15 125 1
15 127 1
15 128 1
15 129 1
15 139 1
15 144 1
15 145 1
15 153 1
15 155 1
15 157 1
16 18 1
16 20 1
16 21 1
16 22 1
16 23 1
16 24 1
16 26 1
16 27 1
16 28 1
16 30 1
16 31 1
16 32 1
16 33 1
16 35 1
16 36 1
16 65 1
16 66 1
16 67 1
16 78 1
16 82 1
16 83 1
16 84 1
16 85 1
16 86 1
16 88 1
16 90 1
16 92 1
16 93 1
16 95 1
16 98 1
16 100 1
16 101 1
16 102 1
16 103 1
16 115 1
16 116 1
16 117 1
16 118 1
16 120 1
16 139 1
16 141 1
16 142 1
16 143 1
16 144 1
16 154 1
16 155 1
16 156 1
17 19 1
17 22 1
17 24 1
17 26 1
17 28 1
17 34 1
17 35 1
17 36 1
17 66 1
17 68 1
17 69 1
17 78 1
17 80 1
17 82 1
17 83 1
17 84 1
17 87 1
17 88 1
17 89 1
17 92 1
17 93 1
17 94 1
17 95 1
17 96 1
17 98 1
17 100 1
17 101 1
17 102 1
17 115 1
17 117 1
17 140 1
17 141 1
17 142 1
17 144 1
17 145 1
17 146 1
17 153 1
17 155 1
17 157 1
18 20 1
18 22 1
18 26 1
18 27 1
18 29 1
18 30 1
18 31 1
18 32 1
18 33 1
18 36 1
18 66 1
18 67 1
18 68 1
18 69 1
18 78 1
18 81 1
18 82 1
18 83 1
18 84 1
18 85 1
18 86 1
18 88 1
18 90 1
18 91 1
18 93 1
18 94 1
18 95 1
18 96 1
18 98 1
18 99 1
18 103 1
18 118 1
18 119 1
18 139 1
18 141 1
18 142 1
18 144 1
18 146 1
18 153 1
18 157 1
19 24 1
19 26 1
19 27 1
19 28 1
19 30 1
19 31 1
19 32 1
19 33 1
19 34 1
19 35 1
19 36 1
19 65 1
19 67 1
19 68 1
19 69 1
19 78 1
19 80 1
19 82 1
19 84 1
19 85 1
19 86 1
19 89 1
19 91 1
19 93 1
19 94 1
19 95 1
19 96 1
19 98 1
19 99 1
19 102 1
19 103 1
19 115 1
19 116 1
19 117 1
19 118 1
19 119 1
19 120 1
19 139 1
19 140 1
19 141 1
19 142 1
19 143 1
19 154 1
19 155 1
20 25 1
20 26 1
20 27 1
20 30 1
20 31 1
20 32 1
20 34 1
20 35 1
20 66 1
20 69 1
20 79 1
20 80 1
20 81 1
20 85 1
20 86 1
20 90 1
20 94 1
20 95 1
20 96 1
20 97 1
20 98 1
20 99 1
20 100 1
20 101 1
20 115 1
20 120 1
20 139 1
20 140 1
20 142 1
20 144 1
20 153 1
20 154 1
20 155 1
20 156 1
20 157 1
21 24 1
21 26 1
21 28 1
21 30 1
21 31 1
21 33 1
21 34 1
21 35 1
21 65 1
21 66 1
21 68 1
21 69 1
21 78 1
21 79 1
21 80 1
21 81 1
21 83 1
21 84 1
21 85 1
21 86 1
21 88 1
21 89 1
21 90 1
21 92 1
21 93 1
21 94 1
21 95 1
21 96 1
21 100 1
21 103 1
21 115 1
21 116 1
21 118 1
21 119 1
21 120 1
21 139 1
21 140 1
21 141 1
21 142 1
21 144 1
21 146 1
21 153 1
21 154 1
21 155 1
21 156 1
21 157 1
22 25 1
22 28 1
22 31 1
22 32 1
22 33 1
22 35 1
22 36 1
22 65 1
22 66 1
22 67 1
22 68 1
22 79 1
22 81 1
22 83 1
22 85 1
22 87 1
22 90 1
22 94 1
22 96 1
22 97 1
22 99 1
22 100 1
22 101 1
22 103 1
22 115 1
22 116 1
22 119 1
22 120 1
22 139 1
22 140 1
22 142 1
22 143 1
22 144 1
22 145 1
22 146 1
22 153 1
22 154 1
22 155 1
23 24 1
23 25 1
23 27 1
23 30 1
23 33 1
23 35 1
23 65 1
23 66 1
23 69 1
23 78 1
23 79 1
23 80 1
23 81 1
23 82 1
23 86 1
23 87 1
23 90 1
23 91 1
23 92 1
23 93 1
23 94 1
23 95 1
23 97 1
23 98 1
23 99 1
23 100 1
23 101 1
23 102 1
23 103 1
23 116 1
23 117 1
23 119 1
23 139 1
23 142 1
23 144 1
23 145 1
23 146 1
23 153 1
23 155 1
23 156 1
23 157 1
24 25 1
24 29 1
24 30 1
24 52 1
24 53 1
24 54 1
24 55 1
24 56 1
24 57 1
24 58 1
24 60 1
24 61 1
24 62 1
24 87 1
24 88 1
24 89 1
24 92 1
24 93 1
24 94 1
25 26 1
25 30 1
25 51 1
25 52 1
25 53 1
25 54 1
25 55 1
25 56 1
25 58 1
25 60 1
25 61 1
25 64 1
25 87 1
25 89 1
25 90 1
25 92 1
25 93 1
25 94 1
25 95 1
26 51 1
26 54 1
26 55 1
26 56 1
26 57 1
26 58 1
26 59 1
26 62 1
26 64 1
26 87 1
26 88 1
26 90 1
26 92 1
26 93 1
27 28 1
27 53 1
27 54 1
27 57 1
27 58 1
27 59 1
27 60 1
27 61 1
27 62 1
27 64 1
27 90 1
27 93 1
27 94 1
28 30 1
28 51 1
28 52 1
28 53 1
28 56 1
28 58 1
28 59 1
28 61 1
28 62 1
28 63 1
28 87 1
28 88 1
28 89 1
28 90 1
28 92 1
28 93 1
28 95 1
29 52 1
29 53 1
29 54 1
29 55 1
29 57 1
29 59 1
29 60 1
29 62 1
29 64 1
29 89 1
29 91 1
29 92 1
29 95 1
30 51 1
30 52 1
30 53 1
30 54 1
30 55 1
30 57 1
30 58 1
30 59 1
30 61 1
30 88 1
30 89 1
30 91 1
30 93 1
30 94 1
30 95 1
31 32 1
31 33 1
31 34 1
31 35 1
31 36 1
31 52 1
31 53 1
31 54 1
31 55 1
31 56 1
31 96 1
31 98 1
31 99 1
31 102 1
31 103 1
31 148 1
31 149 1
31 151 1
31 152 1
32 51 1
32 53 1
32 54 1
32 55 1
32 56 1
32 96 1
32 98 1
32 99 1
32 101 1
32 103 1
32 147 1
32 148 1
32 149 1
32 150 1
32 151 1
33 36 1
33 51 1
33 53 1
33 55 1
33 56 1
33 97 1
33 100 1
33 101 1
33 102 1
33 103 1
33 147 1
33 148 1
33 150 1
33 151 1
34 36 1
34 51 1
34 52 1
34 53 1
34 54 1
34 96 1
34 97 1
34 98 1
34 100 1
34 101 1
34 102 1
34 147 1
34 148 1
34 151 1
34 152 1
35 51 1
35 52 1
35 54 1
35 96 1
35 97 1
35 98 1
35 99 1
35 100 1
35 101 1
35 103 1
35 149 1
35 150 1
35 151 1
35 152 1
36 97 1
36 98 1
36 100 1
36 102 1
36 147 1
36 148 1
36 149 1
36 150 1
36 152 1
37 38 1
37 39 1
37 40 1
37 41 1
37 42 1
37 43 1
37 44 1
37 45 1
37 46 1
37 48 1
37 50 1
37 78 1
37 79 1
37 80 1
37 84 1
37 86 1
37 105 1
37 107 1
37 109 1
37 121 1
37 123 1
37 124 1
37 126 1
37 130 1
37 131 1
37 133 1
37 134 1
37 138 1
38 39 1
38 40 1
38 41 1
38 42 1
38 44 1
38 47 1
38 48 1
38 49 1
38 50 1
38 79 1
38 80 1
38 81 1
38 82 1
38 83 1
38 84 1
38 85 1
38 86 1
38 104 1
38 106 1
38 122 1
38 123 1
38 124 1
38 125 1
38 126 1
38 127 1
38 128 1
38 132 1
38 136 1
38 138 1
39 40 1
39 41 1
39 44 1
39 45 1
39 46 1
39 47 1
39 48 1
39 50 1
39 78 1
39 79 1
39 80 1
39 82 1
39 83 1
39 85 1
39 86 1
39 106 1
39 121 1
39 122 1
39 123 1
39 124 1
39 127 1
39 129 1
39 134 1
39 136 1
40 41 1
40 42 1
40 43 1
40 45 1
40 46 1
40 47 1
40 48 1
40 49 1
40 80 1
40 81 1
40 82 1
40 83 1
40 84 1
40 85 1
40 86 1
40 104 1
40 105 1
40 106 1
40 108 1
40 109 1
40 122 1
40 124 1
40 125 1
40 126 1
40 127 1
40 129 1
40 130 1
40 131 1
40 132 1
40 133 1
40 136 1
40 137 1
40 138 1
41 42 1
41 43 1
41 45 1
41 46 1
41 47 1
41 48 1
41 49 1
41 79 1
41 80 1
41 84 1
41 85 1
41 104 1
41 105 1
41 106 1
41 109 1
41 122 1
41 123 1
41 124 1
41 125 1
41 126 1
41 127 1
41 129 1
41 130 1
41 131 1
41 132 1
41 133 1
41 134 1
41 138 1
42 47 1
42 48 1
42 49 1
42 50 1
42 78 1
42 82 1
42 83 1
42 84 1
42 85 1
42 86 1
42 107 1
42 108 1
42 109 1
42 121 1
42 122 1
42 123 1
42 126 1
42 127 1
42 128 1
42 131 1
42 132 1
42 133 1
42 134 1
42 135 1
42 136 1
42 138 1
43 44 1
43 45 1
43 46 1
43 47 1
43 79 1
43 80 1
43 81 1
43 83 1
43 84 1
43 86 1
43 105 1
43 106 1
43 108 1
43 121 1
43 122 1
43 123 1
43 124 1
43 126 1
43 127 1
43 128 1
43 131 1
43 133 1
43 134 1
43 135 1
44 46 1
44 78 1
44 79 1
44 80 1
44 81 1
44 84 1
44 85 1
44 104 1
44 105 1
44 107 1
44 108 1
44 109 1
44 121 1
44 123 1
44 125 1
44 126 1
44 127 1
44 129 1
44 131 1
44 132 1
44 133 1
44 135 1
44 136 1
44 137 1
44 138 1
45 46 1
45 48 1
45 49 1
45 50 1
45 65 1
45 68 1
45 69 1
45 96 1
45 97 1
45 98 1
45 100 1
45 101 1
45 102 1
45 104 1
45 105 1
45 106 1
45 107 1
45 108 1
45 139 1
45 140 1
45 141 1
45 142 1
45 144 1
45 145 1
45 147 1
45 148 1
45 149 1
45 150 1
46 48 1
46 49 1
46 50 1
46 65 1
46 66 1
46 67 1
46 68 1
46 69 1
46 98 1
46 99 1
46 101 1
46 102 1
46 103 1
46 104 1
46 105 1
46 106 1
46 107 1
46 108 1
46 109 1
46 139 1
46 140 1
46 141 1
46 142 1
46 144 1
46 145 1
46 146 1
46 147 1
46 149 1
46 151 1
46 152 1
47 48 1
47 49 1
47 50 1
47 65 1
47 66 1
47 67 1
47 68 1
47 96 1
47 97 1
47 98 1
47 99 1
47 101 1
47 102 1
47 103 1
47 104 1
47 106 1
47 107 1
47 108 1
47 139 1
47 140 1
47 141 1
47 142 1
47 143 1
47 144 1
47 145 1
47 148 1
47 149 1
47 150 1
47 151 1
47 152 1
48 49 1
48 50 1
48 66 1
48 67 1
48 69 1
48 96 1
48 97 1
48 98 1
48 99 1
48 100 1
48 101 1
48 104 1
48 105 1
48 107 1
48 108 1
48 139 1
48 141 1
48 143 1
48 144 1
48 145 1
48 147 1
48 148 1
48 149 1
48 150 1
48 151 1
48 152 1
49 50 1
49 67 1
49 69 1
49 97 1
49 98 1
49 99 1
49 100 1
49 101 1
49 103 1
49 104 1
49 106 1
49 107 1
49 108 1
49 140 1
49 143 1
49 144 1
49 146 1
49 149 1
49 150 1
49 151 1
49 152 1
50 65 1
50 67 1
50 69 1
50 97 1
50 99 1
50 101 1
50 102 1
50 103 1
50 104 1
50 105 1
50 106 1
50 107 1
50 109 1
50 139 1
50 141 1
50 143 1
50 144 1
50 146 1
50 147 1
50 149 1
50 150 1
50 151 1
50 152 1
51 52 1
51 53 1
51 54 1
51 55 1
51 56 1
51 74 1
51 75 1
51 77 1
51 79 1
51 82 1
51 85 1
51 86 1
51 115 1
51 116 1
51 117 1
51 118 1
51 119 1
51 120 1
51 141 1
51 142 1
51 144 1
51 145 1
51 146 1
51 158 1
51 159 1
51 160 1
51 161 1
51 162 1
51 163 1
51 164 1
52 53 1
52 54 1
52 55 1
52 71 1
52 74 1
52 75 1
52 76 1
52 77 1
52 78 1
52 79 1
52 80 1
52 81 1
52 82 1
52 83 1
52 84 1
52 85 1
52 86 1
52 116 1
52 117 1
52 120 1
52 139 1
52 140 1
52 142 1
52 145 1
52 158 1
52 161 1
52 162 1
52 163 1
52 165 1
53 55 1
53 70 1
53 71 1
53 72 1
53 74 1
53 76 1
53 77 1
53 80 1
53 81 1
53 83 1
53 84 1
53 85 1
53 86 1
53 117 1
53 118 1
53 120 1
53 140 1
53 141 1
53 143 1
53 144 1
53 146 1
53 159 1
53 161 1
53 162 1
53 163 1
53 165 1
54 55 1
54 71 1
54 73 1
54 74 1
54 76 1
54 77 1
54 79 1
54 80 1
54 81 1
54 82 1
54 83 1
54 84 1
54 86 1
54 115 1
54 117 1
54 118 1
54 119 1
54 120 1
54 139 1
54 140 1
54 141 1
54 142 1
54 143 1
54 144 1
54 145 1
54 146 1
54 159 1
54 160 1
54 161 1
54 162 1
54 165 1
55 56 1
55 70 1
55 72 1
55 73 1
55 75 1
55 76 1
55 77 1
55 80 1
55 81 1
55 82 1
55 84 1
55 85 1
55 86 1
55 116 1
55 117 1
55 118 1
55 119 1
55 120 1
55 139 1
55 140 1
55 141 1
55 143 1
55 145 1
55 158 1
55 159 1
55 160 1
55 162 1
55 163 1
55 164 1
55 165 1
56 72 1
56 73 1
56 75 1
56 77 1
56 78 1
56 79 1
56 80 1
56 81 1
56 83 1
56 84 1
56 115 1
56 117 1
56 119 1
56 120 1
56 140 1
56 141 1
56 143 1
56 144 1
56 145 1
56 146 1
56 158 1
56 159 1
56 160 1
56 161 1
56 162 1
57 58 1
57 59 1
57 60 1
57 61 1
57 62 1
57 63 1
57 64 1
57 65 1
57 66 1
57 67 1
57 68 1
57 69 1
57 104 1
57 105 1
57 106 1
57 107 1
57 110 1
57 114 1
57 139 1
57 140 1
57 141 1
57 142 1
57 143 1
57 144 1
57 160 1
57 162 1
57 163 1
57 164 1
57 165 1
58 59 1
58 60 1
58 61 1
58 62 1
58 63 1
58 64 1
58 66 1
58 68 1
58 105 1
58 106 1
58 108 1
58 109 1
58 110 1
58 112 1
58 113 1
58 114 1
58 139 1
58 140 1
58 141 1
58 142 1
58 144 1
58 146 1
58 158 1
58 159 1
58 162 1
58 163 1
58 164 1
59 63 1
59 65 1
59 66 1
59 67 1
59 68 1
59 104 1
59 106 1
59 108 1
59 109 1
59 112 1
59 139 1
59 141 1
59 142 1
59 143 1
59 144 1
59 158 1
59 159 1
59 160 1
59 161 1
59 162 1
59 164 1
59 165 1
60 62 1
60 64 1
60 66 1
60 67 1
60 68 1
60 69 1
60 104 1
60 107 1
60 108 1
60 110 1
60 111 1
60 113 1
60 114 1
60 139 1
60 140 1
60 144 1
60 146 1
60 159 1
60 161 1
60 162 1
60 164 1
60 165 1
61 63 1
61 66 1
61 68 1
61 69 1
61 104 1
61 105 1
61 106 1
61 108 1
61 109 1
61 111 1
61 112 1
61 114 1
61 139 1
61 140 1
61 141 1
61 142 1
61 143 1
61 144 1
61 145 1
61 158 1
61 159 1
61 160 1
61 161 1
61 163 1
61 165 1
62 63 1
62 64 1
62 65 1
62 67 1
62 69 1
62 105 1
62 106 1
62 107 1
62 108 1
62 110 1
62 111 1
62 113 1
62 139 1
62 140 1
62 141 1
62 142 1
62 143 1
62 145 1
62 146 1
62 159 1
62 161 1
62 162 1
62 163 1
62 165 1
63 64 1
63 66 1
63 67 1
63 68 1
63 69 1
63 104 1
63 106 1
63 107 1
63 108 1
63 112 1
63 113 1
63 114 1
63 139 1
63 141 1
63 144 1
63 145 1
63 146 1
63 158 1
63 159 1
63 161 1
63 162 1
63 163 1
64 65 1
64 66 1
64 68 1
64 105 1
64 107 1
64 108 1
64 109 1
64 110 1
64 112 1
64 113 1
64 114 1
64 139 1
64 140 1
64 142 1
64 143 1
64 144 1
64 145 1
64 146 1
64 158 1
64 159 1
64 160 1
64 161 1
64 162 1
64 163 1
64 164 1
64 165 1
65 66 1
65 67 1
65 68 1
65 69 1
65 88 1
65 89 1
65 90 1
65 91 1
65 92 1
65 93 1
65 94 1
65 115 1
65 116 1
65 117 1
65 118 1
65 175 1
65 177 1
65 179 1
66 67 1
66 68 1
66 69 1
66 88 1
66 90 1
66 92 1
66 94 1
66 95 1
66 116 1
66 117 1
66 119 1
66 120 1
66 175 1
66 178 1
67 68 1
67 69 1
67 89 1
67 90 1
67 91 1
67 92 1
67 93 1
67 94 1
67 95 1
67 117 1
67 118 1
67 119 1
67 120 1
67 175 1
67 176 1
67 178 1
68 87 1
68 88 1
68 90 1
68 91 1
68 92 1
68 94 1
68 95 1
68 115 1
68 116 1
68 117 1
68 118 1
68 120 1
68 175 1
68 176 1
68 177 1
69 87 1
69 88 1
69 89 1
69 91 1
69 94 1
69 115 1
69 117 1
69 118 1
69 119 1
69 120 1
69 175 1
69 176 1
69 179 1
70 74 1
70 75 1
70 76 1
70 77 1
70 72 1
70 73 1
70 153 1
70 154 1
70 157 1
70 166 1
70 167 1
70 169 1
70 170 1
70 171 1
70 172 1
70 173 1
70 174 1
71 74 1
71 75 1
71 76 1
71 77 1
71 153 1
71 155 1
71 166 1
71 167 1
71 168 1
71 169 1
71 170 1
71 173 1
71 174 1
72 76 1
72 77 1
72 73 1
72 153 1
72 155 1
72 156 1
72 157 1
72 166 1
72 168 1
72 170 1
72 173 1
73 74 1
73 76 1
73 77 1
73 155 1
73 156 1
73 166 1
73 167 1
73 171 1
73 173 1
73 174 1
74 75 1
74 76 1
74 153 1
74 154 1
74 155 1
74 156 1
74 167 1
74 168 1
74 169 1
74 170 1
74 172 1
74 173 1
75 77 1
75 153 1
75 154 1
75 155 1
75 166 1
75 169 1
75 171 1
75 172 1
76 153 1
76 154 1
76 156 1
76 166 1
76 168 1
76 169 1
76 171 1
76 172 1
76 173 1
76 174 1
77 154 1
77 155 1
77 156 1
77 166 1
77 167 1
77 168 1
77 169 1
77 170 1
77 171 1
78 82 1
78 83 1
78 84 1
78 111 1
78 114 1
78 115 1
78 116 1
78 117 1
78 118 1
78 119 1
78 154 1
78 156 1
78 157 1
79 83 1
79 85 1
79 86 1
79 112 1
79 113 1
79 116 1
79 117 1
79 118 1
79 119 1
79 120 1
79 153 1
79 154 1
79 155 1
79 156 1
79 157 1
80 82 1
80 83 1
80 84 1
80 85 1
80 81 1
80 110 1
80 111 1
80 112 1
80 113 1
80 114 1
80 116 1
80 118 1
80 119 1
80 120 1
80 153 1
80 154 1
81 82 1
81 83 1
81 84 1
81 85 1
81 86 1
81 110 1
81 111 1
81 112 1
81 114 1
81 115 1
81 116 1
81 117 1
81 119 1
81 153 1
81 155 1
81 156 1
82 110 1
82 111 1
82 112 1
82 116 1
82 117 1
82 119 1
82 120 1
82 153 1
82 154 1
82 155 1
82 157 1
83 111 1
83 112 1
83 113 1
83 114 1
83 115 1
83 116 1
83 118 1
83 119 1
83 154 1
83 157 1
84 85 1
84 110 1
84 111 1
84 112 1
84 113 1
84 116 1
84 120 1
84 153 1
84 155 1
84 156 1
84 157 1
85 110 1
85 112 1
85 113 1
85 114 1
85 115 1
85 116 1
85 118 1
85 119 1
85 120 1
85 153 1
85 155 1
85 156 1
86 110 1
86 111 1
86 112 1
86 113 1
86 114 1
86 115 1
86 117 1
86 120 1
86 153 1
86 154 1
86 156 1
86 157 1
87 91 1
87 93 1
87 94 1
87 95 1
87 115 1
87 116 1
87 118 1
87 119 1
87 120 1
87 121 1
87 123 1
87 124 1
87 127 1
87 129 1
87 139 1
87 140 1
87 141 1
87 142 1
87 144 1
87 146 1
87 166 1
87 169 1
87 173 1
87 174 1
88 91 1
88 92 1
88 93 1
88 94 1
88 95 1
88 89 1
88 115 1
88 116 1
88 117 1
88 119 1
88 120 1
88 121 1
88 122 1
88 123 1
88 125 1
88 126 1
88 127 1
88 128 1
88 129 1
88 139 1
88 141 1
88 143 1
88 144 1
88 145 1
88 146 1
88 166 1
88 167 1
88 168 1
88 169 1
88 171 1
88 172 1
88 173 1
89 91 1
89 92 1
89 94 1
89 95 1
89 90 1
89 115 1
89 120 1
89 122 1
89 124 1
89 125 1
89 126 1
89 127 1
89 142 1
89 143 1
89 144 1
89 167 1
89 168 1
89 169 1
89 171 1
89 172 1
89 173 1
89 174 1
90 91 1
90 92 1
90 94 1
90 95 1
90 115 1
90 116 1
90 117 1
90 118 1
90 119 1
90 120 1
90 122 1
90 123 1
90 124 1
90 125 1
90 126 1
90 127 1
90 128 1
90 140 1
90 141 1
90 142 1
90 144 1
90 145 1
90 167 1
90 171 1
90 172 1
90 173 1
90 174 1
91 116 1
91 118 1
91 120 1
91 121 1
91 123 1
91 124 1
91 125 1
91 126 1
91 128 1
91 141 1
91 142 1
91 143 1
91 146 1
91 166 1
91 169 1
91 170 1
91 171 1
91 172 1
91 174 1
92 94 1
92 117 1
92 118 1
92 119 1
92 120 1
92 124 1
92 126 1
92 127 1
92 128 1
92 129 1
92 139 1
92 141 1
92 142 1
92 143 1
92 144 1
92 145 1
92 146 1
92 166 1
92 173 1
92 174 1
93 115 1
93 116 1
93 117 1
93 120 1
93 121 1
93 123 1
93 124 1
93 125 1
93 126 1
93 140 1
93 142 1
93 146 1
93 171 1
93 172 1
93 174 1
94 115 1
94 116 1
94 117 1
94 119 1
94 121 1
94 123 1
94 124 1
94 125 1
94 126 1
94 128 1
94 129 1
94 139 1
94 140 1
94 143 1
94 146 1
94 166 1
94 171 1
94 172 1
94 174 1
95 115 1
95 117 1
95 120 1
95 121 1
95 122 1
95 123 1
95 124 1
95 125 1
95 126 1
95 128 1
95 139 1
95 140 1
95 142 1
95 143 1
95 145 1
95 168 1
95 170 1
95 171 1
95 172 1
95 173 1
96 100 1
96 101 1
96 102 1
96 103 1
96 98 1
96 104 1
96 105 1
96 106 1
96 107 1
96 109 1
96 147 1
96 148 1
96 149 1
96 150 1
96 151 1
96 152 1
97 100 1
97 101 1
97 102 1
97 103 1
97 98 1
97 105 1
97 108 1
97 148 1
97 152 1
98 100 1
98 101 1
98 102 1
98 103 1
98 104 1
98 105 1
98 106 1
98 107 1
98 108 1
98 147 1
98 150 1
98 151 1
99 100 1
99 102 1
99 103 1
99 104 1
99 108 1
99 109 1
99 147 1
99 149 1
99 150 1
99 151 1
99 152 1
100 105 1
100 106 1
100 107 1
100 108 1
100 109 1
100 148 1
100 149 1
100 151 1
100 152 1
101 103 1
101 106 1
101 107 1
101 109 1
101 147 1
101 152 1
102 104 1
102 105 1
102 106 1
102 108 1
102 109 1
102 147 1
102 150 1
102 152 1
103 104 1
103 106 1
103 107 1
103 148 1
103 149 1
103 150 1
103 151 1
104 107 1
104 109 1
104 105 1
104 106 1
104 110 1
104 111 1
104 112 1
104 113 1
104 176 1
104 178 1
104 179 1
105 108 1
105 109 1
105 112 1
105 113 1
105 114 1
105 175 1
105 176 1
105 179 1
106 107 1
106 108 1
106 110 1
106 112 1
106 114 1
106 176 1
106 177 1
106 178 1
107 110 1
107 113 1
107 114 1
107 175 1
107 178 1
107 179 1
108 110 1
108 111 1
108 113 1
108 114 1
108 176 1
108 177 1
108 178 1
108 179 1
109 111 1
109 112 1
109 113 1
109 114 1
109 175 1
109 176 1
109 178 1
109 179 1
110 111 1
110 112 1
110 113 1
110 114 1
110 130 1
110 131 1
110 133 1
110 134 1
110 135 1
110 136 1
110 137 1
110 138 1
110 140 1
110 143 1
110 144 1
110 145 1
111 114 1
111 130 1
111 131 1
111 132 1
111 133 1
111 134 1
111 135 1
111 136 1
111 137 1
111 138 1
111 139 1
111 143 1
111 144 1
111 146 1
112 113 1
112 130 1
112 131 1
112 133 1
112 134 1
112 135 1
112 136 1
112 137 1
112 138 1
112 142 1
112 143 1
112 144 1
112 145 1
113 114 1
113 131 1
113 133 1
113 134 1
113 135 1
113 136 1
113 138 1
113 139 1
113 142 1
113 143 1
113 144 1
113 145 1
114 130 1
114 131 1
114 132 1
114 134 1
114 136 1
114 137 1
114 138 1
114 141 1
114 143 1
114 144 1
114 145 1
115 150 1
115 151 1
115 166 1
115 168 1
115 169 1
115 170 1
115 171 1
115 173 1
116 119 1
116 147 1
116 148 1
116 150 1
116 151 1
116 152 1
116 166 1
116 168 1
116 169 1
116 174 1
117 118 1
117 148 1
117 149 1
117 151 1
117 152 1
117 166 1
117 167 1
117 168 1
117 169 1
117 171 1
117 172 1
117 174 1
118 147 1
118 150 1
118 151 1
118 152 1
118 166 1
118 167 1
118 169 1
118 170 1
118 171 1
118 172 1
118 173 1
118 174 1
119 120 1
119 148 1
119 151 1
119 166 1
119 169 1
119 173 1
120 147 1
120 148 1
120 151 1
120 152 1
120 169 1
120 173 1
120 174 1
121 125 1
121 126 1
121 139 1
121 141 1
121 142 1
121 143 1
121 145 1
121 153 1
121 156 1
121 158 1
121 160 1
121 161 1
121 164 1
121 165 1
122 125 1
122 126 1
122 127 1
122 141 1
122 142 1
122 143 1
122 144 1
122 146 1
122 153 1
122 154 1
122 155 1
122 156 1
122 157 1
122 162 1
122 163 1
122 164 1
123 126 1
123 140 1
123 141 1
123 142 1
123 143 1
123 144 1
123 145 1
123 146 1
123 156 1
123 157 1
123 158 1
123 160 1
123 161 1
123 163 1
123 164 1
123 165 1
124 125 1
124 127 1
124 128 1
124 140 1
124 141 1
124 142 1
124 143 1
124 144 1
124 145 1
124 153 1
124 154 1
124 155 1
124 156 1
124 157 1
124 158 1
124 160 1
124 161 1
124 165 1
125 126 1
125 128 1
125 139 1
125 140 1
125 141 1
125 142 1
125 143 1
125 145 1
125 146 1
125 153 1
125 155 1
125 156 1
125 157 1
125 158 1
125 159 1
125 161 1
125 163 1
126 139 1
126 140 1
126 143 1
126 144 1
126 146 1
126 153 1
126 154 1
126 155 1
126 157 1
126 159 1
126 160 1
126 162 1
126 163 1
126 164 1
126 165 1
127 128 1
127 129 1
127 139 1
127 141 1
127 142 1
127 143 1
127 144 1
127 145 1
127 153 1
127 154 1
127 157 1
127 158 1
127 159 1
127 160 1
127 161 1
127 162 1
127 163 1
127 165 1
128 129 1
128 139 1
128 140 1
128 143 1
128 145 1
128 153 1
128 154 1
128 155 1
128 157 1
128 158 1
128 160 1
128 163 1
128 164 1
129 139 1
129 140 1
129 143 1
129 144 1
129 146 1
129 155 1
129 156 1
129 157 1
129 158 1
129 159 1
129 160 1
129 162 1
129 163 1
130 131 1
130 135 1
130 139 1
130 143 1
130 145 1
130 147 1
130 148 1
130 149 1
130 150 1
130 160 1
130 161 1
130 162 1
130 164 1
131 132 1
131 133 1
131 134 1
131 136 1
131 137 1
131 139 1
131 142 1
131 143 1
131 144 1
131 146 1
131 148 1
131 151 1
131 152 1
131 158 1
131 160 1
131 161 1
131 164 1
131 165 1
132 133 1
132 134 1
132 136 1
132 140 1
132 142 1
132 143 1
132 145 1
132 148 1
132 151 1
132 152 1
132 158 1
132 159 1
132 162 1
132 163 1
132 165 1
133 134 1
133 136 1
133 139 1
133 140 1
133 141 1
133 142 1
133 143 1
133 145 1
133 148 1
133 149 1
133 151 1
133 152 1
133 158 1
133 160 1
133 161 1
133 162 1
133 164 1
133 165 1
134 135 1
134 140 1
134 142 1
134 144 1
134 146 1
134 149 1
134 152 1
134 159 1
134 161 1
134 162 1
134 163 1
134 164 1
134 165 1
135 136 1
135 141 1
135 142 1
135 143 1
135 144 1
135 145 1
135 146 1
135 147 1
135 149 1
135 150 1
135 159 1
135 163 1
135 164 1
135 165 1
136 139 1
136 140 1
136 141 1
136 142 1
136 143 1
136 144 1
136 148 1
136 150 1
136 151 1
136 152 1
136 158 1
136 159 1
136 160 1
136 161 1
136 162 1
136 165 1
137 138 1
137 140 1
137 141 1
137 142 1
137 144 1
137 145 1
137 146 1
137 147 1
137 149 1
137 150 1
137 158 1
137 159 1
137 160 1
137 161 1
137 162 1
137 164 1
137 165 1
138 142 1
138 144 1
138 145 1
138 146 1
138 147 1
138 148 1
138 149 1
138 152 1
138 159 1
138 160 1
138 161 1
138 162 1
138 163 1
139 140 1
139 142 1
139 145 1
141 143 1
142 144 1
143 144 1
144 145 1
145 146 1
147 150 1
147 151 1
147 153 1
147 155 1
147 156 1
147 157 1
147 159 1
147 161 1
147 165 1
148 152 1
148 153 1
148 159 1
148 160 1
148 163 1
148 164 1
148 165 1
149 150 1
149 153 1
149 155 1
149 156 1
149 157 1
149 158 1
149 161 1
149 162 1
149 163 1
149 165 1
150 153 1
150 155 1
150 156 1
150 157 1
150 158 1
150 159 1
150 165 1
151 153 1
151 154 1
151 156 1
151 158 1
151 159 1
151 160 1
151 161 1
151 163 1
152 155 1
152 156 1
152 157 1
152 158 1
152 159 1
152 160 1
152 161 1
152 162 1
153 155 1
153 157 1
154 157 1
156 157 1
158 159 1
158 161 1
158 168 1
158 169 1
158 170 1
158 172 1
159 162 1
159 166 1
159 168 1
159 170 1
159 171 1
159 172 1
160 161 1
160 165 1
160 167 1
160 169 1
160 171 1
160 173 1
161 162 1
161 163 1
161 166 1
161 167 1
161 168 1
161 169 1
161 170 1
161 172 1
161 173 1
161 174 1
162 166 1
162 167 1
162 168 1
162 169 1
162 172 1
162 173 1
163 167 1
163 169 1
163 170 1
163 171 1
163 173 1
164 166 1
164 167 1
164 168 1
164 169 1
164 171 1
164 173 1
165 167 1
165 169 1
165 170 1
165 171 1
165 172 1
166 169 1
166 173 1
166 174 1
167 168 1
167 169 1
168 171 1
168 172 1
168 173 1
170 173 1
171 173 1
171 174 1
175 178 1
176 177 1
176 179 1
177 179 1
