1 3 1
1 4 1
1 5 1
1 7 1
1 8 1
1 39 1
1 40 1
1 41 1
1 43 1
1 44 1
1 45 1
1 46 1
1 48 1
1 50 1
1 51 1
1 66 1
1 67 1
1 69 1
1 71 1
1 72 1
1 73 1
1 76 1
1 78 1
1 80 1
1 81 1
1 82 1
1 84 1
1 86 1
1 87 1
1 88 1
1 89 1
1 90 1
1 91 1
1 92 1
1 93 1
1 94 1
1 134 1
1 136 1
1 137 1
1 139 1
1 140 1
1 142 1
1 144 1
1 145 1
1 155 1
1 156 1
1 157 1
1 158 1
1 161 1
1 162 1
2 3 1
2 38 1
2 39 1
2 40 1
2 41 1
2 42 1
2 44 1
2 45 1
2 46 1
2 47 1
2 48 1
2 49 1
2 50 1
2 51 1
2 66 1
2 67 1
2 68 1
2 69 1
2 70 1
2 72 1
2 73 1
2 74 1
2 76 1
2 78 1
2 80 1
2 82 1
2 83 1
2 84 1
2 85 1
2 86 1
2 87 1
2 88 1
2 89 1
2 90 1
2 91 1
2 92 1
2 93 1
2 94 1
2 95 1
2 96 1
2 134 1
2 135 1
2 136 1
2 138 1
2 139 1
2 140 1
2 141 1
2 142 1
2 145 1
2 146 1
2 147 1
2 155 1
2 156 1
2 157 1
2 160 1
2 161 1
2 162 1
3 6 1
3 7 1
3 38 1
3 39 1
3 40 1
3 41 1
3 49 1
3 50 1
3 51 1
3 66 1
3 67 1
3 68 1
3 69 1
3 70 1
3 73 1
3 74 1
3 75 1
3 76 1
3 77 1
3 79 1
3 80 1
3 81 1
3 82 1
3 85 1
3 86 1
3 88 1
3 89 1
3 90 1
3 91 1
3 92 1
3 93 1
3 94 1
3 95 1
3 96 1
3 135 1
3 136 1
3 137 1
3 139 1
3 140 1
3 141 1
3 142 1
3 145 1
3 146 1
3 147 1
3 155 1
3 156 1
3 158 1
3 160 1
3 162 1
4 6 1
4 8 1
4 38 1
4 39 1
4 40 1
4 41 1
4 42 1
4 44 1
4 45 1
4 46 1
4 47 1
4 48 1
4 49 1
4 51 1
4 66 1
4 67 1
4 68 1
4 69 1
4 70 1
4 72 1
4 73 1
4 74 1
4 75 1
4 77 1
4 79 1
4 80 1
4 81 1
4 82 1
4 83 1
4 84 1
4 85 1
4 86 1
4 89 1
4 90 1
4 93 1
4 94 1
4 95 1
4 96 1
4 136 1
4 137 1
4 138 1
4 139 1
4 140 1
4 142 1
4 143 1
4 144 1
4 146 1
4 147 1
4 155 1
4 157 1
4 158 1
4 159 1
4 160 1
4 162 1
5 39 1
5 40 1
5 41 1
5 42 1
5 43 1
5 44 1
5 45 1
5 46 1
5 47 1
5 48 1
5 49 1
5 50 1
5 51 1
5 66 1
5 67 1
5 68 1
5 69 1
5 71 1
5 72 1
5 74 1
5 75 1
5 76 1
5 78 1
5 79 1
5 80 1
5 81 1
5 82 1
5 83 1
5 84 1
5 86 1
5 87 1
5 88 1
5 89 1
5 90 1
5 91 1
5 92 1
5 93 1
5 94 1
5 96 1
5 134 1
5 136 1
5 137 1
5 138 1
5 139 1
5 140 1
5 141 1
5 142 1
5 143 1
5 144 1
5 146 1
5 147 1
5 155 1
5 156 1
5 158 1
5 159 1
5 161 1
5 162 1
6 7 1
6 40 1
6 41 1
6 42 1
6 44 1
6 46 1
6 48 1
6 50 1
6 66 1
6 67 1
6 68 1
6 69 1
6 70 1
6 71 1
6 72 1
6 79 1
6 80 1
6 81 1
6 82 1
6 83 1
6 89 1
6 90 1
6 91 1
6 92 1
6 93 1
6 94 1
6 95 1
6 96 1
6 135 1
6 136 1
6 137 1
6 138 1
6 139 1
6 141 1
6 143 1
6 144 1
6 147 1
6 155 1
6 156 1
6 157 1
6 158 1
6 159 1
6 161 1
6 162 1
7 39 1
7 40 1
7 41 1
7 42 1
7 43 1
7 44 1
7 45 1
7 47 1
7 49 1
7 51 1
7 66 1
7 67 1
7 68 1
7 69 1
7 74 1
7 75 1
7 76 1
7 77 1
7 78 1
7 79 1
7 80 1
7 81 1
7 82 1
7 83 1
7 84 1
7 86 1
7 87 1
7 89 1
7 90 1
7 91 1
7 92 1
7 94 1
7 134 1
7 135 1
7 136 1
7 138 1
7 139 1
7 140 1
7 141 1
7 142 1
7 144 1
7 145 1
7 147 1
7 155 1
7 156 1
7 157 1
7 158 1
7 159 1
8 38 1
8 39 1
8 40 1
8 41 1
8 42 1
8 43 1
8 45 1
8 46 1
8 47 1
8 48 1
8 49 1
8 51 1
8 66 1
8 68 1
8 69 1
8 70 1
8 71 1
8 72 1
8 74 1
8 76 1
8 77 1
8 80 1
8 83 1
8 84 1
8 88 1
8 89 1
8 90 1
8 91 1
8 92 1
8 93 1
8 94 1
8 96 1
8 135 1
8 138 1
8 139 1
8 140 1
8 141 1
8 144 1
8 146 1
8 147 1
8 155 1
8 156 1
8 157 1
8 159 1
8 160 1
8 161 1
8 162 1
9 11 1
9 12 1
9 14 1
9 15 1
9 22 1
9 23 1
9 24 1
9 25 1
9 26 1
9 28 1
9 29 1
9 30 1
9 31 1
9 33 1
9 34 1
9 35 1
9 36 1
9 37 1
9 41 1
9 42 1
9 43 1
9 97 1
9 98 1
9 99 1
9 100 1
9 101 1
9 102 1
9 134 1
9 135 1
9 136 1
9 137 1
9 138 1
9 139 1
9 163 1
9 166 1
10 14 1
10 23 1
10 24 1
10 25 1
10 27 1
10 29 1
10 31 1
10 32 1
10 33 1
10 34 1
10 37 1
10 40 1
10 43 1
10 97 1
10 99 1
10 100 1
10 101 1
10 134 1
10 135 1
10 137 1
10 139 1
10 163 1
10 165 1
10 166 1
10 167 1
11 12 1
11 13 1
11 22 1
11 23 1
11 25 1
11 26 1
11 27 1
11 28 1
11 29 1
11 31 1
11 32 1
11 34 1
11 35 1
11 36 1
11 37 1
11 38 1
11 40 1
11 41 1
11 42 1
11 43 1
11 97 1
11 98 1
11 99 1
11 101 1
11 134 1
11 135 1
11 136 1
11 137 1
11 138 1
11 139 1
11 163 1
11 164 1
11 166 1
11 167 1
12 22 1
12 24 1
12 26 1
12 27 1
12 28 1
12 29 1
12 30 1
12 31 1
12 32 1
12 33 1
12 34 1
12 35 1
12 36 1
12 37 1
12 38 1
12 39 1
12 40 1
12 42 1
12 43 1
12 97 1
12 99 1
12 101 1
12 102 1
12 135 1
12 136 1
12 138 1
12 163 1
12 164 1
12 165 1
13 22 1
13 23 1
13 26 1
13 27 1
13 29 1
13 30 1
13 32 1
13 33 1
13 34 1
13 35 1
13 36 1
13 37 1
13 38 1
13 40 1
13 41 1
13 42 1
13 43 1
13 98 1
13 99 1
13 100 1
13 101 1
13 102 1
13 135 1
13 137 1
13 138 1
13 164 1
13 165 1
13 166 1
13 167 1
14 23 1
14 24 1
14 25 1
14 30 1
14 31 1
14 32 1
14 33 1
14 34 1
14 36 1
14 39 1
14 40 1
14 41 1
14 42 1
14 43 1
14 99 1
14 100 1
14 102 1
14 135 1
14 136 1
14 137 1
14 138 1
14 163 1
14 165 1
14 166 1
15 22 1
15 24 1
15 26 1
15 29 1
15 33 1
15 35 1
15 36 1
15 37 1
15 39 1
15 40 1
15 42 1
15 43 1
15 97 1
15 98 1
15 99 1
15 100 1
15 101 1
15 102 1
15 134 1
15 135 1
15 136 1
15 137 1
15 138 1
15 139 1
15 163 1
15 166 1
15 167 1
16 17 1
16 19 1
16 20 1
16 21 1
16 29 1
16 30 1
16 31 1
16 32 1
16 36 1
16 37 1
16 44 1
16 45 1
16 47 1
16 50 1
16 51 1
16 60 1
16 62 1
16 63 1
16 64 1
16 97 1
16 98 1
16 99 1
16 100 1
16 101 1
16 102 1
16 103 1
16 104 1
16 105 1
16 106 1
16 108 1
16 109 1
16 134 1
16 135 1
16 136 1
16 137 1
16 139 1
16 148 1
16 150 1
16 151 1
16 153 1
16 155 1
16 160 1
16 161 1
16 162 1
17 19 1
17 21 1
17 29 1
17 30 1
17 31 1
17 32 1
17 33 1
17 34 1
17 35 1
17 37 1
17 45 1
17 46 1
17 47 1
17 48 1
17 49 1
17 50 1
17 51 1
17 60 1
17 61 1
17 62 1
17 63 1
17 65 1
17 98 1
17 99 1
17 100 1
17 102 1
17 103 1
17 104 1
17 106 1
17 107 1
17 108 1
17 109 1
17 110 1
17 134 1
17 135 1
17 137 1
17 138 1
17 139 1
17 149 1
17 150 1
17 151 1
17 152 1
17 154 1
17 156 1
17 157 1
17 160 1
17 161 1
17 162 1
18 21 1
18 29 1
18 30 1
18 32 1
18 33 1
18 34 1
18 35 1
18 36 1
18 44 1
18 46 1
18 48 1
18 49 1
18 50 1
18 60 1
18 61 1
18 62 1
18 63 1
18 64 1
18 98 1
18 99 1
18 100 1
18 101 1
18 102 1
18 103 1
18 105 1
18 107 1
18 108 1
18 109 1
18 110 1
18 134 1
18 135 1
18 136 1
18 137 1
18 138 1
18 139 1
18 149 1
18 151 1
18 152 1
18 153 1
18 154 1
18 155 1
18 156 1
18 157 1
18 159 1
18 160 1
18 161 1
18 162 1
19 21 1
19 29 1
19 30 1
19 31 1
19 33 1
19 34 1
19 35 1
19 37 1
19 44 1
19 46 1
19 47 1
19 48 1
19 49 1
19 50 1
19 60 1
19 61 1
19 62 1
19 63 1
19 64 1
19 65 1
19 97 1
19 99 1
19 100 1
19 101 1
19 102 1
19 103 1
19 104 1
19 105 1
19 107 1
19 110 1
19 134 1
19 135 1
19 136 1
19 138 1
19 150 1
19 151 1
19 152 1
19 154 1
19 155 1
19 156 1
19 157 1
19 158 1
19 159 1
19 160 1
19 161 1
19 162 1
20 31 1
20 32 1
20 34 1
20 35 1
20 44 1
20 45 1
20 47 1
20 48 1
20 49 1
20 50 1
20 51 1
20 60 1
20 61 1
20 63 1
20 65 1
20 97 1
20 98 1
20 99 1
20 100 1
20 101 1
20 102 1
20 103 1
20 104 1
20 108 1
20 109 1
20 110 1
20 134 1
20 136 1
20 137 1
20 138 1
20 139 1
20 149 1
20 150 1
20 151 1
20 152 1
20 155 1
20 156 1
20 157 1
20 158 1
20 159 1
20 160 1
20 161 1
20 162 1
21 29 1
21 30 1
21 34 1
21 35 1
21 37 1
21 44 1
21 45 1
21 46 1
21 47 1
21 48 1
21 49 1
21 50 1
21 61 1
21 62 1
21 64 1
21 65 1
21 97 1
21 98 1
21 99 1
21 100 1
21 102 1
21 103 1
21 104 1
21 105 1
21 108 1
21 109 1
21 110 1
21 134 1
21 135 1
21 136 1
21 139 1
21 150 1
21 151 1
21 153 1
21 154 1
21 156 1
21 158 1
21 159 1
21 160 1
21 161 1
21 162 1
22 24 1
22 25 1
22 26 1
22 27 1
22 28 1
22 39 1
22 40 1
22 41 1
22 42 1
22 43 1
22 52 1
22 54 1
22 56 1
22 57 1
22 59 1
22 89 1
22 91 1
22 93 1
22 94 1
22 129 1
22 131 1
22 132 1
22 141 1
22 142 1
22 144 1
22 145 1
22 146 1
22 147 1
23 24 1
23 25 1
23 38 1
23 39 1
23 40 1
23 41 1
23 55 1
23 56 1
23 57 1
23 58 1
23 59 1
23 89 1
23 90 1
23 91 1
23 92 1
23 93 1
23 95 1
23 96 1
23 129 1
23 130 1
23 131 1
23 132 1
23 133 1
23 140 1
23 143 1
23 144 1
23 145 1
23 147 1
24 25 1
24 38 1
24 39 1
24 40 1
24 42 1
24 53 1
24 54 1
24 55 1
24 56 1
24 57 1
24 58 1
24 89 1
24 90 1
24 91 1
24 92 1
24 94 1
24 95 1
24 96 1
24 129 1
24 130 1
24 131 1
24 132 1
24 140 1
24 142 1
24 143 1
24 144 1
24 145 1
24 146 1
25 26 1
25 40 1
25 41 1
25 42 1
25 52 1
25 54 1
25 55 1
25 57 1
25 59 1
25 89 1
25 90 1
25 91 1
25 92 1
25 94 1
25 95 1
25 96 1
25 129 1
25 131 1
25 133 1
25 140 1
25 141 1
25 142 1
25 143 1
25 145 1
25 146 1
25 147 1
26 38 1
26 39 1
26 40 1
26 53 1
26 54 1
26 56 1
26 57 1
26 59 1
26 90 1
26 91 1
26 93 1
26 94 1
26 95 1
26 96 1
26 129 1
26 130 1
26 132 1
26 140 1
26 141 1
26 143 1
26 144 1
26 145 1
26 147 1
27 38 1
27 39 1
27 40 1
27 42 1
27 43 1
27 52 1
27 54 1
27 55 1
27 56 1
27 57 1
27 58 1
27 59 1
27 89 1
27 90 1
27 91 1
27 92 1
27 93 1
27 129 1
27 132 1
27 133 1
27 140 1
27 142 1
27 144 1
27 145 1
27 146 1
27 147 1
28 38 1
28 39 1
28 40 1
28 41 1
28 42 1
28 43 1
28 53 1
28 55 1
28 57 1
28 59 1
28 89 1
28 91 1
28 93 1
28 94 1
28 96 1
28 129 1
28 133 1
28 140 1
28 141 1
28 144 1
28 145 1
28 146 1
28 147 1
29 32 1
29 35 1
29 36 1
29 37 1
29 74 1
29 75 1
29 76 1
29 77 1
29 78 1
29 79 1
29 80 1
29 81 1
29 84 1
29 85 1
29 87 1
29 89 1
29 90 1
29 92 1
29 94 1
29 95 1
29 96 1
29 97 1
29 98 1
29 99 1
29 100 1
29 101 1
29 102 1
29 103 1
29 104 1
29 106 1
29 107 1
29 108 1
29 109 1
29 129 1
29 130 1
29 131 1
29 133 1
29 134 1
29 135 1
29 136 1
29 138 1
29 139 1
30 34 1
30 35 1
30 73 1
30 75 1
30 76 1
30 77 1
30 78 1
30 79 1
30 80 1
30 81 1
30 82 1
30 84 1
30 85 1
30 87 1
30 88 1
30 89 1
30 90 1
30 92 1
30 93 1
30 94 1
30 95 1
30 97 1
30 99 1
30 100 1
30 102 1
30 103 1
30 104 1
30 105 1
30 106 1
30 107 1
30 108 1
30 109 1
30 131 1
30 133 1
30 135 1
30 136 1
30 137 1
30 138 1
30 139 1
31 73 1
31 74 1
31 75 1
31 76 1
31 77 1
31 79 1
31 81 1
31 82 1
31 84 1
31 85 1
31 86 1
31 87 1
31 88 1
31 89 1
31 90 1
31 91 1
31 92 1
31 93 1
31 94 1
31 95 1
31 96 1
31 97 1
31 98 1
31 101 1
31 103 1
31 104 1
31 105 1
31 106 1
31 107 1
31 108 1
31 109 1
31 131 1
31 132 1
31 133 1
31 134 1
31 135 1
31 136 1
31 137 1
31 138 1
31 139 1
32 37 1
32 73 1
32 74 1
32 75 1
32 78 1
32 80 1
32 81 1
32 82 1
32 83 1
32 85 1
32 86 1
32 87 1
32 88 1
32 89 1
32 90 1
32 91 1
32 92 1
32 94 1
32 95 1
32 97 1
32 98 1
32 101 1
32 102 1
32 103 1
32 104 1
32 105 1
32 106 1
32 107 1
32 109 1
32 110 1
32 129 1
32 130 1
32 132 1
32 133 1
32 134 1
32 136 1
32 137 1
32 138 1
32 139 1
33 73 1
33 74 1
33 75 1
33 76 1
33 77 1
33 79 1
33 82 1
33 83 1
33 84 1
33 85 1
33 86 1
33 87 1
33 88 1
33 90 1
33 92 1
33 93 1
33 95 1
33 96 1
33 98 1
33 100 1
33 101 1
33 104 1
33 105 1
33 106 1
33 107 1
33 109 1
33 129 1
33 130 1
33 131 1
33 132 1
33 133 1
33 135 1
33 136 1
33 137 1
33 138 1
33 139 1
34 74 1
34 75 1
34 76 1
34 77 1
34 78 1
34 79 1
34 80 1
34 81 1
34 82 1
34 83 1
34 84 1
34 85 1
34 86 1
34 88 1
34 91 1
34 93 1
34 95 1
34 96 1
34 98 1
34 99 1
34 101 1
34 102 1
34 103 1
34 105 1
34 106 1
34 109 1
34 110 1
34 130 1
34 133 1
34 134 1
34 135 1
34 137 1
34 138 1
34 139 1
35 73 1
35 74 1
35 75 1
35 76 1
35 78 1
35 79 1
35 80 1
35 81 1
35 83 1
35 84 1
35 85 1
35 86 1
35 89 1
35 90 1
35 91 1
35 92 1
35 93 1
35 95 1
35 96 1
35 98 1
35 100 1
35 101 1
35 102 1
35 103 1
35 105 1
35 106 1
35 107 1
35 108 1
35 110 1
35 129 1
35 130 1
35 132 1
35 134 1
35 135 1
35 136 1
35 138 1
35 139 1
36 73 1
36 74 1
36 75 1
36 76 1
36 78 1
36 79 1
36 81 1
36 82 1
36 83 1
36 84 1
36 85 1
36 86 1
36 87 1
36 88 1
36 89 1
36 92 1
36 93 1
36 94 1
36 95 1
36 96 1
36 97 1
36 102 1
36 103 1
36 104 1
36 106 1
36 109 1
36 129 1
36 130 1
36 131 1
36 132 1
36 133 1
36 134 1
36 136 1
36 137 1
36 138 1
36 139 1
37 73 1
37 74 1
37 75 1
37 76 1
37 77 1
37 79 1
37 80 1
37 82 1
37 83 1
37 84 1
37 87 1
37 88 1
37 89 1
37 91 1
37 92 1
37 93 1
37 95 1
37 96 1
37 97 1
37 98 1
37 100 1
37 101 1
37 102 1
37 103 1
37 104 1
37 105 1
37 106 1
37 108 1
37 109 1
37 110 1
37 129 1
37 130 1
37 131 1
37 133 1
37 134 1
37 135 1
37 136 1
37 137 1
37 138 1
37 139 1
38 39 1
38 42 1
38 74 1
38 75 1
38 76 1
38 77 1
38 78 1
38 79 1
38 80 1
38 81 1
38 82 1
38 83 1
38 84 1
38 85 1
38 86 1
38 87 1
38 103 1
38 104 1
38 105 1
38 107 1
38 108 1
38 109 1
38 120 1
38 122 1
38 123 1
38 126 1
38 127 1
38 128 1
38 168 1
38 169 1
38 170 1
38 171 1
38 172 1
38 173 1
38 174 1
39 40 1
39 41 1
39 42 1
39 43 1
39 73 1
39 75 1
39 76 1
39 78 1
39 79 1
39 80 1
39 81 1
39 83 1
39 84 1
39 85 1
39 87 1
39 88 1
39 103 1
39 105 1
39 107 1
39 109 1
39 120 1
39 122 1
39 123 1
39 127 1
39 128 1
39 169 1
39 171 1
39 172 1
40 41 1
40 42 1
40 43 1
40 73 1
40 74 1
40 76 1
40 78 1
40 79 1
40 83 1
40 86 1
40 87 1
40 88 1
40 103 1
40 104 1
40 106 1
40 109 1
40 110 1
40 120 1
40 121 1
40 122 1
40 123 1
40 124 1
40 125 1
40 126 1
40 127 1
40 128 1
40 168 1
40 169 1
40 170 1
40 172 1
40 174 1
41 42 1
41 73 1
41 74 1
41 75 1
41 76 1
41 77 1
41 78 1
41 79 1
41 80 1
41 81 1
41 82 1
41 84 1
41 85 1
41 86 1
41 87 1
41 88 1
41 103 1
41 104 1
41 105 1
41 106 1
41 107 1
41 109 1
41 110 1
41 120 1
41 122 1
41 124 1
41 125 1
41 126 1
41 127 1
41 168 1
41 169 1
41 171 1
41 172 1
41 173 1
41 174 1
42 73 1
42 75 1
42 76 1
42 77 1
42 78 1
42 80 1
42 81 1
42 82 1
42 83 1
42 84 1
42 86 1
42 103 1
42 104 1
42 105 1
42 107 1
42 108 1
42 109 1
42 120 1
42 121 1
42 122 1
42 123 1
42 124 1
42 125 1
42 126 1
42 127 1
42 168 1
42 169 1
42 170 1
42 171 1
42 173 1
42 174 1
43 73 1
43 74 1
43 75 1
43 76 1
43 77 1
43 78 1
43 79 1
43 81 1
43 83 1
43 84 1
43 85 1
43 86 1
43 87 1
43 88 1
43 104 1
43 105 1
43 106 1
43 108 1
43 109 1
43 110 1
43 120 1
43 121 1
43 122 1
43 123 1
43 124 1
43 126 1
43 127 1
43 168 1
43 169 1
43 170 1
43 171 1
43 172 1
43 173 1
43 174 1
44 45 1
44 46 1
44 47 1
44 49 1
44 51 1
44 89 1
44 91 1
44 92 1
44 93 1
44 96 1
44 97 1
44 99 1
44 100 1
44 102 1
44 111 1
44 112 1
44 113 1
44 114 1
44 115 1
44 117 1
44 118 1
44 119 1
44 134 1
44 135 1
44 136 1
44 138 1
44 139 1
44 168 1
44 169 1
44 170 1
44 173 1
45 46 1
45 49 1
45 50 1
45 51 1
45 89 1
45 90 1
45 91 1
45 93 1
45 94 1
45 95 1
45 96 1
45 97 1
45 98 1
45 99 1
45 101 1
45 102 1
45 111 1
45 112 1
45 113 1
45 114 1
45 115 1
45 116 1
45 117 1
45 118 1
45 134 1
45 135 1
45 136 1
45 137 1
45 139 1
45 168 1
45 169 1
45 170 1
45 171 1
45 173 1
45 174 1
46 47 1
46 49 1
46 51 1
46 89 1
46 91 1
46 92 1
46 93 1
46 95 1
46 96 1
46 97 1
46 99 1
46 100 1
46 101 1
46 102 1
46 111 1
46 112 1
46 113 1
46 115 1
46 116 1
46 117 1
46 118 1
46 134 1
46 135 1
46 136 1
46 137 1
46 139 1
46 169 1
46 170 1
46 172 1
46 174 1
47 48 1
47 49 1
47 50 1
47 89 1
47 90 1
47 91 1
47 92 1
47 95 1
47 96 1
47 97 1
47 98 1
47 99 1
47 100 1
47 101 1
47 111 1
47 112 1
47 114 1
47 116 1
47 119 1
47 134 1
47 135 1
47 136 1
47 137 1
47 138 1
47 139 1
47 168 1
47 169 1
47 170 1
47 171 1
47 172 1
47 173 1
47 174 1
48 50 1
48 51 1
48 90 1
48 91 1
48 92 1
48 94 1
48 95 1
48 96 1
48 97 1
48 98 1
48 99 1
48 100 1
48 101 1
48 111 1
48 112 1
48 115 1
48 116 1
48 117 1
48 118 1
48 134 1
48 135 1
48 136 1
48 137 1
48 138 1
48 139 1
48 168 1
48 169 1
48 172 1
48 173 1
48 174 1
49 50 1
49 51 1
49 90 1
49 92 1
49 94 1
49 95 1
49 96 1
49 97 1
49 98 1
49 99 1
49 100 1
49 101 1
49 111 1
49 112 1
49 113 1
49 114 1
49 116 1
49 117 1
49 118 1
49 119 1
49 136 1
49 137 1
49 138 1
49 168 1
49 169 1
49 171 1
49 172 1
49 173 1
50 51 1
50 89 1
50 90 1
50 92 1
50 93 1
50 94 1
50 95 1
50 96 1
50 97 1
50 98 1
50 99 1
50 100 1
50 101 1
50 102 1
50 111 1
50 112 1
50 115 1
50 117 1
50 118 1
50 119 1
50 134 1
50 135 1
50 136 1
50 137 1
50 138 1
50 139 1
50 168 1
50 170 1
50 171 1
50 172 1
50 173 1
50 174 1
51 89 1
51 91 1
51 92 1
51 93 1
51 94 1
51 95 1
51 96 1
51 98 1
51 99 1
51 100 1
51 101 1
51 102 1
51 111 1
51 112 1
51 114 1
51 115 1
51 116 1
51 118 1
51 119 1
51 134 1
51 135 1
51 136 1
51 137 1
51 138 1
51 139 1
51 168 1
51 169 1
51 170 1
51 171 1
51 172 1
51 173 1
51 174 1
52 53 1
52 54 1
52 55 1
52 56 1
52 57 1
52 59 1
52 68 1
52 70 1
52 71 1
52 72 1
52 73 1
52 76 1
52 77 1
52 79 1
52 89 1
52 91 1
52 93 1
52 94 1
52 95 1
52 105 1
52 106 1
52 107 1
52 108 1
52 109 1
52 120 1
52 121 1
52 122 1
52 124 1
52 125 1
52 127 1
52 128 1
52 134 1
52 135 1
52 136 1
52 137 1
52 138 1
52 140 1
52 141 1
52 142 1
52 143 1
52 144 1
52 145 1
52 146 1
52 148 1
52 149 1
52 152 1
52 153 1
52 154 1
52 175 1
52 176 1
52 178 1
52 179 1
52 180 1
53 54 1
53 55 1
53 56 1
53 57 1
53 58 1
53 59 1
53 66 1
53 68 1
53 69 1
53 70 1
53 71 1
53 73 1
53 74 1
53 76 1
53 77 1
53 78 1
53 89 1
53 90 1
53 91 1
53 93 1
53 94 1
53 96 1
53 103 1
53 104 1
53 106 1
53 108 1
53 109 1
53 110 1
53 120 1
53 121 1
53 122 1
53 123 1
53 124 1
53 125 1
53 126 1
53 128 1
53 134 1
53 135 1
53 137 1
53 138 1
53 139 1
53 140 1
53 142 1
53 143 1
53 144 1
53 145 1
53 146 1
53 149 1
53 150 1
53 151 1
53 152 1
53 153 1
53 154 1
53 175 1
53 177 1
53 179 1
53 180 1
53 182 1
54 55 1
54 56 1
54 58 1
54 67 1
54 68 1
54 69 1
54 70 1
54 71 1
54 72 1
54 73 1
54 74 1
54 75 1
54 77 1
54 78 1
54 79 1
54 89 1
54 90 1
54 92 1
54 93 1
54 95 1
54 96 1
54 103 1
54 104 1
54 105 1
54 106 1
54 107 1
54 108 1
54 109 1
54 110 1
54 120 1
54 121 1
54 123 1
54 124 1
54 125 1
54 126 1
54 127 1
54 134 1
54 136 1
54 138 1
54 139 1
54 141 1
54 145 1
54 146 1
54 147 1
54 148 1
54 150 1
54 151 1
54 152 1
54 153 1
54 154 1
54 175 1
54 176 1
54 177 1
54 178 1
54 180 1
54 181 1
54 182 1
55 56 1
55 57 1
55 59 1
55 66 1
55 70 1
55 71 1
55 72 1
55 74 1
55 77 1
55 78 1
55 79 1
55 90 1
55 91 1
55 92 1
55 93 1
55 95 1
55 96 1
55 103 1
55 104 1
55 105 1
55 106 1
55 108 1
55 110 1
55 121 1
55 123 1
55 126 1
55 128 1
55 136 1
55 137 1
55 138 1
55 139 1
55 140 1
55 141 1
55 143 1
55 144 1
55 145 1
55 149 1
55 150 1
55 152 1
55 153 1
55 154 1
55 175 1
55 177 1
55 178 1
55 180 1
55 181 1
55 182 1
56 57 1
56 59 1
56 66 1
56 67 1
56 69 1
56 72 1
56 73 1
56 74 1
56 75 1
56 76 1
56 77 1
56 78 1
56 79 1
56 89 1
56 91 1
56 94 1
56 95 1
56 96 1
56 104 1
56 106 1
56 107 1
56 109 1
56 110 1
56 121 1
56 123 1
56 124 1
56 125 1
56 126 1
56 127 1
56 128 1
56 134 1
56 135 1
56 136 1
56 137 1
56 138 1
56 140 1
56 141 1
56 142 1
56 143 1
56 144 1
56 145 1
56 146 1
56 147 1
56 148 1
56 150 1
56 151 1
56 153 1
56 154 1
56 175 1
56 176 1
56 177 1
56 178 1
56 179 1
56 180 1
56 181 1
56 182 1
57 58 1
57 59 1
57 66 1
57 67 1
57 69 1
57 70 1
57 72 1
57 73 1
57 74 1
57 76 1
57 77 1
57 78 1
57 79 1
57 91 1
57 93 1
57 94 1
57 95 1
57 103 1
57 105 1
57 106 1
57 107 1
57 108 1
57 109 1
57 121 1
57 122 1
57 123 1
57 124 1
57 125 1
57 126 1
57 128 1
57 134 1
57 135 1
57 136 1
57 137 1
57 138 1
57 139 1
57 140 1
57 141 1
57 142 1
57 143 1
57 144 1
57 145 1
57 146 1
57 148 1
57 149 1
57 151 1
57 152 1
57 154 1
57 176 1
57 177 1
57 179 1
57 180 1
57 181 1
58 66 1
58 67 1
58 68 1
58 69 1
58 71 1
58 72 1
58 74 1
58 75 1
58 76 1
58 77 1
58 90 1
58 92 1
58 93 1
58 94 1
58 96 1
58 103 1
58 104 1
58 106 1
58 107 1
58 108 1
58 110 1
58 120 1
58 121 1
58 122 1
58 123 1
58 124 1
58 126 1
58 127 1
58 134 1
58 136 1
58 137 1
58 138 1
58 140 1
58 141 1
58 142 1
58 143 1
58 144 1
58 145 1
58 147 1
58 148 1
58 150 1
58 151 1
58 154 1
58 176 1
58 180 1
58 181 1
58 182 1
59 67 1
59 69 1
59 70 1
59 71 1
59 72 1
59 73 1
59 74 1
59 75 1
59 77 1
59 79 1
59 90 1
59 93 1
59 94 1
59 95 1
59 96 1
59 103 1
59 104 1
59 106 1
59 108 1
59 109 1
59 110 1
59 120 1
59 121 1
59 123 1
59 125 1
59 134 1
59 137 1
59 138 1
59 140 1
59 141 1
59 142 1
59 143 1
59 144 1
59 145 1
59 146 1
59 147 1
59 148 1
59 149 1
59 150 1
59 151 1
59 153 1
59 176 1
59 177 1
59 180 1
59 181 1
59 182 1
60 61 1
60 62 1
60 64 1
60 120 1
60 121 1
60 124 1
60 125 1
60 127 1
60 163 1
60 164 1
60 165 1
60 166 1
61 64 1
61 121 1
61 123 1
61 124 1
61 126 1
61 127 1
61 128 1
61 163 1
61 164 1
61 165 1
61 166 1
61 167 1
62 63 1
62 64 1
62 65 1
62 120 1
62 121 1
62 122 1
62 123 1
62 126 1
62 127 1
62 128 1
62 163 1
62 164 1
62 166 1
62 167 1
63 64 1
63 120 1
63 121 1
63 122 1
63 123 1
63 125 1
63 126 1
63 127 1
63 128 1
63 165 1
63 166 1
63 167 1
64 65 1
64 120 1
64 121 1
64 122 1
64 123 1
64 124 1
64 126 1
64 127 1
64 128 1
64 164 1
64 165 1
64 166 1
65 120 1
65 123 1
65 125 1
65 126 1
65 127 1
65 128 1
65 164 1
65 165 1
65 166 1
65 167 1
66 67 1
66 68 1
66 69 1
66 70 1
66 71 1
66 72 1
66 73 1
66 74 1
66 75 1
66 76 1
66 77 1
66 79 1
66 80 1
66 82 1
66 84 1
66 85 1
66 88 1
66 99 1
66 102 1
66 111 1
66 114 1
66 115 1
66 116 1
66 117 1
66 118 1
66 119 1
66 120 1
66 122 1
66 124 1
66 126 1
66 127 1
66 128 1
66 130 1
66 131 1
66 132 1
66 133 1
66 140 1
66 141 1
66 142 1
66 143 1
66 144 1
66 148 1
66 151 1
66 152 1
66 153 1
66 154 1
66 168 1
66 169 1
66 170 1
66 173 1
66 174 1
67 70 1
67 71 1
67 72 1
67 74 1
67 76 1
67 77 1
67 78 1
67 79 1
67 80 1
67 81 1
67 82 1
67 83 1
67 86 1
67 88 1
67 99 1
67 100 1
67 101 1
67 102 1
67 111 1
67 115 1
67 117 1
67 118 1
67 120 1
67 121 1
67 123 1
67 126 1
67 127 1
67 128 1
67 129 1
67 130 1
67 132 1
67 140 1
67 141 1
67 143 1
67 144 1
67 145 1
67 146 1
67 148 1
67 149 1
67 151 1
67 152 1
67 153 1
67 154 1
67 168 1
67 170 1
67 171 1
67 172 1
67 174 1
68 69 1
68 70 1
68 74 1
68 75 1
68 76 1
68 77 1
68 78 1
68 80 1
68 83 1
68 84 1
68 85 1
68 87 1
68 88 1
68 97 1
68 98 1
68 101 1
68 102 1
68 112 1
68 113 1
68 115 1
68 116 1
68 117 1
68 118 1
68 119 1
68 120 1
68 121 1
68 123 1
68 125 1
68 127 1
68 128 1
68 129 1
68 130 1
68 131 1
68 132 1
68 133 1
68 141 1
68 142 1
68 143 1
68 144 1
68 145 1
68 146 1
68 147 1
68 148 1
68 149 1
68 152 1
68 153 1
68 169 1
68 170 1
68 171 1
68 172 1
68 173 1
68 174 1
69 70 1
69 71 1
69 72 1
69 73 1
69 74 1
69 75 1
69 77 1
69 78 1
69 79 1
69 81 1
69 82 1
69 83 1
69 85 1
69 86 1
69 87 1
69 97 1
69 98 1
69 100 1
69 101 1
69 102 1
69 111 1
69 114 1
69 115 1
69 116 1
69 117 1
69 118 1
69 119 1
69 120 1
69 122 1
69 123 1
69 124 1
69 126 1
69 127 1
69 128 1
69 129 1
69 130 1
69 131 1
69 132 1
69 133 1
69 142 1
69 144 1
69 146 1
69 147 1
69 148 1
69 149 1
69 153 1
69 154 1
69 168 1
69 169 1
69 170 1
69 171 1
69 172 1
69 173 1
69 174 1
70 71 1
70 74 1
70 75 1
70 76 1
70 77 1
70 79 1
70 80 1
70 81 1
70 84 1
70 85 1
70 86 1
70 87 1
70 98 1
70 100 1
70 101 1
70 102 1
70 111 1
70 113 1
70 114 1
70 115 1
70 116 1
70 117 1
70 118 1
70 119 1
70 122 1
70 123 1
70 124 1
70 125 1
70 126 1
70 127 1
70 130 1
70 131 1
70 132 1
70 133 1
70 141 1
70 142 1
70 143 1
70 144 1
70 145 1
70 147 1
70 149 1
70 150 1
70 151 1
70 153 1
70 154 1
70 168 1
70 169 1
70 170 1
70 171 1
70 172 1
70 173 1
70 174 1
71 72 1
71 73 1
71 75 1
71 78 1
71 80 1
71 82 1
71 83 1
71 84 1
71 85 1
71 86 1
71 87 1
71 88 1
71 97 1
71 98 1
71 99 1
71 100 1
71 101 1
71 102 1
71 112 1
71 113 1
71 115 1
71 116 1
71 117 1
71 119 1
71 121 1
71 122 1
71 123 1
71 124 1
71 125 1
71 126 1
71 127 1
71 129 1
71 130 1
71 131 1
71 132 1
71 133 1
71 142 1
71 143 1
71 144 1
71 145 1
71 146 1
71 147 1
71 148 1
71 150 1
71 151 1
71 154 1
71 168 1
71 170 1
71 171 1
71 174 1
72 73 1
72 74 1
72 75 1
72 76 1
72 77 1
72 78 1
72 80 1
72 83 1
72 84 1
72 85 1
72 86 1
72 87 1
72 88 1
72 97 1
72 98 1
72 100 1
72 101 1
72 111 1
72 112 1
72 113 1
72 114 1
72 116 1
72 119 1
72 121 1
72 122 1
72 125 1
72 127 1
72 130 1
72 131 1
72 132 1
72 141 1
72 143 1
72 144 1
72 146 1
72 147 1
72 148 1
72 150 1
72 151 1
72 152 1
72 153 1
72 154 1
72 168 1
72 169 1
72 170 1
72 171 1
72 172 1
72 173 1
72 174 1
73 77 1
73 78 1
73 79 1
73 75 1
73 155 1
73 156 1
73 158 1
73 159 1
73 160 1
73 161 1
73 162 1
73 176 1
73 177 1
73 178 1
73 179 1
73 180 1
73 181 1
73 182 1
74 76 1
74 77 1
74 78 1
74 79 1
74 75 1
74 155 1
74 156 1
74 157 1
74 158 1
74 159 1
74 160 1
74 161 1
74 162 1
74 175 1
74 176 1
74 177 1
74 178 1
74 179 1
74 181 1
74 182 1
75 76 1
75 77 1
75 78 1
75 155 1
75 157 1
75 158 1
75 159 1
75 160 1
75 161 1
75 162 1
75 175 1
75 177 1
75 178 1
75 181 1
75 182 1
76 155 1
76 156 1
76 157 1
76 158 1
76 159 1
76 161 1
76 162 1
76 175 1
76 176 1
76 177 1
76 178 1
76 180 1
76 181 1
76 182 1
77 155 1
77 156 1
77 162 1
77 175 1
77 177 1
77 179 1
77 181 1
78 155 1
78 156 1
78 157 1
78 158 1
78 159 1
78 160 1
78 161 1
78 162 1
78 175 1
78 177 1
78 179 1
78 180 1
78 181 1
78 182 1
79 156 1
79 157 1
79 158 1
79 159 1
79 160 1
79 161 1
79 162 1
79 176 1
79 177 1
79 178 1
79 179 1
79 180 1
79 181 1
79 182 1
80 84 1
80 85 1
80 86 1
80 87 1
80 88 1
80 83 1
80 97 1
80 100 1
80 112 1
80 113 1
80 114 1
80 115 1
80 117 1
80 118 1
80 129 1
80 130 1
80 131 1
80 132 1
80 133 1
80 135 1
80 137 1
80 139 1
80 155 1
80 156 1
80 158 1
80 160 1
80 162 1
80 175 1
80 176 1
80 177 1
80 178 1
80 179 1
80 180 1
80 181 1
80 182 1
81 84 1
81 85 1
81 86 1
81 87 1
81 88 1
81 97 1
81 98 1
81 99 1
81 100 1
81 101 1
81 102 1
81 111 1
81 113 1
81 114 1
81 115 1
81 116 1
81 117 1
81 118 1
81 119 1
81 129 1
81 130 1
81 131 1
81 133 1
81 136 1
81 137 1
81 138 1
81 139 1
81 155 1
81 157 1
81 158 1
81 159 1
81 161 1
81 162 1
81 175 1
81 176 1
81 179 1
81 180 1
81 181 1
81 182 1
82 84 1
82 86 1
82 88 1
82 97 1
82 98 1
82 100 1
82 101 1
82 102 1
82 111 1
82 113 1
82 116 1
82 118 1
82 119 1
82 129 1
82 130 1
82 134 1
82 135 1
82 136 1
82 137 1
82 138 1
82 156 1
82 157 1
82 158 1
82 159 1
82 175 1
82 176 1
82 178 1
82 179 1
82 181 1
82 182 1
83 84 1
83 85 1
83 86 1
83 87 1
83 88 1
83 98 1
83 99 1
83 112 1
83 113 1
83 114 1
83 115 1
83 116 1
83 118 1
83 129 1
83 130 1
83 131 1
83 134 1
83 135 1
83 137 1
83 138 1
83 139 1
83 155 1
83 156 1
83 158 1
83 159 1
83 160 1
83 161 1
83 162 1
83 175 1
83 176 1
83 177 1
83 178 1
83 179 1
83 180 1
83 181 1
83 182 1
84 85 1
84 98 1
84 99 1
84 100 1
84 102 1
84 111 1
84 112 1
84 114 1
84 117 1
84 118 1
84 131 1
84 132 1
84 133 1
84 134 1
84 135 1
84 138 1
84 139 1
84 155 1
84 156 1
84 157 1
84 158 1
84 159 1
84 160 1
84 175 1
84 176 1
84 177 1
84 178 1
84 181 1
84 182 1
85 86 1
85 88 1
85 99 1
85 100 1
85 101 1
85 102 1
85 111 1
85 112 1
85 113 1
85 114 1
85 115 1
85 117 1
85 118 1
85 119 1
85 131 1
85 132 1
85 133 1
85 134 1
85 135 1
85 136 1
85 137 1
85 138 1
85 155 1
85 156 1
85 157 1
85 158 1
85 159 1
85 160 1
85 161 1
85 162 1
85 175 1
85 176 1
85 178 1
85 179 1
85 180 1
85 181 1
85 182 1
86 97 1
86 98 1
86 99 1
86 100 1
86 101 1
86 102 1
86 112 1
86 113 1
86 114 1
86 115 1
86 116 1
86 117 1
86 118 1
86 119 1
86 129 1
86 130 1
86 132 1
86 133 1
86 135 1
86 136 1
86 137 1
86 138 1
86 139 1
86 155 1
86 157 1
86 158 1
86 159 1
86 160 1
86 161 1
86 162 1
86 175 1
86 176 1
86 177 1
86 179 1
86 180 1
86 181 1
86 182 1
87 97 1
87 98 1
87 99 1
87 100 1
87 102 1
87 111 1
87 112 1
87 114 1
87 115 1
87 116 1
87 117 1
87 118 1
87 129 1
87 130 1
87 131 1
87 133 1
87 136 1
87 137 1
87 139 1
87 156 1
87 159 1
87 160 1
87 161 1
87 162 1
87 175 1
87 176 1
87 177 1
87 179 1
87 180 1
87 181 1
88 97 1
88 98 1
88 99 1
88 102 1
88 111 1
88 112 1
88 113 1
88 114 1
88 116 1
88 117 1
88 118 1
88 119 1
88 129 1
88 131 1
88 133 1
88 134 1
88 135 1
88 136 1
88 137 1
88 139 1
88 155 1
88 156 1
88 157 1
88 159 1
88 160 1
88 162 1
88 176 1
88 177 1
88 179 1
88 181 1
88 182 1
89 93 1
89 96 1
89 91 1
89 103 1
89 104 1
89 105 1
89 107 1
89 108 1
89 109 1
89 110 1
89 112 1
89 113 1
89 116 1
89 117 1
89 118 1
89 119 1
89 140 1
89 141 1
89 143 1
89 144 1
89 145 1
89 146 1
89 147 1
89 148 1
89 149 1
89 151 1
89 152 1
89 154 1
89 155 1
89 156 1
89 157 1
89 159 1
89 160 1
89 161 1
89 162 1
89 163 1
89 165 1
89 167 1
89 168 1
89 169 1
89 170 1
89 172 1
89 173 1
89 174 1
90 93 1
90 95 1
90 103 1
90 104 1
90 105 1
90 106 1
90 107 1
90 108 1
90 109 1
90 110 1
90 111 1
90 112 1
90 114 1
90 115 1
90 119 1
90 141 1
90 142 1
90 144 1
90 145 1
90 146 1
90 147 1
90 148 1
90 150 1
90 153 1
90 155 1
90 156 1
90 157 1
90 158 1
90 160 1
90 161 1
90 162 1
90 163 1
90 165 1
90 167 1
90 168 1
90 169 1
90 170 1
90 171 1
90 173 1
90 174 1
91 93 1
91 94 1
91 95 1
91 96 1
91 104 1
91 105 1
91 106 1
91 107 1
91 108 1
91 110 1
91 111 1
91 114 1
91 115 1
91 116 1
91 117 1
91 119 1
91 140 1
91 142 1
91 143 1
91 146 1
91 147 1
91 148 1
91 149 1
91 150 1
91 151 1
91 152 1
91 153 1
91 154 1
91 155 1
91 159 1
91 161 1
91 162 1
91 163 1
91 165 1
91 166 1
91 167 1
91 168 1
91 169 1
91 172 1
91 173 1
91 174 1
92 94 1
92 95 1
92 96 1
92 103 1
92 104 1
92 105 1
92 106 1
92 107 1
92 109 1
92 111 1
92 112 1
92 113 1
92 116 1
92 117 1
92 119 1
92 140 1
92 141 1
92 143 1
92 144 1
92 145 1
92 146 1
92 147 1
92 148 1
92 149 1
92 150 1
92 151 1
92 153 1
92 154 1
92 155 1
92 158 1
92 159 1
92 160 1
92 161 1
92 162 1
92 163 1
92 164 1
92 166 1
92 167 1
92 169 1
92 172 1
93 95 1
93 96 1
93 103 1
93 105 1
93 106 1
93 108 1
93 109 1
93 110 1
93 111 1
93 112 1
93 113 1
93 114 1
93 115 1
93 116 1
93 118 1
93 119 1
93 140 1
93 141 1
93 142 1
93 143 1
93 144 1
93 145 1
93 146 1
93 147 1
93 148 1
93 149 1
93 150 1
93 151 1
93 152 1
93 153 1
93 155 1
93 156 1
93 157 1
93 159 1
93 160 1
93 161 1
93 162 1
93 163 1
93 164 1
93 165 1
93 166 1
93 167 1
93 169 1
93 172 1
93 173 1
93 174 1
94 95 1
94 103 1
94 105 1
94 106 1
94 107 1
94 108 1
94 109 1
94 110 1
94 111 1
94 113 1
94 114 1
94 116 1
94 117 1
94 118 1
94 119 1
94 141 1
94 143 1
94 144 1
94 146 1
94 147 1
94 150 1
94 151 1
94 152 1
94 153 1
94 154 1
94 157 1
94 159 1
94 161 1
94 162 1
94 163 1
94 164 1
94 166 1
94 168 1
94 169 1
94 170 1
94 171 1
94 172 1
94 173 1
94 174 1
95 96 1
95 103 1
95 104 1
95 105 1
95 106 1
95 107 1
95 108 1
95 109 1
95 110 1
95 112 1
95 113 1
95 114 1
95 116 1
95 117 1
95 118 1
95 119 1
95 140 1
95 141 1
95 142 1
95 143 1
95 144 1
95 146 1
95 148 1
95 149 1
95 150 1
95 151 1
95 153 1
95 154 1
95 155 1
95 156 1
95 158 1
95 159 1
95 160 1
95 161 1
95 162 1
95 163 1
95 165 1
95 166 1
95 169 1
95 170 1
95 173 1
95 174 1
96 103 1
96 104 1
96 105 1
96 107 1
96 108 1
96 110 1
96 111 1
96 112 1
96 113 1
96 114 1
96 115 1
96 116 1
96 118 1
96 119 1
96 140 1
96 141 1
96 142 1
96 143 1
96 145 1
96 146 1
96 148 1
96 149 1
96 151 1
96 152 1
96 153 1
96 154 1
96 155 1
96 156 1
96 157 1
96 158 1
96 159 1
96 162 1
96 163 1
96 164 1
96 165 1
96 167 1
96 168 1
96 169 1
96 170 1
96 171 1
96 172 1
96 173 1
96 174 1
97 100 1
97 101 1
97 98 1
97 99 1
97 103 1
97 105 1
97 106 1
97 107 1
97 108 1
97 109 1
97 110 1
97 129 1
97 132 1
97 133 1
97 134 1
97 135 1
97 137 1
97 138 1
97 139 1
97 140 1
97 141 1
97 142 1
97 143 1
97 145 1
97 146 1
97 147 1
97 155 1
97 156 1
97 158 1
97 159 1
97 160 1
97 161 1
97 162 1
97 168 1
97 170 1
97 171 1
97 173 1
97 174 1
97 175 1
97 176 1
97 177 1
97 178 1
97 180 1
97 181 1
97 182 1
98 100 1
98 101 1
98 102 1
98 99 1
98 104 1
98 105 1
98 106 1
98 107 1
98 108 1
98 109 1
98 110 1
98 129 1
98 130 1
98 131 1
98 132 1
98 133 1
98 134 1
98 135 1
98 136 1
98 137 1
98 138 1
98 141 1
98 142 1
98 144 1
98 145 1
98 146 1
98 155 1
98 156 1
98 157 1
98 158 1
98 159 1
98 160 1
98 162 1
98 168 1
98 169 1
98 173 1
98 175 1
98 176 1
98 177 1
98 178 1
98 179 1
98 181 1
98 182 1
99 100 1
99 101 1
99 102 1
99 103 1
99 104 1
99 106 1
99 107 1
99 108 1
99 110 1
99 129 1
99 130 1
99 131 1
99 133 1
99 134 1
99 136 1
99 137 1
99 140 1
99 141 1
99 144 1
99 145 1
99 146 1
99 147 1
99 155 1
99 156 1
99 157 1
99 159 1
99 160 1
99 161 1
99 162 1
99 168 1
99 169 1
99 171 1
99 172 1
99 174 1
99 175 1
99 177 1
99 178 1
99 179 1
99 180 1
99 181 1
100 103 1
100 105 1
100 107 1
100 108 1
100 109 1
100 110 1
100 129 1
100 132 1
100 133 1
100 134 1
100 135 1
100 136 1
100 137 1
100 139 1
100 140 1
100 141 1
100 142 1
100 144 1
100 145 1
100 146 1
100 155 1
100 157 1
100 158 1
100 159 1
100 160 1
100 161 1
100 162 1
100 169 1
100 170 1
100 171 1
100 172 1
100 173 1
100 174 1
100 175 1
100 176 1
100 177 1
100 178 1
100 179 1
100 180 1
100 181 1
100 182 1
101 102 1
101 103 1
101 104 1
101 106 1
101 107 1
101 108 1
101 109 1
101 110 1
101 129 1
101 131 1
101 132 1
101 133 1
101 134 1
101 140 1
101 141 1
101 142 1
101 143 1
101 144 1
101 146 1
101 147 1
101 155 1
101 156 1
101 157 1
101 159 1
101 160 1
101 161 1
101 162 1
101 169 1
101 170 1
101 171 1
101 172 1
101 173 1
101 174 1
101 175 1
101 176 1
101 177 1
101 178 1
101 179 1
101 180 1
101 181 1
102 105 1
102 109 1
102 110 1
102 129 1
102 130 1
102 131 1
102 132 1
102 133 1
102 134 1
102 135 1
102 136 1
102 137 1
102 139 1
102 140 1
102 141 1
102 142 1
102 143 1
102 144 1
102 145 1
102 146 1
102 147 1
102 155 1
102 157 1
102 159 1
102 160 1
102 161 1
102 162 1
102 168 1
102 169 1
102 170 1
102 171 1
102 172 1
102 173 1
102 174 1
102 175 1
102 176 1
102 178 1
102 182 1
103 107 1
103 109 1
103 134 1
103 135 1
103 136 1
103 137 1
103 138 1
103 164 1
103 165 1
103 167 1
103 169 1
103 170 1
103 171 1
103 173 1
103 174 1
104 108 1
104 110 1
104 134 1
104 135 1
104 136 1
104 137 1
104 138 1
104 163 1
104 167 1
104 168 1
104 169 1
104 170 1
104 172 1
104 174 1
105 107 1
105 108 1
105 109 1
105 110 1
105 106 1
105 134 1
105 136 1
105 137 1
105 138 1
105 139 1
105 163 1
105 164 1
105 166 1
105 167 1
105 168 1
105 169 1
105 170 1
105 171 1
105 172 1
105 173 1
105 174 1
106 107 1
106 108 1
106 109 1
106 134 1
106 135 1
106 138 1
106 163 1
106 164 1
106 166 1
106 167 1
106 168 1
106 170 1
106 171 1
106 172 1
106 173 1
106 174 1
107 109 1
107 135 1
107 136 1
107 137 1
107 138 1
107 139 1
107 164 1
107 165 1
107 166 1
107 167 1
107 169 1
107 170 1
107 172 1
107 173 1
107 174 1
108 135 1
108 136 1
108 138 1
108 139 1
108 163 1
108 165 1
108 168 1
108 169 1
108 170 1
108 171 1
108 172 1
108 173 1
109 110 1
109 134 1
109 135 1
109 136 1
109 137 1
109 139 1
109 163 1
109 164 1
109 165 1
109 166 1
109 167 1
109 168 1
109 169 1
109 170 1
109 171 1
109 172 1
109 174 1
110 134 1
110 135 1
110 136 1
110 137 1
110 139 1
110 163 1
110 164 1
110 165 1
110 167 1
110 170 1
110 171 1
110 172 1
110 173 1
111 112 1
111 113 1
111 117 1
111 134 1
111 135 1
111 138 1
111 139 1
111 140 1
111 141 1
111 142 1
111 143 1
111 146 1
111 155 1
111 156 1
111 157 1
111 158 1
111 159 1
111 160 1
111 161 1
111 168 1
111 169 1
111 170 1
111 172 1
111 173 1
111 176 1
111 177 1
111 178 1
111 179 1
111 180 1
111 181 1
112 113 1
112 119 1
112 134 1
112 135 1
112 136 1
112 137 1
112 138 1
112 139 1
112 140 1
112 141 1
112 142 1
112 143 1
112 144 1
112 145 1
112 147 1
112 155 1
112 156 1
112 157 1
112 158 1
112 159 1
112 160 1
112 168 1
112 171 1
112 172 1
112 174 1
112 176 1
112 177 1
112 178 1
112 179 1
112 180 1
112 181 1
113 115 1
113 134 1
113 135 1
113 136 1
113 138 1
113 139 1
113 140 1
113 141 1
113 142 1
113 143 1
113 144 1
113 145 1
113 147 1
113 155 1
113 158 1
113 160 1
113 161 1
113 168 1
113 169 1
113 172 1
113 174 1
113 175 1
113 176 1
113 177 1
113 178 1
113 179 1
113 180 1
113 181 1
113 182 1
114 115 1
114 134 1
114 136 1
114 138 1
114 139 1
114 140 1
114 141 1
114 142 1
114 143 1
114 144 1
114 145 1
114 155 1
114 156 1
114 157 1
114 158 1
114 160 1
114 161 1
114 162 1
114 168 1
114 169 1
114 170 1
114 171 1
114 172 1
114 173 1
114 176 1
114 177 1
114 178 1
114 179 1
114 180 1
114 181 1
114 182 1
115 117 1
115 134 1
115 135 1
115 138 1
115 141 1
115 142 1
115 143 1
115 144 1
115 145 1
115 146 1
115 147 1
115 155 1
115 156 1
115 158 1
115 159 1
115 160 1
115 161 1
115 162 1
115 168 1
115 171 1
115 173 1
115 174 1
115 175 1
115 177 1
115 178 1
115 180 1
115 181 1
116 117 1
116 119 1
116 134 1
116 135 1
116 136 1
116 137 1
116 140 1
116 142 1
116 143 1
116 144 1
116 146 1
116 147 1
116 156 1
116 158 1
116 159 1
116 160 1
116 161 1
116 168 1
116 170 1
116 171 1
116 173 1
116 174 1
116 175 1
116 176 1
116 177 1
116 178 1
116 181 1
116 182 1
117 118 1
117 134 1
117 135 1
117 136 1
117 137 1
117 138 1
117 139 1
117 140 1
117 142 1
117 143 1
117 144 1
117 145 1
117 146 1
117 156 1
117 158 1
117 159 1
117 162 1
117 168 1
117 169 1
117 170 1
117 172 1
117 174 1
117 175 1
117 176 1
117 178 1
117 179 1
117 180 1
117 182 1
118 119 1
118 134 1
118 135 1
118 136 1
118 137 1
118 138 1
118 139 1
118 141 1
118 143 1
118 144 1
118 145 1
118 146 1
118 147 1
118 155 1
118 156 1
118 157 1
118 158 1
118 161 1
118 162 1
118 168 1
118 169 1
118 170 1
118 172 1
118 173 1
118 175 1
118 176 1
118 178 1
118 179 1
118 180 1
118 181 1
118 182 1
119 136 1
119 137 1
119 139 1
119 140 1
119 141 1
119 142 1
119 144 1
119 145 1
119 147 1
119 155 1
119 156 1
119 157 1
119 160 1
119 161 1
119 162 1
119 168 1
119 169 1
119 171 1
119 172 1
119 173 1
119 174 1
119 176 1
119 177 1
119 178 1
119 179 1
119 180 1
119 181 1
119 182 1
120 121 1
120 123 1
120 127 1
120 129 1
120 131 1
120 132 1
120 133 1
120 168 1
120 171 1
120 173 1
120 174 1
121 125 1
121 127 1
121 129 1
121 130 1
121 131 1
121 132 1
121 168 1
121 171 1
121 173 1
121 174 1
122 123 1
122 129 1
122 130 1
122 132 1
122 133 1
122 168 1
122 169 1
122 172 1
122 173 1
122 174 1
123 124 1
123 126 1
123 129 1
123 132 1
123 133 1
123 168 1
123 172 1
123 173 1
124 125 1
124 126 1
124 129 1
124 131 1
124 132 1
124 168 1
124 169 1
124 172 1
124 173 1
125 129 1
125 130 1
125 131 1
125 133 1
125 169 1
125 171 1
125 172 1
125 173 1
126 129 1
126 130 1
126 132 1
126 133 1
126 169 1
126 170 1
126 172 1
126 173 1
126 174 1
127 128 1
127 129 1
127 131 1
127 133 1
127 168 1
127 171 1
127 172 1
127 173 1
127 174 1
128 130 1
128 131 1
128 132 1
128 133 1
128 168 1
128 169 1
128 170 1
128 171 1
128 172 1
129 130 1
129 136 1
129 138 1
129 139 1
129 140 1
129 142 1
129 143 1
129 144 1
129 145 1
129 146 1
129 147 1
129 148 1
129 149 1
129 150 1
129 152 1
129 153 1
129 154 1
129 168 1
129 169 1
129 170 1
129 171 1
129 172 1
130 131 1
130 133 1
130 135 1
130 136 1
130 137 1
130 139 1
130 141 1
130 142 1
130 143 1
130 144 1
130 145 1
130 147 1
130 149 1
130 151 1
130 153 1
130 168 1
130 169 1
130 170 1
130 171 1
130 173 1
131 135 1
131 136 1
131 138 1
131 139 1
131 140 1
131 141 1
131 142 1
131 143 1
131 144 1
131 145 1
131 147 1
131 151 1
131 152 1
131 168 1
131 169 1
131 170 1
131 171 1
131 173 1
131 174 1
132 133 1
132 134 1
132 135 1
132 136 1
132 137 1
132 138 1
132 139 1
132 141 1
132 142 1
132 145 1
132 147 1
132 149 1
132 151 1
132 153 1
132 168 1
132 169 1
132 171 1
132 173 1
132 174 1
133 134 1
133 139 1
133 140 1
133 142 1
133 143 1
133 144 1
133 146 1
133 147 1
133 148 1
133 150 1
133 151 1
133 153 1
133 169 1
133 170 1
133 171 1
133 173 1
133 174 1
134 135 1
134 139 1
134 140 1
134 147 1
134 148 1
134 150 1
134 151 1
134 152 1
134 154 1
134 163 1
134 164 1
134 165 1
134 166 1
135 136 1
135 137 1
135 138 1
135 139 1
135 141 1
135 142 1
135 144 1
135 145 1
135 146 1
135 147 1
135 148 1
135 149 1
135 152 1
135 154 1
135 163 1
135 164 1
135 165 1
135 167 1
136 137 1
136 142 1
136 143 1
136 146 1
136 151 1
136 152 1
136 153 1
136 154 1
136 163 1
136 164 1
136 165 1
136 166 1
136 167 1
137 138 1
137 140 1
137 141 1
137 142 1
137 143 1
137 144 1
137 145 1
137 147 1
137 149 1
137 150 1
137 151 1
137 152 1
137 153 1
137 154 1
137 163 1
137 164 1
137 165 1
137 166 1
137 167 1
138 139 1
138 141 1
138 142 1
138 143 1
138 145 1
138 146 1
138 147 1
138 148 1
138 149 1
138 150 1
138 151 1
138 152 1
138 153 1
138 163 1
138 164 1
138 165 1
138 166 1
139 140 1
139 143 1
139 144 1
139 145 1
139 146 1
139 149 1
139 151 1
139 152 1
139 153 1
139 163 1
139 164 1
139 165 1
139 167 1
140 141 1
140 145 1
140 147 1
140 155 1
140 157 1
140 160 1
140 161 1
140 162 1
140 165 1
140 166 1
140 167 1
140 177 1
140 178 1
140 179 1
140 182 1
141 142 1
141 143 1
141 155 1
141 156 1
141 158 1
141 159 1
141 160 1
141 163 1
141 164 1
141 165 1
141 166 1
141 167 1
141 178 1
141 180 1
141 181 1
142 143 1
142 144 1
142 146 1
142 147 1
142 155 1
142 158 1
142 159 1
142 160 1
142 161 1
142 162 1
142 163 1
142 165 1
142 166 1
142 167 1
142 175 1
142 176 1
142 177 1
142 178 1
142 179 1
142 180 1
142 181 1
142 182 1
143 144 1
143 155 1
143 156 1
143 157 1
143 158 1
143 161 1
143 162 1
143 163 1
143 164 1
143 165 1
143 166 1
143 167 1
143 175 1
143 177 1
143 178 1
143 179 1
143 180 1
143 181 1
143 182 1
144 145 1
144 156 1
144 157 1
144 159 1
144 160 1
144 161 1
144 162 1
144 164 1
144 165 1
144 166 1
144 167 1
144 175 1
144 176 1
144 177 1
144 178 1
144 179 1
144 180 1
144 181 1
144 182 1
145 146 1
145 155 1
145 156 1
145 157 1
145 159 1
145 161 1
145 162 1
145 163 1
145 165 1
145 166 1
145 167 1
145 175 1
145 176 1
145 178 1
145 180 1
146 156 1
146 157 1
146 158 1
146 159 1
146 161 1
146 162 1
146 163 1
146 175 1
146 176 1
146 177 1
146 180 1
146 181 1
146 182 1
147 155 1
147 156 1
147 157 1
147 158 1
147 159 1
147 160 1
147 161 1
147 162 1
147 167 1
147 175 1
147 176 1
147 177 1
147 178 1
147 179 1
147 180 1
147 181 1
147 182 1
150 153 1
150 154 1
151 153 1
153 154 1
155 156 1
155 160 1
155 168 1
155 170 1
155 171 1
155 172 1
155 173 1
155 174 1
155 175 1
155 176 1
155 177 1
155 178 1
155 179 1
155 180 1
155 181 1
155 182 1
156 158 1
156 160 1
156 168 1
156 170 1
156 171 1
156 172 1
156 173 1
156 174 1
156 178 1
156 179 1
156 180 1
156 181 1
156 182 1
157 161 1
157 169 1
157 170 1
157 171 1
157 173 1
157 176 1
157 178 1
157 181 1
157 182 1
158 160 1
158 168 1
158 169 1
158 170 1
158 171 1
158 173 1
158 174 1
158 175 1
158 176 1
158 179 1
158 180 1
158 182 1
159 168 1
159 169 1
159 171 1
159 172 1
159 173 1
159 174 1
159 175 1
159 176 1
159 177 1
159 179 1
159 180 1
159 181 1
159 182 1
160 161 1
160 168 1
160 169 1
160 170 1
160 172 1
160 174 1
160 175 1
160 176 1
160 181 1
161 169 1
161 170 1
161 171 1
161 172 1
161 174 1
161 175 1
161 176 1
161 178 1
161 179 1
161 180 1
161 181 1
161 182 1
162 168 1
162 169 1
162 170 1
162 172 1
162 173 1
162 174 1
162 176 1
162 177 1
162 178 1
163 164 1
163 175 1
163 177 1
163 178 1
163 179 1
163 180 1
163 181 1
164 175 1
164 176 1
164 177 1
164 178 1
164 179 1
164 181 1
164 182 1
165 176 1
165 177 1
165 178 1
165 179 1
165 180 1
165 182 1
166 177 1
166 178 1
166 179 1
166 180 1
167 175 1
167 176 1
167 177 1
167 178 1
167 179 1
167 181 1
167 182 1
168 175 1
168 178 1
168 182 1
169 175 1
169 176 1
169 177 1
169 178 1
169 179 1
169 180 1
169 181 1
170 174 1
170 175 1
170 176 1
170 178 1
170 179 1
170 181 1
170 182 1
171 176 1
171 177 1
171 178 1
171 179 1
171 180 1
171 181 1
171 182 1
172 175 1
172 176 1
172 178 1
172 179 1
172 180 1
172 181 1
173 175 1
173 176 1
173 178 1
173 179 1
173 180 1
173 181 1
174 175 1
174 176 1
174 177 1
174 178 1
174 179 1
174 180 1
176 178 1
176 180 1
177 180 1
178 181 1
179 181 1
