1 2 1
1 5 1
1 62 1
1 63 1
1 64 1
1 65 1
1 66 1
1 67 1
1 68 1
1 176 1
1 177 1
1 179 1
1 180 1
1 182 1
2 3 1
2 65 1
2 66 1
2 69 1
2 176 1
2 178 1
2 179 1
2 180 1
2 181 1
2 182 1
3 4 1
3 5 1
3 62 1
3 63 1
3 65 1
3 67 1
3 69 1
3 176 1
3 177 1
3 178 1
3 181 1
3 182 1
4 62 1
4 64 1
4 65 1
4 66 1
4 67 1
4 69 1
4 176 1
4 177 1
4 179 1
4 180 1
4 181 1
4 182 1
5 62 1
5 63 1
5 64 1
5 67 1
5 68 1
5 69 1
5 176 1
5 177 1
5 178 1
5 179 1
5 180 1
5 181 1
5 182 1
6 9 1
6 10 1
6 11 1
6 12 1
6 13 1
6 22 1
6 23 1
6 25 1
6 27 1
6 35 1
6 36 1
6 37 1
6 39 1
6 40 1
6 41 1
6 42 1
6 44 1
6 46 1
6 47 1
6 48 1
6 50 1
6 51 1
6 70 1
6 71 1
6 72 1
6 73 1
6 76 1
6 77 1
6 78 1
6 79 1
6 80 1
6 81 1
6 82 1
6 83 1
6 95 1
6 96 1
6 97 1
6 119 1
6 120 1
6 121 1
6 130 1
6 131 1
6 132 1
6 133 1
6 134 1
6 135 1
6 136 1
6 138 1
6 139 1
6 140 1
6 142 1
6 143 1
6 144 1
6 145 1
7 8 1
7 20 1
7 21 1
7 22 1
7 25 1
7 26 1
7 27 1
7 35 1
7 38 1
7 39 1
7 40 1
7 43 1
7 44 1
7 45 1
7 46 1
7 47 1
7 48 1
7 49 1
7 50 1
7 52 1
7 70 1
7 73 1
7 74 1
7 75 1
7 76 1
7 77 1
7 78 1
7 79 1
7 81 1
7 82 1
7 83 1
7 84 1
7 95 1
7 96 1
7 97 1
7 98 1
7 117 1
7 118 1
7 119 1
7 120 1
7 121 1
7 130 1
7 131 1
7 135 1
7 136 1
7 137 1
7 139 1
7 140 1
7 141 1
7 142 1
7 143 1
7 144 1
7 145 1
8 21 1
8 22 1
8 23 1
8 26 1
8 27 1
8 28 1
8 35 1
8 36 1
8 37 1
8 41 1
8 45 1
8 47 1
8 48 1
8 49 1
8 50 1
8 51 1
8 70 1
8 71 1
8 72 1
8 73 1
8 74 1
8 75 1
8 76 1
8 78 1
8 79 1
8 81 1
8 82 1
8 96 1
8 98 1
8 117 1
8 118 1
8 119 1
8 120 1
8 130 1
8 131 1
8 132 1
8 133 1
8 135 1
8 136 1
8 137 1
8 139 1
8 140 1
8 141 1
8 142 1
8 143 1
8 144 1
8 145 1
9 11 1
9 13 1
9 21 1
9 22 1
9 25 1
9 26 1
9 28 1
9 35 1
9 36 1
9 38 1
9 39 1
9 40 1
9 41 1
9 42 1
9 43 1
9 44 1
9 45 1
9 47 1
9 48 1
9 50 1
9 51 1
9 52 1
9 70 1
9 71 1
9 72 1
9 73 1
9 77 1
9 78 1
9 79 1
9 80 1
9 81 1
9 82 1
9 83 1
9 84 1
9 95 1
9 96 1
9 97 1
9 117 1
9 118 1
9 119 1
9 120 1
9 130 1
9 131 1
9 132 1
9 133 1
9 134 1
9 137 1
9 139 1
9 142 1
9 144 1
10 20 1
10 21 1
10 22 1
10 23 1
10 25 1
10 26 1
10 27 1
10 35 1
10 36 1
10 37 1
10 38 1
10 39 1
10 40 1
10 41 1
10 42 1
10 43 1
10 44 1
10 46 1
10 47 1
10 48 1
10 49 1
10 50 1
10 51 1
10 52 1
10 70 1
10 73 1
10 74 1
10 75 1
10 76 1
10 78 1
10 79 1
10 80 1
10 81 1
10 82 1
10 84 1
10 94 1
10 96 1
10 97 1
10 98 1
10 117 1
10 118 1
10 119 1
10 120 1
10 121 1
10 130 1
10 134 1
10 135 1
10 136 1
10 138 1
10 140 1
10 141 1
10 142 1
10 143 1
10 144 1
10 145 1
11 20 1
11 22 1
11 23 1
11 24 1
11 25 1
11 27 1
11 28 1
11 35 1
11 37 1
11 38 1
11 39 1
11 40 1
11 42 1
11 44 1
11 45 1
11 46 1
11 47 1
11 48 1
11 49 1
11 50 1
11 51 1
11 70 1
11 71 1
11 73 1
11 74 1
11 76 1
11 77 1
11 78 1
11 79 1
11 80 1
11 81 1
11 82 1
11 83 1
11 84 1
11 94 1
11 95 1
11 97 1
11 117 1
11 118 1
11 119 1
11 120 1
11 121 1
11 131 1
11 132 1
11 133 1
11 135 1
11 136 1
11 138 1
11 139 1
11 140 1
11 142 1
11 144 1
11 145 1
12 20 1
12 21 1
12 22 1
12 23 1
12 24 1
12 27 1
12 35 1
12 36 1
12 38 1
12 40 1
12 41 1
12 46 1
12 49 1
12 50 1
12 51 1
12 52 1
12 70 1
12 71 1
12 72 1
12 73 1
12 75 1
12 76 1
12 77 1
12 78 1
12 79 1
12 80 1
12 82 1
12 83 1
12 94 1
12 95 1
12 96 1
12 98 1
12 117 1
12 118 1
12 119 1
12 120 1
12 121 1
12 130 1
12 131 1
12 132 1
12 133 1
12 134 1
12 136 1
12 138 1
12 139 1
12 140 1
12 142 1
12 143 1
12 144 1
12 145 1
13 21 1
13 22 1
13 23 1
13 24 1
13 25 1
13 26 1
13 27 1
13 28 1
13 36 1
13 37 1
13 40 1
13 42 1
13 43 1
13 44 1
13 47 1
13 48 1
13 49 1
13 50 1
13 51 1
13 52 1
13 70 1
13 71 1
13 72 1
13 74 1
13 75 1
13 76 1
13 77 1
13 78 1
13 81 1
13 82 1
13 83 1
13 95 1
13 96 1
13 97 1
13 98 1
13 118 1
13 121 1
13 130 1
13 131 1
13 132 1
13 133 1
13 134 1
13 136 1
13 137 1
13 138 1
13 140 1
13 142 1
14 15 1
14 18 1
14 19 1
14 62 1
14 63 1
14 64 1
14 65 1
14 66 1
14 68 1
14 69 1
14 85 1
14 86 1
14 87 1
14 88 1
14 89 1
14 90 1
14 91 1
14 92 1
14 94 1
14 95 1
14 96 1
14 97 1
14 98 1
15 17 1
15 62 1
15 63 1
15 64 1
15 67 1
15 68 1
15 69 1
15 85 1
15 86 1
15 87 1
15 88 1
15 89 1
15 90 1
15 91 1
15 92 1
15 93 1
15 94 1
15 95 1
15 96 1
15 97 1
15 98 1
16 62 1
16 63 1
16 64 1
16 67 1
16 68 1
16 69 1
16 86 1
16 87 1
16 88 1
16 92 1
16 93 1
16 94 1
16 95 1
16 98 1
17 19 1
17 62 1
17 63 1
17 64 1
17 65 1
17 66 1
17 68 1
17 86 1
17 87 1
17 88 1
17 90 1
17 91 1
17 92 1
17 93 1
17 94 1
17 95 1
17 97 1
17 98 1
18 19 1
18 62 1
18 63 1
18 64 1
18 65 1
18 66 1
18 68 1
18 85 1
18 86 1
18 87 1
18 88 1
18 89 1
18 91 1
18 92 1
18 93 1
18 94 1
18 95 1
18 96 1
18 97 1
18 98 1
19 62 1
19 63 1
19 64 1
19 65 1
19 66 1
19 67 1
19 68 1
19 69 1
19 89 1
19 90 1
19 91 1
19 92 1
19 93 1
19 94 1
19 98 1
20 21 1
20 22 1
20 23 1
20 24 1
20 26 1
20 27 1
20 28 1
20 146 1
20 147 1
20 148 1
20 150 1
20 151 1
20 153 1
20 154 1
21 22 1
21 26 1
21 146 1
21 147 1
21 148 1
21 149 1
21 151 1
21 152 1
21 154 1
22 26 1
22 28 1
22 147 1
22 148 1
22 149 1
22 152 1
22 153 1
23 24 1
23 27 1
23 28 1
23 146 1
23 148 1
23 149 1
23 150 1
23 152 1
23 154 1
24 26 1
24 147 1
24 149 1
24 151 1
24 152 1
24 154 1
25 27 1
25 147 1
25 150 1
25 151 1
25 152 1
25 153 1
25 154 1
26 27 1
26 146 1
26 148 1
26 149 1
26 150 1
26 151 1
26 152 1
26 153 1
26 154 1
27 146 1
27 147 1
27 148 1
27 150 1
27 151 1
27 152 1
27 154 1
28 146 1
28 147 1
28 148 1
28 151 1
28 152 1
28 153 1
28 154 1
29 30 1
29 33 1
29 34 1
29 117 1
29 118 1
29 120 1
29 121 1
29 122 1
29 123 1
29 126 1
29 127 1
29 128 1
29 129 1
29 138 1
29 139 1
29 140 1
29 141 1
29 142 1
29 143 1
29 144 1
30 32 1
30 117 1
30 118 1
30 119 1
30 120 1
30 121 1
30 122 1
30 123 1
30 125 1
30 127 1
30 128 1
30 129 1
30 138 1
30 139 1
30 140 1
30 141 1
30 143 1
31 32 1
31 33 1
31 117 1
31 118 1
31 120 1
31 121 1
31 124 1
31 128 1
31 129 1
31 138 1
31 139 1
31 140 1
31 141 1
31 142 1
31 144 1
32 34 1
32 117 1
32 119 1
32 121 1
32 122 1
32 123 1
32 124 1
32 125 1
32 126 1
32 127 1
32 128 1
32 138 1
32 139 1
32 140 1
32 141 1
32 143 1
32 144 1
32 145 1
33 117 1
33 118 1
33 120 1
33 121 1
33 122 1
33 123 1
33 126 1
33 127 1
33 128 1
33 129 1
33 138 1
33 139 1
33 140 1
33 141 1
33 142 1
33 143 1
33 144 1
33 145 1
34 117 1
34 118 1
34 120 1
34 121 1
34 123 1
34 124 1
34 125 1
34 127 1
34 128 1
34 129 1
34 139 1
34 140 1
34 141 1
34 143 1
34 144 1
35 36 1
35 37 1
35 39 1
35 40 1
35 41 1
35 42 1
35 43 1
35 71 1
35 73 1
35 75 1
35 77 1
35 100 1
35 101 1
35 103 1
35 118 1
35 120 1
35 121 1
35 146 1
35 148 1
35 149 1
35 150 1
35 151 1
35 152 1
35 153 1
35 154 1
36 38 1
36 39 1
36 40 1
36 42 1
36 43 1
36 71 1
36 72 1
36 73 1
36 74 1
36 75 1
36 77 1
36 99 1
36 100 1
36 101 1
36 117 1
36 118 1
36 121 1
36 146 1
36 147 1
36 148 1
36 149 1
36 150 1
36 151 1
36 152 1
36 153 1
36 154 1
37 39 1
37 41 1
37 42 1
37 70 1
37 71 1
37 74 1
37 75 1
37 76 1
37 99 1
37 100 1
37 101 1
37 102 1
37 103 1
37 118 1
37 146 1
37 147 1
37 148 1
37 149 1
37 150 1
37 151 1
37 152 1
37 153 1
37 154 1
38 40 1
38 41 1
38 42 1
38 43 1
38 70 1
38 71 1
38 72 1
38 74 1
38 76 1
38 77 1
38 99 1
38 102 1
38 103 1
38 119 1
38 120 1
38 121 1
38 146 1
38 148 1
38 149 1
38 151 1
38 152 1
38 153 1
38 154 1
39 40 1
39 41 1
39 42 1
39 70 1
39 71 1
39 72 1
39 73 1
39 74 1
39 75 1
39 76 1
39 100 1
39 102 1
39 103 1
39 117 1
39 118 1
39 119 1
39 120 1
39 121 1
39 147 1
39 148 1
39 149 1
39 151 1
39 152 1
40 41 1
40 42 1
40 70 1
40 71 1
40 74 1
40 75 1
40 76 1
40 77 1
40 99 1
40 100 1
40 101 1
40 102 1
40 103 1
40 117 1
40 119 1
40 121 1
40 146 1
40 147 1
40 148 1
40 150 1
40 151 1
40 152 1
40 154 1
41 43 1
41 70 1
41 71 1
41 72 1
41 76 1
41 100 1
41 103 1
41 118 1
41 119 1
41 120 1
41 148 1
41 149 1
41 150 1
41 151 1
41 153 1
42 70 1
42 71 1
42 72 1
42 74 1
42 76 1
42 99 1
42 100 1
42 102 1
42 117 1
42 118 1
42 119 1
42 120 1
42 121 1
42 146 1
42 148 1
42 149 1
42 150 1
42 153 1
43 73 1
43 77 1
43 99 1
43 100 1
43 102 1
43 103 1
43 117 1
43 118 1
43 119 1
43 120 1
43 121 1
43 146 1
43 147 1
43 148 1
43 149 1
43 150 1
43 151 1
43 152 1
44 46 1
44 47 1
44 48 1
44 49 1
44 51 1
44 52 1
44 111 1
44 112 1
44 114 1
44 123 1
44 125 1
44 127 1
44 128 1
44 129 1
44 130 1
44 135 1
45 47 1
45 48 1
45 49 1
45 50 1
45 109 1
45 110 1
45 112 1
45 114 1
45 115 1
45 123 1
45 125 1
45 126 1
45 127 1
45 128 1
45 130 1
45 131 1
45 132 1
45 133 1
45 134 1
45 136 1
46 47 1
46 48 1
46 50 1
46 52 1
46 109 1
46 110 1
46 111 1
46 112 1
46 113 1
46 115 1
46 116 1
46 122 1
46 123 1
46 124 1
46 126 1
46 127 1
46 130 1
46 131 1
46 132 1
46 133 1
46 134 1
46 135 1
46 136 1
46 137 1
47 48 1
47 49 1
47 50 1
47 51 1
47 52 1
47 109 1
47 110 1
47 111 1
47 112 1
47 113 1
47 114 1
47 115 1
47 116 1
47 122 1
47 123 1
47 125 1
47 127 1
47 128 1
47 129 1
47 131 1
47 132 1
47 133 1
47 134 1
47 136 1
48 49 1
48 50 1
48 51 1
48 52 1
48 109 1
48 110 1
48 111 1
48 113 1
48 115 1
48 116 1
48 124 1
48 126 1
48 128 1
48 129 1
48 130 1
48 132 1
48 133 1
48 134 1
48 135 1
48 136 1
49 50 1
49 51 1
49 52 1
49 109 1
49 110 1
49 111 1
49 114 1
49 115 1
49 116 1
49 122 1
49 123 1
49 124 1
49 125 1
49 126 1
49 127 1
49 128 1
49 129 1
49 130 1
49 131 1
49 132 1
49 134 1
49 135 1
49 136 1
50 109 1
50 110 1
50 111 1
50 112 1
50 114 1
50 115 1
50 116 1
50 122 1
50 123 1
50 127 1
50 128 1
50 129 1
50 130 1
50 131 1
50 132 1
50 133 1
50 134 1
50 136 1
50 137 1
51 109 1
51 110 1
51 111 1
51 112 1
51 113 1
51 114 1
51 115 1
51 116 1
51 122 1
51 123 1
51 124 1
51 125 1
51 126 1
51 129 1
51 131 1
51 132 1
51 133 1
51 134 1
51 135 1
51 136 1
51 137 1
52 109 1
52 111 1
52 112 1
52 113 1
52 114 1
52 115 1
52 116 1
52 122 1
52 126 1
52 127 1
52 129 1
52 132 1
52 134 1
52 135 1
53 54 1
53 55 1
53 56 1
53 57 1
53 58 1
53 59 1
53 60 1
53 61 1
53 99 1
53 100 1
53 101 1
53 102 1
53 103 1
53 171 1
53 172 1
53 173 1
53 177 1
53 179 1
53 180 1
53 181 1
54 55 1
54 57 1
54 58 1
54 60 1
54 61 1
54 99 1
54 100 1
54 101 1
54 102 1
54 103 1
54 171 1
54 172 1
54 173 1
54 175 1
54 176 1
54 178 1
54 179 1
54 181 1
54 182 1
55 56 1
55 57 1
55 58 1
55 60 1
55 61 1
55 99 1
55 100 1
55 101 1
55 102 1
55 171 1
55 172 1
55 173 1
55 174 1
55 175 1
55 176 1
55 177 1
55 178 1
55 179 1
55 180 1
55 182 1
56 57 1
56 58 1
56 59 1
56 60 1
56 100 1
56 102 1
56 103 1
56 171 1
56 173 1
56 174 1
56 176 1
56 177 1
56 178 1
56 179 1
56 180 1
57 58 1
57 59 1
57 60 1
57 61 1
57 100 1
57 101 1
57 102 1
57 171 1
57 172 1
57 173 1
57 174 1
57 178 1
57 180 1
57 181 1
57 182 1
58 59 1
58 60 1
58 99 1
58 101 1
58 102 1
58 103 1
58 171 1
58 172 1
58 174 1
58 175 1
58 179 1
58 180 1
59 60 1
59 61 1
59 99 1
59 101 1
59 102 1
59 173 1
59 174 1
59 175 1
59 176 1
59 177 1
59 179 1
59 181 1
59 182 1
60 61 1
60 99 1
60 100 1
60 101 1
60 102 1
60 171 1
60 172 1
60 173 1
60 174 1
60 176 1
60 177 1
60 178 1
60 180 1
61 100 1
61 101 1
61 102 1
61 103 1
61 172 1
61 173 1
61 175 1
61 176 1
61 177 1
61 179 1
61 180 1
61 181 1
61 182 1
62 63 1
62 65 1
62 66 1
62 68 1
62 69 1
62 78 1
62 79 1
62 80 1
62 81 1
62 82 1
62 83 1
62 84 1
63 64 1
63 65 1
63 66 1
63 67 1
63 68 1
63 69 1
63 79 1
63 80 1
63 82 1
63 83 1
63 84 1
64 65 1
64 67 1
64 68 1
64 80 1
64 82 1
64 83 1
64 84 1
65 66 1
65 67 1
65 68 1
65 69 1
65 78 1
65 79 1
65 80 1
65 81 1
65 83 1
65 84 1
66 67 1
66 68 1
66 78 1
66 79 1
66 81 1
66 82 1
66 83 1
66 84 1
67 69 1
67 78 1
67 80 1
67 81 1
67 82 1
67 83 1
68 69 1
68 78 1
68 79 1
68 82 1
68 83 1
69 79 1
69 81 1
69 82 1
69 84 1
70 71 1
70 73 1
70 74 1
70 75 1
70 76 1
70 77 1
70 78 1
70 79 1
70 80 1
70 81 1
70 82 1
70 83 1
70 138 1
70 140 1
70 141 1
70 144 1
70 145 1
70 171 1
70 172 1
70 173 1
70 174 1
70 175 1
71 72 1
71 73 1
71 74 1
71 75 1
71 76 1
71 77 1
71 80 1
71 81 1
71 82 1
71 83 1
71 84 1
71 138 1
71 139 1
71 140 1
71 142 1
71 143 1
71 144 1
71 145 1
71 172 1
71 173 1
71 174 1
72 73 1
72 74 1
72 75 1
72 77 1
72 78 1
72 79 1
72 80 1
72 82 1
72 83 1
72 84 1
72 139 1
72 141 1
72 143 1
72 144 1
72 145 1
72 171 1
72 172 1
72 173 1
72 175 1
73 75 1
73 76 1
73 77 1
73 78 1
73 80 1
73 81 1
73 82 1
73 83 1
73 84 1
73 138 1
73 139 1
73 140 1
73 141 1
73 143 1
73 144 1
73 145 1
73 172 1
73 173 1
74 75 1
74 76 1
74 77 1
74 78 1
74 80 1
74 81 1
74 82 1
74 83 1
74 84 1
74 139 1
74 140 1
74 141 1
74 142 1
74 143 1
74 144 1
74 145 1
74 171 1
74 172 1
74 173 1
75 76 1
75 77 1
75 79 1
75 80 1
75 84 1
75 138 1
75 139 1
75 141 1
75 143 1
75 145 1
75 172 1
75 174 1
75 175 1
76 77 1
76 78 1
76 79 1
76 80 1
76 82 1
76 83 1
76 138 1
76 140 1
76 141 1
76 142 1
76 144 1
76 145 1
76 173 1
76 174 1
76 175 1
77 78 1
77 80 1
77 83 1
77 84 1
77 138 1
77 139 1
77 140 1
77 142 1
77 143 1
77 144 1
77 145 1
77 171 1
77 172 1
77 173 1
77 174 1
77 175 1
78 81 1
78 82 1
78 83 1
78 85 1
78 86 1
78 87 1
78 88 1
78 89 1
78 90 1
78 91 1
78 92 1
78 93 1
78 117 1
78 118 1
78 119 1
78 120 1
78 121 1
78 122 1
78 123 1
78 124 1
78 127 1
78 128 1
78 129 1
78 165 1
78 166 1
78 168 1
78 176 1
78 177 1
78 178 1
78 179 1
78 180 1
78 182 1
79 81 1
79 82 1
79 83 1
79 84 1
79 86 1
79 87 1
79 88 1
79 89 1
79 90 1
79 91 1
79 92 1
79 93 1
79 117 1
79 118 1
79 119 1
79 120 1
79 122 1
79 124 1
79 125 1
79 126 1
79 127 1
79 128 1
79 129 1
79 165 1
79 166 1
79 167 1
79 168 1
79 169 1
79 170 1
79 176 1
79 178 1
79 180 1
79 181 1
80 81 1
80 82 1
80 83 1
80 84 1
80 85 1
80 86 1
80 87 1
80 88 1
80 89 1
80 90 1
80 91 1
80 92 1
80 117 1
80 119 1
80 123 1
80 124 1
80 125 1
80 126 1
80 128 1
80 129 1
80 164 1
80 166 1
80 168 1
80 169 1
80 170 1
80 176 1
80 178 1
80 180 1
80 182 1
81 85 1
81 87 1
81 88 1
81 89 1
81 91 1
81 92 1
81 117 1
81 118 1
81 120 1
81 121 1
81 122 1
81 123 1
81 124 1
81 125 1
81 126 1
81 127 1
81 128 1
81 129 1
81 164 1
81 165 1
81 167 1
81 168 1
81 169 1
81 170 1
81 177 1
81 178 1
81 179 1
81 180 1
81 181 1
81 182 1
82 85 1
82 86 1
82 87 1
82 88 1
82 89 1
82 90 1
82 91 1
82 92 1
82 118 1
82 119 1
82 121 1
82 122 1
82 123 1
82 124 1
82 125 1
82 126 1
82 128 1
82 129 1
82 164 1
82 165 1
82 166 1
82 167 1
82 168 1
82 169 1
82 176 1
82 177 1
82 178 1
82 179 1
82 180 1
82 182 1
83 84 1
83 85 1
83 86 1
83 88 1
83 90 1
83 91 1
83 92 1
83 93 1
83 117 1
83 119 1
83 120 1
83 121 1
83 122 1
83 123 1
83 124 1
83 125 1
83 126 1
83 127 1
83 128 1
83 129 1
83 164 1
83 165 1
83 168 1
83 169 1
83 176 1
83 177 1
83 178 1
83 180 1
83 181 1
83 182 1
84 85 1
84 86 1
84 87 1
84 88 1
84 89 1
84 90 1
84 92 1
84 93 1
84 117 1
84 118 1
84 119 1
84 120 1
84 121 1
84 122 1
84 123 1
84 124 1
84 125 1
84 126 1
84 127 1
84 129 1
84 164 1
84 165 1
84 167 1
84 168 1
84 170 1
84 176 1
84 178 1
84 179 1
84 180 1
84 182 1
85 89 1
85 90 1
85 92 1
85 93 1
85 100 1
85 101 1
85 102 1
85 103 1
85 172 1
86 89 1
86 92 1
86 93 1
86 101 1
86 103 1
86 173 1
86 174 1
86 175 1
87 89 1
87 90 1
87 91 1
87 92 1
87 93 1
87 99 1
87 100 1
87 101 1
87 102 1
87 171 1
87 172 1
87 173 1
87 174 1
87 175 1
88 89 1
88 90 1
88 91 1
88 92 1
88 93 1
88 101 1
88 102 1
88 103 1
88 171 1
88 172 1
88 175 1
89 93 1
89 99 1
89 100 1
89 101 1
89 102 1
89 103 1
89 171 1
89 172 1
89 173 1
89 174 1
89 175 1
90 91 1
90 92 1
90 93 1
90 100 1
90 101 1
90 103 1
90 171 1
90 172 1
90 174 1
90 175 1
91 99 1
91 100 1
91 101 1
91 102 1
91 103 1
91 171 1
91 172 1
91 173 1
91 174 1
91 175 1
92 99 1
92 101 1
92 102 1
92 171 1
92 173 1
92 175 1
93 99 1
93 100 1
93 101 1
93 102 1
93 103 1
93 171 1
93 173 1
93 175 1
94 96 1
94 97 1
94 98 1
94 95 1
94 122 1
94 123 1
94 125 1
94 126 1
94 127 1
94 164 1
94 167 1
94 168 1
94 169 1
94 170 1
95 96 1
95 97 1
95 98 1
95 122 1
95 124 1
95 125 1
95 127 1
95 164 1
95 165 1
95 166 1
95 167 1
95 168 1
95 169 1
95 170 1
96 122 1
96 127 1
96 128 1
96 129 1
96 164 1
96 165 1
96 166 1
96 169 1
96 170 1
97 122 1
97 123 1
97 126 1
97 127 1
97 128 1
97 129 1
97 164 1
97 165 1
97 166 1
97 167 1
97 168 1
97 169 1
97 170 1
98 122 1
98 123 1
98 126 1
98 128 1
98 129 1
98 164 1
98 165 1
98 166 1
98 167 1
98 168 1
98 170 1
99 102 1
99 103 1
99 155 1
99 156 1
99 157 1
99 158 1
99 159 1
99 160 1
99 161 1
99 162 1
100 102 1
100 103 1
100 155 1
100 156 1
100 157 1
100 158 1
100 159 1
100 160 1
100 163 1
101 103 1
101 157 1
101 158 1
101 159 1
101 160 1
101 161 1
101 162 1
101 163 1
102 155 1
102 156 1
102 157 1
102 158 1
102 159 1
102 160 1
102 161 1
102 162 1
102 163 1
103 155 1
103 156 1
103 157 1
103 159 1
103 160 1
103 162 1
103 163 1
104 106 1
104 108 1
104 122 1
104 124 1
104 125 1
104 126 1
104 127 1
104 128 1
104 129 1
104 164 1
104 166 1
104 167 1
104 168 1
104 169 1
104 170 1
104 171 1
104 172 1
104 173 1
104 175 1
105 106 1
105 108 1
105 122 1
105 123 1
105 124 1
105 125 1
105 126 1
105 127 1
105 128 1
105 129 1
105 164 1
105 165 1
105 167 1
105 168 1
105 169 1
105 173 1
105 174 1
105 175 1
106 108 1
106 124 1
106 125 1
106 127 1
106 128 1
106 129 1
106 164 1
106 166 1
106 167 1
106 168 1
106 170 1
106 171 1
106 172 1
106 173 1
106 174 1
106 175 1
107 122 1
107 123 1
107 124 1
107 126 1
107 127 1
107 128 1
107 129 1
107 164 1
107 165 1
107 166 1
107 167 1
107 168 1
107 169 1
107 170 1
107 171 1
107 172 1
107 174 1
107 175 1
108 122 1
108 124 1
108 125 1
108 126 1
108 127 1
108 128 1
108 129 1
108 164 1
108 165 1
108 166 1
108 167 1
108 168 1
108 169 1
108 170 1
108 171 1
108 173 1
108 174 1
109 110 1
109 113 1
109 130 1
109 132 1
109 133 1
109 134 1
109 135 1
109 136 1
109 137 1
109 138 1
109 140 1
109 141 1
109 142 1
109 143 1
109 144 1
109 145 1
109 176 1
109 178 1
109 179 1
109 180 1
110 111 1
110 112 1
110 116 1
110 131 1
110 132 1
110 133 1
110 134 1
110 135 1
110 136 1
110 137 1
110 138 1
110 140 1
110 141 1
110 142 1
110 144 1
110 145 1
110 176 1
110 177 1
110 178 1
110 179 1
110 180 1
110 181 1
110 182 1
111 116 1
111 131 1
111 132 1
111 133 1
111 134 1
111 135 1
111 136 1
111 137 1
111 138 1
111 139 1
111 140 1
111 142 1
111 144 1
111 145 1
111 176 1
111 178 1
111 179 1
111 180 1
111 181 1
111 182 1
112 113 1
112 130 1
112 131 1
112 132 1
112 133 1
112 134 1
112 135 1
112 138 1
112 140 1
112 142 1
112 143 1
112 144 1
112 145 1
112 176 1
112 177 1
112 178 1
112 180 1
112 181 1
113 116 1
113 130 1
113 131 1
113 133 1
113 135 1
113 137 1
113 140 1
113 142 1
113 143 1
113 144 1
113 145 1
113 176 1
113 177 1
113 179 1
113 180 1
114 115 1
114 130 1
114 132 1
114 133 1
114 135 1
114 137 1
114 138 1
114 140 1
114 141 1
114 142 1
114 143 1
114 144 1
114 145 1
114 176 1
114 177 1
114 179 1
114 180 1
115 116 1
115 131 1
115 132 1
115 133 1
115 135 1
115 137 1
115 138 1
115 139 1
115 140 1
115 141 1
115 143 1
115 144 1
115 145 1
115 176 1
115 177 1
115 178 1
115 181 1
115 182 1
116 131 1
116 132 1
116 133 1
116 134 1
116 136 1
116 138 1
116 139 1
116 140 1
116 141 1
116 144 1
116 176 1
116 177 1
116 178 1
116 179 1
116 180 1
116 181 1
117 118 1
118 119 1
118 121 1
119 120 1
122 123 1
122 129 1
123 127 1
123 129 1
125 128 1
126 127 1
128 129 1
130 134 1
130 135 1
130 155 1
130 156 1
130 157 1
130 158 1
130 159 1
130 160 1
130 161 1
130 162 1
131 132 1
131 133 1
131 155 1
131 156 1
131 158 1
131 159 1
131 161 1
131 162 1
131 163 1
132 133 1
132 134 1
132 137 1
132 155 1
132 157 1
132 158 1
132 159 1
132 161 1
132 163 1
133 134 1
133 135 1
133 136 1
133 155 1
133 156 1
133 157 1
133 159 1
133 160 1
133 161 1
133 162 1
134 135 1
134 156 1
134 157 1
134 159 1
134 160 1
134 161 1
135 136 1
135 137 1
135 155 1
135 156 1
135 158 1
135 159 1
135 160 1
135 161 1
135 162 1
135 163 1
136 156 1
136 158 1
136 162 1
136 163 1
137 155 1
137 156 1
137 157 1
137 158 1
137 159 1
137 160 1
137 161 1
137 163 1
138 139 1
138 164 1
138 165 1
138 167 1
138 168 1
138 169 1
138 170 1
139 144 1
139 165 1
139 166 1
139 168 1
139 170 1
140 141 1
140 164 1
140 166 1
140 169 1
140 170 1
141 142 1
141 164 1
141 165 1
141 166 1
141 168 1
142 143 1
142 144 1
142 145 1
142 166 1
142 167 1
142 168 1
142 169 1
142 170 1
143 144 1
143 145 1
143 165 1
143 166 1
143 167 1
143 168 1
143 169 1
144 145 1
144 164 1
144 167 1
144 168 1
144 169 1
145 164 1
145 165 1
145 166 1
145 167 1
145 168 1
145 169 1
145 170 1
146 152 1
146 177 1
146 178 1
146 179 1
146 180 1
146 181 1
146 182 1
147 148 1
147 154 1
147 176 1
147 178 1
147 179 1
147 181 1
147 182 1
148 150 1
148 178 1
148 179 1
148 180 1
148 181 1
148 182 1
149 154 1
149 176 1
149 177 1
149 178 1
149 179 1
149 180 1
150 153 1
150 176 1
150 177 1
150 179 1
150 181 1
150 182 1
151 177 1
151 178 1
151 179 1
151 180 1
151 181 1
151 182 1
152 178 1
152 179 1
152 180 1
152 181 1
152 182 1
153 176 1
153 178 1
153 179 1
153 180 1
153 181 1
153 182 1
154 176 1
154 177 1
154 178 1
154 179 1
154 180 1
154 182 1
156 158 1
157 159 1
157 163 1
160 161 1
160 163 1
165 166 1
165 168 1
167 169 1
167 170 1
171 172 1
172 175 1
176 177 1
178 179 1
178 182 1
179 180 1
179 181 1
180 181 1
