1 2 1
1 3 1
1 5 1
1 6 1
1 7 1
1 146 1
1 147 1
1 148 1
1 149 1
2 7 1
2 145 1
2 146 1
2 147 1
2 148 1
2 149 1
3 7 1
3 145 1
3 147 1
3 148 1
3 149 1
4 145 1
4 148 1
4 149 1
5 7 1
5 145 1
5 146 1
5 147 1
5 148 1
6 7 1
6 145 1
6 146 1
6 147 1
6 148 1
7 147 1
7 148 1
7 149 1
8 11 1
8 12 1
8 13 1
8 38 1
8 39 1
8 40 1
8 41 1
8 42 1
8 43 1
8 90 1
8 91 1
8 92 1
8 94 1
8 95 1
8 122 1
8 124 1
8 125 1
8 126 1
9 13 1
9 14 1
9 36 1
9 37 1
9 38 1
9 39 1
9 41 1
9 43 1
9 90 1
9 91 1
9 93 1
9 94 1
9 95 1
9 96 1
9 97 1
9 122 1
9 123 1
9 124 1
9 125 1
9 126 1
10 12 1
10 37 1
10 41 1
10 42 1
10 91 1
10 92 1
10 94 1
10 96 1
10 97 1
10 122 1
10 123 1
10 124 1
10 126 1
11 12 1
11 36 1
11 37 1
11 38 1
11 39 1
11 40 1
11 41 1
11 42 1
11 43 1
11 91 1
11 92 1
11 95 1
11 96 1
11 97 1
11 122 1
11 123 1
11 124 1
11 125 1
11 126 1
12 13 1
12 36 1
12 37 1
12 38 1
12 40 1
12 41 1
12 42 1
12 90 1
12 91 1
12 92 1
12 93 1
12 94 1
12 95 1
12 96 1
12 97 1
12 122 1
12 123 1
12 124 1
12 125 1
13 37 1
13 38 1
13 39 1
13 40 1
13 41 1
13 42 1
13 43 1
13 90 1
13 91 1
13 92 1
13 94 1
13 97 1
13 122 1
13 123 1
13 124 1
13 126 1
14 36 1
14 38 1
14 39 1
14 40 1
14 41 1
14 42 1
14 90 1
14 91 1
14 92 1
14 93 1
14 94 1
14 95 1
14 96 1
14 122 1
14 123 1
14 124 1
14 125 1
15 36 1
15 37 1
15 41 1
15 42 1
15 43 1
15 90 1
15 91 1
15 92 1
15 96 1
15 122 1
15 123 1
15 125 1
15 126 1
16 18 1
16 20 1
16 21 1
16 23 1
16 24 1
16 38 1
16 39 1
16 40 1
16 42 1
16 43 1
16 44 1
16 45 1
16 46 1
16 48 1
16 56 1
16 57 1
16 58 1
16 59 1
16 61 1
16 72 1
16 73 1
16 75 1
16 84 1
16 85 1
16 88 1
16 89 1
17 18 1
17 22 1
17 37 1
17 38 1
17 39 1
17 41 1
17 42 1
17 43 1
17 44 1
17 45 1
17 47 1
17 48 1
17 49 1
17 56 1
17 57 1
17 58 1
17 59 1
17 60 1
17 70 1
17 71 1
17 72 1
17 73 1
17 74 1
17 75 1
17 76 1
17 83 1
17 84 1
17 85 1
17 86 1
17 87 1
18 23 1
18 36 1
18 38 1
18 39 1
18 40 1
18 41 1
18 42 1
18 43 1
18 44 1
18 45 1
18 46 1
18 47 1
18 48 1
18 49 1
18 56 1
18 57 1
18 58 1
18 59 1
18 60 1
18 61 1
18 69 1
18 70 1
18 71 1
18 73 1
18 74 1
18 76 1
18 83 1
18 84 1
18 86 1
18 87 1
18 88 1
18 89 1
19 36 1
19 37 1
19 38 1
19 40 1
19 41 1
19 42 1
19 44 1
19 46 1
19 49 1
19 56 1
19 57 1
19 58 1
19 59 1
19 60 1
19 61 1
19 70 1
19 71 1
19 73 1
19 74 1
19 75 1
19 76 1
19 83 1
19 84 1
19 85 1
19 86 1
19 87 1
19 89 1
20 24 1
20 36 1
20 37 1
20 38 1
20 39 1
20 42 1
20 43 1
20 44 1
20 45 1
20 46 1
20 47 1
20 49 1
20 56 1
20 57 1
20 58 1
20 59 1
20 61 1
20 69 1
20 73 1
20 74 1
20 76 1
20 83 1
20 84 1
20 85 1
20 86 1
20 87 1
20 88 1
21 23 1
21 24 1
21 36 1
21 37 1
21 40 1
21 41 1
21 42 1
21 43 1
21 45 1
21 46 1
21 47 1
21 49 1
21 56 1
21 57 1
21 58 1
21 61 1
21 69 1
21 70 1
21 72 1
21 73 1
21 74 1
21 75 1
21 76 1
21 85 1
21 86 1
21 87 1
22 36 1
22 37 1
22 38 1
22 39 1
22 40 1
22 41 1
22 43 1
22 45 1
22 48 1
22 49 1
22 57 1
22 58 1
22 59 1
22 60 1
22 69 1
22 70 1
22 72 1
22 73 1
22 74 1
22 75 1
22 76 1
22 83 1
22 84 1
22 85 1
22 86 1
22 87 1
23 36 1
23 37 1
23 38 1
23 39 1
23 40 1
23 42 1
23 43 1
23 44 1
23 45 1
23 47 1
23 48 1
23 56 1
23 57 1
23 58 1
23 60 1
23 61 1
23 69 1
23 70 1
23 71 1
23 73 1
23 74 1
23 76 1
23 83 1
23 84 1
23 85 1
23 89 1
24 36 1
24 37 1
24 40 1
24 43 1
24 46 1
24 47 1
24 57 1
24 58 1
24 60 1
24 61 1
24 69 1
24 70 1
24 71 1
24 72 1
24 73 1
24 74 1
24 75 1
24 84 1
24 86 1
24 87 1
24 89 1
25 26 1
25 27 1
25 36 1
25 39 1
25 40 1
25 41 1
25 42 1
25 43 1
25 64 1
25 65 1
25 66 1
25 67 1
25 68 1
26 36 1
26 37 1
26 38 1
26 41 1
26 62 1
26 63 1
26 66 1
26 67 1
26 68 1
27 36 1
27 37 1
27 39 1
27 41 1
27 42 1
27 43 1
27 62 1
27 63 1
27 64 1
27 65 1
27 66 1
27 68 1
28 36 1
28 37 1
28 38 1
28 40 1
28 41 1
28 42 1
28 43 1
28 62 1
28 63 1
28 64 1
28 65 1
28 66 1
28 67 1
28 68 1
29 38 1
29 39 1
29 41 1
29 43 1
29 62 1
29 64 1
29 65 1
29 67 1
29 68 1
30 31 1
30 32 1
30 33 1
30 34 1
30 35 1
30 36 1
30 37 1
30 38 1
30 41 1
30 42 1
30 43 1
30 62 1
30 63 1
30 64 1
30 65 1
30 66 1
30 68 1
30 136 1
30 139 1
30 140 1
30 141 1
30 142 1
30 143 1
30 144 1
30 156 1
30 157 1
30 160 1
30 162 1
30 163 1
30 164 1
31 32 1
31 33 1
31 37 1
31 41 1
31 62 1
31 64 1
31 65 1
31 66 1
31 68 1
31 137 1
31 138 1
31 139 1
31 140 1
31 141 1
31 142 1
31 143 1
31 144 1
31 156 1
31 157 1
31 158 1
31 159 1
31 160 1
31 163 1
31 164 1
32 36 1
32 38 1
32 39 1
32 40 1
32 41 1
32 43 1
32 62 1
32 63 1
32 65 1
32 66 1
32 68 1
32 136 1
32 137 1
32 138 1
32 139 1
32 140 1
32 141 1
32 142 1
32 143 1
32 156 1
32 159 1
32 160 1
32 161 1
32 162 1
32 163 1
33 38 1
33 39 1
33 41 1
33 42 1
33 43 1
33 62 1
33 64 1
33 65 1
33 67 1
33 68 1
33 137 1
33 138 1
33 139 1
33 144 1
33 156 1
33 158 1
33 159 1
33 160 1
33 161 1
33 162 1
33 163 1
33 164 1
34 36 1
34 37 1
34 39 1
34 40 1
34 41 1
34 42 1
34 63 1
34 66 1
34 67 1
34 68 1
34 136 1
34 137 1
34 138 1
34 140 1
34 141 1
34 142 1
34 143 1
34 144 1
34 156 1
34 157 1
34 158 1
34 159 1
34 160 1
34 161 1
34 162 1
34 163 1
35 36 1
35 37 1
35 38 1
35 39 1
35 41 1
35 63 1
35 64 1
35 65 1
35 67 1
35 137 1
35 139 1
35 140 1
35 142 1
35 143 1
35 144 1
35 157 1
35 158 1
35 159 1
35 160 1
35 161 1
35 162 1
35 163 1
35 164 1
36 37 1
36 38 1
36 39 1
36 40 1
36 41 1
36 42 1
36 43 1
36 62 1
36 63 1
36 64 1
36 65 1
36 67 1
36 68 1
36 105 1
36 106 1
36 108 1
36 109 1
36 110 1
37 39 1
37 40 1
37 41 1
37 43 1
37 63 1
37 65 1
37 66 1
37 67 1
37 68 1
37 106 1
37 108 1
37 109 1
37 110 1
38 39 1
38 40 1
38 41 1
38 42 1
38 43 1
38 62 1
38 63 1
38 64 1
38 65 1
38 67 1
38 105 1
38 106 1
38 107 1
38 108 1
38 109 1
39 41 1
39 42 1
39 43 1
39 62 1
39 63 1
39 64 1
39 65 1
39 66 1
39 67 1
39 68 1
39 107 1
39 109 1
39 110 1
40 41 1
40 42 1
40 43 1
40 62 1
40 63 1
40 64 1
40 66 1
40 67 1
40 105 1
40 106 1
40 107 1
40 108 1
40 109 1
40 110 1
41 42 1
41 43 1
41 63 1
41 64 1
41 65 1
41 66 1
41 67 1
41 107 1
41 108 1
41 109 1
41 110 1
42 43 1
42 62 1
42 63 1
42 64 1
42 67 1
42 68 1
42 106 1
42 107 1
42 109 1
43 62 1
43 64 1
43 66 1
43 67 1
43 105 1
43 108 1
43 110 1
44 45 1
44 46 1
44 47 1
44 48 1
44 49 1
44 77 1
44 78 1
44 80 1
44 81 1
44 82 1
45 46 1
45 47 1
45 78 1
45 80 1
45 81 1
45 82 1
46 47 1
46 48 1
46 49 1
46 77 1
46 78 1
46 79 1
46 81 1
46 82 1
47 48 1
47 49 1
47 78 1
47 79 1
47 81 1
47 82 1
48 49 1
48 79 1
48 80 1
48 81 1
48 82 1
49 77 1
49 78 1
49 79 1
49 81 1
50 52 1
50 53 1
50 106 1
50 107 1
50 108 1
50 110 1
51 54 1
51 55 1
51 105 1
51 108 1
51 109 1
51 110 1
52 53 1
52 106 1
52 109 1
53 54 1
53 55 1
53 105 1
53 106 1
53 108 1
53 110 1
54 55 1
54 105 1
54 106 1
54 107 1
54 108 1
54 109 1
54 110 1
55 105 1
55 107 1
55 108 1
55 109 1
55 110 1
56 57 1
56 58 1
56 59 1
56 60 1
56 84 1
56 85 1
56 87 1
56 88 1
56 89 1
56 151 1
56 152 1
56 155 1
57 58 1
57 59 1
57 61 1
57 83 1
57 84 1
57 85 1
57 86 1
57 87 1
57 88 1
57 89 1
57 150 1
57 152 1
57 153 1
57 154 1
57 155 1
58 59 1
58 60 1
58 83 1
58 85 1
58 86 1
58 87 1
58 88 1
58 89 1
58 150 1
58 151 1
58 152 1
58 154 1
58 155 1
59 60 1
59 83 1
59 84 1
59 85 1
59 86 1
59 87 1
59 88 1
59 150 1
59 151 1
59 152 1
59 154 1
59 155 1
60 85 1
60 87 1
60 150 1
60 151 1
60 152 1
60 154 1
60 155 1
61 83 1
61 85 1
61 86 1
61 87 1
61 89 1
61 151 1
61 152 1
61 154 1
62 63 1
62 64 1
62 65 1
62 66 1
62 67 1
63 64 1
63 66 1
63 67 1
63 68 1
64 65 1
64 66 1
64 67 1
64 68 1
65 66 1
65 67 1
65 68 1
66 67 1
66 68 1
67 68 1
69 73 1
69 75 1
69 76 1
69 72 1
69 156 1
69 158 1
69 160 1
69 163 1
69 164 1
69 165 1
69 166 1
69 167 1
69 168 1
69 170 1
69 171 1
69 172 1
70 74 1
70 76 1
70 71 1
70 156 1
70 157 1
70 158 1
70 161 1
70 162 1
70 163 1
70 166 1
70 167 1
70 168 1
70 169 1
70 170 1
70 171 1
70 172 1
71 74 1
71 75 1
71 76 1
71 156 1
71 157 1
71 158 1
71 161 1
71 162 1
71 163 1
71 166 1
71 168 1
71 169 1
71 170 1
71 171 1
71 172 1
72 73 1
72 74 1
72 75 1
72 76 1
72 156 1
72 157 1
72 158 1
72 159 1
72 160 1
72 161 1
72 162 1
72 163 1
72 165 1
72 166 1
72 167 1
72 169 1
72 170 1
72 172 1
73 74 1
73 76 1
73 156 1
73 157 1
73 158 1
73 159 1
73 160 1
73 161 1
73 162 1
73 163 1
73 164 1
73 167 1
73 168 1
73 169 1
73 170 1
73 171 1
73 172 1
74 76 1
74 158 1
74 159 1
74 160 1
74 161 1
74 163 1
74 168 1
74 170 1
74 171 1
74 172 1
75 156 1
75 157 1
75 158 1
75 160 1
75 161 1
75 162 1
75 163 1
75 164 1
75 165 1
75 166 1
75 169 1
75 170 1
75 171 1
76 156 1
76 157 1
76 159 1
76 160 1
76 162 1
76 163 1
76 164 1
76 165 1
76 166 1
76 169 1
76 170 1
77 82 1
77 79 1
77 91 1
77 92 1
77 94 1
77 95 1
77 96 1
77 105 1
77 106 1
77 109 1
77 110 1
78 80 1
78 81 1
78 82 1
78 90 1
78 91 1
78 92 1
78 93 1
78 94 1
78 95 1
78 96 1
78 97 1
78 105 1
78 106 1
78 108 1
78 109 1
79 80 1
79 81 1
79 82 1
79 90 1
79 92 1
79 93 1
79 94 1
79 95 1
79 96 1
79 97 1
79 105 1
79 107 1
79 108 1
79 109 1
79 110 1
80 81 1
80 82 1
80 90 1
80 91 1
80 92 1
80 93 1
80 94 1
80 95 1
80 96 1
80 105 1
80 106 1
80 109 1
81 82 1
81 91 1
81 92 1
81 94 1
81 95 1
81 96 1
81 97 1
81 105 1
81 106 1
81 109 1
81 110 1
82 90 1
82 91 1
82 92 1
82 93 1
82 94 1
82 96 1
82 97 1
82 105 1
82 106 1
82 107 1
82 108 1
82 110 1
83 86 1
83 87 1
83 88 1
83 89 1
83 150 1
83 151 1
83 153 1
83 154 1
83 155 1
83 156 1
83 157 1
83 159 1
83 161 1
83 162 1
83 163 1
83 164 1
84 86 1
84 87 1
84 88 1
84 150 1
84 151 1
84 152 1
84 154 1
84 155 1
84 156 1
84 158 1
84 159 1
84 160 1
84 162 1
84 164 1
85 86 1
85 87 1
85 88 1
85 89 1
85 150 1
85 152 1
85 153 1
85 154 1
85 155 1
85 157 1
85 160 1
85 161 1
85 162 1
85 163 1
86 89 1
86 150 1
86 151 1
86 152 1
86 153 1
86 154 1
86 155 1
86 157 1
86 158 1
86 159 1
86 161 1
86 163 1
86 164 1
87 89 1
87 152 1
87 153 1
87 155 1
87 156 1
87 157 1
87 158 1
87 159 1
87 160 1
87 161 1
87 163 1
87 164 1
88 150 1
88 151 1
88 152 1
88 153 1
88 155 1
88 156 1
88 158 1
88 159 1
88 160 1
88 161 1
88 163 1
88 164 1
89 152 1
89 153 1
89 154 1
89 155 1
89 156 1
89 157 1
89 158 1
89 159 1
89 160 1
89 162 1
89 163 1
89 164 1
90 94 1
90 95 1
90 96 1
90 97 1
90 111 1
90 113 1
90 115 1
90 116 1
91 94 1
91 95 1
91 96 1
91 97 1
91 111 1
91 112 1
91 113 1
91 114 1
91 116 1
92 94 1
92 95 1
92 96 1
92 97 1
92 93 1
92 111 1
92 112 1
92 113 1
92 115 1
92 116 1
93 94 1
93 95 1
93 96 1
93 111 1
93 112 1
93 115 1
93 116 1
94 97 1
94 111 1
94 113 1
94 114 1
94 115 1
95 97 1
95 111 1
95 112 1
95 113 1
95 114 1
95 115 1
96 112 1
96 113 1
96 115 1
96 116 1
97 111 1
97 112 1
97 113 1
97 114 1
97 115 1
97 116 1
98 102 1
98 103 1
98 117 1
98 119 1
98 121 1
98 156 1
98 160 1
98 161 1
98 162 1
98 163 1
99 101 1
99 102 1
99 118 1
99 120 1
99 121 1
99 156 1
99 157 1
99 158 1
99 160 1
99 161 1
99 162 1
99 163 1
99 164 1
100 102 1
100 103 1
100 104 1
100 117 1
100 118 1
100 119 1
100 120 1
100 121 1
100 156 1
100 159 1
100 161 1
100 163 1
100 164 1
101 117 1
101 120 1
101 121 1
101 156 1
101 157 1
101 158 1
101 159 1
101 160 1
101 161 1
101 162 1
101 163 1
101 164 1
102 103 1
102 104 1
102 117 1
102 120 1
102 121 1
102 157 1
102 158 1
102 159 1
102 160 1
102 161 1
102 162 1
102 164 1
103 118 1
103 119 1
103 120 1
103 121 1
103 156 1
103 158 1
103 160 1
103 161 1
103 162 1
104 117 1
104 118 1
104 119 1
104 120 1
104 121 1
104 156 1
104 157 1
104 158 1
104 159 1
104 160 1
104 161 1
104 162 1
104 163 1
104 164 1
105 122 1
105 123 1
105 124 1
105 125 1
105 126 1
106 107 1
106 108 1
106 110 1
106 122 1
106 123 1
106 124 1
106 125 1
106 126 1
107 108 1
107 110 1
107 122 1
107 123 1
107 125 1
107 126 1
108 109 1
108 110 1
108 123 1
108 124 1
109 110 1
109 122 1
109 123 1
109 124 1
109 125 1
109 126 1
110 123 1
110 124 1
111 112 1
111 122 1
111 123 1
111 124 1
111 125 1
111 126 1
111 165 1
111 166 1
111 167 1
111 168 1
111 169 1
111 171 1
112 113 1
112 122 1
112 124 1
112 125 1
112 126 1
112 167 1
112 168 1
112 170 1
112 171 1
112 172 1
113 114 1
113 122 1
113 124 1
113 125 1
113 165 1
113 170 1
113 171 1
113 172 1
114 122 1
114 125 1
114 126 1
114 165 1
114 166 1
114 167 1
114 168 1
114 169 1
114 171 1
114 172 1
115 116 1
115 122 1
115 123 1
115 126 1
115 165 1
115 166 1
115 167 1
115 171 1
115 172 1
116 122 1
116 123 1
116 126 1
116 165 1
116 166 1
116 167 1
116 169 1
116 170 1
116 171 1
116 172 1
117 118 1
117 119 1
117 156 1
117 157 1
117 159 1
117 161 1
117 162 1
117 163 1
118 156 1
118 158 1
118 159 1
118 160 1
118 162 1
118 163 1
118 164 1
119 120 1
119 156 1
119 158 1
119 159 1
119 160 1
119 161 1
119 162 1
119 163 1
120 156 1
120 158 1
120 159 1
120 160 1
120 161 1
120 162 1
120 163 1
120 164 1
121 157 1
121 158 1
121 160 1
121 161 1
121 163 1
122 123 1
122 124 1
122 145 1
122 146 1
122 147 1
122 148 1
122 149 1
123 124 1
123 145 1
123 147 1
123 148 1
124 125 1
124 126 1
124 145 1
124 146 1
124 147 1
124 148 1
124 149 1
125 126 1
125 145 1
125 146 1
125 147 1
125 148 1
125 149 1
126 145 1
126 146 1
126 148 1
126 149 1
127 129 1
127 135 1
127 158 1
127 159 1
127 160 1
127 161 1
127 162 1
127 164 1
128 129 1
128 160 1
128 162 1
128 164 1
129 130 1
129 131 1
129 134 1
129 156 1
129 157 1
129 158 1
129 159 1
129 160 1
129 161 1
129 162 1
129 163 1
129 164 1
130 131 1
130 156 1
130 157 1
130 158 1
130 159 1
130 160 1
130 161 1
130 162 1
130 163 1
130 164 1
131 132 1
131 156 1
131 157 1
131 158 1
131 159 1
131 160 1
131 161 1
131 162 1
131 163 1
132 134 1
132 135 1
132 156 1
132 157 1
132 159 1
132 160 1
132 163 1
133 134 1
133 135 1
133 156 1
133 157 1
133 158 1
133 162 1
133 163 1
133 164 1
134 135 1
134 156 1
134 157 1
134 158 1
134 159 1
134 160 1
134 162 1
134 163 1
135 156 1
135 157 1
135 159 1
135 160 1
135 162 1
135 163 1
136 150 1
136 151 1
136 152 1
136 153 1
137 141 1
137 142 1
137 150 1
137 152 1
137 153 1
137 154 1
137 155 1
138 141 1
138 142 1
138 150 1
138 151 1
138 153 1
138 154 1
139 141 1
139 150 1
139 151 1
139 153 1
139 155 1
140 141 1
140 144 1
140 151 1
140 152 1
140 153 1
140 154 1
140 155 1
141 143 1
141 144 1
141 150 1
141 151 1
141 152 1
141 153 1
141 154 1
141 155 1
142 150 1
142 151 1
142 153 1
142 155 1
143 150 1
143 151 1
143 152 1
143 153 1
143 154 1
143 155 1
144 150 1
144 151 1
144 152 1
144 153 1
144 154 1
145 147 1
145 165 1
145 166 1
145 170 1
145 171 1
145 172 1
146 165 1
146 166 1
146 167 1
146 168 1
146 172 1
147 165 1
147 166 1
147 167 1
147 169 1
147 170 1
147 171 1
147 172 1
148 149 1
148 166 1
148 167 1
148 168 1
148 169 1
148 170 1
148 171 1
148 172 1
149 165 1
149 167 1
149 168 1
149 169 1
149 170 1
149 171 1
149 172 1
150 153 1
150 154 1
151 155 1
152 154 1
156 162 1
157 158 1
157 160 1
157 162 1
159 160 1
159 162 1
159 163 1
160 162 1
165 170 1
166 167 1
166 168 1
167 168 1
168 170 1
168 171 1
170 171 1
