1 2 1
1 7 1
1 8 1
1 10 1
1 11 1
1 12 1
1 13 1
1 14 1
1 15 1
1 16 1
1 17 1
1 18 1
1 19 1
1 20 1
1 21 1
1 22 1
1 24 1
1 25 1
1 26 1
1 28 1
1 29 1
1 31 1
1 32 1
1 34 1
1 36 1
1 37 1
1 38 1
1 40 1
1 66 1
1 67 1
1 68 1
1 69 1
1 70 1
1 71 1
1 72 1
1 80 1
1 81 1
1 82 1
1 84 1
1 85 1
1 86 1
1 87 1
1 114 1
1 115 1
1 116 1
1 117 1
1 118 1
1 119 1
1 132 1
1 133 1
1 134 1
1 135 1
1 136 1
1 137 1
1 138 1
1 139 1
1 160 1
1 161 1
1 162 1
1 163 1
1 164 1
1 165 1
2 3 1
2 9 1
2 10 1
2 14 1
2 15 1
2 16 1
2 17 1
2 20 1
2 21 1
2 22 1
2 24 1
2 25 1
2 27 1
2 28 1
2 30 1
2 31 1
2 32 1
2 33 1
2 34 1
2 35 1
2 36 1
2 37 1
2 38 1
2 39 1
2 40 1
2 41 1
2 66 1
2 67 1
2 68 1
2 71 1
2 72 1
2 73 1
2 80 1
2 81 1
2 83 1
2 84 1
2 85 1
2 86 1
2 87 1
2 116 1
2 117 1
2 118 1
2 119 1
2 132 1
2 133 1
2 135 1
2 136 1
2 137 1
2 160 1
2 162 1
2 163 1
2 164 1
2 165 1
3 4 1
3 6 1
3 8 1
3 9 1
3 12 1
3 13 1
3 14 1
3 15 1
3 16 1
3 18 1
3 19 1
3 20 1
3 21 1
3 23 1
3 24 1
3 26 1
3 28 1
3 31 1
3 32 1
3 34 1
3 35 1
3 36 1
3 37 1
3 38 1
3 39 1
3 40 1
3 41 1
3 66 1
3 67 1
3 68 1
3 69 1
3 70 1
3 71 1
3 72 1
3 73 1
3 81 1
3 82 1
3 83 1
3 85 1
3 87 1
3 114 1
3 115 1
3 116 1
3 118 1
3 133 1
3 134 1
3 135 1
3 136 1
3 138 1
3 139 1
3 160 1
3 161 1
3 162 1
3 163 1
3 164 1
3 165 1
4 6 1
4 8 1
4 10 1
4 11 1
4 12 1
4 14 1
4 16 1
4 17 1
4 18 1
4 19 1
4 20 1
4 22 1
4 26 1
4 27 1
4 28 1
4 30 1
4 31 1
4 32 1
4 34 1
4 36 1
4 37 1
4 39 1
4 40 1
4 41 1
4 66 1
4 67 1
4 68 1
4 70 1
4 71 1
4 73 1
4 81 1
4 82 1
4 83 1
4 85 1
4 86 1
4 116 1
4 117 1
4 132 1
4 134 1
4 135 1
4 137 1
4 138 1
4 139 1
4 160 1
4 161 1
4 163 1
4 164 1
4 165 1
5 7 1
5 8 1
5 9 1
5 10 1
5 12 1
5 14 1
5 15 1
5 16 1
5 17 1
5 18 1
5 19 1
5 22 1
5 24 1
5 25 1
5 26 1
5 28 1
5 31 1
5 34 1
5 35 1
5 37 1
5 40 1
5 41 1
5 66 1
5 67 1
5 68 1
5 69 1
5 70 1
5 71 1
5 72 1
5 73 1
5 80 1
5 81 1
5 82 1
5 83 1
5 84 1
5 85 1
5 86 1
5 87 1
5 114 1
5 115 1
5 118 1
5 119 1
5 132 1
5 133 1
5 135 1
5 136 1
5 137 1
5 139 1
5 161 1
5 162 1
5 163 1
5 165 1
6 8 1
6 9 1
6 11 1
6 12 1
6 13 1
6 14 1
6 15 1
6 16 1
6 17 1
6 18 1
6 19 1
6 21 1
6 22 1
6 24 1
6 25 1
6 26 1
6 27 1
6 28 1
6 29 1
6 30 1
6 31 1
6 33 1
6 34 1
6 35 1
6 36 1
6 37 1
6 38 1
6 39 1
6 40 1
6 41 1
6 66 1
6 67 1
6 68 1
6 69 1
6 71 1
6 72 1
6 80 1
6 81 1
6 82 1
6 84 1
6 85 1
6 86 1
6 87 1
6 114 1
6 116 1
6 117 1
6 119 1
6 132 1
6 133 1
6 134 1
6 135 1
6 136 1
6 139 1
6 161 1
6 162 1
6 163 1
6 164 1
6 165 1
7 9 1
7 10 1
7 11 1
7 13 1
7 14 1
7 15 1
7 16 1
7 17 1
7 18 1
7 19 1
7 20 1
7 22 1
7 23 1
7 24 1
7 25 1
7 26 1
7 27 1
7 28 1
7 29 1
7 30 1
7 31 1
7 32 1
7 33 1
7 34 1
7 35 1
7 36 1
7 37 1
7 38 1
7 39 1
7 40 1
7 41 1
7 66 1
7 67 1
7 69 1
7 70 1
7 72 1
7 73 1
7 80 1
7 82 1
7 83 1
7 87 1
7 115 1
7 116 1
7 117 1
7 132 1
7 134 1
7 135 1
7 136 1
7 137 1
7 138 1
7 139 1
7 161 1
7 162 1
8 9 1
8 10 1
8 12 1
8 13 1
8 34 1
8 36 1
8 37 1
8 38 1
8 40 1
8 41 1
8 50 1
8 51 1
8 52 1
8 54 1
8 55 1
8 90 1
8 92 1
8 94 1
8 100 1
8 101 1
8 102 1
8 103 1
8 104 1
8 105 1
8 133 1
8 135 1
8 136 1
8 137 1
8 139 1
8 153 1
8 154 1
8 155 1
8 156 1
8 157 1
8 158 1
8 159 1
8 160 1
8 162 1
8 163 1
8 164 1
9 34 1
9 35 1
9 37 1
9 38 1
9 39 1
9 41 1
9 51 1
9 52 1
9 53 1
9 54 1
9 55 1
9 56 1
9 88 1
9 89 1
9 90 1
9 91 1
9 93 1
9 94 1
9 100 1
9 101 1
9 104 1
9 105 1
9 107 1
9 132 1
9 133 1
9 136 1
9 137 1
9 138 1
9 139 1
9 154 1
9 155 1
9 156 1
9 157 1
9 160 1
10 12 1
10 34 1
10 35 1
10 36 1
10 39 1
10 40 1
10 41 1
10 50 1
10 51 1
10 53 1
10 54 1
10 56 1
10 88 1
10 89 1
10 91 1
10 92 1
10 94 1
10 102 1
10 103 1
10 104 1
10 106 1
10 108 1
10 133 1
10 134 1
10 153 1
10 154 1
10 156 1
10 157 1
10 158 1
10 160 1
10 161 1
10 163 1
10 164 1
11 12 1
11 34 1
11 35 1
11 37 1
11 38 1
11 40 1
11 41 1
11 50 1
11 51 1
11 52 1
11 53 1
11 54 1
11 55 1
11 56 1
11 88 1
11 89 1
11 90 1
11 91 1
11 93 1
11 94 1
11 100 1
11 102 1
11 103 1
11 104 1
11 105 1
11 106 1
11 107 1
11 108 1
11 133 1
11 135 1
11 138 1
11 139 1
11 155 1
11 156 1
11 158 1
11 159 1
11 160 1
11 161 1
11 163 1
11 165 1
12 13 1
12 34 1
12 35 1
12 36 1
12 37 1
12 38 1
12 39 1
12 40 1
12 41 1
12 50 1
12 51 1
12 53 1
12 54 1
12 55 1
12 56 1
12 89 1
12 91 1
12 93 1
12 94 1
12 100 1
12 101 1
12 102 1
12 103 1
12 105 1
12 106 1
12 108 1
12 132 1
12 133 1
12 134 1
12 135 1
12 137 1
12 138 1
12 153 1
12 154 1
12 155 1
12 157 1
12 158 1
12 161 1
12 162 1
12 163 1
12 164 1
13 34 1
13 35 1
13 37 1
13 38 1
13 39 1
13 40 1
13 41 1
13 50 1
13 51 1
13 52 1
13 53 1
13 54 1
13 56 1
13 89 1
13 92 1
13 94 1
13 100 1
13 101 1
13 102 1
13 103 1
13 104 1
13 105 1
13 106 1
13 133 1
13 134 1
13 135 1
13 136 1
13 137 1
13 139 1
13 153 1
13 156 1
13 157 1
13 158 1
13 159 1
13 160 1
13 163 1
13 164 1
13 165 1
14 15 1
14 17 1
14 18 1
14 19 1
14 20 1
14 21 1
14 22 1
14 29 1
14 31 1
14 32 1
14 34 1
14 37 1
14 38 1
14 41 1
14 66 1
14 67 1
14 68 1
14 70 1
14 73 1
14 81 1
14 82 1
14 83 1
14 84 1
14 86 1
14 87 1
14 120 1
14 121 1
14 122 1
14 123 1
14 160 1
14 161 1
14 163 1
14 164 1
14 165 1
15 18 1
15 29 1
15 31 1
15 32 1
15 33 1
15 35 1
15 36 1
15 37 1
15 38 1
15 39 1
15 40 1
15 66 1
15 68 1
15 69 1
15 71 1
15 72 1
15 73 1
15 80 1
15 81 1
15 82 1
15 83 1
15 84 1
15 85 1
15 87 1
15 120 1
15 124 1
15 160 1
15 161 1
15 162 1
15 164 1
15 165 1
16 19 1
16 21 1
16 22 1
16 30 1
16 32 1
16 33 1
16 34 1
16 35 1
16 36 1
16 37 1
16 38 1
16 39 1
16 40 1
16 41 1
16 67 1
16 71 1
16 72 1
16 73 1
16 80 1
16 81 1
16 83 1
16 84 1
16 85 1
16 86 1
16 121 1
16 122 1
16 124 1
16 160 1
16 161 1
16 162 1
16 164 1
16 165 1
17 29 1
17 30 1
17 31 1
17 32 1
17 33 1
17 34 1
17 36 1
17 37 1
17 38 1
17 39 1
17 40 1
17 41 1
17 66 1
17 68 1
17 69 1
17 71 1
17 72 1
17 81 1
17 82 1
17 83 1
17 84 1
17 85 1
17 86 1
17 87 1
17 120 1
17 121 1
17 122 1
17 123 1
17 124 1
17 160 1
17 161 1
17 162 1
17 163 1
17 164 1
17 165 1
18 19 1
18 21 1
18 29 1
18 30 1
18 31 1
18 32 1
18 33 1
18 34 1
18 35 1
18 37 1
18 39 1
18 40 1
18 41 1
18 66 1
18 67 1
18 70 1
18 71 1
18 72 1
18 73 1
18 80 1
18 81 1
18 82 1
18 83 1
18 84 1
18 86 1
18 87 1
18 122 1
18 123 1
18 160 1
18 161 1
18 163 1
18 164 1
18 165 1
19 20 1
19 29 1
19 32 1
19 33 1
19 34 1
19 36 1
19 37 1
19 38 1
19 39 1
19 41 1
19 66 1
19 67 1
19 68 1
19 69 1
19 70 1
19 71 1
19 73 1
19 80 1
19 81 1
19 82 1
19 84 1
19 85 1
19 86 1
19 87 1
19 120 1
19 122 1
19 124 1
19 160 1
19 162 1
19 164 1
19 165 1
20 29 1
20 30 1
20 33 1
20 34 1
20 37 1
20 39 1
20 41 1
20 66 1
20 67 1
20 68 1
20 69 1
20 70 1
20 71 1
20 80 1
20 81 1
20 82 1
20 84 1
20 85 1
20 86 1
20 87 1
20 120 1
20 121 1
20 122 1
20 123 1
20 124 1
20 160 1
20 161 1
20 162 1
20 163 1
21 30 1
21 31 1
21 32 1
21 33 1
21 34 1
21 35 1
21 36 1
21 37 1
21 38 1
21 39 1
21 41 1
21 66 1
21 67 1
21 68 1
21 69 1
21 72 1
21 80 1
21 81 1
21 82 1
21 84 1
21 85 1
21 87 1
21 120 1
21 121 1
21 122 1
21 124 1
21 161 1
21 162 1
21 163 1
21 165 1
22 29 1
22 30 1
22 31 1
22 32 1
22 33 1
22 34 1
22 35 1
22 37 1
22 39 1
22 41 1
22 66 1
22 67 1
22 69 1
22 70 1
22 71 1
22 72 1
22 73 1
22 80 1
22 81 1
22 82 1
22 83 1
22 85 1
22 86 1
22 87 1
22 120 1
22 122 1
22 123 1
22 160 1
22 161 1
22 162 1
22 163 1
22 164 1
22 165 1
23 24 1
23 26 1
23 27 1
23 28 1
23 97 1
23 98 1
23 99 1
23 109 1
23 110 1
23 112 1
23 113 1
23 132 1
23 133 1
23 134 1
23 137 1
23 138 1
23 140 1
23 141 1
23 142 1
23 143 1
23 145 1
23 146 1
23 147 1
24 95 1
24 96 1
24 97 1
24 98 1
24 99 1
24 109 1
24 110 1
24 111 1
24 112 1
24 132 1
24 133 1
24 134 1
24 136 1
24 137 1
24 138 1
24 141 1
24 142 1
24 143 1
24 144 1
24 146 1
24 147 1
25 95 1
25 96 1
25 97 1
25 98 1
25 99 1
25 109 1
25 111 1
25 112 1
25 113 1
25 132 1
25 133 1
25 135 1
25 136 1
25 137 1
25 138 1
25 139 1
25 140 1
25 141 1
25 143 1
25 145 1
25 146 1
26 27 1
26 96 1
26 97 1
26 99 1
26 109 1
26 110 1
26 111 1
26 112 1
26 113 1
26 132 1
26 133 1
26 134 1
26 135 1
26 136 1
26 137 1
26 138 1
26 140 1
26 141 1
26 142 1
26 144 1
26 145 1
26 146 1
26 147 1
27 95 1
27 97 1
27 98 1
27 99 1
27 109 1
27 110 1
27 112 1
27 113 1
27 133 1
27 134 1
27 136 1
27 137 1
27 139 1
27 140 1
27 141 1
27 143 1
27 144 1
27 145 1
27 146 1
27 147 1
28 96 1
28 97 1
28 98 1
28 99 1
28 110 1
28 111 1
28 112 1
28 113 1
28 132 1
28 134 1
28 136 1
28 138 1
28 139 1
28 140 1
28 141 1
28 142 1
28 143 1
28 144 1
28 145 1
28 146 1
28 147 1
29 30 1
29 31 1
29 32 1
29 33 1
29 34 1
29 35 1
29 36 1
29 39 1
29 41 1
29 74 1
29 75 1
29 76 1
29 77 1
29 78 1
29 125 1
29 126 1
29 127 1
29 128 1
29 129 1
29 131 1
29 132 1
29 134 1
29 136 1
29 137 1
29 138 1
29 139 1
29 140 1
29 141 1
29 143 1
29 144 1
29 146 1
29 147 1
29 153 1
29 154 1
29 155 1
29 156 1
29 157 1
29 158 1
29 166 1
29 168 1
29 173 1
29 174 1
30 35 1
30 36 1
30 37 1
30 38 1
30 39 1
30 40 1
30 41 1
30 74 1
30 75 1
30 76 1
30 78 1
30 127 1
30 128 1
30 129 1
30 130 1
30 131 1
30 132 1
30 133 1
30 134 1
30 135 1
30 137 1
30 138 1
30 139 1
30 140 1
30 141 1
30 142 1
30 144 1
30 145 1
30 154 1
30 156 1
30 157 1
30 158 1
30 159 1
30 166 1
30 167 1
30 168 1
30 170 1
30 172 1
30 174 1
31 33 1
31 34 1
31 35 1
31 36 1
31 37 1
31 39 1
31 40 1
31 74 1
31 75 1
31 76 1
31 78 1
31 79 1
31 125 1
31 126 1
31 128 1
31 129 1
31 131 1
31 132 1
31 133 1
31 134 1
31 135 1
31 136 1
31 137 1
31 138 1
31 139 1
31 140 1
31 141 1
31 142 1
31 143 1
31 144 1
31 146 1
31 155 1
31 156 1
31 157 1
31 158 1
31 159 1
31 166 1
31 167 1
31 170 1
31 172 1
31 173 1
31 174 1
32 34 1
32 35 1
32 36 1
32 37 1
32 38 1
32 39 1
32 41 1
32 75 1
32 77 1
32 78 1
32 79 1
32 125 1
32 126 1
32 127 1
32 132 1
32 133 1
32 135 1
32 136 1
32 137 1
32 138 1
32 139 1
32 140 1
32 141 1
32 144 1
32 145 1
32 146 1
32 147 1
32 153 1
32 155 1
32 156 1
32 157 1
32 158 1
32 166 1
32 167 1
32 168 1
32 169 1
32 171 1
32 172 1
32 173 1
32 174 1
33 35 1
33 37 1
33 38 1
33 39 1
33 40 1
33 74 1
33 75 1
33 76 1
33 77 1
33 78 1
33 126 1
33 127 1
33 128 1
33 129 1
33 130 1
33 131 1
33 133 1
33 134 1
33 135 1
33 137 1
33 139 1
33 140 1
33 143 1
33 144 1
33 145 1
33 153 1
33 154 1
33 155 1
33 156 1
33 157 1
33 159 1
33 167 1
33 168 1
33 169 1
33 170 1
33 171 1
33 173 1
33 174 1
34 35 1
34 36 1
34 37 1
34 38 1
34 40 1
34 57 1
34 58 1
34 59 1
34 61 1
34 63 1
34 64 1
34 65 1
34 66 1
34 67 1
34 68 1
34 69 1
34 70 1
34 71 1
34 72 1
34 73 1
34 74 1
34 75 1
34 76 1
34 77 1
34 109 1
34 110 1
34 111 1
34 112 1
34 114 1
34 115 1
34 116 1
34 117 1
34 118 1
34 119 1
34 120 1
34 121 1
34 123 1
34 124 1
34 133 1
34 135 1
34 136 1
34 137 1
34 138 1
34 139 1
34 153 1
34 155 1
34 159 1
34 161 1
34 162 1
34 163 1
34 164 1
34 165 1
34 166 1
34 169 1
34 170 1
34 171 1
34 172 1
35 36 1
35 37 1
35 38 1
35 39 1
35 40 1
35 58 1
35 60 1
35 62 1
35 63 1
35 64 1
35 65 1
35 67 1
35 68 1
35 69 1
35 70 1
35 72 1
35 74 1
35 76 1
35 77 1
35 78 1
35 79 1
35 109 1
35 111 1
35 113 1
35 115 1
35 117 1
35 118 1
35 119 1
35 120 1
35 122 1
35 123 1
35 124 1
35 132 1
35 133 1
35 134 1
35 135 1
35 137 1
35 139 1
35 153 1
35 154 1
35 157 1
35 160 1
35 161 1
35 162 1
35 164 1
35 165 1
35 166 1
35 167 1
35 168 1
35 169 1
35 170 1
35 171 1
35 172 1
35 173 1
35 174 1
36 37 1
36 39 1
36 40 1
36 41 1
36 57 1
36 58 1
36 59 1
36 61 1
36 63 1
36 64 1
36 66 1
36 67 1
36 68 1
36 69 1
36 71 1
36 72 1
36 73 1
36 74 1
36 76 1
36 78 1
36 79 1
36 109 1
36 110 1
36 111 1
36 112 1
36 114 1
36 115 1
36 120 1
36 122 1
36 124 1
36 132 1
36 133 1
36 134 1
36 135 1
36 136 1
36 138 1
36 139 1
36 155 1
36 156 1
36 157 1
36 158 1
36 159 1
36 160 1
36 162 1
36 163 1
36 165 1
36 166 1
36 167 1
36 170 1
36 172 1
36 173 1
36 174 1
37 41 1
37 57 1
37 59 1
37 60 1
37 62 1
37 63 1
37 67 1
37 69 1
37 70 1
37 71 1
37 72 1
37 73 1
37 75 1
37 76 1
37 77 1
37 78 1
37 79 1
37 109 1
37 110 1
37 111 1
37 112 1
37 114 1
37 115 1
37 116 1
37 117 1
37 118 1
37 119 1
37 120 1
37 121 1
37 122 1
37 123 1
37 124 1
37 132 1
37 133 1
37 134 1
37 135 1
37 136 1
37 138 1
37 153 1
37 154 1
37 156 1
37 157 1
37 159 1
37 160 1
37 162 1
37 163 1
37 164 1
37 165 1
37 166 1
37 168 1
37 170 1
37 171 1
37 173 1
37 174 1
38 39 1
38 40 1
38 41 1
38 57 1
38 58 1
38 60 1
38 61 1
38 62 1
38 63 1
38 64 1
38 65 1
38 66 1
38 67 1
38 68 1
38 69 1
38 70 1
38 72 1
38 73 1
38 76 1
38 77 1
38 78 1
38 79 1
38 110 1
38 111 1
38 112 1
38 113 1
38 115 1
38 116 1
38 117 1
38 118 1
38 119 1
38 120 1
38 122 1
38 124 1
38 132 1
38 134 1
38 135 1
38 136 1
38 138 1
38 139 1
38 154 1
38 155 1
38 157 1
38 158 1
38 160 1
38 161 1
38 162 1
38 163 1
38 164 1
38 165 1
38 166 1
38 167 1
38 168 1
38 169 1
38 170 1
38 172 1
38 173 1
38 174 1
39 40 1
39 41 1
39 57 1
39 58 1
39 59 1
39 61 1
39 62 1
39 64 1
39 66 1
39 68 1
39 69 1
39 71 1
39 72 1
39 73 1
39 74 1
39 75 1
39 76 1
39 78 1
39 111 1
39 112 1
39 113 1
39 114 1
39 115 1
39 116 1
39 117 1
39 118 1
39 120 1
39 121 1
39 122 1
39 123 1
39 132 1
39 133 1
39 136 1
39 137 1
39 138 1
39 139 1
39 153 1
39 155 1
39 156 1
39 157 1
39 159 1
39 160 1
39 161 1
39 162 1
39 163 1
39 168 1
39 169 1
39 171 1
39 172 1
39 173 1
40 41 1
40 57 1
40 58 1
40 62 1
40 63 1
40 64 1
40 65 1
40 66 1
40 67 1
40 68 1
40 70 1
40 72 1
40 73 1
40 75 1
40 76 1
40 77 1
40 78 1
40 79 1
40 109 1
40 110 1
40 111 1
40 112 1
40 113 1
40 115 1
40 116 1
40 117 1
40 119 1
40 120 1
40 121 1
40 122 1
40 123 1
40 124 1
40 133 1
40 135 1
40 137 1
40 153 1
40 154 1
40 155 1
40 156 1
40 157 1
40 158 1
40 159 1
40 160 1
40 161 1
40 162 1
40 165 1
40 166 1
40 168 1
40 169 1
40 170 1
40 173 1
40 174 1
41 57 1
41 58 1
41 61 1
41 62 1
41 63 1
41 64 1
41 65 1
41 66 1
41 67 1
41 69 1
41 71 1
41 72 1
41 73 1
41 74 1
41 76 1
41 77 1
41 78 1
41 109 1
41 110 1
41 111 1
41 112 1
41 113 1
41 115 1
41 116 1
41 117 1
41 118 1
41 120 1
41 123 1
41 132 1
41 133 1
41 135 1
41 156 1
41 157 1
41 158 1
41 159 1
41 160 1
41 161 1
41 162 1
41 163 1
41 164 1
41 165 1
41 166 1
41 168 1
41 169 1
41 171 1
41 172 1
41 173 1
42 43 1
42 44 1
42 45 1
42 46 1
42 47 1
42 48 1
42 49 1
42 66 1
42 67 1
42 69 1
42 71 1
42 74 1
42 75 1
42 76 1
42 77 1
42 78 1
42 79 1
42 80 1
42 81 1
42 82 1
42 83 1
42 84 1
42 85 1
42 86 1
42 87 1
42 95 1
42 96 1
42 97 1
42 98 1
42 100 1
42 101 1
42 102 1
42 103 1
42 104 1
42 106 1
42 107 1
42 109 1
42 110 1
42 111 1
42 112 1
42 113 1
42 125 1
42 127 1
42 128 1
42 140 1
42 142 1
42 143 1
42 144 1
42 145 1
42 146 1
42 147 1
42 161 1
42 162 1
42 163 1
42 164 1
42 165 1
42 167 1
42 169 1
42 170 1
42 171 1
42 173 1
42 174 1
43 44 1
43 46 1
43 49 1
43 66 1
43 67 1
43 68 1
43 70 1
43 74 1
43 75 1
43 76 1
43 79 1
43 80 1
43 82 1
43 83 1
43 85 1
43 86 1
43 87 1
43 95 1
43 97 1
43 98 1
43 99 1
43 101 1
43 102 1
43 103 1
43 106 1
43 107 1
43 109 1
43 110 1
43 111 1
43 112 1
43 113 1
43 125 1
43 126 1
43 127 1
43 128 1
43 129 1
43 140 1
43 141 1
43 142 1
43 143 1
43 146 1
43 160 1
43 161 1
43 162 1
43 163 1
43 165 1
43 166 1
43 167 1
43 168 1
43 171 1
43 172 1
43 173 1
43 174 1
44 45 1
44 46 1
44 47 1
44 48 1
44 49 1
44 66 1
44 67 1
44 68 1
44 69 1
44 70 1
44 71 1
44 74 1
44 75 1
44 76 1
44 79 1
44 81 1
44 82 1
44 84 1
44 87 1
44 95 1
44 97 1
44 98 1
44 99 1
44 100 1
44 101 1
44 102 1
44 104 1
44 105 1
44 106 1
44 107 1
44 109 1
44 110 1
44 112 1
44 113 1
44 125 1
44 126 1
44 127 1
44 128 1
44 129 1
44 130 1
44 140 1
44 142 1
44 143 1
44 144 1
44 145 1
44 147 1
44 160 1
44 161 1
44 162 1
44 163 1
44 164 1
44 165 1
44 166 1
44 167 1
44 169 1
44 170 1
44 171 1
44 172 1
44 173 1
44 174 1
45 47 1
45 48 1
45 49 1
45 66 1
45 67 1
45 68 1
45 69 1
45 70 1
45 71 1
45 72 1
45 74 1
45 75 1
45 76 1
45 77 1
45 78 1
45 79 1
45 80 1
45 81 1
45 82 1
45 85 1
45 86 1
45 87 1
45 95 1
45 96 1
45 98 1
45 99 1
45 102 1
45 103 1
45 104 1
45 106 1
45 107 1
45 108 1
45 112 1
45 113 1
45 125 1
45 126 1
45 127 1
45 128 1
45 129 1
45 130 1
45 131 1
45 140 1
45 141 1
45 142 1
45 143 1
45 144 1
45 146 1
45 147 1
45 160 1
45 162 1
45 164 1
45 166 1
45 167 1
45 170 1
45 172 1
45 173 1
45 174 1
46 47 1
46 48 1
46 49 1
46 67 1
46 70 1
46 71 1
46 72 1
46 73 1
46 74 1
46 75 1
46 76 1
46 79 1
46 80 1
46 82 1
46 83 1
46 84 1
46 85 1
46 86 1
46 87 1
46 96 1
46 98 1
46 100 1
46 101 1
46 102 1
46 103 1
46 104 1
46 105 1
46 106 1
46 107 1
46 108 1
46 109 1
46 110 1
46 113 1
46 125 1
46 127 1
46 128 1
46 129 1
46 131 1
46 140 1
46 141 1
46 142 1
46 143 1
46 144 1
46 145 1
46 146 1
46 147 1
46 160 1
46 162 1
46 165 1
46 166 1
46 167 1
46 168 1
46 169 1
46 170 1
46 171 1
46 173 1
46 174 1
47 48 1
47 66 1
47 67 1
47 68 1
47 69 1
47 70 1
47 72 1
47 74 1
47 76 1
47 77 1
47 78 1
47 79 1
47 80 1
47 81 1
47 82 1
47 83 1
47 84 1
47 85 1
47 87 1
47 95 1
47 96 1
47 98 1
47 99 1
47 100 1
47 101 1
47 102 1
47 103 1
47 104 1
47 105 1
47 106 1
47 107 1
47 108 1
47 109 1
47 110 1
47 112 1
47 113 1
47 125 1
47 126 1
47 128 1
47 130 1
47 131 1
47 140 1
47 141 1
47 142 1
47 144 1
47 145 1
47 146 1
47 161 1
47 162 1
47 163 1
47 167 1
47 168 1
47 170 1
47 174 1
48 49 1
48 66 1
48 67 1
48 68 1
48 69 1
48 71 1
48 73 1
48 74 1
48 75 1
48 76 1
48 77 1
48 78 1
48 79 1
48 80 1
48 81 1
48 83 1
48 84 1
48 86 1
48 87 1
48 95 1
48 96 1
48 97 1
48 98 1
48 99 1
48 100 1
48 101 1
48 102 1
48 104 1
48 105 1
48 106 1
48 108 1
48 109 1
48 110 1
48 111 1
48 112 1
48 113 1
48 125 1
48 126 1
48 127 1
48 128 1
48 130 1
48 131 1
48 141 1
48 142 1
48 143 1
48 144 1
48 145 1
48 146 1
48 147 1
48 160 1
48 161 1
48 162 1
48 163 1
48 164 1
48 165 1
48 166 1
48 168 1
48 169 1
48 170 1
48 171 1
48 172 1
48 173 1
49 67 1
49 68 1
49 69 1
49 71 1
49 73 1
49 75 1
49 76 1
49 78 1
49 79 1
49 82 1
49 83 1
49 85 1
49 86 1
49 95 1
49 97 1
49 98 1
49 99 1
49 102 1
49 105 1
49 106 1
49 107 1
49 109 1
49 113 1
49 125 1
49 126 1
49 127 1
49 128 1
49 129 1
49 131 1
49 140 1
49 142 1
49 143 1
49 144 1
49 145 1
49 146 1
49 147 1
49 160 1
49 161 1
49 162 1
49 163 1
49 165 1
49 166 1
49 167 1
49 168 1
49 169 1
49 171 1
49 173 1
49 174 1
50 52 1
50 53 1
50 54 1
50 56 1
50 57 1
50 59 1
50 61 1
50 64 1
50 65 1
50 109 1
50 110 1
50 111 1
50 112 1
50 113 1
50 114 1
50 115 1
50 116 1
50 117 1
50 118 1
50 119 1
50 153 1
50 154 1
50 155 1
50 157 1
50 158 1
50 159 1
51 53 1
51 54 1
51 55 1
51 57 1
51 58 1
51 60 1
51 61 1
51 62 1
51 64 1
51 65 1
51 109 1
51 110 1
51 111 1
51 113 1
51 114 1
51 115 1
51 116 1
51 118 1
51 119 1
51 153 1
51 154 1
51 155 1
51 157 1
51 158 1
51 159 1
52 53 1
52 55 1
52 57 1
52 59 1
52 60 1
52 61 1
52 62 1
52 63 1
52 65 1
52 109 1
52 110 1
52 111 1
52 112 1
52 113 1
52 114 1
52 115 1
52 116 1
52 117 1
52 118 1
52 155 1
52 157 1
52 158 1
52 159 1
53 54 1
53 56 1
53 57 1
53 58 1
53 61 1
53 62 1
53 65 1
53 109 1
53 111 1
53 113 1
53 114 1
53 115 1
53 116 1
53 118 1
53 119 1
53 153 1
53 154 1
53 156 1
53 157 1
53 158 1
53 159 1
54 55 1
54 56 1
54 57 1
54 61 1
54 62 1
54 63 1
54 64 1
54 65 1
54 110 1
54 111 1
54 112 1
54 114 1
54 115 1
54 116 1
54 117 1
54 118 1
54 119 1
54 154 1
54 156 1
54 157 1
54 159 1
55 59 1
55 60 1
55 61 1
55 63 1
55 64 1
55 65 1
55 109 1
55 110 1
55 112 1
55 114 1
55 115 1
55 116 1
55 117 1
55 119 1
55 153 1
55 154 1
55 156 1
55 157 1
55 158 1
55 159 1
56 57 1
56 60 1
56 61 1
56 62 1
56 65 1
56 109 1
56 110 1
56 111 1
56 112 1
56 113 1
56 114 1
56 115 1
56 116 1
56 118 1
56 119 1
56 154 1
56 156 1
56 157 1
56 158 1
56 159 1
57 58 1
57 60 1
57 61 1
57 62 1
57 63 1
57 64 1
57 66 1
57 67 1
57 68 1
57 69 1
57 70 1
57 73 1
57 90 1
57 92 1
57 94 1
57 109 1
57 112 1
57 113 1
57 114 1
57 115 1
57 117 1
57 118 1
57 140 1
57 141 1
57 142 1
57 144 1
57 145 1
57 146 1
57 147 1
57 153 1
57 154 1
57 156 1
57 158 1
57 159 1
57 160 1
57 161 1
57 162 1
57 163 1
58 59 1
58 60 1
58 62 1
58 63 1
58 64 1
58 65 1
58 66 1
58 67 1
58 68 1
58 69 1
58 70 1
58 71 1
58 72 1
58 73 1
58 88 1
58 90 1
58 92 1
58 93 1
58 94 1
58 109 1
58 110 1
58 111 1
58 112 1
58 113 1
58 114 1
58 115 1
58 116 1
58 117 1
58 118 1
58 140 1
58 143 1
58 144 1
58 145 1
58 147 1
58 153 1
58 154 1
58 155 1
58 157 1
58 159 1
58 161 1
58 162 1
58 164 1
58 165 1
59 60 1
59 61 1
59 62 1
59 63 1
59 64 1
59 65 1
59 66 1
59 68 1
59 69 1
59 70 1
59 71 1
59 88 1
59 89 1
59 90 1
59 91 1
59 92 1
59 93 1
59 94 1
59 109 1
59 111 1
59 113 1
59 114 1
59 116 1
59 118 1
59 119 1
59 141 1
59 142 1
59 143 1
59 144 1
59 145 1
59 146 1
59 153 1
59 154 1
59 155 1
59 156 1
59 159 1
59 160 1
59 161 1
59 162 1
59 163 1
59 164 1
59 165 1
60 62 1
60 63 1
60 64 1
60 65 1
60 66 1
60 67 1
60 69 1
60 70 1
60 71 1
60 72 1
60 73 1
60 89 1
60 91 1
60 93 1
60 94 1
60 110 1
60 111 1
60 112 1
60 114 1
60 115 1
60 116 1
60 117 1
60 118 1
60 119 1
60 140 1
60 141 1
60 142 1
60 143 1
60 144 1
60 145 1
60 146 1
60 147 1
60 153 1
60 155 1
60 156 1
60 157 1
60 158 1
60 159 1
60 160 1
60 161 1
60 162 1
60 163 1
60 164 1
60 165 1
61 63 1
61 64 1
61 66 1
61 67 1
61 68 1
61 69 1
61 71 1
61 72 1
61 73 1
61 88 1
61 90 1
61 91 1
61 92 1
61 94 1
61 109 1
61 110 1
61 111 1
61 112 1
61 113 1
61 114 1
61 115 1
61 116 1
61 117 1
61 118 1
61 119 1
61 140 1
61 143 1
61 144 1
61 145 1
61 146 1
61 147 1
61 155 1
61 157 1
61 158 1
61 160 1
61 161 1
61 164 1
61 165 1
62 64 1
62 65 1
62 67 1
62 69 1
62 71 1
62 72 1
62 88 1
62 89 1
62 90 1
62 91 1
62 93 1
62 94 1
62 110 1
62 111 1
62 112 1
62 115 1
62 116 1
62 117 1
62 119 1
62 140 1
62 141 1
62 142 1
62 143 1
62 144 1
62 145 1
62 146 1
62 147 1
62 153 1
62 154 1
62 156 1
62 159 1
62 160 1
62 161 1
62 162 1
62 163 1
62 164 1
62 165 1
63 64 1
63 65 1
63 66 1
63 67 1
63 68 1
63 71 1
63 72 1
63 73 1
63 88 1
63 90 1
63 91 1
63 92 1
63 93 1
63 94 1
63 110 1
63 111 1
63 112 1
63 113 1
63 115 1
63 117 1
63 118 1
63 140 1
63 142 1
63 143 1
63 144 1
63 145 1
63 146 1
63 147 1
63 153 1
63 154 1
63 155 1
63 156 1
63 157 1
63 158 1
63 159 1
63 160 1
63 161 1
63 162 1
63 163 1
63 164 1
63 165 1
64 65 1
64 67 1
64 68 1
64 69 1
64 71 1
64 72 1
64 73 1
64 89 1
64 90 1
64 91 1
64 92 1
64 93 1
64 94 1
64 109 1
64 110 1
64 111 1
64 112 1
64 113 1
64 114 1
64 115 1
64 117 1
64 118 1
64 119 1
64 140 1
64 141 1
64 142 1
64 144 1
64 146 1
64 147 1
64 153 1
64 154 1
64 155 1
64 156 1
64 157 1
64 159 1
64 160 1
64 161 1
64 162 1
64 163 1
64 164 1
64 165 1
65 69 1
65 70 1
65 71 1
65 72 1
65 88 1
65 90 1
65 91 1
65 92 1
65 93 1
65 94 1
65 111 1
65 112 1
65 113 1
65 116 1
65 117 1
65 118 1
65 119 1
65 140 1
65 141 1
65 144 1
65 145 1
65 146 1
65 147 1
65 154 1
65 155 1
65 156 1
65 157 1
65 159 1
65 161 1
65 162 1
65 163 1
65 164 1
65 165 1
66 67 1
66 68 1
66 69 1
66 70 1
66 71 1
66 72 1
66 100 1
66 104 1
66 105 1
66 106 1
66 107 1
66 125 1
66 128 1
66 130 1
66 131 1
66 134 1
66 135 1
66 136 1
66 138 1
66 139 1
66 160 1
66 161 1
66 163 1
66 164 1
67 68 1
67 69 1
67 70 1
67 71 1
67 72 1
67 73 1
67 101 1
67 102 1
67 103 1
67 104 1
67 107 1
67 108 1
67 125 1
67 128 1
67 130 1
67 131 1
67 132 1
67 133 1
67 134 1
67 137 1
67 138 1
67 139 1
67 160 1
67 161 1
67 162 1
67 163 1
67 164 1
67 165 1
68 69 1
68 72 1
68 101 1
68 103 1
68 104 1
68 106 1
68 107 1
68 108 1
68 125 1
68 126 1
68 128 1
68 129 1
68 130 1
68 131 1
68 132 1
68 133 1
68 134 1
68 135 1
68 136 1
68 137 1
68 138 1
68 139 1
68 161 1
68 162 1
69 72 1
69 73 1
69 100 1
69 101 1
69 102 1
69 103 1
69 104 1
69 105 1
69 108 1
69 125 1
69 127 1
69 129 1
69 131 1
69 132 1
69 133 1
69 134 1
69 136 1
69 137 1
69 138 1
69 139 1
69 160 1
69 161 1
69 164 1
69 165 1
70 71 1
70 72 1
70 73 1
70 100 1
70 101 1
70 102 1
70 103 1
70 104 1
70 106 1
70 107 1
70 108 1
70 125 1
70 127 1
70 130 1
70 131 1
70 133 1
70 134 1
70 135 1
70 137 1
70 138 1
70 139 1
70 161 1
70 163 1
70 164 1
70 165 1
71 72 1
71 73 1
71 100 1
71 101 1
71 102 1
71 103 1
71 104 1
71 107 1
71 108 1
71 125 1
71 127 1
71 128 1
71 132 1
71 133 1
71 134 1
71 135 1
71 137 1
71 138 1
71 160 1
71 161 1
71 162 1
71 164 1
72 73 1
72 103 1
72 105 1
72 106 1
72 108 1
72 125 1
72 126 1
72 127 1
72 128 1
72 129 1
72 130 1
72 132 1
72 133 1
72 135 1
72 136 1
72 138 1
72 139 1
72 161 1
72 163 1
72 164 1
72 165 1
73 100 1
73 101 1
73 102 1
73 103 1
73 106 1
73 125 1
73 126 1
73 127 1
73 129 1
73 130 1
73 131 1
73 133 1
73 134 1
73 135 1
73 136 1
73 137 1
73 139 1
73 160 1
73 161 1
73 162 1
73 163 1
73 164 1
73 165 1
74 78 1
74 75 1
74 76 1
74 100 1
74 102 1
74 103 1
74 105 1
74 106 1
74 107 1
74 108 1
74 114 1
74 115 1
74 117 1
74 119 1
74 148 1
74 149 1
74 150 1
74 151 1
74 166 1
74 167 1
74 168 1
74 169 1
74 170 1
74 171 1
74 172 1
74 173 1
74 174 1
75 78 1
75 79 1
75 100 1
75 101 1
75 102 1
75 103 1
75 104 1
75 105 1
75 106 1
75 107 1
75 108 1
75 116 1
75 118 1
75 119 1
75 149 1
75 150 1
75 151 1
75 152 1
75 166 1
75 167 1
75 168 1
75 169 1
75 170 1
75 171 1
75 172 1
75 173 1
75 174 1
76 78 1
76 79 1
76 100 1
76 102 1
76 103 1
76 105 1
76 107 1
76 108 1
76 114 1
76 115 1
76 117 1
76 118 1
76 119 1
76 149 1
76 151 1
76 166 1
76 167 1
76 168 1
76 169 1
76 170 1
76 171 1
76 172 1
76 173 1
77 100 1
77 101 1
77 102 1
77 103 1
77 105 1
77 107 1
77 114 1
77 115 1
77 116 1
77 117 1
77 118 1
77 119 1
77 148 1
77 149 1
77 150 1
77 152 1
77 166 1
77 168 1
77 169 1
77 170 1
77 171 1
77 172 1
77 173 1
77 174 1
78 100 1
78 103 1
78 104 1
78 106 1
78 107 1
78 108 1
78 116 1
78 117 1
78 118 1
78 119 1
78 148 1
78 149 1
78 150 1
78 152 1
78 166 1
78 167 1
78 169 1
78 170 1
78 171 1
78 172 1
78 173 1
78 174 1
79 100 1
79 101 1
79 103 1
79 104 1
79 105 1
79 106 1
79 108 1
79 114 1
79 115 1
79 116 1
79 118 1
79 119 1
79 148 1
79 150 1
79 151 1
79 152 1
79 166 1
79 167 1
79 170 1
79 172 1
79 173 1
79 174 1
80 87 1
80 100 1
80 102 1
80 103 1
80 104 1
80 105 1
80 106 1
80 108 1
80 109 1
80 110 1
80 111 1
80 112 1
80 113 1
80 126 1
80 127 1
80 128 1
80 129 1
80 130 1
80 153 1
80 154 1
80 155 1
80 156 1
80 157 1
80 158 1
80 159 1
81 84 1
81 87 1
81 82 1
81 100 1
81 101 1
81 102 1
81 103 1
81 104 1
81 105 1
81 108 1
81 109 1
81 110 1
81 111 1
81 112 1
81 113 1
81 125 1
81 126 1
81 127 1
81 129 1
81 130 1
81 131 1
81 153 1
81 154 1
81 155 1
81 156 1
81 157 1
81 158 1
81 159 1
82 84 1
82 85 1
82 86 1
82 87 1
82 100 1
82 101 1
82 102 1
82 103 1
82 104 1
82 105 1
82 106 1
82 107 1
82 108 1
82 109 1
82 110 1
82 111 1
82 113 1
82 125 1
82 126 1
82 127 1
82 128 1
82 129 1
82 130 1
82 153 1
82 154 1
82 155 1
82 156 1
82 157 1
82 159 1
83 84 1
83 86 1
83 100 1
83 101 1
83 102 1
83 105 1
83 108 1
83 110 1
83 111 1
83 112 1
83 125 1
83 127 1
83 128 1
83 129 1
83 130 1
83 153 1
83 155 1
83 157 1
83 158 1
84 100 1
84 101 1
84 102 1
84 105 1
84 107 1
84 108 1
84 109 1
84 110 1
84 113 1
84 125 1
84 126 1
84 127 1
84 129 1
84 130 1
84 154 1
84 157 1
84 158 1
84 159 1
85 87 1
85 100 1
85 101 1
85 102 1
85 104 1
85 106 1
85 107 1
85 108 1
85 109 1
85 110 1
85 111 1
85 112 1
85 113 1
85 125 1
85 126 1
85 127 1
85 128 1
85 129 1
85 130 1
85 131 1
85 153 1
85 154 1
85 157 1
85 158 1
85 159 1
86 101 1
86 102 1
86 106 1
86 108 1
86 109 1
86 110 1
86 111 1
86 113 1
86 125 1
86 126 1
86 127 1
86 128 1
86 129 1
86 130 1
86 154 1
86 158 1
86 159 1
87 100 1
87 102 1
87 103 1
87 104 1
87 105 1
87 106 1
87 108 1
87 109 1
87 111 1
87 112 1
87 113 1
87 125 1
87 126 1
87 127 1
87 128 1
87 129 1
87 130 1
87 131 1
87 153 1
87 155 1
87 156 1
87 158 1
87 159 1
88 92 1
88 93 1
88 94 1
88 109 1
88 110 1
88 112 1
88 113 1
88 125 1
88 126 1
88 127 1
88 129 1
88 130 1
88 131 1
88 132 1
88 133 1
88 134 1
88 135 1
88 136 1
88 139 1
89 91 1
89 93 1
89 94 1
89 109 1
89 110 1
89 113 1
89 125 1
89 127 1
89 128 1
89 129 1
89 130 1
89 131 1
89 132 1
89 133 1
89 135 1
89 136 1
89 137 1
89 138 1
89 139 1
90 91 1
90 93 1
90 94 1
90 109 1
90 111 1
90 113 1
90 125 1
90 126 1
90 127 1
90 128 1
90 129 1
90 130 1
90 131 1
90 133 1
90 134 1
90 135 1
90 136 1
90 137 1
90 138 1
90 139 1
91 109 1
91 111 1
91 113 1
91 125 1
91 126 1
91 127 1
91 128 1
91 129 1
91 130 1
91 131 1
91 132 1
91 133 1
91 134 1
91 135 1
91 136 1
91 137 1
91 138 1
91 139 1
92 110 1
92 111 1
92 112 1
92 113 1
92 127 1
92 129 1
92 130 1
92 131 1
92 132 1
92 133 1
92 134 1
92 136 1
92 138 1
92 139 1
93 109 1
93 110 1
93 111 1
93 125 1
93 126 1
93 127 1
93 128 1
93 129 1
93 130 1
93 131 1
93 132 1
93 133 1
93 134 1
93 135 1
93 137 1
93 139 1
94 109 1
94 110 1
94 112 1
94 113 1
94 125 1
94 126 1
94 127 1
94 128 1
94 129 1
94 130 1
94 131 1
94 132 1
94 133 1
94 134 1
94 135 1
94 136 1
94 137 1
94 138 1
95 97 1
95 98 1
95 99 1
95 96 1
95 120 1
95 121 1
95 123 1
95 124 1
95 132 1
95 135 1
95 136 1
95 138 1
95 139 1
95 140 1
95 141 1
95 142 1
95 143 1
95 144 1
95 147 1
95 160 1
95 161 1
95 162 1
95 163 1
95 165 1
96 97 1
96 98 1
96 99 1
96 120 1
96 121 1
96 123 1
96 124 1
96 133 1
96 134 1
96 135 1
96 136 1
96 138 1
96 139 1
96 140 1
96 141 1
96 142 1
96 145 1
96 146 1
96 160 1
96 161 1
96 162 1
96 163 1
96 164 1
96 165 1
97 98 1
97 120 1
97 121 1
97 122 1
97 123 1
97 124 1
97 134 1
97 136 1
97 137 1
97 138 1
97 139 1
97 140 1
97 141 1
97 142 1
97 143 1
97 144 1
97 147 1
97 160 1
97 161 1
97 163 1
97 164 1
97 165 1
98 99 1
98 120 1
98 121 1
98 123 1
98 124 1
98 134 1
98 135 1
98 136 1
98 137 1
98 138 1
98 140 1
98 141 1
98 142 1
98 143 1
98 144 1
98 145 1
98 146 1
98 147 1
98 160 1
98 161 1
98 162 1
98 163 1
98 164 1
98 165 1
99 121 1
99 122 1
99 123 1
99 124 1
99 132 1
99 133 1
99 134 1
99 135 1
99 136 1
99 137 1
99 138 1
99 139 1
99 140 1
99 144 1
99 145 1
99 146 1
99 147 1
99 160 1
99 162 1
99 164 1
99 165 1
100 104 1
100 105 1
100 106 1
100 108 1
100 109 1
100 110 1
100 112 1
100 113 1
101 104 1
101 106 1
101 107 1
101 108 1
101 102 1
101 109 1
101 110 1
101 111 1
101 112 1
101 113 1
102 104 1
102 105 1
102 106 1
102 108 1
102 109 1
102 110 1
102 111 1
102 112 1
102 113 1
103 104 1
103 105 1
103 106 1
103 107 1
103 108 1
103 109 1
103 111 1
103 112 1
104 105 1
104 109 1
104 111 1
104 112 1
104 113 1
105 107 1
105 108 1
105 112 1
105 113 1
106 109 1
106 110 1
106 111 1
106 112 1
106 113 1
107 109 1
107 110 1
107 111 1
107 112 1
108 109 1
108 110 1
108 111 1
108 112 1
108 113 1
109 110 1
109 160 1
109 161 1
109 162 1
109 163 1
109 164 1
110 111 1
110 112 1
110 161 1
110 162 1
110 163 1
110 164 1
111 160 1
111 161 1
111 163 1
111 164 1
111 165 1
112 113 1
112 160 1
112 162 1
112 164 1
112 165 1
113 160 1
113 161 1
113 162 1
113 163 1
113 164 1
113 165 1
114 117 1
114 120 1
114 121 1
114 122 1
114 123 1
114 124 1
114 132 1
114 134 1
114 135 1
114 136 1
114 137 1
114 138 1
114 139 1
115 116 1
115 119 1
115 120 1
115 122 1
115 123 1
115 132 1
115 133 1
115 134 1
115 135 1
115 136 1
115 137 1
115 138 1
116 119 1
116 120 1
116 121 1
116 122 1
116 123 1
116 124 1
116 132 1
116 133 1
116 134 1
116 136 1
116 137 1
116 138 1
116 139 1
117 118 1
117 120 1
117 122 1
117 132 1
117 134 1
117 135 1
117 136 1
117 137 1
117 138 1
117 139 1
118 119 1
118 120 1
118 121 1
118 122 1
118 123 1
118 124 1
118 132 1
118 134 1
118 135 1
118 136 1
118 137 1
118 138 1
118 139 1
119 121 1
119 122 1
119 123 1
119 124 1
119 132 1
119 133 1
119 134 1
119 135 1
119 136 1
119 137 1
119 138 1
119 139 1
120 153 1
120 154 1
120 157 1
120 158 1
120 159 1
121 122 1
121 154 1
121 155 1
121 156 1
121 157 1
121 158 1
121 159 1
122 123 1
122 153 1
122 154 1
122 155 1
122 156 1
122 157 1
122 158 1
122 159 1
123 124 1
123 153 1
123 154 1
123 155 1
123 157 1
123 158 1
124 153 1
124 155 1
124 157 1
124 158 1
124 159 1
125 126 1
125 130 1
125 133 1
125 134 1
125 135 1
125 136 1
125 137 1
125 138 1
125 139 1
125 153 1
125 154 1
125 157 1
125 158 1
125 166 1
125 167 1
125 170 1
125 174 1
126 127 1
126 131 1
126 133 1
126 134 1
126 137 1
126 138 1
126 139 1
126 153 1
126 155 1
126 157 1
126 158 1
126 159 1
126 166 1
126 168 1
126 169 1
126 170 1
126 171 1
126 173 1
126 174 1
127 128 1
127 132 1
127 134 1
127 135 1
127 136 1
127 137 1
127 138 1
127 139 1
127 153 1
127 157 1
127 158 1
127 159 1
127 166 1
127 167 1
127 168 1
127 169 1
127 171 1
127 172 1
127 173 1
128 129 1
128 132 1
128 133 1
128 134 1
128 135 1
128 136 1
128 137 1
128 138 1
128 139 1
128 153 1
128 154 1
128 155 1
128 156 1
128 157 1
128 158 1
128 166 1
128 167 1
128 169 1
128 171 1
128 173 1
128 174 1
129 130 1
129 131 1
129 132 1
129 133 1
129 134 1
129 135 1
129 136 1
129 137 1
129 138 1
129 153 1
129 154 1
129 158 1
129 166 1
129 167 1
129 168 1
129 169 1
129 170 1
129 171 1
129 172 1
129 173 1
129 174 1
130 131 1
130 133 1
130 134 1
130 135 1
130 136 1
130 138 1
130 153 1
130 155 1
130 156 1
130 158 1
130 166 1
130 167 1
130 168 1
130 170 1
130 171 1
130 173 1
130 174 1
131 132 1
131 133 1
131 134 1
131 136 1
131 137 1
131 138 1
131 139 1
131 153 1
131 154 1
131 155 1
131 156 1
131 157 1
131 158 1
131 159 1
131 167 1
131 168 1
131 170 1
131 173 1
131 174 1
132 133 1
132 138 1
132 141 1
132 142 1
132 143 1
132 144 1
132 145 1
132 146 1
132 147 1
132 153 1
132 154 1
132 155 1
132 156 1
132 157 1
133 140 1
133 141 1
133 142 1
133 143 1
133 146 1
133 153 1
133 154 1
133 155 1
133 156 1
133 157 1
133 158 1
133 159 1
134 135 1
134 136 1
134 138 1
134 141 1
134 142 1
134 143 1
134 145 1
134 147 1
134 153 1
134 154 1
134 155 1
134 156 1
134 157 1
135 138 1
135 141 1
135 142 1
135 143 1
135 144 1
135 145 1
135 146 1
135 147 1
135 153 1
135 154 1
135 155 1
135 156 1
135 158 1
135 159 1
136 137 1
136 140 1
136 141 1
136 142 1
136 144 1
136 145 1
136 146 1
136 147 1
136 153 1
136 155 1
136 156 1
136 158 1
137 138 1
137 140 1
137 141 1
137 142 1
137 145 1
137 147 1
137 153 1
137 154 1
137 155 1
137 156 1
137 158 1
137 159 1
138 139 1
138 141 1
138 143 1
138 153 1
138 154 1
138 155 1
138 157 1
138 158 1
139 140 1
139 141 1
139 142 1
139 143 1
139 145 1
139 146 1
139 147 1
139 155 1
139 156 1
139 157 1
139 159 1
140 141 1
140 148 1
140 149 1
140 151 1
140 152 1
140 153 1
140 154 1
140 155 1
140 156 1
140 157 1
140 158 1
140 159 1
141 142 1
141 149 1
141 150 1
141 151 1
141 152 1
141 154 1
141 155 1
141 157 1
141 158 1
141 159 1
142 148 1
142 150 1
142 151 1
142 152 1
142 153 1
142 154 1
142 155 1
142 156 1
142 157 1
143 145 1
143 148 1
143 149 1
143 151 1
143 152 1
143 153 1
143 156 1
143 157 1
143 158 1
143 159 1
144 147 1
144 148 1
144 149 1
144 150 1
144 151 1
144 154 1
144 155 1
144 156 1
144 157 1
144 158 1
145 147 1
145 148 1
145 149 1
145 151 1
145 152 1
145 153 1
145 156 1
145 157 1
145 158 1
146 147 1
146 149 1
146 150 1
146 151 1
146 155 1
146 158 1
146 159 1
147 148 1
147 149 1
147 150 1
147 151 1
147 152 1
147 154 1
147 155 1
147 156 1
147 158 1
148 152 1
148 160 1
148 164 1
148 165 1
149 160 1
149 162 1
149 163 1
149 164 1
149 165 1
150 152 1
150 161 1
150 162 1
150 163 1
150 164 1
150 165 1
151 152 1
151 160 1
151 163 1
151 164 1
151 165 1
152 160 1
152 162 1
152 163 1
152 165 1
154 155 1
154 157 1
155 157 1
155 158 1
156 157 1
156 159 1
160 162 1
160 164 1
160 166 1
160 168 1
160 169 1
160 170 1
160 172 1
160 173 1
160 174 1
161 163 1
161 166 1
161 167 1
161 168 1
161 169 1
161 170 1
161 171 1
161 173 1
161 174 1
162 166 1
162 167 1
162 168 1
162 169 1
162 171 1
162 172 1
162 173 1
162 174 1
163 166 1
163 168 1
163 169 1
163 170 1
163 171 1
163 172 1
163 173 1
164 166 1
164 168 1
164 169 1
164 170 1
164 171 1
164 172 1
164 173 1
164 174 1
165 166 1
165 167 1
165 168 1
165 169 1
165 170 1
165 171 1
165 172 1
165 173 1
165 174 1
167 173 1
168 169 1
169 174 1
