1 2 1
1 4 1
1 5 1
1 6 1
1 7 1
1 8 1
1 9 1
1 10 1
1 11 1
1 13 1
1 14 1
1 15 1
1 82 1
1 83 1
1 84 1
1 85 1
1 86 1
1 87 1
1 89 1
1 97 1
1 98 1
1 102 1
1 103 1
1 104 1
1 174 1
1 175 1
1 176 1
1 177 1
1 178 1
2 10 1
2 11 1
2 12 1
2 13 1
2 14 1
2 15 1
2 82 1
2 83 1
2 84 1
2 85 1
2 86 1
2 88 1
2 89 1
2 97 1
2 98 1
2 99 1
2 100 1
2 101 1
2 102 1
2 103 1
2 104 1
2 173 1
2 174 1
2 175 1
2 176 1
2 178 1
3 10 1
3 13 1
3 14 1
3 15 1
3 82 1
3 84 1
3 85 1
3 86 1
3 87 1
3 88 1
3 89 1
3 97 1
3 98 1
3 99 1
3 102 1
3 104 1
3 174 1
3 175 1
4 10 1
4 11 1
4 12 1
4 13 1
4 14 1
4 15 1
4 82 1
4 85 1
4 87 1
4 88 1
4 97 1
4 98 1
4 99 1
4 101 1
4 102 1
4 104 1
4 174 1
4 177 1
5 7 1
5 10 1
5 11 1
5 12 1
5 13 1
5 14 1
5 15 1
5 82 1
5 83 1
5 86 1
5 87 1
5 88 1
5 89 1
5 97 1
5 98 1
5 99 1
5 100 1
5 102 1
5 104 1
5 175 1
5 176 1
5 177 1
5 178 1
6 11 1
6 13 1
6 14 1
6 15 1
6 82 1
6 83 1
6 85 1
6 86 1
6 87 1
6 88 1
6 97 1
6 99 1
6 100 1
6 101 1
6 102 1
6 103 1
6 104 1
6 173 1
6 175 1
6 176 1
6 177 1
6 178 1
7 10 1
7 11 1
7 12 1
7 13 1
7 14 1
7 15 1
7 82 1
7 84 1
7 86 1
7 87 1
7 88 1
7 89 1
7 97 1
7 98 1
7 99 1
7 100 1
7 103 1
7 104 1
7 173 1
7 174 1
7 175 1
7 177 1
7 178 1
8 10 1
8 11 1
8 83 1
8 84 1
8 85 1
8 87 1
8 89 1
8 97 1
8 98 1
8 99 1
8 100 1
8 101 1
8 102 1
8 103 1
8 104 1
8 173 1
8 174 1
8 175 1
8 176 1
9 11 1
9 12 1
9 14 1
9 83 1
9 84 1
9 85 1
9 88 1
9 89 1
9 97 1
9 99 1
9 100 1
9 102 1
9 103 1
9 104 1
9 173 1
9 174 1
9 176 1
9 177 1
9 178 1
10 11 1
10 12 1
10 13 1
10 14 1
10 121 1
10 123 1
10 124 1
10 125 1
11 15 1
11 122 1
11 123 1
11 124 1
11 125 1
12 121 1
12 123 1
12 124 1
12 125 1
13 121 1
13 123 1
13 125 1
14 121 1
14 122 1
14 123 1
14 125 1
15 121 1
15 122 1
15 123 1
15 124 1
15 125 1
16 18 1
16 19 1
16 20 1
16 22 1
16 23 1
16 82 1
16 83 1
16 85 1
16 86 1
16 88 1
16 89 1
16 116 1
16 117 1
16 118 1
16 119 1
16 120 1
17 82 1
17 84 1
17 85 1
17 86 1
17 87 1
17 88 1
17 89 1
17 115 1
17 116 1
17 117 1
17 118 1
17 119 1
17 120 1
18 82 1
18 84 1
18 86 1
18 87 1
18 88 1
18 89 1
18 115 1
18 116 1
18 117 1
18 118 1
18 120 1
19 83 1
19 84 1
19 85 1
19 86 1
19 87 1
19 88 1
19 89 1
19 115 1
19 117 1
19 118 1
19 119 1
20 22 1
20 82 1
20 83 1
20 84 1
20 85 1
20 86 1
20 87 1
20 88 1
20 89 1
20 115 1
20 116 1
20 117 1
20 118 1
20 119 1
21 22 1
21 23 1
21 82 1
21 83 1
21 85 1
21 86 1
21 87 1
21 88 1
21 89 1
21 115 1
21 116 1
21 117 1
21 119 1
22 82 1
22 83 1
22 86 1
22 87 1
22 88 1
22 116 1
22 117 1
22 118 1
22 119 1
22 120 1
23 82 1
23 83 1
23 84 1
23 85 1
23 86 1
23 88 1
23 115 1
23 116 1
23 117 1
23 119 1
23 120 1
24 25 1
24 26 1
24 27 1
24 28 1
24 29 1
24 30 1
24 31 1
24 32 1
24 33 1
24 34 1
24 35 1
24 36 1
24 37 1
24 38 1
24 90 1
24 91 1
24 92 1
24 93 1
24 96 1
24 97 1
24 98 1
24 99 1
24 100 1
24 102 1
24 103 1
24 104 1
24 111 1
24 112 1
24 113 1
24 114 1
24 121 1
24 122 1
24 124 1
24 125 1
25 31 1
25 32 1
25 33 1
25 34 1
25 36 1
25 37 1
25 38 1
25 39 1
25 90 1
25 92 1
25 93 1
25 94 1
25 96 1
25 97 1
25 98 1
25 99 1
25 100 1
25 101 1
25 102 1
25 103 1
25 104 1
25 112 1
25 113 1
25 121 1
25 122 1
25 123 1
25 124 1
26 31 1
26 32 1
26 33 1
26 35 1
26 36 1
26 37 1
26 38 1
26 39 1
26 90 1
26 91 1
26 92 1
26 95 1
26 96 1
26 97 1
26 99 1
26 100 1
26 101 1
26 103 1
26 111 1
26 113 1
26 114 1
26 121 1
26 123 1
26 124 1
27 31 1
27 32 1
27 33 1
27 34 1
27 35 1
27 36 1
27 37 1
27 38 1
27 39 1
27 90 1
27 91 1
27 92 1
27 93 1
27 94 1
27 96 1
27 98 1
27 99 1
27 102 1
27 103 1
27 104 1
27 110 1
27 111 1
27 112 1
27 114 1
27 121 1
27 122 1
27 123 1
27 125 1
28 31 1
28 32 1
28 33 1
28 34 1
28 39 1
28 90 1
28 92 1
28 94 1
28 96 1
28 97 1
28 98 1
28 99 1
28 100 1
28 101 1
28 102 1
28 103 1
28 104 1
28 112 1
28 113 1
28 114 1
28 121 1
28 122 1
28 124 1
28 125 1
29 32 1
29 33 1
29 34 1
29 36 1
29 37 1
29 38 1
29 39 1
29 90 1
29 91 1
29 92 1
29 93 1
29 94 1
29 96 1
29 97 1
29 98 1
29 99 1
29 100 1
29 101 1
29 102 1
29 104 1
29 111 1
29 112 1
29 121 1
29 122 1
29 123 1
29 125 1
30 31 1
30 32 1
30 33 1
30 34 1
30 36 1
30 37 1
30 39 1
30 90 1
30 91 1
30 93 1
30 95 1
30 99 1
30 100 1
30 101 1
30 103 1
30 110 1
30 111 1
30 112 1
30 113 1
30 114 1
30 122 1
30 123 1
30 124 1
31 32 1
31 33 1
31 34 1
31 37 1
31 38 1
31 39 1
31 54 1
31 55 1
31 57 1
31 58 1
31 149 1
31 150 1
31 154 1
31 155 1
31 156 1
31 157 1
32 54 1
32 57 1
32 58 1
32 149 1
32 150 1
32 152 1
32 153 1
32 154 1
32 155 1
33 54 1
33 55 1
33 149 1
33 150 1
33 151 1
33 152 1
33 153 1
33 154 1
33 155 1
33 156 1
33 157 1
34 54 1
34 58 1
34 152 1
34 153 1
34 156 1
34 157 1
35 37 1
35 54 1
35 55 1
35 56 1
35 57 1
35 58 1
35 151 1
35 152 1
35 153 1
35 154 1
35 156 1
36 54 1
36 55 1
36 56 1
36 58 1
36 149 1
36 150 1
36 151 1
36 152 1
36 153 1
36 155 1
36 156 1
37 39 1
37 54 1
37 56 1
37 57 1
37 58 1
37 150 1
37 151 1
37 152 1
37 153 1
37 154 1
37 156 1
37 157 1
38 54 1
38 55 1
38 56 1
38 57 1
38 58 1
38 150 1
38 151 1
38 152 1
38 153 1
38 155 1
38 156 1
38 157 1
39 54 1
39 55 1
39 149 1
39 152 1
39 153 1
39 154 1
39 156 1
39 157 1
40 41 1
40 43 1
40 44 1
40 45 1
40 56 1
40 57 1
40 58 1
40 59 1
40 60 1
40 61 1
40 62 1
40 64 1
40 65 1
40 66 1
40 67 1
40 77 1
40 78 1
40 80 1
40 81 1
40 90 1
40 92 1
40 93 1
40 94 1
40 95 1
40 96 1
40 123 1
40 124 1
40 125 1
40 165 1
40 166 1
40 168 1
40 169 1
40 170 1
40 171 1
41 42 1
41 43 1
41 44 1
41 45 1
41 56 1
41 57 1
41 58 1
41 59 1
41 62 1
41 63 1
41 64 1
41 65 1
41 67 1
41 78 1
41 80 1
41 81 1
41 92 1
41 93 1
41 94 1
41 96 1
41 121 1
41 122 1
41 123 1
41 124 1
41 125 1
41 165 1
41 166 1
41 167 1
41 168 1
41 170 1
42 43 1
42 44 1
42 45 1
42 55 1
42 57 1
42 58 1
42 59 1
42 60 1
42 61 1
42 62 1
42 64 1
42 65 1
42 67 1
42 76 1
42 77 1
42 78 1
42 79 1
42 81 1
42 90 1
42 91 1
42 92 1
42 94 1
42 95 1
42 96 1
42 121 1
42 122 1
42 123 1
42 165 1
42 167 1
42 168 1
42 170 1
42 171 1
43 44 1
43 45 1
43 54 1
43 56 1
43 57 1
43 59 1
43 60 1
43 61 1
43 62 1
43 64 1
43 65 1
43 67 1
43 76 1
43 79 1
43 92 1
43 93 1
43 95 1
43 96 1
43 124 1
43 125 1
43 165 1
43 166 1
43 167 1
43 169 1
43 170 1
43 171 1
44 45 1
44 54 1
44 55 1
44 56 1
44 57 1
44 58 1
44 59 1
44 61 1
44 62 1
44 65 1
44 66 1
44 78 1
44 79 1
44 80 1
44 81 1
44 90 1
44 91 1
44 92 1
44 94 1
44 95 1
44 96 1
44 121 1
44 123 1
44 124 1
44 165 1
44 166 1
44 167 1
44 168 1
44 169 1
44 171 1
44 172 1
45 54 1
45 57 1
45 58 1
45 59 1
45 60 1
45 61 1
45 62 1
45 63 1
45 64 1
45 65 1
45 66 1
45 76 1
45 77 1
45 78 1
45 79 1
45 80 1
45 81 1
45 90 1
45 92 1
45 93 1
45 94 1
45 95 1
45 96 1
45 122 1
45 123 1
45 125 1
45 165 1
45 166 1
45 167 1
45 168 1
45 169 1
45 171 1
45 172 1
46 47 1
46 48 1
46 49 1
46 50 1
46 51 1
46 52 1
46 53 1
46 76 1
46 77 1
46 78 1
46 79 1
46 81 1
46 82 1
46 86 1
46 87 1
46 89 1
46 106 1
46 108 1
46 137 1
46 138 1
46 139 1
46 140 1
47 48 1
47 51 1
47 52 1
47 53 1
47 77 1
47 80 1
47 81 1
47 82 1
47 83 1
47 84 1
47 86 1
47 87 1
47 88 1
47 89 1
47 105 1
47 107 1
47 108 1
47 109 1
47 135 1
47 136 1
47 137 1
47 139 1
47 140 1
48 49 1
48 50 1
48 51 1
48 52 1
48 53 1
48 76 1
48 77 1
48 78 1
48 79 1
48 81 1
48 82 1
48 83 1
48 84 1
48 85 1
48 87 1
48 88 1
48 89 1
48 105 1
48 106 1
48 107 1
48 108 1
48 109 1
48 135 1
48 136 1
48 137 1
48 138 1
48 139 1
48 140 1
48 141 1
49 50 1
49 51 1
49 52 1
49 77 1
49 78 1
49 80 1
49 81 1
49 82 1
49 83 1
49 85 1
49 88 1
49 89 1
49 107 1
49 108 1
49 135 1
49 136 1
49 137 1
49 139 1
49 140 1
50 51 1
50 52 1
50 53 1
50 76 1
50 77 1
50 78 1
50 79 1
50 81 1
50 82 1
50 83 1
50 84 1
50 85 1
50 86 1
50 88 1
50 89 1
50 105 1
50 106 1
50 107 1
50 135 1
50 136 1
50 137 1
50 140 1
50 141 1
51 52 1
51 53 1
51 76 1
51 79 1
51 80 1
51 81 1
51 82 1
51 83 1
51 84 1
51 88 1
51 89 1
51 105 1
51 106 1
51 107 1
51 108 1
51 109 1
51 135 1
51 136 1
51 137 1
51 138 1
51 139 1
51 140 1
52 53 1
52 76 1
52 77 1
52 78 1
52 79 1
52 80 1
52 83 1
52 84 1
52 85 1
52 86 1
52 87 1
52 88 1
52 89 1
52 105 1
52 106 1
52 107 1
52 108 1
52 109 1
52 135 1
52 136 1
52 137 1
52 138 1
52 139 1
52 140 1
52 141 1
53 76 1
53 77 1
53 79 1
53 80 1
53 81 1
53 82 1
53 83 1
53 84 1
53 85 1
53 86 1
53 87 1
53 88 1
53 106 1
53 107 1
53 108 1
53 109 1
53 135 1
53 136 1
53 138 1
53 139 1
53 140 1
53 141 1
54 55 1
54 56 1
54 57 1
54 58 1
54 68 1
54 69 1
54 70 1
54 71 1
54 72 1
54 73 1
54 75 1
54 99 1
54 100 1
54 103 1
54 104 1
54 118 1
54 119 1
54 121 1
54 122 1
54 123 1
54 124 1
54 142 1
54 143 1
54 145 1
54 147 1
54 148 1
54 158 1
54 159 1
54 160 1
54 161 1
54 163 1
55 56 1
55 57 1
55 58 1
55 68 1
55 69 1
55 70 1
55 71 1
55 73 1
55 74 1
55 75 1
55 99 1
55 100 1
55 101 1
55 102 1
55 104 1
55 115 1
55 116 1
55 117 1
55 118 1
55 119 1
55 121 1
55 123 1
55 124 1
55 125 1
55 143 1
55 144 1
55 148 1
55 158 1
55 162 1
55 163 1
55 164 1
56 57 1
56 58 1
56 68 1
56 69 1
56 70 1
56 71 1
56 72 1
56 73 1
56 74 1
56 75 1
56 98 1
56 101 1
56 102 1
56 103 1
56 104 1
56 115 1
56 116 1
56 117 1
56 119 1
56 121 1
56 122 1
56 123 1
56 125 1
56 143 1
56 144 1
56 146 1
56 147 1
56 160 1
56 162 1
56 163 1
57 68 1
57 71 1
57 72 1
57 74 1
57 97 1
57 99 1
57 101 1
57 102 1
57 103 1
57 104 1
57 115 1
57 116 1
57 118 1
57 119 1
57 120 1
57 121 1
57 123 1
57 124 1
57 125 1
57 142 1
57 143 1
57 144 1
57 146 1
57 147 1
57 148 1
57 159 1
57 160 1
57 161 1
57 162 1
57 163 1
57 164 1
58 68 1
58 70 1
58 71 1
58 72 1
58 73 1
58 75 1
58 97 1
58 98 1
58 100 1
58 101 1
58 102 1
58 103 1
58 104 1
58 116 1
58 117 1
58 118 1
58 119 1
58 121 1
58 123 1
58 142 1
58 143 1
58 145 1
58 146 1
58 147 1
58 159 1
58 161 1
58 162 1
58 163 1
58 164 1
59 60 1
59 61 1
59 62 1
59 63 1
59 64 1
59 65 1
59 66 1
59 67 1
59 110 1
59 111 1
59 112 1
59 113 1
59 114 1
59 149 1
59 150 1
59 151 1
59 154 1
59 155 1
59 156 1
60 61 1
60 62 1
60 63 1
60 64 1
60 65 1
60 67 1
60 110 1
60 114 1
60 149 1
60 150 1
60 151 1
60 152 1
60 153 1
60 154 1
60 155 1
60 156 1
60 157 1
61 62 1
61 63 1
61 64 1
61 65 1
61 66 1
61 67 1
61 110 1
61 111 1
61 112 1
61 113 1
61 114 1
61 150 1
61 151 1
61 153 1
61 156 1
61 157 1
62 63 1
62 64 1
62 65 1
62 66 1
62 67 1
62 110 1
62 111 1
62 112 1
62 113 1
62 150 1
62 152 1
62 153 1
62 155 1
63 64 1
63 65 1
63 66 1
63 67 1
63 112 1
63 114 1
63 149 1
63 152 1
63 153 1
63 154 1
63 155 1
63 156 1
63 157 1
64 65 1
64 66 1
64 67 1
64 110 1
64 111 1
64 113 1
64 114 1
64 149 1
64 151 1
64 153 1
64 154 1
65 66 1
65 67 1
65 110 1
65 111 1
65 112 1
65 113 1
65 114 1
65 149 1
65 150 1
65 151 1
65 152 1
65 153 1
65 154 1
65 155 1
65 156 1
65 157 1
66 67 1
66 110 1
66 111 1
66 112 1
66 113 1
66 149 1
66 150 1
66 151 1
66 153 1
66 155 1
66 156 1
66 157 1
67 111 1
67 112 1
67 113 1
67 114 1
67 150 1
67 151 1
67 152 1
67 153 1
67 154 1
67 155 1
67 156 1
67 157 1
68 69 1
68 70 1
68 71 1
68 72 1
68 73 1
68 74 1
68 75 1
68 76 1
68 77 1
68 78 1
68 79 1
68 82 1
68 83 1
68 84 1
68 89 1
68 90 1
68 91 1
68 93 1
68 94 1
68 95 1
68 96 1
68 106 1
68 107 1
68 108 1
68 109 1
68 110 1
68 111 1
68 112 1
68 114 1
69 70 1
69 71 1
69 72 1
69 74 1
69 75 1
69 76 1
69 78 1
69 79 1
69 80 1
69 81 1
69 82 1
69 83 1
69 85 1
69 86 1
69 87 1
69 88 1
69 89 1
69 91 1
69 92 1
69 93 1
69 94 1
69 95 1
69 96 1
69 105 1
69 106 1
69 107 1
69 108 1
69 109 1
69 110 1
69 111 1
69 112 1
69 113 1
70 71 1
70 72 1
70 73 1
70 74 1
70 77 1
70 78 1
70 79 1
70 80 1
70 81 1
70 82 1
70 83 1
70 84 1
70 85 1
70 87 1
70 88 1
70 89 1
70 90 1
70 91 1
70 92 1
70 93 1
70 94 1
70 95 1
70 105 1
70 106 1
70 107 1
70 108 1
70 109 1
70 110 1
70 111 1
70 112 1
70 114 1
71 72 1
71 73 1
71 74 1
71 75 1
71 76 1
71 77 1
71 78 1
71 79 1
71 80 1
71 81 1
71 82 1
71 83 1
71 85 1
71 86 1
71 87 1
71 89 1
71 90 1
71 91 1
71 93 1
71 94 1
71 95 1
71 96 1
71 105 1
71 106 1
71 107 1
71 108 1
71 111 1
71 112 1
71 114 1
72 73 1
72 74 1
72 75 1
72 76 1
72 77 1
72 78 1
72 81 1
72 83 1
72 85 1
72 88 1
72 89 1
72 91 1
72 93 1
72 94 1
72 96 1
72 106 1
72 107 1
72 108 1
72 110 1
72 111 1
72 112 1
72 113 1
72 114 1
73 74 1
73 75 1
73 76 1
73 77 1
73 78 1
73 79 1
73 80 1
73 81 1
73 82 1
73 83 1
73 84 1
73 85 1
73 86 1
73 87 1
73 88 1
73 90 1
73 91 1
73 92 1
73 94 1
73 105 1
73 106 1
73 107 1
73 108 1
73 110 1
73 111 1
73 112 1
73 114 1
74 75 1
74 76 1
74 77 1
74 78 1
74 79 1
74 81 1
74 82 1
74 84 1
74 85 1
74 86 1
74 87 1
74 88 1
74 89 1
74 91 1
74 92 1
74 93 1
74 94 1
74 105 1
74 106 1
74 107 1
74 108 1
74 109 1
74 110 1
74 111 1
74 112 1
74 113 1
74 114 1
75 77 1
75 78 1
75 79 1
75 80 1
75 81 1
75 82 1
75 83 1
75 84 1
75 85 1
75 88 1
75 89 1
75 91 1
75 92 1
75 93 1
75 94 1
75 96 1
75 105 1
75 107 1
75 108 1
75 109 1
75 110 1
75 111 1
75 112 1
75 113 1
75 114 1
76 79 1
76 80 1
76 81 1
76 121 1
76 123 1
76 124 1
76 125 1
76 173 1
76 177 1
76 178 1
77 79 1
77 81 1
77 121 1
77 122 1
77 124 1
77 125 1
77 173 1
77 174 1
77 175 1
77 176 1
77 177 1
77 178 1
78 79 1
78 80 1
78 81 1
78 121 1
78 122 1
78 124 1
78 125 1
78 173 1
78 175 1
78 176 1
78 177 1
78 178 1
79 121 1
79 122 1
79 123 1
79 124 1
79 125 1
79 173 1
79 174 1
79 176 1
79 177 1
79 178 1
80 121 1
80 123 1
80 124 1
80 125 1
80 173 1
80 174 1
80 175 1
80 177 1
80 178 1
81 121 1
81 122 1
81 124 1
81 125 1
81 173 1
81 174 1
81 175 1
81 176 1
82 86 1
82 87 1
82 89 1
82 106 1
82 107 1
82 108 1
82 109 1
82 149 1
82 150 1
82 151 1
82 152 1
82 153 1
82 154 1
82 155 1
82 157 1
83 87 1
83 88 1
83 89 1
83 105 1
83 106 1
83 108 1
83 109 1
83 149 1
83 150 1
83 151 1
83 153 1
83 154 1
83 155 1
83 156 1
83 157 1
84 87 1
84 88 1
84 89 1
84 106 1
84 109 1
84 149 1
84 150 1
84 151 1
84 152 1
84 153 1
84 154 1
84 155 1
84 156 1
84 157 1
85 86 1
85 88 1
85 89 1
85 105 1
85 106 1
85 107 1
85 108 1
85 109 1
85 149 1
85 150 1
85 151 1
85 153 1
85 154 1
85 155 1
85 156 1
85 157 1
86 105 1
86 107 1
86 108 1
86 149 1
86 152 1
86 153 1
86 154 1
86 155 1
86 156 1
86 157 1
87 105 1
87 106 1
87 109 1
87 149 1
87 150 1
87 151 1
87 152 1
87 153 1
87 154 1
87 156 1
87 157 1
88 105 1
88 106 1
88 107 1
88 109 1
88 149 1
88 151 1
88 152 1
88 153 1
88 154 1
88 155 1
88 156 1
89 105 1
89 106 1
89 107 1
89 108 1
89 109 1
89 149 1
89 150 1
89 151 1
89 153 1
89 155 1
89 157 1
90 94 1
90 95 1
90 96 1
90 115 1
90 116 1
90 118 1
90 119 1
90 120 1
90 121 1
90 122 1
90 124 1
90 125 1
90 158 1
90 160 1
90 162 1
90 163 1
91 93 1
91 94 1
91 95 1
91 96 1
91 115 1
91 116 1
91 117 1
91 119 1
91 120 1
91 121 1
91 123 1
91 124 1
91 158 1
91 159 1
91 163 1
92 93 1
92 94 1
92 96 1
92 115 1
92 118 1
92 122 1
92 123 1
92 125 1
92 158 1
92 160 1
92 161 1
92 162 1
92 163 1
93 115 1
93 116 1
93 117 1
93 120 1
93 121 1
93 122 1
93 123 1
93 158 1
93 159 1
93 161 1
93 163 1
93 164 1
94 115 1
94 116 1
94 117 1
94 118 1
94 120 1
94 121 1
94 122 1
94 124 1
94 125 1
94 158 1
94 159 1
94 160 1
94 161 1
94 162 1
94 163 1
94 164 1
95 115 1
95 117 1
95 118 1
95 120 1
95 121 1
95 122 1
95 123 1
95 124 1
95 125 1
95 158 1
95 159 1
95 160 1
95 161 1
95 162 1
95 164 1
96 115 1
96 117 1
96 119 1
96 120 1
96 121 1
96 122 1
96 124 1
96 125 1
96 158 1
96 159 1
96 160 1
96 161 1
96 162 1
96 164 1
97 101 1
97 102 1
97 103 1
97 104 1
97 110 1
97 111 1
97 112 1
97 114 1
97 121 1
97 123 1
97 125 1
97 126 1
97 127 1
97 128 1
97 129 1
97 131 1
97 132 1
97 133 1
97 134 1
97 142 1
97 143 1
97 144 1
97 145 1
97 146 1
97 147 1
97 149 1
97 150 1
97 151 1
97 155 1
97 156 1
97 157 1
98 101 1
98 102 1
98 103 1
98 104 1
98 110 1
98 112 1
98 114 1
98 121 1
98 123 1
98 124 1
98 125 1
98 126 1
98 128 1
98 130 1
98 131 1
98 132 1
98 134 1
98 142 1
98 143 1
98 144 1
98 145 1
98 146 1
98 147 1
98 148 1
98 149 1
98 150 1
98 151 1
98 154 1
98 157 1
99 101 1
99 102 1
99 103 1
99 104 1
99 110 1
99 111 1
99 112 1
99 113 1
99 114 1
99 121 1
99 122 1
99 124 1
99 125 1
99 126 1
99 128 1
99 129 1
99 130 1
99 131 1
99 132 1
99 134 1
99 142 1
99 143 1
99 144 1
99 145 1
99 147 1
99 148 1
99 149 1
99 150 1
99 152 1
99 153 1
99 154 1
99 155 1
99 156 1
99 157 1
100 101 1
100 102 1
100 103 1
100 104 1
100 111 1
100 113 1
100 114 1
100 122 1
100 123 1
100 124 1
100 125 1
100 127 1
100 128 1
100 129 1
100 130 1
100 134 1
100 143 1
100 144 1
100 147 1
100 148 1
100 149 1
100 150 1
100 151 1
100 153 1
100 154 1
100 156 1
100 157 1
101 110 1
101 111 1
101 112 1
101 113 1
101 114 1
101 121 1
101 122 1
101 123 1
101 124 1
101 125 1
101 126 1
101 127 1
101 128 1
101 129 1
101 132 1
101 133 1
101 134 1
101 143 1
101 144 1
101 147 1
101 149 1
101 150 1
101 152 1
101 154 1
101 155 1
101 156 1
101 157 1
102 103 1
102 114 1
102 122 1
102 123 1
102 125 1
102 127 1
102 128 1
102 129 1
102 131 1
102 134 1
102 143 1
102 145 1
102 146 1
102 147 1
102 148 1
102 150 1
102 151 1
102 152 1
102 153 1
102 154 1
102 155 1
102 156 1
102 157 1
103 110 1
103 111 1
103 112 1
103 113 1
103 114 1
103 121 1
103 122 1
103 123 1
103 126 1
103 127 1
103 129 1
103 130 1
103 131 1
103 132 1
103 133 1
103 134 1
103 144 1
103 145 1
103 146 1
103 147 1
103 149 1
103 150 1
103 151 1
103 153 1
103 154 1
103 155 1
103 156 1
104 110 1
104 111 1
104 112 1
104 113 1
104 122 1
104 124 1
104 125 1
104 126 1
104 127 1
104 128 1
104 129 1
104 130 1
104 132 1
104 133 1
104 134 1
104 142 1
104 143 1
104 144 1
104 145 1
104 146 1
104 148 1
104 149 1
104 150 1
104 151 1
104 152 1
104 153 1
104 154 1
104 155 1
105 107 1
105 108 1
105 117 1
105 119 1
105 166 1
105 167 1
105 168 1
105 170 1
106 107 1
106 108 1
106 109 1
106 115 1
106 116 1
106 117 1
106 118 1
106 119 1
106 120 1
106 165 1
106 167 1
106 168 1
106 170 1
106 171 1
106 172 1
107 116 1
107 117 1
107 119 1
107 165 1
107 166 1
107 167 1
107 168 1
107 169 1
107 172 1
108 116 1
108 117 1
108 118 1
108 119 1
108 165 1
108 166 1
108 167 1
108 168 1
108 169 1
108 170 1
108 171 1
108 172 1
109 115 1
109 116 1
109 117 1
109 165 1
109 166 1
109 168 1
109 169 1
109 170 1
109 171 1
109 172 1
110 111 1
110 158 1
110 160 1
110 161 1
110 162 1
110 163 1
110 164 1
111 112 1
111 158 1
111 159 1
111 160 1
111 161 1
111 162 1
111 164 1
112 113 1
112 158 1
112 159 1
112 160 1
112 162 1
112 163 1
112 164 1
113 159 1
113 163 1
113 164 1
114 158 1
114 159 1
114 160 1
114 161 1
114 162 1
114 164 1
115 116 1
115 149 1
115 150 1
115 151 1
115 152 1
115 153 1
115 155 1
115 156 1
115 165 1
115 166 1
115 167 1
115 168 1
115 169 1
115 170 1
115 171 1
115 172 1
116 117 1
116 150 1
116 154 1
116 155 1
116 156 1
116 157 1
116 165 1
116 166 1
116 167 1
116 168 1
116 169 1
116 170 1
116 171 1
116 172 1
117 118 1
117 120 1
117 149 1
117 152 1
117 153 1
117 154 1
117 155 1
117 156 1
117 157 1
117 166 1
117 167 1
117 168 1
117 169 1
117 170 1
117 171 1
117 172 1
118 119 1
118 149 1
118 150 1
118 152 1
118 153 1
118 154 1
118 165 1
118 166 1
118 167 1
118 168 1
118 169 1
119 120 1
119 149 1
119 151 1
119 152 1
119 154 1
119 156 1
119 157 1
119 165 1
119 166 1
119 167 1
119 168 1
120 149 1
120 150 1
120 151 1
120 152 1
120 153 1
120 154 1
120 155 1
120 156 1
120 157 1
120 165 1
120 166 1
120 168 1
120 169 1
120 170 1
120 171 1
120 172 1
121 122 1
121 123 1
121 159 1
121 160 1
121 161 1
121 163 1
121 164 1
122 123 1
122 158 1
122 159 1
122 160 1
122 161 1
122 162 1
122 163 1
122 164 1
123 124 1
123 158 1
123 160 1
123 162 1
123 163 1
123 164 1
124 125 1
124 160 1
124 161 1
124 163 1
125 159 1
125 161 1
125 162 1
125 163 1
125 164 1
126 142 1
126 143 1
126 144 1
126 146 1
126 147 1
126 148 1
126 151 1
126 152 1
126 153 1
126 157 1
126 173 1
126 175 1
126 176 1
126 177 1
127 128 1
127 133 1
127 142 1
127 143 1
127 144 1
127 145 1
127 146 1
127 147 1
127 149 1
127 152 1
127 153 1
127 155 1
127 156 1
127 157 1
127 173 1
127 175 1
127 176 1
127 177 1
127 178 1
128 129 1
128 142 1
128 144 1
128 145 1
128 146 1
128 148 1
128 149 1
128 150 1
128 152 1
128 154 1
128 155 1
128 156 1
128 157 1
128 173 1
128 174 1
128 176 1
128 177 1
128 178 1
129 130 1
129 133 1
129 142 1
129 143 1
129 145 1
129 146 1
129 148 1
129 149 1
129 150 1
129 151 1
129 152 1
129 153 1
129 154 1
129 156 1
129 173 1
129 174 1
129 175 1
129 176 1
129 177 1
129 178 1
130 142 1
130 143 1
130 144 1
130 145 1
130 146 1
130 147 1
130 148 1
130 149 1
130 150 1
130 151 1
130 153 1
130 156 1
130 157 1
130 173 1
130 174 1
130 175 1
130 176 1
130 177 1
130 178 1
131 132 1
131 142 1
131 145 1
131 146 1
131 147 1
131 149 1
131 150 1
131 151 1
131 152 1
131 154 1
131 155 1
131 157 1
131 173 1
131 176 1
131 177 1
131 178 1
132 133 1
132 142 1
132 143 1
132 144 1
132 145 1
132 146 1
132 147 1
132 148 1
132 151 1
132 152 1
132 154 1
132 155 1
132 156 1
132 174 1
132 175 1
132 176 1
132 177 1
132 178 1
133 134 1
133 142 1
133 143 1
133 145 1
133 146 1
133 148 1
133 149 1
133 150 1
133 152 1
133 154 1
133 155 1
133 156 1
133 173 1
133 174 1
133 175 1
134 142 1
134 143 1
134 144 1
134 146 1
134 147 1
134 149 1
134 150 1
134 151 1
134 153 1
134 154 1
134 155 1
134 156 1
134 157 1
134 174 1
134 176 1
134 177 1
134 178 1
135 136 1
135 138 1
135 141 1
135 143 1
135 144 1
135 146 1
135 147 1
135 148 1
136 137 1
136 142 1
136 143 1
136 146 1
136 147 1
137 138 1
137 140 1
137 144 1
137 145 1
137 146 1
137 147 1
137 148 1
138 139 1
138 141 1
138 143 1
138 144 1
138 145 1
138 146 1
138 147 1
138 148 1
139 140 1
139 142 1
139 145 1
139 146 1
139 148 1
140 141 1
140 143 1
140 144 1
140 145 1
140 146 1
141 142 1
141 144 1
141 145 1
141 146 1
141 147 1
141 148 1
142 158 1
142 159 1
142 160 1
142 162 1
142 163 1
143 146 1
143 158 1
143 159 1
143 160 1
143 161 1
143 162 1
143 163 1
143 164 1
144 159 1
144 160 1
144 162 1
144 163 1
144 164 1
145 158 1
145 160 1
145 162 1
145 163 1
145 164 1
146 158 1
146 159 1
146 161 1
146 164 1
147 158 1
147 159 1
147 160 1
147 161 1
147 162 1
147 163 1
147 164 1
148 158 1
148 159 1
148 160 1
148 161 1
148 162 1
149 155 1
149 166 1
149 167 1
149 169 1
149 170 1
149 171 1
150 156 1
150 165 1
150 167 1
150 169 1
150 170 1
150 171 1
150 172 1
151 166 1
151 168 1
151 169 1
151 170 1
151 171 1
152 166 1
152 170 1
152 171 1
153 155 1
153 165 1
153 167 1
153 168 1
153 169 1
153 170 1
153 171 1
153 172 1
154 165 1
154 166 1
154 167 1
154 169 1
154 170 1
154 171 1
154 172 1
155 166 1
155 167 1
155 168 1
155 169 1
155 170 1
155 171 1
155 172 1
156 165 1
156 166 1
156 168 1
156 169 1
156 171 1
156 172 1
157 166 1
157 167 1
157 168 1
157 169 1
157 171 1
158 174 1
158 175 1
158 176 1
158 177 1
159 173 1
159 174 1
159 175 1
159 177 1
159 178 1
160 173 1
160 174 1
160 176 1
161 163 1
161 173 1
161 174 1
161 175 1
161 176 1
161 177 1
161 178 1
162 163 1
162 173 1
162 175 1
163 174 1
163 175 1
163 177 1
163 178 1
164 173 1
164 174 1
164 175 1
164 176 1
165 169 1
166 171 1
167 171 1
170 172 1
176 178 1
